<?xml version="1.0" encoding="UTF-8"?>
<testsuites name="New Test Suite (1)" time="7379.491" tests="34" failures="26" errors="0">
   <testsuite name="New Test Suite (1)" tests="34" failures="26" errors="0" time="7379.491" timestamp="2020-09-02 11:31:59" hostname="user - NDS-LPT-0080" id="Test Suites/New Test Suite (1)">
      <properties>
         <property name="deviceName" value=""/>
         <property name="devicePlatform" value=""/>
         <property name="logFolder" value="D:\\poject\\goaml2\\Katalon\\GoAML\\Reports\\20200902_112954\\New Test Suite (1)\\20200902_112954"/>
         <property name="logFiles" value="D:\\poject\\goaml2\\Katalon\\GoAML\\Reports\\20200902_112954\\New Test Suite (1)\\20200902_112954\\execution0.log"/>
         <property name="attachments" value="D:\\poject\\goaml2\\Katalon\\GoAML\\Reports\\20200902_112954\\New Test Suite (1)\\20200902_112954/videos\\test_1.avi, D:\\poject\\goaml2\\Katalon\\GoAML\\Reports\\20200902_112954\\New Test Suite (1)\\20200902_112954/videos\\test_2.avi, D:\\poject\\goaml2\\Katalon\\GoAML\\Reports\\20200902_112954\\New Test Suite (1)\\20200902_112954/videos\\test_3.avi, D:\\poject\\goaml2\\Katalon\\GoAML\\Reports\\20200902_112954\\New Test Suite (1)\\20200902_112954/videos\\test_4.avi, D:\\poject\\goaml2\\Katalon\\GoAML\\Reports\\20200902_112954\\New Test Suite (1)\\20200902_112954/videos\\test_5.avi, D:\\poject\\goaml2\\Katalon\\GoAML\\Reports\\20200902_112954\\New Test Suite (1)\\20200902_112954/videos\\test_6.avi, D:\\poject\\goaml2\\Katalon\\GoAML\\Reports\\20200902_112954\\New Test Suite (1)\\20200902_112954\\1599025685302.png, D:\\poject\\goaml2\\Katalon\\GoAML\\Reports\\20200902_112954\\New Test Suite (1)\\20200902_112954/videos\\test_8.avi, D:\\poject\\goaml2\\Katalon\\GoAML\\Reports\\20200902_112954\\New Test Suite (1)\\20200902_112954/videos\\test_9.avi, D:\\poject\\goaml2\\Katalon\\GoAML\\Reports\\20200902_112954\\New Test Suite (1)\\20200902_112954\\1599027313849.png, D:\\poject\\goaml2\\Katalon\\GoAML\\Reports\\20200902_112954\\New Test Suite (1)\\20200902_112954\\1599027363504.png, D:\\poject\\goaml2\\Katalon\\GoAML\\Reports\\20200902_112954\\New Test Suite (1)\\20200902_112954\\1599027412789.png, D:\\poject\\goaml2\\Katalon\\GoAML\\Reports\\20200902_112954\\New Test Suite (1)\\20200902_112954\\1599027462542.png, D:\\poject\\goaml2\\Katalon\\GoAML\\Reports\\20200902_112954\\New Test Suite (1)\\20200902_112954\\1599027512030.png, D:\\poject\\goaml2\\Katalon\\GoAML\\Reports\\20200902_112954\\New Test Suite (1)\\20200902_112954\\1599027561093.png, D:\\poject\\goaml2\\Katalon\\GoAML\\Reports\\20200902_112954\\New Test Suite (1)\\20200902_112954\\1599027610672.png, D:\\poject\\goaml2\\Katalon\\GoAML\\Reports\\20200902_112954\\New Test Suite (1)\\20200902_112954\\1599027660240.png, D:\\poject\\goaml2\\Katalon\\GoAML\\Reports\\20200902_112954\\New Test Suite (1)\\20200902_112954\\1599027709930.png, D:\\poject\\goaml2\\Katalon\\GoAML\\Reports\\20200902_112954\\New Test Suite (1)\\20200902_112954\\1599027759373.png, D:\\poject\\goaml2\\Katalon\\GoAML\\Reports\\20200902_112954\\New Test Suite (1)\\20200902_112954\\1599027808748.png, D:\\poject\\goaml2\\Katalon\\GoAML\\Reports\\20200902_112954\\New Test Suite (1)\\20200902_112954\\1599027857882.png, D:\\poject\\goaml2\\Katalon\\GoAML\\Reports\\20200902_112954\\New Test Suite (1)\\20200902_112954\\1599027906993.png, D:\\poject\\goaml2\\Katalon\\GoAML\\Reports\\20200902_112954\\New Test Suite (1)\\20200902_112954\\1599027956525.png, D:\\poject\\goaml2\\Katalon\\GoAML\\Reports\\20200902_112954\\New Test Suite (1)\\20200902_112954\\1599028005352.png, D:\\poject\\goaml2\\Katalon\\GoAML\\Reports\\20200902_112954\\New Test Suite (1)\\20200902_112954\\1599028054509.png, D:\\poject\\goaml2\\Katalon\\GoAML\\Reports\\20200902_112954\\New Test Suite (1)\\20200902_112954\\1599028103532.png, D:\\poject\\goaml2\\Katalon\\GoAML\\Reports\\20200902_112954\\New Test Suite (1)\\20200902_112954\\1599028152907.png, D:\\poject\\goaml2\\Katalon\\GoAML\\Reports\\20200902_112954\\New Test Suite (1)\\20200902_112954\\1599028201949.png, D:\\poject\\goaml2\\Katalon\\GoAML\\Reports\\20200902_112954\\New Test Suite (1)\\20200902_112954\\1599028251121.png, D:\\poject\\goaml2\\Katalon\\GoAML\\Reports\\20200902_112954\\New Test Suite (1)\\20200902_112954\\1599028300143.png, D:\\poject\\goaml2\\Katalon\\GoAML\\Reports\\20200902_112954\\New Test Suite (1)\\20200902_112954\\1599028349191.png, D:\\poject\\goaml2\\Katalon\\GoAML\\Reports\\20200902_112954\\New Test Suite (1)\\20200902_112954\\1599028398235.png, D:\\poject\\goaml2\\Katalon\\GoAML\\Reports\\20200902_112954\\New Test Suite (1)\\20200902_112954\\1599028447237.png, D:\\poject\\goaml2\\Katalon\\GoAML\\Reports\\20200902_112954\\New Test Suite (1)\\20200902_112954\\1599028496343.png"/>
         <property name="hostName" value="user - NDS-LPT-0080"/>
         <property name="os" value="Windows 10 64bit"/>
         <property name="katalonVersion" value="7.2.1.1"/>
         <property name="browser" value="Chrome 84.0.4147.135"/>
         <property name="hostAddress" value="192.168.43.228"/>
         <property name="sessionId" value="64259a917d19861d80512711653e865c"/>
         <property name="seleniumVersion" value="3.141.59"/>
         <property name="proxyInformation" value="ProxyInformation{proxyOption=NO_PROXY, proxyServerType=HTTP, password=, proxyServerAddress=, proxyServerPort=0, executionList=}"/>
         <property name="platform" value="Windows 10"/>
      </properties>
      <testcase name="Test Cases/GoAML Report 1" time="830.924" classname="Test Cases/GoAML Report 1" status="PASSED">
         <system-out><![CDATA[2020-09-02 11:31:59 - [TEST_CASE][PASSED] - Test Cases/GoAML Report 1: Test Cases/GoAML Report 1

2020-09-02 11:32:01 - [TEST_STEP][PASSED] - openBrowser("http://goaml.southeastasia.cloudapp.azure.com/goaml/Default.aspx"): Browser is opened with url: 'http://goaml.southeastasia.cloudapp.azure.com/goaml/Default.aspx'

2020-09-02 11:32:02 - [MESSAGE][INFO] - Starting 'Chrome' driver

2020-09-02 11:32:02 - [MESSAGE][INFO] - User set preference: ['property', '']

2020-09-02 11:32:02 - [MESSAGE][INFO] - Action delay is set to 0 seconds

2020-09-02 11:32:17 - [MESSAGE][PASSED] - Browser is opened with url: 'http://goaml.southeastasia.cloudapp.azure.com/goaml/Default.aspx'

2020-09-02 11:32:17 - [TEST_STEP][PASSED] - maximizeWindow(): Current window maximized

2020-09-02 11:32:19 - [MESSAGE][PASSED] - Current window maximized

2020-09-02 11:32:19 - [TEST_STEP][PASSED] - setText(findTestObject("All/UserName"), "anggi1"): Text 'anggi1' is set on object 'Object Repository/All/UserName'

2020-09-02 11:32:20 - [MESSAGE][PASSED] - Text 'anggi1' is set on object 'Object Repository/All/UserName'

2020-09-02 11:32:20 - [TEST_STEP][PASSED] - setEncryptedText(findTestObject("All/password"), "iFGeFYmXIrWy72D5I5E8Dw=="): Text ****** has been set on object 'Object Repository/All/password'

2020-09-02 11:32:21 - [MESSAGE][PASSED] - Text ****** has been set on object 'Object Repository/All/password'

2020-09-02 11:32:21 - [TEST_STEP][PASSED] - click(findTestObject("All/Sign In")): Object: 'Object Repository/All/Sign In' is clicked on

2020-09-02 11:32:24 - [MESSAGE][PASSED] - Object: 'Object Repository/All/Sign In' is clicked on

2020-09-02 11:32:24 - [TEST_STEP][PASSED] - delay(3): Delayed 3 second(s)

2020-09-02 11:32:27 - [MESSAGE][PASSED] - Delayed 3 second(s)

2020-09-02 11:32:27 - [TEST_STEP][PASSED] - setText(findTestObject("All/filter"), "Report"): Text 'Report' is set on object 'Object Repository/All/filter'

2020-09-02 11:32:28 - [MESSAGE][PASSED] - Text 'Report' is set on object 'Object Repository/All/filter'

2020-09-02 11:32:28 - [TEST_STEP][PASSED] - delay(1): Delayed 1 second(s)

2020-09-02 11:32:29 - [MESSAGE][PASSED] - Delayed 1 second(s)

2020-09-02 11:32:29 - [TEST_STEP][PASSED] - scrollToElement(findTestObject("GoAmlReport/View"), 3): Scroll to object 'Object Repository/GoAmlReport/View' successfully

2020-09-02 11:32:29 - [MESSAGE][PASSED] - Scroll to object 'Object Repository/GoAmlReport/View' successfully

2020-09-02 11:32:29 - [TEST_STEP][PASSED] - click(findTestObject("GoAmlReport/View")): Object: 'Object Repository/GoAmlReport/View' is clicked on

2020-09-02 11:32:29 - [MESSAGE][PASSED] - Object: 'Object Repository/GoAmlReport/View' is clicked on

2020-09-02 11:32:29 - [TEST_STEP][PASSED] - delay(3): Delayed 3 second(s)

2020-09-02 11:32:32 - [MESSAGE][PASSED] - Delayed 3 second(s)

2020-09-02 11:32:32 - [TEST_STEP][PASSED] - click(findTestObject("All/New Record")): Object: 'Object Repository/All/New Record' is clicked on

2020-09-02 11:34:02 - [MESSAGE][PASSED] - Object: 'Object Repository/All/New Record' is clicked on

2020-09-02 11:34:02 - [TEST_STEP][PASSED] - callTestCase(findTestCase("GoAML Report 2"), [:], STOP_ON_FAILURE): Call Test Case 'Test Cases/GoAML Report 2' successfully

2020-09-02 11:34:02 - [TEST_CASE][PASSED] - Test Cases/GoAML Report 2: Test Cases/GoAML Report 2

2020-09-02 11:34:03 - [TEST_STEP][PASSED] - for ([rowNum = 1, rowNum <= findTestData("GoAMLReport/General Information").getRowNumbers(), (rowNum++)]): Object: 'Object Repository/GoAmlReport/save indikator' is clicked on

2020-09-02 11:34:05 - [TEST_STEP][PASSED] - delay(90): Delayed 90 second(s)

2020-09-02 11:35:35 - [MESSAGE][PASSED] - Delayed 90 second(s)

2020-09-02 11:35:35 - [TEST_STEP][PASSED] - click(findTestObject("GoAmlReport/01 General Information/01 Jenis Laporan"), STOP_ON_FAILURE): Object: 'Object Repository/GoAmlReport/01 General Information/01 Jenis Laporan' is clicked on

2020-09-02 11:35:36 - [MESSAGE][PASSED] - Object: 'Object Repository/GoAmlReport/01 General Information/01 Jenis Laporan' is clicked on

2020-09-02 11:35:36 - [TEST_STEP][PASSED] - delay(20): Delayed 20 second(s)

2020-09-02 11:35:56 - [MESSAGE][PASSED] - Delayed 20 second(s)

2020-09-02 11:35:56 - [TEST_STEP][PASSED] - if (findTestData("GoAMLReport/General Information").getValue(1, rowNum) == "LAPT - LTKM"): null

2020-09-02 11:35:56 - [TEST_STEP][PASSED] - if (findTestData("GoAMLReport/General Information").getValue(1, rowNum) == "LTKM - LTKM"): null

2020-09-02 11:35:57 - [TEST_STEP][PASSED] - click(findTestObject("GoAmlReport/01 General Information/Isi Jenis Laporan/2 LTKM - LTKM")): Object: 'Object Repository/GoAmlReport/01 General Information/Isi Jenis Laporan/2 LTKM - LTKM' is clicked on

2020-09-02 11:35:57 - [MESSAGE][PASSED] - Object: 'Object Repository/GoAmlReport/01 General Information/Isi Jenis Laporan/2 LTKM - LTKM' is clicked on

2020-09-02 11:35:57 - [TEST_STEP][PASSED] - if (findTestData("GoAMLReport/General Information").getValue(4, rowNum) == "CaseManagement ID"): Keys 'ENTER + ' sent to object: 'Object Repository/GoAmlReport/01 General Information/05 Type Report'

2020-09-02 11:35:57 - [TEST_STEP][PASSED] - setText(findTestObject("GoAmlReport/01 General Information/05 Type Report"), "transaksi unik"): Text 'transaksi unik' is set on object 'Object Repository/GoAmlReport/01 General Information/05 Type Report'

2020-09-02 11:35:59 - [MESSAGE][PASSED] - Text 'transaksi unik' is set on object 'Object Repository/GoAmlReport/01 General Information/05 Type Report'

2020-09-02 11:35:59 - [TEST_STEP][PASSED] - delay(10): Delayed 10 second(s)

2020-09-02 11:36:09 - [MESSAGE][PASSED] - Delayed 10 second(s)

2020-09-02 11:36:09 - [TEST_STEP][PASSED] - sendKeys(findTestObject("GoAmlReport/01 General Information/05 Type Report"), Keys.chord(ENTER)): Keys 'ENTER + ' sent to object: 'Object Repository/GoAmlReport/01 General Information/05 Type Report'

2020-09-02 11:36:09 - [MESSAGE][PASSED] - Keys 'ENTER + ' sent to object: 'Object Repository/GoAmlReport/01 General Information/05 Type Report'

2020-09-02 11:36:09 - [TEST_STEP][PASSED] - if (findTestData("GoAMLReport/General Information").getValue(4, rowNum) == "CIF"): null

2020-09-02 11:36:09 - [TEST_STEP][PASSED] - if (findTestData("GoAMLReport/General Information").getValue(1, rowNum) == "LTKMH - LTKM"): null

2020-09-02 11:36:09 - [TEST_STEP][PASSED] - if (findTestData("GoAMLReport/General Information").getValue(1, rowNum) == "LTKMP - LTKM"): null

2020-09-02 11:36:09 - [TEST_STEP][PASSED] - if (findTestData("GoAMLReport/General Information").getValue(1, rowNum) == "LTKMT - LTKM"): null

2020-09-02 11:36:09 - [TEST_STEP][PASSED] - if (findTestData("GoAMLReport/General Information").getValue(1, rowNum) == "LTKTK - LTKT"): null

2020-09-02 11:36:10 - [TEST_STEP][PASSED] - if (findTestData("GoAMLReport/General Information").getValue(1, rowNum) == "LTKTM - LTKT"): null

2020-09-02 11:36:10 - [TEST_STEP][PASSED] - if (findTestData("GoAMLReport/General Information").getValue(1, rowNum) == "TKLIB - LTKL"): null

2020-09-02 11:36:10 - [TEST_STEP][PASSED] - if (findTestData("GoAMLReport/General Information").getValue(1, rowNum) == "TKLOB - LTKL"): null

2020-09-02 11:36:10 - [TEST_STEP][PASSED] - setText(findTestObject("GoAmlReport/01 General Information/02 Tgl Laporan"), findTestData("GoAMLReport/General Information").getValue(3, 1)): Text '26-May-99' is set on object 'Object Repository/GoAmlReport/01 General Information/02 Tgl Laporan'

2020-09-02 11:36:11 - [MESSAGE][PASSED] - Text '26-May-99' is set on object 'Object Repository/GoAmlReport/01 General Information/02 Tgl Laporan'

2020-09-02 11:36:11 - [TEST_STEP][PASSED] - setText(findTestObject("GoAmlReport/01 General Information/03 Alasan"), "No Reason"): Text 'No Reason' is set on object 'Object Repository/GoAmlReport/01 General Information/03 Alasan'

2020-09-02 11:36:12 - [MESSAGE][PASSED] - Text 'No Reason' is set on object 'Object Repository/GoAmlReport/01 General Information/03 Alasan'

2020-09-02 11:36:12 - [TEST_STEP][PASSED] - setText(findTestObject("GoAmlReport/01 General Information/04 Tidakan Pelapor"), "Tidak Bertindak"): Text 'Tidak Bertindak' is set on object 'Object Repository/GoAmlReport/01 General Information/04 Tidakan Pelapor'

2020-09-02 11:36:13 - [MESSAGE][PASSED] - Text 'Tidak Bertindak' is set on object 'Object Repository/GoAmlReport/01 General Information/04 Tidakan Pelapor'

2020-09-02 11:36:13 - [TEST_STEP][PASSED] - setText(findTestObject("GoAmlReport/01 General Information/06 No Value Report"), "Testing Anggi 2906"): Text 'Testing Anggi 2906' is set on object 'Object Repository/GoAmlReport/01 General Information/06 No Value Report'

2020-09-02 11:36:15 - [MESSAGE][PASSED] - Text 'Testing Anggi 2906' is set on object 'Object Repository/GoAmlReport/01 General Information/06 No Value Report'

2020-09-02 11:36:15 - [TEST_STEP][PASSED] - if (findTestData("GoAMLReport/General Information").getValue(6, rowNum) == "true"): Object: 'Object Repository/GoAmlReport/save indikator' is clicked on

2020-09-02 11:36:15 - [TEST_STEP][PASSED] - click(findTestObject("GoAmlReport/Indikator")): Object: 'Object Repository/GoAmlReport/Indikator' is clicked on

2020-09-02 11:36:15 - [MESSAGE][PASSED] - Object: 'Object Repository/GoAmlReport/Indikator' is clicked on

2020-09-02 11:36:15 - [TEST_STEP][PASSED] - delay(5): Delayed 5 second(s)

2020-09-02 11:36:20 - [MESSAGE][PASSED] - Delayed 5 second(s)

2020-09-02 11:36:20 - [TEST_STEP][PASSED] - setText(findTestObject("GoAmlReport/Indikator 2"), findTestData("GoAMLReport/General Information").getValue(7, rowNum)): Text 'Korupsi' is set on object 'Object Repository/GoAmlReport/Indikator 2'

2020-09-02 11:36:22 - [MESSAGE][PASSED] - Text 'Korupsi' is set on object 'Object Repository/GoAmlReport/Indikator 2'

2020-09-02 11:36:22 - [TEST_STEP][PASSED] - delay(3): Delayed 3 second(s)

2020-09-02 11:36:25 - [MESSAGE][PASSED] - Delayed 3 second(s)

2020-09-02 11:36:25 - [TEST_STEP][PASSED] - sendKeys(findTestObject("GoAmlReport/Indikator 2"), Keys.chord(ENTER)): Keys 'ENTER + ' sent to object: 'Object Repository/GoAmlReport/Indikator 2'

2020-09-02 11:36:25 - [MESSAGE][PASSED] - Keys 'ENTER + ' sent to object: 'Object Repository/GoAmlReport/Indikator 2'

2020-09-02 11:36:25 - [TEST_STEP][PASSED] - delay(2): Delayed 2 second(s)

2020-09-02 11:36:27 - [MESSAGE][PASSED] - Delayed 2 second(s)

2020-09-02 11:36:27 - [TEST_STEP][PASSED] - click(findTestObject("GoAmlReport/save indikator")): Object: 'Object Repository/GoAmlReport/save indikator' is clicked on

2020-09-02 11:36:28 - [MESSAGE][PASSED] - Object: 'Object Repository/GoAmlReport/save indikator' is clicked on

2020-09-02 11:36:28 - [MESSAGE][PASSED] - Call Test Case 'Test Cases/GoAML Report 2' successfully

2020-09-02 11:36:28 - [TEST_STEP][PASSED] - callTestCase(findTestCase("GoAML Report 3"), [:], STOP_ON_FAILURE): Call Test Case 'Test Cases/GoAML Report 3' successfully

2020-09-02 11:36:28 - [TEST_CASE][PASSED] - Test Cases/GoAML Report 3: Test Cases/GoAML Report 3

2020-09-02 11:36:29 - [TEST_STEP][PASSED] - for ([rowNum = 1, rowNum <= findTestData("GoAMLReport/Transaksi").getRowNumbers(), (rowNum++)]): Keys 'ENTER + ' sent to object: 'Object Repository/GoAmlReport/02 Transaksi/11 Type Trx'

2020-09-02 11:36:29 - [TEST_STEP][PASSED] - delay(6): Delayed 6 second(s)

2020-09-02 11:36:35 - [MESSAGE][PASSED] - Delayed 6 second(s)

2020-09-02 11:36:35 - [TEST_STEP][PASSED] - if (findTestData("GoAMLReport/Transaksi").getValue(1, rowNum) == "true"): Keys 'ENTER + ' sent to object: 'Object Repository/GoAmlReport/02 Transaksi/11 Type Trx'

2020-09-02 11:36:35 - [TEST_STEP][PASSED] - click(findTestObject("GoAmlReport/01 General Information/07 Tambah Transaksi")): Object: 'Object Repository/GoAmlReport/01 General Information/07 Tambah Transaksi' is clicked on

2020-09-02 11:36:35 - [MESSAGE][PASSED] - Object: 'Object Repository/GoAmlReport/01 General Information/07 Tambah Transaksi' is clicked on

2020-09-02 11:36:35 - [TEST_STEP][PASSED] - delay(6): Delayed 6 second(s)

2020-09-02 11:36:41 - [MESSAGE][PASSED] - Delayed 6 second(s)

2020-09-02 11:36:41 - [TEST_STEP][PASSED] - setText(findTestObject("GoAmlReport/Nomor Transaksi"), findTestData("GoAMLReport/Transaksi").getValue(12, rowNum)): Text '999' is set on object 'Object Repository/GoAmlReport/Nomor Transaksi'

2020-09-02 11:36:42 - [MESSAGE][PASSED] - Text '999' is set on object 'Object Repository/GoAmlReport/Nomor Transaksi'

2020-09-02 11:36:42 - [TEST_STEP][PASSED] - setText(findTestObject("GoAmlReport/02 Transaksi/01 No Ref Transaksi"), "12133746"): Text '12133746' is set on object 'Object Repository/GoAmlReport/02 Transaksi/01 No Ref Transaksi'

2020-09-02 11:36:43 - [MESSAGE][PASSED] - Text '12133746' is set on object 'Object Repository/GoAmlReport/02 Transaksi/01 No Ref Transaksi'

2020-09-02 11:36:43 - [TEST_STEP][PASSED] - setText(findTestObject("GoAmlReport/02 Transaksi/02 Lokasi Transaksi"), "Jakarta"): Text 'Jakarta' is set on object 'Object Repository/GoAmlReport/02 Transaksi/02 Lokasi Transaksi'

2020-09-02 11:36:44 - [MESSAGE][PASSED] - Text 'Jakarta' is set on object 'Object Repository/GoAmlReport/02 Transaksi/02 Lokasi Transaksi'

2020-09-02 11:36:44 - [TEST_STEP][PASSED] - setText(findTestObject("GoAmlReport/02 Transaksi/03 Keterangan Transaksi"), "Noted"): Text 'Noted' is set on object 'Object Repository/GoAmlReport/02 Transaksi/03 Keterangan Transaksi'

2020-09-02 11:36:44 - [MESSAGE][PASSED] - Text 'Noted' is set on object 'Object Repository/GoAmlReport/02 Transaksi/03 Keterangan Transaksi'

2020-09-02 11:36:44 - [TEST_STEP][PASSED] - setText(findTestObject("GoAmlReport/02 Transaksi/04 Tgl Transaksi"), findTestData("GoAMLReport/Transaksi").getValue(2, rowNum)): Text '27-May-99' is set on object 'Object Repository/GoAmlReport/02 Transaksi/04 Tgl Transaksi'

2020-09-02 11:36:45 - [MESSAGE][PASSED] - Text '27-May-99' is set on object 'Object Repository/GoAmlReport/02 Transaksi/04 Tgl Transaksi'

2020-09-02 11:36:45 - [TEST_STEP][PASSED] - setText(findTestObject("GoAmlReport/02 Transaksi/05 Nama Teller"), "Miss Teller"): Text 'Miss Teller' is set on object 'Object Repository/GoAmlReport/02 Transaksi/05 Nama Teller'

2020-09-02 11:36:46 - [MESSAGE][PASSED] - Text 'Miss Teller' is set on object 'Object Repository/GoAmlReport/02 Transaksi/05 Nama Teller'

2020-09-02 11:36:46 - [TEST_STEP][PASSED] - setText(findTestObject("GoAmlReport/02 Transaksi/06 Nama Pejabat"), "Mr Pejabat"): Text 'Mr Pejabat' is set on object 'Object Repository/GoAmlReport/02 Transaksi/06 Nama Pejabat'

2020-09-02 11:36:46 - [MESSAGE][PASSED] - Text 'Mr Pejabat' is set on object 'Object Repository/GoAmlReport/02 Transaksi/06 Nama Pejabat'

2020-09-02 11:36:46 - [TEST_STEP][PASSED] - setText(findTestObject("GoAmlReport/02 Transaksi/07 Tgl Pembukuan"), "01-May-20"): Text '01-May-20' is set on object 'Object Repository/GoAmlReport/02 Transaksi/07 Tgl Pembukuan'

2020-09-02 11:36:47 - [MESSAGE][PASSED] - Text '01-May-20' is set on object 'Object Repository/GoAmlReport/02 Transaksi/07 Tgl Pembukuan'

2020-09-02 11:36:47 - [TEST_STEP][PASSED] - delay(3): Delayed 3 second(s)

2020-09-02 11:36:50 - [MESSAGE][PASSED] - Delayed 3 second(s)

2020-09-02 11:36:50 - [TEST_STEP][PASSED] - sendKeys(findTestObject("GoAmlReport/02 Transaksi/07 Tgl Pembukuan"), Keys.chord(ENTER)): Keys 'ENTER + ' sent to object: 'Object Repository/GoAmlReport/02 Transaksi/07 Tgl Pembukuan'

2020-09-02 11:36:51 - [MESSAGE][PASSED] - Keys 'ENTER + ' sent to object: 'Object Repository/GoAmlReport/02 Transaksi/07 Tgl Pembukuan'

2020-09-02 11:36:51 - [TEST_STEP][PASSED] - scrollToElement(findTestObject("GoAmlReport/02 Transaksi/08 Cara Trx Dilakukan"), 3): Scroll to object 'Object Repository/GoAmlReport/02 Transaksi/08 Cara Trx Dilakukan' successfully

2020-09-02 11:36:51 - [MESSAGE][PASSED] - Scroll to object 'Object Repository/GoAmlReport/02 Transaksi/08 Cara Trx Dilakukan' successfully

2020-09-02 11:36:51 - [TEST_STEP][PASSED] - setText(findTestObject("GoAmlReport/02 Transaksi/08 Cara Trx Dilakukan"), findTestData("GoAMLReport/Transaksi").getValue(3, rowNum)): Text 'KRM-Pengiriman Uang' is set on object 'Object Repository/GoAmlReport/02 Transaksi/08 Cara Trx Dilakukan'

2020-09-02 11:36:52 - [MESSAGE][PASSED] - Text 'KRM-Pengiriman Uang' is set on object 'Object Repository/GoAmlReport/02 Transaksi/08 Cara Trx Dilakukan'

2020-09-02 11:36:52 - [TEST_STEP][PASSED] - delay(3): Delayed 3 second(s)

2020-09-02 11:36:55 - [MESSAGE][PASSED] - Delayed 3 second(s)

2020-09-02 11:36:55 - [TEST_STEP][PASSED] - sendKeys(findTestObject("GoAmlReport/02 Transaksi/08 Cara Trx Dilakukan"), Keys.chord(ENTER)): Keys 'ENTER + ' sent to object: 'Object Repository/GoAmlReport/02 Transaksi/08 Cara Trx Dilakukan'

2020-09-02 11:36:55 - [MESSAGE][PASSED] - Keys 'ENTER + ' sent to object: 'Object Repository/GoAmlReport/02 Transaksi/08 Cara Trx Dilakukan'

2020-09-02 11:36:55 - [TEST_STEP][PASSED] - scrollToElement(findTestObject("GoAmlReport/02 Transaksi/09 Cara Trx Lain"), 3): Scroll to object 'Object Repository/GoAmlReport/02 Transaksi/09 Cara Trx Lain' successfully

2020-09-02 11:36:56 - [MESSAGE][PASSED] - Scroll to object 'Object Repository/GoAmlReport/02 Transaksi/09 Cara Trx Lain' successfully

2020-09-02 11:36:56 - [TEST_STEP][PASSED] - setText(findTestObject("GoAmlReport/02 Transaksi/09 Cara Trx Lain"), "Tidak-Ada"): Text 'Tidak-Ada' is set on object 'Object Repository/GoAmlReport/02 Transaksi/09 Cara Trx Lain'

2020-09-02 11:36:57 - [MESSAGE][PASSED] - Text 'Tidak-Ada' is set on object 'Object Repository/GoAmlReport/02 Transaksi/09 Cara Trx Lain'

2020-09-02 11:36:57 - [TEST_STEP][PASSED] - scrollToElement(findTestObject("GoAmlReport/02 Transaksi/10 Nilai Trx (IDR)"), 3): Scroll to object 'Object Repository/GoAmlReport/02 Transaksi/10 Nilai Trx (IDR)' successfully

2020-09-02 11:36:57 - [MESSAGE][PASSED] - Scroll to object 'Object Repository/GoAmlReport/02 Transaksi/10 Nilai Trx (IDR)' successfully

2020-09-02 11:36:57 - [TEST_STEP][PASSED] - setText(findTestObject("GoAmlReport/02 Transaksi/10 Nilai Trx (IDR)"), findTestData("GoAMLReport/Transaksi").getValue(4, rowNum)): Text '500000000' is set on object 'Object Repository/GoAmlReport/02 Transaksi/10 Nilai Trx (IDR)'

2020-09-02 11:36:58 - [MESSAGE][PASSED] - Text '500000000' is set on object 'Object Repository/GoAmlReport/02 Transaksi/10 Nilai Trx (IDR)'

2020-09-02 11:36:58 - [TEST_STEP][PASSED] - setText(findTestObject("GoAmlReport/02 Transaksi/11 Type Trx"), findTestData("GoAMLReport/Transaksi").getValue(5, rowNum)): Text 'Bi-Party' is set on object 'Object Repository/GoAmlReport/02 Transaksi/11 Type Trx'

2020-09-02 11:36:59 - [MESSAGE][PASSED] - Text 'Bi-Party' is set on object 'Object Repository/GoAmlReport/02 Transaksi/11 Type Trx'

2020-09-02 11:36:59 - [TEST_STEP][PASSED] - delay(3): Delayed 3 second(s)

2020-09-02 11:37:02 - [MESSAGE][PASSED] - Delayed 3 second(s)

2020-09-02 11:37:02 - [TEST_STEP][PASSED] - sendKeys(findTestObject("GoAmlReport/02 Transaksi/11 Type Trx"), Keys.chord(ENTER)): Keys 'ENTER + ' sent to object: 'Object Repository/GoAmlReport/02 Transaksi/11 Type Trx'

2020-09-02 11:37:02 - [MESSAGE][PASSED] - Keys 'ENTER + ' sent to object: 'Object Repository/GoAmlReport/02 Transaksi/11 Type Trx'

2020-09-02 11:37:02 - [MESSAGE][PASSED] - Call Test Case 'Test Cases/GoAML Report 3' successfully

2020-09-02 11:37:02 - [TEST_STEP][PASSED] - callTestCase(findTestCase("Identitas Orang Mewakili Transaksi"), [:], STOP_ON_FAILURE): Call Test Case 'Test Cases/Identitas Orang Mewakili Transaksi' successfully

2020-09-02 11:37:02 - [TEST_CASE][PASSED] - Test Cases/Identitas Orang Mewakili Transaksi: Test Cases/Identitas Orang Mewakili Transaksi

2020-09-02 11:37:03 - [TEST_STEP][PASSED] - for ([rowNum = 1, rowNum <= findTestData("GoAMLReport/Transaksi").getRowNumbers(), (rowNum++)]): Object: 'Object Repository/GoAmlReport/08 Identitas Orang Mewakili Transaksi/07/08 Save' is clicked on

2020-09-02 11:37:03 - [TEST_STEP][PASSED] - delay(6): Delayed 6 second(s)

2020-09-02 11:37:09 - [MESSAGE][PASSED] - Delayed 6 second(s)

2020-09-02 11:37:09 - [TEST_STEP][PASSED] - if (findTestData("GoAMLReport/Transaksi").getValue(13, rowNum) == "true"): Object: 'Object Repository/GoAmlReport/08 Identitas Orang Mewakili Transaksi/07/08 Save' is clicked on

2020-09-02 11:37:09 - [TEST_STEP][PASSED] - click(findTestObject("GoAmlReport/08 Identitas Orang Mewakili Transaksi/01/01 Yes")): Object: 'Object Repository/GoAmlReport/08 Identitas Orang Mewakili Transaksi/01/01 Yes' is clicked on

2020-09-02 11:37:10 - [MESSAGE][PASSED] - Object: 'Object Repository/GoAmlReport/08 Identitas Orang Mewakili Transaksi/01/01 Yes' is clicked on

2020-09-02 11:37:10 - [TEST_STEP][PASSED] - delay(8): Delayed 8 second(s)

2020-09-02 11:37:18 - [MESSAGE][PASSED] - Delayed 8 second(s)

2020-09-02 11:37:18 - [TEST_STEP][PASSED] - setText(findTestObject("GoAmlReport/08 Identitas Orang Mewakili Transaksi/01/02 Jenis Kelamin"), "F - Female"): Text 'F - Female' is set on object 'Object Repository/GoAmlReport/08 Identitas Orang Mewakili Transaksi/01/02 Jenis Kelamin'

2020-09-02 11:37:19 - [MESSAGE][PASSED] - Text 'F - Female' is set on object 'Object Repository/GoAmlReport/08 Identitas Orang Mewakili Transaksi/01/02 Jenis Kelamin'

2020-09-02 11:37:19 - [TEST_STEP][PASSED] - delay(3): Delayed 3 second(s)

2020-09-02 11:37:22 - [MESSAGE][PASSED] - Delayed 3 second(s)

2020-09-02 11:37:22 - [TEST_STEP][PASSED] - sendKeys(findTestObject("GoAmlReport/08 Identitas Orang Mewakili Transaksi/01/02 Jenis Kelamin"), Keys.chord(ENTER)): Keys 'ENTER + ' sent to object: 'Object Repository/GoAmlReport/08 Identitas Orang Mewakili Transaksi/01/02 Jenis Kelamin'

2020-09-02 11:37:22 - [MESSAGE][PASSED] - Keys 'ENTER + ' sent to object: 'Object Repository/GoAmlReport/08 Identitas Orang Mewakili Transaksi/01/02 Jenis Kelamin'

2020-09-02 11:37:22 - [TEST_STEP][PASSED] - setText(findTestObject("GoAmlReport/08 Identitas Orang Mewakili Transaksi/01/03 Gelar"), "Missfortune"): Text 'Missfortune' is set on object 'Object Repository/GoAmlReport/08 Identitas Orang Mewakili Transaksi/01/03 Gelar'

2020-09-02 11:37:23 - [MESSAGE][PASSED] - Text 'Missfortune' is set on object 'Object Repository/GoAmlReport/08 Identitas Orang Mewakili Transaksi/01/03 Gelar'

2020-09-02 11:37:23 - [TEST_STEP][PASSED] - setText(findTestObject("GoAmlReport/08 Identitas Orang Mewakili Transaksi/01/04 Nama Lengkap"), "Anggi Firmansah"): Text 'Anggi Firmansah' is set on object 'Object Repository/GoAmlReport/08 Identitas Orang Mewakili Transaksi/01/04 Nama Lengkap'

2020-09-02 11:37:24 - [MESSAGE][PASSED] - Text 'Anggi Firmansah' is set on object 'Object Repository/GoAmlReport/08 Identitas Orang Mewakili Transaksi/01/04 Nama Lengkap'

2020-09-02 11:37:24 - [TEST_STEP][PASSED] - setText(findTestObject("GoAmlReport/08 Identitas Orang Mewakili Transaksi/01/05 Tanggl Lahir"), "13-Mar-93"): Text '13-Mar-93' is set on object 'Object Repository/GoAmlReport/08 Identitas Orang Mewakili Transaksi/01/05 Tanggl Lahir'

2020-09-02 11:37:25 - [MESSAGE][PASSED] - Text '13-Mar-93' is set on object 'Object Repository/GoAmlReport/08 Identitas Orang Mewakili Transaksi/01/05 Tanggl Lahir'

2020-09-02 11:37:25 - [TEST_STEP][PASSED] - delay(3): Delayed 3 second(s)

2020-09-02 11:37:28 - [MESSAGE][PASSED] - Delayed 3 second(s)

2020-09-02 11:37:28 - [TEST_STEP][PASSED] - sendKeys(findTestObject("GoAmlReport/08 Identitas Orang Mewakili Transaksi/01/05 Tanggl Lahir"), Keys.chord(ENTER)): Keys 'ENTER + ' sent to object: 'Object Repository/GoAmlReport/08 Identitas Orang Mewakili Transaksi/01/05 Tanggl Lahir'

2020-09-02 11:37:28 - [MESSAGE][PASSED] - Keys 'ENTER + ' sent to object: 'Object Repository/GoAmlReport/08 Identitas Orang Mewakili Transaksi/01/05 Tanggl Lahir'

2020-09-02 11:37:28 - [TEST_STEP][PASSED] - setText(findTestObject("GoAmlReport/08 Identitas Orang Mewakili Transaksi/01/06 Tempat Lahir"), "Jakarta"): Text 'Jakarta' is set on object 'Object Repository/GoAmlReport/08 Identitas Orang Mewakili Transaksi/01/06 Tempat Lahir'

2020-09-02 11:37:29 - [MESSAGE][PASSED] - Text 'Jakarta' is set on object 'Object Repository/GoAmlReport/08 Identitas Orang Mewakili Transaksi/01/06 Tempat Lahir'

2020-09-02 11:37:29 - [TEST_STEP][PASSED] - setText(findTestObject("GoAmlReport/08 Identitas Orang Mewakili Transaksi/01/07 Nama Ibu Kandung"), "Ibu"): Text 'Ibu' is set on object 'Object Repository/GoAmlReport/08 Identitas Orang Mewakili Transaksi/01/07 Nama Ibu Kandung'

2020-09-02 11:37:29 - [MESSAGE][PASSED] - Text 'Ibu' is set on object 'Object Repository/GoAmlReport/08 Identitas Orang Mewakili Transaksi/01/07 Nama Ibu Kandung'

2020-09-02 11:37:29 - [TEST_STEP][PASSED] - setText(findTestObject("GoAmlReport/08 Identitas Orang Mewakili Transaksi/01/09 NIK"), "31333"): Text '31333' is set on object 'Object Repository/GoAmlReport/08 Identitas Orang Mewakili Transaksi/01/09 NIK'

2020-09-02 11:37:30 - [MESSAGE][PASSED] - Text '31333' is set on object 'Object Repository/GoAmlReport/08 Identitas Orang Mewakili Transaksi/01/09 NIK'

2020-09-02 11:37:30 - [TEST_STEP][PASSED] - setText(findTestObject("GoAmlReport/08 Identitas Orang Mewakili Transaksi/01/10 No Passpor"), "123444"): Text '123444' is set on object 'Object Repository/GoAmlReport/08 Identitas Orang Mewakili Transaksi/01/10 No Passpor'

2020-09-02 11:37:31 - [MESSAGE][PASSED] - Text '123444' is set on object 'Object Repository/GoAmlReport/08 Identitas Orang Mewakili Transaksi/01/10 No Passpor'

2020-09-02 11:37:31 - [TEST_STEP][PASSED] - setText(findTestObject("GoAmlReport/08 Identitas Orang Mewakili Transaksi/01/11 Negara Penerbit Paspor"), "Indonesia"): Text 'Indonesia' is set on object 'Object Repository/GoAmlReport/08 Identitas Orang Mewakili Transaksi/01/11 Negara Penerbit Paspor'

2020-09-02 11:37:32 - [MESSAGE][PASSED] - Text 'Indonesia' is set on object 'Object Repository/GoAmlReport/08 Identitas Orang Mewakili Transaksi/01/11 Negara Penerbit Paspor'

2020-09-02 11:37:32 - [TEST_STEP][PASSED] - delay(3): Delayed 3 second(s)

2020-09-02 11:37:35 - [MESSAGE][PASSED] - Delayed 3 second(s)

2020-09-02 11:37:35 - [TEST_STEP][PASSED] - sendKeys(findTestObject("GoAmlReport/08 Identitas Orang Mewakili Transaksi/01/11 Negara Penerbit Paspor"), Keys.chord(ENTER)): Keys 'ENTER + ' sent to object: 'Object Repository/GoAmlReport/08 Identitas Orang Mewakili Transaksi/01/11 Negara Penerbit Paspor'

2020-09-02 11:37:35 - [MESSAGE][PASSED] - Keys 'ENTER + ' sent to object: 'Object Repository/GoAmlReport/08 Identitas Orang Mewakili Transaksi/01/11 Negara Penerbit Paspor'

2020-09-02 11:37:35 - [TEST_STEP][PASSED] - setText(findTestObject("GoAmlReport/08 Identitas Orang Mewakili Transaksi/01/12 No Identitas Lain"), "555555555"): Text '555555555' is set on object 'Object Repository/GoAmlReport/08 Identitas Orang Mewakili Transaksi/01/12 No Identitas Lain'

2020-09-02 11:37:36 - [MESSAGE][PASSED] - Text '555555555' is set on object 'Object Repository/GoAmlReport/08 Identitas Orang Mewakili Transaksi/01/12 No Identitas Lain'

2020-09-02 11:37:36 - [TEST_STEP][PASSED] - setText(findTestObject("GoAmlReport/08 Identitas Orang Mewakili Transaksi/04/01 Kwrg 1"), "ID - INDONESIA"): Text 'ID - INDONESIA' is set on object 'Object Repository/GoAmlReport/08 Identitas Orang Mewakili Transaksi/04/01 Kwrg 1'

2020-09-02 11:37:37 - [MESSAGE][PASSED] - Text 'ID - INDONESIA' is set on object 'Object Repository/GoAmlReport/08 Identitas Orang Mewakili Transaksi/04/01 Kwrg 1'

2020-09-02 11:37:37 - [TEST_STEP][PASSED] - delay(3): Delayed 3 second(s)

2020-09-02 11:37:40 - [MESSAGE][PASSED] - Delayed 3 second(s)

2020-09-02 11:37:40 - [TEST_STEP][PASSED] - sendKeys(findTestObject("GoAmlReport/08 Identitas Orang Mewakili Transaksi/04/01 Kwrg 1"), Keys.chord(ENTER)): Keys 'ENTER + ' sent to object: 'Object Repository/GoAmlReport/08 Identitas Orang Mewakili Transaksi/04/01 Kwrg 1'

2020-09-02 11:37:40 - [MESSAGE][PASSED] - Keys 'ENTER + ' sent to object: 'Object Repository/GoAmlReport/08 Identitas Orang Mewakili Transaksi/04/01 Kwrg 1'

2020-09-02 11:37:40 - [TEST_STEP][PASSED] - setText(findTestObject("GoAmlReport/08 Identitas Orang Mewakili Transaksi/04/02 Kwrg 2"), "ID - INDONESIA"): Text 'ID - INDONESIA' is set on object 'Object Repository/GoAmlReport/08 Identitas Orang Mewakili Transaksi/04/02 Kwrg 2'

2020-09-02 11:37:41 - [MESSAGE][PASSED] - Text 'ID - INDONESIA' is set on object 'Object Repository/GoAmlReport/08 Identitas Orang Mewakili Transaksi/04/02 Kwrg 2'

2020-09-02 11:37:41 - [TEST_STEP][PASSED] - delay(3): Delayed 3 second(s)

2020-09-02 11:37:44 - [MESSAGE][PASSED] - Delayed 3 second(s)

2020-09-02 11:37:44 - [TEST_STEP][PASSED] - sendKeys(findTestObject("GoAmlReport/08 Identitas Orang Mewakili Transaksi/04/02 Kwrg 2"), Keys.chord(ENTER)): Keys 'ENTER + ' sent to object: 'Object Repository/GoAmlReport/08 Identitas Orang Mewakili Transaksi/04/02 Kwrg 2'

2020-09-02 11:37:45 - [MESSAGE][PASSED] - Keys 'ENTER + ' sent to object: 'Object Repository/GoAmlReport/08 Identitas Orang Mewakili Transaksi/04/02 Kwrg 2'

2020-09-02 11:37:45 - [TEST_STEP][PASSED] - setText(findTestObject("GoAmlReport/08 Identitas Orang Mewakili Transaksi/04/03 Kwrg 3"), "ID - INDONESIA"): Text 'ID - INDONESIA' is set on object 'Object Repository/GoAmlReport/08 Identitas Orang Mewakili Transaksi/04/03 Kwrg 3'

2020-09-02 11:37:46 - [MESSAGE][PASSED] - Text 'ID - INDONESIA' is set on object 'Object Repository/GoAmlReport/08 Identitas Orang Mewakili Transaksi/04/03 Kwrg 3'

2020-09-02 11:37:46 - [TEST_STEP][PASSED] - delay(3): Delayed 3 second(s)

2020-09-02 11:37:49 - [MESSAGE][PASSED] - Delayed 3 second(s)

2020-09-02 11:37:49 - [TEST_STEP][PASSED] - sendKeys(findTestObject("GoAmlReport/08 Identitas Orang Mewakili Transaksi/04/03 Kwrg 3"), Keys.chord(ENTER)): Keys 'ENTER + ' sent to object: 'Object Repository/GoAmlReport/08 Identitas Orang Mewakili Transaksi/04/03 Kwrg 3'

2020-09-02 11:37:49 - [MESSAGE][PASSED] - Keys 'ENTER + ' sent to object: 'Object Repository/GoAmlReport/08 Identitas Orang Mewakili Transaksi/04/03 Kwrg 3'

2020-09-02 11:37:49 - [TEST_STEP][PASSED] - delay(3): Delayed 3 second(s)

2020-09-02 11:37:52 - [MESSAGE][PASSED] - Delayed 3 second(s)

2020-09-02 11:37:52 - [TEST_STEP][PASSED] - sendKeys(findTestObject("GoAmlReport/08 Identitas Orang Mewakili Transaksi/04/04 Negara Domisili"), "ID - INDONESIA"): Keys 'ID - INDONESIA' sent to object: 'Object Repository/GoAmlReport/08 Identitas Orang Mewakili Transaksi/04/04 Negara Domisili'

2020-09-02 11:37:54 - [MESSAGE][PASSED] - Keys 'ID - INDONESIA' sent to object: 'Object Repository/GoAmlReport/08 Identitas Orang Mewakili Transaksi/04/04 Negara Domisili'

2020-09-02 11:37:54 - [TEST_STEP][PASSED] - delay(3): Delayed 3 second(s)

2020-09-02 11:37:57 - [MESSAGE][PASSED] - Delayed 3 second(s)

2020-09-02 11:37:57 - [TEST_STEP][PASSED] - sendKeys(findTestObject("GoAmlReport/08 Identitas Orang Mewakili Transaksi/04/04 Negara Domisili"), Keys.chord(ENTER)): Keys 'ENTER + ' sent to object: 'Object Repository/GoAmlReport/08 Identitas Orang Mewakili Transaksi/04/04 Negara Domisili'

2020-09-02 11:37:57 - [MESSAGE][PASSED] - Keys 'ENTER + ' sent to object: 'Object Repository/GoAmlReport/08 Identitas Orang Mewakili Transaksi/04/04 Negara Domisili'

2020-09-02 11:37:57 - [TEST_STEP][PASSED] - scrollToElement(findTestObject("GoAmlReport/08 Identitas Orang Mewakili Transaksi/04/10 Pekerjaa"), 3): Scroll to object 'Object Repository/GoAmlReport/08 Identitas Orang Mewakili Transaksi/04/10 Pekerjaa' successfully

2020-09-02 11:37:57 - [MESSAGE][PASSED] - Scroll to object 'Object Repository/GoAmlReport/08 Identitas Orang Mewakili Transaksi/04/10 Pekerjaa' successfully

2020-09-02 11:37:57 - [TEST_STEP][PASSED] - setText(findTestObject("GoAmlReport/08 Identitas Orang Mewakili Transaksi/04/10 Pekerjaa"), "IT IT an"): Text 'IT IT an' is set on object 'Object Repository/GoAmlReport/08 Identitas Orang Mewakili Transaksi/04/10 Pekerjaa'

2020-09-02 11:37:58 - [MESSAGE][PASSED] - Text 'IT IT an' is set on object 'Object Repository/GoAmlReport/08 Identitas Orang Mewakili Transaksi/04/10 Pekerjaa'

2020-09-02 11:37:58 - [TEST_STEP][PASSED] - scrollToElement(findTestObject("GoAmlReport/08 Identitas Orang Mewakili Transaksi/04/11 Tempat Bekerja"), 3): Scroll to object 'Object Repository/GoAmlReport/08 Identitas Orang Mewakili Transaksi/04/11 Tempat Bekerja' successfully

2020-09-02 11:37:59 - [MESSAGE][PASSED] - Scroll to object 'Object Repository/GoAmlReport/08 Identitas Orang Mewakili Transaksi/04/11 Tempat Bekerja' successfully

2020-09-02 11:37:59 - [TEST_STEP][PASSED] - setText(findTestObject("GoAmlReport/08 Identitas Orang Mewakili Transaksi/04/11 Tempat Bekerja"), "JAKARTA"): Text 'JAKARTA' is set on object 'Object Repository/GoAmlReport/08 Identitas Orang Mewakili Transaksi/04/11 Tempat Bekerja'

2020-09-02 11:38:00 - [MESSAGE][PASSED] - Text 'JAKARTA' is set on object 'Object Repository/GoAmlReport/08 Identitas Orang Mewakili Transaksi/04/11 Tempat Bekerja'

2020-09-02 11:38:00 - [TEST_STEP][PASSED] - setText(findTestObject("GoAmlReport/08 Identitas Orang Mewakili Transaksi/07/10 Sumber Dana"), "Maling"): Text 'Maling' is set on object 'Object Repository/GoAmlReport/08 Identitas Orang Mewakili Transaksi/07/10 Sumber Dana'

2020-09-02 11:38:00 - [MESSAGE][PASSED] - Text 'Maling' is set on object 'Object Repository/GoAmlReport/08 Identitas Orang Mewakili Transaksi/07/10 Sumber Dana'

2020-09-02 11:38:00 - [TEST_STEP][PASSED] - setText(findTestObject("GoAmlReport/08 Identitas Orang Mewakili Transaksi/07/11 Catatan"), "tydacc addacc"): Text 'tydacc addacc' is set on object 'Object Repository/GoAmlReport/08 Identitas Orang Mewakili Transaksi/07/11 Catatan'

2020-09-02 11:38:01 - [MESSAGE][PASSED] - Text 'tydacc addacc' is set on object 'Object Repository/GoAmlReport/08 Identitas Orang Mewakili Transaksi/07/11 Catatan'

2020-09-02 11:38:01 - [TEST_STEP][PASSED] - scrollToElement(findTestObject("GoAmlReport/08 Identitas Orang Mewakili Transaksi/02/01 Add"), 3): Scroll to object 'Object Repository/GoAmlReport/08 Identitas Orang Mewakili Transaksi/02/01 Add' successfully

2020-09-02 11:38:01 - [MESSAGE][PASSED] - Scroll to object 'Object Repository/GoAmlReport/08 Identitas Orang Mewakili Transaksi/02/01 Add' successfully

2020-09-02 11:38:01 - [TEST_STEP][PASSED] - click(findTestObject("GoAmlReport/08 Identitas Orang Mewakili Transaksi/02/01 Add")): Object: 'Object Repository/GoAmlReport/08 Identitas Orang Mewakili Transaksi/02/01 Add' is clicked on

2020-09-02 11:38:02 - [MESSAGE][PASSED] - Object: 'Object Repository/GoAmlReport/08 Identitas Orang Mewakili Transaksi/02/01 Add' is clicked on

2020-09-02 11:38:02 - [TEST_STEP][PASSED] - delay(5): Delayed 5 second(s)

2020-09-02 11:38:07 - [MESSAGE][PASSED] - Delayed 5 second(s)

2020-09-02 11:38:07 - [TEST_STEP][PASSED] - setText(findTestObject("GoAmlReport/08 Identitas Orang Mewakili Transaksi/02/02 Kategori Kontak"), "D - Domisili"): Text 'D - Domisili' is set on object 'Object Repository/GoAmlReport/08 Identitas Orang Mewakili Transaksi/02/02 Kategori Kontak'

2020-09-02 11:38:08 - [MESSAGE][PASSED] - Text 'D - Domisili' is set on object 'Object Repository/GoAmlReport/08 Identitas Orang Mewakili Transaksi/02/02 Kategori Kontak'

2020-09-02 11:38:08 - [TEST_STEP][PASSED] - delay(3): Delayed 3 second(s)

2020-09-02 11:38:11 - [MESSAGE][PASSED] - Delayed 3 second(s)

2020-09-02 11:38:11 - [TEST_STEP][PASSED] - sendKeys(findTestObject("GoAmlReport/08 Identitas Orang Mewakili Transaksi/02/02 Kategori Kontak"), Keys.chord(ENTER)): Keys 'ENTER + ' sent to object: 'Object Repository/GoAmlReport/08 Identitas Orang Mewakili Transaksi/02/02 Kategori Kontak'

2020-09-02 11:38:11 - [MESSAGE][PASSED] - Keys 'ENTER + ' sent to object: 'Object Repository/GoAmlReport/08 Identitas Orang Mewakili Transaksi/02/02 Kategori Kontak'

2020-09-02 11:38:11 - [TEST_STEP][PASSED] - setText(findTestObject("GoAmlReport/08 Identitas Orang Mewakili Transaksi/02/03 Alat Komunikasi"), "PSTN - PSTN"): Text 'PSTN - PSTN' is set on object 'Object Repository/GoAmlReport/08 Identitas Orang Mewakili Transaksi/02/03 Alat Komunikasi'

2020-09-02 11:38:12 - [MESSAGE][PASSED] - Text 'PSTN - PSTN' is set on object 'Object Repository/GoAmlReport/08 Identitas Orang Mewakili Transaksi/02/03 Alat Komunikasi'

2020-09-02 11:38:12 - [TEST_STEP][PASSED] - delay(3): Delayed 3 second(s)

2020-09-02 11:38:15 - [MESSAGE][PASSED] - Delayed 3 second(s)

2020-09-02 11:38:15 - [TEST_STEP][PASSED] - sendKeys(findTestObject("GoAmlReport/08 Identitas Orang Mewakili Transaksi/02/03 Alat Komunikasi"), Keys.chord(ENTER)): Keys 'ENTER + ' sent to object: 'Object Repository/GoAmlReport/08 Identitas Orang Mewakili Transaksi/02/03 Alat Komunikasi'

2020-09-02 11:38:16 - [MESSAGE][PASSED] - Keys 'ENTER + ' sent to object: 'Object Repository/GoAmlReport/08 Identitas Orang Mewakili Transaksi/02/03 Alat Komunikasi'

2020-09-02 11:38:16 - [TEST_STEP][PASSED] - setText(findTestObject("GoAmlReport/08 Identitas Orang Mewakili Transaksi/02/05 Nomor Telepon"), "0986745632"): Text '0986745632' is set on object 'Object Repository/GoAmlReport/08 Identitas Orang Mewakili Transaksi/02/05 Nomor Telepon'

2020-09-02 11:38:16 - [MESSAGE][PASSED] - Text '0986745632' is set on object 'Object Repository/GoAmlReport/08 Identitas Orang Mewakili Transaksi/02/05 Nomor Telepon'

2020-09-02 11:38:16 - [TEST_STEP][PASSED] - delay(2): Delayed 2 second(s)

2020-09-02 11:38:18 - [MESSAGE][PASSED] - Delayed 2 second(s)

2020-09-02 11:38:18 - [TEST_STEP][PASSED] - scrollToElement(findTestObject("GoAmlReport/08 Identitas Orang Mewakili Transaksi/02/08 Save"), 3): Scroll to object 'Object Repository/GoAmlReport/08 Identitas Orang Mewakili Transaksi/02/08 Save' successfully

2020-09-02 11:38:19 - [MESSAGE][PASSED] - Scroll to object 'Object Repository/GoAmlReport/08 Identitas Orang Mewakili Transaksi/02/08 Save' successfully

2020-09-02 11:38:19 - [TEST_STEP][PASSED] - click(findTestObject("GoAmlReport/08 Identitas Orang Mewakili Transaksi/02/08 Save")): Object: 'Object Repository/GoAmlReport/08 Identitas Orang Mewakili Transaksi/02/08 Save' is clicked on

2020-09-02 11:38:19 - [MESSAGE][PASSED] - Object: 'Object Repository/GoAmlReport/08 Identitas Orang Mewakili Transaksi/02/08 Save' is clicked on

2020-09-02 11:38:19 - [TEST_STEP][PASSED] - delay(5): Delayed 5 second(s)

2020-09-02 11:38:24 - [MESSAGE][PASSED] - Delayed 5 second(s)

2020-09-02 11:38:24 - [TEST_STEP][PASSED] - scrollToElement(findTestObject("GoAmlReport/08 Identitas Orang Mewakili Transaksi/03/01 Add"), 3): Scroll to object 'Object Repository/GoAmlReport/08 Identitas Orang Mewakili Transaksi/03/01 Add' successfully

2020-09-02 11:38:25 - [MESSAGE][PASSED] - Scroll to object 'Object Repository/GoAmlReport/08 Identitas Orang Mewakili Transaksi/03/01 Add' successfully

2020-09-02 11:38:25 - [TEST_STEP][PASSED] - click(findTestObject("GoAmlReport/08 Identitas Orang Mewakili Transaksi/03/01 Add")): Object: 'Object Repository/GoAmlReport/08 Identitas Orang Mewakili Transaksi/03/01 Add' is clicked on

2020-09-02 11:38:25 - [MESSAGE][PASSED] - Object: 'Object Repository/GoAmlReport/08 Identitas Orang Mewakili Transaksi/03/01 Add' is clicked on

2020-09-02 11:38:25 - [TEST_STEP][PASSED] - delay(5): Delayed 5 second(s)

2020-09-02 11:38:30 - [MESSAGE][PASSED] - Delayed 5 second(s)

2020-09-02 11:38:30 - [TEST_STEP][PASSED] - setText(findTestObject("GoAmlReport/08 Identitas Orang Mewakili Transaksi/03/02 Tipe Alamat"), "D - Domisili"): Text 'D - Domisili' is set on object 'Object Repository/GoAmlReport/08 Identitas Orang Mewakili Transaksi/03/02 Tipe Alamat'

2020-09-02 11:38:31 - [MESSAGE][PASSED] - Text 'D - Domisili' is set on object 'Object Repository/GoAmlReport/08 Identitas Orang Mewakili Transaksi/03/02 Tipe Alamat'

2020-09-02 11:38:31 - [TEST_STEP][PASSED] - delay(5): Delayed 5 second(s)

2020-09-02 11:38:36 - [MESSAGE][PASSED] - Delayed 5 second(s)

2020-09-02 11:38:36 - [TEST_STEP][PASSED] - sendKeys(findTestObject("GoAmlReport/08 Identitas Orang Mewakili Transaksi/03/02 Tipe Alamat"), Keys.chord(ENTER)): Keys 'ENTER + ' sent to object: 'Object Repository/GoAmlReport/08 Identitas Orang Mewakili Transaksi/03/02 Tipe Alamat'

2020-09-02 11:38:37 - [MESSAGE][PASSED] - Keys 'ENTER + ' sent to object: 'Object Repository/GoAmlReport/08 Identitas Orang Mewakili Transaksi/03/02 Tipe Alamat'

2020-09-02 11:38:37 - [TEST_STEP][PASSED] - setText(findTestObject("GoAmlReport/08 Identitas Orang Mewakili Transaksi/03/03 Alamat"), "Jl. sdhjsadkjsnadklsandkjasd"): Text 'Jl. sdhjsadkjsnadklsandkjasd' is set on object 'Object Repository/GoAmlReport/08 Identitas Orang Mewakili Transaksi/03/03 Alamat'

2020-09-02 11:38:37 - [MESSAGE][PASSED] - Text 'Jl. sdhjsadkjsnadklsandkjasd' is set on object 'Object Repository/GoAmlReport/08 Identitas Orang Mewakili Transaksi/03/03 Alamat'

2020-09-02 11:38:37 - [TEST_STEP][PASSED] - setText(findTestObject("GoAmlReport/08 Identitas Orang Mewakili Transaksi/03/05 Kota"), "Jakarta"): Text 'Jakarta' is set on object 'Object Repository/GoAmlReport/08 Identitas Orang Mewakili Transaksi/03/05 Kota'

2020-09-02 11:38:38 - [MESSAGE][PASSED] - Text 'Jakarta' is set on object 'Object Repository/GoAmlReport/08 Identitas Orang Mewakili Transaksi/03/05 Kota'

2020-09-02 11:38:38 - [TEST_STEP][PASSED] - setText(findTestObject("GoAmlReport/08 Identitas Orang Mewakili Transaksi/03/07 Negara"), "ID - INDONESIA"): Text 'ID - INDONESIA' is set on object 'Object Repository/GoAmlReport/08 Identitas Orang Mewakili Transaksi/03/07 Negara'

2020-09-02 11:38:39 - [MESSAGE][PASSED] - Text 'ID - INDONESIA' is set on object 'Object Repository/GoAmlReport/08 Identitas Orang Mewakili Transaksi/03/07 Negara'

2020-09-02 11:38:39 - [TEST_STEP][PASSED] - delay(3): Delayed 3 second(s)

2020-09-02 11:38:42 - [MESSAGE][PASSED] - Delayed 3 second(s)

2020-09-02 11:38:42 - [TEST_STEP][PASSED] - sendKeys(findTestObject("GoAmlReport/08 Identitas Orang Mewakili Transaksi/03/07 Negara"), Keys.chord(ENTER)): Keys 'ENTER + ' sent to object: 'Object Repository/GoAmlReport/08 Identitas Orang Mewakili Transaksi/03/07 Negara'

2020-09-02 11:38:42 - [MESSAGE][PASSED] - Keys 'ENTER + ' sent to object: 'Object Repository/GoAmlReport/08 Identitas Orang Mewakili Transaksi/03/07 Negara'

2020-09-02 11:38:42 - [TEST_STEP][PASSED] - delay(2): Delayed 2 second(s)

2020-09-02 11:38:44 - [MESSAGE][PASSED] - Delayed 2 second(s)

2020-09-02 11:38:44 - [TEST_STEP][PASSED] - click(findTestObject("GoAmlReport/08 Identitas Orang Mewakili Transaksi/03/10 Save")): Object: 'Object Repository/GoAmlReport/08 Identitas Orang Mewakili Transaksi/03/10 Save' is clicked on

2020-09-02 11:38:45 - [MESSAGE][PASSED] - Object: 'Object Repository/GoAmlReport/08 Identitas Orang Mewakili Transaksi/03/10 Save' is clicked on

2020-09-02 11:38:45 - [TEST_STEP][PASSED] - delay(2): Delayed 2 second(s)

2020-09-02 11:38:47 - [MESSAGE][PASSED] - Delayed 2 second(s)

2020-09-02 11:38:47 - [TEST_STEP][PASSED] - scrollToElement(findTestObject("GoAmlReport/08 Identitas Orang Mewakili Transaksi/05/01 Add"), 3): Scroll to object 'Object Repository/GoAmlReport/08 Identitas Orang Mewakili Transaksi/05/01 Add' successfully

2020-09-02 11:38:47 - [MESSAGE][PASSED] - Scroll to object 'Object Repository/GoAmlReport/08 Identitas Orang Mewakili Transaksi/05/01 Add' successfully

2020-09-02 11:38:47 - [TEST_STEP][PASSED] - click(findTestObject("GoAmlReport/08 Identitas Orang Mewakili Transaksi/05/01 Add")): Object: 'Object Repository/GoAmlReport/08 Identitas Orang Mewakili Transaksi/05/01 Add' is clicked on

2020-09-02 11:38:48 - [MESSAGE][PASSED] - Object: 'Object Repository/GoAmlReport/08 Identitas Orang Mewakili Transaksi/05/01 Add' is clicked on

2020-09-02 11:38:48 - [TEST_STEP][PASSED] - delay(5): Delayed 5 second(s)

2020-09-02 11:38:53 - [MESSAGE][PASSED] - Delayed 5 second(s)

2020-09-02 11:38:53 - [TEST_STEP][PASSED] - setText(findTestObject("GoAmlReport/08 Identitas Orang Mewakili Transaksi/05/02 Tipe Alamat"), "K - Kantor"): Text 'K - Kantor' is set on object 'Object Repository/GoAmlReport/08 Identitas Orang Mewakili Transaksi/05/02 Tipe Alamat'

2020-09-02 11:38:54 - [MESSAGE][PASSED] - Text 'K - Kantor' is set on object 'Object Repository/GoAmlReport/08 Identitas Orang Mewakili Transaksi/05/02 Tipe Alamat'

2020-09-02 11:38:54 - [TEST_STEP][PASSED] - delay(3): Delayed 3 second(s)

2020-09-02 11:38:57 - [MESSAGE][PASSED] - Delayed 3 second(s)

2020-09-02 11:38:57 - [TEST_STEP][PASSED] - sendKeys(findTestObject("GoAmlReport/08 Identitas Orang Mewakili Transaksi/05/02 Tipe Alamat"), Keys.chord(ENTER)): Keys 'ENTER + ' sent to object: 'Object Repository/GoAmlReport/08 Identitas Orang Mewakili Transaksi/05/02 Tipe Alamat'

2020-09-02 11:38:57 - [MESSAGE][PASSED] - Keys 'ENTER + ' sent to object: 'Object Repository/GoAmlReport/08 Identitas Orang Mewakili Transaksi/05/02 Tipe Alamat'

2020-09-02 11:38:57 - [TEST_STEP][PASSED] - setText(findTestObject("GoAmlReport/08 Identitas Orang Mewakili Transaksi/05/03 Alamat"), "Tangerang"): Text 'Tangerang' is set on object 'Object Repository/GoAmlReport/08 Identitas Orang Mewakili Transaksi/05/03 Alamat'

2020-09-02 11:38:58 - [MESSAGE][PASSED] - Text 'Tangerang' is set on object 'Object Repository/GoAmlReport/08 Identitas Orang Mewakili Transaksi/05/03 Alamat'

2020-09-02 11:38:58 - [TEST_STEP][PASSED] - setText(findTestObject("GoAmlReport/08 Identitas Orang Mewakili Transaksi/05/05 Kota"), "Tgrng"): Text 'Tgrng' is set on object 'Object Repository/GoAmlReport/08 Identitas Orang Mewakili Transaksi/05/05 Kota'

2020-09-02 11:38:59 - [MESSAGE][PASSED] - Text 'Tgrng' is set on object 'Object Repository/GoAmlReport/08 Identitas Orang Mewakili Transaksi/05/05 Kota'

2020-09-02 11:38:59 - [TEST_STEP][PASSED] - setText(findTestObject("GoAmlReport/08 Identitas Orang Mewakili Transaksi/05/07 Negara"), "ID - INDONESIA"): Text 'ID - INDONESIA' is set on object 'Object Repository/GoAmlReport/08 Identitas Orang Mewakili Transaksi/05/07 Negara'

2020-09-02 11:38:59 - [MESSAGE][PASSED] - Text 'ID - INDONESIA' is set on object 'Object Repository/GoAmlReport/08 Identitas Orang Mewakili Transaksi/05/07 Negara'

2020-09-02 11:38:59 - [TEST_STEP][PASSED] - delay(3): Delayed 3 second(s)

2020-09-02 11:39:02 - [MESSAGE][PASSED] - Delayed 3 second(s)

2020-09-02 11:39:02 - [TEST_STEP][PASSED] - sendKeys(findTestObject("GoAmlReport/08 Identitas Orang Mewakili Transaksi/05/07 Negara"), Keys.chord(ENTER)): Keys 'ENTER + ' sent to object: 'Object Repository/GoAmlReport/08 Identitas Orang Mewakili Transaksi/05/07 Negara'

2020-09-02 11:39:03 - [MESSAGE][PASSED] - Keys 'ENTER + ' sent to object: 'Object Repository/GoAmlReport/08 Identitas Orang Mewakili Transaksi/05/07 Negara'

2020-09-02 11:39:03 - [TEST_STEP][PASSED] - click(findTestObject("GoAmlReport/08 Identitas Orang Mewakili Transaksi/05/10 Save")): Object: 'Object Repository/GoAmlReport/08 Identitas Orang Mewakili Transaksi/05/10 Save' is clicked on

2020-09-02 11:39:04 - [MESSAGE][PASSED] - Object: 'Object Repository/GoAmlReport/08 Identitas Orang Mewakili Transaksi/05/10 Save' is clicked on

2020-09-02 11:39:04 - [TEST_STEP][PASSED] - delay(3): Delayed 3 second(s)

2020-09-02 11:39:07 - [MESSAGE][PASSED] - Delayed 3 second(s)

2020-09-02 11:39:07 - [TEST_STEP][PASSED] - scrollToElement(findTestObject("GoAmlReport/08 Identitas Orang Mewakili Transaksi/06/01 Add"), 3): Scroll to object 'Object Repository/GoAmlReport/08 Identitas Orang Mewakili Transaksi/06/01 Add' successfully

2020-09-02 11:39:07 - [MESSAGE][PASSED] - Scroll to object 'Object Repository/GoAmlReport/08 Identitas Orang Mewakili Transaksi/06/01 Add' successfully

2020-09-02 11:39:07 - [TEST_STEP][PASSED] - click(findTestObject("GoAmlReport/08 Identitas Orang Mewakili Transaksi/06/01 Add")): Object: 'Object Repository/GoAmlReport/08 Identitas Orang Mewakili Transaksi/06/01 Add' is clicked on

2020-09-02 11:39:08 - [MESSAGE][PASSED] - Object: 'Object Repository/GoAmlReport/08 Identitas Orang Mewakili Transaksi/06/01 Add' is clicked on

2020-09-02 11:39:08 - [TEST_STEP][PASSED] - delay(3): Delayed 3 second(s)

2020-09-02 11:39:11 - [MESSAGE][PASSED] - Delayed 3 second(s)

2020-09-02 11:39:11 - [TEST_STEP][PASSED] - setText(findTestObject("GoAmlReport/08 Identitas Orang Mewakili Transaksi/06/02 Kategori Kontak"), "R - Rumah"): Text 'R - Rumah' is set on object 'Object Repository/GoAmlReport/08 Identitas Orang Mewakili Transaksi/06/02 Kategori Kontak'

2020-09-02 11:39:11 - [MESSAGE][PASSED] - Text 'R - Rumah' is set on object 'Object Repository/GoAmlReport/08 Identitas Orang Mewakili Transaksi/06/02 Kategori Kontak'

2020-09-02 11:39:11 - [TEST_STEP][PASSED] - delay(3): Delayed 3 second(s)

2020-09-02 11:39:14 - [MESSAGE][PASSED] - Delayed 3 second(s)

2020-09-02 11:39:14 - [TEST_STEP][PASSED] - sendKeys(findTestObject("GoAmlReport/08 Identitas Orang Mewakili Transaksi/06/02 Kategori Kontak"), Keys.chord(ENTER)): Keys 'ENTER + ' sent to object: 'Object Repository/GoAmlReport/08 Identitas Orang Mewakili Transaksi/06/02 Kategori Kontak'

2020-09-02 11:39:15 - [MESSAGE][PASSED] - Keys 'ENTER + ' sent to object: 'Object Repository/GoAmlReport/08 Identitas Orang Mewakili Transaksi/06/02 Kategori Kontak'

2020-09-02 11:39:15 - [TEST_STEP][PASSED] - setText(findTestObject("GoAmlReport/08 Identitas Orang Mewakili Transaksi/06/03 Alat Komunikasi"), "MOB - Mobile"): Text 'MOB - Mobile' is set on object 'Object Repository/GoAmlReport/08 Identitas Orang Mewakili Transaksi/06/03 Alat Komunikasi'

2020-09-02 11:39:16 - [MESSAGE][PASSED] - Text 'MOB - Mobile' is set on object 'Object Repository/GoAmlReport/08 Identitas Orang Mewakili Transaksi/06/03 Alat Komunikasi'

2020-09-02 11:39:16 - [TEST_STEP][PASSED] - delay(3): Delayed 3 second(s)

2020-09-02 11:39:19 - [MESSAGE][PASSED] - Delayed 3 second(s)

2020-09-02 11:39:19 - [TEST_STEP][PASSED] - sendKeys(findTestObject("GoAmlReport/08 Identitas Orang Mewakili Transaksi/06/03 Alat Komunikasi"), Keys.chord(ENTER)): Keys 'ENTER + ' sent to object: 'Object Repository/GoAmlReport/08 Identitas Orang Mewakili Transaksi/06/03 Alat Komunikasi'

2020-09-02 11:39:19 - [MESSAGE][PASSED] - Keys 'ENTER + ' sent to object: 'Object Repository/GoAmlReport/08 Identitas Orang Mewakili Transaksi/06/03 Alat Komunikasi'

2020-09-02 11:39:19 - [TEST_STEP][PASSED] - setText(findTestObject("GoAmlReport/08 Identitas Orang Mewakili Transaksi/06/04 Nomor Telepon"), "089234789233"): Text '089234789233' is set on object 'Object Repository/GoAmlReport/08 Identitas Orang Mewakili Transaksi/06/04 Nomor Telepon'

2020-09-02 11:39:20 - [MESSAGE][PASSED] - Text '089234789233' is set on object 'Object Repository/GoAmlReport/08 Identitas Orang Mewakili Transaksi/06/04 Nomor Telepon'

2020-09-02 11:39:20 - [TEST_STEP][PASSED] - click(findTestObject("GoAmlReport/08 Identitas Orang Mewakili Transaksi/06/07 Save"), STOP_ON_FAILURE): Object: 'Object Repository/GoAmlReport/08 Identitas Orang Mewakili Transaksi/06/07 Save' is clicked on

2020-09-02 11:39:21 - [MESSAGE][PASSED] - Object: 'Object Repository/GoAmlReport/08 Identitas Orang Mewakili Transaksi/06/07 Save' is clicked on

2020-09-02 11:39:21 - [TEST_STEP][PASSED] - delay(3): Delayed 3 second(s)

2020-09-02 11:39:24 - [MESSAGE][PASSED] - Delayed 3 second(s)

2020-09-02 11:39:24 - [TEST_STEP][PASSED] - scrollToElement(findTestObject("GoAmlReport/08 Identitas Orang Mewakili Transaksi/07/01 Add"), 3): Scroll to object 'Object Repository/GoAmlReport/08 Identitas Orang Mewakili Transaksi/07/01 Add' successfully

2020-09-02 11:39:24 - [MESSAGE][PASSED] - Scroll to object 'Object Repository/GoAmlReport/08 Identitas Orang Mewakili Transaksi/07/01 Add' successfully

2020-09-02 11:39:24 - [TEST_STEP][PASSED] - click(findTestObject("GoAmlReport/08 Identitas Orang Mewakili Transaksi/07/01 Add")): Object: 'Object Repository/GoAmlReport/08 Identitas Orang Mewakili Transaksi/07/01 Add' is clicked on

2020-09-02 11:39:25 - [MESSAGE][PASSED] - Object: 'Object Repository/GoAmlReport/08 Identitas Orang Mewakili Transaksi/07/01 Add' is clicked on

2020-09-02 11:39:25 - [TEST_STEP][PASSED] - delay(3): Delayed 3 second(s)

2020-09-02 11:39:28 - [MESSAGE][PASSED] - Delayed 3 second(s)

2020-09-02 11:39:28 - [TEST_STEP][PASSED] - setText(findTestObject("GoAmlReport/08 Identitas Orang Mewakili Transaksi/07/02 Jenis Dokumen Identitas"), "SUKET - Surat Keterangan Kependudukan"): Text 'SUKET - Surat Keterangan Kependudukan' is set on object 'Object Repository/GoAmlReport/08 Identitas Orang Mewakili Transaksi/07/02 Jenis Dokumen Identitas'

2020-09-02 11:39:29 - [MESSAGE][PASSED] - Text 'SUKET - Surat Keterangan Kependudukan' is set on object 'Object Repository/GoAmlReport/08 Identitas Orang Mewakili Transaksi/07/02 Jenis Dokumen Identitas'

2020-09-02 11:39:29 - [TEST_STEP][PASSED] - delay(3): Delayed 3 second(s)

2020-09-02 11:39:32 - [MESSAGE][PASSED] - Delayed 3 second(s)

2020-09-02 11:39:32 - [TEST_STEP][PASSED] - sendKeys(findTestObject("GoAmlReport/08 Identitas Orang Mewakili Transaksi/07/02 Jenis Dokumen Identitas"), Keys.chord(ENTER)): Keys 'ENTER + ' sent to object: 'Object Repository/GoAmlReport/08 Identitas Orang Mewakili Transaksi/07/02 Jenis Dokumen Identitas'

2020-09-02 11:39:33 - [MESSAGE][PASSED] - Keys 'ENTER + ' sent to object: 'Object Repository/GoAmlReport/08 Identitas Orang Mewakili Transaksi/07/02 Jenis Dokumen Identitas'

2020-09-02 11:39:33 - [TEST_STEP][PASSED] - setText(findTestObject("GoAmlReport/08 Identitas Orang Mewakili Transaksi/07/02 No Identitas"), "12321444"): Text '12321444' is set on object 'Object Repository/GoAmlReport/08 Identitas Orang Mewakili Transaksi/07/02 No Identitas'

2020-09-02 11:39:34 - [MESSAGE][PASSED] - Text '12321444' is set on object 'Object Repository/GoAmlReport/08 Identitas Orang Mewakili Transaksi/07/02 No Identitas'

2020-09-02 11:39:34 - [TEST_STEP][PASSED] - setText(findTestObject("GoAmlReport/08 Identitas Orang Mewakili Transaksi/07/06 Negara Penerbit Identitas"), "ID - INDONESIA"): Text 'ID - INDONESIA' is set on object 'Object Repository/GoAmlReport/08 Identitas Orang Mewakili Transaksi/07/06 Negara Penerbit Identitas'

2020-09-02 11:39:35 - [MESSAGE][PASSED] - Text 'ID - INDONESIA' is set on object 'Object Repository/GoAmlReport/08 Identitas Orang Mewakili Transaksi/07/06 Negara Penerbit Identitas'

2020-09-02 11:39:35 - [TEST_STEP][PASSED] - delay(3): Delayed 3 second(s)

2020-09-02 11:39:38 - [MESSAGE][PASSED] - Delayed 3 second(s)

2020-09-02 11:39:38 - [TEST_STEP][PASSED] - sendKeys(findTestObject("GoAmlReport/08 Identitas Orang Mewakili Transaksi/07/06 Negara Penerbit Identitas"), Keys.chord(ENTER)): Keys 'ENTER + ' sent to object: 'Object Repository/GoAmlReport/08 Identitas Orang Mewakili Transaksi/07/06 Negara Penerbit Identitas'

2020-09-02 11:39:38 - [MESSAGE][PASSED] - Keys 'ENTER + ' sent to object: 'Object Repository/GoAmlReport/08 Identitas Orang Mewakili Transaksi/07/06 Negara Penerbit Identitas'

2020-09-02 11:39:38 - [TEST_STEP][PASSED] - click(findTestObject("GoAmlReport/08 Identitas Orang Mewakili Transaksi/07/08 Save"), STOP_ON_FAILURE): Object: 'Object Repository/GoAmlReport/08 Identitas Orang Mewakili Transaksi/07/08 Save' is clicked on

2020-09-02 11:39:39 - [MESSAGE][PASSED] - Object: 'Object Repository/GoAmlReport/08 Identitas Orang Mewakili Transaksi/07/08 Save' is clicked on

2020-09-02 11:39:39 - [MESSAGE][PASSED] - Call Test Case 'Test Cases/Identitas Orang Mewakili Transaksi' successfully

2020-09-02 11:39:39 - [TEST_STEP][PASSED] - callTestCase(findTestCase("GoAML Report 4"), [:], STOP_ON_FAILURE): Call Test Case 'Test Cases/GoAML Report 4' successfully

2020-09-02 11:39:39 - [TEST_CASE][PASSED] - Test Cases/GoAML Report 4: Test Cases/GoAML Report 4

2020-09-02 11:39:40 - [TEST_STEP][PASSED] - for ([rowNum = 1, rowNum <= findTestData("GoAMLReport/Transaksi").getRowNumbers(), (rowNum++)]): Delayed 2 second(s)

2020-09-02 11:39:40 - [TEST_STEP][PASSED] - delay(6): Delayed 6 second(s)

2020-09-02 11:39:46 - [MESSAGE][PASSED] - Delayed 6 second(s)

2020-09-02 11:39:46 - [TEST_STEP][PASSED] - if (findTestData("GoAMLReport/Transaksi").getValue(1, rowNum) == "true"): Keys 'ENTER + ' sent to object: 'Object Repository/GoAmlReport/03 Identitas Pengirim/07 Negara Trx Asal'

2020-09-02 11:39:46 - [TEST_STEP][PASSED] - if (findTestData("GoAMLReport/Transaksi").getValue(6, rowNum) == "true"): null

2020-09-02 11:39:46 - [TEST_STEP][PASSED] - if (findTestData("GoAMLReport/Transaksi").getValue(7, rowNum) == "uang tunai"): Keys 'ENTER + ' sent to object: 'Object Repository/GoAmlReport/03 Identitas Pengirim/02 Ins Trx Asal'

2020-09-02 11:39:46 - [TEST_STEP][PASSED] - setText(findTestObject("GoAmlReport/03 Identitas Pengirim/02 Ins Trx Asal"), "Uang Tunai"): Text 'Uang Tunai' is set on object 'Object Repository/GoAmlReport/03 Identitas Pengirim/02 Ins Trx Asal'

2020-09-02 11:39:47 - [MESSAGE][PASSED] - Text 'Uang Tunai' is set on object 'Object Repository/GoAmlReport/03 Identitas Pengirim/02 Ins Trx Asal'

2020-09-02 11:39:47 - [TEST_STEP][PASSED] - delay(3): Delayed 3 second(s)

2020-09-02 11:39:50 - [MESSAGE][PASSED] - Delayed 3 second(s)

2020-09-02 11:39:50 - [TEST_STEP][PASSED] - sendKeys(findTestObject("GoAmlReport/03 Identitas Pengirim/02 Ins Trx Asal"), Keys.chord(ENTER)): Keys 'ENTER + ' sent to object: 'Object Repository/GoAmlReport/03 Identitas Pengirim/02 Ins Trx Asal'

2020-09-02 11:39:50 - [MESSAGE][PASSED] - Keys 'ENTER + ' sent to object: 'Object Repository/GoAmlReport/03 Identitas Pengirim/02 Ins Trx Asal'

2020-09-02 11:39:50 - [TEST_STEP][PASSED] - if (findTestData("GoAMLReport/Transaksi").getValue(7, rowNum) == "rekening"): null

2020-09-02 11:39:50 - [TEST_STEP][PASSED] - setText(findTestObject("GoAmlReport/03 Identitas Pengirim/05 Nominal Valas"), "500000"): Text '500000' is set on object 'Object Repository/GoAmlReport/03 Identitas Pengirim/05 Nominal Valas'

2020-09-02 11:39:51 - [MESSAGE][PASSED] - Text '500000' is set on object 'Object Repository/GoAmlReport/03 Identitas Pengirim/05 Nominal Valas'

2020-09-02 11:39:51 - [TEST_STEP][PASSED] - delay(3): Delayed 3 second(s)

2020-09-02 11:39:54 - [MESSAGE][PASSED] - Delayed 3 second(s)

2020-09-02 11:39:54 - [TEST_STEP][PASSED] - setText(findTestObject("GoAmlReport/03 Identitas Pengirim/06 Kurs"), "nope"): Text 'nope' is set on object 'Object Repository/GoAmlReport/03 Identitas Pengirim/06 Kurs'

2020-09-02 11:39:55 - [MESSAGE][PASSED] - Text 'nope' is set on object 'Object Repository/GoAmlReport/03 Identitas Pengirim/06 Kurs'

2020-09-02 11:39:55 - [TEST_STEP][PASSED] - setText(findTestObject("GoAmlReport/03 Identitas Pengirim/999 Mata Uang Asing"), "INR - Indian Rupee"): Text 'INR - Indian Rupee' is set on object 'Object Repository/GoAmlReport/03 Identitas Pengirim/999 Mata Uang Asing'

2020-09-02 11:39:56 - [MESSAGE][PASSED] - Text 'INR - Indian Rupee' is set on object 'Object Repository/GoAmlReport/03 Identitas Pengirim/999 Mata Uang Asing'

2020-09-02 11:39:56 - [TEST_STEP][PASSED] - delay(3): Delayed 3 second(s)

2020-09-02 11:39:59 - [MESSAGE][PASSED] - Delayed 3 second(s)

2020-09-02 11:39:59 - [TEST_STEP][PASSED] - sendKeys(findTestObject("GoAmlReport/03 Identitas Pengirim/999 Mata Uang Asing"), Keys.chord(ENTER)): Keys 'ENTER + ' sent to object: 'Object Repository/GoAmlReport/03 Identitas Pengirim/999 Mata Uang Asing'

2020-09-02 11:39:59 - [MESSAGE][PASSED] - Keys 'ENTER + ' sent to object: 'Object Repository/GoAmlReport/03 Identitas Pengirim/999 Mata Uang Asing'

2020-09-02 11:39:59 - [TEST_STEP][PASSED] - setText(findTestObject("GoAmlReport/03 Identitas Pengirim/07 Negara Trx Asal"), "INDONE"): Text 'INDONE' is set on object 'Object Repository/GoAmlReport/03 Identitas Pengirim/07 Negara Trx Asal'

2020-09-02 11:40:00 - [MESSAGE][PASSED] - Text 'INDONE' is set on object 'Object Repository/GoAmlReport/03 Identitas Pengirim/07 Negara Trx Asal'

2020-09-02 11:40:00 - [TEST_STEP][PASSED] - delay(3): Delayed 3 second(s)

2020-09-02 11:40:03 - [MESSAGE][PASSED] - Delayed 3 second(s)

2020-09-02 11:40:03 - [TEST_STEP][PASSED] - sendKeys(findTestObject("GoAmlReport/03 Identitas Pengirim/07 Negara Trx Asal"), Keys.chord(ENTER)): Keys 'ENTER + ' sent to object: 'Object Repository/GoAmlReport/03 Identitas Pengirim/07 Negara Trx Asal'

2020-09-02 11:40:04 - [MESSAGE][PASSED] - Keys 'ENTER + ' sent to object: 'Object Repository/GoAmlReport/03 Identitas Pengirim/07 Negara Trx Asal'

2020-09-02 11:40:04 - [TEST_STEP][PASSED] - if (findTestData("GoAMLReport/Transaksi").getValue(8, rowNum) == "person"): null

2020-09-02 11:40:04 - [TEST_STEP][PASSED] - if (findTestData("GoAMLReport/Transaksi").getValue(8, rowNum) == "account"): null

2020-09-02 11:40:04 - [TEST_STEP][PASSED] - if (findTestData("GoAMLReport/Transaksi").getValue(8, rowNum) == "entity"): Delayed 2 second(s)

2020-09-02 11:40:04 - [TEST_STEP][PASSED] - setText(findTestObject("GoAmlReport/03 Identitas Pengirim/09 Informasi Pengirim"), findTestData("GoAMLReport/Transaksi").getValue(8, rowNum)): Text 'entity' is set on object 'Object Repository/GoAmlReport/03 Identitas Pengirim/09 Informasi Pengirim'

2020-09-02 11:40:05 - [MESSAGE][PASSED] - Text 'entity' is set on object 'Object Repository/GoAmlReport/03 Identitas Pengirim/09 Informasi Pengirim'

2020-09-02 11:40:05 - [TEST_STEP][PASSED] - delay(8): Delayed 8 second(s)

2020-09-02 11:40:13 - [MESSAGE][PASSED] - Delayed 8 second(s)

2020-09-02 11:40:13 - [TEST_STEP][PASSED] - sendKeys(findTestObject("GoAmlReport/03 Identitas Pengirim/09 Informasi Pengirim"), Keys.chord(ENTER)): Keys 'ENTER + ' sent to object: 'Object Repository/GoAmlReport/03 Identitas Pengirim/09 Informasi Pengirim'

2020-09-02 11:40:14 - [MESSAGE][PASSED] - Keys 'ENTER + ' sent to object: 'Object Repository/GoAmlReport/03 Identitas Pengirim/09 Informasi Pengirim'

2020-09-02 11:40:14 - [TEST_STEP][PASSED] - delay(5): Delayed 5 second(s)

2020-09-02 11:40:19 - [MESSAGE][PASSED] - Delayed 5 second(s)

2020-09-02 11:40:19 - [TEST_STEP][PASSED] - setText(findTestObject("GoAmlReport/07 Entity/Account From/01 Nama Korporasi"), "Simpan Pinjam"): Text 'Simpan Pinjam' is set on object 'Object Repository/GoAmlReport/07 Entity/Account From/01 Nama Korporasi'

2020-09-02 11:40:20 - [MESSAGE][PASSED] - Text 'Simpan Pinjam' is set on object 'Object Repository/GoAmlReport/07 Entity/Account From/01 Nama Korporasi'

2020-09-02 11:40:20 - [TEST_STEP][PASSED] - setText(findTestObject("GoAmlReport/07 Entity/Account From/02 Bentuk Korporasi"), "PD - Perusahaan Daerah"): Text 'PD - Perusahaan Daerah' is set on object 'Object Repository/GoAmlReport/07 Entity/Account From/02 Bentuk Korporasi'

2020-09-02 11:40:21 - [MESSAGE][PASSED] - Text 'PD - Perusahaan Daerah' is set on object 'Object Repository/GoAmlReport/07 Entity/Account From/02 Bentuk Korporasi'

2020-09-02 11:40:21 - [TEST_STEP][PASSED] - delay(3): Delayed 3 second(s)

2020-09-02 11:40:24 - [MESSAGE][PASSED] - Delayed 3 second(s)

2020-09-02 11:40:24 - [TEST_STEP][PASSED] - sendKeys(findTestObject("GoAmlReport/07 Entity/Account From/02 Bentuk Korporasi"), Keys.chord(ENTER)): Keys 'ENTER + ' sent to object: 'Object Repository/GoAmlReport/07 Entity/Account From/02 Bentuk Korporasi'

2020-09-02 11:40:25 - [MESSAGE][PASSED] - Keys 'ENTER + ' sent to object: 'Object Repository/GoAmlReport/07 Entity/Account From/02 Bentuk Korporasi'

2020-09-02 11:40:25 - [TEST_STEP][PASSED] - setText(findTestObject("GoAmlReport/07 Entity/Account From/03 Bidang Usaha"), "Rentenir"): Text 'Rentenir' is set on object 'Object Repository/GoAmlReport/07 Entity/Account From/03 Bidang Usaha'

2020-09-02 11:40:25 - [MESSAGE][PASSED] - Text 'Rentenir' is set on object 'Object Repository/GoAmlReport/07 Entity/Account From/03 Bidang Usaha'

2020-09-02 11:40:25 - [TEST_STEP][PASSED] - setText(findTestObject("GoAmlReport/07 Entity/Account From/03 Negara"), "indone"): Text 'indone' is set on object 'Object Repository/GoAmlReport/07 Entity/Account From/03 Negara'

2020-09-02 11:40:26 - [MESSAGE][PASSED] - Text 'indone' is set on object 'Object Repository/GoAmlReport/07 Entity/Account From/03 Negara'

2020-09-02 11:40:26 - [TEST_STEP][PASSED] - delay(3): Delayed 3 second(s)

2020-09-02 11:40:29 - [MESSAGE][PASSED] - Delayed 3 second(s)

2020-09-02 11:40:29 - [TEST_STEP][PASSED] - sendKeys(findTestObject("GoAmlReport/07 Entity/Account From/03 Negara"), Keys.chord(ENTER)): Keys 'ENTER + ' sent to object: 'Object Repository/GoAmlReport/07 Entity/Account From/03 Negara'

2020-09-02 11:40:30 - [MESSAGE][PASSED] - Keys 'ENTER + ' sent to object: 'Object Repository/GoAmlReport/07 Entity/Account From/03 Negara'

2020-09-02 11:40:30 - [TEST_STEP][PASSED] - setText(findTestObject("GoAmlReport/07 Entity/Account From/04 NPWP"), "123213123"): Text '123213123' is set on object 'Object Repository/GoAmlReport/07 Entity/Account From/04 NPWP'

2020-09-02 11:40:30 - [MESSAGE][PASSED] - Text '123213123' is set on object 'Object Repository/GoAmlReport/07 Entity/Account From/04 NPWP'

2020-09-02 11:40:30 - [TEST_STEP][PASSED] - scrollToElement(findTestObject("GoAmlReport/07 Entity/Account Tab From/01 Telepon/Tambah Telepon"), 3): Scroll to object 'Object Repository/GoAmlReport/07 Entity/Account Tab From/01 Telepon/Tambah Telepon' successfully

2020-09-02 11:40:31 - [MESSAGE][PASSED] - Scroll to object 'Object Repository/GoAmlReport/07 Entity/Account Tab From/01 Telepon/Tambah Telepon' successfully

2020-09-02 11:40:31 - [TEST_STEP][PASSED] - click(findTestObject("GoAmlReport/07 Entity/Account Tab From/01 Telepon/Tambah Telepon")): Object: 'Object Repository/GoAmlReport/07 Entity/Account Tab From/01 Telepon/Tambah Telepon' is clicked on

2020-09-02 11:40:32 - [MESSAGE][PASSED] - Object: 'Object Repository/GoAmlReport/07 Entity/Account Tab From/01 Telepon/Tambah Telepon' is clicked on

2020-09-02 11:40:32 - [TEST_STEP][PASSED] - delay(5): Delayed 5 second(s)

2020-09-02 11:40:37 - [MESSAGE][PASSED] - Delayed 5 second(s)

2020-09-02 11:40:37 - [TEST_STEP][PASSED] - setText(findTestObject("GoAmlReport/07 Entity/Account Tab From/01 Telepon/01 Kategori Kontak"), "D - Domisili"): Text 'D - Domisili' is set on object 'Object Repository/GoAmlReport/07 Entity/Account Tab From/01 Telepon/01 Kategori Kontak'

2020-09-02 11:40:38 - [MESSAGE][PASSED] - Text 'D - Domisili' is set on object 'Object Repository/GoAmlReport/07 Entity/Account Tab From/01 Telepon/01 Kategori Kontak'

2020-09-02 11:40:38 - [TEST_STEP][PASSED] - delay(3): Delayed 3 second(s)

2020-09-02 11:40:41 - [MESSAGE][PASSED] - Delayed 3 second(s)

2020-09-02 11:40:41 - [TEST_STEP][PASSED] - sendKeys(findTestObject("GoAmlReport/07 Entity/Account Tab From/01 Telepon/01 Kategori Kontak"), Keys.chord(ENTER)): Keys 'ENTER + ' sent to object: 'Object Repository/GoAmlReport/07 Entity/Account Tab From/01 Telepon/01 Kategori Kontak'

2020-09-02 11:40:41 - [MESSAGE][PASSED] - Keys 'ENTER + ' sent to object: 'Object Repository/GoAmlReport/07 Entity/Account Tab From/01 Telepon/01 Kategori Kontak'

2020-09-02 11:40:41 - [TEST_STEP][PASSED] - setText(findTestObject("GoAmlReport/07 Entity/Account Tab From/01 Telepon/02 Alat Komunikasi"), "PSTN - PSTN"): Text 'PSTN - PSTN' is set on object 'Object Repository/GoAmlReport/07 Entity/Account Tab From/01 Telepon/02 Alat Komunikasi'

2020-09-02 11:40:42 - [MESSAGE][PASSED] - Text 'PSTN - PSTN' is set on object 'Object Repository/GoAmlReport/07 Entity/Account Tab From/01 Telepon/02 Alat Komunikasi'

2020-09-02 11:40:42 - [TEST_STEP][PASSED] - delay(3): Delayed 3 second(s)

2020-09-02 11:40:45 - [MESSAGE][PASSED] - Delayed 3 second(s)

2020-09-02 11:40:45 - [TEST_STEP][PASSED] - sendKeys(findTestObject("GoAmlReport/07 Entity/Account Tab From/01 Telepon/02 Alat Komunikasi"), Keys.chord(ENTER)): Keys 'ENTER + ' sent to object: 'Object Repository/GoAmlReport/07 Entity/Account Tab From/01 Telepon/02 Alat Komunikasi'

2020-09-02 11:40:45 - [MESSAGE][PASSED] - Keys 'ENTER + ' sent to object: 'Object Repository/GoAmlReport/07 Entity/Account Tab From/01 Telepon/02 Alat Komunikasi'

2020-09-02 11:40:45 - [TEST_STEP][PASSED] - setText(findTestObject("GoAmlReport/07 Entity/Account Tab From/01 Telepon/03 No Telepon"), "0986745632"): Text '0986745632' is set on object 'Object Repository/GoAmlReport/07 Entity/Account Tab From/01 Telepon/03 No Telepon'

2020-09-02 11:40:46 - [MESSAGE][PASSED] - Text '0986745632' is set on object 'Object Repository/GoAmlReport/07 Entity/Account Tab From/01 Telepon/03 No Telepon'

2020-09-02 11:40:46 - [TEST_STEP][PASSED] - delay(2): Delayed 2 second(s)

2020-09-02 11:40:48 - [MESSAGE][PASSED] - Delayed 2 second(s)

2020-09-02 11:40:48 - [TEST_STEP][PASSED] - scrollToElement(findTestObject("GoAmlReport/07 Entity/Account Tab From/01 Telepon/Save"), 3): Scroll to object 'Object Repository/GoAmlReport/07 Entity/Account Tab From/01 Telepon/Save' successfully

2020-09-02 11:40:49 - [MESSAGE][PASSED] - Scroll to object 'Object Repository/GoAmlReport/07 Entity/Account Tab From/01 Telepon/Save' successfully

2020-09-02 11:40:49 - [TEST_STEP][PASSED] - click(findTestObject("GoAmlReport/07 Entity/Account Tab From/01 Telepon/Save"), STOP_ON_FAILURE): Object: 'Object Repository/GoAmlReport/07 Entity/Account Tab From/01 Telepon/Save' is clicked on

2020-09-02 11:40:49 - [MESSAGE][PASSED] - Object: 'Object Repository/GoAmlReport/07 Entity/Account Tab From/01 Telepon/Save' is clicked on

2020-09-02 11:40:49 - [TEST_STEP][PASSED] - delay(3): Delayed 3 second(s)

2020-09-02 11:40:52 - [MESSAGE][PASSED] - Delayed 3 second(s)

2020-09-02 11:40:52 - [TEST_STEP][PASSED] - scrollToElement(findTestObject("GoAmlReport/07 Entity/Account Tab From/02 Alamat/span_Tambah Alamat"), 3): Scroll to object 'Object Repository/GoAmlReport/07 Entity/Account Tab From/02 Alamat/span_Tambah Alamat' successfully

2020-09-02 11:40:53 - [MESSAGE][PASSED] - Scroll to object 'Object Repository/GoAmlReport/07 Entity/Account Tab From/02 Alamat/span_Tambah Alamat' successfully

2020-09-02 11:40:53 - [TEST_STEP][PASSED] - click(findTestObject("GoAmlReport/07 Entity/Account Tab From/02 Alamat/span_Tambah Alamat")): Object: 'Object Repository/GoAmlReport/07 Entity/Account Tab From/02 Alamat/span_Tambah Alamat' is clicked on

2020-09-02 11:40:53 - [MESSAGE][PASSED] - Object: 'Object Repository/GoAmlReport/07 Entity/Account Tab From/02 Alamat/span_Tambah Alamat' is clicked on

2020-09-02 11:40:53 - [TEST_STEP][PASSED] - delay(5): Delayed 5 second(s)

2020-09-02 11:40:58 - [MESSAGE][PASSED] - Delayed 5 second(s)

2020-09-02 11:40:58 - [TEST_STEP][PASSED] - setText(findTestObject("GoAmlReport/07 Entity/Account Tab From/02 Alamat/01 Type Alamat"), "D - Domisili"): Text 'D - Domisili' is set on object 'Object Repository/GoAmlReport/07 Entity/Account Tab From/02 Alamat/01 Type Alamat'

2020-09-02 11:40:59 - [MESSAGE][PASSED] - Text 'D - Domisili' is set on object 'Object Repository/GoAmlReport/07 Entity/Account Tab From/02 Alamat/01 Type Alamat'

2020-09-02 11:40:59 - [TEST_STEP][PASSED] - delay(5): Delayed 5 second(s)

2020-09-02 11:41:04 - [MESSAGE][PASSED] - Delayed 5 second(s)

2020-09-02 11:41:04 - [TEST_STEP][PASSED] - sendKeys(findTestObject("GoAmlReport/07 Entity/Account Tab From/02 Alamat/01 Type Alamat"), Keys.chord(ENTER)): Keys 'ENTER + ' sent to object: 'Object Repository/GoAmlReport/07 Entity/Account Tab From/02 Alamat/01 Type Alamat'

2020-09-02 11:41:05 - [MESSAGE][PASSED] - Keys 'ENTER + ' sent to object: 'Object Repository/GoAmlReport/07 Entity/Account Tab From/02 Alamat/01 Type Alamat'

2020-09-02 11:41:05 - [TEST_STEP][PASSED] - setText(findTestObject("GoAmlReport/07 Entity/Account Tab From/02 Alamat/02 Alamat"), "Jl. sdhjsadkjsnadklsandkjasd"): Text 'Jl. sdhjsadkjsnadklsandkjasd' is set on object 'Object Repository/GoAmlReport/07 Entity/Account Tab From/02 Alamat/02 Alamat'

2020-09-02 11:41:06 - [MESSAGE][PASSED] - Text 'Jl. sdhjsadkjsnadklsandkjasd' is set on object 'Object Repository/GoAmlReport/07 Entity/Account Tab From/02 Alamat/02 Alamat'

2020-09-02 11:41:06 - [TEST_STEP][PASSED] - setText(findTestObject("GoAmlReport/07 Entity/Account Tab From/02 Alamat/03 Kota"), "Jakarta"): Text 'Jakarta' is set on object 'Object Repository/GoAmlReport/07 Entity/Account Tab From/02 Alamat/03 Kota'

2020-09-02 11:41:06 - [MESSAGE][PASSED] - Text 'Jakarta' is set on object 'Object Repository/GoAmlReport/07 Entity/Account Tab From/02 Alamat/03 Kota'

2020-09-02 11:41:06 - [TEST_STEP][PASSED] - setText(findTestObject("GoAmlReport/07 Entity/Account Tab From/02 Alamat/03 Negara"), "ID - INDONESIA"): Text 'ID - INDONESIA' is set on object 'Object Repository/GoAmlReport/07 Entity/Account Tab From/02 Alamat/03 Negara'

2020-09-02 11:41:07 - [MESSAGE][PASSED] - Text 'ID - INDONESIA' is set on object 'Object Repository/GoAmlReport/07 Entity/Account Tab From/02 Alamat/03 Negara'

2020-09-02 11:41:07 - [TEST_STEP][PASSED] - delay(3): Delayed 3 second(s)

2020-09-02 11:41:10 - [MESSAGE][PASSED] - Delayed 3 second(s)

2020-09-02 11:41:10 - [TEST_STEP][PASSED] - sendKeys(findTestObject("GoAmlReport/07 Entity/Account Tab From/02 Alamat/03 Negara"), Keys.chord(ENTER)): Keys 'ENTER + ' sent to object: 'Object Repository/GoAmlReport/07 Entity/Account Tab From/02 Alamat/03 Negara'

2020-09-02 11:41:11 - [MESSAGE][PASSED] - Keys 'ENTER + ' sent to object: 'Object Repository/GoAmlReport/07 Entity/Account Tab From/02 Alamat/03 Negara'

2020-09-02 11:41:11 - [TEST_STEP][PASSED] - delay(2): Delayed 2 second(s)

2020-09-02 11:41:13 - [MESSAGE][PASSED] - Delayed 2 second(s)

2020-09-02 11:41:13 - [TEST_STEP][PASSED] - click(findTestObject("GoAmlReport/07 Entity/Account Tab From/02 Alamat/save")): Object: 'Object Repository/GoAmlReport/07 Entity/Account Tab From/02 Alamat/save' is clicked on

2020-09-02 11:41:13 - [MESSAGE][PASSED] - Object: 'Object Repository/GoAmlReport/07 Entity/Account Tab From/02 Alamat/save' is clicked on

2020-09-02 11:41:13 - [TEST_STEP][PASSED] - scrollToElement(findTestObject("GoAmlReport/07 Entity/Account Tab From/03 Director/00 Add"), 3): Scroll to object 'Object Repository/GoAmlReport/07 Entity/Account Tab From/03 Director/00 Add' successfully

2020-09-02 11:41:14 - [MESSAGE][PASSED] - Scroll to object 'Object Repository/GoAmlReport/07 Entity/Account Tab From/03 Director/00 Add' successfully

2020-09-02 11:41:14 - [TEST_STEP][PASSED] - click(findTestObject("GoAmlReport/07 Entity/Account Tab From/03 Director/00 Add")): Object: 'Object Repository/GoAmlReport/07 Entity/Account Tab From/03 Director/00 Add' is clicked on

2020-09-02 11:41:15 - [MESSAGE][PASSED] - Object: 'Object Repository/GoAmlReport/07 Entity/Account Tab From/03 Director/00 Add' is clicked on

2020-09-02 11:41:15 - [TEST_STEP][PASSED] - delay(5): Delayed 5 second(s)

2020-09-02 11:41:20 - [MESSAGE][PASSED] - Delayed 5 second(s)

2020-09-02 11:41:20 - [TEST_STEP][PASSED] - setText(findTestObject("GoAmlReport/07 Entity/Account Tab From/03 Director/01 Jenis Kelamin"), "F - Female"): Text 'F - Female' is set on object 'Object Repository/GoAmlReport/07 Entity/Account Tab From/03 Director/01 Jenis Kelamin'

2020-09-02 11:41:21 - [MESSAGE][PASSED] - Text 'F - Female' is set on object 'Object Repository/GoAmlReport/07 Entity/Account Tab From/03 Director/01 Jenis Kelamin'

2020-09-02 11:41:21 - [TEST_STEP][PASSED] - delay(2): Delayed 2 second(s)

2020-09-02 11:41:23 - [MESSAGE][PASSED] - Delayed 2 second(s)

2020-09-02 11:41:23 - [TEST_STEP][PASSED] - sendKeys(findTestObject("GoAmlReport/07 Entity/Account Tab From/03 Director/01 Jenis Kelamin"), Keys.chord(ENTER)): Keys 'ENTER + ' sent to object: 'Object Repository/GoAmlReport/07 Entity/Account Tab From/03 Director/01 Jenis Kelamin'

2020-09-02 11:41:23 - [MESSAGE][PASSED] - Keys 'ENTER + ' sent to object: 'Object Repository/GoAmlReport/07 Entity/Account Tab From/03 Director/01 Jenis Kelamin'

2020-09-02 11:41:23 - [TEST_STEP][PASSED] - setText(findTestObject("GoAmlReport/07 Entity/Account Tab From/03 Director/10 Tanggal Lahir"), "01-Aug-96"): Text '01-Aug-96' is set on object 'Object Repository/GoAmlReport/07 Entity/Account Tab From/03 Director/10 Tanggal Lahir'

2020-09-02 11:41:24 - [MESSAGE][PASSED] - Text '01-Aug-96' is set on object 'Object Repository/GoAmlReport/07 Entity/Account Tab From/03 Director/10 Tanggal Lahir'

2020-09-02 11:41:24 - [TEST_STEP][PASSED] - delay(5): Delayed 5 second(s)

2020-09-02 11:41:29 - [MESSAGE][PASSED] - Delayed 5 second(s)

2020-09-02 11:41:29 - [TEST_STEP][PASSED] - sendKeys(findTestObject("GoAmlReport/07 Entity/Account Tab From/03 Director/10 Tanggal Lahir"), Keys.chord(ENTER)): Keys 'ENTER + ' sent to object: 'Object Repository/GoAmlReport/07 Entity/Account Tab From/03 Director/10 Tanggal Lahir'

2020-09-02 11:41:29 - [MESSAGE][PASSED] - Keys 'ENTER + ' sent to object: 'Object Repository/GoAmlReport/07 Entity/Account Tab From/03 Director/10 Tanggal Lahir'

2020-09-02 11:41:29 - [TEST_STEP][PASSED] - setText(findTestObject("GoAmlReport/07 Entity/Account Tab From/03 Director/12 Tempat Lahir"), "Jakarta"): Text 'Jakarta' is set on object 'Object Repository/GoAmlReport/07 Entity/Account Tab From/03 Director/12 Tempat Lahir'

2020-09-02 11:41:30 - [MESSAGE][PASSED] - Text 'Jakarta' is set on object 'Object Repository/GoAmlReport/07 Entity/Account Tab From/03 Director/12 Tempat Lahir'

2020-09-02 11:41:30 - [TEST_STEP][PASSED] - delay(5): Delayed 5 second(s)

2020-09-02 11:41:35 - [MESSAGE][PASSED] - Delayed 5 second(s)

2020-09-02 11:41:35 - [TEST_STEP][PASSED] - sendKeys(findTestObject("GoAmlReport/07 Entity/Account Tab From/03 Director/01 Jenis Kelamin"), Keys.chord(ENTER)): Keys 'ENTER + ' sent to object: 'Object Repository/GoAmlReport/07 Entity/Account Tab From/03 Director/01 Jenis Kelamin'

2020-09-02 11:41:36 - [MESSAGE][PASSED] - Keys 'ENTER + ' sent to object: 'Object Repository/GoAmlReport/07 Entity/Account Tab From/03 Director/01 Jenis Kelamin'

2020-09-02 11:41:36 - [TEST_STEP][PASSED] - setText(findTestObject("GoAmlReport/07 Entity/Account Tab From/03 Director/02 Nama Lengkap"), "Aman "): Text 'Aman ' is set on object 'Object Repository/GoAmlReport/07 Entity/Account Tab From/03 Director/02 Nama Lengkap'

2020-09-02 11:41:36 - [MESSAGE][PASSED] - Text 'Aman ' is set on object 'Object Repository/GoAmlReport/07 Entity/Account Tab From/03 Director/02 Nama Lengkap'

2020-09-02 11:41:36 - [TEST_STEP][PASSED] - setText(findTestObject("GoAmlReport/07 Entity/Account Tab From/03 Director/04 Kewarganegaraan"), "indone"): Text 'indone' is set on object 'Object Repository/GoAmlReport/07 Entity/Account Tab From/03 Director/04 Kewarganegaraan'

2020-09-02 11:41:37 - [MESSAGE][PASSED] - Text 'indone' is set on object 'Object Repository/GoAmlReport/07 Entity/Account Tab From/03 Director/04 Kewarganegaraan'

2020-09-02 11:41:37 - [TEST_STEP][PASSED] - delay(5): Delayed 5 second(s)

2020-09-02 11:41:42 - [MESSAGE][PASSED] - Delayed 5 second(s)

2020-09-02 11:41:42 - [TEST_STEP][PASSED] - sendKeys(findTestObject("GoAmlReport/07 Entity/Account Tab From/03 Director/04 Kewarganegaraan"), Keys.chord(ENTER)): Keys 'ENTER + ' sent to object: 'Object Repository/GoAmlReport/07 Entity/Account Tab From/03 Director/04 Kewarganegaraan'

2020-09-02 11:41:43 - [MESSAGE][PASSED] - Keys 'ENTER + ' sent to object: 'Object Repository/GoAmlReport/07 Entity/Account Tab From/03 Director/04 Kewarganegaraan'

2020-09-02 11:41:43 - [TEST_STEP][PASSED] - setText(findTestObject("GoAmlReport/07 Entity/Account Tab From/03 Director/05 Negara Domisili"), "ID - INDONESIA"): Text 'ID - INDONESIA' is set on object 'Object Repository/GoAmlReport/07 Entity/Account Tab From/03 Director/05 Negara Domisili'

2020-09-02 11:41:44 - [MESSAGE][PASSED] - Text 'ID - INDONESIA' is set on object 'Object Repository/GoAmlReport/07 Entity/Account Tab From/03 Director/05 Negara Domisili'

2020-09-02 11:41:44 - [TEST_STEP][PASSED] - delay(3): Delayed 3 second(s)

2020-09-02 11:41:47 - [MESSAGE][PASSED] - Delayed 3 second(s)

2020-09-02 11:41:47 - [TEST_STEP][PASSED] - sendKeys(findTestObject("GoAmlReport/07 Entity/Account Tab From/03 Director/05 Negara Domisili"), Keys.chord(ENTER)): Keys 'ENTER + ' sent to object: 'Object Repository/GoAmlReport/07 Entity/Account Tab From/03 Director/05 Negara Domisili'

2020-09-02 11:41:47 - [MESSAGE][PASSED] - Keys 'ENTER + ' sent to object: 'Object Repository/GoAmlReport/07 Entity/Account Tab From/03 Director/05 Negara Domisili'

2020-09-02 11:41:47 - [TEST_STEP][PASSED] - setText(findTestObject("GoAmlReport/07 Entity/Account Tab From/03 Director/06 Pekerjaan"), "Kerja Serabutan"): Text 'Kerja Serabutan' is set on object 'Object Repository/GoAmlReport/07 Entity/Account Tab From/03 Director/06 Pekerjaan'

2020-09-02 11:41:48 - [MESSAGE][PASSED] - Text 'Kerja Serabutan' is set on object 'Object Repository/GoAmlReport/07 Entity/Account Tab From/03 Director/06 Pekerjaan'

2020-09-02 11:41:48 - [TEST_STEP][PASSED] - setText(findTestObject("GoAmlReport/07 Entity/Account Tab From/03 Director/07 Sumber Dana"), "Maling"): Text 'Maling' is set on object 'Object Repository/GoAmlReport/07 Entity/Account Tab From/03 Director/07 Sumber Dana'

2020-09-02 11:41:49 - [MESSAGE][PASSED] - Text 'Maling' is set on object 'Object Repository/GoAmlReport/07 Entity/Account Tab From/03 Director/07 Sumber Dana'

2020-09-02 11:41:49 - [TEST_STEP][PASSED] - setText(findTestObject("GoAmlReport/07 Entity/Account Tab From/03 Director/08 Peran"), "UBO - Ultimate Beneficial Owner"): Text 'UBO - Ultimate Beneficial Owner' is set on object 'Object Repository/GoAmlReport/07 Entity/Account Tab From/03 Director/08 Peran'

2020-09-02 11:41:50 - [MESSAGE][PASSED] - Text 'UBO - Ultimate Beneficial Owner' is set on object 'Object Repository/GoAmlReport/07 Entity/Account Tab From/03 Director/08 Peran'

2020-09-02 11:41:50 - [TEST_STEP][PASSED] - delay(2): Delayed 2 second(s)

2020-09-02 11:41:52 - [MESSAGE][PASSED] - Delayed 2 second(s)

2020-09-02 11:41:52 - [TEST_STEP][PASSED] - sendKeys(findTestObject("GoAmlReport/07 Entity/Account Tab From/03 Director/08 Peran"), Keys.chord(ENTER)): Keys 'ENTER + ' sent to object: 'Object Repository/GoAmlReport/07 Entity/Account Tab From/03 Director/08 Peran'

2020-09-02 11:41:53 - [MESSAGE][PASSED] - Keys 'ENTER + ' sent to object: 'Object Repository/GoAmlReport/07 Entity/Account Tab From/03 Director/08 Peran'

2020-09-02 11:41:53 - [TEST_STEP][PASSED] - click(findTestObject("GoAmlReport/07 Entity/Account Tab From/03 Director/09 Telepon/Tambah Telepon")): Object: 'Object Repository/GoAmlReport/07 Entity/Account Tab From/03 Director/09 Telepon/Tambah Telepon' is clicked on

2020-09-02 11:41:53 - [MESSAGE][PASSED] - Object: 'Object Repository/GoAmlReport/07 Entity/Account Tab From/03 Director/09 Telepon/Tambah Telepon' is clicked on

2020-09-02 11:41:53 - [TEST_STEP][PASSED] - scrollToElement(findTestObject("GoAmlReport/07 Entity/Account Tab From/03 Director/09 Telepon/01 Kategori Kontak"), 3): Scroll to object 'Object Repository/GoAmlReport/07 Entity/Account Tab From/03 Director/09 Telepon/01 Kategori Kontak' successfully

2020-09-02 11:41:55 - [MESSAGE][PASSED] - Scroll to object 'Object Repository/GoAmlReport/07 Entity/Account Tab From/03 Director/09 Telepon/01 Kategori Kontak' successfully

2020-09-02 11:41:55 - [TEST_STEP][PASSED] - setText(findTestObject("GoAmlReport/07 Entity/Account Tab From/03 Director/09 Telepon/01 Kategori Kontak"), "K - Kantor"): Text 'K - Kantor' is set on object 'Object Repository/GoAmlReport/07 Entity/Account Tab From/03 Director/09 Telepon/01 Kategori Kontak'

2020-09-02 11:41:56 - [MESSAGE][PASSED] - Text 'K - Kantor' is set on object 'Object Repository/GoAmlReport/07 Entity/Account Tab From/03 Director/09 Telepon/01 Kategori Kontak'

2020-09-02 11:41:56 - [TEST_STEP][PASSED] - delay(3): Delayed 3 second(s)

2020-09-02 11:41:59 - [MESSAGE][PASSED] - Delayed 3 second(s)

2020-09-02 11:41:59 - [TEST_STEP][PASSED] - sendKeys(findTestObject("GoAmlReport/07 Entity/Account Tab From/03 Director/09 Telepon/01 Kategori Kontak"), Keys.chord(ENTER)): Keys 'ENTER + ' sent to object: 'Object Repository/GoAmlReport/07 Entity/Account Tab From/03 Director/09 Telepon/01 Kategori Kontak'

2020-09-02 11:41:59 - [MESSAGE][PASSED] - Keys 'ENTER + ' sent to object: 'Object Repository/GoAmlReport/07 Entity/Account Tab From/03 Director/09 Telepon/01 Kategori Kontak'

2020-09-02 11:41:59 - [TEST_STEP][PASSED] - setText(findTestObject("GoAmlReport/07 Entity/Account Tab From/03 Director/09 Telepon/02 Alat Komunikasi"), "PSTN - PSTN"): Text 'PSTN - PSTN' is set on object 'Object Repository/GoAmlReport/07 Entity/Account Tab From/03 Director/09 Telepon/02 Alat Komunikasi'

2020-09-02 11:42:00 - [MESSAGE][PASSED] - Text 'PSTN - PSTN' is set on object 'Object Repository/GoAmlReport/07 Entity/Account Tab From/03 Director/09 Telepon/02 Alat Komunikasi'

2020-09-02 11:42:00 - [TEST_STEP][PASSED] - delay(3): Delayed 3 second(s)

2020-09-02 11:42:03 - [MESSAGE][PASSED] - Delayed 3 second(s)

2020-09-02 11:42:03 - [TEST_STEP][PASSED] - sendKeys(findTestObject("GoAmlReport/07 Entity/Account Tab From/03 Director/09 Telepon/02 Alat Komunikasi"), Keys.chord(ENTER)): Keys 'ENTER + ' sent to object: 'Object Repository/GoAmlReport/07 Entity/Account Tab From/03 Director/09 Telepon/02 Alat Komunikasi'

2020-09-02 11:42:04 - [MESSAGE][PASSED] - Keys 'ENTER + ' sent to object: 'Object Repository/GoAmlReport/07 Entity/Account Tab From/03 Director/09 Telepon/02 Alat Komunikasi'

2020-09-02 11:42:04 - [TEST_STEP][PASSED] - setText(findTestObject("GoAmlReport/07 Entity/Account Tab From/03 Director/09 Telepon/03 No Telepon"), "222222222"): Text '222222222' is set on object 'Object Repository/GoAmlReport/07 Entity/Account Tab From/03 Director/09 Telepon/03 No Telepon'

2020-09-02 11:42:05 - [MESSAGE][PASSED] - Text '222222222' is set on object 'Object Repository/GoAmlReport/07 Entity/Account Tab From/03 Director/09 Telepon/03 No Telepon'

2020-09-02 11:42:05 - [TEST_STEP][PASSED] - click(findTestObject("GoAmlReport/07 Entity/Account Tab From/03 Director/09 Telepon/Save"), STOP_ON_FAILURE): Object: 'Object Repository/GoAmlReport/07 Entity/Account Tab From/03 Director/09 Telepon/Save' is clicked on

2020-09-02 11:42:06 - [MESSAGE][PASSED] - Object: 'Object Repository/GoAmlReport/07 Entity/Account Tab From/03 Director/09 Telepon/Save' is clicked on

2020-09-02 11:42:06 - [TEST_STEP][PASSED] - delay(4): Delayed 4 second(s)

2020-09-02 11:42:10 - [MESSAGE][PASSED] - Delayed 4 second(s)

2020-09-02 11:42:10 - [TEST_STEP][PASSED] - scrollToElement(findTestObject("GoAmlReport/07 Entity/Account Tab From/03 Director/10 Alamat/span_Tambah Alamat"), 3): Scroll to object 'Object Repository/GoAmlReport/07 Entity/Account Tab From/03 Director/10 Alamat/span_Tambah Alamat' successfully

2020-09-02 11:42:10 - [MESSAGE][PASSED] - Scroll to object 'Object Repository/GoAmlReport/07 Entity/Account Tab From/03 Director/10 Alamat/span_Tambah Alamat' successfully

2020-09-02 11:42:10 - [TEST_STEP][PASSED] - click(findTestObject("GoAmlReport/07 Entity/Account Tab From/03 Director/10 Alamat/span_Tambah Alamat")): Object: 'Object Repository/GoAmlReport/07 Entity/Account Tab From/03 Director/10 Alamat/span_Tambah Alamat' is clicked on

2020-09-02 11:42:11 - [MESSAGE][PASSED] - Object: 'Object Repository/GoAmlReport/07 Entity/Account Tab From/03 Director/10 Alamat/span_Tambah Alamat' is clicked on

2020-09-02 11:42:11 - [TEST_STEP][PASSED] - delay(3): Delayed 3 second(s)

2020-09-02 11:42:14 - [MESSAGE][PASSED] - Delayed 3 second(s)

2020-09-02 11:42:14 - [TEST_STEP][PASSED] - setText(findTestObject("GoAmlReport/07 Entity/Account Tab From/03 Director/10 Alamat/01 Type Alamat"), "R - Rumah"): Text 'R - Rumah' is set on object 'Object Repository/GoAmlReport/07 Entity/Account Tab From/03 Director/10 Alamat/01 Type Alamat'

2020-09-02 11:42:15 - [MESSAGE][PASSED] - Text 'R - Rumah' is set on object 'Object Repository/GoAmlReport/07 Entity/Account Tab From/03 Director/10 Alamat/01 Type Alamat'

2020-09-02 11:42:15 - [TEST_STEP][PASSED] - delay(3): Delayed 3 second(s)

2020-09-02 11:42:18 - [MESSAGE][PASSED] - Delayed 3 second(s)

2020-09-02 11:42:18 - [TEST_STEP][PASSED] - sendKeys(findTestObject("GoAmlReport/07 Entity/Account Tab From/03 Director/10 Alamat/01 Type Alamat"), Keys.chord(ENTER)): Keys 'ENTER + ' sent to object: 'Object Repository/GoAmlReport/07 Entity/Account Tab From/03 Director/10 Alamat/01 Type Alamat'

2020-09-02 11:42:18 - [MESSAGE][PASSED] - Keys 'ENTER + ' sent to object: 'Object Repository/GoAmlReport/07 Entity/Account Tab From/03 Director/10 Alamat/01 Type Alamat'

2020-09-02 11:42:18 - [TEST_STEP][PASSED] - setText(findTestObject("GoAmlReport/07 Entity/Account Tab From/03 Director/10 Alamat/02 Alamat"), "Jl Jalan Jln"): Text 'Jl Jalan Jln' is set on object 'Object Repository/GoAmlReport/07 Entity/Account Tab From/03 Director/10 Alamat/02 Alamat'

2020-09-02 11:42:19 - [MESSAGE][PASSED] - Text 'Jl Jalan Jln' is set on object 'Object Repository/GoAmlReport/07 Entity/Account Tab From/03 Director/10 Alamat/02 Alamat'

2020-09-02 11:42:19 - [TEST_STEP][PASSED] - setText(findTestObject("GoAmlReport/07 Entity/Account Tab From/03 Director/10 Alamat/03 Kota"), "Jakarte"): Text 'Jakarte' is set on object 'Object Repository/GoAmlReport/07 Entity/Account Tab From/03 Director/10 Alamat/03 Kota'

2020-09-02 11:42:19 - [MESSAGE][PASSED] - Text 'Jakarte' is set on object 'Object Repository/GoAmlReport/07 Entity/Account Tab From/03 Director/10 Alamat/03 Kota'

2020-09-02 11:42:19 - [TEST_STEP][PASSED] - setText(findTestObject("GoAmlReport/07 Entity/Account Tab From/03 Director/10 Alamat/03 Negara"), "Indonesi"): Text 'Indonesi' is set on object 'Object Repository/GoAmlReport/07 Entity/Account Tab From/03 Director/10 Alamat/03 Negara'

2020-09-02 11:42:20 - [MESSAGE][PASSED] - Text 'Indonesi' is set on object 'Object Repository/GoAmlReport/07 Entity/Account Tab From/03 Director/10 Alamat/03 Negara'

2020-09-02 11:42:20 - [TEST_STEP][PASSED] - delay(3): Delayed 3 second(s)

2020-09-02 11:42:23 - [MESSAGE][PASSED] - Delayed 3 second(s)

2020-09-02 11:42:23 - [TEST_STEP][PASSED] - sendKeys(findTestObject("GoAmlReport/07 Entity/Account Tab From/03 Director/10 Alamat/03 Negara"), Keys.chord(ENTER)): Keys 'ENTER + ' sent to object: 'Object Repository/GoAmlReport/07 Entity/Account Tab From/03 Director/10 Alamat/03 Negara'

2020-09-02 11:42:24 - [MESSAGE][PASSED] - Keys 'ENTER + ' sent to object: 'Object Repository/GoAmlReport/07 Entity/Account Tab From/03 Director/10 Alamat/03 Negara'

2020-09-02 11:42:24 - [TEST_STEP][PASSED] - click(findTestObject("GoAmlReport/07 Entity/Account Tab From/03 Director/10 Alamat/save"), STOP_ON_FAILURE): Object: 'Object Repository/GoAmlReport/07 Entity/Account Tab From/03 Director/10 Alamat/save' is clicked on

2020-09-02 11:42:25 - [MESSAGE][PASSED] - Object: 'Object Repository/GoAmlReport/07 Entity/Account Tab From/03 Director/10 Alamat/save' is clicked on

2020-09-02 11:42:25 - [TEST_STEP][PASSED] - scrollToElement(findTestObject("GoAmlReport/07 Entity/Account Tab From/03 Director/11 Dokumen Identitas/Tambah Dokumen Identitas"), 3): Scroll to object 'Object Repository/GoAmlReport/07 Entity/Account Tab From/03 Director/11 Dokumen Identitas/Tambah Dokumen Identitas' successfully

2020-09-02 11:42:25 - [MESSAGE][PASSED] - Scroll to object 'Object Repository/GoAmlReport/07 Entity/Account Tab From/03 Director/11 Dokumen Identitas/Tambah Dokumen Identitas' successfully

2020-09-02 11:42:25 - [TEST_STEP][PASSED] - click(findTestObject("GoAmlReport/07 Entity/Account Tab From/03 Director/11 Dokumen Identitas/Tambah Dokumen Identitas")): Object: 'Object Repository/GoAmlReport/07 Entity/Account Tab From/03 Director/11 Dokumen Identitas/Tambah Dokumen Identitas' is clicked on

2020-09-02 11:42:26 - [MESSAGE][PASSED] - Object: 'Object Repository/GoAmlReport/07 Entity/Account Tab From/03 Director/11 Dokumen Identitas/Tambah Dokumen Identitas' is clicked on

2020-09-02 11:42:26 - [TEST_STEP][PASSED] - delay(3): Delayed 3 second(s)

2020-09-02 11:42:29 - [MESSAGE][PASSED] - Delayed 3 second(s)

2020-09-02 11:42:29 - [TEST_STEP][PASSED] - setText(findTestObject("GoAmlReport/07 Entity/Account Tab From/03 Director/11 Dokumen Identitas/01 Jenis Dokumen Identitas"), "SUKET - Surat Keterangan Kependudukan"): Text 'SUKET - Surat Keterangan Kependudukan' is set on object 'Object Repository/GoAmlReport/07 Entity/Account Tab From/03 Director/11 Dokumen Identitas/01 Jenis Dokumen Identitas'

2020-09-02 11:42:31 - [MESSAGE][PASSED] - Text 'SUKET - Surat Keterangan Kependudukan' is set on object 'Object Repository/GoAmlReport/07 Entity/Account Tab From/03 Director/11 Dokumen Identitas/01 Jenis Dokumen Identitas'

2020-09-02 11:42:31 - [TEST_STEP][PASSED] - delay(3): Delayed 3 second(s)

2020-09-02 11:42:34 - [MESSAGE][PASSED] - Delayed 3 second(s)

2020-09-02 11:42:34 - [TEST_STEP][PASSED] - sendKeys(findTestObject("GoAmlReport/07 Entity/Account Tab From/03 Director/11 Dokumen Identitas/01 Jenis Dokumen Identitas"), Keys.chord(ENTER)): Keys 'ENTER + ' sent to object: 'Object Repository/GoAmlReport/07 Entity/Account Tab From/03 Director/11 Dokumen Identitas/01 Jenis Dokumen Identitas'

2020-09-02 11:42:34 - [MESSAGE][PASSED] - Keys 'ENTER + ' sent to object: 'Object Repository/GoAmlReport/07 Entity/Account Tab From/03 Director/11 Dokumen Identitas/01 Jenis Dokumen Identitas'

2020-09-02 11:42:34 - [TEST_STEP][PASSED] - setText(findTestObject("GoAmlReport/07 Entity/Account Tab From/03 Director/11 Dokumen Identitas/02 No Identitas"), "12321444"): Text '12321444' is set on object 'Object Repository/GoAmlReport/07 Entity/Account Tab From/03 Director/11 Dokumen Identitas/02 No Identitas'

2020-09-02 11:42:35 - [MESSAGE][PASSED] - Text '12321444' is set on object 'Object Repository/GoAmlReport/07 Entity/Account Tab From/03 Director/11 Dokumen Identitas/02 No Identitas'

2020-09-02 11:42:35 - [TEST_STEP][PASSED] - setText(findTestObject("GoAmlReport/07 Entity/Account Tab From/03 Director/11 Dokumen Identitas/03 Negara Penerbit"), "ID - INDONESIA"): Text 'ID - INDONESIA' is set on object 'Object Repository/GoAmlReport/07 Entity/Account Tab From/03 Director/11 Dokumen Identitas/03 Negara Penerbit'

2020-09-02 11:42:36 - [MESSAGE][PASSED] - Text 'ID - INDONESIA' is set on object 'Object Repository/GoAmlReport/07 Entity/Account Tab From/03 Director/11 Dokumen Identitas/03 Negara Penerbit'

2020-09-02 11:42:36 - [TEST_STEP][PASSED] - delay(3): Delayed 3 second(s)

2020-09-02 11:42:39 - [MESSAGE][PASSED] - Delayed 3 second(s)

2020-09-02 11:42:39 - [TEST_STEP][PASSED] - sendKeys(findTestObject("GoAmlReport/07 Entity/Account Tab From/03 Director/11 Dokumen Identitas/03 Negara Penerbit"), Keys.chord(ENTER)): Keys 'ENTER + ' sent to object: 'Object Repository/GoAmlReport/07 Entity/Account Tab From/03 Director/11 Dokumen Identitas/03 Negara Penerbit'

2020-09-02 11:42:39 - [MESSAGE][PASSED] - Keys 'ENTER + ' sent to object: 'Object Repository/GoAmlReport/07 Entity/Account Tab From/03 Director/11 Dokumen Identitas/03 Negara Penerbit'

2020-09-02 11:42:39 - [TEST_STEP][PASSED] - click(findTestObject("GoAmlReport/07 Entity/Account Tab From/03 Director/11 Dokumen Identitas/Save")): Object: 'Object Repository/GoAmlReport/07 Entity/Account Tab From/03 Director/11 Dokumen Identitas/Save' is clicked on

2020-09-02 11:42:40 - [MESSAGE][PASSED] - Object: 'Object Repository/GoAmlReport/07 Entity/Account Tab From/03 Director/11 Dokumen Identitas/Save' is clicked on

2020-09-02 11:42:40 - [TEST_STEP][PASSED] - click(findTestObject("GoAmlReport/07 Entity/Account Tab From/03 Director/99 Save")): Object: 'Object Repository/GoAmlReport/07 Entity/Account Tab From/03 Director/99 Save' is clicked on

2020-09-02 11:42:41 - [MESSAGE][PASSED] - Object: 'Object Repository/GoAmlReport/07 Entity/Account Tab From/03 Director/99 Save' is clicked on

2020-09-02 11:42:41 - [TEST_STEP][PASSED] - delay(2): Delayed 2 second(s)

2020-09-02 11:42:43 - [MESSAGE][PASSED] - Delayed 2 second(s)

2020-09-02 11:42:43 - [MESSAGE][PASSED] - Call Test Case 'Test Cases/GoAML Report 4' successfully

2020-09-02 11:42:43 - [TEST_STEP][PASSED] - callTestCase(findTestCase("GoAML Report 5"), [:], STOP_ON_FAILURE): Call Test Case 'Test Cases/GoAML Report 5' successfully

2020-09-02 11:42:43 - [TEST_CASE][PASSED] - Test Cases/GoAML Report 5: Test Cases/GoAML Report 5

2020-09-02 11:42:44 - [TEST_STEP][PASSED] - for ([rowNum = 1, rowNum <= findTestData("GoAMLReport/Transaksi").getRowNumbers(), (rowNum++)]): Delayed 2 second(s)

2020-09-02 11:42:44 - [TEST_STEP][PASSED] - delay(6): Delayed 6 second(s)

2020-09-02 11:42:51 - [MESSAGE][PASSED] - Delayed 6 second(s)

2020-09-02 11:42:51 - [TEST_STEP][PASSED] - if (findTestData("GoAMLReport/Transaksi").getValue(1, rowNum) == "true"): Keys 'ENTER + ' sent to object: 'Object Repository/GoAmlReport/04 Identitas Penerima/07 Negara Trx Tujuan'

2020-09-02 11:42:51 - [TEST_STEP][PASSED] - if (findTestData("GoAMLReport/Transaksi").getValue(9, rowNum) == "true"): null

2020-09-02 11:42:51 - [TEST_STEP][PASSED] - if (findTestData("GoAMLReport/Transaksi").getValue(10, rowNum) == "uang tunai"): Keys 'ENTER + ' sent to object: 'Object Repository/GoAmlReport/04 Identitas Penerima/02 Ins Trx Tujuan'

2020-09-02 11:42:51 - [TEST_STEP][PASSED] - scrollToElement(findTestObject("GoAmlReport/04 Identitas Penerima/02 Ins Trx Tujuan"), 3): Scroll to object 'Object Repository/GoAmlReport/04 Identitas Penerima/02 Ins Trx Tujuan' successfully

2020-09-02 11:42:51 - [MESSAGE][PASSED] - Scroll to object 'Object Repository/GoAmlReport/04 Identitas Penerima/02 Ins Trx Tujuan' successfully

2020-09-02 11:42:51 - [TEST_STEP][PASSED] - setText(findTestObject("GoAmlReport/04 Identitas Penerima/02 Ins Trx Tujuan"), "Uang Tunai"): Text 'Uang Tunai' is set on object 'Object Repository/GoAmlReport/04 Identitas Penerima/02 Ins Trx Tujuan'

2020-09-02 11:42:52 - [MESSAGE][PASSED] - Text 'Uang Tunai' is set on object 'Object Repository/GoAmlReport/04 Identitas Penerima/02 Ins Trx Tujuan'

2020-09-02 11:42:52 - [TEST_STEP][PASSED] - delay(3): Delayed 3 second(s)

2020-09-02 11:42:55 - [MESSAGE][PASSED] - Delayed 3 second(s)

2020-09-02 11:42:55 - [TEST_STEP][PASSED] - sendKeys(findTestObject("GoAmlReport/04 Identitas Penerima/02 Ins Trx Tujuan"), Keys.chord(ENTER)): Keys 'ENTER + ' sent to object: 'Object Repository/GoAmlReport/04 Identitas Penerima/02 Ins Trx Tujuan'

2020-09-02 11:42:56 - [MESSAGE][PASSED] - Keys 'ENTER + ' sent to object: 'Object Repository/GoAmlReport/04 Identitas Penerima/02 Ins Trx Tujuan'

2020-09-02 11:42:56 - [TEST_STEP][PASSED] - if (findTestData("GoAMLReport/Transaksi").getValue(10, rowNum) == "rekening"): null

2020-09-02 11:42:56 - [TEST_STEP][PASSED] - scrollToElement(findTestObject("GoAmlReport/04 Identitas Penerima/05 Nominal Valas"), 3): Scroll to object 'Object Repository/GoAmlReport/04 Identitas Penerima/05 Nominal Valas' successfully

2020-09-02 11:42:56 - [MESSAGE][PASSED] - Scroll to object 'Object Repository/GoAmlReport/04 Identitas Penerima/05 Nominal Valas' successfully

2020-09-02 11:42:56 - [TEST_STEP][PASSED] - setText(findTestObject("GoAmlReport/04 Identitas Penerima/05 Nominal Valas"), "500000"): Text '500000' is set on object 'Object Repository/GoAmlReport/04 Identitas Penerima/05 Nominal Valas'

2020-09-02 11:42:57 - [MESSAGE][PASSED] - Text '500000' is set on object 'Object Repository/GoAmlReport/04 Identitas Penerima/05 Nominal Valas'

2020-09-02 11:42:57 - [TEST_STEP][PASSED] - scrollToElement(findTestObject("GoAmlReport/04 Identitas Penerima/06 Kurs"), 3): Scroll to object 'Object Repository/GoAmlReport/04 Identitas Penerima/06 Kurs' successfully

2020-09-02 11:42:57 - [MESSAGE][PASSED] - Scroll to object 'Object Repository/GoAmlReport/04 Identitas Penerima/06 Kurs' successfully

2020-09-02 11:42:57 - [TEST_STEP][PASSED] - setText(findTestObject("GoAmlReport/04 Identitas Penerima/06 Kurs"), "nope"): Text 'nope' is set on object 'Object Repository/GoAmlReport/04 Identitas Penerima/06 Kurs'

2020-09-02 11:42:58 - [MESSAGE][PASSED] - Text 'nope' is set on object 'Object Repository/GoAmlReport/04 Identitas Penerima/06 Kurs'

2020-09-02 11:42:58 - [TEST_STEP][PASSED] - setText(findTestObject("GoAmlReport/04 Identitas Penerima/999 Mata Uang Tujuan"), "TWD - Taiwan Dollar"): Text 'TWD - Taiwan Dollar' is set on object 'Object Repository/GoAmlReport/04 Identitas Penerima/999 Mata Uang Tujuan'

2020-09-02 11:43:00 - [MESSAGE][PASSED] - Text 'TWD - Taiwan Dollar' is set on object 'Object Repository/GoAmlReport/04 Identitas Penerima/999 Mata Uang Tujuan'

2020-09-02 11:43:00 - [TEST_STEP][PASSED] - delay(3): Delayed 3 second(s)

2020-09-02 11:43:03 - [MESSAGE][PASSED] - Delayed 3 second(s)

2020-09-02 11:43:03 - [TEST_STEP][PASSED] - sendKeys(findTestObject("GoAmlReport/04 Identitas Penerima/999 Mata Uang Tujuan"), Keys.chord(ENTER)): Keys 'ENTER + ' sent to object: 'Object Repository/GoAmlReport/04 Identitas Penerima/999 Mata Uang Tujuan'

2020-09-02 11:43:03 - [MESSAGE][PASSED] - Keys 'ENTER + ' sent to object: 'Object Repository/GoAmlReport/04 Identitas Penerima/999 Mata Uang Tujuan'

2020-09-02 11:43:03 - [TEST_STEP][PASSED] - scrollToElement(findTestObject("GoAmlReport/04 Identitas Penerima/07 Negara Trx Tujuan"), 3): Scroll to object 'Object Repository/GoAmlReport/04 Identitas Penerima/07 Negara Trx Tujuan' successfully

2020-09-02 11:43:04 - [MESSAGE][PASSED] - Scroll to object 'Object Repository/GoAmlReport/04 Identitas Penerima/07 Negara Trx Tujuan' successfully

2020-09-02 11:43:04 - [TEST_STEP][PASSED] - setText(findTestObject("GoAmlReport/04 Identitas Penerima/07 Negara Trx Tujuan"), "ital"): Text 'ital' is set on object 'Object Repository/GoAmlReport/04 Identitas Penerima/07 Negara Trx Tujuan'

2020-09-02 11:43:04 - [MESSAGE][PASSED] - Text 'ital' is set on object 'Object Repository/GoAmlReport/04 Identitas Penerima/07 Negara Trx Tujuan'

2020-09-02 11:43:04 - [TEST_STEP][PASSED] - delay(3): Delayed 3 second(s)

2020-09-02 11:43:07 - [MESSAGE][PASSED] - Delayed 3 second(s)

2020-09-02 11:43:07 - [TEST_STEP][PASSED] - sendKeys(findTestObject("GoAmlReport/04 Identitas Penerima/07 Negara Trx Tujuan"), Keys.chord(ENTER)): Keys 'ENTER + ' sent to object: 'Object Repository/GoAmlReport/04 Identitas Penerima/07 Negara Trx Tujuan'

2020-09-02 11:43:08 - [MESSAGE][PASSED] - Keys 'ENTER + ' sent to object: 'Object Repository/GoAmlReport/04 Identitas Penerima/07 Negara Trx Tujuan'

2020-09-02 11:43:08 - [TEST_STEP][PASSED] - if (findTestData("GoAMLReport/Transaksi").getValue(11, rowNum) == "account"): null

2020-09-02 11:43:08 - [TEST_STEP][PASSED] - if (findTestData("GoAMLReport/Transaksi").getValue(11, rowNum) == "person"): null

2020-09-02 11:43:08 - [TEST_STEP][PASSED] - if (findTestData("GoAMLReport/Transaksi").getValue(11, rowNum) == "entity"): Delayed 2 second(s)

2020-09-02 11:43:08 - [TEST_STEP][PASSED] - setText(findTestObject("GoAmlReport/04 Identitas Penerima/08 Informasi Penerima"), findTestData("GoAMLReport/Transaksi").getValue(11, rowNum)): Text 'entity' is set on object 'Object Repository/GoAmlReport/04 Identitas Penerima/08 Informasi Penerima'

2020-09-02 11:43:09 - [MESSAGE][PASSED] - Text 'entity' is set on object 'Object Repository/GoAmlReport/04 Identitas Penerima/08 Informasi Penerima'

2020-09-02 11:43:09 - [TEST_STEP][PASSED] - delay(8): Delayed 8 second(s)

2020-09-02 11:43:17 - [MESSAGE][PASSED] - Delayed 8 second(s)

2020-09-02 11:43:17 - [TEST_STEP][PASSED] - sendKeys(findTestObject("GoAmlReport/04 Identitas Penerima/08 Informasi Penerima"), Keys.chord(ENTER)): Keys 'ENTER + ' sent to object: 'Object Repository/GoAmlReport/04 Identitas Penerima/08 Informasi Penerima'

2020-09-02 11:43:17 - [MESSAGE][PASSED] - Keys 'ENTER + ' sent to object: 'Object Repository/GoAmlReport/04 Identitas Penerima/08 Informasi Penerima'

2020-09-02 11:43:17 - [TEST_STEP][PASSED] - delay(5): Delayed 5 second(s)

2020-09-02 11:43:22 - [MESSAGE][PASSED] - Delayed 5 second(s)

2020-09-02 11:43:22 - [TEST_STEP][PASSED] - setText(findTestObject("GoAmlReport/07 Entity/Account To/01 Nama Korporasi"), "Simpan Pinjam"): Text 'Simpan Pinjam' is set on object 'Object Repository/GoAmlReport/07 Entity/Account To/01 Nama Korporasi'

2020-09-02 11:43:23 - [MESSAGE][PASSED] - Text 'Simpan Pinjam' is set on object 'Object Repository/GoAmlReport/07 Entity/Account To/01 Nama Korporasi'

2020-09-02 11:43:23 - [TEST_STEP][PASSED] - setText(findTestObject("GoAmlReport/07 Entity/Account To/02 Bentuk Korporasi"), "PD - Perusahaan Daerah"): Text 'PD - Perusahaan Daerah' is set on object 'Object Repository/GoAmlReport/07 Entity/Account To/02 Bentuk Korporasi'

2020-09-02 11:43:24 - [MESSAGE][PASSED] - Text 'PD - Perusahaan Daerah' is set on object 'Object Repository/GoAmlReport/07 Entity/Account To/02 Bentuk Korporasi'

2020-09-02 11:43:24 - [TEST_STEP][PASSED] - delay(3): Delayed 3 second(s)

2020-09-02 11:43:27 - [MESSAGE][PASSED] - Delayed 3 second(s)

2020-09-02 11:43:27 - [TEST_STEP][PASSED] - sendKeys(findTestObject("GoAmlReport/07 Entity/Account To/02 Bentuk Korporasi"), Keys.chord(ENTER)): Keys 'ENTER + ' sent to object: 'Object Repository/GoAmlReport/07 Entity/Account To/02 Bentuk Korporasi'

2020-09-02 11:43:28 - [MESSAGE][PASSED] - Keys 'ENTER + ' sent to object: 'Object Repository/GoAmlReport/07 Entity/Account To/02 Bentuk Korporasi'

2020-09-02 11:43:28 - [TEST_STEP][PASSED] - setText(findTestObject("GoAmlReport/07 Entity/Account To/03 Bidang Usaha"), "Rentenir"): Text 'Rentenir' is set on object 'Object Repository/GoAmlReport/07 Entity/Account To/03 Bidang Usaha'

2020-09-02 11:43:29 - [MESSAGE][PASSED] - Text 'Rentenir' is set on object 'Object Repository/GoAmlReport/07 Entity/Account To/03 Bidang Usaha'

2020-09-02 11:43:29 - [TEST_STEP][PASSED] - delay(3): Delayed 3 second(s)

2020-09-02 11:43:32 - [MESSAGE][PASSED] - Delayed 3 second(s)

2020-09-02 11:43:32 - [TEST_STEP][PASSED] - sendKeys(findTestObject("GoAmlReport/07 Entity/Account To/03 Negara"), Keys.chord(ENTER)): Keys 'ENTER + ' sent to object: 'Object Repository/GoAmlReport/07 Entity/Account To/03 Negara'

2020-09-02 11:43:32 - [MESSAGE][PASSED] - Keys 'ENTER + ' sent to object: 'Object Repository/GoAmlReport/07 Entity/Account To/03 Negara'

2020-09-02 11:43:32 - [TEST_STEP][PASSED] - delay(3): Delayed 3 second(s)

2020-09-02 11:43:35 - [MESSAGE][PASSED] - Delayed 3 second(s)

2020-09-02 11:43:35 - [TEST_STEP][PASSED] - setText(findTestObject("GoAmlReport/07 Entity/Account To/03 Negara"), "indone"): Text 'indone' is set on object 'Object Repository/GoAmlReport/07 Entity/Account To/03 Negara'

2020-09-02 11:43:36 - [MESSAGE][PASSED] - Text 'indone' is set on object 'Object Repository/GoAmlReport/07 Entity/Account To/03 Negara'

2020-09-02 11:43:36 - [TEST_STEP][PASSED] - delay(3): Delayed 3 second(s)

2020-09-02 11:43:39 - [MESSAGE][PASSED] - Delayed 3 second(s)

2020-09-02 11:43:39 - [TEST_STEP][PASSED] - sendKeys(findTestObject("GoAmlReport/07 Entity/Account To/03 Negara"), Keys.chord(ENTER)): Keys 'ENTER + ' sent to object: 'Object Repository/GoAmlReport/07 Entity/Account To/03 Negara'

2020-09-02 11:43:39 - [MESSAGE][PASSED] - Keys 'ENTER + ' sent to object: 'Object Repository/GoAmlReport/07 Entity/Account To/03 Negara'

2020-09-02 11:43:39 - [TEST_STEP][PASSED] - setText(findTestObject("GoAmlReport/07 Entity/Account To/04 NPWP"), "123213123"): Text '123213123' is set on object 'Object Repository/GoAmlReport/07 Entity/Account To/04 NPWP'

2020-09-02 11:43:40 - [MESSAGE][PASSED] - Text '123213123' is set on object 'Object Repository/GoAmlReport/07 Entity/Account To/04 NPWP'

2020-09-02 11:43:40 - [TEST_STEP][PASSED] - scrollToElement(findTestObject("GoAmlReport/07 Entity/Account Tab To/01 Telepon/Tambah Telepon"), 3): Scroll to object 'Object Repository/GoAmlReport/07 Entity/Account Tab To/01 Telepon/Tambah Telepon' successfully

2020-09-02 11:43:41 - [MESSAGE][PASSED] - Scroll to object 'Object Repository/GoAmlReport/07 Entity/Account Tab To/01 Telepon/Tambah Telepon' successfully

2020-09-02 11:43:41 - [TEST_STEP][PASSED] - click(findTestObject("GoAmlReport/07 Entity/Account Tab To/01 Telepon/Tambah Telepon")): Object: 'Object Repository/GoAmlReport/07 Entity/Account Tab To/01 Telepon/Tambah Telepon' is clicked on

2020-09-02 11:43:41 - [MESSAGE][PASSED] - Object: 'Object Repository/GoAmlReport/07 Entity/Account Tab To/01 Telepon/Tambah Telepon' is clicked on

2020-09-02 11:43:41 - [TEST_STEP][PASSED] - delay(5): Delayed 5 second(s)

2020-09-02 11:43:46 - [MESSAGE][PASSED] - Delayed 5 second(s)

2020-09-02 11:43:46 - [TEST_STEP][PASSED] - setText(findTestObject("GoAmlReport/07 Entity/Account Tab To/01 Telepon/01 Kategori Kontak"), "D - Domisili"): Text 'D - Domisili' is set on object 'Object Repository/GoAmlReport/07 Entity/Account Tab To/01 Telepon/01 Kategori Kontak'

2020-09-02 11:43:47 - [MESSAGE][PASSED] - Text 'D - Domisili' is set on object 'Object Repository/GoAmlReport/07 Entity/Account Tab To/01 Telepon/01 Kategori Kontak'

2020-09-02 11:43:47 - [TEST_STEP][PASSED] - delay(3): Delayed 3 second(s)

2020-09-02 11:43:50 - [MESSAGE][PASSED] - Delayed 3 second(s)

2020-09-02 11:43:50 - [TEST_STEP][PASSED] - sendKeys(findTestObject("GoAmlReport/07 Entity/Account Tab To/01 Telepon/01 Kategori Kontak"), Keys.chord(ENTER)): Keys 'ENTER + ' sent to object: 'Object Repository/GoAmlReport/07 Entity/Account Tab To/01 Telepon/01 Kategori Kontak'

2020-09-02 11:43:51 - [MESSAGE][PASSED] - Keys 'ENTER + ' sent to object: 'Object Repository/GoAmlReport/07 Entity/Account Tab To/01 Telepon/01 Kategori Kontak'

2020-09-02 11:43:51 - [TEST_STEP][PASSED] - setText(findTestObject("GoAmlReport/07 Entity/Account Tab To/01 Telepon/02 Alat Komunikasi"), "PSTN - PSTN"): Text 'PSTN - PSTN' is set on object 'Object Repository/GoAmlReport/07 Entity/Account Tab To/01 Telepon/02 Alat Komunikasi'

2020-09-02 11:43:52 - [MESSAGE][PASSED] - Text 'PSTN - PSTN' is set on object 'Object Repository/GoAmlReport/07 Entity/Account Tab To/01 Telepon/02 Alat Komunikasi'

2020-09-02 11:43:52 - [TEST_STEP][PASSED] - delay(3): Delayed 3 second(s)

2020-09-02 11:43:55 - [MESSAGE][PASSED] - Delayed 3 second(s)

2020-09-02 11:43:55 - [TEST_STEP][PASSED] - sendKeys(findTestObject("GoAmlReport/07 Entity/Account Tab To/01 Telepon/02 Alat Komunikasi"), Keys.chord(ENTER)): Keys 'ENTER + ' sent to object: 'Object Repository/GoAmlReport/07 Entity/Account Tab To/01 Telepon/02 Alat Komunikasi'

2020-09-02 11:43:55 - [MESSAGE][PASSED] - Keys 'ENTER + ' sent to object: 'Object Repository/GoAmlReport/07 Entity/Account Tab To/01 Telepon/02 Alat Komunikasi'

2020-09-02 11:43:55 - [TEST_STEP][PASSED] - setText(findTestObject("GoAmlReport/07 Entity/Account Tab To/01 Telepon/03 No Telepon"), "0986745632"): Text '0986745632' is set on object 'Object Repository/GoAmlReport/07 Entity/Account Tab To/01 Telepon/03 No Telepon'

2020-09-02 11:43:56 - [MESSAGE][PASSED] - Text '0986745632' is set on object 'Object Repository/GoAmlReport/07 Entity/Account Tab To/01 Telepon/03 No Telepon'

2020-09-02 11:43:56 - [TEST_STEP][PASSED] - delay(2): Delayed 2 second(s)

2020-09-02 11:43:58 - [MESSAGE][PASSED] - Delayed 2 second(s)

2020-09-02 11:43:58 - [TEST_STEP][PASSED] - scrollToElement(findTestObject("GoAmlReport/07 Entity/Account Tab To/01 Telepon/Save"), 3): Scroll to object 'Object Repository/GoAmlReport/07 Entity/Account Tab To/01 Telepon/Save' successfully

2020-09-02 11:43:59 - [MESSAGE][PASSED] - Scroll to object 'Object Repository/GoAmlReport/07 Entity/Account Tab To/01 Telepon/Save' successfully

2020-09-02 11:43:59 - [TEST_STEP][PASSED] - click(findTestObject("GoAmlReport/07 Entity/Account Tab To/01 Telepon/Save"), STOP_ON_FAILURE): Object: 'Object Repository/GoAmlReport/07 Entity/Account Tab To/01 Telepon/Save' is clicked on

2020-09-02 11:43:59 - [MESSAGE][PASSED] - Object: 'Object Repository/GoAmlReport/07 Entity/Account Tab To/01 Telepon/Save' is clicked on

2020-09-02 11:43:59 - [TEST_STEP][PASSED] - delay(3): Delayed 3 second(s)

2020-09-02 11:44:02 - [MESSAGE][PASSED] - Delayed 3 second(s)

2020-09-02 11:44:02 - [TEST_STEP][PASSED] - scrollToElement(findTestObject("GoAmlReport/07 Entity/Account Tab To/02 Alamat/span_Tambah Alamat"), 3): Scroll to object 'Object Repository/GoAmlReport/07 Entity/Account Tab To/02 Alamat/span_Tambah Alamat' successfully

2020-09-02 11:44:03 - [MESSAGE][PASSED] - Scroll to object 'Object Repository/GoAmlReport/07 Entity/Account Tab To/02 Alamat/span_Tambah Alamat' successfully

2020-09-02 11:44:03 - [TEST_STEP][PASSED] - click(findTestObject("GoAmlReport/07 Entity/Account Tab To/02 Alamat/span_Tambah Alamat")): Object: 'Object Repository/GoAmlReport/07 Entity/Account Tab To/02 Alamat/span_Tambah Alamat' is clicked on

2020-09-02 11:44:03 - [MESSAGE][PASSED] - Object: 'Object Repository/GoAmlReport/07 Entity/Account Tab To/02 Alamat/span_Tambah Alamat' is clicked on

2020-09-02 11:44:03 - [TEST_STEP][PASSED] - delay(5): Delayed 5 second(s)

2020-09-02 11:44:08 - [MESSAGE][PASSED] - Delayed 5 second(s)

2020-09-02 11:44:08 - [TEST_STEP][PASSED] - setText(findTestObject("GoAmlReport/07 Entity/Account Tab To/02 Alamat/01 Type Alamat"), "D - Domisili"): Text 'D - Domisili' is set on object 'Object Repository/GoAmlReport/07 Entity/Account Tab To/02 Alamat/01 Type Alamat'

2020-09-02 11:44:09 - [MESSAGE][PASSED] - Text 'D - Domisili' is set on object 'Object Repository/GoAmlReport/07 Entity/Account Tab To/02 Alamat/01 Type Alamat'

2020-09-02 11:44:09 - [TEST_STEP][PASSED] - delay(5): Delayed 5 second(s)

2020-09-02 11:44:14 - [MESSAGE][PASSED] - Delayed 5 second(s)

2020-09-02 11:44:14 - [TEST_STEP][PASSED] - sendKeys(findTestObject("GoAmlReport/07 Entity/Account Tab To/02 Alamat/01 Type Alamat"), Keys.chord(ENTER)): Keys 'ENTER + ' sent to object: 'Object Repository/GoAmlReport/07 Entity/Account Tab To/02 Alamat/01 Type Alamat'

2020-09-02 11:44:15 - [MESSAGE][PASSED] - Keys 'ENTER + ' sent to object: 'Object Repository/GoAmlReport/07 Entity/Account Tab To/02 Alamat/01 Type Alamat'

2020-09-02 11:44:15 - [TEST_STEP][PASSED] - setText(findTestObject("GoAmlReport/07 Entity/Account Tab To/02 Alamat/02 Alamat"), "Jl. sdhjsadkjsnadklsandkjasd"): Text 'Jl. sdhjsadkjsnadklsandkjasd' is set on object 'Object Repository/GoAmlReport/07 Entity/Account Tab To/02 Alamat/02 Alamat'

2020-09-02 11:44:15 - [MESSAGE][PASSED] - Text 'Jl. sdhjsadkjsnadklsandkjasd' is set on object 'Object Repository/GoAmlReport/07 Entity/Account Tab To/02 Alamat/02 Alamat'

2020-09-02 11:44:15 - [TEST_STEP][PASSED] - setText(findTestObject("GoAmlReport/07 Entity/Account Tab To/02 Alamat/03 Kota"), "Jakarta"): Text 'Jakarta' is set on object 'Object Repository/GoAmlReport/07 Entity/Account Tab To/02 Alamat/03 Kota'

2020-09-02 11:44:16 - [MESSAGE][PASSED] - Text 'Jakarta' is set on object 'Object Repository/GoAmlReport/07 Entity/Account Tab To/02 Alamat/03 Kota'

2020-09-02 11:44:16 - [TEST_STEP][PASSED] - setText(findTestObject("GoAmlReport/07 Entity/Account Tab To/02 Alamat/03 Negara"), "ID - INDONESIA"): Text 'ID - INDONESIA' is set on object 'Object Repository/GoAmlReport/07 Entity/Account Tab To/02 Alamat/03 Negara'

2020-09-02 11:44:17 - [MESSAGE][PASSED] - Text 'ID - INDONESIA' is set on object 'Object Repository/GoAmlReport/07 Entity/Account Tab To/02 Alamat/03 Negara'

2020-09-02 11:44:17 - [TEST_STEP][PASSED] - delay(3): Delayed 3 second(s)

2020-09-02 11:44:20 - [MESSAGE][PASSED] - Delayed 3 second(s)

2020-09-02 11:44:20 - [TEST_STEP][PASSED] - sendKeys(findTestObject("GoAmlReport/07 Entity/Account Tab To/02 Alamat/03 Negara"), Keys.chord(ENTER)): Keys 'ENTER + ' sent to object: 'Object Repository/GoAmlReport/07 Entity/Account Tab To/02 Alamat/03 Negara'

2020-09-02 11:44:20 - [MESSAGE][PASSED] - Keys 'ENTER + ' sent to object: 'Object Repository/GoAmlReport/07 Entity/Account Tab To/02 Alamat/03 Negara'

2020-09-02 11:44:20 - [TEST_STEP][PASSED] - delay(2): Delayed 2 second(s)

2020-09-02 11:44:22 - [MESSAGE][PASSED] - Delayed 2 second(s)

2020-09-02 11:44:22 - [TEST_STEP][PASSED] - click(findTestObject("GoAmlReport/07 Entity/Account Tab To/02 Alamat/save")): Object: 'Object Repository/GoAmlReport/07 Entity/Account Tab To/02 Alamat/save' is clicked on

2020-09-02 11:44:23 - [MESSAGE][PASSED] - Object: 'Object Repository/GoAmlReport/07 Entity/Account Tab To/02 Alamat/save' is clicked on

2020-09-02 11:44:23 - [TEST_STEP][PASSED] - click(findTestObject("GoAmlReport/07 Entity/Account Tab To/03 Director/00 Add")): Object: 'Object Repository/GoAmlReport/07 Entity/Account Tab To/03 Director/00 Add' is clicked on

2020-09-02 11:44:24 - [MESSAGE][PASSED] - Object: 'Object Repository/GoAmlReport/07 Entity/Account Tab To/03 Director/00 Add' is clicked on

2020-09-02 11:44:24 - [TEST_STEP][PASSED] - scrollToElement(findTestObject("GoAmlReport/07 Entity/Account Tab To/03 Director/00 Add"), 3): Scroll to object 'Object Repository/GoAmlReport/07 Entity/Account Tab To/03 Director/00 Add' successfully

2020-09-02 11:44:25 - [MESSAGE][PASSED] - Scroll to object 'Object Repository/GoAmlReport/07 Entity/Account Tab To/03 Director/00 Add' successfully

2020-09-02 11:44:25 - [TEST_STEP][PASSED] - delay(5): Delayed 5 second(s)

2020-09-02 11:44:30 - [MESSAGE][PASSED] - Delayed 5 second(s)

2020-09-02 11:44:30 - [TEST_STEP][PASSED] - setText(findTestObject("GoAmlReport/07 Entity/Account Tab To/03 Director/01 Jenis Kelamin"), "F - Female"): Text 'F - Female' is set on object 'Object Repository/GoAmlReport/07 Entity/Account Tab To/03 Director/01 Jenis Kelamin'

2020-09-02 11:44:31 - [MESSAGE][PASSED] - Text 'F - Female' is set on object 'Object Repository/GoAmlReport/07 Entity/Account Tab To/03 Director/01 Jenis Kelamin'

2020-09-02 11:44:31 - [TEST_STEP][PASSED] - delay(5): Delayed 5 second(s)

2020-09-02 11:44:36 - [MESSAGE][PASSED] - Delayed 5 second(s)

2020-09-02 11:44:36 - [TEST_STEP][PASSED] - sendKeys(findTestObject("GoAmlReport/07 Entity/Account Tab To/03 Director/01 Jenis Kelamin"), Keys.chord(ENTER)): Keys 'ENTER + ' sent to object: 'Object Repository/GoAmlReport/07 Entity/Account Tab To/03 Director/01 Jenis Kelamin'

2020-09-02 11:44:36 - [MESSAGE][PASSED] - Keys 'ENTER + ' sent to object: 'Object Repository/GoAmlReport/07 Entity/Account Tab To/03 Director/01 Jenis Kelamin'

2020-09-02 11:44:37 - [TEST_STEP][PASSED] - setText(findTestObject("GoAmlReport/07 Entity/Account Tab To/03 Director/02 Nama Lengkap"), "Aman "): Text 'Aman ' is set on object 'Object Repository/GoAmlReport/07 Entity/Account Tab To/03 Director/02 Nama Lengkap'

2020-09-02 11:44:37 - [MESSAGE][PASSED] - Text 'Aman ' is set on object 'Object Repository/GoAmlReport/07 Entity/Account Tab To/03 Director/02 Nama Lengkap'

2020-09-02 11:44:37 - [TEST_STEP][PASSED] - setText(findTestObject("GoAmlReport/07 Entity/Account Tab To/03 Director/10 Tanggal Lahir"), "01-Aug-96"): Text '01-Aug-96' is set on object 'Object Repository/GoAmlReport/07 Entity/Account Tab To/03 Director/10 Tanggal Lahir'

2020-09-02 11:44:38 - [MESSAGE][PASSED] - Text '01-Aug-96' is set on object 'Object Repository/GoAmlReport/07 Entity/Account Tab To/03 Director/10 Tanggal Lahir'

2020-09-02 11:44:38 - [TEST_STEP][PASSED] - delay(2): Delayed 2 second(s)

2020-09-02 11:44:40 - [MESSAGE][PASSED] - Delayed 2 second(s)

2020-09-02 11:44:40 - [TEST_STEP][PASSED] - setText(findTestObject("GoAmlReport/07 Entity/Account Tab To/03 Director/12 Tempat Lahir"), "Jakarta"): Text 'Jakarta' is set on object 'Object Repository/GoAmlReport/07 Entity/Account Tab To/03 Director/12 Tempat Lahir'

2020-09-02 11:44:41 - [MESSAGE][PASSED] - Text 'Jakarta' is set on object 'Object Repository/GoAmlReport/07 Entity/Account Tab To/03 Director/12 Tempat Lahir'

2020-09-02 11:44:41 - [TEST_STEP][PASSED] - setText(findTestObject("GoAmlReport/07 Entity/Account Tab To/03 Director/04 Kewarganegaraan"), "indone"): Text 'indone' is set on object 'Object Repository/GoAmlReport/07 Entity/Account Tab To/03 Director/04 Kewarganegaraan'

2020-09-02 11:44:42 - [MESSAGE][PASSED] - Text 'indone' is set on object 'Object Repository/GoAmlReport/07 Entity/Account Tab To/03 Director/04 Kewarganegaraan'

2020-09-02 11:44:42 - [TEST_STEP][PASSED] - delay(5): Delayed 5 second(s)

2020-09-02 11:44:47 - [MESSAGE][PASSED] - Delayed 5 second(s)

2020-09-02 11:44:47 - [TEST_STEP][PASSED] - sendKeys(findTestObject("GoAmlReport/07 Entity/Account Tab To/03 Director/04 Kewarganegaraan"), Keys.chord(ENTER)): Keys 'ENTER + ' sent to object: 'Object Repository/GoAmlReport/07 Entity/Account Tab To/03 Director/04 Kewarganegaraan'

2020-09-02 11:44:47 - [MESSAGE][PASSED] - Keys 'ENTER + ' sent to object: 'Object Repository/GoAmlReport/07 Entity/Account Tab To/03 Director/04 Kewarganegaraan'

2020-09-02 11:44:47 - [TEST_STEP][PASSED] - setText(findTestObject("GoAmlReport/07 Entity/Account Tab To/03 Director/05 Negara Domisili"), "ID - INDONESIA"): Text 'ID - INDONESIA' is set on object 'Object Repository/GoAmlReport/07 Entity/Account Tab To/03 Director/05 Negara Domisili'

2020-09-02 11:44:48 - [MESSAGE][PASSED] - Text 'ID - INDONESIA' is set on object 'Object Repository/GoAmlReport/07 Entity/Account Tab To/03 Director/05 Negara Domisili'

2020-09-02 11:44:48 - [TEST_STEP][PASSED] - delay(3): Delayed 3 second(s)

2020-09-02 11:44:51 - [MESSAGE][PASSED] - Delayed 3 second(s)

2020-09-02 11:44:51 - [TEST_STEP][PASSED] - sendKeys(findTestObject("GoAmlReport/07 Entity/Account Tab To/03 Director/05 Negara Domisili"), Keys.chord(ENTER)): Keys 'ENTER + ' sent to object: 'Object Repository/GoAmlReport/07 Entity/Account Tab To/03 Director/05 Negara Domisili'

2020-09-02 11:44:52 - [MESSAGE][PASSED] - Keys 'ENTER + ' sent to object: 'Object Repository/GoAmlReport/07 Entity/Account Tab To/03 Director/05 Negara Domisili'

2020-09-02 11:44:52 - [TEST_STEP][PASSED] - setText(findTestObject("GoAmlReport/07 Entity/Account Tab To/03 Director/06 Pekerjaan"), "Kerja Serabutan"): Text 'Kerja Serabutan' is set on object 'Object Repository/GoAmlReport/07 Entity/Account Tab To/03 Director/06 Pekerjaan'

2020-09-02 11:44:52 - [MESSAGE][PASSED] - Text 'Kerja Serabutan' is set on object 'Object Repository/GoAmlReport/07 Entity/Account Tab To/03 Director/06 Pekerjaan'

2020-09-02 11:44:53 - [TEST_STEP][PASSED] - setText(findTestObject("GoAmlReport/07 Entity/Account Tab To/03 Director/07 Sumber Dana"), "Maling"): Text 'Maling' is set on object 'Object Repository/GoAmlReport/07 Entity/Account Tab To/03 Director/07 Sumber Dana'

2020-09-02 11:44:53 - [MESSAGE][PASSED] - Text 'Maling' is set on object 'Object Repository/GoAmlReport/07 Entity/Account Tab To/03 Director/07 Sumber Dana'

2020-09-02 11:44:53 - [TEST_STEP][PASSED] - setText(findTestObject("GoAmlReport/07 Entity/Account Tab To/03 Director/08 Peran"), "UBO - Ultimate Beneficial Owner"): Text 'UBO - Ultimate Beneficial Owner' is set on object 'Object Repository/GoAmlReport/07 Entity/Account Tab To/03 Director/08 Peran'

2020-09-02 11:44:55 - [MESSAGE][PASSED] - Text 'UBO - Ultimate Beneficial Owner' is set on object 'Object Repository/GoAmlReport/07 Entity/Account Tab To/03 Director/08 Peran'

2020-09-02 11:44:55 - [TEST_STEP][PASSED] - delay(2): Delayed 2 second(s)

2020-09-02 11:44:57 - [MESSAGE][PASSED] - Delayed 2 second(s)

2020-09-02 11:44:57 - [TEST_STEP][PASSED] - sendKeys(findTestObject("GoAmlReport/07 Entity/Account Tab To/03 Director/08 Peran"), Keys.chord(ENTER)): Keys 'ENTER + ' sent to object: 'Object Repository/GoAmlReport/07 Entity/Account Tab To/03 Director/08 Peran'

2020-09-02 11:44:57 - [MESSAGE][PASSED] - Keys 'ENTER + ' sent to object: 'Object Repository/GoAmlReport/07 Entity/Account Tab To/03 Director/08 Peran'

2020-09-02 11:44:57 - [TEST_STEP][PASSED] - click(findTestObject("GoAmlReport/07 Entity/Account Tab To/03 Director/09 Telepon/Tambah Telepon")): Object: 'Object Repository/GoAmlReport/07 Entity/Account Tab To/03 Director/09 Telepon/Tambah Telepon' is clicked on

2020-09-02 11:44:58 - [MESSAGE][PASSED] - Object: 'Object Repository/GoAmlReport/07 Entity/Account Tab To/03 Director/09 Telepon/Tambah Telepon' is clicked on

2020-09-02 11:44:58 - [TEST_STEP][PASSED] - scrollToElement(findTestObject("GoAmlReport/07 Entity/Account Tab To/03 Director/09 Telepon/01 Kategori Kontak"), 3): Scroll to object 'Object Repository/GoAmlReport/07 Entity/Account Tab To/03 Director/09 Telepon/01 Kategori Kontak' successfully

2020-09-02 11:44:59 - [MESSAGE][PASSED] - Scroll to object 'Object Repository/GoAmlReport/07 Entity/Account Tab To/03 Director/09 Telepon/01 Kategori Kontak' successfully

2020-09-02 11:44:59 - [TEST_STEP][PASSED] - setText(findTestObject("GoAmlReport/07 Entity/Account Tab To/03 Director/09 Telepon/01 Kategori Kontak"), "K - Kantor"): Text 'K - Kantor' is set on object 'Object Repository/GoAmlReport/07 Entity/Account Tab To/03 Director/09 Telepon/01 Kategori Kontak'

2020-09-02 11:45:00 - [MESSAGE][PASSED] - Text 'K - Kantor' is set on object 'Object Repository/GoAmlReport/07 Entity/Account Tab To/03 Director/09 Telepon/01 Kategori Kontak'

2020-09-02 11:45:00 - [TEST_STEP][PASSED] - delay(3): Delayed 3 second(s)

2020-09-02 11:45:03 - [MESSAGE][PASSED] - Delayed 3 second(s)

2020-09-02 11:45:03 - [TEST_STEP][PASSED] - sendKeys(findTestObject("GoAmlReport/07 Entity/Account Tab To/03 Director/09 Telepon/01 Kategori Kontak"), Keys.chord(ENTER)): Keys 'ENTER + ' sent to object: 'Object Repository/GoAmlReport/07 Entity/Account Tab To/03 Director/09 Telepon/01 Kategori Kontak'

2020-09-02 11:45:04 - [MESSAGE][PASSED] - Keys 'ENTER + ' sent to object: 'Object Repository/GoAmlReport/07 Entity/Account Tab To/03 Director/09 Telepon/01 Kategori Kontak'

2020-09-02 11:45:04 - [TEST_STEP][PASSED] - setText(findTestObject("GoAmlReport/07 Entity/Account Tab To/03 Director/09 Telepon/02 Alat Komunikasi"), "PSTN - PSTN"): Text 'PSTN - PSTN' is set on object 'Object Repository/GoAmlReport/07 Entity/Account Tab To/03 Director/09 Telepon/02 Alat Komunikasi'

2020-09-02 11:45:05 - [MESSAGE][PASSED] - Text 'PSTN - PSTN' is set on object 'Object Repository/GoAmlReport/07 Entity/Account Tab To/03 Director/09 Telepon/02 Alat Komunikasi'

2020-09-02 11:45:05 - [TEST_STEP][PASSED] - delay(3): Delayed 3 second(s)

2020-09-02 11:45:08 - [MESSAGE][PASSED] - Delayed 3 second(s)

2020-09-02 11:45:08 - [TEST_STEP][PASSED] - sendKeys(findTestObject("GoAmlReport/07 Entity/Account Tab To/03 Director/09 Telepon/02 Alat Komunikasi"), Keys.chord(ENTER)): Keys 'ENTER + ' sent to object: 'Object Repository/GoAmlReport/07 Entity/Account Tab To/03 Director/09 Telepon/02 Alat Komunikasi'

2020-09-02 11:45:08 - [MESSAGE][PASSED] - Keys 'ENTER + ' sent to object: 'Object Repository/GoAmlReport/07 Entity/Account Tab To/03 Director/09 Telepon/02 Alat Komunikasi'

2020-09-02 11:45:08 - [TEST_STEP][PASSED] - setText(findTestObject("GoAmlReport/07 Entity/Account Tab To/03 Director/09 Telepon/03 No Telepon"), "222222222"): Text '222222222' is set on object 'Object Repository/GoAmlReport/07 Entity/Account Tab To/03 Director/09 Telepon/03 No Telepon'

2020-09-02 11:45:09 - [MESSAGE][PASSED] - Text '222222222' is set on object 'Object Repository/GoAmlReport/07 Entity/Account Tab To/03 Director/09 Telepon/03 No Telepon'

2020-09-02 11:45:09 - [TEST_STEP][PASSED] - click(findTestObject("GoAmlReport/07 Entity/Account Tab To/03 Director/09 Telepon/Save"), STOP_ON_FAILURE): Object: 'Object Repository/GoAmlReport/07 Entity/Account Tab To/03 Director/09 Telepon/Save' is clicked on

2020-09-02 11:45:10 - [MESSAGE][PASSED] - Object: 'Object Repository/GoAmlReport/07 Entity/Account Tab To/03 Director/09 Telepon/Save' is clicked on

2020-09-02 11:45:10 - [TEST_STEP][PASSED] - delay(4): Delayed 4 second(s)

2020-09-02 11:45:14 - [MESSAGE][PASSED] - Delayed 4 second(s)

2020-09-02 11:45:14 - [TEST_STEP][PASSED] - scrollToElement(findTestObject("GoAmlReport/07 Entity/Account Tab To/03 Director/10 Alamat/span_Tambah Alamat"), 3): Scroll to object 'Object Repository/GoAmlReport/07 Entity/Account Tab To/03 Director/10 Alamat/span_Tambah Alamat' successfully

2020-09-02 11:45:14 - [MESSAGE][PASSED] - Scroll to object 'Object Repository/GoAmlReport/07 Entity/Account Tab To/03 Director/10 Alamat/span_Tambah Alamat' successfully

2020-09-02 11:45:14 - [TEST_STEP][PASSED] - click(findTestObject("GoAmlReport/07 Entity/Account Tab To/03 Director/10 Alamat/span_Tambah Alamat")): Object: 'Object Repository/GoAmlReport/07 Entity/Account Tab To/03 Director/10 Alamat/span_Tambah Alamat' is clicked on

2020-09-02 11:45:15 - [MESSAGE][PASSED] - Object: 'Object Repository/GoAmlReport/07 Entity/Account Tab To/03 Director/10 Alamat/span_Tambah Alamat' is clicked on

2020-09-02 11:45:15 - [TEST_STEP][PASSED] - delay(3): Delayed 3 second(s)

2020-09-02 11:45:18 - [MESSAGE][PASSED] - Delayed 3 second(s)

2020-09-02 11:45:18 - [TEST_STEP][PASSED] - setText(findTestObject("GoAmlReport/07 Entity/Account Tab To/03 Director/10 Alamat/01 Type Alamat"), "R - Rumah"): Text 'R - Rumah' is set on object 'Object Repository/GoAmlReport/07 Entity/Account Tab To/03 Director/10 Alamat/01 Type Alamat'

2020-09-02 11:45:19 - [MESSAGE][PASSED] - Text 'R - Rumah' is set on object 'Object Repository/GoAmlReport/07 Entity/Account Tab To/03 Director/10 Alamat/01 Type Alamat'

2020-09-02 11:45:19 - [TEST_STEP][PASSED] - delay(3): Delayed 3 second(s)

2020-09-02 11:45:22 - [MESSAGE][PASSED] - Delayed 3 second(s)

2020-09-02 11:45:22 - [TEST_STEP][PASSED] - sendKeys(findTestObject("GoAmlReport/07 Entity/Account Tab To/03 Director/10 Alamat/01 Type Alamat"), Keys.chord(ENTER)): Keys 'ENTER + ' sent to object: 'Object Repository/GoAmlReport/07 Entity/Account Tab To/03 Director/10 Alamat/01 Type Alamat'

2020-09-02 11:45:22 - [MESSAGE][PASSED] - Keys 'ENTER + ' sent to object: 'Object Repository/GoAmlReport/07 Entity/Account Tab To/03 Director/10 Alamat/01 Type Alamat'

2020-09-02 11:45:22 - [TEST_STEP][PASSED] - setText(findTestObject("GoAmlReport/07 Entity/Account Tab To/03 Director/10 Alamat/02 Alamat"), "Jl Jalan Jln"): Text 'Jl Jalan Jln' is set on object 'Object Repository/GoAmlReport/07 Entity/Account Tab To/03 Director/10 Alamat/02 Alamat'

2020-09-02 11:45:23 - [MESSAGE][PASSED] - Text 'Jl Jalan Jln' is set on object 'Object Repository/GoAmlReport/07 Entity/Account Tab To/03 Director/10 Alamat/02 Alamat'

2020-09-02 11:45:23 - [TEST_STEP][PASSED] - setText(findTestObject("GoAmlReport/07 Entity/Account Tab To/03 Director/10 Alamat/03 Kota"), "Jakarte"): Text 'Jakarte' is set on object 'Object Repository/GoAmlReport/07 Entity/Account Tab To/03 Director/10 Alamat/03 Kota'

2020-09-02 11:45:24 - [MESSAGE][PASSED] - Text 'Jakarte' is set on object 'Object Repository/GoAmlReport/07 Entity/Account Tab To/03 Director/10 Alamat/03 Kota'

2020-09-02 11:45:24 - [TEST_STEP][PASSED] - setText(findTestObject("GoAmlReport/07 Entity/Account Tab To/03 Director/10 Alamat/03 Negara"), "Indonesi"): Text 'Indonesi' is set on object 'Object Repository/GoAmlReport/07 Entity/Account Tab To/03 Director/10 Alamat/03 Negara'

2020-09-02 11:45:25 - [MESSAGE][PASSED] - Text 'Indonesi' is set on object 'Object Repository/GoAmlReport/07 Entity/Account Tab To/03 Director/10 Alamat/03 Negara'

2020-09-02 11:45:25 - [TEST_STEP][PASSED] - delay(3): Delayed 3 second(s)

2020-09-02 11:45:28 - [MESSAGE][PASSED] - Delayed 3 second(s)

2020-09-02 11:45:28 - [TEST_STEP][PASSED] - sendKeys(findTestObject("GoAmlReport/07 Entity/Account Tab To/03 Director/10 Alamat/03 Negara"), Keys.chord(ENTER)): Keys 'ENTER + ' sent to object: 'Object Repository/GoAmlReport/07 Entity/Account Tab To/03 Director/10 Alamat/03 Negara'

2020-09-02 11:45:28 - [MESSAGE][PASSED] - Keys 'ENTER + ' sent to object: 'Object Repository/GoAmlReport/07 Entity/Account Tab To/03 Director/10 Alamat/03 Negara'

2020-09-02 11:45:28 - [TEST_STEP][PASSED] - click(findTestObject("GoAmlReport/07 Entity/Account Tab To/03 Director/10 Alamat/save"), STOP_ON_FAILURE): Object: 'Object Repository/GoAmlReport/07 Entity/Account Tab To/03 Director/10 Alamat/save' is clicked on

2020-09-02 11:45:29 - [MESSAGE][PASSED] - Object: 'Object Repository/GoAmlReport/07 Entity/Account Tab To/03 Director/10 Alamat/save' is clicked on

2020-09-02 11:45:29 - [TEST_STEP][PASSED] - scrollToElement(findTestObject("GoAmlReport/07 Entity/Account Tab To/03 Director/11 Dokumen Identitas/Tambah Dokumen Identitas"), 3): Scroll to object 'Object Repository/GoAmlReport/07 Entity/Account Tab To/03 Director/11 Dokumen Identitas/Tambah Dokumen Identitas' successfully

2020-09-02 11:45:29 - [MESSAGE][PASSED] - Scroll to object 'Object Repository/GoAmlReport/07 Entity/Account Tab To/03 Director/11 Dokumen Identitas/Tambah Dokumen Identitas' successfully

2020-09-02 11:45:29 - [TEST_STEP][PASSED] - click(findTestObject("GoAmlReport/07 Entity/Account Tab To/03 Director/11 Dokumen Identitas/Tambah Dokumen Identitas")): Object: 'Object Repository/GoAmlReport/07 Entity/Account Tab To/03 Director/11 Dokumen Identitas/Tambah Dokumen Identitas' is clicked on

2020-09-02 11:45:30 - [MESSAGE][PASSED] - Object: 'Object Repository/GoAmlReport/07 Entity/Account Tab To/03 Director/11 Dokumen Identitas/Tambah Dokumen Identitas' is clicked on

2020-09-02 11:45:30 - [TEST_STEP][PASSED] - delay(3): Delayed 3 second(s)

2020-09-02 11:45:33 - [MESSAGE][PASSED] - Delayed 3 second(s)

2020-09-02 11:45:33 - [TEST_STEP][PASSED] - setText(findTestObject("GoAmlReport/07 Entity/Account Tab To/03 Director/11 Dokumen Identitas/01 Jenis Dokumen Identitas"), "SUKET - Surat Keterangan Kependudukan"): Text 'SUKET - Surat Keterangan Kependudukan' is set on object 'Object Repository/GoAmlReport/07 Entity/Account Tab To/03 Director/11 Dokumen Identitas/01 Jenis Dokumen Identitas'

2020-09-02 11:45:35 - [MESSAGE][PASSED] - Text 'SUKET - Surat Keterangan Kependudukan' is set on object 'Object Repository/GoAmlReport/07 Entity/Account Tab To/03 Director/11 Dokumen Identitas/01 Jenis Dokumen Identitas'

2020-09-02 11:45:35 - [TEST_STEP][PASSED] - delay(3): Delayed 3 second(s)

2020-09-02 11:45:38 - [MESSAGE][PASSED] - Delayed 3 second(s)

2020-09-02 11:45:38 - [TEST_STEP][PASSED] - sendKeys(findTestObject("GoAmlReport/07 Entity/Account Tab To/03 Director/11 Dokumen Identitas/01 Jenis Dokumen Identitas"), Keys.chord(ENTER)): Keys 'ENTER + ' sent to object: 'Object Repository/GoAmlReport/07 Entity/Account Tab To/03 Director/11 Dokumen Identitas/01 Jenis Dokumen Identitas'

2020-09-02 11:45:38 - [MESSAGE][PASSED] - Keys 'ENTER + ' sent to object: 'Object Repository/GoAmlReport/07 Entity/Account Tab To/03 Director/11 Dokumen Identitas/01 Jenis Dokumen Identitas'

2020-09-02 11:45:38 - [TEST_STEP][PASSED] - setText(findTestObject("GoAmlReport/07 Entity/Account Tab To/03 Director/11 Dokumen Identitas/02 No Identitas"), "12321444"): Text '12321444' is set on object 'Object Repository/GoAmlReport/07 Entity/Account Tab To/03 Director/11 Dokumen Identitas/02 No Identitas'

2020-09-02 11:45:39 - [MESSAGE][PASSED] - Text '12321444' is set on object 'Object Repository/GoAmlReport/07 Entity/Account Tab To/03 Director/11 Dokumen Identitas/02 No Identitas'

2020-09-02 11:45:39 - [TEST_STEP][PASSED] - setText(findTestObject("GoAmlReport/07 Entity/Account Tab To/03 Director/11 Dokumen Identitas/03 Negara Penerbit"), "ID - INDONESIA"): Text 'ID - INDONESIA' is set on object 'Object Repository/GoAmlReport/07 Entity/Account Tab To/03 Director/11 Dokumen Identitas/03 Negara Penerbit'

2020-09-02 11:45:40 - [MESSAGE][PASSED] - Text 'ID - INDONESIA' is set on object 'Object Repository/GoAmlReport/07 Entity/Account Tab To/03 Director/11 Dokumen Identitas/03 Negara Penerbit'

2020-09-02 11:45:40 - [TEST_STEP][PASSED] - delay(3): Delayed 3 second(s)

2020-09-02 11:45:43 - [MESSAGE][PASSED] - Delayed 3 second(s)

2020-09-02 11:45:43 - [TEST_STEP][PASSED] - sendKeys(findTestObject("GoAmlReport/07 Entity/Account Tab To/03 Director/11 Dokumen Identitas/03 Negara Penerbit"), Keys.chord(ENTER)): Keys 'ENTER + ' sent to object: 'Object Repository/GoAmlReport/07 Entity/Account Tab To/03 Director/11 Dokumen Identitas/03 Negara Penerbit'

2020-09-02 11:45:43 - [MESSAGE][PASSED] - Keys 'ENTER + ' sent to object: 'Object Repository/GoAmlReport/07 Entity/Account Tab To/03 Director/11 Dokumen Identitas/03 Negara Penerbit'

2020-09-02 11:45:43 - [TEST_STEP][PASSED] - click(findTestObject("GoAmlReport/07 Entity/Account Tab To/03 Director/11 Dokumen Identitas/Save")): Object: 'Object Repository/GoAmlReport/07 Entity/Account Tab To/03 Director/11 Dokumen Identitas/Save' is clicked on

2020-09-02 11:45:44 - [MESSAGE][PASSED] - Object: 'Object Repository/GoAmlReport/07 Entity/Account Tab To/03 Director/11 Dokumen Identitas/Save' is clicked on

2020-09-02 11:45:44 - [TEST_STEP][PASSED] - click(findTestObject("GoAmlReport/07 Entity/Account Tab To/03 Director/99 Save")): Object: 'Object Repository/GoAmlReport/07 Entity/Account Tab To/03 Director/99 Save' is clicked on

2020-09-02 11:45:46 - [MESSAGE][PASSED] - Object: 'Object Repository/GoAmlReport/07 Entity/Account Tab To/03 Director/99 Save' is clicked on

2020-09-02 11:45:46 - [TEST_STEP][PASSED] - delay(2): Delayed 2 second(s)

2020-09-02 11:45:48 - [MESSAGE][PASSED] - Delayed 2 second(s)

2020-09-02 11:45:48 - [MESSAGE][PASSED] - Call Test Case 'Test Cases/GoAML Report 5' successfully

2020-09-02 11:45:50 - [TEST_STEP][PASSED] - Video: Video recording for test case 'Test Cases/GoAML Report 1' .

2020-09-02 11:45:50 - [MESSAGE][INFO] - Video recording for test case 'Test Cases/GoAML Report 1' .
[[ATTACHMENT|D:\\poject\\goaml2\\Katalon\\GoAML\\Reports\\20200902_112954\\New Test Suite (1)\\20200902_112954/videos\\test_1.avi]]]]></system-out>
         <system-err><![CDATA[]]></system-err>
      </testcase>
      <testcase name="Test Cases/GoAML Report 1" time="719.282" classname="Test Cases/GoAML Report 1" status="PASSED">
         <system-out><![CDATA[2020-09-02 11:45:50 - [TEST_CASE][PASSED] - Test Cases/GoAML Report 1: Test Cases/GoAML Report 1

2020-09-02 11:45:50 - [TEST_STEP][PASSED] - openBrowser("http://goaml.southeastasia.cloudapp.azure.com/goaml/Default.aspx"): Browser is opened with url: 'http://goaml.southeastasia.cloudapp.azure.com/goaml/Default.aspx'

2020-09-02 11:45:50 - [MESSAGE][WARNING] - A browser is already opened. Closing browser and opening a new one

2020-09-02 11:45:52 - [MESSAGE][INFO] - Starting 'Chrome' driver

2020-09-02 11:45:52 - [MESSAGE][INFO] - User set preference: ['property', '']

2020-09-02 11:46:00 - [MESSAGE][PASSED] - Browser is opened with url: 'http://goaml.southeastasia.cloudapp.azure.com/goaml/Default.aspx'

2020-09-02 11:46:00 - [TEST_STEP][PASSED] - maximizeWindow(): Current window maximized

2020-09-02 11:46:02 - [MESSAGE][PASSED] - Current window maximized

2020-09-02 11:46:02 - [TEST_STEP][PASSED] - setText(findTestObject("All/UserName"), "anggi1"): Text 'anggi1' is set on object 'Object Repository/All/UserName'

2020-09-02 11:46:03 - [MESSAGE][PASSED] - Text 'anggi1' is set on object 'Object Repository/All/UserName'

2020-09-02 11:46:03 - [TEST_STEP][PASSED] - setEncryptedText(findTestObject("All/password"), "iFGeFYmXIrWy72D5I5E8Dw=="): Text ****** has been set on object 'Object Repository/All/password'

2020-09-02 11:46:03 - [MESSAGE][PASSED] - Text ****** has been set on object 'Object Repository/All/password'

2020-09-02 11:46:03 - [TEST_STEP][PASSED] - click(findTestObject("All/Sign In")): Object: 'Object Repository/All/Sign In' is clicked on

2020-09-02 11:46:06 - [MESSAGE][PASSED] - Object: 'Object Repository/All/Sign In' is clicked on

2020-09-02 11:46:06 - [TEST_STEP][PASSED] - delay(3): Delayed 3 second(s)

2020-09-02 11:46:09 - [MESSAGE][PASSED] - Delayed 3 second(s)

2020-09-02 11:46:09 - [TEST_STEP][PASSED] - setText(findTestObject("All/filter"), "Report"): Text 'Report' is set on object 'Object Repository/All/filter'

2020-09-02 11:46:10 - [MESSAGE][PASSED] - Text 'Report' is set on object 'Object Repository/All/filter'

2020-09-02 11:46:10 - [TEST_STEP][PASSED] - delay(1): Delayed 1 second(s)

2020-09-02 11:46:11 - [MESSAGE][PASSED] - Delayed 1 second(s)

2020-09-02 11:46:11 - [TEST_STEP][PASSED] - scrollToElement(findTestObject("GoAmlReport/View"), 3): Scroll to object 'Object Repository/GoAmlReport/View' successfully

2020-09-02 11:46:12 - [MESSAGE][PASSED] - Scroll to object 'Object Repository/GoAmlReport/View' successfully

2020-09-02 11:46:12 - [TEST_STEP][PASSED] - click(findTestObject("GoAmlReport/View")): Object: 'Object Repository/GoAmlReport/View' is clicked on

2020-09-02 11:46:12 - [MESSAGE][PASSED] - Object: 'Object Repository/GoAmlReport/View' is clicked on

2020-09-02 11:46:12 - [TEST_STEP][PASSED] - delay(3): Delayed 3 second(s)

2020-09-02 11:46:15 - [MESSAGE][PASSED] - Delayed 3 second(s)

2020-09-02 11:46:15 - [TEST_STEP][PASSED] - click(findTestObject("All/New Record")): Object: 'Object Repository/All/New Record' is clicked on

2020-09-02 11:46:16 - [MESSAGE][PASSED] - Object: 'Object Repository/All/New Record' is clicked on

2020-09-02 11:46:16 - [TEST_STEP][PASSED] - callTestCase(findTestCase("GoAML Report 2"), [:], STOP_ON_FAILURE): Call Test Case 'Test Cases/GoAML Report 2' successfully

2020-09-02 11:46:16 - [TEST_CASE][PASSED] - Test Cases/GoAML Report 2: Test Cases/GoAML Report 2

2020-09-02 11:46:16 - [TEST_STEP][PASSED] - for ([rowNum = 1, rowNum <= findTestData("GoAMLReport/General Information").getRowNumbers(), (rowNum++)]): Object: 'Object Repository/GoAmlReport/save indikator' is clicked on

2020-09-02 11:46:17 - [TEST_STEP][PASSED] - delay(90): Delayed 90 second(s)

2020-09-02 11:47:47 - [MESSAGE][PASSED] - Delayed 90 second(s)

2020-09-02 11:47:47 - [TEST_STEP][PASSED] - click(findTestObject("GoAmlReport/01 General Information/01 Jenis Laporan"), STOP_ON_FAILURE): Object: 'Object Repository/GoAmlReport/01 General Information/01 Jenis Laporan' is clicked on

2020-09-02 11:47:48 - [MESSAGE][PASSED] - Object: 'Object Repository/GoAmlReport/01 General Information/01 Jenis Laporan' is clicked on

2020-09-02 11:47:48 - [TEST_STEP][PASSED] - delay(20): Delayed 20 second(s)

2020-09-02 11:48:08 - [MESSAGE][PASSED] - Delayed 20 second(s)

2020-09-02 11:48:08 - [TEST_STEP][PASSED] - if (findTestData("GoAMLReport/General Information").getValue(1, rowNum) == "LAPT - LTKM"): null

2020-09-02 11:48:08 - [TEST_STEP][PASSED] - if (findTestData("GoAMLReport/General Information").getValue(1, rowNum) == "LTKM - LTKM"): null

2020-09-02 11:48:08 - [TEST_STEP][PASSED] - click(findTestObject("GoAmlReport/01 General Information/Isi Jenis Laporan/2 LTKM - LTKM")): Object: 'Object Repository/GoAmlReport/01 General Information/Isi Jenis Laporan/2 LTKM - LTKM' is clicked on

2020-09-02 11:48:09 - [MESSAGE][PASSED] - Object: 'Object Repository/GoAmlReport/01 General Information/Isi Jenis Laporan/2 LTKM - LTKM' is clicked on

2020-09-02 11:48:09 - [TEST_STEP][PASSED] - if (findTestData("GoAMLReport/General Information").getValue(4, rowNum) == "CaseManagement ID"): Keys 'ENTER + ' sent to object: 'Object Repository/GoAmlReport/01 General Information/05 Type Report'

2020-09-02 11:48:09 - [TEST_STEP][PASSED] - setText(findTestObject("GoAmlReport/01 General Information/05 Type Report"), "transaksi unik"): Text 'transaksi unik' is set on object 'Object Repository/GoAmlReport/01 General Information/05 Type Report'

2020-09-02 11:48:10 - [MESSAGE][PASSED] - Text 'transaksi unik' is set on object 'Object Repository/GoAmlReport/01 General Information/05 Type Report'

2020-09-02 11:48:10 - [TEST_STEP][PASSED] - delay(10): Delayed 10 second(s)

2020-09-02 11:48:20 - [MESSAGE][PASSED] - Delayed 10 second(s)

2020-09-02 11:48:20 - [TEST_STEP][PASSED] - sendKeys(findTestObject("GoAmlReport/01 General Information/05 Type Report"), Keys.chord(ENTER)): Keys 'ENTER + ' sent to object: 'Object Repository/GoAmlReport/01 General Information/05 Type Report'

2020-09-02 11:48:20 - [MESSAGE][PASSED] - Keys 'ENTER + ' sent to object: 'Object Repository/GoAmlReport/01 General Information/05 Type Report'

2020-09-02 11:48:20 - [TEST_STEP][PASSED] - if (findTestData("GoAMLReport/General Information").getValue(4, rowNum) == "CIF"): null

2020-09-02 11:48:20 - [TEST_STEP][PASSED] - if (findTestData("GoAMLReport/General Information").getValue(1, rowNum) == "LTKMH - LTKM"): null

2020-09-02 11:48:20 - [TEST_STEP][PASSED] - if (findTestData("GoAMLReport/General Information").getValue(1, rowNum) == "LTKMP - LTKM"): null

2020-09-02 11:48:20 - [TEST_STEP][PASSED] - if (findTestData("GoAMLReport/General Information").getValue(1, rowNum) == "LTKMT - LTKM"): null

2020-09-02 11:48:20 - [TEST_STEP][PASSED] - if (findTestData("GoAMLReport/General Information").getValue(1, rowNum) == "LTKTK - LTKT"): null

2020-09-02 11:48:20 - [TEST_STEP][PASSED] - if (findTestData("GoAMLReport/General Information").getValue(1, rowNum) == "LTKTM - LTKT"): null

2020-09-02 11:48:20 - [TEST_STEP][PASSED] - if (findTestData("GoAMLReport/General Information").getValue(1, rowNum) == "TKLIB - LTKL"): null

2020-09-02 11:48:20 - [TEST_STEP][PASSED] - if (findTestData("GoAMLReport/General Information").getValue(1, rowNum) == "TKLOB - LTKL"): null

2020-09-02 11:48:20 - [TEST_STEP][PASSED] - setText(findTestObject("GoAmlReport/01 General Information/02 Tgl Laporan"), findTestData("GoAMLReport/General Information").getValue(3, 1)): Text '26-May-99' is set on object 'Object Repository/GoAmlReport/01 General Information/02 Tgl Laporan'

2020-09-02 11:48:21 - [MESSAGE][PASSED] - Text '26-May-99' is set on object 'Object Repository/GoAmlReport/01 General Information/02 Tgl Laporan'

2020-09-02 11:48:21 - [TEST_STEP][PASSED] - setText(findTestObject("GoAmlReport/01 General Information/03 Alasan"), "No Reason"): Text 'No Reason' is set on object 'Object Repository/GoAmlReport/01 General Information/03 Alasan'

2020-09-02 11:48:22 - [MESSAGE][PASSED] - Text 'No Reason' is set on object 'Object Repository/GoAmlReport/01 General Information/03 Alasan'

2020-09-02 11:48:22 - [TEST_STEP][PASSED] - setText(findTestObject("GoAmlReport/01 General Information/04 Tidakan Pelapor"), "Tidak Bertindak"): Text 'Tidak Bertindak' is set on object 'Object Repository/GoAmlReport/01 General Information/04 Tidakan Pelapor'

2020-09-02 11:48:23 - [MESSAGE][PASSED] - Text 'Tidak Bertindak' is set on object 'Object Repository/GoAmlReport/01 General Information/04 Tidakan Pelapor'

2020-09-02 11:48:23 - [TEST_STEP][PASSED] - setText(findTestObject("GoAmlReport/01 General Information/06 No Value Report"), "Testing Anggi 2906"): Text 'Testing Anggi 2906' is set on object 'Object Repository/GoAmlReport/01 General Information/06 No Value Report'

2020-09-02 11:48:24 - [MESSAGE][PASSED] - Text 'Testing Anggi 2906' is set on object 'Object Repository/GoAmlReport/01 General Information/06 No Value Report'

2020-09-02 11:48:24 - [TEST_STEP][PASSED] - if (findTestData("GoAMLReport/General Information").getValue(6, rowNum) == "true"): Object: 'Object Repository/GoAmlReport/save indikator' is clicked on

2020-09-02 11:48:24 - [TEST_STEP][PASSED] - click(findTestObject("GoAmlReport/Indikator")): Object: 'Object Repository/GoAmlReport/Indikator' is clicked on

2020-09-02 11:48:24 - [MESSAGE][PASSED] - Object: 'Object Repository/GoAmlReport/Indikator' is clicked on

2020-09-02 11:48:24 - [TEST_STEP][PASSED] - delay(5): Delayed 5 second(s)

2020-09-02 11:48:30 - [MESSAGE][PASSED] - Delayed 5 second(s)

2020-09-02 11:48:30 - [TEST_STEP][PASSED] - setText(findTestObject("GoAmlReport/Indikator 2"), findTestData("GoAMLReport/General Information").getValue(7, rowNum)): Text 'Korupsi' is set on object 'Object Repository/GoAmlReport/Indikator 2'

2020-09-02 11:48:30 - [MESSAGE][PASSED] - Text 'Korupsi' is set on object 'Object Repository/GoAmlReport/Indikator 2'

2020-09-02 11:48:30 - [TEST_STEP][PASSED] - delay(3): Delayed 3 second(s)

2020-09-02 11:48:33 - [MESSAGE][PASSED] - Delayed 3 second(s)

2020-09-02 11:48:33 - [TEST_STEP][PASSED] - sendKeys(findTestObject("GoAmlReport/Indikator 2"), Keys.chord(ENTER)): Keys 'ENTER + ' sent to object: 'Object Repository/GoAmlReport/Indikator 2'

2020-09-02 11:48:34 - [MESSAGE][PASSED] - Keys 'ENTER + ' sent to object: 'Object Repository/GoAmlReport/Indikator 2'

2020-09-02 11:48:34 - [TEST_STEP][PASSED] - delay(2): Delayed 2 second(s)

2020-09-02 11:48:36 - [MESSAGE][PASSED] - Delayed 2 second(s)

2020-09-02 11:48:36 - [TEST_STEP][PASSED] - click(findTestObject("GoAmlReport/save indikator")): Object: 'Object Repository/GoAmlReport/save indikator' is clicked on

2020-09-02 11:48:36 - [MESSAGE][PASSED] - Object: 'Object Repository/GoAmlReport/save indikator' is clicked on

2020-09-02 11:48:36 - [MESSAGE][PASSED] - Call Test Case 'Test Cases/GoAML Report 2' successfully

2020-09-02 11:48:36 - [TEST_STEP][PASSED] - callTestCase(findTestCase("GoAML Report 3"), [:], STOP_ON_FAILURE): Call Test Case 'Test Cases/GoAML Report 3' successfully

2020-09-02 11:48:36 - [TEST_CASE][PASSED] - Test Cases/GoAML Report 3: Test Cases/GoAML Report 3

2020-09-02 11:48:36 - [TEST_STEP][PASSED] - for ([rowNum = 1, rowNum <= findTestData("GoAMLReport/Transaksi").getRowNumbers(), (rowNum++)]): Keys 'ENTER + ' sent to object: 'Object Repository/GoAmlReport/02 Transaksi/11 Type Trx'

2020-09-02 11:48:36 - [TEST_STEP][PASSED] - delay(6): Delayed 6 second(s)

2020-09-02 11:48:42 - [MESSAGE][PASSED] - Delayed 6 second(s)

2020-09-02 11:48:42 - [TEST_STEP][PASSED] - if (findTestData("GoAMLReport/Transaksi").getValue(1, rowNum) == "true"): Keys 'ENTER + ' sent to object: 'Object Repository/GoAmlReport/02 Transaksi/11 Type Trx'

2020-09-02 11:48:42 - [TEST_STEP][PASSED] - click(findTestObject("GoAmlReport/01 General Information/07 Tambah Transaksi")): Object: 'Object Repository/GoAmlReport/01 General Information/07 Tambah Transaksi' is clicked on

2020-09-02 11:48:43 - [MESSAGE][PASSED] - Object: 'Object Repository/GoAmlReport/01 General Information/07 Tambah Transaksi' is clicked on

2020-09-02 11:48:43 - [TEST_STEP][PASSED] - delay(6): Delayed 6 second(s)

2020-09-02 11:48:49 - [MESSAGE][PASSED] - Delayed 6 second(s)

2020-09-02 11:48:49 - [TEST_STEP][PASSED] - setText(findTestObject("GoAmlReport/Nomor Transaksi"), findTestData("GoAMLReport/Transaksi").getValue(12, rowNum)): Text '999' is set on object 'Object Repository/GoAmlReport/Nomor Transaksi'

2020-09-02 11:48:50 - [MESSAGE][PASSED] - Text '999' is set on object 'Object Repository/GoAmlReport/Nomor Transaksi'

2020-09-02 11:48:50 - [TEST_STEP][PASSED] - setText(findTestObject("GoAmlReport/02 Transaksi/01 No Ref Transaksi"), "12133746"): Text '12133746' is set on object 'Object Repository/GoAmlReport/02 Transaksi/01 No Ref Transaksi'

2020-09-02 11:48:50 - [MESSAGE][PASSED] - Text '12133746' is set on object 'Object Repository/GoAmlReport/02 Transaksi/01 No Ref Transaksi'

2020-09-02 11:48:50 - [TEST_STEP][PASSED] - setText(findTestObject("GoAmlReport/02 Transaksi/02 Lokasi Transaksi"), "Jakarta"): Text 'Jakarta' is set on object 'Object Repository/GoAmlReport/02 Transaksi/02 Lokasi Transaksi'

2020-09-02 11:48:51 - [MESSAGE][PASSED] - Text 'Jakarta' is set on object 'Object Repository/GoAmlReport/02 Transaksi/02 Lokasi Transaksi'

2020-09-02 11:48:51 - [TEST_STEP][PASSED] - setText(findTestObject("GoAmlReport/02 Transaksi/03 Keterangan Transaksi"), "Noted"): Text 'Noted' is set on object 'Object Repository/GoAmlReport/02 Transaksi/03 Keterangan Transaksi'

2020-09-02 11:48:52 - [MESSAGE][PASSED] - Text 'Noted' is set on object 'Object Repository/GoAmlReport/02 Transaksi/03 Keterangan Transaksi'

2020-09-02 11:48:52 - [TEST_STEP][PASSED] - setText(findTestObject("GoAmlReport/02 Transaksi/04 Tgl Transaksi"), findTestData("GoAMLReport/Transaksi").getValue(2, rowNum)): Text '27-May-99' is set on object 'Object Repository/GoAmlReport/02 Transaksi/04 Tgl Transaksi'

2020-09-02 11:48:53 - [MESSAGE][PASSED] - Text '27-May-99' is set on object 'Object Repository/GoAmlReport/02 Transaksi/04 Tgl Transaksi'

2020-09-02 11:48:53 - [TEST_STEP][PASSED] - setText(findTestObject("GoAmlReport/02 Transaksi/05 Nama Teller"), "Miss Teller"): Text 'Miss Teller' is set on object 'Object Repository/GoAmlReport/02 Transaksi/05 Nama Teller'

2020-09-02 11:48:53 - [MESSAGE][PASSED] - Text 'Miss Teller' is set on object 'Object Repository/GoAmlReport/02 Transaksi/05 Nama Teller'

2020-09-02 11:48:53 - [TEST_STEP][PASSED] - setText(findTestObject("GoAmlReport/02 Transaksi/06 Nama Pejabat"), "Mr Pejabat"): Text 'Mr Pejabat' is set on object 'Object Repository/GoAmlReport/02 Transaksi/06 Nama Pejabat'

2020-09-02 11:48:54 - [MESSAGE][PASSED] - Text 'Mr Pejabat' is set on object 'Object Repository/GoAmlReport/02 Transaksi/06 Nama Pejabat'

2020-09-02 11:48:54 - [TEST_STEP][PASSED] - setText(findTestObject("GoAmlReport/02 Transaksi/07 Tgl Pembukuan"), "01-May-20"): Text '01-May-20' is set on object 'Object Repository/GoAmlReport/02 Transaksi/07 Tgl Pembukuan'

2020-09-02 11:48:55 - [MESSAGE][PASSED] - Text '01-May-20' is set on object 'Object Repository/GoAmlReport/02 Transaksi/07 Tgl Pembukuan'

2020-09-02 11:48:55 - [TEST_STEP][PASSED] - delay(3): Delayed 3 second(s)

2020-09-02 11:48:58 - [MESSAGE][PASSED] - Delayed 3 second(s)

2020-09-02 11:48:58 - [TEST_STEP][PASSED] - sendKeys(findTestObject("GoAmlReport/02 Transaksi/07 Tgl Pembukuan"), Keys.chord(ENTER)): Keys 'ENTER + ' sent to object: 'Object Repository/GoAmlReport/02 Transaksi/07 Tgl Pembukuan'

2020-09-02 11:48:58 - [MESSAGE][PASSED] - Keys 'ENTER + ' sent to object: 'Object Repository/GoAmlReport/02 Transaksi/07 Tgl Pembukuan'

2020-09-02 11:48:58 - [TEST_STEP][PASSED] - scrollToElement(findTestObject("GoAmlReport/02 Transaksi/08 Cara Trx Dilakukan"), 3): Scroll to object 'Object Repository/GoAmlReport/02 Transaksi/08 Cara Trx Dilakukan' successfully

2020-09-02 11:48:59 - [MESSAGE][PASSED] - Scroll to object 'Object Repository/GoAmlReport/02 Transaksi/08 Cara Trx Dilakukan' successfully

2020-09-02 11:48:59 - [TEST_STEP][PASSED] - setText(findTestObject("GoAmlReport/02 Transaksi/08 Cara Trx Dilakukan"), findTestData("GoAMLReport/Transaksi").getValue(3, rowNum)): Text 'KRM-Pengiriman Uang' is set on object 'Object Repository/GoAmlReport/02 Transaksi/08 Cara Trx Dilakukan'

2020-09-02 11:49:00 - [MESSAGE][PASSED] - Text 'KRM-Pengiriman Uang' is set on object 'Object Repository/GoAmlReport/02 Transaksi/08 Cara Trx Dilakukan'

2020-09-02 11:49:00 - [TEST_STEP][PASSED] - delay(3): Delayed 3 second(s)

2020-09-02 11:49:03 - [MESSAGE][PASSED] - Delayed 3 second(s)

2020-09-02 11:49:03 - [TEST_STEP][PASSED] - sendKeys(findTestObject("GoAmlReport/02 Transaksi/08 Cara Trx Dilakukan"), Keys.chord(ENTER)): Keys 'ENTER + ' sent to object: 'Object Repository/GoAmlReport/02 Transaksi/08 Cara Trx Dilakukan'

2020-09-02 11:49:03 - [MESSAGE][PASSED] - Keys 'ENTER + ' sent to object: 'Object Repository/GoAmlReport/02 Transaksi/08 Cara Trx Dilakukan'

2020-09-02 11:49:03 - [TEST_STEP][PASSED] - scrollToElement(findTestObject("GoAmlReport/02 Transaksi/09 Cara Trx Lain"), 3): Scroll to object 'Object Repository/GoAmlReport/02 Transaksi/09 Cara Trx Lain' successfully

2020-09-02 11:49:04 - [MESSAGE][PASSED] - Scroll to object 'Object Repository/GoAmlReport/02 Transaksi/09 Cara Trx Lain' successfully

2020-09-02 11:49:04 - [TEST_STEP][PASSED] - setText(findTestObject("GoAmlReport/02 Transaksi/09 Cara Trx Lain"), "Tidak-Ada"): Text 'Tidak-Ada' is set on object 'Object Repository/GoAmlReport/02 Transaksi/09 Cara Trx Lain'

2020-09-02 11:49:05 - [MESSAGE][PASSED] - Text 'Tidak-Ada' is set on object 'Object Repository/GoAmlReport/02 Transaksi/09 Cara Trx Lain'

2020-09-02 11:49:05 - [TEST_STEP][PASSED] - scrollToElement(findTestObject("GoAmlReport/02 Transaksi/10 Nilai Trx (IDR)"), 3): Scroll to object 'Object Repository/GoAmlReport/02 Transaksi/10 Nilai Trx (IDR)' successfully

2020-09-02 11:49:05 - [MESSAGE][PASSED] - Scroll to object 'Object Repository/GoAmlReport/02 Transaksi/10 Nilai Trx (IDR)' successfully

2020-09-02 11:49:05 - [TEST_STEP][PASSED] - setText(findTestObject("GoAmlReport/02 Transaksi/10 Nilai Trx (IDR)"), findTestData("GoAMLReport/Transaksi").getValue(4, rowNum)): Text '500000000' is set on object 'Object Repository/GoAmlReport/02 Transaksi/10 Nilai Trx (IDR)'

2020-09-02 11:49:06 - [MESSAGE][PASSED] - Text '500000000' is set on object 'Object Repository/GoAmlReport/02 Transaksi/10 Nilai Trx (IDR)'

2020-09-02 11:49:06 - [TEST_STEP][PASSED] - setText(findTestObject("GoAmlReport/02 Transaksi/11 Type Trx"), findTestData("GoAMLReport/Transaksi").getValue(5, rowNum)): Text 'Bi-Party' is set on object 'Object Repository/GoAmlReport/02 Transaksi/11 Type Trx'

2020-09-02 11:49:07 - [MESSAGE][PASSED] - Text 'Bi-Party' is set on object 'Object Repository/GoAmlReport/02 Transaksi/11 Type Trx'

2020-09-02 11:49:07 - [TEST_STEP][PASSED] - delay(3): Delayed 3 second(s)

2020-09-02 11:49:10 - [MESSAGE][PASSED] - Delayed 3 second(s)

2020-09-02 11:49:10 - [TEST_STEP][PASSED] - sendKeys(findTestObject("GoAmlReport/02 Transaksi/11 Type Trx"), Keys.chord(ENTER)): Keys 'ENTER + ' sent to object: 'Object Repository/GoAmlReport/02 Transaksi/11 Type Trx'

2020-09-02 11:49:10 - [MESSAGE][PASSED] - Keys 'ENTER + ' sent to object: 'Object Repository/GoAmlReport/02 Transaksi/11 Type Trx'

2020-09-02 11:49:10 - [MESSAGE][PASSED] - Call Test Case 'Test Cases/GoAML Report 3' successfully

2020-09-02 11:49:10 - [TEST_STEP][PASSED] - callTestCase(findTestCase("Identitas Orang Mewakili Transaksi"), [:], STOP_ON_FAILURE): Call Test Case 'Test Cases/Identitas Orang Mewakili Transaksi' successfully

2020-09-02 11:49:10 - [TEST_CASE][PASSED] - Test Cases/Identitas Orang Mewakili Transaksi: Test Cases/Identitas Orang Mewakili Transaksi

2020-09-02 11:49:10 - [TEST_STEP][PASSED] - for ([rowNum = 1, rowNum <= findTestData("GoAMLReport/Transaksi").getRowNumbers(), (rowNum++)]): Object: 'Object Repository/GoAmlReport/08 Identitas Orang Mewakili Transaksi/07/08 Save' is clicked on

2020-09-02 11:49:11 - [TEST_STEP][PASSED] - delay(6): Delayed 6 second(s)

2020-09-02 11:49:17 - [MESSAGE][PASSED] - Delayed 6 second(s)

2020-09-02 11:49:17 - [TEST_STEP][PASSED] - if (findTestData("GoAMLReport/Transaksi").getValue(13, rowNum) == "true"): Object: 'Object Repository/GoAmlReport/08 Identitas Orang Mewakili Transaksi/07/08 Save' is clicked on

2020-09-02 11:49:17 - [TEST_STEP][PASSED] - click(findTestObject("GoAmlReport/08 Identitas Orang Mewakili Transaksi/01/01 Yes")): Object: 'Object Repository/GoAmlReport/08 Identitas Orang Mewakili Transaksi/01/01 Yes' is clicked on

2020-09-02 11:49:17 - [MESSAGE][PASSED] - Object: 'Object Repository/GoAmlReport/08 Identitas Orang Mewakili Transaksi/01/01 Yes' is clicked on

2020-09-02 11:49:17 - [TEST_STEP][PASSED] - delay(8): Delayed 8 second(s)

2020-09-02 11:49:25 - [MESSAGE][PASSED] - Delayed 8 second(s)

2020-09-02 11:49:25 - [TEST_STEP][PASSED] - setText(findTestObject("GoAmlReport/08 Identitas Orang Mewakili Transaksi/01/02 Jenis Kelamin"), "F - Female"): Text 'F - Female' is set on object 'Object Repository/GoAmlReport/08 Identitas Orang Mewakili Transaksi/01/02 Jenis Kelamin'

2020-09-02 11:49:26 - [MESSAGE][PASSED] - Text 'F - Female' is set on object 'Object Repository/GoAmlReport/08 Identitas Orang Mewakili Transaksi/01/02 Jenis Kelamin'

2020-09-02 11:49:26 - [TEST_STEP][PASSED] - delay(3): Delayed 3 second(s)

2020-09-02 11:49:29 - [MESSAGE][PASSED] - Delayed 3 second(s)

2020-09-02 11:49:29 - [TEST_STEP][PASSED] - sendKeys(findTestObject("GoAmlReport/08 Identitas Orang Mewakili Transaksi/01/02 Jenis Kelamin"), Keys.chord(ENTER)): Keys 'ENTER + ' sent to object: 'Object Repository/GoAmlReport/08 Identitas Orang Mewakili Transaksi/01/02 Jenis Kelamin'

2020-09-02 11:49:30 - [MESSAGE][PASSED] - Keys 'ENTER + ' sent to object: 'Object Repository/GoAmlReport/08 Identitas Orang Mewakili Transaksi/01/02 Jenis Kelamin'

2020-09-02 11:49:30 - [TEST_STEP][PASSED] - setText(findTestObject("GoAmlReport/08 Identitas Orang Mewakili Transaksi/01/03 Gelar"), "Missfortune"): Text 'Missfortune' is set on object 'Object Repository/GoAmlReport/08 Identitas Orang Mewakili Transaksi/01/03 Gelar'

2020-09-02 11:49:31 - [MESSAGE][PASSED] - Text 'Missfortune' is set on object 'Object Repository/GoAmlReport/08 Identitas Orang Mewakili Transaksi/01/03 Gelar'

2020-09-02 11:49:31 - [TEST_STEP][PASSED] - setText(findTestObject("GoAmlReport/08 Identitas Orang Mewakili Transaksi/01/04 Nama Lengkap"), "Anggi Firmansah"): Text 'Anggi Firmansah' is set on object 'Object Repository/GoAmlReport/08 Identitas Orang Mewakili Transaksi/01/04 Nama Lengkap'

2020-09-02 11:49:32 - [MESSAGE][PASSED] - Text 'Anggi Firmansah' is set on object 'Object Repository/GoAmlReport/08 Identitas Orang Mewakili Transaksi/01/04 Nama Lengkap'

2020-09-02 11:49:32 - [TEST_STEP][PASSED] - setText(findTestObject("GoAmlReport/08 Identitas Orang Mewakili Transaksi/01/05 Tanggl Lahir"), "13-Mar-93"): Text '13-Mar-93' is set on object 'Object Repository/GoAmlReport/08 Identitas Orang Mewakili Transaksi/01/05 Tanggl Lahir'

2020-09-02 11:49:33 - [MESSAGE][PASSED] - Text '13-Mar-93' is set on object 'Object Repository/GoAmlReport/08 Identitas Orang Mewakili Transaksi/01/05 Tanggl Lahir'

2020-09-02 11:49:33 - [TEST_STEP][PASSED] - delay(3): Delayed 3 second(s)

2020-09-02 11:49:36 - [MESSAGE][PASSED] - Delayed 3 second(s)

2020-09-02 11:49:36 - [TEST_STEP][PASSED] - sendKeys(findTestObject("GoAmlReport/08 Identitas Orang Mewakili Transaksi/01/05 Tanggl Lahir"), Keys.chord(ENTER)): Keys 'ENTER + ' sent to object: 'Object Repository/GoAmlReport/08 Identitas Orang Mewakili Transaksi/01/05 Tanggl Lahir'

2020-09-02 11:49:36 - [MESSAGE][PASSED] - Keys 'ENTER + ' sent to object: 'Object Repository/GoAmlReport/08 Identitas Orang Mewakili Transaksi/01/05 Tanggl Lahir'

2020-09-02 11:49:36 - [TEST_STEP][PASSED] - setText(findTestObject("GoAmlReport/08 Identitas Orang Mewakili Transaksi/01/06 Tempat Lahir"), "Jakarta"): Text 'Jakarta' is set on object 'Object Repository/GoAmlReport/08 Identitas Orang Mewakili Transaksi/01/06 Tempat Lahir'

2020-09-02 11:49:37 - [MESSAGE][PASSED] - Text 'Jakarta' is set on object 'Object Repository/GoAmlReport/08 Identitas Orang Mewakili Transaksi/01/06 Tempat Lahir'

2020-09-02 11:49:37 - [TEST_STEP][PASSED] - setText(findTestObject("GoAmlReport/08 Identitas Orang Mewakili Transaksi/01/07 Nama Ibu Kandung"), "Ibu"): Text 'Ibu' is set on object 'Object Repository/GoAmlReport/08 Identitas Orang Mewakili Transaksi/01/07 Nama Ibu Kandung'

2020-09-02 11:49:37 - [MESSAGE][PASSED] - Text 'Ibu' is set on object 'Object Repository/GoAmlReport/08 Identitas Orang Mewakili Transaksi/01/07 Nama Ibu Kandung'

2020-09-02 11:49:37 - [TEST_STEP][PASSED] - setText(findTestObject("GoAmlReport/08 Identitas Orang Mewakili Transaksi/01/09 NIK"), "31333"): Text '31333' is set on object 'Object Repository/GoAmlReport/08 Identitas Orang Mewakili Transaksi/01/09 NIK'

2020-09-02 11:49:38 - [MESSAGE][PASSED] - Text '31333' is set on object 'Object Repository/GoAmlReport/08 Identitas Orang Mewakili Transaksi/01/09 NIK'

2020-09-02 11:49:38 - [TEST_STEP][PASSED] - setText(findTestObject("GoAmlReport/08 Identitas Orang Mewakili Transaksi/01/10 No Passpor"), "123444"): Text '123444' is set on object 'Object Repository/GoAmlReport/08 Identitas Orang Mewakili Transaksi/01/10 No Passpor'

2020-09-02 11:49:39 - [MESSAGE][PASSED] - Text '123444' is set on object 'Object Repository/GoAmlReport/08 Identitas Orang Mewakili Transaksi/01/10 No Passpor'

2020-09-02 11:49:39 - [TEST_STEP][PASSED] - setText(findTestObject("GoAmlReport/08 Identitas Orang Mewakili Transaksi/01/11 Negara Penerbit Paspor"), "Indonesia"): Text 'Indonesia' is set on object 'Object Repository/GoAmlReport/08 Identitas Orang Mewakili Transaksi/01/11 Negara Penerbit Paspor'

2020-09-02 11:49:40 - [MESSAGE][PASSED] - Text 'Indonesia' is set on object 'Object Repository/GoAmlReport/08 Identitas Orang Mewakili Transaksi/01/11 Negara Penerbit Paspor'

2020-09-02 11:49:40 - [TEST_STEP][PASSED] - delay(3): Delayed 3 second(s)

2020-09-02 11:49:43 - [MESSAGE][PASSED] - Delayed 3 second(s)

2020-09-02 11:49:43 - [TEST_STEP][PASSED] - sendKeys(findTestObject("GoAmlReport/08 Identitas Orang Mewakili Transaksi/01/11 Negara Penerbit Paspor"), Keys.chord(ENTER)): Keys 'ENTER + ' sent to object: 'Object Repository/GoAmlReport/08 Identitas Orang Mewakili Transaksi/01/11 Negara Penerbit Paspor'

2020-09-02 11:49:43 - [MESSAGE][PASSED] - Keys 'ENTER + ' sent to object: 'Object Repository/GoAmlReport/08 Identitas Orang Mewakili Transaksi/01/11 Negara Penerbit Paspor'

2020-09-02 11:49:43 - [TEST_STEP][PASSED] - setText(findTestObject("GoAmlReport/08 Identitas Orang Mewakili Transaksi/01/12 No Identitas Lain"), "555555555"): Text '555555555' is set on object 'Object Repository/GoAmlReport/08 Identitas Orang Mewakili Transaksi/01/12 No Identitas Lain'

2020-09-02 11:49:44 - [MESSAGE][PASSED] - Text '555555555' is set on object 'Object Repository/GoAmlReport/08 Identitas Orang Mewakili Transaksi/01/12 No Identitas Lain'

2020-09-02 11:49:44 - [TEST_STEP][PASSED] - setText(findTestObject("GoAmlReport/08 Identitas Orang Mewakili Transaksi/04/01 Kwrg 1"), "ID - INDONESIA"): Text 'ID - INDONESIA' is set on object 'Object Repository/GoAmlReport/08 Identitas Orang Mewakili Transaksi/04/01 Kwrg 1'

2020-09-02 11:49:45 - [MESSAGE][PASSED] - Text 'ID - INDONESIA' is set on object 'Object Repository/GoAmlReport/08 Identitas Orang Mewakili Transaksi/04/01 Kwrg 1'

2020-09-02 11:49:45 - [TEST_STEP][PASSED] - delay(3): Delayed 3 second(s)

2020-09-02 11:49:48 - [MESSAGE][PASSED] - Delayed 3 second(s)

2020-09-02 11:49:48 - [TEST_STEP][PASSED] - sendKeys(findTestObject("GoAmlReport/08 Identitas Orang Mewakili Transaksi/04/01 Kwrg 1"), Keys.chord(ENTER)): Keys 'ENTER + ' sent to object: 'Object Repository/GoAmlReport/08 Identitas Orang Mewakili Transaksi/04/01 Kwrg 1'

2020-09-02 11:49:48 - [MESSAGE][PASSED] - Keys 'ENTER + ' sent to object: 'Object Repository/GoAmlReport/08 Identitas Orang Mewakili Transaksi/04/01 Kwrg 1'

2020-09-02 11:49:48 - [TEST_STEP][PASSED] - setText(findTestObject("GoAmlReport/08 Identitas Orang Mewakili Transaksi/04/02 Kwrg 2"), "ID - INDONESIA"): Text 'ID - INDONESIA' is set on object 'Object Repository/GoAmlReport/08 Identitas Orang Mewakili Transaksi/04/02 Kwrg 2'

2020-09-02 11:49:49 - [MESSAGE][PASSED] - Text 'ID - INDONESIA' is set on object 'Object Repository/GoAmlReport/08 Identitas Orang Mewakili Transaksi/04/02 Kwrg 2'

2020-09-02 11:49:49 - [TEST_STEP][PASSED] - delay(3): Delayed 3 second(s)

2020-09-02 11:49:52 - [MESSAGE][PASSED] - Delayed 3 second(s)

2020-09-02 11:49:52 - [TEST_STEP][PASSED] - sendKeys(findTestObject("GoAmlReport/08 Identitas Orang Mewakili Transaksi/04/02 Kwrg 2"), Keys.chord(ENTER)): Keys 'ENTER + ' sent to object: 'Object Repository/GoAmlReport/08 Identitas Orang Mewakili Transaksi/04/02 Kwrg 2'

2020-09-02 11:49:53 - [MESSAGE][PASSED] - Keys 'ENTER + ' sent to object: 'Object Repository/GoAmlReport/08 Identitas Orang Mewakili Transaksi/04/02 Kwrg 2'

2020-09-02 11:49:53 - [TEST_STEP][PASSED] - setText(findTestObject("GoAmlReport/08 Identitas Orang Mewakili Transaksi/04/03 Kwrg 3"), "ID - INDONESIA"): Text 'ID - INDONESIA' is set on object 'Object Repository/GoAmlReport/08 Identitas Orang Mewakili Transaksi/04/03 Kwrg 3'

2020-09-02 11:49:54 - [MESSAGE][PASSED] - Text 'ID - INDONESIA' is set on object 'Object Repository/GoAmlReport/08 Identitas Orang Mewakili Transaksi/04/03 Kwrg 3'

2020-09-02 11:49:54 - [TEST_STEP][PASSED] - delay(3): Delayed 3 second(s)

2020-09-02 11:49:57 - [MESSAGE][PASSED] - Delayed 3 second(s)

2020-09-02 11:49:57 - [TEST_STEP][PASSED] - sendKeys(findTestObject("GoAmlReport/08 Identitas Orang Mewakili Transaksi/04/03 Kwrg 3"), Keys.chord(ENTER)): Keys 'ENTER + ' sent to object: 'Object Repository/GoAmlReport/08 Identitas Orang Mewakili Transaksi/04/03 Kwrg 3'

2020-09-02 11:49:57 - [MESSAGE][PASSED] - Keys 'ENTER + ' sent to object: 'Object Repository/GoAmlReport/08 Identitas Orang Mewakili Transaksi/04/03 Kwrg 3'

2020-09-02 11:49:57 - [TEST_STEP][PASSED] - delay(3): Delayed 3 second(s)

2020-09-02 11:50:00 - [MESSAGE][PASSED] - Delayed 3 second(s)

2020-09-02 11:50:00 - [TEST_STEP][PASSED] - sendKeys(findTestObject("GoAmlReport/08 Identitas Orang Mewakili Transaksi/04/04 Negara Domisili"), "ID - INDONESIA"): Keys 'ID - INDONESIA' sent to object: 'Object Repository/GoAmlReport/08 Identitas Orang Mewakili Transaksi/04/04 Negara Domisili'

2020-09-02 11:50:01 - [MESSAGE][PASSED] - Keys 'ID - INDONESIA' sent to object: 'Object Repository/GoAmlReport/08 Identitas Orang Mewakili Transaksi/04/04 Negara Domisili'

2020-09-02 11:50:01 - [TEST_STEP][PASSED] - delay(3): Delayed 3 second(s)

2020-09-02 11:50:04 - [MESSAGE][PASSED] - Delayed 3 second(s)

2020-09-02 11:50:04 - [TEST_STEP][PASSED] - sendKeys(findTestObject("GoAmlReport/08 Identitas Orang Mewakili Transaksi/04/04 Negara Domisili"), Keys.chord(ENTER)): Keys 'ENTER + ' sent to object: 'Object Repository/GoAmlReport/08 Identitas Orang Mewakili Transaksi/04/04 Negara Domisili'

2020-09-02 11:50:05 - [MESSAGE][PASSED] - Keys 'ENTER + ' sent to object: 'Object Repository/GoAmlReport/08 Identitas Orang Mewakili Transaksi/04/04 Negara Domisili'

2020-09-02 11:50:05 - [TEST_STEP][PASSED] - scrollToElement(findTestObject("GoAmlReport/08 Identitas Orang Mewakili Transaksi/04/10 Pekerjaa"), 3): Scroll to object 'Object Repository/GoAmlReport/08 Identitas Orang Mewakili Transaksi/04/10 Pekerjaa' successfully

2020-09-02 11:50:05 - [MESSAGE][PASSED] - Scroll to object 'Object Repository/GoAmlReport/08 Identitas Orang Mewakili Transaksi/04/10 Pekerjaa' successfully

2020-09-02 11:50:05 - [TEST_STEP][PASSED] - setText(findTestObject("GoAmlReport/08 Identitas Orang Mewakili Transaksi/04/10 Pekerjaa"), "IT IT an"): Text 'IT IT an' is set on object 'Object Repository/GoAmlReport/08 Identitas Orang Mewakili Transaksi/04/10 Pekerjaa'

2020-09-02 11:50:06 - [MESSAGE][PASSED] - Text 'IT IT an' is set on object 'Object Repository/GoAmlReport/08 Identitas Orang Mewakili Transaksi/04/10 Pekerjaa'

2020-09-02 11:50:06 - [TEST_STEP][PASSED] - scrollToElement(findTestObject("GoAmlReport/08 Identitas Orang Mewakili Transaksi/04/11 Tempat Bekerja"), 3): Scroll to object 'Object Repository/GoAmlReport/08 Identitas Orang Mewakili Transaksi/04/11 Tempat Bekerja' successfully

2020-09-02 11:50:06 - [MESSAGE][PASSED] - Scroll to object 'Object Repository/GoAmlReport/08 Identitas Orang Mewakili Transaksi/04/11 Tempat Bekerja' successfully

2020-09-02 11:50:06 - [TEST_STEP][PASSED] - setText(findTestObject("GoAmlReport/08 Identitas Orang Mewakili Transaksi/04/11 Tempat Bekerja"), "JAKARTA"): Text 'JAKARTA' is set on object 'Object Repository/GoAmlReport/08 Identitas Orang Mewakili Transaksi/04/11 Tempat Bekerja'

2020-09-02 11:50:07 - [MESSAGE][PASSED] - Text 'JAKARTA' is set on object 'Object Repository/GoAmlReport/08 Identitas Orang Mewakili Transaksi/04/11 Tempat Bekerja'

2020-09-02 11:50:07 - [TEST_STEP][PASSED] - setText(findTestObject("GoAmlReport/08 Identitas Orang Mewakili Transaksi/07/10 Sumber Dana"), "Maling"): Text 'Maling' is set on object 'Object Repository/GoAmlReport/08 Identitas Orang Mewakili Transaksi/07/10 Sumber Dana'

2020-09-02 11:50:08 - [MESSAGE][PASSED] - Text 'Maling' is set on object 'Object Repository/GoAmlReport/08 Identitas Orang Mewakili Transaksi/07/10 Sumber Dana'

2020-09-02 11:50:08 - [TEST_STEP][PASSED] - setText(findTestObject("GoAmlReport/08 Identitas Orang Mewakili Transaksi/07/11 Catatan"), "tydacc addacc"): Text 'tydacc addacc' is set on object 'Object Repository/GoAmlReport/08 Identitas Orang Mewakili Transaksi/07/11 Catatan'

2020-09-02 11:50:08 - [MESSAGE][PASSED] - Text 'tydacc addacc' is set on object 'Object Repository/GoAmlReport/08 Identitas Orang Mewakili Transaksi/07/11 Catatan'

2020-09-02 11:50:08 - [TEST_STEP][PASSED] - scrollToElement(findTestObject("GoAmlReport/08 Identitas Orang Mewakili Transaksi/02/01 Add"), 3): Scroll to object 'Object Repository/GoAmlReport/08 Identitas Orang Mewakili Transaksi/02/01 Add' successfully

2020-09-02 11:50:09 - [MESSAGE][PASSED] - Scroll to object 'Object Repository/GoAmlReport/08 Identitas Orang Mewakili Transaksi/02/01 Add' successfully

2020-09-02 11:50:09 - [TEST_STEP][PASSED] - click(findTestObject("GoAmlReport/08 Identitas Orang Mewakili Transaksi/02/01 Add")): Object: 'Object Repository/GoAmlReport/08 Identitas Orang Mewakili Transaksi/02/01 Add' is clicked on

2020-09-02 11:50:09 - [MESSAGE][PASSED] - Object: 'Object Repository/GoAmlReport/08 Identitas Orang Mewakili Transaksi/02/01 Add' is clicked on

2020-09-02 11:50:09 - [TEST_STEP][PASSED] - delay(5): Delayed 5 second(s)

2020-09-02 11:50:14 - [MESSAGE][PASSED] - Delayed 5 second(s)

2020-09-02 11:50:14 - [TEST_STEP][PASSED] - setText(findTestObject("GoAmlReport/08 Identitas Orang Mewakili Transaksi/02/02 Kategori Kontak"), "D - Domisili"): Text 'D - Domisili' is set on object 'Object Repository/GoAmlReport/08 Identitas Orang Mewakili Transaksi/02/02 Kategori Kontak'

2020-09-02 11:50:15 - [MESSAGE][PASSED] - Text 'D - Domisili' is set on object 'Object Repository/GoAmlReport/08 Identitas Orang Mewakili Transaksi/02/02 Kategori Kontak'

2020-09-02 11:50:15 - [TEST_STEP][PASSED] - delay(3): Delayed 3 second(s)

2020-09-02 11:50:18 - [MESSAGE][PASSED] - Delayed 3 second(s)

2020-09-02 11:50:18 - [TEST_STEP][PASSED] - sendKeys(findTestObject("GoAmlReport/08 Identitas Orang Mewakili Transaksi/02/02 Kategori Kontak"), Keys.chord(ENTER)): Keys 'ENTER + ' sent to object: 'Object Repository/GoAmlReport/08 Identitas Orang Mewakili Transaksi/02/02 Kategori Kontak'

2020-09-02 11:50:18 - [MESSAGE][PASSED] - Keys 'ENTER + ' sent to object: 'Object Repository/GoAmlReport/08 Identitas Orang Mewakili Transaksi/02/02 Kategori Kontak'

2020-09-02 11:50:18 - [TEST_STEP][PASSED] - setText(findTestObject("GoAmlReport/08 Identitas Orang Mewakili Transaksi/02/03 Alat Komunikasi"), "PSTN - PSTN"): Text 'PSTN - PSTN' is set on object 'Object Repository/GoAmlReport/08 Identitas Orang Mewakili Transaksi/02/03 Alat Komunikasi'

2020-09-02 11:50:19 - [MESSAGE][PASSED] - Text 'PSTN - PSTN' is set on object 'Object Repository/GoAmlReport/08 Identitas Orang Mewakili Transaksi/02/03 Alat Komunikasi'

2020-09-02 11:50:19 - [TEST_STEP][PASSED] - delay(3): Delayed 3 second(s)

2020-09-02 11:50:22 - [MESSAGE][PASSED] - Delayed 3 second(s)

2020-09-02 11:50:22 - [TEST_STEP][PASSED] - sendKeys(findTestObject("GoAmlReport/08 Identitas Orang Mewakili Transaksi/02/03 Alat Komunikasi"), Keys.chord(ENTER)): Keys 'ENTER + ' sent to object: 'Object Repository/GoAmlReport/08 Identitas Orang Mewakili Transaksi/02/03 Alat Komunikasi'

2020-09-02 11:50:23 - [MESSAGE][PASSED] - Keys 'ENTER + ' sent to object: 'Object Repository/GoAmlReport/08 Identitas Orang Mewakili Transaksi/02/03 Alat Komunikasi'

2020-09-02 11:50:23 - [TEST_STEP][PASSED] - setText(findTestObject("GoAmlReport/08 Identitas Orang Mewakili Transaksi/02/05 Nomor Telepon"), "0986745632"): Text '0986745632' is set on object 'Object Repository/GoAmlReport/08 Identitas Orang Mewakili Transaksi/02/05 Nomor Telepon'

2020-09-02 11:50:24 - [MESSAGE][PASSED] - Text '0986745632' is set on object 'Object Repository/GoAmlReport/08 Identitas Orang Mewakili Transaksi/02/05 Nomor Telepon'

2020-09-02 11:50:24 - [TEST_STEP][PASSED] - delay(2): Delayed 2 second(s)

2020-09-02 11:50:26 - [MESSAGE][PASSED] - Delayed 2 second(s)

2020-09-02 11:50:26 - [TEST_STEP][PASSED] - scrollToElement(findTestObject("GoAmlReport/08 Identitas Orang Mewakili Transaksi/02/08 Save"), 3): Scroll to object 'Object Repository/GoAmlReport/08 Identitas Orang Mewakili Transaksi/02/08 Save' successfully

2020-09-02 11:50:26 - [MESSAGE][PASSED] - Scroll to object 'Object Repository/GoAmlReport/08 Identitas Orang Mewakili Transaksi/02/08 Save' successfully

2020-09-02 11:50:26 - [TEST_STEP][PASSED] - click(findTestObject("GoAmlReport/08 Identitas Orang Mewakili Transaksi/02/08 Save")): Object: 'Object Repository/GoAmlReport/08 Identitas Orang Mewakili Transaksi/02/08 Save' is clicked on

2020-09-02 11:50:27 - [MESSAGE][PASSED] - Object: 'Object Repository/GoAmlReport/08 Identitas Orang Mewakili Transaksi/02/08 Save' is clicked on

2020-09-02 11:50:27 - [TEST_STEP][PASSED] - delay(5): Delayed 5 second(s)

2020-09-02 11:50:32 - [MESSAGE][PASSED] - Delayed 5 second(s)

2020-09-02 11:50:32 - [TEST_STEP][PASSED] - scrollToElement(findTestObject("GoAmlReport/08 Identitas Orang Mewakili Transaksi/03/01 Add"), 3): Scroll to object 'Object Repository/GoAmlReport/08 Identitas Orang Mewakili Transaksi/03/01 Add' successfully

2020-09-02 11:50:32 - [MESSAGE][PASSED] - Scroll to object 'Object Repository/GoAmlReport/08 Identitas Orang Mewakili Transaksi/03/01 Add' successfully

2020-09-02 11:50:32 - [TEST_STEP][PASSED] - click(findTestObject("GoAmlReport/08 Identitas Orang Mewakili Transaksi/03/01 Add")): Object: 'Object Repository/GoAmlReport/08 Identitas Orang Mewakili Transaksi/03/01 Add' is clicked on

2020-09-02 11:50:33 - [MESSAGE][PASSED] - Object: 'Object Repository/GoAmlReport/08 Identitas Orang Mewakili Transaksi/03/01 Add' is clicked on

2020-09-02 11:50:33 - [TEST_STEP][PASSED] - delay(5): Delayed 5 second(s)

2020-09-02 11:50:38 - [MESSAGE][PASSED] - Delayed 5 second(s)

2020-09-02 11:50:38 - [TEST_STEP][PASSED] - setText(findTestObject("GoAmlReport/08 Identitas Orang Mewakili Transaksi/03/02 Tipe Alamat"), "D - Domisili"): Text 'D - Domisili' is set on object 'Object Repository/GoAmlReport/08 Identitas Orang Mewakili Transaksi/03/02 Tipe Alamat'

2020-09-02 11:50:39 - [MESSAGE][PASSED] - Text 'D - Domisili' is set on object 'Object Repository/GoAmlReport/08 Identitas Orang Mewakili Transaksi/03/02 Tipe Alamat'

2020-09-02 11:50:39 - [TEST_STEP][PASSED] - delay(5): Delayed 5 second(s)

2020-09-02 11:50:44 - [MESSAGE][PASSED] - Delayed 5 second(s)

2020-09-02 11:50:44 - [TEST_STEP][PASSED] - sendKeys(findTestObject("GoAmlReport/08 Identitas Orang Mewakili Transaksi/03/02 Tipe Alamat"), Keys.chord(ENTER)): Keys 'ENTER + ' sent to object: 'Object Repository/GoAmlReport/08 Identitas Orang Mewakili Transaksi/03/02 Tipe Alamat'

2020-09-02 11:50:44 - [MESSAGE][PASSED] - Keys 'ENTER + ' sent to object: 'Object Repository/GoAmlReport/08 Identitas Orang Mewakili Transaksi/03/02 Tipe Alamat'

2020-09-02 11:50:44 - [TEST_STEP][PASSED] - setText(findTestObject("GoAmlReport/08 Identitas Orang Mewakili Transaksi/03/03 Alamat"), "Jl. sdhjsadkjsnadklsandkjasd"): Text 'Jl. sdhjsadkjsnadklsandkjasd' is set on object 'Object Repository/GoAmlReport/08 Identitas Orang Mewakili Transaksi/03/03 Alamat'

2020-09-02 11:50:45 - [MESSAGE][PASSED] - Text 'Jl. sdhjsadkjsnadklsandkjasd' is set on object 'Object Repository/GoAmlReport/08 Identitas Orang Mewakili Transaksi/03/03 Alamat'

2020-09-02 11:50:45 - [TEST_STEP][PASSED] - setText(findTestObject("GoAmlReport/08 Identitas Orang Mewakili Transaksi/03/05 Kota"), "Jakarta"): Text 'Jakarta' is set on object 'Object Repository/GoAmlReport/08 Identitas Orang Mewakili Transaksi/03/05 Kota'

2020-09-02 11:50:46 - [MESSAGE][PASSED] - Text 'Jakarta' is set on object 'Object Repository/GoAmlReport/08 Identitas Orang Mewakili Transaksi/03/05 Kota'

2020-09-02 11:50:46 - [TEST_STEP][PASSED] - setText(findTestObject("GoAmlReport/08 Identitas Orang Mewakili Transaksi/03/07 Negara"), "ID - INDONESIA"): Text 'ID - INDONESIA' is set on object 'Object Repository/GoAmlReport/08 Identitas Orang Mewakili Transaksi/03/07 Negara'

2020-09-02 11:50:46 - [MESSAGE][PASSED] - Text 'ID - INDONESIA' is set on object 'Object Repository/GoAmlReport/08 Identitas Orang Mewakili Transaksi/03/07 Negara'

2020-09-02 11:50:46 - [TEST_STEP][PASSED] - delay(3): Delayed 3 second(s)

2020-09-02 11:50:49 - [MESSAGE][PASSED] - Delayed 3 second(s)

2020-09-02 11:50:49 - [TEST_STEP][PASSED] - sendKeys(findTestObject("GoAmlReport/08 Identitas Orang Mewakili Transaksi/03/07 Negara"), Keys.chord(ENTER)): Keys 'ENTER + ' sent to object: 'Object Repository/GoAmlReport/08 Identitas Orang Mewakili Transaksi/03/07 Negara'

2020-09-02 11:50:50 - [MESSAGE][PASSED] - Keys 'ENTER + ' sent to object: 'Object Repository/GoAmlReport/08 Identitas Orang Mewakili Transaksi/03/07 Negara'

2020-09-02 11:50:50 - [TEST_STEP][PASSED] - delay(2): Delayed 2 second(s)

2020-09-02 11:50:52 - [MESSAGE][PASSED] - Delayed 2 second(s)

2020-09-02 11:50:52 - [TEST_STEP][PASSED] - click(findTestObject("GoAmlReport/08 Identitas Orang Mewakili Transaksi/03/10 Save")): Object: 'Object Repository/GoAmlReport/08 Identitas Orang Mewakili Transaksi/03/10 Save' is clicked on

2020-09-02 11:50:52 - [MESSAGE][PASSED] - Object: 'Object Repository/GoAmlReport/08 Identitas Orang Mewakili Transaksi/03/10 Save' is clicked on

2020-09-02 11:50:52 - [TEST_STEP][PASSED] - delay(2): Delayed 2 second(s)

2020-09-02 11:50:54 - [MESSAGE][PASSED] - Delayed 2 second(s)

2020-09-02 11:50:54 - [TEST_STEP][PASSED] - scrollToElement(findTestObject("GoAmlReport/08 Identitas Orang Mewakili Transaksi/05/01 Add"), 3): Scroll to object 'Object Repository/GoAmlReport/08 Identitas Orang Mewakili Transaksi/05/01 Add' successfully

2020-09-02 11:50:55 - [MESSAGE][PASSED] - Scroll to object 'Object Repository/GoAmlReport/08 Identitas Orang Mewakili Transaksi/05/01 Add' successfully

2020-09-02 11:50:55 - [TEST_STEP][PASSED] - click(findTestObject("GoAmlReport/08 Identitas Orang Mewakili Transaksi/05/01 Add")): Object: 'Object Repository/GoAmlReport/08 Identitas Orang Mewakili Transaksi/05/01 Add' is clicked on

2020-09-02 11:50:55 - [MESSAGE][PASSED] - Object: 'Object Repository/GoAmlReport/08 Identitas Orang Mewakili Transaksi/05/01 Add' is clicked on

2020-09-02 11:50:55 - [TEST_STEP][PASSED] - delay(5): Delayed 5 second(s)

2020-09-02 11:51:00 - [MESSAGE][PASSED] - Delayed 5 second(s)

2020-09-02 11:51:00 - [TEST_STEP][PASSED] - setText(findTestObject("GoAmlReport/08 Identitas Orang Mewakili Transaksi/05/02 Tipe Alamat"), "K - Kantor"): Text 'K - Kantor' is set on object 'Object Repository/GoAmlReport/08 Identitas Orang Mewakili Transaksi/05/02 Tipe Alamat'

2020-09-02 11:51:01 - [MESSAGE][PASSED] - Text 'K - Kantor' is set on object 'Object Repository/GoAmlReport/08 Identitas Orang Mewakili Transaksi/05/02 Tipe Alamat'

2020-09-02 11:51:01 - [TEST_STEP][PASSED] - delay(3): Delayed 3 second(s)

2020-09-02 11:51:04 - [MESSAGE][PASSED] - Delayed 3 second(s)

2020-09-02 11:51:04 - [TEST_STEP][PASSED] - sendKeys(findTestObject("GoAmlReport/08 Identitas Orang Mewakili Transaksi/05/02 Tipe Alamat"), Keys.chord(ENTER)): Keys 'ENTER + ' sent to object: 'Object Repository/GoAmlReport/08 Identitas Orang Mewakili Transaksi/05/02 Tipe Alamat'

2020-09-02 11:51:05 - [MESSAGE][PASSED] - Keys 'ENTER + ' sent to object: 'Object Repository/GoAmlReport/08 Identitas Orang Mewakili Transaksi/05/02 Tipe Alamat'

2020-09-02 11:51:05 - [TEST_STEP][PASSED] - setText(findTestObject("GoAmlReport/08 Identitas Orang Mewakili Transaksi/05/03 Alamat"), "Tangerang"): Text 'Tangerang' is set on object 'Object Repository/GoAmlReport/08 Identitas Orang Mewakili Transaksi/05/03 Alamat'

2020-09-02 11:51:05 - [MESSAGE][PASSED] - Text 'Tangerang' is set on object 'Object Repository/GoAmlReport/08 Identitas Orang Mewakili Transaksi/05/03 Alamat'

2020-09-02 11:51:05 - [TEST_STEP][PASSED] - setText(findTestObject("GoAmlReport/08 Identitas Orang Mewakili Transaksi/05/05 Kota"), "Tgrng"): Text 'Tgrng' is set on object 'Object Repository/GoAmlReport/08 Identitas Orang Mewakili Transaksi/05/05 Kota'

2020-09-02 11:51:06 - [MESSAGE][PASSED] - Text 'Tgrng' is set on object 'Object Repository/GoAmlReport/08 Identitas Orang Mewakili Transaksi/05/05 Kota'

2020-09-02 11:51:06 - [TEST_STEP][PASSED] - setText(findTestObject("GoAmlReport/08 Identitas Orang Mewakili Transaksi/05/07 Negara"), "ID - INDONESIA"): Text 'ID - INDONESIA' is set on object 'Object Repository/GoAmlReport/08 Identitas Orang Mewakili Transaksi/05/07 Negara'

2020-09-02 11:51:07 - [MESSAGE][PASSED] - Text 'ID - INDONESIA' is set on object 'Object Repository/GoAmlReport/08 Identitas Orang Mewakili Transaksi/05/07 Negara'

2020-09-02 11:51:07 - [TEST_STEP][PASSED] - delay(3): Delayed 3 second(s)

2020-09-02 11:51:10 - [MESSAGE][PASSED] - Delayed 3 second(s)

2020-09-02 11:51:10 - [TEST_STEP][PASSED] - sendKeys(findTestObject("GoAmlReport/08 Identitas Orang Mewakili Transaksi/05/07 Negara"), Keys.chord(ENTER)): Keys 'ENTER + ' sent to object: 'Object Repository/GoAmlReport/08 Identitas Orang Mewakili Transaksi/05/07 Negara'

2020-09-02 11:51:10 - [MESSAGE][PASSED] - Keys 'ENTER + ' sent to object: 'Object Repository/GoAmlReport/08 Identitas Orang Mewakili Transaksi/05/07 Negara'

2020-09-02 11:51:10 - [TEST_STEP][PASSED] - click(findTestObject("GoAmlReport/08 Identitas Orang Mewakili Transaksi/05/10 Save")): Object: 'Object Repository/GoAmlReport/08 Identitas Orang Mewakili Transaksi/05/10 Save' is clicked on

2020-09-02 11:51:11 - [MESSAGE][PASSED] - Object: 'Object Repository/GoAmlReport/08 Identitas Orang Mewakili Transaksi/05/10 Save' is clicked on

2020-09-02 11:51:11 - [TEST_STEP][PASSED] - delay(3): Delayed 3 second(s)

2020-09-02 11:51:14 - [MESSAGE][PASSED] - Delayed 3 second(s)

2020-09-02 11:51:14 - [TEST_STEP][PASSED] - scrollToElement(findTestObject("GoAmlReport/08 Identitas Orang Mewakili Transaksi/06/01 Add"), 3): Scroll to object 'Object Repository/GoAmlReport/08 Identitas Orang Mewakili Transaksi/06/01 Add' successfully

2020-09-02 11:51:14 - [MESSAGE][PASSED] - Scroll to object 'Object Repository/GoAmlReport/08 Identitas Orang Mewakili Transaksi/06/01 Add' successfully

2020-09-02 11:51:14 - [TEST_STEP][PASSED] - click(findTestObject("GoAmlReport/08 Identitas Orang Mewakili Transaksi/06/01 Add")): Object: 'Object Repository/GoAmlReport/08 Identitas Orang Mewakili Transaksi/06/01 Add' is clicked on

2020-09-02 11:51:15 - [MESSAGE][PASSED] - Object: 'Object Repository/GoAmlReport/08 Identitas Orang Mewakili Transaksi/06/01 Add' is clicked on

2020-09-02 11:51:15 - [TEST_STEP][PASSED] - delay(3): Delayed 3 second(s)

2020-09-02 11:51:18 - [MESSAGE][PASSED] - Delayed 3 second(s)

2020-09-02 11:51:18 - [TEST_STEP][PASSED] - setText(findTestObject("GoAmlReport/08 Identitas Orang Mewakili Transaksi/06/02 Kategori Kontak"), "R - Rumah"): Text 'R - Rumah' is set on object 'Object Repository/GoAmlReport/08 Identitas Orang Mewakili Transaksi/06/02 Kategori Kontak'

2020-09-02 11:51:18 - [MESSAGE][PASSED] - Text 'R - Rumah' is set on object 'Object Repository/GoAmlReport/08 Identitas Orang Mewakili Transaksi/06/02 Kategori Kontak'

2020-09-02 11:51:18 - [TEST_STEP][PASSED] - delay(3): Delayed 3 second(s)

2020-09-02 11:51:21 - [MESSAGE][PASSED] - Delayed 3 second(s)

2020-09-02 11:51:21 - [TEST_STEP][PASSED] - sendKeys(findTestObject("GoAmlReport/08 Identitas Orang Mewakili Transaksi/06/02 Kategori Kontak"), Keys.chord(ENTER)): Keys 'ENTER + ' sent to object: 'Object Repository/GoAmlReport/08 Identitas Orang Mewakili Transaksi/06/02 Kategori Kontak'

2020-09-02 11:51:22 - [MESSAGE][PASSED] - Keys 'ENTER + ' sent to object: 'Object Repository/GoAmlReport/08 Identitas Orang Mewakili Transaksi/06/02 Kategori Kontak'

2020-09-02 11:51:22 - [TEST_STEP][PASSED] - setText(findTestObject("GoAmlReport/08 Identitas Orang Mewakili Transaksi/06/03 Alat Komunikasi"), "MOB - Mobile"): Text 'MOB - Mobile' is set on object 'Object Repository/GoAmlReport/08 Identitas Orang Mewakili Transaksi/06/03 Alat Komunikasi'

2020-09-02 11:51:23 - [MESSAGE][PASSED] - Text 'MOB - Mobile' is set on object 'Object Repository/GoAmlReport/08 Identitas Orang Mewakili Transaksi/06/03 Alat Komunikasi'

2020-09-02 11:51:23 - [TEST_STEP][PASSED] - delay(3): Delayed 3 second(s)

2020-09-02 11:51:26 - [MESSAGE][PASSED] - Delayed 3 second(s)

2020-09-02 11:51:26 - [TEST_STEP][PASSED] - sendKeys(findTestObject("GoAmlReport/08 Identitas Orang Mewakili Transaksi/06/03 Alat Komunikasi"), Keys.chord(ENTER)): Keys 'ENTER + ' sent to object: 'Object Repository/GoAmlReport/08 Identitas Orang Mewakili Transaksi/06/03 Alat Komunikasi'

2020-09-02 11:51:26 - [MESSAGE][PASSED] - Keys 'ENTER + ' sent to object: 'Object Repository/GoAmlReport/08 Identitas Orang Mewakili Transaksi/06/03 Alat Komunikasi'

2020-09-02 11:51:26 - [TEST_STEP][PASSED] - setText(findTestObject("GoAmlReport/08 Identitas Orang Mewakili Transaksi/06/04 Nomor Telepon"), "089234789233"): Text '089234789233' is set on object 'Object Repository/GoAmlReport/08 Identitas Orang Mewakili Transaksi/06/04 Nomor Telepon'

2020-09-02 11:51:27 - [MESSAGE][PASSED] - Text '089234789233' is set on object 'Object Repository/GoAmlReport/08 Identitas Orang Mewakili Transaksi/06/04 Nomor Telepon'

2020-09-02 11:51:27 - [TEST_STEP][PASSED] - click(findTestObject("GoAmlReport/08 Identitas Orang Mewakili Transaksi/06/07 Save"), STOP_ON_FAILURE): Object: 'Object Repository/GoAmlReport/08 Identitas Orang Mewakili Transaksi/06/07 Save' is clicked on

2020-09-02 11:51:28 - [MESSAGE][PASSED] - Object: 'Object Repository/GoAmlReport/08 Identitas Orang Mewakili Transaksi/06/07 Save' is clicked on

2020-09-02 11:51:28 - [TEST_STEP][PASSED] - delay(3): Delayed 3 second(s)

2020-09-02 11:51:31 - [MESSAGE][PASSED] - Delayed 3 second(s)

2020-09-02 11:51:31 - [TEST_STEP][PASSED] - scrollToElement(findTestObject("GoAmlReport/08 Identitas Orang Mewakili Transaksi/07/01 Add"), 3): Scroll to object 'Object Repository/GoAmlReport/08 Identitas Orang Mewakili Transaksi/07/01 Add' successfully

2020-09-02 11:51:31 - [MESSAGE][PASSED] - Scroll to object 'Object Repository/GoAmlReport/08 Identitas Orang Mewakili Transaksi/07/01 Add' successfully

2020-09-02 11:51:31 - [TEST_STEP][PASSED] - click(findTestObject("GoAmlReport/08 Identitas Orang Mewakili Transaksi/07/01 Add")): Object: 'Object Repository/GoAmlReport/08 Identitas Orang Mewakili Transaksi/07/01 Add' is clicked on

2020-09-02 11:51:32 - [MESSAGE][PASSED] - Object: 'Object Repository/GoAmlReport/08 Identitas Orang Mewakili Transaksi/07/01 Add' is clicked on

2020-09-02 11:51:32 - [TEST_STEP][PASSED] - delay(3): Delayed 3 second(s)

2020-09-02 11:51:35 - [MESSAGE][PASSED] - Delayed 3 second(s)

2020-09-02 11:51:35 - [TEST_STEP][PASSED] - setText(findTestObject("GoAmlReport/08 Identitas Orang Mewakili Transaksi/07/02 Jenis Dokumen Identitas"), "SUKET - Surat Keterangan Kependudukan"): Text 'SUKET - Surat Keterangan Kependudukan' is set on object 'Object Repository/GoAmlReport/08 Identitas Orang Mewakili Transaksi/07/02 Jenis Dokumen Identitas'

2020-09-02 11:51:36 - [MESSAGE][PASSED] - Text 'SUKET - Surat Keterangan Kependudukan' is set on object 'Object Repository/GoAmlReport/08 Identitas Orang Mewakili Transaksi/07/02 Jenis Dokumen Identitas'

2020-09-02 11:51:36 - [TEST_STEP][PASSED] - delay(3): Delayed 3 second(s)

2020-09-02 11:51:39 - [MESSAGE][PASSED] - Delayed 3 second(s)

2020-09-02 11:51:39 - [TEST_STEP][PASSED] - sendKeys(findTestObject("GoAmlReport/08 Identitas Orang Mewakili Transaksi/07/02 Jenis Dokumen Identitas"), Keys.chord(ENTER)): Keys 'ENTER + ' sent to object: 'Object Repository/GoAmlReport/08 Identitas Orang Mewakili Transaksi/07/02 Jenis Dokumen Identitas'

2020-09-02 11:51:39 - [MESSAGE][PASSED] - Keys 'ENTER + ' sent to object: 'Object Repository/GoAmlReport/08 Identitas Orang Mewakili Transaksi/07/02 Jenis Dokumen Identitas'

2020-09-02 11:51:39 - [TEST_STEP][PASSED] - setText(findTestObject("GoAmlReport/08 Identitas Orang Mewakili Transaksi/07/02 No Identitas"), "12321444"): Text '12321444' is set on object 'Object Repository/GoAmlReport/08 Identitas Orang Mewakili Transaksi/07/02 No Identitas'

2020-09-02 11:51:40 - [MESSAGE][PASSED] - Text '12321444' is set on object 'Object Repository/GoAmlReport/08 Identitas Orang Mewakili Transaksi/07/02 No Identitas'

2020-09-02 11:51:40 - [TEST_STEP][PASSED] - setText(findTestObject("GoAmlReport/08 Identitas Orang Mewakili Transaksi/07/06 Negara Penerbit Identitas"), "ID - INDONESIA"): Text 'ID - INDONESIA' is set on object 'Object Repository/GoAmlReport/08 Identitas Orang Mewakili Transaksi/07/06 Negara Penerbit Identitas'

2020-09-02 11:51:41 - [MESSAGE][PASSED] - Text 'ID - INDONESIA' is set on object 'Object Repository/GoAmlReport/08 Identitas Orang Mewakili Transaksi/07/06 Negara Penerbit Identitas'

2020-09-02 11:51:41 - [TEST_STEP][PASSED] - delay(3): Delayed 3 second(s)

2020-09-02 11:51:44 - [MESSAGE][PASSED] - Delayed 3 second(s)

2020-09-02 11:51:44 - [TEST_STEP][PASSED] - sendKeys(findTestObject("GoAmlReport/08 Identitas Orang Mewakili Transaksi/07/06 Negara Penerbit Identitas"), Keys.chord(ENTER)): Keys 'ENTER + ' sent to object: 'Object Repository/GoAmlReport/08 Identitas Orang Mewakili Transaksi/07/06 Negara Penerbit Identitas'

2020-09-02 11:51:45 - [MESSAGE][PASSED] - Keys 'ENTER + ' sent to object: 'Object Repository/GoAmlReport/08 Identitas Orang Mewakili Transaksi/07/06 Negara Penerbit Identitas'

2020-09-02 11:51:45 - [TEST_STEP][PASSED] - click(findTestObject("GoAmlReport/08 Identitas Orang Mewakili Transaksi/07/08 Save"), STOP_ON_FAILURE): Object: 'Object Repository/GoAmlReport/08 Identitas Orang Mewakili Transaksi/07/08 Save' is clicked on

2020-09-02 11:51:45 - [MESSAGE][PASSED] - Object: 'Object Repository/GoAmlReport/08 Identitas Orang Mewakili Transaksi/07/08 Save' is clicked on

2020-09-02 11:51:45 - [MESSAGE][PASSED] - Call Test Case 'Test Cases/Identitas Orang Mewakili Transaksi' successfully

2020-09-02 11:51:45 - [TEST_STEP][PASSED] - callTestCase(findTestCase("GoAML Report 4"), [:], STOP_ON_FAILURE): Call Test Case 'Test Cases/GoAML Report 4' successfully

2020-09-02 11:51:45 - [TEST_CASE][PASSED] - Test Cases/GoAML Report 4: Test Cases/GoAML Report 4

2020-09-02 11:51:46 - [TEST_STEP][PASSED] - for ([rowNum = 1, rowNum <= findTestData("GoAMLReport/Transaksi").getRowNumbers(), (rowNum++)]): Delayed 2 second(s)

2020-09-02 11:51:46 - [TEST_STEP][PASSED] - delay(6): Delayed 6 second(s)

2020-09-02 11:51:52 - [MESSAGE][PASSED] - Delayed 6 second(s)

2020-09-02 11:51:52 - [TEST_STEP][PASSED] - if (findTestData("GoAMLReport/Transaksi").getValue(1, rowNum) == "true"): Keys 'ENTER + ' sent to object: 'Object Repository/GoAmlReport/03 Identitas Pengirim/07 Negara Trx Asal'

2020-09-02 11:51:52 - [TEST_STEP][PASSED] - if (findTestData("GoAMLReport/Transaksi").getValue(6, rowNum) == "true"): null

2020-09-02 11:51:52 - [TEST_STEP][PASSED] - if (findTestData("GoAMLReport/Transaksi").getValue(7, rowNum) == "uang tunai"): Keys 'ENTER + ' sent to object: 'Object Repository/GoAmlReport/03 Identitas Pengirim/02 Ins Trx Asal'

2020-09-02 11:51:52 - [TEST_STEP][PASSED] - setText(findTestObject("GoAmlReport/03 Identitas Pengirim/02 Ins Trx Asal"), "Uang Tunai"): Text 'Uang Tunai' is set on object 'Object Repository/GoAmlReport/03 Identitas Pengirim/02 Ins Trx Asal'

2020-09-02 11:51:53 - [MESSAGE][PASSED] - Text 'Uang Tunai' is set on object 'Object Repository/GoAmlReport/03 Identitas Pengirim/02 Ins Trx Asal'

2020-09-02 11:51:53 - [TEST_STEP][PASSED] - delay(3): Delayed 3 second(s)

2020-09-02 11:51:56 - [MESSAGE][PASSED] - Delayed 3 second(s)

2020-09-02 11:51:56 - [TEST_STEP][PASSED] - sendKeys(findTestObject("GoAmlReport/03 Identitas Pengirim/02 Ins Trx Asal"), Keys.chord(ENTER)): Keys 'ENTER + ' sent to object: 'Object Repository/GoAmlReport/03 Identitas Pengirim/02 Ins Trx Asal'

2020-09-02 11:51:56 - [MESSAGE][PASSED] - Keys 'ENTER + ' sent to object: 'Object Repository/GoAmlReport/03 Identitas Pengirim/02 Ins Trx Asal'

2020-09-02 11:51:56 - [TEST_STEP][PASSED] - if (findTestData("GoAMLReport/Transaksi").getValue(7, rowNum) == "rekening"): null

2020-09-02 11:51:56 - [TEST_STEP][PASSED] - setText(findTestObject("GoAmlReport/03 Identitas Pengirim/05 Nominal Valas"), "500000"): Text '500000' is set on object 'Object Repository/GoAmlReport/03 Identitas Pengirim/05 Nominal Valas'

2020-09-02 11:51:57 - [MESSAGE][PASSED] - Text '500000' is set on object 'Object Repository/GoAmlReport/03 Identitas Pengirim/05 Nominal Valas'

2020-09-02 11:51:57 - [TEST_STEP][PASSED] - delay(3): Delayed 3 second(s)

2020-09-02 11:52:00 - [MESSAGE][PASSED] - Delayed 3 second(s)

2020-09-02 11:52:00 - [TEST_STEP][PASSED] - setText(findTestObject("GoAmlReport/03 Identitas Pengirim/06 Kurs"), "nope"): Text 'nope' is set on object 'Object Repository/GoAmlReport/03 Identitas Pengirim/06 Kurs'

2020-09-02 11:52:00 - [MESSAGE][PASSED] - Text 'nope' is set on object 'Object Repository/GoAmlReport/03 Identitas Pengirim/06 Kurs'

2020-09-02 11:52:00 - [TEST_STEP][PASSED] - setText(findTestObject("GoAmlReport/03 Identitas Pengirim/999 Mata Uang Asing"), "INR - Indian Rupee"): Text 'INR - Indian Rupee' is set on object 'Object Repository/GoAmlReport/03 Identitas Pengirim/999 Mata Uang Asing'

2020-09-02 11:52:01 - [MESSAGE][PASSED] - Text 'INR - Indian Rupee' is set on object 'Object Repository/GoAmlReport/03 Identitas Pengirim/999 Mata Uang Asing'

2020-09-02 11:52:01 - [TEST_STEP][PASSED] - delay(3): Delayed 3 second(s)

2020-09-02 11:52:04 - [MESSAGE][PASSED] - Delayed 3 second(s)

2020-09-02 11:52:04 - [TEST_STEP][PASSED] - sendKeys(findTestObject("GoAmlReport/03 Identitas Pengirim/999 Mata Uang Asing"), Keys.chord(ENTER)): Keys 'ENTER + ' sent to object: 'Object Repository/GoAmlReport/03 Identitas Pengirim/999 Mata Uang Asing'

2020-09-02 11:52:05 - [MESSAGE][PASSED] - Keys 'ENTER + ' sent to object: 'Object Repository/GoAmlReport/03 Identitas Pengirim/999 Mata Uang Asing'

2020-09-02 11:52:05 - [TEST_STEP][PASSED] - setText(findTestObject("GoAmlReport/03 Identitas Pengirim/07 Negara Trx Asal"), "INDONE"): Text 'INDONE' is set on object 'Object Repository/GoAmlReport/03 Identitas Pengirim/07 Negara Trx Asal'

2020-09-02 11:52:06 - [MESSAGE][PASSED] - Text 'INDONE' is set on object 'Object Repository/GoAmlReport/03 Identitas Pengirim/07 Negara Trx Asal'

2020-09-02 11:52:06 - [TEST_STEP][PASSED] - delay(3): Delayed 3 second(s)

2020-09-02 11:52:09 - [MESSAGE][PASSED] - Delayed 3 second(s)

2020-09-02 11:52:09 - [TEST_STEP][PASSED] - sendKeys(findTestObject("GoAmlReport/03 Identitas Pengirim/07 Negara Trx Asal"), Keys.chord(ENTER)): Keys 'ENTER + ' sent to object: 'Object Repository/GoAmlReport/03 Identitas Pengirim/07 Negara Trx Asal'

2020-09-02 11:52:09 - [MESSAGE][PASSED] - Keys 'ENTER + ' sent to object: 'Object Repository/GoAmlReport/03 Identitas Pengirim/07 Negara Trx Asal'

2020-09-02 11:52:09 - [TEST_STEP][PASSED] - if (findTestData("GoAMLReport/Transaksi").getValue(8, rowNum) == "person"): null

2020-09-02 11:52:09 - [TEST_STEP][PASSED] - if (findTestData("GoAMLReport/Transaksi").getValue(8, rowNum) == "account"): null

2020-09-02 11:52:09 - [TEST_STEP][PASSED] - if (findTestData("GoAMLReport/Transaksi").getValue(8, rowNum) == "entity"): Delayed 2 second(s)

2020-09-02 11:52:09 - [TEST_STEP][PASSED] - setText(findTestObject("GoAmlReport/03 Identitas Pengirim/09 Informasi Pengirim"), findTestData("GoAMLReport/Transaksi").getValue(8, rowNum)): Text 'entity' is set on object 'Object Repository/GoAmlReport/03 Identitas Pengirim/09 Informasi Pengirim'

2020-09-02 11:52:10 - [MESSAGE][PASSED] - Text 'entity' is set on object 'Object Repository/GoAmlReport/03 Identitas Pengirim/09 Informasi Pengirim'

2020-09-02 11:52:10 - [TEST_STEP][PASSED] - delay(8): Delayed 8 second(s)

2020-09-02 11:52:18 - [MESSAGE][PASSED] - Delayed 8 second(s)

2020-09-02 11:52:18 - [TEST_STEP][PASSED] - sendKeys(findTestObject("GoAmlReport/03 Identitas Pengirim/09 Informasi Pengirim"), Keys.chord(ENTER)): Keys 'ENTER + ' sent to object: 'Object Repository/GoAmlReport/03 Identitas Pengirim/09 Informasi Pengirim'

2020-09-02 11:52:19 - [MESSAGE][PASSED] - Keys 'ENTER + ' sent to object: 'Object Repository/GoAmlReport/03 Identitas Pengirim/09 Informasi Pengirim'

2020-09-02 11:52:19 - [TEST_STEP][PASSED] - delay(5): Delayed 5 second(s)

2020-09-02 11:52:24 - [MESSAGE][PASSED] - Delayed 5 second(s)

2020-09-02 11:52:24 - [TEST_STEP][PASSED] - setText(findTestObject("GoAmlReport/07 Entity/Account From/01 Nama Korporasi"), "Simpan Pinjam"): Text 'Simpan Pinjam' is set on object 'Object Repository/GoAmlReport/07 Entity/Account From/01 Nama Korporasi'

2020-09-02 11:52:25 - [MESSAGE][PASSED] - Text 'Simpan Pinjam' is set on object 'Object Repository/GoAmlReport/07 Entity/Account From/01 Nama Korporasi'

2020-09-02 11:52:25 - [TEST_STEP][PASSED] - setText(findTestObject("GoAmlReport/07 Entity/Account From/02 Bentuk Korporasi"), "PD - Perusahaan Daerah"): Text 'PD - Perusahaan Daerah' is set on object 'Object Repository/GoAmlReport/07 Entity/Account From/02 Bentuk Korporasi'

2020-09-02 11:52:26 - [MESSAGE][PASSED] - Text 'PD - Perusahaan Daerah' is set on object 'Object Repository/GoAmlReport/07 Entity/Account From/02 Bentuk Korporasi'

2020-09-02 11:52:26 - [TEST_STEP][PASSED] - delay(3): Delayed 3 second(s)

2020-09-02 11:52:29 - [MESSAGE][PASSED] - Delayed 3 second(s)

2020-09-02 11:52:29 - [TEST_STEP][PASSED] - sendKeys(findTestObject("GoAmlReport/07 Entity/Account From/02 Bentuk Korporasi"), Keys.chord(ENTER)): Keys 'ENTER + ' sent to object: 'Object Repository/GoAmlReport/07 Entity/Account From/02 Bentuk Korporasi'

2020-09-02 11:52:29 - [MESSAGE][PASSED] - Keys 'ENTER + ' sent to object: 'Object Repository/GoAmlReport/07 Entity/Account From/02 Bentuk Korporasi'

2020-09-02 11:52:29 - [TEST_STEP][PASSED] - setText(findTestObject("GoAmlReport/07 Entity/Account From/03 Bidang Usaha"), "Rentenir"): Text 'Rentenir' is set on object 'Object Repository/GoAmlReport/07 Entity/Account From/03 Bidang Usaha'

2020-09-02 11:52:30 - [MESSAGE][PASSED] - Text 'Rentenir' is set on object 'Object Repository/GoAmlReport/07 Entity/Account From/03 Bidang Usaha'

2020-09-02 11:52:30 - [TEST_STEP][PASSED] - setText(findTestObject("GoAmlReport/07 Entity/Account From/03 Negara"), "indone"): Text 'indone' is set on object 'Object Repository/GoAmlReport/07 Entity/Account From/03 Negara'

2020-09-02 11:52:31 - [MESSAGE][PASSED] - Text 'indone' is set on object 'Object Repository/GoAmlReport/07 Entity/Account From/03 Negara'

2020-09-02 11:52:31 - [TEST_STEP][PASSED] - delay(3): Delayed 3 second(s)

2020-09-02 11:52:34 - [MESSAGE][PASSED] - Delayed 3 second(s)

2020-09-02 11:52:34 - [TEST_STEP][PASSED] - sendKeys(findTestObject("GoAmlReport/07 Entity/Account From/03 Negara"), Keys.chord(ENTER)): Keys 'ENTER + ' sent to object: 'Object Repository/GoAmlReport/07 Entity/Account From/03 Negara'

2020-09-02 11:52:34 - [MESSAGE][PASSED] - Keys 'ENTER + ' sent to object: 'Object Repository/GoAmlReport/07 Entity/Account From/03 Negara'

2020-09-02 11:52:34 - [TEST_STEP][PASSED] - setText(findTestObject("GoAmlReport/07 Entity/Account From/04 NPWP"), "123213123"): Text '123213123' is set on object 'Object Repository/GoAmlReport/07 Entity/Account From/04 NPWP'

2020-09-02 11:52:35 - [MESSAGE][PASSED] - Text '123213123' is set on object 'Object Repository/GoAmlReport/07 Entity/Account From/04 NPWP'

2020-09-02 11:52:35 - [TEST_STEP][PASSED] - scrollToElement(findTestObject("GoAmlReport/07 Entity/Account Tab From/01 Telepon/Tambah Telepon"), 3): Scroll to object 'Object Repository/GoAmlReport/07 Entity/Account Tab From/01 Telepon/Tambah Telepon' successfully

2020-09-02 11:52:35 - [MESSAGE][PASSED] - Scroll to object 'Object Repository/GoAmlReport/07 Entity/Account Tab From/01 Telepon/Tambah Telepon' successfully

2020-09-02 11:52:35 - [TEST_STEP][PASSED] - click(findTestObject("GoAmlReport/07 Entity/Account Tab From/01 Telepon/Tambah Telepon")): Object: 'Object Repository/GoAmlReport/07 Entity/Account Tab From/01 Telepon/Tambah Telepon' is clicked on

2020-09-02 11:52:36 - [MESSAGE][PASSED] - Object: 'Object Repository/GoAmlReport/07 Entity/Account Tab From/01 Telepon/Tambah Telepon' is clicked on

2020-09-02 11:52:36 - [TEST_STEP][PASSED] - delay(5): Delayed 5 second(s)

2020-09-02 11:52:41 - [MESSAGE][PASSED] - Delayed 5 second(s)

2020-09-02 11:52:41 - [TEST_STEP][PASSED] - setText(findTestObject("GoAmlReport/07 Entity/Account Tab From/01 Telepon/01 Kategori Kontak"), "D - Domisili"): Text 'D - Domisili' is set on object 'Object Repository/GoAmlReport/07 Entity/Account Tab From/01 Telepon/01 Kategori Kontak'

2020-09-02 11:52:42 - [MESSAGE][PASSED] - Text 'D - Domisili' is set on object 'Object Repository/GoAmlReport/07 Entity/Account Tab From/01 Telepon/01 Kategori Kontak'

2020-09-02 11:52:42 - [TEST_STEP][PASSED] - delay(3): Delayed 3 second(s)

2020-09-02 11:52:45 - [MESSAGE][PASSED] - Delayed 3 second(s)

2020-09-02 11:52:45 - [TEST_STEP][PASSED] - sendKeys(findTestObject("GoAmlReport/07 Entity/Account Tab From/01 Telepon/01 Kategori Kontak"), Keys.chord(ENTER)): Keys 'ENTER + ' sent to object: 'Object Repository/GoAmlReport/07 Entity/Account Tab From/01 Telepon/01 Kategori Kontak'

2020-09-02 11:52:45 - [MESSAGE][PASSED] - Keys 'ENTER + ' sent to object: 'Object Repository/GoAmlReport/07 Entity/Account Tab From/01 Telepon/01 Kategori Kontak'

2020-09-02 11:52:45 - [TEST_STEP][PASSED] - setText(findTestObject("GoAmlReport/07 Entity/Account Tab From/01 Telepon/02 Alat Komunikasi"), "PSTN - PSTN"): Text 'PSTN - PSTN' is set on object 'Object Repository/GoAmlReport/07 Entity/Account Tab From/01 Telepon/02 Alat Komunikasi'

2020-09-02 11:52:46 - [MESSAGE][PASSED] - Text 'PSTN - PSTN' is set on object 'Object Repository/GoAmlReport/07 Entity/Account Tab From/01 Telepon/02 Alat Komunikasi'

2020-09-02 11:52:46 - [TEST_STEP][PASSED] - delay(3): Delayed 3 second(s)

2020-09-02 11:52:49 - [MESSAGE][PASSED] - Delayed 3 second(s)

2020-09-02 11:52:49 - [TEST_STEP][PASSED] - sendKeys(findTestObject("GoAmlReport/07 Entity/Account Tab From/01 Telepon/02 Alat Komunikasi"), Keys.chord(ENTER)): Keys 'ENTER + ' sent to object: 'Object Repository/GoAmlReport/07 Entity/Account Tab From/01 Telepon/02 Alat Komunikasi'

2020-09-02 11:52:50 - [MESSAGE][PASSED] - Keys 'ENTER + ' sent to object: 'Object Repository/GoAmlReport/07 Entity/Account Tab From/01 Telepon/02 Alat Komunikasi'

2020-09-02 11:52:50 - [TEST_STEP][PASSED] - setText(findTestObject("GoAmlReport/07 Entity/Account Tab From/01 Telepon/03 No Telepon"), "0986745632"): Text '0986745632' is set on object 'Object Repository/GoAmlReport/07 Entity/Account Tab From/01 Telepon/03 No Telepon'

2020-09-02 11:52:50 - [MESSAGE][PASSED] - Text '0986745632' is set on object 'Object Repository/GoAmlReport/07 Entity/Account Tab From/01 Telepon/03 No Telepon'

2020-09-02 11:52:50 - [TEST_STEP][PASSED] - delay(2): Delayed 2 second(s)

2020-09-02 11:52:52 - [MESSAGE][PASSED] - Delayed 2 second(s)

2020-09-02 11:52:52 - [TEST_STEP][PASSED] - scrollToElement(findTestObject("GoAmlReport/07 Entity/Account Tab From/01 Telepon/Save"), 3): Scroll to object 'Object Repository/GoAmlReport/07 Entity/Account Tab From/01 Telepon/Save' successfully

2020-09-02 11:52:53 - [MESSAGE][PASSED] - Scroll to object 'Object Repository/GoAmlReport/07 Entity/Account Tab From/01 Telepon/Save' successfully

2020-09-02 11:52:53 - [TEST_STEP][PASSED] - click(findTestObject("GoAmlReport/07 Entity/Account Tab From/01 Telepon/Save"), STOP_ON_FAILURE): Object: 'Object Repository/GoAmlReport/07 Entity/Account Tab From/01 Telepon/Save' is clicked on

2020-09-02 11:52:53 - [MESSAGE][PASSED] - Object: 'Object Repository/GoAmlReport/07 Entity/Account Tab From/01 Telepon/Save' is clicked on

2020-09-02 11:52:53 - [TEST_STEP][PASSED] - delay(3): Delayed 3 second(s)

2020-09-02 11:52:56 - [MESSAGE][PASSED] - Delayed 3 second(s)

2020-09-02 11:52:56 - [TEST_STEP][PASSED] - scrollToElement(findTestObject("GoAmlReport/07 Entity/Account Tab From/02 Alamat/span_Tambah Alamat"), 3): Scroll to object 'Object Repository/GoAmlReport/07 Entity/Account Tab From/02 Alamat/span_Tambah Alamat' successfully

2020-09-02 11:52:57 - [MESSAGE][PASSED] - Scroll to object 'Object Repository/GoAmlReport/07 Entity/Account Tab From/02 Alamat/span_Tambah Alamat' successfully

2020-09-02 11:52:57 - [TEST_STEP][PASSED] - click(findTestObject("GoAmlReport/07 Entity/Account Tab From/02 Alamat/span_Tambah Alamat")): Object: 'Object Repository/GoAmlReport/07 Entity/Account Tab From/02 Alamat/span_Tambah Alamat' is clicked on

2020-09-02 11:52:57 - [MESSAGE][PASSED] - Object: 'Object Repository/GoAmlReport/07 Entity/Account Tab From/02 Alamat/span_Tambah Alamat' is clicked on

2020-09-02 11:52:57 - [TEST_STEP][PASSED] - delay(5): Delayed 5 second(s)

2020-09-02 11:53:02 - [MESSAGE][PASSED] - Delayed 5 second(s)

2020-09-02 11:53:02 - [TEST_STEP][PASSED] - setText(findTestObject("GoAmlReport/07 Entity/Account Tab From/02 Alamat/01 Type Alamat"), "D - Domisili"): Text 'D - Domisili' is set on object 'Object Repository/GoAmlReport/07 Entity/Account Tab From/02 Alamat/01 Type Alamat'

2020-09-02 11:53:03 - [MESSAGE][PASSED] - Text 'D - Domisili' is set on object 'Object Repository/GoAmlReport/07 Entity/Account Tab From/02 Alamat/01 Type Alamat'

2020-09-02 11:53:03 - [TEST_STEP][PASSED] - delay(5): Delayed 5 second(s)

2020-09-02 11:53:08 - [MESSAGE][PASSED] - Delayed 5 second(s)

2020-09-02 11:53:08 - [TEST_STEP][PASSED] - sendKeys(findTestObject("GoAmlReport/07 Entity/Account Tab From/02 Alamat/01 Type Alamat"), Keys.chord(ENTER)): Keys 'ENTER + ' sent to object: 'Object Repository/GoAmlReport/07 Entity/Account Tab From/02 Alamat/01 Type Alamat'

2020-09-02 11:53:09 - [MESSAGE][PASSED] - Keys 'ENTER + ' sent to object: 'Object Repository/GoAmlReport/07 Entity/Account Tab From/02 Alamat/01 Type Alamat'

2020-09-02 11:53:09 - [TEST_STEP][PASSED] - setText(findTestObject("GoAmlReport/07 Entity/Account Tab From/02 Alamat/02 Alamat"), "Jl. sdhjsadkjsnadklsandkjasd"): Text 'Jl. sdhjsadkjsnadklsandkjasd' is set on object 'Object Repository/GoAmlReport/07 Entity/Account Tab From/02 Alamat/02 Alamat'

2020-09-02 11:53:09 - [MESSAGE][PASSED] - Text 'Jl. sdhjsadkjsnadklsandkjasd' is set on object 'Object Repository/GoAmlReport/07 Entity/Account Tab From/02 Alamat/02 Alamat'

2020-09-02 11:53:09 - [TEST_STEP][PASSED] - setText(findTestObject("GoAmlReport/07 Entity/Account Tab From/02 Alamat/03 Kota"), "Jakarta"): Text 'Jakarta' is set on object 'Object Repository/GoAmlReport/07 Entity/Account Tab From/02 Alamat/03 Kota'

2020-09-02 11:53:10 - [MESSAGE][PASSED] - Text 'Jakarta' is set on object 'Object Repository/GoAmlReport/07 Entity/Account Tab From/02 Alamat/03 Kota'

2020-09-02 11:53:10 - [TEST_STEP][PASSED] - setText(findTestObject("GoAmlReport/07 Entity/Account Tab From/02 Alamat/03 Negara"), "ID - INDONESIA"): Text 'ID - INDONESIA' is set on object 'Object Repository/GoAmlReport/07 Entity/Account Tab From/02 Alamat/03 Negara'

2020-09-02 11:53:11 - [MESSAGE][PASSED] - Text 'ID - INDONESIA' is set on object 'Object Repository/GoAmlReport/07 Entity/Account Tab From/02 Alamat/03 Negara'

2020-09-02 11:53:11 - [TEST_STEP][PASSED] - delay(3): Delayed 3 second(s)

2020-09-02 11:53:14 - [MESSAGE][PASSED] - Delayed 3 second(s)

2020-09-02 11:53:14 - [TEST_STEP][PASSED] - sendKeys(findTestObject("GoAmlReport/07 Entity/Account Tab From/02 Alamat/03 Negara"), Keys.chord(ENTER)): Keys 'ENTER + ' sent to object: 'Object Repository/GoAmlReport/07 Entity/Account Tab From/02 Alamat/03 Negara'

2020-09-02 11:53:14 - [MESSAGE][PASSED] - Keys 'ENTER + ' sent to object: 'Object Repository/GoAmlReport/07 Entity/Account Tab From/02 Alamat/03 Negara'

2020-09-02 11:53:14 - [TEST_STEP][PASSED] - delay(2): Delayed 2 second(s)

2020-09-02 11:53:16 - [MESSAGE][PASSED] - Delayed 2 second(s)

2020-09-02 11:53:16 - [TEST_STEP][PASSED] - click(findTestObject("GoAmlReport/07 Entity/Account Tab From/02 Alamat/save")): Object: 'Object Repository/GoAmlReport/07 Entity/Account Tab From/02 Alamat/save' is clicked on

2020-09-02 11:53:17 - [MESSAGE][PASSED] - Object: 'Object Repository/GoAmlReport/07 Entity/Account Tab From/02 Alamat/save' is clicked on

2020-09-02 11:53:17 - [TEST_STEP][PASSED] - scrollToElement(findTestObject("GoAmlReport/07 Entity/Account Tab From/03 Director/00 Add"), 3): Scroll to object 'Object Repository/GoAmlReport/07 Entity/Account Tab From/03 Director/00 Add' successfully

2020-09-02 11:53:17 - [MESSAGE][PASSED] - Scroll to object 'Object Repository/GoAmlReport/07 Entity/Account Tab From/03 Director/00 Add' successfully

2020-09-02 11:53:17 - [TEST_STEP][PASSED] - click(findTestObject("GoAmlReport/07 Entity/Account Tab From/03 Director/00 Add")): Object: 'Object Repository/GoAmlReport/07 Entity/Account Tab From/03 Director/00 Add' is clicked on

2020-09-02 11:53:18 - [MESSAGE][PASSED] - Object: 'Object Repository/GoAmlReport/07 Entity/Account Tab From/03 Director/00 Add' is clicked on

2020-09-02 11:53:18 - [TEST_STEP][PASSED] - delay(5): Delayed 5 second(s)

2020-09-02 11:53:23 - [MESSAGE][PASSED] - Delayed 5 second(s)

2020-09-02 11:53:23 - [TEST_STEP][PASSED] - setText(findTestObject("GoAmlReport/07 Entity/Account Tab From/03 Director/01 Jenis Kelamin"), "F - Female"): Text 'F - Female' is set on object 'Object Repository/GoAmlReport/07 Entity/Account Tab From/03 Director/01 Jenis Kelamin'

2020-09-02 11:53:24 - [MESSAGE][PASSED] - Text 'F - Female' is set on object 'Object Repository/GoAmlReport/07 Entity/Account Tab From/03 Director/01 Jenis Kelamin'

2020-09-02 11:53:24 - [TEST_STEP][PASSED] - delay(2): Delayed 2 second(s)

2020-09-02 11:53:26 - [MESSAGE][PASSED] - Delayed 2 second(s)

2020-09-02 11:53:26 - [TEST_STEP][PASSED] - sendKeys(findTestObject("GoAmlReport/07 Entity/Account Tab From/03 Director/01 Jenis Kelamin"), Keys.chord(ENTER)): Keys 'ENTER + ' sent to object: 'Object Repository/GoAmlReport/07 Entity/Account Tab From/03 Director/01 Jenis Kelamin'

2020-09-02 11:53:27 - [MESSAGE][PASSED] - Keys 'ENTER + ' sent to object: 'Object Repository/GoAmlReport/07 Entity/Account Tab From/03 Director/01 Jenis Kelamin'

2020-09-02 11:53:27 - [TEST_STEP][PASSED] - setText(findTestObject("GoAmlReport/07 Entity/Account Tab From/03 Director/10 Tanggal Lahir"), "01-Aug-96"): Text '01-Aug-96' is set on object 'Object Repository/GoAmlReport/07 Entity/Account Tab From/03 Director/10 Tanggal Lahir'

2020-09-02 11:53:27 - [MESSAGE][PASSED] - Text '01-Aug-96' is set on object 'Object Repository/GoAmlReport/07 Entity/Account Tab From/03 Director/10 Tanggal Lahir'

2020-09-02 11:53:27 - [TEST_STEP][PASSED] - delay(5): Delayed 5 second(s)

2020-09-02 11:53:32 - [MESSAGE][PASSED] - Delayed 5 second(s)

2020-09-02 11:53:32 - [TEST_STEP][PASSED] - sendKeys(findTestObject("GoAmlReport/07 Entity/Account Tab From/03 Director/10 Tanggal Lahir"), Keys.chord(ENTER)): Keys 'ENTER + ' sent to object: 'Object Repository/GoAmlReport/07 Entity/Account Tab From/03 Director/10 Tanggal Lahir'

2020-09-02 11:53:33 - [MESSAGE][PASSED] - Keys 'ENTER + ' sent to object: 'Object Repository/GoAmlReport/07 Entity/Account Tab From/03 Director/10 Tanggal Lahir'

2020-09-02 11:53:33 - [TEST_STEP][PASSED] - setText(findTestObject("GoAmlReport/07 Entity/Account Tab From/03 Director/12 Tempat Lahir"), "Jakarta"): Text 'Jakarta' is set on object 'Object Repository/GoAmlReport/07 Entity/Account Tab From/03 Director/12 Tempat Lahir'

2020-09-02 11:53:34 - [MESSAGE][PASSED] - Text 'Jakarta' is set on object 'Object Repository/GoAmlReport/07 Entity/Account Tab From/03 Director/12 Tempat Lahir'

2020-09-02 11:53:34 - [TEST_STEP][PASSED] - delay(5): Delayed 5 second(s)

2020-09-02 11:53:39 - [MESSAGE][PASSED] - Delayed 5 second(s)

2020-09-02 11:53:39 - [TEST_STEP][PASSED] - sendKeys(findTestObject("GoAmlReport/07 Entity/Account Tab From/03 Director/01 Jenis Kelamin"), Keys.chord(ENTER)): Keys 'ENTER + ' sent to object: 'Object Repository/GoAmlReport/07 Entity/Account Tab From/03 Director/01 Jenis Kelamin'

2020-09-02 11:53:39 - [MESSAGE][PASSED] - Keys 'ENTER + ' sent to object: 'Object Repository/GoAmlReport/07 Entity/Account Tab From/03 Director/01 Jenis Kelamin'

2020-09-02 11:53:39 - [TEST_STEP][PASSED] - setText(findTestObject("GoAmlReport/07 Entity/Account Tab From/03 Director/02 Nama Lengkap"), "Aman "): Text 'Aman ' is set on object 'Object Repository/GoAmlReport/07 Entity/Account Tab From/03 Director/02 Nama Lengkap'

2020-09-02 11:53:40 - [MESSAGE][PASSED] - Text 'Aman ' is set on object 'Object Repository/GoAmlReport/07 Entity/Account Tab From/03 Director/02 Nama Lengkap'

2020-09-02 11:53:40 - [TEST_STEP][PASSED] - setText(findTestObject("GoAmlReport/07 Entity/Account Tab From/03 Director/04 Kewarganegaraan"), "indone"): Text 'indone' is set on object 'Object Repository/GoAmlReport/07 Entity/Account Tab From/03 Director/04 Kewarganegaraan'

2020-09-02 11:53:40 - [MESSAGE][PASSED] - Text 'indone' is set on object 'Object Repository/GoAmlReport/07 Entity/Account Tab From/03 Director/04 Kewarganegaraan'

2020-09-02 11:53:40 - [TEST_STEP][PASSED] - delay(5): Delayed 5 second(s)

2020-09-02 11:53:45 - [MESSAGE][PASSED] - Delayed 5 second(s)

2020-09-02 11:53:45 - [TEST_STEP][PASSED] - sendKeys(findTestObject("GoAmlReport/07 Entity/Account Tab From/03 Director/04 Kewarganegaraan"), Keys.chord(ENTER)): Keys 'ENTER + ' sent to object: 'Object Repository/GoAmlReport/07 Entity/Account Tab From/03 Director/04 Kewarganegaraan'

2020-09-02 11:53:46 - [MESSAGE][PASSED] - Keys 'ENTER + ' sent to object: 'Object Repository/GoAmlReport/07 Entity/Account Tab From/03 Director/04 Kewarganegaraan'

2020-09-02 11:53:46 - [TEST_STEP][PASSED] - setText(findTestObject("GoAmlReport/07 Entity/Account Tab From/03 Director/05 Negara Domisili"), "ID - INDONESIA"): Text 'ID - INDONESIA' is set on object 'Object Repository/GoAmlReport/07 Entity/Account Tab From/03 Director/05 Negara Domisili'

2020-09-02 11:53:47 - [MESSAGE][PASSED] - Text 'ID - INDONESIA' is set on object 'Object Repository/GoAmlReport/07 Entity/Account Tab From/03 Director/05 Negara Domisili'

2020-09-02 11:53:47 - [TEST_STEP][PASSED] - delay(3): Delayed 3 second(s)

2020-09-02 11:53:50 - [MESSAGE][PASSED] - Delayed 3 second(s)

2020-09-02 11:53:50 - [TEST_STEP][PASSED] - sendKeys(findTestObject("GoAmlReport/07 Entity/Account Tab From/03 Director/05 Negara Domisili"), Keys.chord(ENTER)): Keys 'ENTER + ' sent to object: 'Object Repository/GoAmlReport/07 Entity/Account Tab From/03 Director/05 Negara Domisili'

2020-09-02 11:53:50 - [MESSAGE][PASSED] - Keys 'ENTER + ' sent to object: 'Object Repository/GoAmlReport/07 Entity/Account Tab From/03 Director/05 Negara Domisili'

2020-09-02 11:53:50 - [TEST_STEP][PASSED] - setText(findTestObject("GoAmlReport/07 Entity/Account Tab From/03 Director/06 Pekerjaan"), "Kerja Serabutan"): Text 'Kerja Serabutan' is set on object 'Object Repository/GoAmlReport/07 Entity/Account Tab From/03 Director/06 Pekerjaan'

2020-09-02 11:53:51 - [MESSAGE][PASSED] - Text 'Kerja Serabutan' is set on object 'Object Repository/GoAmlReport/07 Entity/Account Tab From/03 Director/06 Pekerjaan'

2020-09-02 11:53:51 - [TEST_STEP][PASSED] - setText(findTestObject("GoAmlReport/07 Entity/Account Tab From/03 Director/07 Sumber Dana"), "Maling"): Text 'Maling' is set on object 'Object Repository/GoAmlReport/07 Entity/Account Tab From/03 Director/07 Sumber Dana'

2020-09-02 11:53:52 - [MESSAGE][PASSED] - Text 'Maling' is set on object 'Object Repository/GoAmlReport/07 Entity/Account Tab From/03 Director/07 Sumber Dana'

2020-09-02 11:53:52 - [TEST_STEP][PASSED] - setText(findTestObject("GoAmlReport/07 Entity/Account Tab From/03 Director/08 Peran"), "UBO - Ultimate Beneficial Owner"): Text 'UBO - Ultimate Beneficial Owner' is set on object 'Object Repository/GoAmlReport/07 Entity/Account Tab From/03 Director/08 Peran'

2020-09-02 11:53:54 - [MESSAGE][PASSED] - Text 'UBO - Ultimate Beneficial Owner' is set on object 'Object Repository/GoAmlReport/07 Entity/Account Tab From/03 Director/08 Peran'

2020-09-02 11:53:54 - [TEST_STEP][PASSED] - delay(2): Delayed 2 second(s)

2020-09-02 11:53:56 - [MESSAGE][PASSED] - Delayed 2 second(s)

2020-09-02 11:53:56 - [TEST_STEP][PASSED] - sendKeys(findTestObject("GoAmlReport/07 Entity/Account Tab From/03 Director/08 Peran"), Keys.chord(ENTER)): Keys 'ENTER + ' sent to object: 'Object Repository/GoAmlReport/07 Entity/Account Tab From/03 Director/08 Peran'

2020-09-02 11:53:56 - [MESSAGE][PASSED] - Keys 'ENTER + ' sent to object: 'Object Repository/GoAmlReport/07 Entity/Account Tab From/03 Director/08 Peran'

2020-09-02 11:53:56 - [TEST_STEP][PASSED] - click(findTestObject("GoAmlReport/07 Entity/Account Tab From/03 Director/09 Telepon/Tambah Telepon")): Object: 'Object Repository/GoAmlReport/07 Entity/Account Tab From/03 Director/09 Telepon/Tambah Telepon' is clicked on

2020-09-02 11:53:57 - [MESSAGE][PASSED] - Object: 'Object Repository/GoAmlReport/07 Entity/Account Tab From/03 Director/09 Telepon/Tambah Telepon' is clicked on

2020-09-02 11:53:57 - [TEST_STEP][PASSED] - scrollToElement(findTestObject("GoAmlReport/07 Entity/Account Tab From/03 Director/09 Telepon/01 Kategori Kontak"), 3): Scroll to object 'Object Repository/GoAmlReport/07 Entity/Account Tab From/03 Director/09 Telepon/01 Kategori Kontak' successfully

2020-09-02 11:53:59 - [MESSAGE][PASSED] - Scroll to object 'Object Repository/GoAmlReport/07 Entity/Account Tab From/03 Director/09 Telepon/01 Kategori Kontak' successfully

2020-09-02 11:53:59 - [TEST_STEP][PASSED] - setText(findTestObject("GoAmlReport/07 Entity/Account Tab From/03 Director/09 Telepon/01 Kategori Kontak"), "K - Kantor"): Text 'K - Kantor' is set on object 'Object Repository/GoAmlReport/07 Entity/Account Tab From/03 Director/09 Telepon/01 Kategori Kontak'

2020-09-02 11:53:59 - [MESSAGE][PASSED] - Text 'K - Kantor' is set on object 'Object Repository/GoAmlReport/07 Entity/Account Tab From/03 Director/09 Telepon/01 Kategori Kontak'

2020-09-02 11:53:59 - [TEST_STEP][PASSED] - delay(3): Delayed 3 second(s)

2020-09-02 11:54:02 - [MESSAGE][PASSED] - Delayed 3 second(s)

2020-09-02 11:54:02 - [TEST_STEP][PASSED] - sendKeys(findTestObject("GoAmlReport/07 Entity/Account Tab From/03 Director/09 Telepon/01 Kategori Kontak"), Keys.chord(ENTER)): Keys 'ENTER + ' sent to object: 'Object Repository/GoAmlReport/07 Entity/Account Tab From/03 Director/09 Telepon/01 Kategori Kontak'

2020-09-02 11:54:03 - [MESSAGE][PASSED] - Keys 'ENTER + ' sent to object: 'Object Repository/GoAmlReport/07 Entity/Account Tab From/03 Director/09 Telepon/01 Kategori Kontak'

2020-09-02 11:54:03 - [TEST_STEP][PASSED] - setText(findTestObject("GoAmlReport/07 Entity/Account Tab From/03 Director/09 Telepon/02 Alat Komunikasi"), "PSTN - PSTN"): Text 'PSTN - PSTN' is set on object 'Object Repository/GoAmlReport/07 Entity/Account Tab From/03 Director/09 Telepon/02 Alat Komunikasi'

2020-09-02 11:54:04 - [MESSAGE][PASSED] - Text 'PSTN - PSTN' is set on object 'Object Repository/GoAmlReport/07 Entity/Account Tab From/03 Director/09 Telepon/02 Alat Komunikasi'

2020-09-02 11:54:04 - [TEST_STEP][PASSED] - delay(3): Delayed 3 second(s)

2020-09-02 11:54:07 - [MESSAGE][PASSED] - Delayed 3 second(s)

2020-09-02 11:54:07 - [TEST_STEP][PASSED] - sendKeys(findTestObject("GoAmlReport/07 Entity/Account Tab From/03 Director/09 Telepon/02 Alat Komunikasi"), Keys.chord(ENTER)): Keys 'ENTER + ' sent to object: 'Object Repository/GoAmlReport/07 Entity/Account Tab From/03 Director/09 Telepon/02 Alat Komunikasi'

2020-09-02 11:54:07 - [MESSAGE][PASSED] - Keys 'ENTER + ' sent to object: 'Object Repository/GoAmlReport/07 Entity/Account Tab From/03 Director/09 Telepon/02 Alat Komunikasi'

2020-09-02 11:54:07 - [TEST_STEP][PASSED] - setText(findTestObject("GoAmlReport/07 Entity/Account Tab From/03 Director/09 Telepon/03 No Telepon"), "222222222"): Text '222222222' is set on object 'Object Repository/GoAmlReport/07 Entity/Account Tab From/03 Director/09 Telepon/03 No Telepon'

2020-09-02 11:54:08 - [MESSAGE][PASSED] - Text '222222222' is set on object 'Object Repository/GoAmlReport/07 Entity/Account Tab From/03 Director/09 Telepon/03 No Telepon'

2020-09-02 11:54:08 - [TEST_STEP][PASSED] - click(findTestObject("GoAmlReport/07 Entity/Account Tab From/03 Director/09 Telepon/Save"), STOP_ON_FAILURE): Object: 'Object Repository/GoAmlReport/07 Entity/Account Tab From/03 Director/09 Telepon/Save' is clicked on

2020-09-02 11:54:08 - [MESSAGE][PASSED] - Object: 'Object Repository/GoAmlReport/07 Entity/Account Tab From/03 Director/09 Telepon/Save' is clicked on

2020-09-02 11:54:08 - [TEST_STEP][PASSED] - delay(4): Delayed 4 second(s)

2020-09-02 11:54:12 - [MESSAGE][PASSED] - Delayed 4 second(s)

2020-09-02 11:54:12 - [TEST_STEP][PASSED] - scrollToElement(findTestObject("GoAmlReport/07 Entity/Account Tab From/03 Director/10 Alamat/span_Tambah Alamat"), 3): Scroll to object 'Object Repository/GoAmlReport/07 Entity/Account Tab From/03 Director/10 Alamat/span_Tambah Alamat' successfully

2020-09-02 11:54:13 - [MESSAGE][PASSED] - Scroll to object 'Object Repository/GoAmlReport/07 Entity/Account Tab From/03 Director/10 Alamat/span_Tambah Alamat' successfully

2020-09-02 11:54:13 - [TEST_STEP][PASSED] - click(findTestObject("GoAmlReport/07 Entity/Account Tab From/03 Director/10 Alamat/span_Tambah Alamat")): Object: 'Object Repository/GoAmlReport/07 Entity/Account Tab From/03 Director/10 Alamat/span_Tambah Alamat' is clicked on

2020-09-02 11:54:14 - [MESSAGE][PASSED] - Object: 'Object Repository/GoAmlReport/07 Entity/Account Tab From/03 Director/10 Alamat/span_Tambah Alamat' is clicked on

2020-09-02 11:54:14 - [TEST_STEP][PASSED] - delay(3): Delayed 3 second(s)

2020-09-02 11:54:17 - [MESSAGE][PASSED] - Delayed 3 second(s)

2020-09-02 11:54:17 - [TEST_STEP][PASSED] - setText(findTestObject("GoAmlReport/07 Entity/Account Tab From/03 Director/10 Alamat/01 Type Alamat"), "R - Rumah"): Text 'R - Rumah' is set on object 'Object Repository/GoAmlReport/07 Entity/Account Tab From/03 Director/10 Alamat/01 Type Alamat'

2020-09-02 11:54:17 - [MESSAGE][PASSED] - Text 'R - Rumah' is set on object 'Object Repository/GoAmlReport/07 Entity/Account Tab From/03 Director/10 Alamat/01 Type Alamat'

2020-09-02 11:54:17 - [TEST_STEP][PASSED] - delay(3): Delayed 3 second(s)

2020-09-02 11:54:20 - [MESSAGE][PASSED] - Delayed 3 second(s)

2020-09-02 11:54:20 - [TEST_STEP][PASSED] - sendKeys(findTestObject("GoAmlReport/07 Entity/Account Tab From/03 Director/10 Alamat/01 Type Alamat"), Keys.chord(ENTER)): Keys 'ENTER + ' sent to object: 'Object Repository/GoAmlReport/07 Entity/Account Tab From/03 Director/10 Alamat/01 Type Alamat'

2020-09-02 11:54:21 - [MESSAGE][PASSED] - Keys 'ENTER + ' sent to object: 'Object Repository/GoAmlReport/07 Entity/Account Tab From/03 Director/10 Alamat/01 Type Alamat'

2020-09-02 11:54:21 - [TEST_STEP][PASSED] - setText(findTestObject("GoAmlReport/07 Entity/Account Tab From/03 Director/10 Alamat/02 Alamat"), "Jl Jalan Jln"): Text 'Jl Jalan Jln' is set on object 'Object Repository/GoAmlReport/07 Entity/Account Tab From/03 Director/10 Alamat/02 Alamat'

2020-09-02 11:54:21 - [MESSAGE][PASSED] - Text 'Jl Jalan Jln' is set on object 'Object Repository/GoAmlReport/07 Entity/Account Tab From/03 Director/10 Alamat/02 Alamat'

2020-09-02 11:54:21 - [TEST_STEP][PASSED] - setText(findTestObject("GoAmlReport/07 Entity/Account Tab From/03 Director/10 Alamat/03 Kota"), "Jakarte"): Text 'Jakarte' is set on object 'Object Repository/GoAmlReport/07 Entity/Account Tab From/03 Director/10 Alamat/03 Kota'

2020-09-02 11:54:22 - [MESSAGE][PASSED] - Text 'Jakarte' is set on object 'Object Repository/GoAmlReport/07 Entity/Account Tab From/03 Director/10 Alamat/03 Kota'

2020-09-02 11:54:22 - [TEST_STEP][PASSED] - setText(findTestObject("GoAmlReport/07 Entity/Account Tab From/03 Director/10 Alamat/03 Negara"), "Indonesi"): Text 'Indonesi' is set on object 'Object Repository/GoAmlReport/07 Entity/Account Tab From/03 Director/10 Alamat/03 Negara'

2020-09-02 11:54:23 - [MESSAGE][PASSED] - Text 'Indonesi' is set on object 'Object Repository/GoAmlReport/07 Entity/Account Tab From/03 Director/10 Alamat/03 Negara'

2020-09-02 11:54:23 - [TEST_STEP][PASSED] - delay(3): Delayed 3 second(s)

2020-09-02 11:54:26 - [MESSAGE][PASSED] - Delayed 3 second(s)

2020-09-02 11:54:26 - [TEST_STEP][PASSED] - sendKeys(findTestObject("GoAmlReport/07 Entity/Account Tab From/03 Director/10 Alamat/03 Negara"), Keys.chord(ENTER)): Keys 'ENTER + ' sent to object: 'Object Repository/GoAmlReport/07 Entity/Account Tab From/03 Director/10 Alamat/03 Negara'

2020-09-02 11:54:26 - [MESSAGE][PASSED] - Keys 'ENTER + ' sent to object: 'Object Repository/GoAmlReport/07 Entity/Account Tab From/03 Director/10 Alamat/03 Negara'

2020-09-02 11:54:26 - [TEST_STEP][PASSED] - click(findTestObject("GoAmlReport/07 Entity/Account Tab From/03 Director/10 Alamat/save"), STOP_ON_FAILURE): Object: 'Object Repository/GoAmlReport/07 Entity/Account Tab From/03 Director/10 Alamat/save' is clicked on

2020-09-02 11:54:27 - [MESSAGE][PASSED] - Object: 'Object Repository/GoAmlReport/07 Entity/Account Tab From/03 Director/10 Alamat/save' is clicked on

2020-09-02 11:54:27 - [TEST_STEP][PASSED] - scrollToElement(findTestObject("GoAmlReport/07 Entity/Account Tab From/03 Director/11 Dokumen Identitas/Tambah Dokumen Identitas"), 3): Scroll to object 'Object Repository/GoAmlReport/07 Entity/Account Tab From/03 Director/11 Dokumen Identitas/Tambah Dokumen Identitas' successfully

2020-09-02 11:54:27 - [MESSAGE][PASSED] - Scroll to object 'Object Repository/GoAmlReport/07 Entity/Account Tab From/03 Director/11 Dokumen Identitas/Tambah Dokumen Identitas' successfully

2020-09-02 11:54:27 - [TEST_STEP][PASSED] - click(findTestObject("GoAmlReport/07 Entity/Account Tab From/03 Director/11 Dokumen Identitas/Tambah Dokumen Identitas")): Object: 'Object Repository/GoAmlReport/07 Entity/Account Tab From/03 Director/11 Dokumen Identitas/Tambah Dokumen Identitas' is clicked on

2020-09-02 11:54:28 - [MESSAGE][PASSED] - Object: 'Object Repository/GoAmlReport/07 Entity/Account Tab From/03 Director/11 Dokumen Identitas/Tambah Dokumen Identitas' is clicked on

2020-09-02 11:54:29 - [TEST_STEP][PASSED] - delay(3): Delayed 3 second(s)

2020-09-02 11:54:32 - [MESSAGE][PASSED] - Delayed 3 second(s)

2020-09-02 11:54:32 - [TEST_STEP][PASSED] - setText(findTestObject("GoAmlReport/07 Entity/Account Tab From/03 Director/11 Dokumen Identitas/01 Jenis Dokumen Identitas"), "SUKET - Surat Keterangan Kependudukan"): Text 'SUKET - Surat Keterangan Kependudukan' is set on object 'Object Repository/GoAmlReport/07 Entity/Account Tab From/03 Director/11 Dokumen Identitas/01 Jenis Dokumen Identitas'

2020-09-02 11:54:33 - [MESSAGE][PASSED] - Text 'SUKET - Surat Keterangan Kependudukan' is set on object 'Object Repository/GoAmlReport/07 Entity/Account Tab From/03 Director/11 Dokumen Identitas/01 Jenis Dokumen Identitas'

2020-09-02 11:54:33 - [TEST_STEP][PASSED] - delay(3): Delayed 3 second(s)

2020-09-02 11:54:36 - [MESSAGE][PASSED] - Delayed 3 second(s)

2020-09-02 11:54:36 - [TEST_STEP][PASSED] - sendKeys(findTestObject("GoAmlReport/07 Entity/Account Tab From/03 Director/11 Dokumen Identitas/01 Jenis Dokumen Identitas"), Keys.chord(ENTER)): Keys 'ENTER + ' sent to object: 'Object Repository/GoAmlReport/07 Entity/Account Tab From/03 Director/11 Dokumen Identitas/01 Jenis Dokumen Identitas'

2020-09-02 11:54:36 - [MESSAGE][PASSED] - Keys 'ENTER + ' sent to object: 'Object Repository/GoAmlReport/07 Entity/Account Tab From/03 Director/11 Dokumen Identitas/01 Jenis Dokumen Identitas'

2020-09-02 11:54:36 - [TEST_STEP][PASSED] - setText(findTestObject("GoAmlReport/07 Entity/Account Tab From/03 Director/11 Dokumen Identitas/02 No Identitas"), "12321444"): Text '12321444' is set on object 'Object Repository/GoAmlReport/07 Entity/Account Tab From/03 Director/11 Dokumen Identitas/02 No Identitas'

2020-09-02 11:54:37 - [MESSAGE][PASSED] - Text '12321444' is set on object 'Object Repository/GoAmlReport/07 Entity/Account Tab From/03 Director/11 Dokumen Identitas/02 No Identitas'

2020-09-02 11:54:37 - [TEST_STEP][PASSED] - setText(findTestObject("GoAmlReport/07 Entity/Account Tab From/03 Director/11 Dokumen Identitas/03 Negara Penerbit"), "ID - INDONESIA"): Text 'ID - INDONESIA' is set on object 'Object Repository/GoAmlReport/07 Entity/Account Tab From/03 Director/11 Dokumen Identitas/03 Negara Penerbit'

2020-09-02 11:54:38 - [MESSAGE][PASSED] - Text 'ID - INDONESIA' is set on object 'Object Repository/GoAmlReport/07 Entity/Account Tab From/03 Director/11 Dokumen Identitas/03 Negara Penerbit'

2020-09-02 11:54:38 - [TEST_STEP][PASSED] - delay(3): Delayed 3 second(s)

2020-09-02 11:54:41 - [MESSAGE][PASSED] - Delayed 3 second(s)

2020-09-02 11:54:41 - [TEST_STEP][PASSED] - sendKeys(findTestObject("GoAmlReport/07 Entity/Account Tab From/03 Director/11 Dokumen Identitas/03 Negara Penerbit"), Keys.chord(ENTER)): Keys 'ENTER + ' sent to object: 'Object Repository/GoAmlReport/07 Entity/Account Tab From/03 Director/11 Dokumen Identitas/03 Negara Penerbit'

2020-09-02 11:54:41 - [MESSAGE][PASSED] - Keys 'ENTER + ' sent to object: 'Object Repository/GoAmlReport/07 Entity/Account Tab From/03 Director/11 Dokumen Identitas/03 Negara Penerbit'

2020-09-02 11:54:41 - [TEST_STEP][PASSED] - click(findTestObject("GoAmlReport/07 Entity/Account Tab From/03 Director/11 Dokumen Identitas/Save")): Object: 'Object Repository/GoAmlReport/07 Entity/Account Tab From/03 Director/11 Dokumen Identitas/Save' is clicked on

2020-09-02 11:54:42 - [MESSAGE][PASSED] - Object: 'Object Repository/GoAmlReport/07 Entity/Account Tab From/03 Director/11 Dokumen Identitas/Save' is clicked on

2020-09-02 11:54:42 - [TEST_STEP][PASSED] - click(findTestObject("GoAmlReport/07 Entity/Account Tab From/03 Director/99 Save")): Object: 'Object Repository/GoAmlReport/07 Entity/Account Tab From/03 Director/99 Save' is clicked on

2020-09-02 11:54:43 - [MESSAGE][PASSED] - Object: 'Object Repository/GoAmlReport/07 Entity/Account Tab From/03 Director/99 Save' is clicked on

2020-09-02 11:54:43 - [TEST_STEP][PASSED] - delay(2): Delayed 2 second(s)

2020-09-02 11:54:45 - [MESSAGE][PASSED] - Delayed 2 second(s)

2020-09-02 11:54:46 - [MESSAGE][PASSED] - Call Test Case 'Test Cases/GoAML Report 4' successfully

2020-09-02 11:54:46 - [TEST_STEP][PASSED] - callTestCase(findTestCase("GoAML Report 5"), [:], STOP_ON_FAILURE): Call Test Case 'Test Cases/GoAML Report 5' successfully

2020-09-02 11:54:46 - [TEST_CASE][PASSED] - Test Cases/GoAML Report 5: Test Cases/GoAML Report 5

2020-09-02 11:54:46 - [TEST_STEP][PASSED] - for ([rowNum = 1, rowNum <= findTestData("GoAMLReport/Transaksi").getRowNumbers(), (rowNum++)]): Delayed 2 second(s)

2020-09-02 11:54:46 - [TEST_STEP][PASSED] - delay(6): Delayed 6 second(s)

2020-09-02 11:54:52 - [MESSAGE][PASSED] - Delayed 6 second(s)

2020-09-02 11:54:52 - [TEST_STEP][PASSED] - if (findTestData("GoAMLReport/Transaksi").getValue(1, rowNum) == "true"): Keys 'ENTER + ' sent to object: 'Object Repository/GoAmlReport/04 Identitas Penerima/07 Negara Trx Tujuan'

2020-09-02 11:54:52 - [TEST_STEP][PASSED] - if (findTestData("GoAMLReport/Transaksi").getValue(9, rowNum) == "true"): null

2020-09-02 11:54:52 - [TEST_STEP][PASSED] - if (findTestData("GoAMLReport/Transaksi").getValue(10, rowNum) == "uang tunai"): Keys 'ENTER + ' sent to object: 'Object Repository/GoAmlReport/04 Identitas Penerima/02 Ins Trx Tujuan'

2020-09-02 11:54:52 - [TEST_STEP][PASSED] - scrollToElement(findTestObject("GoAmlReport/04 Identitas Penerima/02 Ins Trx Tujuan"), 3): Scroll to object 'Object Repository/GoAmlReport/04 Identitas Penerima/02 Ins Trx Tujuan' successfully

2020-09-02 11:54:52 - [MESSAGE][PASSED] - Scroll to object 'Object Repository/GoAmlReport/04 Identitas Penerima/02 Ins Trx Tujuan' successfully

2020-09-02 11:54:52 - [TEST_STEP][PASSED] - setText(findTestObject("GoAmlReport/04 Identitas Penerima/02 Ins Trx Tujuan"), "Uang Tunai"): Text 'Uang Tunai' is set on object 'Object Repository/GoAmlReport/04 Identitas Penerima/02 Ins Trx Tujuan'

2020-09-02 11:54:53 - [MESSAGE][PASSED] - Text 'Uang Tunai' is set on object 'Object Repository/GoAmlReport/04 Identitas Penerima/02 Ins Trx Tujuan'

2020-09-02 11:54:53 - [TEST_STEP][PASSED] - delay(3): Delayed 3 second(s)

2020-09-02 11:54:56 - [MESSAGE][PASSED] - Delayed 3 second(s)

2020-09-02 11:54:56 - [TEST_STEP][PASSED] - sendKeys(findTestObject("GoAmlReport/04 Identitas Penerima/02 Ins Trx Tujuan"), Keys.chord(ENTER)): Keys 'ENTER + ' sent to object: 'Object Repository/GoAmlReport/04 Identitas Penerima/02 Ins Trx Tujuan'

2020-09-02 11:54:57 - [MESSAGE][PASSED] - Keys 'ENTER + ' sent to object: 'Object Repository/GoAmlReport/04 Identitas Penerima/02 Ins Trx Tujuan'

2020-09-02 11:54:57 - [TEST_STEP][PASSED] - if (findTestData("GoAMLReport/Transaksi").getValue(10, rowNum) == "rekening"): null

2020-09-02 11:54:57 - [TEST_STEP][PASSED] - scrollToElement(findTestObject("GoAmlReport/04 Identitas Penerima/05 Nominal Valas"), 3): Scroll to object 'Object Repository/GoAmlReport/04 Identitas Penerima/05 Nominal Valas' successfully

2020-09-02 11:54:57 - [MESSAGE][PASSED] - Scroll to object 'Object Repository/GoAmlReport/04 Identitas Penerima/05 Nominal Valas' successfully

2020-09-02 11:54:57 - [TEST_STEP][PASSED] - setText(findTestObject("GoAmlReport/04 Identitas Penerima/05 Nominal Valas"), "500000"): Text '500000' is set on object 'Object Repository/GoAmlReport/04 Identitas Penerima/05 Nominal Valas'

2020-09-02 11:54:58 - [MESSAGE][PASSED] - Text '500000' is set on object 'Object Repository/GoAmlReport/04 Identitas Penerima/05 Nominal Valas'

2020-09-02 11:54:58 - [TEST_STEP][PASSED] - scrollToElement(findTestObject("GoAmlReport/04 Identitas Penerima/06 Kurs"), 3): Scroll to object 'Object Repository/GoAmlReport/04 Identitas Penerima/06 Kurs' successfully

2020-09-02 11:54:58 - [MESSAGE][PASSED] - Scroll to object 'Object Repository/GoAmlReport/04 Identitas Penerima/06 Kurs' successfully

2020-09-02 11:54:58 - [TEST_STEP][PASSED] - setText(findTestObject("GoAmlReport/04 Identitas Penerima/06 Kurs"), "nope"): Text 'nope' is set on object 'Object Repository/GoAmlReport/04 Identitas Penerima/06 Kurs'

2020-09-02 11:54:59 - [MESSAGE][PASSED] - Text 'nope' is set on object 'Object Repository/GoAmlReport/04 Identitas Penerima/06 Kurs'

2020-09-02 11:54:59 - [TEST_STEP][PASSED] - setText(findTestObject("GoAmlReport/04 Identitas Penerima/999 Mata Uang Tujuan"), "TWD - Taiwan Dollar"): Text 'TWD - Taiwan Dollar' is set on object 'Object Repository/GoAmlReport/04 Identitas Penerima/999 Mata Uang Tujuan'

2020-09-02 11:55:00 - [MESSAGE][PASSED] - Text 'TWD - Taiwan Dollar' is set on object 'Object Repository/GoAmlReport/04 Identitas Penerima/999 Mata Uang Tujuan'

2020-09-02 11:55:00 - [TEST_STEP][PASSED] - delay(3): Delayed 3 second(s)

2020-09-02 11:55:03 - [MESSAGE][PASSED] - Delayed 3 second(s)

2020-09-02 11:55:03 - [TEST_STEP][PASSED] - sendKeys(findTestObject("GoAmlReport/04 Identitas Penerima/999 Mata Uang Tujuan"), Keys.chord(ENTER)): Keys 'ENTER + ' sent to object: 'Object Repository/GoAmlReport/04 Identitas Penerima/999 Mata Uang Tujuan'

2020-09-02 11:55:03 - [MESSAGE][PASSED] - Keys 'ENTER + ' sent to object: 'Object Repository/GoAmlReport/04 Identitas Penerima/999 Mata Uang Tujuan'

2020-09-02 11:55:03 - [TEST_STEP][PASSED] - scrollToElement(findTestObject("GoAmlReport/04 Identitas Penerima/07 Negara Trx Tujuan"), 3): Scroll to object 'Object Repository/GoAmlReport/04 Identitas Penerima/07 Negara Trx Tujuan' successfully

2020-09-02 11:55:04 - [MESSAGE][PASSED] - Scroll to object 'Object Repository/GoAmlReport/04 Identitas Penerima/07 Negara Trx Tujuan' successfully

2020-09-02 11:55:04 - [TEST_STEP][PASSED] - setText(findTestObject("GoAmlReport/04 Identitas Penerima/07 Negara Trx Tujuan"), "ital"): Text 'ital' is set on object 'Object Repository/GoAmlReport/04 Identitas Penerima/07 Negara Trx Tujuan'

2020-09-02 11:55:05 - [MESSAGE][PASSED] - Text 'ital' is set on object 'Object Repository/GoAmlReport/04 Identitas Penerima/07 Negara Trx Tujuan'

2020-09-02 11:55:05 - [TEST_STEP][PASSED] - delay(3): Delayed 3 second(s)

2020-09-02 11:55:08 - [MESSAGE][PASSED] - Delayed 3 second(s)

2020-09-02 11:55:08 - [TEST_STEP][PASSED] - sendKeys(findTestObject("GoAmlReport/04 Identitas Penerima/07 Negara Trx Tujuan"), Keys.chord(ENTER)): Keys 'ENTER + ' sent to object: 'Object Repository/GoAmlReport/04 Identitas Penerima/07 Negara Trx Tujuan'

2020-09-02 11:55:08 - [MESSAGE][PASSED] - Keys 'ENTER + ' sent to object: 'Object Repository/GoAmlReport/04 Identitas Penerima/07 Negara Trx Tujuan'

2020-09-02 11:55:08 - [TEST_STEP][PASSED] - if (findTestData("GoAMLReport/Transaksi").getValue(11, rowNum) == "account"): null

2020-09-02 11:55:08 - [TEST_STEP][PASSED] - if (findTestData("GoAMLReport/Transaksi").getValue(11, rowNum) == "person"): null

2020-09-02 11:55:08 - [TEST_STEP][PASSED] - if (findTestData("GoAMLReport/Transaksi").getValue(11, rowNum) == "entity"): Delayed 2 second(s)

2020-09-02 11:55:08 - [TEST_STEP][PASSED] - setText(findTestObject("GoAmlReport/04 Identitas Penerima/08 Informasi Penerima"), findTestData("GoAMLReport/Transaksi").getValue(11, rowNum)): Text 'entity' is set on object 'Object Repository/GoAmlReport/04 Identitas Penerima/08 Informasi Penerima'

2020-09-02 11:55:09 - [MESSAGE][PASSED] - Text 'entity' is set on object 'Object Repository/GoAmlReport/04 Identitas Penerima/08 Informasi Penerima'

2020-09-02 11:55:09 - [TEST_STEP][PASSED] - delay(8): Delayed 8 second(s)

2020-09-02 11:55:17 - [MESSAGE][PASSED] - Delayed 8 second(s)

2020-09-02 11:55:17 - [TEST_STEP][PASSED] - sendKeys(findTestObject("GoAmlReport/04 Identitas Penerima/08 Informasi Penerima"), Keys.chord(ENTER)): Keys 'ENTER + ' sent to object: 'Object Repository/GoAmlReport/04 Identitas Penerima/08 Informasi Penerima'

2020-09-02 11:55:17 - [MESSAGE][PASSED] - Keys 'ENTER + ' sent to object: 'Object Repository/GoAmlReport/04 Identitas Penerima/08 Informasi Penerima'

2020-09-02 11:55:17 - [TEST_STEP][PASSED] - delay(5): Delayed 5 second(s)

2020-09-02 11:55:22 - [MESSAGE][PASSED] - Delayed 5 second(s)

2020-09-02 11:55:22 - [TEST_STEP][PASSED] - setText(findTestObject("GoAmlReport/07 Entity/Account To/01 Nama Korporasi"), "Simpan Pinjam"): Text 'Simpan Pinjam' is set on object 'Object Repository/GoAmlReport/07 Entity/Account To/01 Nama Korporasi'

2020-09-02 11:55:23 - [MESSAGE][PASSED] - Text 'Simpan Pinjam' is set on object 'Object Repository/GoAmlReport/07 Entity/Account To/01 Nama Korporasi'

2020-09-02 11:55:24 - [TEST_STEP][PASSED] - setText(findTestObject("GoAmlReport/07 Entity/Account To/02 Bentuk Korporasi"), "PD - Perusahaan Daerah"): Text 'PD - Perusahaan Daerah' is set on object 'Object Repository/GoAmlReport/07 Entity/Account To/02 Bentuk Korporasi'

2020-09-02 11:55:25 - [MESSAGE][PASSED] - Text 'PD - Perusahaan Daerah' is set on object 'Object Repository/GoAmlReport/07 Entity/Account To/02 Bentuk Korporasi'

2020-09-02 11:55:25 - [TEST_STEP][PASSED] - delay(3): Delayed 3 second(s)

2020-09-02 11:55:28 - [MESSAGE][PASSED] - Delayed 3 second(s)

2020-09-02 11:55:28 - [TEST_STEP][PASSED] - sendKeys(findTestObject("GoAmlReport/07 Entity/Account To/02 Bentuk Korporasi"), Keys.chord(ENTER)): Keys 'ENTER + ' sent to object: 'Object Repository/GoAmlReport/07 Entity/Account To/02 Bentuk Korporasi'

2020-09-02 11:55:28 - [MESSAGE][PASSED] - Keys 'ENTER + ' sent to object: 'Object Repository/GoAmlReport/07 Entity/Account To/02 Bentuk Korporasi'

2020-09-02 11:55:28 - [TEST_STEP][PASSED] - setText(findTestObject("GoAmlReport/07 Entity/Account To/03 Bidang Usaha"), "Rentenir"): Text 'Rentenir' is set on object 'Object Repository/GoAmlReport/07 Entity/Account To/03 Bidang Usaha'

2020-09-02 11:55:29 - [MESSAGE][PASSED] - Text 'Rentenir' is set on object 'Object Repository/GoAmlReport/07 Entity/Account To/03 Bidang Usaha'

2020-09-02 11:55:29 - [TEST_STEP][PASSED] - delay(3): Delayed 3 second(s)

2020-09-02 11:55:32 - [MESSAGE][PASSED] - Delayed 3 second(s)

2020-09-02 11:55:32 - [TEST_STEP][PASSED] - sendKeys(findTestObject("GoAmlReport/07 Entity/Account To/03 Negara"), Keys.chord(ENTER)): Keys 'ENTER + ' sent to object: 'Object Repository/GoAmlReport/07 Entity/Account To/03 Negara'

2020-09-02 11:55:32 - [MESSAGE][PASSED] - Keys 'ENTER + ' sent to object: 'Object Repository/GoAmlReport/07 Entity/Account To/03 Negara'

2020-09-02 11:55:32 - [TEST_STEP][PASSED] - delay(3): Delayed 3 second(s)

2020-09-02 11:55:35 - [MESSAGE][PASSED] - Delayed 3 second(s)

2020-09-02 11:55:35 - [TEST_STEP][PASSED] - setText(findTestObject("GoAmlReport/07 Entity/Account To/03 Negara"), "indone"): Text 'indone' is set on object 'Object Repository/GoAmlReport/07 Entity/Account To/03 Negara'

2020-09-02 11:55:36 - [MESSAGE][PASSED] - Text 'indone' is set on object 'Object Repository/GoAmlReport/07 Entity/Account To/03 Negara'

2020-09-02 11:55:36 - [TEST_STEP][PASSED] - delay(3): Delayed 3 second(s)

2020-09-02 11:55:39 - [MESSAGE][PASSED] - Delayed 3 second(s)

2020-09-02 11:55:39 - [TEST_STEP][PASSED] - sendKeys(findTestObject("GoAmlReport/07 Entity/Account To/03 Negara"), Keys.chord(ENTER)): Keys 'ENTER + ' sent to object: 'Object Repository/GoAmlReport/07 Entity/Account To/03 Negara'

2020-09-02 11:55:39 - [MESSAGE][PASSED] - Keys 'ENTER + ' sent to object: 'Object Repository/GoAmlReport/07 Entity/Account To/03 Negara'

2020-09-02 11:55:39 - [TEST_STEP][PASSED] - setText(findTestObject("GoAmlReport/07 Entity/Account To/04 NPWP"), "123213123"): Text '123213123' is set on object 'Object Repository/GoAmlReport/07 Entity/Account To/04 NPWP'

2020-09-02 11:55:41 - [MESSAGE][PASSED] - Text '123213123' is set on object 'Object Repository/GoAmlReport/07 Entity/Account To/04 NPWP'

2020-09-02 11:55:41 - [TEST_STEP][PASSED] - scrollToElement(findTestObject("GoAmlReport/07 Entity/Account Tab To/01 Telepon/Tambah Telepon"), 3): Scroll to object 'Object Repository/GoAmlReport/07 Entity/Account Tab To/01 Telepon/Tambah Telepon' successfully

2020-09-02 11:55:41 - [MESSAGE][PASSED] - Scroll to object 'Object Repository/GoAmlReport/07 Entity/Account Tab To/01 Telepon/Tambah Telepon' successfully

2020-09-02 11:55:41 - [TEST_STEP][PASSED] - click(findTestObject("GoAmlReport/07 Entity/Account Tab To/01 Telepon/Tambah Telepon")): Object: 'Object Repository/GoAmlReport/07 Entity/Account Tab To/01 Telepon/Tambah Telepon' is clicked on

2020-09-02 11:55:42 - [MESSAGE][PASSED] - Object: 'Object Repository/GoAmlReport/07 Entity/Account Tab To/01 Telepon/Tambah Telepon' is clicked on

2020-09-02 11:55:42 - [TEST_STEP][PASSED] - delay(5): Delayed 5 second(s)

2020-09-02 11:55:47 - [MESSAGE][PASSED] - Delayed 5 second(s)

2020-09-02 11:55:47 - [TEST_STEP][PASSED] - setText(findTestObject("GoAmlReport/07 Entity/Account Tab To/01 Telepon/01 Kategori Kontak"), "D - Domisili"): Text 'D - Domisili' is set on object 'Object Repository/GoAmlReport/07 Entity/Account Tab To/01 Telepon/01 Kategori Kontak'

2020-09-02 11:55:47 - [MESSAGE][PASSED] - Text 'D - Domisili' is set on object 'Object Repository/GoAmlReport/07 Entity/Account Tab To/01 Telepon/01 Kategori Kontak'

2020-09-02 11:55:47 - [TEST_STEP][PASSED] - delay(3): Delayed 3 second(s)

2020-09-02 11:55:50 - [MESSAGE][PASSED] - Delayed 3 second(s)

2020-09-02 11:55:50 - [TEST_STEP][PASSED] - sendKeys(findTestObject("GoAmlReport/07 Entity/Account Tab To/01 Telepon/01 Kategori Kontak"), Keys.chord(ENTER)): Keys 'ENTER + ' sent to object: 'Object Repository/GoAmlReport/07 Entity/Account Tab To/01 Telepon/01 Kategori Kontak'

2020-09-02 11:55:51 - [MESSAGE][PASSED] - Keys 'ENTER + ' sent to object: 'Object Repository/GoAmlReport/07 Entity/Account Tab To/01 Telepon/01 Kategori Kontak'

2020-09-02 11:55:51 - [TEST_STEP][PASSED] - setText(findTestObject("GoAmlReport/07 Entity/Account Tab To/01 Telepon/02 Alat Komunikasi"), "PSTN - PSTN"): Text 'PSTN - PSTN' is set on object 'Object Repository/GoAmlReport/07 Entity/Account Tab To/01 Telepon/02 Alat Komunikasi'

2020-09-02 11:55:52 - [MESSAGE][PASSED] - Text 'PSTN - PSTN' is set on object 'Object Repository/GoAmlReport/07 Entity/Account Tab To/01 Telepon/02 Alat Komunikasi'

2020-09-02 11:55:52 - [TEST_STEP][PASSED] - delay(3): Delayed 3 second(s)

2020-09-02 11:55:55 - [MESSAGE][PASSED] - Delayed 3 second(s)

2020-09-02 11:55:55 - [TEST_STEP][PASSED] - sendKeys(findTestObject("GoAmlReport/07 Entity/Account Tab To/01 Telepon/02 Alat Komunikasi"), Keys.chord(ENTER)): Keys 'ENTER + ' sent to object: 'Object Repository/GoAmlReport/07 Entity/Account Tab To/01 Telepon/02 Alat Komunikasi'

2020-09-02 11:55:55 - [MESSAGE][PASSED] - Keys 'ENTER + ' sent to object: 'Object Repository/GoAmlReport/07 Entity/Account Tab To/01 Telepon/02 Alat Komunikasi'

2020-09-02 11:55:55 - [TEST_STEP][PASSED] - setText(findTestObject("GoAmlReport/07 Entity/Account Tab To/01 Telepon/03 No Telepon"), "0986745632"): Text '0986745632' is set on object 'Object Repository/GoAmlReport/07 Entity/Account Tab To/01 Telepon/03 No Telepon'

2020-09-02 11:55:56 - [MESSAGE][PASSED] - Text '0986745632' is set on object 'Object Repository/GoAmlReport/07 Entity/Account Tab To/01 Telepon/03 No Telepon'

2020-09-02 11:55:56 - [TEST_STEP][PASSED] - delay(2): Delayed 2 second(s)

2020-09-02 11:55:58 - [MESSAGE][PASSED] - Delayed 2 second(s)

2020-09-02 11:55:58 - [TEST_STEP][PASSED] - scrollToElement(findTestObject("GoAmlReport/07 Entity/Account Tab To/01 Telepon/Save"), 3): Scroll to object 'Object Repository/GoAmlReport/07 Entity/Account Tab To/01 Telepon/Save' successfully

2020-09-02 11:55:58 - [MESSAGE][PASSED] - Scroll to object 'Object Repository/GoAmlReport/07 Entity/Account Tab To/01 Telepon/Save' successfully

2020-09-02 11:55:58 - [TEST_STEP][PASSED] - click(findTestObject("GoAmlReport/07 Entity/Account Tab To/01 Telepon/Save"), STOP_ON_FAILURE): Object: 'Object Repository/GoAmlReport/07 Entity/Account Tab To/01 Telepon/Save' is clicked on

2020-09-02 11:55:59 - [MESSAGE][PASSED] - Object: 'Object Repository/GoAmlReport/07 Entity/Account Tab To/01 Telepon/Save' is clicked on

2020-09-02 11:55:59 - [TEST_STEP][PASSED] - delay(3): Delayed 3 second(s)

2020-09-02 11:56:02 - [MESSAGE][PASSED] - Delayed 3 second(s)

2020-09-02 11:56:02 - [TEST_STEP][PASSED] - scrollToElement(findTestObject("GoAmlReport/07 Entity/Account Tab To/02 Alamat/span_Tambah Alamat"), 3): Scroll to object 'Object Repository/GoAmlReport/07 Entity/Account Tab To/02 Alamat/span_Tambah Alamat' successfully

2020-09-02 11:56:02 - [MESSAGE][PASSED] - Scroll to object 'Object Repository/GoAmlReport/07 Entity/Account Tab To/02 Alamat/span_Tambah Alamat' successfully

2020-09-02 11:56:02 - [TEST_STEP][PASSED] - click(findTestObject("GoAmlReport/07 Entity/Account Tab To/02 Alamat/span_Tambah Alamat")): Object: 'Object Repository/GoAmlReport/07 Entity/Account Tab To/02 Alamat/span_Tambah Alamat' is clicked on

2020-09-02 11:56:03 - [MESSAGE][PASSED] - Object: 'Object Repository/GoAmlReport/07 Entity/Account Tab To/02 Alamat/span_Tambah Alamat' is clicked on

2020-09-02 11:56:03 - [TEST_STEP][PASSED] - delay(5): Delayed 5 second(s)

2020-09-02 11:56:08 - [MESSAGE][PASSED] - Delayed 5 second(s)

2020-09-02 11:56:08 - [TEST_STEP][PASSED] - setText(findTestObject("GoAmlReport/07 Entity/Account Tab To/02 Alamat/01 Type Alamat"), "D - Domisili"): Text 'D - Domisili' is set on object 'Object Repository/GoAmlReport/07 Entity/Account Tab To/02 Alamat/01 Type Alamat'

2020-09-02 11:56:09 - [MESSAGE][PASSED] - Text 'D - Domisili' is set on object 'Object Repository/GoAmlReport/07 Entity/Account Tab To/02 Alamat/01 Type Alamat'

2020-09-02 11:56:09 - [TEST_STEP][PASSED] - delay(5): Delayed 5 second(s)

2020-09-02 11:56:14 - [MESSAGE][PASSED] - Delayed 5 second(s)

2020-09-02 11:56:14 - [TEST_STEP][PASSED] - sendKeys(findTestObject("GoAmlReport/07 Entity/Account Tab To/02 Alamat/01 Type Alamat"), Keys.chord(ENTER)): Keys 'ENTER + ' sent to object: 'Object Repository/GoAmlReport/07 Entity/Account Tab To/02 Alamat/01 Type Alamat'

2020-09-02 11:56:14 - [MESSAGE][PASSED] - Keys 'ENTER + ' sent to object: 'Object Repository/GoAmlReport/07 Entity/Account Tab To/02 Alamat/01 Type Alamat'

2020-09-02 11:56:14 - [TEST_STEP][PASSED] - setText(findTestObject("GoAmlReport/07 Entity/Account Tab To/02 Alamat/02 Alamat"), "Jl. sdhjsadkjsnadklsandkjasd"): Text 'Jl. sdhjsadkjsnadklsandkjasd' is set on object 'Object Repository/GoAmlReport/07 Entity/Account Tab To/02 Alamat/02 Alamat'

2020-09-02 11:56:15 - [MESSAGE][PASSED] - Text 'Jl. sdhjsadkjsnadklsandkjasd' is set on object 'Object Repository/GoAmlReport/07 Entity/Account Tab To/02 Alamat/02 Alamat'

2020-09-02 11:56:15 - [TEST_STEP][PASSED] - setText(findTestObject("GoAmlReport/07 Entity/Account Tab To/02 Alamat/03 Kota"), "Jakarta"): Text 'Jakarta' is set on object 'Object Repository/GoAmlReport/07 Entity/Account Tab To/02 Alamat/03 Kota'

2020-09-02 11:56:16 - [MESSAGE][PASSED] - Text 'Jakarta' is set on object 'Object Repository/GoAmlReport/07 Entity/Account Tab To/02 Alamat/03 Kota'

2020-09-02 11:56:16 - [TEST_STEP][PASSED] - setText(findTestObject("GoAmlReport/07 Entity/Account Tab To/02 Alamat/03 Negara"), "ID - INDONESIA"): Text 'ID - INDONESIA' is set on object 'Object Repository/GoAmlReport/07 Entity/Account Tab To/02 Alamat/03 Negara'

2020-09-02 11:56:17 - [MESSAGE][PASSED] - Text 'ID - INDONESIA' is set on object 'Object Repository/GoAmlReport/07 Entity/Account Tab To/02 Alamat/03 Negara'

2020-09-02 11:56:17 - [TEST_STEP][PASSED] - delay(3): Delayed 3 second(s)

2020-09-02 11:56:20 - [MESSAGE][PASSED] - Delayed 3 second(s)

2020-09-02 11:56:20 - [TEST_STEP][PASSED] - sendKeys(findTestObject("GoAmlReport/07 Entity/Account Tab To/02 Alamat/03 Negara"), Keys.chord(ENTER)): Keys 'ENTER + ' sent to object: 'Object Repository/GoAmlReport/07 Entity/Account Tab To/02 Alamat/03 Negara'

2020-09-02 11:56:20 - [MESSAGE][PASSED] - Keys 'ENTER + ' sent to object: 'Object Repository/GoAmlReport/07 Entity/Account Tab To/02 Alamat/03 Negara'

2020-09-02 11:56:20 - [TEST_STEP][PASSED] - delay(2): Delayed 2 second(s)

2020-09-02 11:56:22 - [MESSAGE][PASSED] - Delayed 2 second(s)

2020-09-02 11:56:22 - [TEST_STEP][PASSED] - click(findTestObject("GoAmlReport/07 Entity/Account Tab To/02 Alamat/save")): Object: 'Object Repository/GoAmlReport/07 Entity/Account Tab To/02 Alamat/save' is clicked on

2020-09-02 11:56:23 - [MESSAGE][PASSED] - Object: 'Object Repository/GoAmlReport/07 Entity/Account Tab To/02 Alamat/save' is clicked on

2020-09-02 11:56:23 - [TEST_STEP][PASSED] - click(findTestObject("GoAmlReport/07 Entity/Account Tab To/03 Director/00 Add")): Object: 'Object Repository/GoAmlReport/07 Entity/Account Tab To/03 Director/00 Add' is clicked on

2020-09-02 11:56:24 - [MESSAGE][PASSED] - Object: 'Object Repository/GoAmlReport/07 Entity/Account Tab To/03 Director/00 Add' is clicked on

2020-09-02 11:56:24 - [TEST_STEP][PASSED] - scrollToElement(findTestObject("GoAmlReport/07 Entity/Account Tab To/03 Director/00 Add"), 3): Scroll to object 'Object Repository/GoAmlReport/07 Entity/Account Tab To/03 Director/00 Add' successfully

2020-09-02 11:56:25 - [MESSAGE][PASSED] - Scroll to object 'Object Repository/GoAmlReport/07 Entity/Account Tab To/03 Director/00 Add' successfully

2020-09-02 11:56:25 - [TEST_STEP][PASSED] - delay(5): Delayed 5 second(s)

2020-09-02 11:56:30 - [MESSAGE][PASSED] - Delayed 5 second(s)

2020-09-02 11:56:30 - [TEST_STEP][PASSED] - setText(findTestObject("GoAmlReport/07 Entity/Account Tab To/03 Director/01 Jenis Kelamin"), "F - Female"): Text 'F - Female' is set on object 'Object Repository/GoAmlReport/07 Entity/Account Tab To/03 Director/01 Jenis Kelamin'

2020-09-02 11:56:30 - [MESSAGE][PASSED] - Text 'F - Female' is set on object 'Object Repository/GoAmlReport/07 Entity/Account Tab To/03 Director/01 Jenis Kelamin'

2020-09-02 11:56:30 - [TEST_STEP][PASSED] - delay(5): Delayed 5 second(s)

2020-09-02 11:56:35 - [MESSAGE][PASSED] - Delayed 5 second(s)

2020-09-02 11:56:35 - [TEST_STEP][PASSED] - sendKeys(findTestObject("GoAmlReport/07 Entity/Account Tab To/03 Director/01 Jenis Kelamin"), Keys.chord(ENTER)): Keys 'ENTER + ' sent to object: 'Object Repository/GoAmlReport/07 Entity/Account Tab To/03 Director/01 Jenis Kelamin'

2020-09-02 11:56:36 - [MESSAGE][PASSED] - Keys 'ENTER + ' sent to object: 'Object Repository/GoAmlReport/07 Entity/Account Tab To/03 Director/01 Jenis Kelamin'

2020-09-02 11:56:36 - [TEST_STEP][PASSED] - setText(findTestObject("GoAmlReport/07 Entity/Account Tab To/03 Director/02 Nama Lengkap"), "Aman "): Text 'Aman ' is set on object 'Object Repository/GoAmlReport/07 Entity/Account Tab To/03 Director/02 Nama Lengkap'

2020-09-02 11:56:37 - [MESSAGE][PASSED] - Text 'Aman ' is set on object 'Object Repository/GoAmlReport/07 Entity/Account Tab To/03 Director/02 Nama Lengkap'

2020-09-02 11:56:37 - [TEST_STEP][PASSED] - setText(findTestObject("GoAmlReport/07 Entity/Account Tab To/03 Director/10 Tanggal Lahir"), "01-Aug-96"): Text '01-Aug-96' is set on object 'Object Repository/GoAmlReport/07 Entity/Account Tab To/03 Director/10 Tanggal Lahir'

2020-09-02 11:56:37 - [MESSAGE][PASSED] - Text '01-Aug-96' is set on object 'Object Repository/GoAmlReport/07 Entity/Account Tab To/03 Director/10 Tanggal Lahir'

2020-09-02 11:56:37 - [TEST_STEP][PASSED] - delay(2): Delayed 2 second(s)

2020-09-02 11:56:39 - [MESSAGE][PASSED] - Delayed 2 second(s)

2020-09-02 11:56:39 - [TEST_STEP][PASSED] - setText(findTestObject("GoAmlReport/07 Entity/Account Tab To/03 Director/12 Tempat Lahir"), "Jakarta"): Text 'Jakarta' is set on object 'Object Repository/GoAmlReport/07 Entity/Account Tab To/03 Director/12 Tempat Lahir'

2020-09-02 11:56:40 - [MESSAGE][PASSED] - Text 'Jakarta' is set on object 'Object Repository/GoAmlReport/07 Entity/Account Tab To/03 Director/12 Tempat Lahir'

2020-09-02 11:56:40 - [TEST_STEP][PASSED] - setText(findTestObject("GoAmlReport/07 Entity/Account Tab To/03 Director/04 Kewarganegaraan"), "indone"): Text 'indone' is set on object 'Object Repository/GoAmlReport/07 Entity/Account Tab To/03 Director/04 Kewarganegaraan'

2020-09-02 11:56:41 - [MESSAGE][PASSED] - Text 'indone' is set on object 'Object Repository/GoAmlReport/07 Entity/Account Tab To/03 Director/04 Kewarganegaraan'

2020-09-02 11:56:41 - [TEST_STEP][PASSED] - delay(5): Delayed 5 second(s)

2020-09-02 11:56:46 - [MESSAGE][PASSED] - Delayed 5 second(s)

2020-09-02 11:56:46 - [TEST_STEP][PASSED] - sendKeys(findTestObject("GoAmlReport/07 Entity/Account Tab To/03 Director/04 Kewarganegaraan"), Keys.chord(ENTER)): Keys 'ENTER + ' sent to object: 'Object Repository/GoAmlReport/07 Entity/Account Tab To/03 Director/04 Kewarganegaraan'

2020-09-02 11:56:46 - [MESSAGE][PASSED] - Keys 'ENTER + ' sent to object: 'Object Repository/GoAmlReport/07 Entity/Account Tab To/03 Director/04 Kewarganegaraan'

2020-09-02 11:56:46 - [TEST_STEP][PASSED] - setText(findTestObject("GoAmlReport/07 Entity/Account Tab To/03 Director/05 Negara Domisili"), "ID - INDONESIA"): Text 'ID - INDONESIA' is set on object 'Object Repository/GoAmlReport/07 Entity/Account Tab To/03 Director/05 Negara Domisili'

2020-09-02 11:56:47 - [MESSAGE][PASSED] - Text 'ID - INDONESIA' is set on object 'Object Repository/GoAmlReport/07 Entity/Account Tab To/03 Director/05 Negara Domisili'

2020-09-02 11:56:47 - [TEST_STEP][PASSED] - delay(3): Delayed 3 second(s)

2020-09-02 11:56:50 - [MESSAGE][PASSED] - Delayed 3 second(s)

2020-09-02 11:56:50 - [TEST_STEP][PASSED] - sendKeys(findTestObject("GoAmlReport/07 Entity/Account Tab To/03 Director/05 Negara Domisili"), Keys.chord(ENTER)): Keys 'ENTER + ' sent to object: 'Object Repository/GoAmlReport/07 Entity/Account Tab To/03 Director/05 Negara Domisili'

2020-09-02 11:56:51 - [MESSAGE][PASSED] - Keys 'ENTER + ' sent to object: 'Object Repository/GoAmlReport/07 Entity/Account Tab To/03 Director/05 Negara Domisili'

2020-09-02 11:56:51 - [TEST_STEP][PASSED] - setText(findTestObject("GoAmlReport/07 Entity/Account Tab To/03 Director/06 Pekerjaan"), "Kerja Serabutan"): Text 'Kerja Serabutan' is set on object 'Object Repository/GoAmlReport/07 Entity/Account Tab To/03 Director/06 Pekerjaan'

2020-09-02 11:56:52 - [MESSAGE][PASSED] - Text 'Kerja Serabutan' is set on object 'Object Repository/GoAmlReport/07 Entity/Account Tab To/03 Director/06 Pekerjaan'

2020-09-02 11:56:52 - [TEST_STEP][PASSED] - setText(findTestObject("GoAmlReport/07 Entity/Account Tab To/03 Director/07 Sumber Dana"), "Maling"): Text 'Maling' is set on object 'Object Repository/GoAmlReport/07 Entity/Account Tab To/03 Director/07 Sumber Dana'

2020-09-02 11:56:52 - [MESSAGE][PASSED] - Text 'Maling' is set on object 'Object Repository/GoAmlReport/07 Entity/Account Tab To/03 Director/07 Sumber Dana'

2020-09-02 11:56:52 - [TEST_STEP][PASSED] - setText(findTestObject("GoAmlReport/07 Entity/Account Tab To/03 Director/08 Peran"), "UBO - Ultimate Beneficial Owner"): Text 'UBO - Ultimate Beneficial Owner' is set on object 'Object Repository/GoAmlReport/07 Entity/Account Tab To/03 Director/08 Peran'

2020-09-02 11:56:54 - [MESSAGE][PASSED] - Text 'UBO - Ultimate Beneficial Owner' is set on object 'Object Repository/GoAmlReport/07 Entity/Account Tab To/03 Director/08 Peran'

2020-09-02 11:56:54 - [TEST_STEP][PASSED] - delay(2): Delayed 2 second(s)

2020-09-02 11:56:56 - [MESSAGE][PASSED] - Delayed 2 second(s)

2020-09-02 11:56:56 - [TEST_STEP][PASSED] - sendKeys(findTestObject("GoAmlReport/07 Entity/Account Tab To/03 Director/08 Peran"), Keys.chord(ENTER)): Keys 'ENTER + ' sent to object: 'Object Repository/GoAmlReport/07 Entity/Account Tab To/03 Director/08 Peran'

2020-09-02 11:56:56 - [MESSAGE][PASSED] - Keys 'ENTER + ' sent to object: 'Object Repository/GoAmlReport/07 Entity/Account Tab To/03 Director/08 Peran'

2020-09-02 11:56:56 - [TEST_STEP][PASSED] - click(findTestObject("GoAmlReport/07 Entity/Account Tab To/03 Director/09 Telepon/Tambah Telepon")): Object: 'Object Repository/GoAmlReport/07 Entity/Account Tab To/03 Director/09 Telepon/Tambah Telepon' is clicked on

2020-09-02 11:56:57 - [MESSAGE][PASSED] - Object: 'Object Repository/GoAmlReport/07 Entity/Account Tab To/03 Director/09 Telepon/Tambah Telepon' is clicked on

2020-09-02 11:56:57 - [TEST_STEP][PASSED] - scrollToElement(findTestObject("GoAmlReport/07 Entity/Account Tab To/03 Director/09 Telepon/01 Kategori Kontak"), 3): Scroll to object 'Object Repository/GoAmlReport/07 Entity/Account Tab To/03 Director/09 Telepon/01 Kategori Kontak' successfully

2020-09-02 11:56:59 - [MESSAGE][PASSED] - Scroll to object 'Object Repository/GoAmlReport/07 Entity/Account Tab To/03 Director/09 Telepon/01 Kategori Kontak' successfully

2020-09-02 11:56:59 - [TEST_STEP][PASSED] - setText(findTestObject("GoAmlReport/07 Entity/Account Tab To/03 Director/09 Telepon/01 Kategori Kontak"), "K - Kantor"): Text 'K - Kantor' is set on object 'Object Repository/GoAmlReport/07 Entity/Account Tab To/03 Director/09 Telepon/01 Kategori Kontak'

2020-09-02 11:56:59 - [MESSAGE][PASSED] - Text 'K - Kantor' is set on object 'Object Repository/GoAmlReport/07 Entity/Account Tab To/03 Director/09 Telepon/01 Kategori Kontak'

2020-09-02 11:56:59 - [TEST_STEP][PASSED] - delay(3): Delayed 3 second(s)

2020-09-02 11:57:02 - [MESSAGE][PASSED] - Delayed 3 second(s)

2020-09-02 11:57:02 - [TEST_STEP][PASSED] - sendKeys(findTestObject("GoAmlReport/07 Entity/Account Tab To/03 Director/09 Telepon/01 Kategori Kontak"), Keys.chord(ENTER)): Keys 'ENTER + ' sent to object: 'Object Repository/GoAmlReport/07 Entity/Account Tab To/03 Director/09 Telepon/01 Kategori Kontak'

2020-09-02 11:57:03 - [MESSAGE][PASSED] - Keys 'ENTER + ' sent to object: 'Object Repository/GoAmlReport/07 Entity/Account Tab To/03 Director/09 Telepon/01 Kategori Kontak'

2020-09-02 11:57:03 - [TEST_STEP][PASSED] - setText(findTestObject("GoAmlReport/07 Entity/Account Tab To/03 Director/09 Telepon/02 Alat Komunikasi"), "PSTN - PSTN"): Text 'PSTN - PSTN' is set on object 'Object Repository/GoAmlReport/07 Entity/Account Tab To/03 Director/09 Telepon/02 Alat Komunikasi'

2020-09-02 11:57:04 - [MESSAGE][PASSED] - Text 'PSTN - PSTN' is set on object 'Object Repository/GoAmlReport/07 Entity/Account Tab To/03 Director/09 Telepon/02 Alat Komunikasi'

2020-09-02 11:57:04 - [TEST_STEP][PASSED] - delay(3): Delayed 3 second(s)

2020-09-02 11:57:07 - [MESSAGE][PASSED] - Delayed 3 second(s)

2020-09-02 11:57:07 - [TEST_STEP][PASSED] - sendKeys(findTestObject("GoAmlReport/07 Entity/Account Tab To/03 Director/09 Telepon/02 Alat Komunikasi"), Keys.chord(ENTER)): Keys 'ENTER + ' sent to object: 'Object Repository/GoAmlReport/07 Entity/Account Tab To/03 Director/09 Telepon/02 Alat Komunikasi'

2020-09-02 11:57:07 - [MESSAGE][PASSED] - Keys 'ENTER + ' sent to object: 'Object Repository/GoAmlReport/07 Entity/Account Tab To/03 Director/09 Telepon/02 Alat Komunikasi'

2020-09-02 11:57:07 - [TEST_STEP][PASSED] - setText(findTestObject("GoAmlReport/07 Entity/Account Tab To/03 Director/09 Telepon/03 No Telepon"), "222222222"): Text '222222222' is set on object 'Object Repository/GoAmlReport/07 Entity/Account Tab To/03 Director/09 Telepon/03 No Telepon'

2020-09-02 11:57:08 - [MESSAGE][PASSED] - Text '222222222' is set on object 'Object Repository/GoAmlReport/07 Entity/Account Tab To/03 Director/09 Telepon/03 No Telepon'

2020-09-02 11:57:08 - [TEST_STEP][PASSED] - click(findTestObject("GoAmlReport/07 Entity/Account Tab To/03 Director/09 Telepon/Save"), STOP_ON_FAILURE): Object: 'Object Repository/GoAmlReport/07 Entity/Account Tab To/03 Director/09 Telepon/Save' is clicked on

2020-09-02 11:57:09 - [MESSAGE][PASSED] - Object: 'Object Repository/GoAmlReport/07 Entity/Account Tab To/03 Director/09 Telepon/Save' is clicked on

2020-09-02 11:57:09 - [TEST_STEP][PASSED] - delay(4): Delayed 4 second(s)

2020-09-02 11:57:13 - [MESSAGE][PASSED] - Delayed 4 second(s)

2020-09-02 11:57:13 - [TEST_STEP][PASSED] - scrollToElement(findTestObject("GoAmlReport/07 Entity/Account Tab To/03 Director/10 Alamat/span_Tambah Alamat"), 3): Scroll to object 'Object Repository/GoAmlReport/07 Entity/Account Tab To/03 Director/10 Alamat/span_Tambah Alamat' successfully

2020-09-02 11:57:13 - [MESSAGE][PASSED] - Scroll to object 'Object Repository/GoAmlReport/07 Entity/Account Tab To/03 Director/10 Alamat/span_Tambah Alamat' successfully

2020-09-02 11:57:13 - [TEST_STEP][PASSED] - click(findTestObject("GoAmlReport/07 Entity/Account Tab To/03 Director/10 Alamat/span_Tambah Alamat")): Object: 'Object Repository/GoAmlReport/07 Entity/Account Tab To/03 Director/10 Alamat/span_Tambah Alamat' is clicked on

2020-09-02 11:57:14 - [MESSAGE][PASSED] - Object: 'Object Repository/GoAmlReport/07 Entity/Account Tab To/03 Director/10 Alamat/span_Tambah Alamat' is clicked on

2020-09-02 11:57:14 - [TEST_STEP][PASSED] - delay(3): Delayed 3 second(s)

2020-09-02 11:57:17 - [MESSAGE][PASSED] - Delayed 3 second(s)

2020-09-02 11:57:17 - [TEST_STEP][PASSED] - setText(findTestObject("GoAmlReport/07 Entity/Account Tab To/03 Director/10 Alamat/01 Type Alamat"), "R - Rumah"): Text 'R - Rumah' is set on object 'Object Repository/GoAmlReport/07 Entity/Account Tab To/03 Director/10 Alamat/01 Type Alamat'

2020-09-02 11:57:18 - [MESSAGE][PASSED] - Text 'R - Rumah' is set on object 'Object Repository/GoAmlReport/07 Entity/Account Tab To/03 Director/10 Alamat/01 Type Alamat'

2020-09-02 11:57:18 - [TEST_STEP][PASSED] - delay(3): Delayed 3 second(s)

2020-09-02 11:57:21 - [MESSAGE][PASSED] - Delayed 3 second(s)

2020-09-02 11:57:21 - [TEST_STEP][PASSED] - sendKeys(findTestObject("GoAmlReport/07 Entity/Account Tab To/03 Director/10 Alamat/01 Type Alamat"), Keys.chord(ENTER)): Keys 'ENTER + ' sent to object: 'Object Repository/GoAmlReport/07 Entity/Account Tab To/03 Director/10 Alamat/01 Type Alamat'

2020-09-02 11:57:21 - [MESSAGE][PASSED] - Keys 'ENTER + ' sent to object: 'Object Repository/GoAmlReport/07 Entity/Account Tab To/03 Director/10 Alamat/01 Type Alamat'

2020-09-02 11:57:21 - [TEST_STEP][PASSED] - setText(findTestObject("GoAmlReport/07 Entity/Account Tab To/03 Director/10 Alamat/02 Alamat"), "Jl Jalan Jln"): Text 'Jl Jalan Jln' is set on object 'Object Repository/GoAmlReport/07 Entity/Account Tab To/03 Director/10 Alamat/02 Alamat'

2020-09-02 11:57:22 - [MESSAGE][PASSED] - Text 'Jl Jalan Jln' is set on object 'Object Repository/GoAmlReport/07 Entity/Account Tab To/03 Director/10 Alamat/02 Alamat'

2020-09-02 11:57:22 - [TEST_STEP][PASSED] - setText(findTestObject("GoAmlReport/07 Entity/Account Tab To/03 Director/10 Alamat/03 Kota"), "Jakarte"): Text 'Jakarte' is set on object 'Object Repository/GoAmlReport/07 Entity/Account Tab To/03 Director/10 Alamat/03 Kota'

2020-09-02 11:57:22 - [MESSAGE][PASSED] - Text 'Jakarte' is set on object 'Object Repository/GoAmlReport/07 Entity/Account Tab To/03 Director/10 Alamat/03 Kota'

2020-09-02 11:57:22 - [TEST_STEP][PASSED] - setText(findTestObject("GoAmlReport/07 Entity/Account Tab To/03 Director/10 Alamat/03 Negara"), "Indonesi"): Text 'Indonesi' is set on object 'Object Repository/GoAmlReport/07 Entity/Account Tab To/03 Director/10 Alamat/03 Negara'

2020-09-02 11:57:23 - [MESSAGE][PASSED] - Text 'Indonesi' is set on object 'Object Repository/GoAmlReport/07 Entity/Account Tab To/03 Director/10 Alamat/03 Negara'

2020-09-02 11:57:23 - [TEST_STEP][PASSED] - delay(3): Delayed 3 second(s)

2020-09-02 11:57:26 - [MESSAGE][PASSED] - Delayed 3 second(s)

2020-09-02 11:57:26 - [TEST_STEP][PASSED] - sendKeys(findTestObject("GoAmlReport/07 Entity/Account Tab To/03 Director/10 Alamat/03 Negara"), Keys.chord(ENTER)): Keys 'ENTER + ' sent to object: 'Object Repository/GoAmlReport/07 Entity/Account Tab To/03 Director/10 Alamat/03 Negara'

2020-09-02 11:57:27 - [MESSAGE][PASSED] - Keys 'ENTER + ' sent to object: 'Object Repository/GoAmlReport/07 Entity/Account Tab To/03 Director/10 Alamat/03 Negara'

2020-09-02 11:57:27 - [TEST_STEP][PASSED] - click(findTestObject("GoAmlReport/07 Entity/Account Tab To/03 Director/10 Alamat/save"), STOP_ON_FAILURE): Object: 'Object Repository/GoAmlReport/07 Entity/Account Tab To/03 Director/10 Alamat/save' is clicked on

2020-09-02 11:57:27 - [MESSAGE][PASSED] - Object: 'Object Repository/GoAmlReport/07 Entity/Account Tab To/03 Director/10 Alamat/save' is clicked on

2020-09-02 11:57:27 - [TEST_STEP][PASSED] - scrollToElement(findTestObject("GoAmlReport/07 Entity/Account Tab To/03 Director/11 Dokumen Identitas/Tambah Dokumen Identitas"), 3): Scroll to object 'Object Repository/GoAmlReport/07 Entity/Account Tab To/03 Director/11 Dokumen Identitas/Tambah Dokumen Identitas' successfully

2020-09-02 11:57:28 - [MESSAGE][PASSED] - Scroll to object 'Object Repository/GoAmlReport/07 Entity/Account Tab To/03 Director/11 Dokumen Identitas/Tambah Dokumen Identitas' successfully

2020-09-02 11:57:28 - [TEST_STEP][PASSED] - click(findTestObject("GoAmlReport/07 Entity/Account Tab To/03 Director/11 Dokumen Identitas/Tambah Dokumen Identitas")): Object: 'Object Repository/GoAmlReport/07 Entity/Account Tab To/03 Director/11 Dokumen Identitas/Tambah Dokumen Identitas' is clicked on

2020-09-02 11:57:29 - [MESSAGE][PASSED] - Object: 'Object Repository/GoAmlReport/07 Entity/Account Tab To/03 Director/11 Dokumen Identitas/Tambah Dokumen Identitas' is clicked on

2020-09-02 11:57:29 - [TEST_STEP][PASSED] - delay(3): Delayed 3 second(s)

2020-09-02 11:57:32 - [MESSAGE][PASSED] - Delayed 3 second(s)

2020-09-02 11:57:32 - [TEST_STEP][PASSED] - setText(findTestObject("GoAmlReport/07 Entity/Account Tab To/03 Director/11 Dokumen Identitas/01 Jenis Dokumen Identitas"), "SUKET - Surat Keterangan Kependudukan"): Text 'SUKET - Surat Keterangan Kependudukan' is set on object 'Object Repository/GoAmlReport/07 Entity/Account Tab To/03 Director/11 Dokumen Identitas/01 Jenis Dokumen Identitas'

2020-09-02 11:57:33 - [MESSAGE][PASSED] - Text 'SUKET - Surat Keterangan Kependudukan' is set on object 'Object Repository/GoAmlReport/07 Entity/Account Tab To/03 Director/11 Dokumen Identitas/01 Jenis Dokumen Identitas'

2020-09-02 11:57:33 - [TEST_STEP][PASSED] - delay(3): Delayed 3 second(s)

2020-09-02 11:57:36 - [MESSAGE][PASSED] - Delayed 3 second(s)

2020-09-02 11:57:36 - [TEST_STEP][PASSED] - sendKeys(findTestObject("GoAmlReport/07 Entity/Account Tab To/03 Director/11 Dokumen Identitas/01 Jenis Dokumen Identitas"), Keys.chord(ENTER)): Keys 'ENTER + ' sent to object: 'Object Repository/GoAmlReport/07 Entity/Account Tab To/03 Director/11 Dokumen Identitas/01 Jenis Dokumen Identitas'

2020-09-02 11:57:37 - [MESSAGE][PASSED] - Keys 'ENTER + ' sent to object: 'Object Repository/GoAmlReport/07 Entity/Account Tab To/03 Director/11 Dokumen Identitas/01 Jenis Dokumen Identitas'

2020-09-02 11:57:37 - [TEST_STEP][PASSED] - setText(findTestObject("GoAmlReport/07 Entity/Account Tab To/03 Director/11 Dokumen Identitas/02 No Identitas"), "12321444"): Text '12321444' is set on object 'Object Repository/GoAmlReport/07 Entity/Account Tab To/03 Director/11 Dokumen Identitas/02 No Identitas'

2020-09-02 11:57:38 - [MESSAGE][PASSED] - Text '12321444' is set on object 'Object Repository/GoAmlReport/07 Entity/Account Tab To/03 Director/11 Dokumen Identitas/02 No Identitas'

2020-09-02 11:57:38 - [TEST_STEP][PASSED] - setText(findTestObject("GoAmlReport/07 Entity/Account Tab To/03 Director/11 Dokumen Identitas/03 Negara Penerbit"), "ID - INDONESIA"): Text 'ID - INDONESIA' is set on object 'Object Repository/GoAmlReport/07 Entity/Account Tab To/03 Director/11 Dokumen Identitas/03 Negara Penerbit'

2020-09-02 11:57:38 - [MESSAGE][PASSED] - Text 'ID - INDONESIA' is set on object 'Object Repository/GoAmlReport/07 Entity/Account Tab To/03 Director/11 Dokumen Identitas/03 Negara Penerbit'

2020-09-02 11:57:38 - [TEST_STEP][PASSED] - delay(3): Delayed 3 second(s)

2020-09-02 11:57:41 - [MESSAGE][PASSED] - Delayed 3 second(s)

2020-09-02 11:57:41 - [TEST_STEP][PASSED] - sendKeys(findTestObject("GoAmlReport/07 Entity/Account Tab To/03 Director/11 Dokumen Identitas/03 Negara Penerbit"), Keys.chord(ENTER)): Keys 'ENTER + ' sent to object: 'Object Repository/GoAmlReport/07 Entity/Account Tab To/03 Director/11 Dokumen Identitas/03 Negara Penerbit'

2020-09-02 11:57:42 - [MESSAGE][PASSED] - Keys 'ENTER + ' sent to object: 'Object Repository/GoAmlReport/07 Entity/Account Tab To/03 Director/11 Dokumen Identitas/03 Negara Penerbit'

2020-09-02 11:57:42 - [TEST_STEP][PASSED] - click(findTestObject("GoAmlReport/07 Entity/Account Tab To/03 Director/11 Dokumen Identitas/Save")): Object: 'Object Repository/GoAmlReport/07 Entity/Account Tab To/03 Director/11 Dokumen Identitas/Save' is clicked on

2020-09-02 11:57:42 - [MESSAGE][PASSED] - Object: 'Object Repository/GoAmlReport/07 Entity/Account Tab To/03 Director/11 Dokumen Identitas/Save' is clicked on

2020-09-02 11:57:42 - [TEST_STEP][PASSED] - click(findTestObject("GoAmlReport/07 Entity/Account Tab To/03 Director/99 Save")): Object: 'Object Repository/GoAmlReport/07 Entity/Account Tab To/03 Director/99 Save' is clicked on

2020-09-02 11:57:45 - [MESSAGE][PASSED] - Object: 'Object Repository/GoAmlReport/07 Entity/Account Tab To/03 Director/99 Save' is clicked on

2020-09-02 11:57:45 - [TEST_STEP][PASSED] - delay(2): Delayed 2 second(s)

2020-09-02 11:57:47 - [MESSAGE][PASSED] - Delayed 2 second(s)

2020-09-02 11:57:47 - [MESSAGE][PASSED] - Call Test Case 'Test Cases/GoAML Report 5' successfully

2020-09-02 11:57:50 - [TEST_STEP][PASSED] - Video: Video recording for test case 'Test Cases/GoAML Report 1' .

2020-09-02 11:57:50 - [MESSAGE][INFO] - Video recording for test case 'Test Cases/GoAML Report 1' .
[[ATTACHMENT|D:\\poject\\goaml2\\Katalon\\GoAML\\Reports\\20200902_112954\\New Test Suite (1)\\20200902_112954/videos\\test_2.avi]]]]></system-out>
         <system-err><![CDATA[]]></system-err>
      </testcase>
      <testcase name="Test Cases/GoAML Report 1" time="709.665" classname="Test Cases/GoAML Report 1" status="PASSED">
         <system-out><![CDATA[2020-09-02 11:57:50 - [TEST_CASE][PASSED] - Test Cases/GoAML Report 1: Test Cases/GoAML Report 1

2020-09-02 11:57:50 - [TEST_STEP][PASSED] - openBrowser("http://goaml.southeastasia.cloudapp.azure.com/goaml/Default.aspx"): Browser is opened with url: 'http://goaml.southeastasia.cloudapp.azure.com/goaml/Default.aspx'

2020-09-02 11:57:50 - [MESSAGE][WARNING] - A browser is already opened. Closing browser and opening a new one

2020-09-02 11:57:51 - [MESSAGE][INFO] - Starting 'Chrome' driver

2020-09-02 11:57:51 - [MESSAGE][INFO] - User set preference: ['property', '']

2020-09-02 11:57:57 - [MESSAGE][PASSED] - Browser is opened with url: 'http://goaml.southeastasia.cloudapp.azure.com/goaml/Default.aspx'

2020-09-02 11:57:57 - [TEST_STEP][PASSED] - maximizeWindow(): Current window maximized

2020-09-02 11:57:59 - [MESSAGE][PASSED] - Current window maximized

2020-09-02 11:57:59 - [TEST_STEP][PASSED] - setText(findTestObject("All/UserName"), "anggi1"): Text 'anggi1' is set on object 'Object Repository/All/UserName'

2020-09-02 11:58:00 - [MESSAGE][PASSED] - Text 'anggi1' is set on object 'Object Repository/All/UserName'

2020-09-02 11:58:00 - [TEST_STEP][PASSED] - setEncryptedText(findTestObject("All/password"), "iFGeFYmXIrWy72D5I5E8Dw=="): Text ****** has been set on object 'Object Repository/All/password'

2020-09-02 11:58:00 - [MESSAGE][PASSED] - Text ****** has been set on object 'Object Repository/All/password'

2020-09-02 11:58:00 - [TEST_STEP][PASSED] - click(findTestObject("All/Sign In")): Object: 'Object Repository/All/Sign In' is clicked on

2020-09-02 11:58:03 - [MESSAGE][PASSED] - Object: 'Object Repository/All/Sign In' is clicked on

2020-09-02 11:58:03 - [TEST_STEP][PASSED] - delay(3): Delayed 3 second(s)

2020-09-02 11:58:06 - [MESSAGE][PASSED] - Delayed 3 second(s)

2020-09-02 11:58:06 - [TEST_STEP][PASSED] - setText(findTestObject("All/filter"), "Report"): Text 'Report' is set on object 'Object Repository/All/filter'

2020-09-02 11:58:06 - [MESSAGE][PASSED] - Text 'Report' is set on object 'Object Repository/All/filter'

2020-09-02 11:58:07 - [TEST_STEP][PASSED] - delay(1): Delayed 1 second(s)

2020-09-02 11:58:08 - [MESSAGE][PASSED] - Delayed 1 second(s)

2020-09-02 11:58:08 - [TEST_STEP][PASSED] - scrollToElement(findTestObject("GoAmlReport/View"), 3): Scroll to object 'Object Repository/GoAmlReport/View' successfully

2020-09-02 11:58:08 - [MESSAGE][PASSED] - Scroll to object 'Object Repository/GoAmlReport/View' successfully

2020-09-02 11:58:08 - [TEST_STEP][PASSED] - click(findTestObject("GoAmlReport/View")): Object: 'Object Repository/GoAmlReport/View' is clicked on

2020-09-02 11:58:08 - [MESSAGE][PASSED] - Object: 'Object Repository/GoAmlReport/View' is clicked on

2020-09-02 11:58:08 - [TEST_STEP][PASSED] - delay(3): Delayed 3 second(s)

2020-09-02 11:58:11 - [MESSAGE][PASSED] - Delayed 3 second(s)

2020-09-02 11:58:11 - [TEST_STEP][PASSED] - click(findTestObject("All/New Record")): Object: 'Object Repository/All/New Record' is clicked on

2020-09-02 11:58:12 - [MESSAGE][PASSED] - Object: 'Object Repository/All/New Record' is clicked on

2020-09-02 11:58:12 - [TEST_STEP][PASSED] - callTestCase(findTestCase("GoAML Report 2"), [:], STOP_ON_FAILURE): Call Test Case 'Test Cases/GoAML Report 2' successfully

2020-09-02 11:58:12 - [TEST_CASE][PASSED] - Test Cases/GoAML Report 2: Test Cases/GoAML Report 2

2020-09-02 11:58:12 - [TEST_STEP][PASSED] - for ([rowNum = 1, rowNum <= findTestData("GoAMLReport/General Information").getRowNumbers(), (rowNum++)]): Object: 'Object Repository/GoAmlReport/save indikator' is clicked on

2020-09-02 11:58:12 - [TEST_STEP][PASSED] - delay(90): Delayed 90 second(s)

2020-09-02 11:59:42 - [MESSAGE][PASSED] - Delayed 90 second(s)

2020-09-02 11:59:42 - [TEST_STEP][PASSED] - click(findTestObject("GoAmlReport/01 General Information/01 Jenis Laporan"), STOP_ON_FAILURE): Object: 'Object Repository/GoAmlReport/01 General Information/01 Jenis Laporan' is clicked on

2020-09-02 11:59:43 - [MESSAGE][PASSED] - Object: 'Object Repository/GoAmlReport/01 General Information/01 Jenis Laporan' is clicked on

2020-09-02 11:59:43 - [TEST_STEP][PASSED] - delay(20): Delayed 20 second(s)

2020-09-02 12:00:03 - [MESSAGE][PASSED] - Delayed 20 second(s)

2020-09-02 12:00:03 - [TEST_STEP][PASSED] - if (findTestData("GoAMLReport/General Information").getValue(1, rowNum) == "LAPT - LTKM"): null

2020-09-02 12:00:03 - [TEST_STEP][PASSED] - if (findTestData("GoAMLReport/General Information").getValue(1, rowNum) == "LTKM - LTKM"): null

2020-09-02 12:00:03 - [TEST_STEP][PASSED] - click(findTestObject("GoAmlReport/01 General Information/Isi Jenis Laporan/2 LTKM - LTKM")): Object: 'Object Repository/GoAmlReport/01 General Information/Isi Jenis Laporan/2 LTKM - LTKM' is clicked on

2020-09-02 12:00:03 - [MESSAGE][PASSED] - Object: 'Object Repository/GoAmlReport/01 General Information/Isi Jenis Laporan/2 LTKM - LTKM' is clicked on

2020-09-02 12:00:03 - [TEST_STEP][PASSED] - if (findTestData("GoAMLReport/General Information").getValue(4, rowNum) == "CaseManagement ID"): Keys 'ENTER + ' sent to object: 'Object Repository/GoAmlReport/01 General Information/05 Type Report'

2020-09-02 12:00:03 - [TEST_STEP][PASSED] - setText(findTestObject("GoAmlReport/01 General Information/05 Type Report"), "transaksi unik"): Text 'transaksi unik' is set on object 'Object Repository/GoAmlReport/01 General Information/05 Type Report'

2020-09-02 12:00:04 - [MESSAGE][PASSED] - Text 'transaksi unik' is set on object 'Object Repository/GoAmlReport/01 General Information/05 Type Report'

2020-09-02 12:00:04 - [TEST_STEP][PASSED] - delay(10): Delayed 10 second(s)

2020-09-02 12:00:14 - [MESSAGE][PASSED] - Delayed 10 second(s)

2020-09-02 12:00:14 - [TEST_STEP][PASSED] - sendKeys(findTestObject("GoAmlReport/01 General Information/05 Type Report"), Keys.chord(ENTER)): Keys 'ENTER + ' sent to object: 'Object Repository/GoAmlReport/01 General Information/05 Type Report'

2020-09-02 12:00:15 - [MESSAGE][PASSED] - Keys 'ENTER + ' sent to object: 'Object Repository/GoAmlReport/01 General Information/05 Type Report'

2020-09-02 12:00:15 - [TEST_STEP][PASSED] - if (findTestData("GoAMLReport/General Information").getValue(4, rowNum) == "CIF"): null

2020-09-02 12:00:15 - [TEST_STEP][PASSED] - if (findTestData("GoAMLReport/General Information").getValue(1, rowNum) == "LTKMH - LTKM"): null

2020-09-02 12:00:15 - [TEST_STEP][PASSED] - if (findTestData("GoAMLReport/General Information").getValue(1, rowNum) == "LTKMP - LTKM"): null

2020-09-02 12:00:15 - [TEST_STEP][PASSED] - if (findTestData("GoAMLReport/General Information").getValue(1, rowNum) == "LTKMT - LTKM"): null

2020-09-02 12:00:15 - [TEST_STEP][PASSED] - if (findTestData("GoAMLReport/General Information").getValue(1, rowNum) == "LTKTK - LTKT"): null

2020-09-02 12:00:15 - [TEST_STEP][PASSED] - if (findTestData("GoAMLReport/General Information").getValue(1, rowNum) == "LTKTM - LTKT"): null

2020-09-02 12:00:15 - [TEST_STEP][PASSED] - if (findTestData("GoAMLReport/General Information").getValue(1, rowNum) == "TKLIB - LTKL"): null

2020-09-02 12:00:15 - [TEST_STEP][PASSED] - if (findTestData("GoAMLReport/General Information").getValue(1, rowNum) == "TKLOB - LTKL"): null

2020-09-02 12:00:15 - [TEST_STEP][PASSED] - setText(findTestObject("GoAmlReport/01 General Information/02 Tgl Laporan"), findTestData("GoAMLReport/General Information").getValue(3, 1)): Text '26-May-99' is set on object 'Object Repository/GoAmlReport/01 General Information/02 Tgl Laporan'

2020-09-02 12:00:16 - [MESSAGE][PASSED] - Text '26-May-99' is set on object 'Object Repository/GoAmlReport/01 General Information/02 Tgl Laporan'

2020-09-02 12:00:16 - [TEST_STEP][PASSED] - setText(findTestObject("GoAmlReport/01 General Information/03 Alasan"), "No Reason"): Text 'No Reason' is set on object 'Object Repository/GoAmlReport/01 General Information/03 Alasan'

2020-09-02 12:00:16 - [MESSAGE][PASSED] - Text 'No Reason' is set on object 'Object Repository/GoAmlReport/01 General Information/03 Alasan'

2020-09-02 12:00:16 - [TEST_STEP][PASSED] - setText(findTestObject("GoAmlReport/01 General Information/04 Tidakan Pelapor"), "Tidak Bertindak"): Text 'Tidak Bertindak' is set on object 'Object Repository/GoAmlReport/01 General Information/04 Tidakan Pelapor'

2020-09-02 12:00:17 - [MESSAGE][PASSED] - Text 'Tidak Bertindak' is set on object 'Object Repository/GoAmlReport/01 General Information/04 Tidakan Pelapor'

2020-09-02 12:00:17 - [TEST_STEP][PASSED] - setText(findTestObject("GoAmlReport/01 General Information/06 No Value Report"), "Testing Anggi 2906"): Text 'Testing Anggi 2906' is set on object 'Object Repository/GoAmlReport/01 General Information/06 No Value Report'

2020-09-02 12:00:18 - [MESSAGE][PASSED] - Text 'Testing Anggi 2906' is set on object 'Object Repository/GoAmlReport/01 General Information/06 No Value Report'

2020-09-02 12:00:18 - [TEST_STEP][PASSED] - if (findTestData("GoAMLReport/General Information").getValue(6, rowNum) == "true"): Object: 'Object Repository/GoAmlReport/save indikator' is clicked on

2020-09-02 12:00:18 - [TEST_STEP][PASSED] - click(findTestObject("GoAmlReport/Indikator")): Object: 'Object Repository/GoAmlReport/Indikator' is clicked on

2020-09-02 12:00:19 - [MESSAGE][PASSED] - Object: 'Object Repository/GoAmlReport/Indikator' is clicked on

2020-09-02 12:00:19 - [TEST_STEP][PASSED] - delay(5): Delayed 5 second(s)

2020-09-02 12:00:24 - [MESSAGE][PASSED] - Delayed 5 second(s)

2020-09-02 12:00:24 - [TEST_STEP][PASSED] - setText(findTestObject("GoAmlReport/Indikator 2"), findTestData("GoAMLReport/General Information").getValue(7, rowNum)): Text 'Korupsi' is set on object 'Object Repository/GoAmlReport/Indikator 2'

2020-09-02 12:00:24 - [MESSAGE][PASSED] - Text 'Korupsi' is set on object 'Object Repository/GoAmlReport/Indikator 2'

2020-09-02 12:00:24 - [TEST_STEP][PASSED] - delay(3): Delayed 3 second(s)

2020-09-02 12:00:27 - [MESSAGE][PASSED] - Delayed 3 second(s)

2020-09-02 12:00:27 - [TEST_STEP][PASSED] - sendKeys(findTestObject("GoAmlReport/Indikator 2"), Keys.chord(ENTER)): Keys 'ENTER + ' sent to object: 'Object Repository/GoAmlReport/Indikator 2'

2020-09-02 12:00:28 - [MESSAGE][PASSED] - Keys 'ENTER + ' sent to object: 'Object Repository/GoAmlReport/Indikator 2'

2020-09-02 12:00:28 - [TEST_STEP][PASSED] - delay(2): Delayed 2 second(s)

2020-09-02 12:00:30 - [MESSAGE][PASSED] - Delayed 2 second(s)

2020-09-02 12:00:30 - [TEST_STEP][PASSED] - click(findTestObject("GoAmlReport/save indikator")): Object: 'Object Repository/GoAmlReport/save indikator' is clicked on

2020-09-02 12:00:30 - [MESSAGE][PASSED] - Object: 'Object Repository/GoAmlReport/save indikator' is clicked on

2020-09-02 12:00:30 - [MESSAGE][PASSED] - Call Test Case 'Test Cases/GoAML Report 2' successfully

2020-09-02 12:00:30 - [TEST_STEP][PASSED] - callTestCase(findTestCase("GoAML Report 3"), [:], STOP_ON_FAILURE): Call Test Case 'Test Cases/GoAML Report 3' successfully

2020-09-02 12:00:30 - [TEST_CASE][PASSED] - Test Cases/GoAML Report 3: Test Cases/GoAML Report 3

2020-09-02 12:00:30 - [TEST_STEP][PASSED] - for ([rowNum = 1, rowNum <= findTestData("GoAMLReport/Transaksi").getRowNumbers(), (rowNum++)]): Keys 'ENTER + ' sent to object: 'Object Repository/GoAmlReport/02 Transaksi/11 Type Trx'

2020-09-02 12:00:30 - [TEST_STEP][PASSED] - delay(6): Delayed 6 second(s)

2020-09-02 12:00:36 - [MESSAGE][PASSED] - Delayed 6 second(s)

2020-09-02 12:00:36 - [TEST_STEP][PASSED] - if (findTestData("GoAMLReport/Transaksi").getValue(1, rowNum) == "true"): Keys 'ENTER + ' sent to object: 'Object Repository/GoAmlReport/02 Transaksi/11 Type Trx'

2020-09-02 12:00:36 - [TEST_STEP][PASSED] - click(findTestObject("GoAmlReport/01 General Information/07 Tambah Transaksi")): Object: 'Object Repository/GoAmlReport/01 General Information/07 Tambah Transaksi' is clicked on

2020-09-02 12:00:37 - [MESSAGE][PASSED] - Object: 'Object Repository/GoAmlReport/01 General Information/07 Tambah Transaksi' is clicked on

2020-09-02 12:00:37 - [TEST_STEP][PASSED] - delay(6): Delayed 6 second(s)

2020-09-02 12:00:43 - [MESSAGE][PASSED] - Delayed 6 second(s)

2020-09-02 12:00:43 - [TEST_STEP][PASSED] - setText(findTestObject("GoAmlReport/Nomor Transaksi"), findTestData("GoAMLReport/Transaksi").getValue(12, rowNum)): Text '999' is set on object 'Object Repository/GoAmlReport/Nomor Transaksi'

2020-09-02 12:00:44 - [MESSAGE][PASSED] - Text '999' is set on object 'Object Repository/GoAmlReport/Nomor Transaksi'

2020-09-02 12:00:44 - [TEST_STEP][PASSED] - setText(findTestObject("GoAmlReport/02 Transaksi/01 No Ref Transaksi"), "12133746"): Text '12133746' is set on object 'Object Repository/GoAmlReport/02 Transaksi/01 No Ref Transaksi'

2020-09-02 12:00:44 - [MESSAGE][PASSED] - Text '12133746' is set on object 'Object Repository/GoAmlReport/02 Transaksi/01 No Ref Transaksi'

2020-09-02 12:00:44 - [TEST_STEP][PASSED] - setText(findTestObject("GoAmlReport/02 Transaksi/02 Lokasi Transaksi"), "Jakarta"): Text 'Jakarta' is set on object 'Object Repository/GoAmlReport/02 Transaksi/02 Lokasi Transaksi'

2020-09-02 12:00:45 - [MESSAGE][PASSED] - Text 'Jakarta' is set on object 'Object Repository/GoAmlReport/02 Transaksi/02 Lokasi Transaksi'

2020-09-02 12:00:45 - [TEST_STEP][PASSED] - setText(findTestObject("GoAmlReport/02 Transaksi/03 Keterangan Transaksi"), "Noted"): Text 'Noted' is set on object 'Object Repository/GoAmlReport/02 Transaksi/03 Keterangan Transaksi'

2020-09-02 12:00:46 - [MESSAGE][PASSED] - Text 'Noted' is set on object 'Object Repository/GoAmlReport/02 Transaksi/03 Keterangan Transaksi'

2020-09-02 12:00:46 - [TEST_STEP][PASSED] - setText(findTestObject("GoAmlReport/02 Transaksi/04 Tgl Transaksi"), findTestData("GoAMLReport/Transaksi").getValue(2, rowNum)): Text '27-May-99' is set on object 'Object Repository/GoAmlReport/02 Transaksi/04 Tgl Transaksi'

2020-09-02 12:00:46 - [MESSAGE][PASSED] - Text '27-May-99' is set on object 'Object Repository/GoAmlReport/02 Transaksi/04 Tgl Transaksi'

2020-09-02 12:00:46 - [TEST_STEP][PASSED] - setText(findTestObject("GoAmlReport/02 Transaksi/05 Nama Teller"), "Miss Teller"): Text 'Miss Teller' is set on object 'Object Repository/GoAmlReport/02 Transaksi/05 Nama Teller'

2020-09-02 12:00:47 - [MESSAGE][PASSED] - Text 'Miss Teller' is set on object 'Object Repository/GoAmlReport/02 Transaksi/05 Nama Teller'

2020-09-02 12:00:47 - [TEST_STEP][PASSED] - setText(findTestObject("GoAmlReport/02 Transaksi/06 Nama Pejabat"), "Mr Pejabat"): Text 'Mr Pejabat' is set on object 'Object Repository/GoAmlReport/02 Transaksi/06 Nama Pejabat'

2020-09-02 12:00:48 - [MESSAGE][PASSED] - Text 'Mr Pejabat' is set on object 'Object Repository/GoAmlReport/02 Transaksi/06 Nama Pejabat'

2020-09-02 12:00:48 - [TEST_STEP][PASSED] - setText(findTestObject("GoAmlReport/02 Transaksi/07 Tgl Pembukuan"), "01-May-20"): Text '01-May-20' is set on object 'Object Repository/GoAmlReport/02 Transaksi/07 Tgl Pembukuan'

2020-09-02 12:00:48 - [MESSAGE][PASSED] - Text '01-May-20' is set on object 'Object Repository/GoAmlReport/02 Transaksi/07 Tgl Pembukuan'

2020-09-02 12:00:48 - [TEST_STEP][PASSED] - delay(3): Delayed 3 second(s)

2020-09-02 12:00:51 - [MESSAGE][PASSED] - Delayed 3 second(s)

2020-09-02 12:00:51 - [TEST_STEP][PASSED] - sendKeys(findTestObject("GoAmlReport/02 Transaksi/07 Tgl Pembukuan"), Keys.chord(ENTER)): Keys 'ENTER + ' sent to object: 'Object Repository/GoAmlReport/02 Transaksi/07 Tgl Pembukuan'

2020-09-02 12:00:52 - [MESSAGE][PASSED] - Keys 'ENTER + ' sent to object: 'Object Repository/GoAmlReport/02 Transaksi/07 Tgl Pembukuan'

2020-09-02 12:00:52 - [TEST_STEP][PASSED] - scrollToElement(findTestObject("GoAmlReport/02 Transaksi/08 Cara Trx Dilakukan"), 3): Scroll to object 'Object Repository/GoAmlReport/02 Transaksi/08 Cara Trx Dilakukan' successfully

2020-09-02 12:00:52 - [MESSAGE][PASSED] - Scroll to object 'Object Repository/GoAmlReport/02 Transaksi/08 Cara Trx Dilakukan' successfully

2020-09-02 12:00:52 - [TEST_STEP][PASSED] - setText(findTestObject("GoAmlReport/02 Transaksi/08 Cara Trx Dilakukan"), findTestData("GoAMLReport/Transaksi").getValue(3, rowNum)): Text 'KRM-Pengiriman Uang' is set on object 'Object Repository/GoAmlReport/02 Transaksi/08 Cara Trx Dilakukan'

2020-09-02 12:00:53 - [MESSAGE][PASSED] - Text 'KRM-Pengiriman Uang' is set on object 'Object Repository/GoAmlReport/02 Transaksi/08 Cara Trx Dilakukan'

2020-09-02 12:00:53 - [TEST_STEP][PASSED] - delay(3): Delayed 3 second(s)

2020-09-02 12:00:56 - [MESSAGE][PASSED] - Delayed 3 second(s)

2020-09-02 12:00:56 - [TEST_STEP][PASSED] - sendKeys(findTestObject("GoAmlReport/02 Transaksi/08 Cara Trx Dilakukan"), Keys.chord(ENTER)): Keys 'ENTER + ' sent to object: 'Object Repository/GoAmlReport/02 Transaksi/08 Cara Trx Dilakukan'

2020-09-02 12:00:56 - [MESSAGE][PASSED] - Keys 'ENTER + ' sent to object: 'Object Repository/GoAmlReport/02 Transaksi/08 Cara Trx Dilakukan'

2020-09-02 12:00:57 - [TEST_STEP][PASSED] - scrollToElement(findTestObject("GoAmlReport/02 Transaksi/09 Cara Trx Lain"), 3): Scroll to object 'Object Repository/GoAmlReport/02 Transaksi/09 Cara Trx Lain' successfully

2020-09-02 12:00:57 - [MESSAGE][PASSED] - Scroll to object 'Object Repository/GoAmlReport/02 Transaksi/09 Cara Trx Lain' successfully

2020-09-02 12:00:57 - [TEST_STEP][PASSED] - setText(findTestObject("GoAmlReport/02 Transaksi/09 Cara Trx Lain"), "Tidak-Ada"): Text 'Tidak-Ada' is set on object 'Object Repository/GoAmlReport/02 Transaksi/09 Cara Trx Lain'

2020-09-02 12:00:58 - [MESSAGE][PASSED] - Text 'Tidak-Ada' is set on object 'Object Repository/GoAmlReport/02 Transaksi/09 Cara Trx Lain'

2020-09-02 12:00:58 - [TEST_STEP][PASSED] - scrollToElement(findTestObject("GoAmlReport/02 Transaksi/10 Nilai Trx (IDR)"), 3): Scroll to object 'Object Repository/GoAmlReport/02 Transaksi/10 Nilai Trx (IDR)' successfully

2020-09-02 12:00:58 - [MESSAGE][PASSED] - Scroll to object 'Object Repository/GoAmlReport/02 Transaksi/10 Nilai Trx (IDR)' successfully

2020-09-02 12:00:58 - [TEST_STEP][PASSED] - setText(findTestObject("GoAmlReport/02 Transaksi/10 Nilai Trx (IDR)"), findTestData("GoAMLReport/Transaksi").getValue(4, rowNum)): Text '500000000' is set on object 'Object Repository/GoAmlReport/02 Transaksi/10 Nilai Trx (IDR)'

2020-09-02 12:00:59 - [MESSAGE][PASSED] - Text '500000000' is set on object 'Object Repository/GoAmlReport/02 Transaksi/10 Nilai Trx (IDR)'

2020-09-02 12:00:59 - [TEST_STEP][PASSED] - setText(findTestObject("GoAmlReport/02 Transaksi/11 Type Trx"), findTestData("GoAMLReport/Transaksi").getValue(5, rowNum)): Text 'Bi-Party' is set on object 'Object Repository/GoAmlReport/02 Transaksi/11 Type Trx'

2020-09-02 12:01:00 - [MESSAGE][PASSED] - Text 'Bi-Party' is set on object 'Object Repository/GoAmlReport/02 Transaksi/11 Type Trx'

2020-09-02 12:01:00 - [TEST_STEP][PASSED] - delay(3): Delayed 3 second(s)

2020-09-02 12:01:03 - [MESSAGE][PASSED] - Delayed 3 second(s)

2020-09-02 12:01:03 - [TEST_STEP][PASSED] - sendKeys(findTestObject("GoAmlReport/02 Transaksi/11 Type Trx"), Keys.chord(ENTER)): Keys 'ENTER + ' sent to object: 'Object Repository/GoAmlReport/02 Transaksi/11 Type Trx'

2020-09-02 12:01:03 - [MESSAGE][PASSED] - Keys 'ENTER + ' sent to object: 'Object Repository/GoAmlReport/02 Transaksi/11 Type Trx'

2020-09-02 12:01:03 - [MESSAGE][PASSED] - Call Test Case 'Test Cases/GoAML Report 3' successfully

2020-09-02 12:01:03 - [TEST_STEP][PASSED] - callTestCase(findTestCase("Identitas Orang Mewakili Transaksi"), [:], STOP_ON_FAILURE): Call Test Case 'Test Cases/Identitas Orang Mewakili Transaksi' successfully

2020-09-02 12:01:03 - [TEST_CASE][PASSED] - Test Cases/Identitas Orang Mewakili Transaksi: Test Cases/Identitas Orang Mewakili Transaksi

2020-09-02 12:01:03 - [TEST_STEP][PASSED] - for ([rowNum = 1, rowNum <= findTestData("GoAMLReport/Transaksi").getRowNumbers(), (rowNum++)]): Object: 'Object Repository/GoAmlReport/08 Identitas Orang Mewakili Transaksi/07/08 Save' is clicked on

2020-09-02 12:01:03 - [TEST_STEP][PASSED] - delay(6): Delayed 6 second(s)

2020-09-02 12:01:09 - [MESSAGE][PASSED] - Delayed 6 second(s)

2020-09-02 12:01:09 - [TEST_STEP][PASSED] - if (findTestData("GoAMLReport/Transaksi").getValue(13, rowNum) == "true"): Object: 'Object Repository/GoAmlReport/08 Identitas Orang Mewakili Transaksi/07/08 Save' is clicked on

2020-09-02 12:01:09 - [TEST_STEP][PASSED] - click(findTestObject("GoAmlReport/08 Identitas Orang Mewakili Transaksi/01/01 Yes")): Object: 'Object Repository/GoAmlReport/08 Identitas Orang Mewakili Transaksi/01/01 Yes' is clicked on

2020-09-02 12:01:10 - [MESSAGE][PASSED] - Object: 'Object Repository/GoAmlReport/08 Identitas Orang Mewakili Transaksi/01/01 Yes' is clicked on

2020-09-02 12:01:10 - [TEST_STEP][PASSED] - delay(8): Delayed 8 second(s)

2020-09-02 12:01:18 - [MESSAGE][PASSED] - Delayed 8 second(s)

2020-09-02 12:01:18 - [TEST_STEP][PASSED] - setText(findTestObject("GoAmlReport/08 Identitas Orang Mewakili Transaksi/01/02 Jenis Kelamin"), "F - Female"): Text 'F - Female' is set on object 'Object Repository/GoAmlReport/08 Identitas Orang Mewakili Transaksi/01/02 Jenis Kelamin'

2020-09-02 12:01:19 - [MESSAGE][PASSED] - Text 'F - Female' is set on object 'Object Repository/GoAmlReport/08 Identitas Orang Mewakili Transaksi/01/02 Jenis Kelamin'

2020-09-02 12:01:19 - [TEST_STEP][PASSED] - delay(3): Delayed 3 second(s)

2020-09-02 12:01:22 - [MESSAGE][PASSED] - Delayed 3 second(s)

2020-09-02 12:01:22 - [TEST_STEP][PASSED] - sendKeys(findTestObject("GoAmlReport/08 Identitas Orang Mewakili Transaksi/01/02 Jenis Kelamin"), Keys.chord(ENTER)): Keys 'ENTER + ' sent to object: 'Object Repository/GoAmlReport/08 Identitas Orang Mewakili Transaksi/01/02 Jenis Kelamin'

2020-09-02 12:01:22 - [MESSAGE][PASSED] - Keys 'ENTER + ' sent to object: 'Object Repository/GoAmlReport/08 Identitas Orang Mewakili Transaksi/01/02 Jenis Kelamin'

2020-09-02 12:01:22 - [TEST_STEP][PASSED] - setText(findTestObject("GoAmlReport/08 Identitas Orang Mewakili Transaksi/01/03 Gelar"), "Missfortune"): Text 'Missfortune' is set on object 'Object Repository/GoAmlReport/08 Identitas Orang Mewakili Transaksi/01/03 Gelar'

2020-09-02 12:01:23 - [MESSAGE][PASSED] - Text 'Missfortune' is set on object 'Object Repository/GoAmlReport/08 Identitas Orang Mewakili Transaksi/01/03 Gelar'

2020-09-02 12:01:23 - [TEST_STEP][PASSED] - setText(findTestObject("GoAmlReport/08 Identitas Orang Mewakili Transaksi/01/04 Nama Lengkap"), "Anggi Firmansah"): Text 'Anggi Firmansah' is set on object 'Object Repository/GoAmlReport/08 Identitas Orang Mewakili Transaksi/01/04 Nama Lengkap'

2020-09-02 12:01:24 - [MESSAGE][PASSED] - Text 'Anggi Firmansah' is set on object 'Object Repository/GoAmlReport/08 Identitas Orang Mewakili Transaksi/01/04 Nama Lengkap'

2020-09-02 12:01:24 - [TEST_STEP][PASSED] - setText(findTestObject("GoAmlReport/08 Identitas Orang Mewakili Transaksi/01/05 Tanggl Lahir"), "13-Mar-93"): Text '13-Mar-93' is set on object 'Object Repository/GoAmlReport/08 Identitas Orang Mewakili Transaksi/01/05 Tanggl Lahir'

2020-09-02 12:01:24 - [MESSAGE][PASSED] - Text '13-Mar-93' is set on object 'Object Repository/GoAmlReport/08 Identitas Orang Mewakili Transaksi/01/05 Tanggl Lahir'

2020-09-02 12:01:24 - [TEST_STEP][PASSED] - delay(3): Delayed 3 second(s)

2020-09-02 12:01:27 - [MESSAGE][PASSED] - Delayed 3 second(s)

2020-09-02 12:01:27 - [TEST_STEP][PASSED] - sendKeys(findTestObject("GoAmlReport/08 Identitas Orang Mewakili Transaksi/01/05 Tanggl Lahir"), Keys.chord(ENTER)): Keys 'ENTER + ' sent to object: 'Object Repository/GoAmlReport/08 Identitas Orang Mewakili Transaksi/01/05 Tanggl Lahir'

2020-09-02 12:01:28 - [MESSAGE][PASSED] - Keys 'ENTER + ' sent to object: 'Object Repository/GoAmlReport/08 Identitas Orang Mewakili Transaksi/01/05 Tanggl Lahir'

2020-09-02 12:01:28 - [TEST_STEP][PASSED] - setText(findTestObject("GoAmlReport/08 Identitas Orang Mewakili Transaksi/01/06 Tempat Lahir"), "Jakarta"): Text 'Jakarta' is set on object 'Object Repository/GoAmlReport/08 Identitas Orang Mewakili Transaksi/01/06 Tempat Lahir'

2020-09-02 12:01:29 - [MESSAGE][PASSED] - Text 'Jakarta' is set on object 'Object Repository/GoAmlReport/08 Identitas Orang Mewakili Transaksi/01/06 Tempat Lahir'

2020-09-02 12:01:29 - [TEST_STEP][PASSED] - setText(findTestObject("GoAmlReport/08 Identitas Orang Mewakili Transaksi/01/07 Nama Ibu Kandung"), "Ibu"): Text 'Ibu' is set on object 'Object Repository/GoAmlReport/08 Identitas Orang Mewakili Transaksi/01/07 Nama Ibu Kandung'

2020-09-02 12:01:29 - [MESSAGE][PASSED] - Text 'Ibu' is set on object 'Object Repository/GoAmlReport/08 Identitas Orang Mewakili Transaksi/01/07 Nama Ibu Kandung'

2020-09-02 12:01:29 - [TEST_STEP][PASSED] - setText(findTestObject("GoAmlReport/08 Identitas Orang Mewakili Transaksi/01/09 NIK"), "31333"): Text '31333' is set on object 'Object Repository/GoAmlReport/08 Identitas Orang Mewakili Transaksi/01/09 NIK'

2020-09-02 12:01:30 - [MESSAGE][PASSED] - Text '31333' is set on object 'Object Repository/GoAmlReport/08 Identitas Orang Mewakili Transaksi/01/09 NIK'

2020-09-02 12:01:30 - [TEST_STEP][PASSED] - setText(findTestObject("GoAmlReport/08 Identitas Orang Mewakili Transaksi/01/10 No Passpor"), "123444"): Text '123444' is set on object 'Object Repository/GoAmlReport/08 Identitas Orang Mewakili Transaksi/01/10 No Passpor'

2020-09-02 12:01:31 - [MESSAGE][PASSED] - Text '123444' is set on object 'Object Repository/GoAmlReport/08 Identitas Orang Mewakili Transaksi/01/10 No Passpor'

2020-09-02 12:01:31 - [TEST_STEP][PASSED] - setText(findTestObject("GoAmlReport/08 Identitas Orang Mewakili Transaksi/01/11 Negara Penerbit Paspor"), "Indonesia"): Text 'Indonesia' is set on object 'Object Repository/GoAmlReport/08 Identitas Orang Mewakili Transaksi/01/11 Negara Penerbit Paspor'

2020-09-02 12:01:32 - [MESSAGE][PASSED] - Text 'Indonesia' is set on object 'Object Repository/GoAmlReport/08 Identitas Orang Mewakili Transaksi/01/11 Negara Penerbit Paspor'

2020-09-02 12:01:32 - [TEST_STEP][PASSED] - delay(3): Delayed 3 second(s)

2020-09-02 12:01:35 - [MESSAGE][PASSED] - Delayed 3 second(s)

2020-09-02 12:01:35 - [TEST_STEP][PASSED] - sendKeys(findTestObject("GoAmlReport/08 Identitas Orang Mewakili Transaksi/01/11 Negara Penerbit Paspor"), Keys.chord(ENTER)): Keys 'ENTER + ' sent to object: 'Object Repository/GoAmlReport/08 Identitas Orang Mewakili Transaksi/01/11 Negara Penerbit Paspor'

2020-09-02 12:01:35 - [MESSAGE][PASSED] - Keys 'ENTER + ' sent to object: 'Object Repository/GoAmlReport/08 Identitas Orang Mewakili Transaksi/01/11 Negara Penerbit Paspor'

2020-09-02 12:01:35 - [TEST_STEP][PASSED] - setText(findTestObject("GoAmlReport/08 Identitas Orang Mewakili Transaksi/01/12 No Identitas Lain"), "555555555"): Text '555555555' is set on object 'Object Repository/GoAmlReport/08 Identitas Orang Mewakili Transaksi/01/12 No Identitas Lain'

2020-09-02 12:01:36 - [MESSAGE][PASSED] - Text '555555555' is set on object 'Object Repository/GoAmlReport/08 Identitas Orang Mewakili Transaksi/01/12 No Identitas Lain'

2020-09-02 12:01:36 - [TEST_STEP][PASSED] - setText(findTestObject("GoAmlReport/08 Identitas Orang Mewakili Transaksi/04/01 Kwrg 1"), "ID - INDONESIA"): Text 'ID - INDONESIA' is set on object 'Object Repository/GoAmlReport/08 Identitas Orang Mewakili Transaksi/04/01 Kwrg 1'

2020-09-02 12:01:37 - [MESSAGE][PASSED] - Text 'ID - INDONESIA' is set on object 'Object Repository/GoAmlReport/08 Identitas Orang Mewakili Transaksi/04/01 Kwrg 1'

2020-09-02 12:01:37 - [TEST_STEP][PASSED] - delay(3): Delayed 3 second(s)

2020-09-02 12:01:40 - [MESSAGE][PASSED] - Delayed 3 second(s)

2020-09-02 12:01:40 - [TEST_STEP][PASSED] - sendKeys(findTestObject("GoAmlReport/08 Identitas Orang Mewakili Transaksi/04/01 Kwrg 1"), Keys.chord(ENTER)): Keys 'ENTER + ' sent to object: 'Object Repository/GoAmlReport/08 Identitas Orang Mewakili Transaksi/04/01 Kwrg 1'

2020-09-02 12:01:40 - [MESSAGE][PASSED] - Keys 'ENTER + ' sent to object: 'Object Repository/GoAmlReport/08 Identitas Orang Mewakili Transaksi/04/01 Kwrg 1'

2020-09-02 12:01:40 - [TEST_STEP][PASSED] - setText(findTestObject("GoAmlReport/08 Identitas Orang Mewakili Transaksi/04/02 Kwrg 2"), "ID - INDONESIA"): Text 'ID - INDONESIA' is set on object 'Object Repository/GoAmlReport/08 Identitas Orang Mewakili Transaksi/04/02 Kwrg 2'

2020-09-02 12:01:41 - [MESSAGE][PASSED] - Text 'ID - INDONESIA' is set on object 'Object Repository/GoAmlReport/08 Identitas Orang Mewakili Transaksi/04/02 Kwrg 2'

2020-09-02 12:01:41 - [TEST_STEP][PASSED] - delay(3): Delayed 3 second(s)

2020-09-02 12:01:44 - [MESSAGE][PASSED] - Delayed 3 second(s)

2020-09-02 12:01:44 - [TEST_STEP][PASSED] - sendKeys(findTestObject("GoAmlReport/08 Identitas Orang Mewakili Transaksi/04/02 Kwrg 2"), Keys.chord(ENTER)): Keys 'ENTER + ' sent to object: 'Object Repository/GoAmlReport/08 Identitas Orang Mewakili Transaksi/04/02 Kwrg 2'

2020-09-02 12:01:45 - [MESSAGE][PASSED] - Keys 'ENTER + ' sent to object: 'Object Repository/GoAmlReport/08 Identitas Orang Mewakili Transaksi/04/02 Kwrg 2'

2020-09-02 12:01:45 - [TEST_STEP][PASSED] - setText(findTestObject("GoAmlReport/08 Identitas Orang Mewakili Transaksi/04/03 Kwrg 3"), "ID - INDONESIA"): Text 'ID - INDONESIA' is set on object 'Object Repository/GoAmlReport/08 Identitas Orang Mewakili Transaksi/04/03 Kwrg 3'

2020-09-02 12:01:46 - [MESSAGE][PASSED] - Text 'ID - INDONESIA' is set on object 'Object Repository/GoAmlReport/08 Identitas Orang Mewakili Transaksi/04/03 Kwrg 3'

2020-09-02 12:01:46 - [TEST_STEP][PASSED] - delay(3): Delayed 3 second(s)

2020-09-02 12:01:49 - [MESSAGE][PASSED] - Delayed 3 second(s)

2020-09-02 12:01:49 - [TEST_STEP][PASSED] - sendKeys(findTestObject("GoAmlReport/08 Identitas Orang Mewakili Transaksi/04/03 Kwrg 3"), Keys.chord(ENTER)): Keys 'ENTER + ' sent to object: 'Object Repository/GoAmlReport/08 Identitas Orang Mewakili Transaksi/04/03 Kwrg 3'

2020-09-02 12:01:49 - [MESSAGE][PASSED] - Keys 'ENTER + ' sent to object: 'Object Repository/GoAmlReport/08 Identitas Orang Mewakili Transaksi/04/03 Kwrg 3'

2020-09-02 12:01:49 - [TEST_STEP][PASSED] - delay(3): Delayed 3 second(s)

2020-09-02 12:01:52 - [MESSAGE][PASSED] - Delayed 3 second(s)

2020-09-02 12:01:52 - [TEST_STEP][PASSED] - sendKeys(findTestObject("GoAmlReport/08 Identitas Orang Mewakili Transaksi/04/04 Negara Domisili"), "ID - INDONESIA"): Keys 'ID - INDONESIA' sent to object: 'Object Repository/GoAmlReport/08 Identitas Orang Mewakili Transaksi/04/04 Negara Domisili'

2020-09-02 12:01:53 - [MESSAGE][PASSED] - Keys 'ID - INDONESIA' sent to object: 'Object Repository/GoAmlReport/08 Identitas Orang Mewakili Transaksi/04/04 Negara Domisili'

2020-09-02 12:01:53 - [TEST_STEP][PASSED] - delay(3): Delayed 3 second(s)

2020-09-02 12:01:56 - [MESSAGE][PASSED] - Delayed 3 second(s)

2020-09-02 12:01:56 - [TEST_STEP][PASSED] - sendKeys(findTestObject("GoAmlReport/08 Identitas Orang Mewakili Transaksi/04/04 Negara Domisili"), Keys.chord(ENTER)): Keys 'ENTER + ' sent to object: 'Object Repository/GoAmlReport/08 Identitas Orang Mewakili Transaksi/04/04 Negara Domisili'

2020-09-02 12:01:56 - [MESSAGE][PASSED] - Keys 'ENTER + ' sent to object: 'Object Repository/GoAmlReport/08 Identitas Orang Mewakili Transaksi/04/04 Negara Domisili'

2020-09-02 12:01:56 - [TEST_STEP][PASSED] - scrollToElement(findTestObject("GoAmlReport/08 Identitas Orang Mewakili Transaksi/04/10 Pekerjaa"), 3): Scroll to object 'Object Repository/GoAmlReport/08 Identitas Orang Mewakili Transaksi/04/10 Pekerjaa' successfully

2020-09-02 12:01:57 - [MESSAGE][PASSED] - Scroll to object 'Object Repository/GoAmlReport/08 Identitas Orang Mewakili Transaksi/04/10 Pekerjaa' successfully

2020-09-02 12:01:57 - [TEST_STEP][PASSED] - setText(findTestObject("GoAmlReport/08 Identitas Orang Mewakili Transaksi/04/10 Pekerjaa"), "IT IT an"): Text 'IT IT an' is set on object 'Object Repository/GoAmlReport/08 Identitas Orang Mewakili Transaksi/04/10 Pekerjaa'

2020-09-02 12:01:57 - [MESSAGE][PASSED] - Text 'IT IT an' is set on object 'Object Repository/GoAmlReport/08 Identitas Orang Mewakili Transaksi/04/10 Pekerjaa'

2020-09-02 12:01:57 - [TEST_STEP][PASSED] - scrollToElement(findTestObject("GoAmlReport/08 Identitas Orang Mewakili Transaksi/04/11 Tempat Bekerja"), 3): Scroll to object 'Object Repository/GoAmlReport/08 Identitas Orang Mewakili Transaksi/04/11 Tempat Bekerja' successfully

2020-09-02 12:01:58 - [MESSAGE][PASSED] - Scroll to object 'Object Repository/GoAmlReport/08 Identitas Orang Mewakili Transaksi/04/11 Tempat Bekerja' successfully

2020-09-02 12:01:58 - [TEST_STEP][PASSED] - setText(findTestObject("GoAmlReport/08 Identitas Orang Mewakili Transaksi/04/11 Tempat Bekerja"), "JAKARTA"): Text 'JAKARTA' is set on object 'Object Repository/GoAmlReport/08 Identitas Orang Mewakili Transaksi/04/11 Tempat Bekerja'

2020-09-02 12:01:58 - [MESSAGE][PASSED] - Text 'JAKARTA' is set on object 'Object Repository/GoAmlReport/08 Identitas Orang Mewakili Transaksi/04/11 Tempat Bekerja'

2020-09-02 12:01:58 - [TEST_STEP][PASSED] - setText(findTestObject("GoAmlReport/08 Identitas Orang Mewakili Transaksi/07/10 Sumber Dana"), "Maling"): Text 'Maling' is set on object 'Object Repository/GoAmlReport/08 Identitas Orang Mewakili Transaksi/07/10 Sumber Dana'

2020-09-02 12:01:59 - [MESSAGE][PASSED] - Text 'Maling' is set on object 'Object Repository/GoAmlReport/08 Identitas Orang Mewakili Transaksi/07/10 Sumber Dana'

2020-09-02 12:01:59 - [TEST_STEP][PASSED] - setText(findTestObject("GoAmlReport/08 Identitas Orang Mewakili Transaksi/07/11 Catatan"), "tydacc addacc"): Text 'tydacc addacc' is set on object 'Object Repository/GoAmlReport/08 Identitas Orang Mewakili Transaksi/07/11 Catatan'

2020-09-02 12:02:00 - [MESSAGE][PASSED] - Text 'tydacc addacc' is set on object 'Object Repository/GoAmlReport/08 Identitas Orang Mewakili Transaksi/07/11 Catatan'

2020-09-02 12:02:00 - [TEST_STEP][PASSED] - scrollToElement(findTestObject("GoAmlReport/08 Identitas Orang Mewakili Transaksi/02/01 Add"), 3): Scroll to object 'Object Repository/GoAmlReport/08 Identitas Orang Mewakili Transaksi/02/01 Add' successfully

2020-09-02 12:02:00 - [MESSAGE][PASSED] - Scroll to object 'Object Repository/GoAmlReport/08 Identitas Orang Mewakili Transaksi/02/01 Add' successfully

2020-09-02 12:02:00 - [TEST_STEP][PASSED] - click(findTestObject("GoAmlReport/08 Identitas Orang Mewakili Transaksi/02/01 Add")): Object: 'Object Repository/GoAmlReport/08 Identitas Orang Mewakili Transaksi/02/01 Add' is clicked on

2020-09-02 12:02:01 - [MESSAGE][PASSED] - Object: 'Object Repository/GoAmlReport/08 Identitas Orang Mewakili Transaksi/02/01 Add' is clicked on

2020-09-02 12:02:01 - [TEST_STEP][PASSED] - delay(5): Delayed 5 second(s)

2020-09-02 12:02:06 - [MESSAGE][PASSED] - Delayed 5 second(s)

2020-09-02 12:02:06 - [TEST_STEP][PASSED] - setText(findTestObject("GoAmlReport/08 Identitas Orang Mewakili Transaksi/02/02 Kategori Kontak"), "D - Domisili"): Text 'D - Domisili' is set on object 'Object Repository/GoAmlReport/08 Identitas Orang Mewakili Transaksi/02/02 Kategori Kontak'

2020-09-02 12:02:07 - [MESSAGE][PASSED] - Text 'D - Domisili' is set on object 'Object Repository/GoAmlReport/08 Identitas Orang Mewakili Transaksi/02/02 Kategori Kontak'

2020-09-02 12:02:07 - [TEST_STEP][PASSED] - delay(3): Delayed 3 second(s)

2020-09-02 12:02:10 - [MESSAGE][PASSED] - Delayed 3 second(s)

2020-09-02 12:02:10 - [TEST_STEP][PASSED] - sendKeys(findTestObject("GoAmlReport/08 Identitas Orang Mewakili Transaksi/02/02 Kategori Kontak"), Keys.chord(ENTER)): Keys 'ENTER + ' sent to object: 'Object Repository/GoAmlReport/08 Identitas Orang Mewakili Transaksi/02/02 Kategori Kontak'

2020-09-02 12:02:10 - [MESSAGE][PASSED] - Keys 'ENTER + ' sent to object: 'Object Repository/GoAmlReport/08 Identitas Orang Mewakili Transaksi/02/02 Kategori Kontak'

2020-09-02 12:02:10 - [TEST_STEP][PASSED] - setText(findTestObject("GoAmlReport/08 Identitas Orang Mewakili Transaksi/02/03 Alat Komunikasi"), "PSTN - PSTN"): Text 'PSTN - PSTN' is set on object 'Object Repository/GoAmlReport/08 Identitas Orang Mewakili Transaksi/02/03 Alat Komunikasi'

2020-09-02 12:02:11 - [MESSAGE][PASSED] - Text 'PSTN - PSTN' is set on object 'Object Repository/GoAmlReport/08 Identitas Orang Mewakili Transaksi/02/03 Alat Komunikasi'

2020-09-02 12:02:11 - [TEST_STEP][PASSED] - delay(3): Delayed 3 second(s)

2020-09-02 12:02:14 - [MESSAGE][PASSED] - Delayed 3 second(s)

2020-09-02 12:02:14 - [TEST_STEP][PASSED] - sendKeys(findTestObject("GoAmlReport/08 Identitas Orang Mewakili Transaksi/02/03 Alat Komunikasi"), Keys.chord(ENTER)): Keys 'ENTER + ' sent to object: 'Object Repository/GoAmlReport/08 Identitas Orang Mewakili Transaksi/02/03 Alat Komunikasi'

2020-09-02 12:02:14 - [MESSAGE][PASSED] - Keys 'ENTER + ' sent to object: 'Object Repository/GoAmlReport/08 Identitas Orang Mewakili Transaksi/02/03 Alat Komunikasi'

2020-09-02 12:02:14 - [TEST_STEP][PASSED] - setText(findTestObject("GoAmlReport/08 Identitas Orang Mewakili Transaksi/02/05 Nomor Telepon"), "0986745632"): Text '0986745632' is set on object 'Object Repository/GoAmlReport/08 Identitas Orang Mewakili Transaksi/02/05 Nomor Telepon'

2020-09-02 12:02:15 - [MESSAGE][PASSED] - Text '0986745632' is set on object 'Object Repository/GoAmlReport/08 Identitas Orang Mewakili Transaksi/02/05 Nomor Telepon'

2020-09-02 12:02:15 - [TEST_STEP][PASSED] - delay(2): Delayed 2 second(s)

2020-09-02 12:02:17 - [MESSAGE][PASSED] - Delayed 2 second(s)

2020-09-02 12:02:17 - [TEST_STEP][PASSED] - scrollToElement(findTestObject("GoAmlReport/08 Identitas Orang Mewakili Transaksi/02/08 Save"), 3): Scroll to object 'Object Repository/GoAmlReport/08 Identitas Orang Mewakili Transaksi/02/08 Save' successfully

2020-09-02 12:02:17 - [MESSAGE][PASSED] - Scroll to object 'Object Repository/GoAmlReport/08 Identitas Orang Mewakili Transaksi/02/08 Save' successfully

2020-09-02 12:02:17 - [TEST_STEP][PASSED] - click(findTestObject("GoAmlReport/08 Identitas Orang Mewakili Transaksi/02/08 Save")): Object: 'Object Repository/GoAmlReport/08 Identitas Orang Mewakili Transaksi/02/08 Save' is clicked on

2020-09-02 12:02:18 - [MESSAGE][PASSED] - Object: 'Object Repository/GoAmlReport/08 Identitas Orang Mewakili Transaksi/02/08 Save' is clicked on

2020-09-02 12:02:18 - [TEST_STEP][PASSED] - delay(5): Delayed 5 second(s)

2020-09-02 12:02:23 - [MESSAGE][PASSED] - Delayed 5 second(s)

2020-09-02 12:02:23 - [TEST_STEP][PASSED] - scrollToElement(findTestObject("GoAmlReport/08 Identitas Orang Mewakili Transaksi/03/01 Add"), 3): Scroll to object 'Object Repository/GoAmlReport/08 Identitas Orang Mewakili Transaksi/03/01 Add' successfully

2020-09-02 12:02:23 - [MESSAGE][PASSED] - Scroll to object 'Object Repository/GoAmlReport/08 Identitas Orang Mewakili Transaksi/03/01 Add' successfully

2020-09-02 12:02:23 - [TEST_STEP][PASSED] - click(findTestObject("GoAmlReport/08 Identitas Orang Mewakili Transaksi/03/01 Add")): Object: 'Object Repository/GoAmlReport/08 Identitas Orang Mewakili Transaksi/03/01 Add' is clicked on

2020-09-02 12:02:24 - [MESSAGE][PASSED] - Object: 'Object Repository/GoAmlReport/08 Identitas Orang Mewakili Transaksi/03/01 Add' is clicked on

2020-09-02 12:02:24 - [TEST_STEP][PASSED] - delay(5): Delayed 5 second(s)

2020-09-02 12:02:29 - [MESSAGE][PASSED] - Delayed 5 second(s)

2020-09-02 12:02:29 - [TEST_STEP][PASSED] - setText(findTestObject("GoAmlReport/08 Identitas Orang Mewakili Transaksi/03/02 Tipe Alamat"), "D - Domisili"): Text 'D - Domisili' is set on object 'Object Repository/GoAmlReport/08 Identitas Orang Mewakili Transaksi/03/02 Tipe Alamat'

2020-09-02 12:02:30 - [MESSAGE][PASSED] - Text 'D - Domisili' is set on object 'Object Repository/GoAmlReport/08 Identitas Orang Mewakili Transaksi/03/02 Tipe Alamat'

2020-09-02 12:02:30 - [TEST_STEP][PASSED] - delay(5): Delayed 5 second(s)

2020-09-02 12:02:35 - [MESSAGE][PASSED] - Delayed 5 second(s)

2020-09-02 12:02:35 - [TEST_STEP][PASSED] - sendKeys(findTestObject("GoAmlReport/08 Identitas Orang Mewakili Transaksi/03/02 Tipe Alamat"), Keys.chord(ENTER)): Keys 'ENTER + ' sent to object: 'Object Repository/GoAmlReport/08 Identitas Orang Mewakili Transaksi/03/02 Tipe Alamat'

2020-09-02 12:02:35 - [MESSAGE][PASSED] - Keys 'ENTER + ' sent to object: 'Object Repository/GoAmlReport/08 Identitas Orang Mewakili Transaksi/03/02 Tipe Alamat'

2020-09-02 12:02:35 - [TEST_STEP][PASSED] - setText(findTestObject("GoAmlReport/08 Identitas Orang Mewakili Transaksi/03/03 Alamat"), "Jl. sdhjsadkjsnadklsandkjasd"): Text 'Jl. sdhjsadkjsnadklsandkjasd' is set on object 'Object Repository/GoAmlReport/08 Identitas Orang Mewakili Transaksi/03/03 Alamat'

2020-09-02 12:02:36 - [MESSAGE][PASSED] - Text 'Jl. sdhjsadkjsnadklsandkjasd' is set on object 'Object Repository/GoAmlReport/08 Identitas Orang Mewakili Transaksi/03/03 Alamat'

2020-09-02 12:02:36 - [TEST_STEP][PASSED] - setText(findTestObject("GoAmlReport/08 Identitas Orang Mewakili Transaksi/03/05 Kota"), "Jakarta"): Text 'Jakarta' is set on object 'Object Repository/GoAmlReport/08 Identitas Orang Mewakili Transaksi/03/05 Kota'

2020-09-02 12:02:36 - [MESSAGE][PASSED] - Text 'Jakarta' is set on object 'Object Repository/GoAmlReport/08 Identitas Orang Mewakili Transaksi/03/05 Kota'

2020-09-02 12:02:36 - [TEST_STEP][PASSED] - setText(findTestObject("GoAmlReport/08 Identitas Orang Mewakili Transaksi/03/07 Negara"), "ID - INDONESIA"): Text 'ID - INDONESIA' is set on object 'Object Repository/GoAmlReport/08 Identitas Orang Mewakili Transaksi/03/07 Negara'

2020-09-02 12:02:37 - [MESSAGE][PASSED] - Text 'ID - INDONESIA' is set on object 'Object Repository/GoAmlReport/08 Identitas Orang Mewakili Transaksi/03/07 Negara'

2020-09-02 12:02:37 - [TEST_STEP][PASSED] - delay(3): Delayed 3 second(s)

2020-09-02 12:02:40 - [MESSAGE][PASSED] - Delayed 3 second(s)

2020-09-02 12:02:40 - [TEST_STEP][PASSED] - sendKeys(findTestObject("GoAmlReport/08 Identitas Orang Mewakili Transaksi/03/07 Negara"), Keys.chord(ENTER)): Keys 'ENTER + ' sent to object: 'Object Repository/GoAmlReport/08 Identitas Orang Mewakili Transaksi/03/07 Negara'

2020-09-02 12:02:41 - [MESSAGE][PASSED] - Keys 'ENTER + ' sent to object: 'Object Repository/GoAmlReport/08 Identitas Orang Mewakili Transaksi/03/07 Negara'

2020-09-02 12:02:41 - [TEST_STEP][PASSED] - delay(2): Delayed 2 second(s)

2020-09-02 12:02:43 - [MESSAGE][PASSED] - Delayed 2 second(s)

2020-09-02 12:02:43 - [TEST_STEP][PASSED] - click(findTestObject("GoAmlReport/08 Identitas Orang Mewakili Transaksi/03/10 Save")): Object: 'Object Repository/GoAmlReport/08 Identitas Orang Mewakili Transaksi/03/10 Save' is clicked on

2020-09-02 12:02:43 - [MESSAGE][PASSED] - Object: 'Object Repository/GoAmlReport/08 Identitas Orang Mewakili Transaksi/03/10 Save' is clicked on

2020-09-02 12:02:43 - [TEST_STEP][PASSED] - delay(2): Delayed 2 second(s)

2020-09-02 12:02:45 - [MESSAGE][PASSED] - Delayed 2 second(s)

2020-09-02 12:02:45 - [TEST_STEP][PASSED] - scrollToElement(findTestObject("GoAmlReport/08 Identitas Orang Mewakili Transaksi/05/01 Add"), 3): Scroll to object 'Object Repository/GoAmlReport/08 Identitas Orang Mewakili Transaksi/05/01 Add' successfully

2020-09-02 12:02:46 - [MESSAGE][PASSED] - Scroll to object 'Object Repository/GoAmlReport/08 Identitas Orang Mewakili Transaksi/05/01 Add' successfully

2020-09-02 12:02:46 - [TEST_STEP][PASSED] - click(findTestObject("GoAmlReport/08 Identitas Orang Mewakili Transaksi/05/01 Add")): Object: 'Object Repository/GoAmlReport/08 Identitas Orang Mewakili Transaksi/05/01 Add' is clicked on

2020-09-02 12:02:46 - [MESSAGE][PASSED] - Object: 'Object Repository/GoAmlReport/08 Identitas Orang Mewakili Transaksi/05/01 Add' is clicked on

2020-09-02 12:02:46 - [TEST_STEP][PASSED] - delay(5): Delayed 5 second(s)

2020-09-02 12:02:51 - [MESSAGE][PASSED] - Delayed 5 second(s)

2020-09-02 12:02:51 - [TEST_STEP][PASSED] - setText(findTestObject("GoAmlReport/08 Identitas Orang Mewakili Transaksi/05/02 Tipe Alamat"), "K - Kantor"): Text 'K - Kantor' is set on object 'Object Repository/GoAmlReport/08 Identitas Orang Mewakili Transaksi/05/02 Tipe Alamat'

2020-09-02 12:02:52 - [MESSAGE][PASSED] - Text 'K - Kantor' is set on object 'Object Repository/GoAmlReport/08 Identitas Orang Mewakili Transaksi/05/02 Tipe Alamat'

2020-09-02 12:02:52 - [TEST_STEP][PASSED] - delay(3): Delayed 3 second(s)

2020-09-02 12:02:55 - [MESSAGE][PASSED] - Delayed 3 second(s)

2020-09-02 12:02:55 - [TEST_STEP][PASSED] - sendKeys(findTestObject("GoAmlReport/08 Identitas Orang Mewakili Transaksi/05/02 Tipe Alamat"), Keys.chord(ENTER)): Keys 'ENTER + ' sent to object: 'Object Repository/GoAmlReport/08 Identitas Orang Mewakili Transaksi/05/02 Tipe Alamat'

2020-09-02 12:02:56 - [MESSAGE][PASSED] - Keys 'ENTER + ' sent to object: 'Object Repository/GoAmlReport/08 Identitas Orang Mewakili Transaksi/05/02 Tipe Alamat'

2020-09-02 12:02:56 - [TEST_STEP][PASSED] - setText(findTestObject("GoAmlReport/08 Identitas Orang Mewakili Transaksi/05/03 Alamat"), "Tangerang"): Text 'Tangerang' is set on object 'Object Repository/GoAmlReport/08 Identitas Orang Mewakili Transaksi/05/03 Alamat'

2020-09-02 12:02:56 - [MESSAGE][PASSED] - Text 'Tangerang' is set on object 'Object Repository/GoAmlReport/08 Identitas Orang Mewakili Transaksi/05/03 Alamat'

2020-09-02 12:02:56 - [TEST_STEP][PASSED] - setText(findTestObject("GoAmlReport/08 Identitas Orang Mewakili Transaksi/05/05 Kota"), "Tgrng"): Text 'Tgrng' is set on object 'Object Repository/GoAmlReport/08 Identitas Orang Mewakili Transaksi/05/05 Kota'

2020-09-02 12:02:57 - [MESSAGE][PASSED] - Text 'Tgrng' is set on object 'Object Repository/GoAmlReport/08 Identitas Orang Mewakili Transaksi/05/05 Kota'

2020-09-02 12:02:57 - [TEST_STEP][PASSED] - setText(findTestObject("GoAmlReport/08 Identitas Orang Mewakili Transaksi/05/07 Negara"), "ID - INDONESIA"): Text 'ID - INDONESIA' is set on object 'Object Repository/GoAmlReport/08 Identitas Orang Mewakili Transaksi/05/07 Negara'

2020-09-02 12:02:58 - [MESSAGE][PASSED] - Text 'ID - INDONESIA' is set on object 'Object Repository/GoAmlReport/08 Identitas Orang Mewakili Transaksi/05/07 Negara'

2020-09-02 12:02:58 - [TEST_STEP][PASSED] - delay(3): Delayed 3 second(s)

2020-09-02 12:03:01 - [MESSAGE][PASSED] - Delayed 3 second(s)

2020-09-02 12:03:01 - [TEST_STEP][PASSED] - sendKeys(findTestObject("GoAmlReport/08 Identitas Orang Mewakili Transaksi/05/07 Negara"), Keys.chord(ENTER)): Keys 'ENTER + ' sent to object: 'Object Repository/GoAmlReport/08 Identitas Orang Mewakili Transaksi/05/07 Negara'

2020-09-02 12:03:01 - [MESSAGE][PASSED] - Keys 'ENTER + ' sent to object: 'Object Repository/GoAmlReport/08 Identitas Orang Mewakili Transaksi/05/07 Negara'

2020-09-02 12:03:01 - [TEST_STEP][PASSED] - click(findTestObject("GoAmlReport/08 Identitas Orang Mewakili Transaksi/05/10 Save")): Object: 'Object Repository/GoAmlReport/08 Identitas Orang Mewakili Transaksi/05/10 Save' is clicked on

2020-09-02 12:03:02 - [MESSAGE][PASSED] - Object: 'Object Repository/GoAmlReport/08 Identitas Orang Mewakili Transaksi/05/10 Save' is clicked on

2020-09-02 12:03:02 - [TEST_STEP][PASSED] - delay(3): Delayed 3 second(s)

2020-09-02 12:03:05 - [MESSAGE][PASSED] - Delayed 3 second(s)

2020-09-02 12:03:05 - [TEST_STEP][PASSED] - scrollToElement(findTestObject("GoAmlReport/08 Identitas Orang Mewakili Transaksi/06/01 Add"), 3): Scroll to object 'Object Repository/GoAmlReport/08 Identitas Orang Mewakili Transaksi/06/01 Add' successfully

2020-09-02 12:03:05 - [MESSAGE][PASSED] - Scroll to object 'Object Repository/GoAmlReport/08 Identitas Orang Mewakili Transaksi/06/01 Add' successfully

2020-09-02 12:03:05 - [TEST_STEP][PASSED] - click(findTestObject("GoAmlReport/08 Identitas Orang Mewakili Transaksi/06/01 Add")): Object: 'Object Repository/GoAmlReport/08 Identitas Orang Mewakili Transaksi/06/01 Add' is clicked on

2020-09-02 12:03:05 - [MESSAGE][PASSED] - Object: 'Object Repository/GoAmlReport/08 Identitas Orang Mewakili Transaksi/06/01 Add' is clicked on

2020-09-02 12:03:05 - [TEST_STEP][PASSED] - delay(3): Delayed 3 second(s)

2020-09-02 12:03:08 - [MESSAGE][PASSED] - Delayed 3 second(s)

2020-09-02 12:03:08 - [TEST_STEP][PASSED] - setText(findTestObject("GoAmlReport/08 Identitas Orang Mewakili Transaksi/06/02 Kategori Kontak"), "R - Rumah"): Text 'R - Rumah' is set on object 'Object Repository/GoAmlReport/08 Identitas Orang Mewakili Transaksi/06/02 Kategori Kontak'

2020-09-02 12:03:09 - [MESSAGE][PASSED] - Text 'R - Rumah' is set on object 'Object Repository/GoAmlReport/08 Identitas Orang Mewakili Transaksi/06/02 Kategori Kontak'

2020-09-02 12:03:09 - [TEST_STEP][PASSED] - delay(3): Delayed 3 second(s)

2020-09-02 12:03:12 - [MESSAGE][PASSED] - Delayed 3 second(s)

2020-09-02 12:03:12 - [TEST_STEP][PASSED] - sendKeys(findTestObject("GoAmlReport/08 Identitas Orang Mewakili Transaksi/06/02 Kategori Kontak"), Keys.chord(ENTER)): Keys 'ENTER + ' sent to object: 'Object Repository/GoAmlReport/08 Identitas Orang Mewakili Transaksi/06/02 Kategori Kontak'

2020-09-02 12:03:13 - [MESSAGE][PASSED] - Keys 'ENTER + ' sent to object: 'Object Repository/GoAmlReport/08 Identitas Orang Mewakili Transaksi/06/02 Kategori Kontak'

2020-09-02 12:03:13 - [TEST_STEP][PASSED] - setText(findTestObject("GoAmlReport/08 Identitas Orang Mewakili Transaksi/06/03 Alat Komunikasi"), "MOB - Mobile"): Text 'MOB - Mobile' is set on object 'Object Repository/GoAmlReport/08 Identitas Orang Mewakili Transaksi/06/03 Alat Komunikasi'

2020-09-02 12:03:14 - [MESSAGE][PASSED] - Text 'MOB - Mobile' is set on object 'Object Repository/GoAmlReport/08 Identitas Orang Mewakili Transaksi/06/03 Alat Komunikasi'

2020-09-02 12:03:14 - [TEST_STEP][PASSED] - delay(3): Delayed 3 second(s)

2020-09-02 12:03:17 - [MESSAGE][PASSED] - Delayed 3 second(s)

2020-09-02 12:03:17 - [TEST_STEP][PASSED] - sendKeys(findTestObject("GoAmlReport/08 Identitas Orang Mewakili Transaksi/06/03 Alat Komunikasi"), Keys.chord(ENTER)): Keys 'ENTER + ' sent to object: 'Object Repository/GoAmlReport/08 Identitas Orang Mewakili Transaksi/06/03 Alat Komunikasi'

2020-09-02 12:03:17 - [MESSAGE][PASSED] - Keys 'ENTER + ' sent to object: 'Object Repository/GoAmlReport/08 Identitas Orang Mewakili Transaksi/06/03 Alat Komunikasi'

2020-09-02 12:03:17 - [TEST_STEP][PASSED] - setText(findTestObject("GoAmlReport/08 Identitas Orang Mewakili Transaksi/06/04 Nomor Telepon"), "089234789233"): Text '089234789233' is set on object 'Object Repository/GoAmlReport/08 Identitas Orang Mewakili Transaksi/06/04 Nomor Telepon'

2020-09-02 12:03:18 - [MESSAGE][PASSED] - Text '089234789233' is set on object 'Object Repository/GoAmlReport/08 Identitas Orang Mewakili Transaksi/06/04 Nomor Telepon'

2020-09-02 12:03:18 - [TEST_STEP][PASSED] - click(findTestObject("GoAmlReport/08 Identitas Orang Mewakili Transaksi/06/07 Save"), STOP_ON_FAILURE): Object: 'Object Repository/GoAmlReport/08 Identitas Orang Mewakili Transaksi/06/07 Save' is clicked on

2020-09-02 12:03:19 - [MESSAGE][PASSED] - Object: 'Object Repository/GoAmlReport/08 Identitas Orang Mewakili Transaksi/06/07 Save' is clicked on

2020-09-02 12:03:19 - [TEST_STEP][PASSED] - delay(3): Delayed 3 second(s)

2020-09-02 12:03:22 - [MESSAGE][PASSED] - Delayed 3 second(s)

2020-09-02 12:03:22 - [TEST_STEP][PASSED] - scrollToElement(findTestObject("GoAmlReport/08 Identitas Orang Mewakili Transaksi/07/01 Add"), 3): Scroll to object 'Object Repository/GoAmlReport/08 Identitas Orang Mewakili Transaksi/07/01 Add' successfully

2020-09-02 12:03:22 - [MESSAGE][PASSED] - Scroll to object 'Object Repository/GoAmlReport/08 Identitas Orang Mewakili Transaksi/07/01 Add' successfully

2020-09-02 12:03:22 - [TEST_STEP][PASSED] - click(findTestObject("GoAmlReport/08 Identitas Orang Mewakili Transaksi/07/01 Add")): Object: 'Object Repository/GoAmlReport/08 Identitas Orang Mewakili Transaksi/07/01 Add' is clicked on

2020-09-02 12:03:23 - [MESSAGE][PASSED] - Object: 'Object Repository/GoAmlReport/08 Identitas Orang Mewakili Transaksi/07/01 Add' is clicked on

2020-09-02 12:03:23 - [TEST_STEP][PASSED] - delay(3): Delayed 3 second(s)

2020-09-02 12:03:26 - [MESSAGE][PASSED] - Delayed 3 second(s)

2020-09-02 12:03:26 - [TEST_STEP][PASSED] - setText(findTestObject("GoAmlReport/08 Identitas Orang Mewakili Transaksi/07/02 Jenis Dokumen Identitas"), "SUKET - Surat Keterangan Kependudukan"): Text 'SUKET - Surat Keterangan Kependudukan' is set on object 'Object Repository/GoAmlReport/08 Identitas Orang Mewakili Transaksi/07/02 Jenis Dokumen Identitas'

2020-09-02 12:03:27 - [MESSAGE][PASSED] - Text 'SUKET - Surat Keterangan Kependudukan' is set on object 'Object Repository/GoAmlReport/08 Identitas Orang Mewakili Transaksi/07/02 Jenis Dokumen Identitas'

2020-09-02 12:03:27 - [TEST_STEP][PASSED] - delay(3): Delayed 3 second(s)

2020-09-02 12:03:30 - [MESSAGE][PASSED] - Delayed 3 second(s)

2020-09-02 12:03:30 - [TEST_STEP][PASSED] - sendKeys(findTestObject("GoAmlReport/08 Identitas Orang Mewakili Transaksi/07/02 Jenis Dokumen Identitas"), Keys.chord(ENTER)): Keys 'ENTER + ' sent to object: 'Object Repository/GoAmlReport/08 Identitas Orang Mewakili Transaksi/07/02 Jenis Dokumen Identitas'

2020-09-02 12:03:30 - [MESSAGE][PASSED] - Keys 'ENTER + ' sent to object: 'Object Repository/GoAmlReport/08 Identitas Orang Mewakili Transaksi/07/02 Jenis Dokumen Identitas'

2020-09-02 12:03:30 - [TEST_STEP][PASSED] - setText(findTestObject("GoAmlReport/08 Identitas Orang Mewakili Transaksi/07/02 No Identitas"), "12321444"): Text '12321444' is set on object 'Object Repository/GoAmlReport/08 Identitas Orang Mewakili Transaksi/07/02 No Identitas'

2020-09-02 12:03:31 - [MESSAGE][PASSED] - Text '12321444' is set on object 'Object Repository/GoAmlReport/08 Identitas Orang Mewakili Transaksi/07/02 No Identitas'

2020-09-02 12:03:31 - [TEST_STEP][PASSED] - setText(findTestObject("GoAmlReport/08 Identitas Orang Mewakili Transaksi/07/06 Negara Penerbit Identitas"), "ID - INDONESIA"): Text 'ID - INDONESIA' is set on object 'Object Repository/GoAmlReport/08 Identitas Orang Mewakili Transaksi/07/06 Negara Penerbit Identitas'

2020-09-02 12:03:32 - [MESSAGE][PASSED] - Text 'ID - INDONESIA' is set on object 'Object Repository/GoAmlReport/08 Identitas Orang Mewakili Transaksi/07/06 Negara Penerbit Identitas'

2020-09-02 12:03:32 - [TEST_STEP][PASSED] - delay(3): Delayed 3 second(s)

2020-09-02 12:03:35 - [MESSAGE][PASSED] - Delayed 3 second(s)

2020-09-02 12:03:35 - [TEST_STEP][PASSED] - sendKeys(findTestObject("GoAmlReport/08 Identitas Orang Mewakili Transaksi/07/06 Negara Penerbit Identitas"), Keys.chord(ENTER)): Keys 'ENTER + ' sent to object: 'Object Repository/GoAmlReport/08 Identitas Orang Mewakili Transaksi/07/06 Negara Penerbit Identitas'

2020-09-02 12:03:35 - [MESSAGE][PASSED] - Keys 'ENTER + ' sent to object: 'Object Repository/GoAmlReport/08 Identitas Orang Mewakili Transaksi/07/06 Negara Penerbit Identitas'

2020-09-02 12:03:35 - [TEST_STEP][PASSED] - click(findTestObject("GoAmlReport/08 Identitas Orang Mewakili Transaksi/07/08 Save"), STOP_ON_FAILURE): Object: 'Object Repository/GoAmlReport/08 Identitas Orang Mewakili Transaksi/07/08 Save' is clicked on

2020-09-02 12:03:36 - [MESSAGE][PASSED] - Object: 'Object Repository/GoAmlReport/08 Identitas Orang Mewakili Transaksi/07/08 Save' is clicked on

2020-09-02 12:03:36 - [MESSAGE][PASSED] - Call Test Case 'Test Cases/Identitas Orang Mewakili Transaksi' successfully

2020-09-02 12:03:36 - [TEST_STEP][PASSED] - callTestCase(findTestCase("GoAML Report 4"), [:], STOP_ON_FAILURE): Call Test Case 'Test Cases/GoAML Report 4' successfully

2020-09-02 12:03:36 - [TEST_CASE][PASSED] - Test Cases/GoAML Report 4: Test Cases/GoAML Report 4

2020-09-02 12:03:36 - [TEST_STEP][PASSED] - for ([rowNum = 1, rowNum <= findTestData("GoAMLReport/Transaksi").getRowNumbers(), (rowNum++)]): Delayed 2 second(s)

2020-09-02 12:03:36 - [TEST_STEP][PASSED] - delay(6): Delayed 6 second(s)

2020-09-02 12:03:42 - [MESSAGE][PASSED] - Delayed 6 second(s)

2020-09-02 12:03:42 - [TEST_STEP][PASSED] - if (findTestData("GoAMLReport/Transaksi").getValue(1, rowNum) == "true"): Keys 'ENTER + ' sent to object: 'Object Repository/GoAmlReport/03 Identitas Pengirim/07 Negara Trx Asal'

2020-09-02 12:03:42 - [TEST_STEP][PASSED] - if (findTestData("GoAMLReport/Transaksi").getValue(6, rowNum) == "true"): null

2020-09-02 12:03:42 - [TEST_STEP][PASSED] - if (findTestData("GoAMLReport/Transaksi").getValue(7, rowNum) == "uang tunai"): Keys 'ENTER + ' sent to object: 'Object Repository/GoAmlReport/03 Identitas Pengirim/02 Ins Trx Asal'

2020-09-02 12:03:42 - [TEST_STEP][PASSED] - setText(findTestObject("GoAmlReport/03 Identitas Pengirim/02 Ins Trx Asal"), "Uang Tunai"): Text 'Uang Tunai' is set on object 'Object Repository/GoAmlReport/03 Identitas Pengirim/02 Ins Trx Asal'

2020-09-02 12:03:43 - [MESSAGE][PASSED] - Text 'Uang Tunai' is set on object 'Object Repository/GoAmlReport/03 Identitas Pengirim/02 Ins Trx Asal'

2020-09-02 12:03:43 - [TEST_STEP][PASSED] - delay(3): Delayed 3 second(s)

2020-09-02 12:03:46 - [MESSAGE][PASSED] - Delayed 3 second(s)

2020-09-02 12:03:46 - [TEST_STEP][PASSED] - sendKeys(findTestObject("GoAmlReport/03 Identitas Pengirim/02 Ins Trx Asal"), Keys.chord(ENTER)): Keys 'ENTER + ' sent to object: 'Object Repository/GoAmlReport/03 Identitas Pengirim/02 Ins Trx Asal'

2020-09-02 12:03:46 - [MESSAGE][PASSED] - Keys 'ENTER + ' sent to object: 'Object Repository/GoAmlReport/03 Identitas Pengirim/02 Ins Trx Asal'

2020-09-02 12:03:46 - [TEST_STEP][PASSED] - if (findTestData("GoAMLReport/Transaksi").getValue(7, rowNum) == "rekening"): null

2020-09-02 12:03:46 - [TEST_STEP][PASSED] - setText(findTestObject("GoAmlReport/03 Identitas Pengirim/05 Nominal Valas"), "500000"): Text '500000' is set on object 'Object Repository/GoAmlReport/03 Identitas Pengirim/05 Nominal Valas'

2020-09-02 12:03:47 - [MESSAGE][PASSED] - Text '500000' is set on object 'Object Repository/GoAmlReport/03 Identitas Pengirim/05 Nominal Valas'

2020-09-02 12:03:47 - [TEST_STEP][PASSED] - delay(3): Delayed 3 second(s)

2020-09-02 12:03:50 - [MESSAGE][PASSED] - Delayed 3 second(s)

2020-09-02 12:03:50 - [TEST_STEP][PASSED] - setText(findTestObject("GoAmlReport/03 Identitas Pengirim/06 Kurs"), "nope"): Text 'nope' is set on object 'Object Repository/GoAmlReport/03 Identitas Pengirim/06 Kurs'

2020-09-02 12:03:51 - [MESSAGE][PASSED] - Text 'nope' is set on object 'Object Repository/GoAmlReport/03 Identitas Pengirim/06 Kurs'

2020-09-02 12:03:51 - [TEST_STEP][PASSED] - setText(findTestObject("GoAmlReport/03 Identitas Pengirim/999 Mata Uang Asing"), "INR - Indian Rupee"): Text 'INR - Indian Rupee' is set on object 'Object Repository/GoAmlReport/03 Identitas Pengirim/999 Mata Uang Asing'

2020-09-02 12:03:52 - [MESSAGE][PASSED] - Text 'INR - Indian Rupee' is set on object 'Object Repository/GoAmlReport/03 Identitas Pengirim/999 Mata Uang Asing'

2020-09-02 12:03:52 - [TEST_STEP][PASSED] - delay(3): Delayed 3 second(s)

2020-09-02 12:03:55 - [MESSAGE][PASSED] - Delayed 3 second(s)

2020-09-02 12:03:55 - [TEST_STEP][PASSED] - sendKeys(findTestObject("GoAmlReport/03 Identitas Pengirim/999 Mata Uang Asing"), Keys.chord(ENTER)): Keys 'ENTER + ' sent to object: 'Object Repository/GoAmlReport/03 Identitas Pengirim/999 Mata Uang Asing'

2020-09-02 12:03:55 - [MESSAGE][PASSED] - Keys 'ENTER + ' sent to object: 'Object Repository/GoAmlReport/03 Identitas Pengirim/999 Mata Uang Asing'

2020-09-02 12:03:55 - [TEST_STEP][PASSED] - setText(findTestObject("GoAmlReport/03 Identitas Pengirim/07 Negara Trx Asal"), "INDONE"): Text 'INDONE' is set on object 'Object Repository/GoAmlReport/03 Identitas Pengirim/07 Negara Trx Asal'

2020-09-02 12:03:56 - [MESSAGE][PASSED] - Text 'INDONE' is set on object 'Object Repository/GoAmlReport/03 Identitas Pengirim/07 Negara Trx Asal'

2020-09-02 12:03:56 - [TEST_STEP][PASSED] - delay(3): Delayed 3 second(s)

2020-09-02 12:03:59 - [MESSAGE][PASSED] - Delayed 3 second(s)

2020-09-02 12:03:59 - [TEST_STEP][PASSED] - sendKeys(findTestObject("GoAmlReport/03 Identitas Pengirim/07 Negara Trx Asal"), Keys.chord(ENTER)): Keys 'ENTER + ' sent to object: 'Object Repository/GoAmlReport/03 Identitas Pengirim/07 Negara Trx Asal'

2020-09-02 12:03:59 - [MESSAGE][PASSED] - Keys 'ENTER + ' sent to object: 'Object Repository/GoAmlReport/03 Identitas Pengirim/07 Negara Trx Asal'

2020-09-02 12:03:59 - [TEST_STEP][PASSED] - if (findTestData("GoAMLReport/Transaksi").getValue(8, rowNum) == "person"): null

2020-09-02 12:03:59 - [TEST_STEP][PASSED] - if (findTestData("GoAMLReport/Transaksi").getValue(8, rowNum) == "account"): null

2020-09-02 12:03:59 - [TEST_STEP][PASSED] - if (findTestData("GoAMLReport/Transaksi").getValue(8, rowNum) == "entity"): Delayed 2 second(s)

2020-09-02 12:03:59 - [TEST_STEP][PASSED] - setText(findTestObject("GoAmlReport/03 Identitas Pengirim/09 Informasi Pengirim"), findTestData("GoAMLReport/Transaksi").getValue(8, rowNum)): Text 'entity' is set on object 'Object Repository/GoAmlReport/03 Identitas Pengirim/09 Informasi Pengirim'

2020-09-02 12:04:00 - [MESSAGE][PASSED] - Text 'entity' is set on object 'Object Repository/GoAmlReport/03 Identitas Pengirim/09 Informasi Pengirim'

2020-09-02 12:04:00 - [TEST_STEP][PASSED] - delay(8): Delayed 8 second(s)

2020-09-02 12:04:08 - [MESSAGE][PASSED] - Delayed 8 second(s)

2020-09-02 12:04:08 - [TEST_STEP][PASSED] - sendKeys(findTestObject("GoAmlReport/03 Identitas Pengirim/09 Informasi Pengirim"), Keys.chord(ENTER)): Keys 'ENTER + ' sent to object: 'Object Repository/GoAmlReport/03 Identitas Pengirim/09 Informasi Pengirim'

2020-09-02 12:04:09 - [MESSAGE][PASSED] - Keys 'ENTER + ' sent to object: 'Object Repository/GoAmlReport/03 Identitas Pengirim/09 Informasi Pengirim'

2020-09-02 12:04:09 - [TEST_STEP][PASSED] - delay(5): Delayed 5 second(s)

2020-09-02 12:04:14 - [MESSAGE][PASSED] - Delayed 5 second(s)

2020-09-02 12:04:14 - [TEST_STEP][PASSED] - setText(findTestObject("GoAmlReport/07 Entity/Account From/01 Nama Korporasi"), "Simpan Pinjam"): Text 'Simpan Pinjam' is set on object 'Object Repository/GoAmlReport/07 Entity/Account From/01 Nama Korporasi'

2020-09-02 12:04:15 - [MESSAGE][PASSED] - Text 'Simpan Pinjam' is set on object 'Object Repository/GoAmlReport/07 Entity/Account From/01 Nama Korporasi'

2020-09-02 12:04:15 - [TEST_STEP][PASSED] - setText(findTestObject("GoAmlReport/07 Entity/Account From/02 Bentuk Korporasi"), "PD - Perusahaan Daerah"): Text 'PD - Perusahaan Daerah' is set on object 'Object Repository/GoAmlReport/07 Entity/Account From/02 Bentuk Korporasi'

2020-09-02 12:04:16 - [MESSAGE][PASSED] - Text 'PD - Perusahaan Daerah' is set on object 'Object Repository/GoAmlReport/07 Entity/Account From/02 Bentuk Korporasi'

2020-09-02 12:04:16 - [TEST_STEP][PASSED] - delay(3): Delayed 3 second(s)

2020-09-02 12:04:19 - [MESSAGE][PASSED] - Delayed 3 second(s)

2020-09-02 12:04:19 - [TEST_STEP][PASSED] - sendKeys(findTestObject("GoAmlReport/07 Entity/Account From/02 Bentuk Korporasi"), Keys.chord(ENTER)): Keys 'ENTER + ' sent to object: 'Object Repository/GoAmlReport/07 Entity/Account From/02 Bentuk Korporasi'

2020-09-02 12:04:19 - [MESSAGE][PASSED] - Keys 'ENTER + ' sent to object: 'Object Repository/GoAmlReport/07 Entity/Account From/02 Bentuk Korporasi'

2020-09-02 12:04:19 - [TEST_STEP][PASSED] - setText(findTestObject("GoAmlReport/07 Entity/Account From/03 Bidang Usaha"), "Rentenir"): Text 'Rentenir' is set on object 'Object Repository/GoAmlReport/07 Entity/Account From/03 Bidang Usaha'

2020-09-02 12:04:20 - [MESSAGE][PASSED] - Text 'Rentenir' is set on object 'Object Repository/GoAmlReport/07 Entity/Account From/03 Bidang Usaha'

2020-09-02 12:04:20 - [TEST_STEP][PASSED] - setText(findTestObject("GoAmlReport/07 Entity/Account From/03 Negara"), "indone"): Text 'indone' is set on object 'Object Repository/GoAmlReport/07 Entity/Account From/03 Negara'

2020-09-02 12:04:21 - [MESSAGE][PASSED] - Text 'indone' is set on object 'Object Repository/GoAmlReport/07 Entity/Account From/03 Negara'

2020-09-02 12:04:21 - [TEST_STEP][PASSED] - delay(3): Delayed 3 second(s)

2020-09-02 12:04:24 - [MESSAGE][PASSED] - Delayed 3 second(s)

2020-09-02 12:04:24 - [TEST_STEP][PASSED] - sendKeys(findTestObject("GoAmlReport/07 Entity/Account From/03 Negara"), Keys.chord(ENTER)): Keys 'ENTER + ' sent to object: 'Object Repository/GoAmlReport/07 Entity/Account From/03 Negara'

2020-09-02 12:04:24 - [MESSAGE][PASSED] - Keys 'ENTER + ' sent to object: 'Object Repository/GoAmlReport/07 Entity/Account From/03 Negara'

2020-09-02 12:04:24 - [TEST_STEP][PASSED] - setText(findTestObject("GoAmlReport/07 Entity/Account From/04 NPWP"), "123213123"): Text '123213123' is set on object 'Object Repository/GoAmlReport/07 Entity/Account From/04 NPWP'

2020-09-02 12:04:25 - [MESSAGE][PASSED] - Text '123213123' is set on object 'Object Repository/GoAmlReport/07 Entity/Account From/04 NPWP'

2020-09-02 12:04:25 - [TEST_STEP][PASSED] - scrollToElement(findTestObject("GoAmlReport/07 Entity/Account Tab From/01 Telepon/Tambah Telepon"), 3): Scroll to object 'Object Repository/GoAmlReport/07 Entity/Account Tab From/01 Telepon/Tambah Telepon' successfully

2020-09-02 12:04:25 - [MESSAGE][PASSED] - Scroll to object 'Object Repository/GoAmlReport/07 Entity/Account Tab From/01 Telepon/Tambah Telepon' successfully

2020-09-02 12:04:25 - [TEST_STEP][PASSED] - click(findTestObject("GoAmlReport/07 Entity/Account Tab From/01 Telepon/Tambah Telepon")): Object: 'Object Repository/GoAmlReport/07 Entity/Account Tab From/01 Telepon/Tambah Telepon' is clicked on

2020-09-02 12:04:26 - [MESSAGE][PASSED] - Object: 'Object Repository/GoAmlReport/07 Entity/Account Tab From/01 Telepon/Tambah Telepon' is clicked on

2020-09-02 12:04:26 - [TEST_STEP][PASSED] - delay(5): Delayed 5 second(s)

2020-09-02 12:04:31 - [MESSAGE][PASSED] - Delayed 5 second(s)

2020-09-02 12:04:31 - [TEST_STEP][PASSED] - setText(findTestObject("GoAmlReport/07 Entity/Account Tab From/01 Telepon/01 Kategori Kontak"), "D - Domisili"): Text 'D - Domisili' is set on object 'Object Repository/GoAmlReport/07 Entity/Account Tab From/01 Telepon/01 Kategori Kontak'

2020-09-02 12:04:32 - [MESSAGE][PASSED] - Text 'D - Domisili' is set on object 'Object Repository/GoAmlReport/07 Entity/Account Tab From/01 Telepon/01 Kategori Kontak'

2020-09-02 12:04:32 - [TEST_STEP][PASSED] - delay(3): Delayed 3 second(s)

2020-09-02 12:04:35 - [MESSAGE][PASSED] - Delayed 3 second(s)

2020-09-02 12:04:35 - [TEST_STEP][PASSED] - sendKeys(findTestObject("GoAmlReport/07 Entity/Account Tab From/01 Telepon/01 Kategori Kontak"), Keys.chord(ENTER)): Keys 'ENTER + ' sent to object: 'Object Repository/GoAmlReport/07 Entity/Account Tab From/01 Telepon/01 Kategori Kontak'

2020-09-02 12:04:35 - [MESSAGE][PASSED] - Keys 'ENTER + ' sent to object: 'Object Repository/GoAmlReport/07 Entity/Account Tab From/01 Telepon/01 Kategori Kontak'

2020-09-02 12:04:35 - [TEST_STEP][PASSED] - setText(findTestObject("GoAmlReport/07 Entity/Account Tab From/01 Telepon/02 Alat Komunikasi"), "PSTN - PSTN"): Text 'PSTN - PSTN' is set on object 'Object Repository/GoAmlReport/07 Entity/Account Tab From/01 Telepon/02 Alat Komunikasi'

2020-09-02 12:04:36 - [MESSAGE][PASSED] - Text 'PSTN - PSTN' is set on object 'Object Repository/GoAmlReport/07 Entity/Account Tab From/01 Telepon/02 Alat Komunikasi'

2020-09-02 12:04:36 - [TEST_STEP][PASSED] - delay(3): Delayed 3 second(s)

2020-09-02 12:04:39 - [MESSAGE][PASSED] - Delayed 3 second(s)

2020-09-02 12:04:39 - [TEST_STEP][PASSED] - sendKeys(findTestObject("GoAmlReport/07 Entity/Account Tab From/01 Telepon/02 Alat Komunikasi"), Keys.chord(ENTER)): Keys 'ENTER + ' sent to object: 'Object Repository/GoAmlReport/07 Entity/Account Tab From/01 Telepon/02 Alat Komunikasi'

2020-09-02 12:04:39 - [MESSAGE][PASSED] - Keys 'ENTER + ' sent to object: 'Object Repository/GoAmlReport/07 Entity/Account Tab From/01 Telepon/02 Alat Komunikasi'

2020-09-02 12:04:39 - [TEST_STEP][PASSED] - setText(findTestObject("GoAmlReport/07 Entity/Account Tab From/01 Telepon/03 No Telepon"), "0986745632"): Text '0986745632' is set on object 'Object Repository/GoAmlReport/07 Entity/Account Tab From/01 Telepon/03 No Telepon'

2020-09-02 12:04:40 - [MESSAGE][PASSED] - Text '0986745632' is set on object 'Object Repository/GoAmlReport/07 Entity/Account Tab From/01 Telepon/03 No Telepon'

2020-09-02 12:04:40 - [TEST_STEP][PASSED] - delay(2): Delayed 2 second(s)

2020-09-02 12:04:42 - [MESSAGE][PASSED] - Delayed 2 second(s)

2020-09-02 12:04:42 - [TEST_STEP][PASSED] - scrollToElement(findTestObject("GoAmlReport/07 Entity/Account Tab From/01 Telepon/Save"), 3): Scroll to object 'Object Repository/GoAmlReport/07 Entity/Account Tab From/01 Telepon/Save' successfully

2020-09-02 12:04:42 - [MESSAGE][PASSED] - Scroll to object 'Object Repository/GoAmlReport/07 Entity/Account Tab From/01 Telepon/Save' successfully

2020-09-02 12:04:42 - [TEST_STEP][PASSED] - click(findTestObject("GoAmlReport/07 Entity/Account Tab From/01 Telepon/Save"), STOP_ON_FAILURE): Object: 'Object Repository/GoAmlReport/07 Entity/Account Tab From/01 Telepon/Save' is clicked on

2020-09-02 12:04:43 - [MESSAGE][PASSED] - Object: 'Object Repository/GoAmlReport/07 Entity/Account Tab From/01 Telepon/Save' is clicked on

2020-09-02 12:04:43 - [TEST_STEP][PASSED] - delay(3): Delayed 3 second(s)

2020-09-02 12:04:46 - [MESSAGE][PASSED] - Delayed 3 second(s)

2020-09-02 12:04:46 - [TEST_STEP][PASSED] - scrollToElement(findTestObject("GoAmlReport/07 Entity/Account Tab From/02 Alamat/span_Tambah Alamat"), 3): Scroll to object 'Object Repository/GoAmlReport/07 Entity/Account Tab From/02 Alamat/span_Tambah Alamat' successfully

2020-09-02 12:04:47 - [MESSAGE][PASSED] - Scroll to object 'Object Repository/GoAmlReport/07 Entity/Account Tab From/02 Alamat/span_Tambah Alamat' successfully

2020-09-02 12:04:47 - [TEST_STEP][PASSED] - click(findTestObject("GoAmlReport/07 Entity/Account Tab From/02 Alamat/span_Tambah Alamat")): Object: 'Object Repository/GoAmlReport/07 Entity/Account Tab From/02 Alamat/span_Tambah Alamat' is clicked on

2020-09-02 12:04:47 - [MESSAGE][PASSED] - Object: 'Object Repository/GoAmlReport/07 Entity/Account Tab From/02 Alamat/span_Tambah Alamat' is clicked on

2020-09-02 12:04:47 - [TEST_STEP][PASSED] - delay(5): Delayed 5 second(s)

2020-09-02 12:04:52 - [MESSAGE][PASSED] - Delayed 5 second(s)

2020-09-02 12:04:52 - [TEST_STEP][PASSED] - setText(findTestObject("GoAmlReport/07 Entity/Account Tab From/02 Alamat/01 Type Alamat"), "D - Domisili"): Text 'D - Domisili' is set on object 'Object Repository/GoAmlReport/07 Entity/Account Tab From/02 Alamat/01 Type Alamat'

2020-09-02 12:04:53 - [MESSAGE][PASSED] - Text 'D - Domisili' is set on object 'Object Repository/GoAmlReport/07 Entity/Account Tab From/02 Alamat/01 Type Alamat'

2020-09-02 12:04:53 - [TEST_STEP][PASSED] - delay(5): Delayed 5 second(s)

2020-09-02 12:04:58 - [MESSAGE][PASSED] - Delayed 5 second(s)

2020-09-02 12:04:58 - [TEST_STEP][PASSED] - sendKeys(findTestObject("GoAmlReport/07 Entity/Account Tab From/02 Alamat/01 Type Alamat"), Keys.chord(ENTER)): Keys 'ENTER + ' sent to object: 'Object Repository/GoAmlReport/07 Entity/Account Tab From/02 Alamat/01 Type Alamat'

2020-09-02 12:04:58 - [MESSAGE][PASSED] - Keys 'ENTER + ' sent to object: 'Object Repository/GoAmlReport/07 Entity/Account Tab From/02 Alamat/01 Type Alamat'

2020-09-02 12:04:58 - [TEST_STEP][PASSED] - setText(findTestObject("GoAmlReport/07 Entity/Account Tab From/02 Alamat/02 Alamat"), "Jl. sdhjsadkjsnadklsandkjasd"): Text 'Jl. sdhjsadkjsnadklsandkjasd' is set on object 'Object Repository/GoAmlReport/07 Entity/Account Tab From/02 Alamat/02 Alamat'

2020-09-02 12:04:59 - [MESSAGE][PASSED] - Text 'Jl. sdhjsadkjsnadklsandkjasd' is set on object 'Object Repository/GoAmlReport/07 Entity/Account Tab From/02 Alamat/02 Alamat'

2020-09-02 12:04:59 - [TEST_STEP][PASSED] - setText(findTestObject("GoAmlReport/07 Entity/Account Tab From/02 Alamat/03 Kota"), "Jakarta"): Text 'Jakarta' is set on object 'Object Repository/GoAmlReport/07 Entity/Account Tab From/02 Alamat/03 Kota'

2020-09-02 12:05:00 - [MESSAGE][PASSED] - Text 'Jakarta' is set on object 'Object Repository/GoAmlReport/07 Entity/Account Tab From/02 Alamat/03 Kota'

2020-09-02 12:05:00 - [TEST_STEP][PASSED] - setText(findTestObject("GoAmlReport/07 Entity/Account Tab From/02 Alamat/03 Negara"), "ID - INDONESIA"): Text 'ID - INDONESIA' is set on object 'Object Repository/GoAmlReport/07 Entity/Account Tab From/02 Alamat/03 Negara'

2020-09-02 12:05:01 - [MESSAGE][PASSED] - Text 'ID - INDONESIA' is set on object 'Object Repository/GoAmlReport/07 Entity/Account Tab From/02 Alamat/03 Negara'

2020-09-02 12:05:01 - [TEST_STEP][PASSED] - delay(3): Delayed 3 second(s)

2020-09-02 12:05:04 - [MESSAGE][PASSED] - Delayed 3 second(s)

2020-09-02 12:05:04 - [TEST_STEP][PASSED] - sendKeys(findTestObject("GoAmlReport/07 Entity/Account Tab From/02 Alamat/03 Negara"), Keys.chord(ENTER)): Keys 'ENTER + ' sent to object: 'Object Repository/GoAmlReport/07 Entity/Account Tab From/02 Alamat/03 Negara'

2020-09-02 12:05:04 - [MESSAGE][PASSED] - Keys 'ENTER + ' sent to object: 'Object Repository/GoAmlReport/07 Entity/Account Tab From/02 Alamat/03 Negara'

2020-09-02 12:05:04 - [TEST_STEP][PASSED] - delay(2): Delayed 2 second(s)

2020-09-02 12:05:06 - [MESSAGE][PASSED] - Delayed 2 second(s)

2020-09-02 12:05:06 - [TEST_STEP][PASSED] - click(findTestObject("GoAmlReport/07 Entity/Account Tab From/02 Alamat/save")): Object: 'Object Repository/GoAmlReport/07 Entity/Account Tab From/02 Alamat/save' is clicked on

2020-09-02 12:05:07 - [MESSAGE][PASSED] - Object: 'Object Repository/GoAmlReport/07 Entity/Account Tab From/02 Alamat/save' is clicked on

2020-09-02 12:05:07 - [TEST_STEP][PASSED] - scrollToElement(findTestObject("GoAmlReport/07 Entity/Account Tab From/03 Director/00 Add"), 3): Scroll to object 'Object Repository/GoAmlReport/07 Entity/Account Tab From/03 Director/00 Add' successfully

2020-09-02 12:05:07 - [MESSAGE][PASSED] - Scroll to object 'Object Repository/GoAmlReport/07 Entity/Account Tab From/03 Director/00 Add' successfully

2020-09-02 12:05:07 - [TEST_STEP][PASSED] - click(findTestObject("GoAmlReport/07 Entity/Account Tab From/03 Director/00 Add")): Object: 'Object Repository/GoAmlReport/07 Entity/Account Tab From/03 Director/00 Add' is clicked on

2020-09-02 12:05:08 - [MESSAGE][PASSED] - Object: 'Object Repository/GoAmlReport/07 Entity/Account Tab From/03 Director/00 Add' is clicked on

2020-09-02 12:05:08 - [TEST_STEP][PASSED] - delay(5): Delayed 5 second(s)

2020-09-02 12:05:13 - [MESSAGE][PASSED] - Delayed 5 second(s)

2020-09-02 12:05:13 - [TEST_STEP][PASSED] - setText(findTestObject("GoAmlReport/07 Entity/Account Tab From/03 Director/01 Jenis Kelamin"), "F - Female"): Text 'F - Female' is set on object 'Object Repository/GoAmlReport/07 Entity/Account Tab From/03 Director/01 Jenis Kelamin'

2020-09-02 12:05:14 - [MESSAGE][PASSED] - Text 'F - Female' is set on object 'Object Repository/GoAmlReport/07 Entity/Account Tab From/03 Director/01 Jenis Kelamin'

2020-09-02 12:05:14 - [TEST_STEP][PASSED] - delay(2): Delayed 2 second(s)

2020-09-02 12:05:16 - [MESSAGE][PASSED] - Delayed 2 second(s)

2020-09-02 12:05:16 - [TEST_STEP][PASSED] - sendKeys(findTestObject("GoAmlReport/07 Entity/Account Tab From/03 Director/01 Jenis Kelamin"), Keys.chord(ENTER)): Keys 'ENTER + ' sent to object: 'Object Repository/GoAmlReport/07 Entity/Account Tab From/03 Director/01 Jenis Kelamin'

2020-09-02 12:05:16 - [MESSAGE][PASSED] - Keys 'ENTER + ' sent to object: 'Object Repository/GoAmlReport/07 Entity/Account Tab From/03 Director/01 Jenis Kelamin'

2020-09-02 12:05:16 - [TEST_STEP][PASSED] - setText(findTestObject("GoAmlReport/07 Entity/Account Tab From/03 Director/10 Tanggal Lahir"), "01-Aug-96"): Text '01-Aug-96' is set on object 'Object Repository/GoAmlReport/07 Entity/Account Tab From/03 Director/10 Tanggal Lahir'

2020-09-02 12:05:17 - [MESSAGE][PASSED] - Text '01-Aug-96' is set on object 'Object Repository/GoAmlReport/07 Entity/Account Tab From/03 Director/10 Tanggal Lahir'

2020-09-02 12:05:17 - [TEST_STEP][PASSED] - delay(5): Delayed 5 second(s)

2020-09-02 12:05:22 - [MESSAGE][PASSED] - Delayed 5 second(s)

2020-09-02 12:05:22 - [TEST_STEP][PASSED] - sendKeys(findTestObject("GoAmlReport/07 Entity/Account Tab From/03 Director/10 Tanggal Lahir"), Keys.chord(ENTER)): Keys 'ENTER + ' sent to object: 'Object Repository/GoAmlReport/07 Entity/Account Tab From/03 Director/10 Tanggal Lahir'

2020-09-02 12:05:23 - [MESSAGE][PASSED] - Keys 'ENTER + ' sent to object: 'Object Repository/GoAmlReport/07 Entity/Account Tab From/03 Director/10 Tanggal Lahir'

2020-09-02 12:05:23 - [TEST_STEP][PASSED] - setText(findTestObject("GoAmlReport/07 Entity/Account Tab From/03 Director/12 Tempat Lahir"), "Jakarta"): Text 'Jakarta' is set on object 'Object Repository/GoAmlReport/07 Entity/Account Tab From/03 Director/12 Tempat Lahir'

2020-09-02 12:05:23 - [MESSAGE][PASSED] - Text 'Jakarta' is set on object 'Object Repository/GoAmlReport/07 Entity/Account Tab From/03 Director/12 Tempat Lahir'

2020-09-02 12:05:23 - [TEST_STEP][PASSED] - delay(5): Delayed 5 second(s)

2020-09-02 12:05:28 - [MESSAGE][PASSED] - Delayed 5 second(s)

2020-09-02 12:05:28 - [TEST_STEP][PASSED] - sendKeys(findTestObject("GoAmlReport/07 Entity/Account Tab From/03 Director/01 Jenis Kelamin"), Keys.chord(ENTER)): Keys 'ENTER + ' sent to object: 'Object Repository/GoAmlReport/07 Entity/Account Tab From/03 Director/01 Jenis Kelamin'

2020-09-02 12:05:29 - [MESSAGE][PASSED] - Keys 'ENTER + ' sent to object: 'Object Repository/GoAmlReport/07 Entity/Account Tab From/03 Director/01 Jenis Kelamin'

2020-09-02 12:05:29 - [TEST_STEP][PASSED] - setText(findTestObject("GoAmlReport/07 Entity/Account Tab From/03 Director/02 Nama Lengkap"), "Aman "): Text 'Aman ' is set on object 'Object Repository/GoAmlReport/07 Entity/Account Tab From/03 Director/02 Nama Lengkap'

2020-09-02 12:05:29 - [MESSAGE][PASSED] - Text 'Aman ' is set on object 'Object Repository/GoAmlReport/07 Entity/Account Tab From/03 Director/02 Nama Lengkap'

2020-09-02 12:05:29 - [TEST_STEP][PASSED] - setText(findTestObject("GoAmlReport/07 Entity/Account Tab From/03 Director/04 Kewarganegaraan"), "indone"): Text 'indone' is set on object 'Object Repository/GoAmlReport/07 Entity/Account Tab From/03 Director/04 Kewarganegaraan'

2020-09-02 12:05:30 - [MESSAGE][PASSED] - Text 'indone' is set on object 'Object Repository/GoAmlReport/07 Entity/Account Tab From/03 Director/04 Kewarganegaraan'

2020-09-02 12:05:30 - [TEST_STEP][PASSED] - delay(5): Delayed 5 second(s)

2020-09-02 12:05:35 - [MESSAGE][PASSED] - Delayed 5 second(s)

2020-09-02 12:05:35 - [TEST_STEP][PASSED] - sendKeys(findTestObject("GoAmlReport/07 Entity/Account Tab From/03 Director/04 Kewarganegaraan"), Keys.chord(ENTER)): Keys 'ENTER + ' sent to object: 'Object Repository/GoAmlReport/07 Entity/Account Tab From/03 Director/04 Kewarganegaraan'

2020-09-02 12:05:36 - [MESSAGE][PASSED] - Keys 'ENTER + ' sent to object: 'Object Repository/GoAmlReport/07 Entity/Account Tab From/03 Director/04 Kewarganegaraan'

2020-09-02 12:05:36 - [TEST_STEP][PASSED] - setText(findTestObject("GoAmlReport/07 Entity/Account Tab From/03 Director/05 Negara Domisili"), "ID - INDONESIA"): Text 'ID - INDONESIA' is set on object 'Object Repository/GoAmlReport/07 Entity/Account Tab From/03 Director/05 Negara Domisili'

2020-09-02 12:05:37 - [MESSAGE][PASSED] - Text 'ID - INDONESIA' is set on object 'Object Repository/GoAmlReport/07 Entity/Account Tab From/03 Director/05 Negara Domisili'

2020-09-02 12:05:37 - [TEST_STEP][PASSED] - delay(3): Delayed 3 second(s)

2020-09-02 12:05:40 - [MESSAGE][PASSED] - Delayed 3 second(s)

2020-09-02 12:05:40 - [TEST_STEP][PASSED] - sendKeys(findTestObject("GoAmlReport/07 Entity/Account Tab From/03 Director/05 Negara Domisili"), Keys.chord(ENTER)): Keys 'ENTER + ' sent to object: 'Object Repository/GoAmlReport/07 Entity/Account Tab From/03 Director/05 Negara Domisili'

2020-09-02 12:05:40 - [MESSAGE][PASSED] - Keys 'ENTER + ' sent to object: 'Object Repository/GoAmlReport/07 Entity/Account Tab From/03 Director/05 Negara Domisili'

2020-09-02 12:05:40 - [TEST_STEP][PASSED] - setText(findTestObject("GoAmlReport/07 Entity/Account Tab From/03 Director/06 Pekerjaan"), "Kerja Serabutan"): Text 'Kerja Serabutan' is set on object 'Object Repository/GoAmlReport/07 Entity/Account Tab From/03 Director/06 Pekerjaan'

2020-09-02 12:05:41 - [MESSAGE][PASSED] - Text 'Kerja Serabutan' is set on object 'Object Repository/GoAmlReport/07 Entity/Account Tab From/03 Director/06 Pekerjaan'

2020-09-02 12:05:41 - [TEST_STEP][PASSED] - setText(findTestObject("GoAmlReport/07 Entity/Account Tab From/03 Director/07 Sumber Dana"), "Maling"): Text 'Maling' is set on object 'Object Repository/GoAmlReport/07 Entity/Account Tab From/03 Director/07 Sumber Dana'

2020-09-02 12:05:42 - [MESSAGE][PASSED] - Text 'Maling' is set on object 'Object Repository/GoAmlReport/07 Entity/Account Tab From/03 Director/07 Sumber Dana'

2020-09-02 12:05:42 - [TEST_STEP][PASSED] - setText(findTestObject("GoAmlReport/07 Entity/Account Tab From/03 Director/08 Peran"), "UBO - Ultimate Beneficial Owner"): Text 'UBO - Ultimate Beneficial Owner' is set on object 'Object Repository/GoAmlReport/07 Entity/Account Tab From/03 Director/08 Peran'

2020-09-02 12:05:44 - [MESSAGE][PASSED] - Text 'UBO - Ultimate Beneficial Owner' is set on object 'Object Repository/GoAmlReport/07 Entity/Account Tab From/03 Director/08 Peran'

2020-09-02 12:05:44 - [TEST_STEP][PASSED] - delay(2): Delayed 2 second(s)

2020-09-02 12:05:46 - [MESSAGE][PASSED] - Delayed 2 second(s)

2020-09-02 12:05:46 - [TEST_STEP][PASSED] - sendKeys(findTestObject("GoAmlReport/07 Entity/Account Tab From/03 Director/08 Peran"), Keys.chord(ENTER)): Keys 'ENTER + ' sent to object: 'Object Repository/GoAmlReport/07 Entity/Account Tab From/03 Director/08 Peran'

2020-09-02 12:05:46 - [MESSAGE][PASSED] - Keys 'ENTER + ' sent to object: 'Object Repository/GoAmlReport/07 Entity/Account Tab From/03 Director/08 Peran'

2020-09-02 12:05:46 - [TEST_STEP][PASSED] - click(findTestObject("GoAmlReport/07 Entity/Account Tab From/03 Director/09 Telepon/Tambah Telepon")): Object: 'Object Repository/GoAmlReport/07 Entity/Account Tab From/03 Director/09 Telepon/Tambah Telepon' is clicked on

2020-09-02 12:05:47 - [MESSAGE][PASSED] - Object: 'Object Repository/GoAmlReport/07 Entity/Account Tab From/03 Director/09 Telepon/Tambah Telepon' is clicked on

2020-09-02 12:05:47 - [TEST_STEP][PASSED] - scrollToElement(findTestObject("GoAmlReport/07 Entity/Account Tab From/03 Director/09 Telepon/01 Kategori Kontak"), 3): Scroll to object 'Object Repository/GoAmlReport/07 Entity/Account Tab From/03 Director/09 Telepon/01 Kategori Kontak' successfully

2020-09-02 12:05:48 - [MESSAGE][PASSED] - Scroll to object 'Object Repository/GoAmlReport/07 Entity/Account Tab From/03 Director/09 Telepon/01 Kategori Kontak' successfully

2020-09-02 12:05:48 - [TEST_STEP][PASSED] - setText(findTestObject("GoAmlReport/07 Entity/Account Tab From/03 Director/09 Telepon/01 Kategori Kontak"), "K - Kantor"): Text 'K - Kantor' is set on object 'Object Repository/GoAmlReport/07 Entity/Account Tab From/03 Director/09 Telepon/01 Kategori Kontak'

2020-09-02 12:05:49 - [MESSAGE][PASSED] - Text 'K - Kantor' is set on object 'Object Repository/GoAmlReport/07 Entity/Account Tab From/03 Director/09 Telepon/01 Kategori Kontak'

2020-09-02 12:05:49 - [TEST_STEP][PASSED] - delay(3): Delayed 3 second(s)

2020-09-02 12:05:52 - [MESSAGE][PASSED] - Delayed 3 second(s)

2020-09-02 12:05:52 - [TEST_STEP][PASSED] - sendKeys(findTestObject("GoAmlReport/07 Entity/Account Tab From/03 Director/09 Telepon/01 Kategori Kontak"), Keys.chord(ENTER)): Keys 'ENTER + ' sent to object: 'Object Repository/GoAmlReport/07 Entity/Account Tab From/03 Director/09 Telepon/01 Kategori Kontak'

2020-09-02 12:05:52 - [MESSAGE][PASSED] - Keys 'ENTER + ' sent to object: 'Object Repository/GoAmlReport/07 Entity/Account Tab From/03 Director/09 Telepon/01 Kategori Kontak'

2020-09-02 12:05:52 - [TEST_STEP][PASSED] - setText(findTestObject("GoAmlReport/07 Entity/Account Tab From/03 Director/09 Telepon/02 Alat Komunikasi"), "PSTN - PSTN"): Text 'PSTN - PSTN' is set on object 'Object Repository/GoAmlReport/07 Entity/Account Tab From/03 Director/09 Telepon/02 Alat Komunikasi'

2020-09-02 12:05:53 - [MESSAGE][PASSED] - Text 'PSTN - PSTN' is set on object 'Object Repository/GoAmlReport/07 Entity/Account Tab From/03 Director/09 Telepon/02 Alat Komunikasi'

2020-09-02 12:05:53 - [TEST_STEP][PASSED] - delay(3): Delayed 3 second(s)

2020-09-02 12:05:56 - [MESSAGE][PASSED] - Delayed 3 second(s)

2020-09-02 12:05:56 - [TEST_STEP][PASSED] - sendKeys(findTestObject("GoAmlReport/07 Entity/Account Tab From/03 Director/09 Telepon/02 Alat Komunikasi"), Keys.chord(ENTER)): Keys 'ENTER + ' sent to object: 'Object Repository/GoAmlReport/07 Entity/Account Tab From/03 Director/09 Telepon/02 Alat Komunikasi'

2020-09-02 12:05:57 - [MESSAGE][PASSED] - Keys 'ENTER + ' sent to object: 'Object Repository/GoAmlReport/07 Entity/Account Tab From/03 Director/09 Telepon/02 Alat Komunikasi'

2020-09-02 12:05:57 - [TEST_STEP][PASSED] - setText(findTestObject("GoAmlReport/07 Entity/Account Tab From/03 Director/09 Telepon/03 No Telepon"), "222222222"): Text '222222222' is set on object 'Object Repository/GoAmlReport/07 Entity/Account Tab From/03 Director/09 Telepon/03 No Telepon'

2020-09-02 12:05:57 - [MESSAGE][PASSED] - Text '222222222' is set on object 'Object Repository/GoAmlReport/07 Entity/Account Tab From/03 Director/09 Telepon/03 No Telepon'

2020-09-02 12:05:58 - [TEST_STEP][PASSED] - click(findTestObject("GoAmlReport/07 Entity/Account Tab From/03 Director/09 Telepon/Save"), STOP_ON_FAILURE): Object: 'Object Repository/GoAmlReport/07 Entity/Account Tab From/03 Director/09 Telepon/Save' is clicked on

2020-09-02 12:05:58 - [MESSAGE][PASSED] - Object: 'Object Repository/GoAmlReport/07 Entity/Account Tab From/03 Director/09 Telepon/Save' is clicked on

2020-09-02 12:05:58 - [TEST_STEP][PASSED] - delay(4): Delayed 4 second(s)

2020-09-02 12:06:02 - [MESSAGE][PASSED] - Delayed 4 second(s)

2020-09-02 12:06:02 - [TEST_STEP][PASSED] - scrollToElement(findTestObject("GoAmlReport/07 Entity/Account Tab From/03 Director/10 Alamat/span_Tambah Alamat"), 3): Scroll to object 'Object Repository/GoAmlReport/07 Entity/Account Tab From/03 Director/10 Alamat/span_Tambah Alamat' successfully

2020-09-02 12:06:02 - [MESSAGE][PASSED] - Scroll to object 'Object Repository/GoAmlReport/07 Entity/Account Tab From/03 Director/10 Alamat/span_Tambah Alamat' successfully

2020-09-02 12:06:02 - [TEST_STEP][PASSED] - click(findTestObject("GoAmlReport/07 Entity/Account Tab From/03 Director/10 Alamat/span_Tambah Alamat")): Object: 'Object Repository/GoAmlReport/07 Entity/Account Tab From/03 Director/10 Alamat/span_Tambah Alamat' is clicked on

2020-09-02 12:06:03 - [MESSAGE][PASSED] - Object: 'Object Repository/GoAmlReport/07 Entity/Account Tab From/03 Director/10 Alamat/span_Tambah Alamat' is clicked on

2020-09-02 12:06:03 - [TEST_STEP][PASSED] - delay(3): Delayed 3 second(s)

2020-09-02 12:06:06 - [MESSAGE][PASSED] - Delayed 3 second(s)

2020-09-02 12:06:06 - [TEST_STEP][PASSED] - setText(findTestObject("GoAmlReport/07 Entity/Account Tab From/03 Director/10 Alamat/01 Type Alamat"), "R - Rumah"): Text 'R - Rumah' is set on object 'Object Repository/GoAmlReport/07 Entity/Account Tab From/03 Director/10 Alamat/01 Type Alamat'

2020-09-02 12:06:07 - [MESSAGE][PASSED] - Text 'R - Rumah' is set on object 'Object Repository/GoAmlReport/07 Entity/Account Tab From/03 Director/10 Alamat/01 Type Alamat'

2020-09-02 12:06:07 - [TEST_STEP][PASSED] - delay(3): Delayed 3 second(s)

2020-09-02 12:06:10 - [MESSAGE][PASSED] - Delayed 3 second(s)

2020-09-02 12:06:10 - [TEST_STEP][PASSED] - sendKeys(findTestObject("GoAmlReport/07 Entity/Account Tab From/03 Director/10 Alamat/01 Type Alamat"), Keys.chord(ENTER)): Keys 'ENTER + ' sent to object: 'Object Repository/GoAmlReport/07 Entity/Account Tab From/03 Director/10 Alamat/01 Type Alamat'

2020-09-02 12:06:10 - [MESSAGE][PASSED] - Keys 'ENTER + ' sent to object: 'Object Repository/GoAmlReport/07 Entity/Account Tab From/03 Director/10 Alamat/01 Type Alamat'

2020-09-02 12:06:10 - [TEST_STEP][PASSED] - setText(findTestObject("GoAmlReport/07 Entity/Account Tab From/03 Director/10 Alamat/02 Alamat"), "Jl Jalan Jln"): Text 'Jl Jalan Jln' is set on object 'Object Repository/GoAmlReport/07 Entity/Account Tab From/03 Director/10 Alamat/02 Alamat'

2020-09-02 12:06:11 - [MESSAGE][PASSED] - Text 'Jl Jalan Jln' is set on object 'Object Repository/GoAmlReport/07 Entity/Account Tab From/03 Director/10 Alamat/02 Alamat'

2020-09-02 12:06:11 - [TEST_STEP][PASSED] - setText(findTestObject("GoAmlReport/07 Entity/Account Tab From/03 Director/10 Alamat/03 Kota"), "Jakarte"): Text 'Jakarte' is set on object 'Object Repository/GoAmlReport/07 Entity/Account Tab From/03 Director/10 Alamat/03 Kota'

2020-09-02 12:06:11 - [MESSAGE][PASSED] - Text 'Jakarte' is set on object 'Object Repository/GoAmlReport/07 Entity/Account Tab From/03 Director/10 Alamat/03 Kota'

2020-09-02 12:06:11 - [TEST_STEP][PASSED] - setText(findTestObject("GoAmlReport/07 Entity/Account Tab From/03 Director/10 Alamat/03 Negara"), "Indonesi"): Text 'Indonesi' is set on object 'Object Repository/GoAmlReport/07 Entity/Account Tab From/03 Director/10 Alamat/03 Negara'

2020-09-02 12:06:12 - [MESSAGE][PASSED] - Text 'Indonesi' is set on object 'Object Repository/GoAmlReport/07 Entity/Account Tab From/03 Director/10 Alamat/03 Negara'

2020-09-02 12:06:12 - [TEST_STEP][PASSED] - delay(3): Delayed 3 second(s)

2020-09-02 12:06:15 - [MESSAGE][PASSED] - Delayed 3 second(s)

2020-09-02 12:06:15 - [TEST_STEP][PASSED] - sendKeys(findTestObject("GoAmlReport/07 Entity/Account Tab From/03 Director/10 Alamat/03 Negara"), Keys.chord(ENTER)): Keys 'ENTER + ' sent to object: 'Object Repository/GoAmlReport/07 Entity/Account Tab From/03 Director/10 Alamat/03 Negara'

2020-09-02 12:06:16 - [MESSAGE][PASSED] - Keys 'ENTER + ' sent to object: 'Object Repository/GoAmlReport/07 Entity/Account Tab From/03 Director/10 Alamat/03 Negara'

2020-09-02 12:06:16 - [TEST_STEP][PASSED] - click(findTestObject("GoAmlReport/07 Entity/Account Tab From/03 Director/10 Alamat/save"), STOP_ON_FAILURE): Object: 'Object Repository/GoAmlReport/07 Entity/Account Tab From/03 Director/10 Alamat/save' is clicked on

2020-09-02 12:06:16 - [MESSAGE][PASSED] - Object: 'Object Repository/GoAmlReport/07 Entity/Account Tab From/03 Director/10 Alamat/save' is clicked on

2020-09-02 12:06:16 - [TEST_STEP][PASSED] - scrollToElement(findTestObject("GoAmlReport/07 Entity/Account Tab From/03 Director/11 Dokumen Identitas/Tambah Dokumen Identitas"), 3): Scroll to object 'Object Repository/GoAmlReport/07 Entity/Account Tab From/03 Director/11 Dokumen Identitas/Tambah Dokumen Identitas' successfully

2020-09-02 12:06:17 - [MESSAGE][PASSED] - Scroll to object 'Object Repository/GoAmlReport/07 Entity/Account Tab From/03 Director/11 Dokumen Identitas/Tambah Dokumen Identitas' successfully

2020-09-02 12:06:17 - [TEST_STEP][PASSED] - click(findTestObject("GoAmlReport/07 Entity/Account Tab From/03 Director/11 Dokumen Identitas/Tambah Dokumen Identitas")): Object: 'Object Repository/GoAmlReport/07 Entity/Account Tab From/03 Director/11 Dokumen Identitas/Tambah Dokumen Identitas' is clicked on

2020-09-02 12:06:18 - [MESSAGE][PASSED] - Object: 'Object Repository/GoAmlReport/07 Entity/Account Tab From/03 Director/11 Dokumen Identitas/Tambah Dokumen Identitas' is clicked on

2020-09-02 12:06:18 - [TEST_STEP][PASSED] - delay(3): Delayed 3 second(s)

2020-09-02 12:06:21 - [MESSAGE][PASSED] - Delayed 3 second(s)

2020-09-02 12:06:21 - [TEST_STEP][PASSED] - setText(findTestObject("GoAmlReport/07 Entity/Account Tab From/03 Director/11 Dokumen Identitas/01 Jenis Dokumen Identitas"), "SUKET - Surat Keterangan Kependudukan"): Text 'SUKET - Surat Keterangan Kependudukan' is set on object 'Object Repository/GoAmlReport/07 Entity/Account Tab From/03 Director/11 Dokumen Identitas/01 Jenis Dokumen Identitas'

2020-09-02 12:06:22 - [MESSAGE][PASSED] - Text 'SUKET - Surat Keterangan Kependudukan' is set on object 'Object Repository/GoAmlReport/07 Entity/Account Tab From/03 Director/11 Dokumen Identitas/01 Jenis Dokumen Identitas'

2020-09-02 12:06:22 - [TEST_STEP][PASSED] - delay(3): Delayed 3 second(s)

2020-09-02 12:06:25 - [MESSAGE][PASSED] - Delayed 3 second(s)

2020-09-02 12:06:25 - [TEST_STEP][PASSED] - sendKeys(findTestObject("GoAmlReport/07 Entity/Account Tab From/03 Director/11 Dokumen Identitas/01 Jenis Dokumen Identitas"), Keys.chord(ENTER)): Keys 'ENTER + ' sent to object: 'Object Repository/GoAmlReport/07 Entity/Account Tab From/03 Director/11 Dokumen Identitas/01 Jenis Dokumen Identitas'

2020-09-02 12:06:25 - [MESSAGE][PASSED] - Keys 'ENTER + ' sent to object: 'Object Repository/GoAmlReport/07 Entity/Account Tab From/03 Director/11 Dokumen Identitas/01 Jenis Dokumen Identitas'

2020-09-02 12:06:25 - [TEST_STEP][PASSED] - setText(findTestObject("GoAmlReport/07 Entity/Account Tab From/03 Director/11 Dokumen Identitas/02 No Identitas"), "12321444"): Text '12321444' is set on object 'Object Repository/GoAmlReport/07 Entity/Account Tab From/03 Director/11 Dokumen Identitas/02 No Identitas'

2020-09-02 12:06:26 - [MESSAGE][PASSED] - Text '12321444' is set on object 'Object Repository/GoAmlReport/07 Entity/Account Tab From/03 Director/11 Dokumen Identitas/02 No Identitas'

2020-09-02 12:06:26 - [TEST_STEP][PASSED] - setText(findTestObject("GoAmlReport/07 Entity/Account Tab From/03 Director/11 Dokumen Identitas/03 Negara Penerbit"), "ID - INDONESIA"): Text 'ID - INDONESIA' is set on object 'Object Repository/GoAmlReport/07 Entity/Account Tab From/03 Director/11 Dokumen Identitas/03 Negara Penerbit'

2020-09-02 12:06:27 - [MESSAGE][PASSED] - Text 'ID - INDONESIA' is set on object 'Object Repository/GoAmlReport/07 Entity/Account Tab From/03 Director/11 Dokumen Identitas/03 Negara Penerbit'

2020-09-02 12:06:27 - [TEST_STEP][PASSED] - delay(3): Delayed 3 second(s)

2020-09-02 12:06:30 - [MESSAGE][PASSED] - Delayed 3 second(s)

2020-09-02 12:06:30 - [TEST_STEP][PASSED] - sendKeys(findTestObject("GoAmlReport/07 Entity/Account Tab From/03 Director/11 Dokumen Identitas/03 Negara Penerbit"), Keys.chord(ENTER)): Keys 'ENTER + ' sent to object: 'Object Repository/GoAmlReport/07 Entity/Account Tab From/03 Director/11 Dokumen Identitas/03 Negara Penerbit'

2020-09-02 12:06:30 - [MESSAGE][PASSED] - Keys 'ENTER + ' sent to object: 'Object Repository/GoAmlReport/07 Entity/Account Tab From/03 Director/11 Dokumen Identitas/03 Negara Penerbit'

2020-09-02 12:06:30 - [TEST_STEP][PASSED] - click(findTestObject("GoAmlReport/07 Entity/Account Tab From/03 Director/11 Dokumen Identitas/Save")): Object: 'Object Repository/GoAmlReport/07 Entity/Account Tab From/03 Director/11 Dokumen Identitas/Save' is clicked on

2020-09-02 12:06:31 - [MESSAGE][PASSED] - Object: 'Object Repository/GoAmlReport/07 Entity/Account Tab From/03 Director/11 Dokumen Identitas/Save' is clicked on

2020-09-02 12:06:31 - [TEST_STEP][PASSED] - click(findTestObject("GoAmlReport/07 Entity/Account Tab From/03 Director/99 Save")): Object: 'Object Repository/GoAmlReport/07 Entity/Account Tab From/03 Director/99 Save' is clicked on

2020-09-02 12:06:33 - [MESSAGE][PASSED] - Object: 'Object Repository/GoAmlReport/07 Entity/Account Tab From/03 Director/99 Save' is clicked on

2020-09-02 12:06:33 - [TEST_STEP][PASSED] - delay(2): Delayed 2 second(s)

2020-09-02 12:06:35 - [MESSAGE][PASSED] - Delayed 2 second(s)

2020-09-02 12:06:35 - [MESSAGE][PASSED] - Call Test Case 'Test Cases/GoAML Report 4' successfully

2020-09-02 12:06:35 - [TEST_STEP][PASSED] - callTestCase(findTestCase("GoAML Report 5"), [:], STOP_ON_FAILURE): Call Test Case 'Test Cases/GoAML Report 5' successfully

2020-09-02 12:06:35 - [TEST_CASE][PASSED] - Test Cases/GoAML Report 5: Test Cases/GoAML Report 5

2020-09-02 12:06:35 - [TEST_STEP][PASSED] - for ([rowNum = 1, rowNum <= findTestData("GoAMLReport/Transaksi").getRowNumbers(), (rowNum++)]): Delayed 2 second(s)

2020-09-02 12:06:35 - [TEST_STEP][PASSED] - delay(6): Delayed 6 second(s)

2020-09-02 12:06:41 - [MESSAGE][PASSED] - Delayed 6 second(s)

2020-09-02 12:06:41 - [TEST_STEP][PASSED] - if (findTestData("GoAMLReport/Transaksi").getValue(1, rowNum) == "true"): Keys 'ENTER + ' sent to object: 'Object Repository/GoAmlReport/04 Identitas Penerima/07 Negara Trx Tujuan'

2020-09-02 12:06:41 - [TEST_STEP][PASSED] - if (findTestData("GoAMLReport/Transaksi").getValue(9, rowNum) == "true"): null

2020-09-02 12:06:41 - [TEST_STEP][PASSED] - if (findTestData("GoAMLReport/Transaksi").getValue(10, rowNum) == "uang tunai"): Keys 'ENTER + ' sent to object: 'Object Repository/GoAmlReport/04 Identitas Penerima/02 Ins Trx Tujuan'

2020-09-02 12:06:41 - [TEST_STEP][PASSED] - scrollToElement(findTestObject("GoAmlReport/04 Identitas Penerima/02 Ins Trx Tujuan"), 3): Scroll to object 'Object Repository/GoAmlReport/04 Identitas Penerima/02 Ins Trx Tujuan' successfully

2020-09-02 12:06:42 - [MESSAGE][PASSED] - Scroll to object 'Object Repository/GoAmlReport/04 Identitas Penerima/02 Ins Trx Tujuan' successfully

2020-09-02 12:06:42 - [TEST_STEP][PASSED] - setText(findTestObject("GoAmlReport/04 Identitas Penerima/02 Ins Trx Tujuan"), "Uang Tunai"): Text 'Uang Tunai' is set on object 'Object Repository/GoAmlReport/04 Identitas Penerima/02 Ins Trx Tujuan'

2020-09-02 12:06:43 - [MESSAGE][PASSED] - Text 'Uang Tunai' is set on object 'Object Repository/GoAmlReport/04 Identitas Penerima/02 Ins Trx Tujuan'

2020-09-02 12:06:43 - [TEST_STEP][PASSED] - delay(3): Delayed 3 second(s)

2020-09-02 12:06:46 - [MESSAGE][PASSED] - Delayed 3 second(s)

2020-09-02 12:06:46 - [TEST_STEP][PASSED] - sendKeys(findTestObject("GoAmlReport/04 Identitas Penerima/02 Ins Trx Tujuan"), Keys.chord(ENTER)): Keys 'ENTER + ' sent to object: 'Object Repository/GoAmlReport/04 Identitas Penerima/02 Ins Trx Tujuan'

2020-09-02 12:06:46 - [MESSAGE][PASSED] - Keys 'ENTER + ' sent to object: 'Object Repository/GoAmlReport/04 Identitas Penerima/02 Ins Trx Tujuan'

2020-09-02 12:06:46 - [TEST_STEP][PASSED] - if (findTestData("GoAMLReport/Transaksi").getValue(10, rowNum) == "rekening"): null

2020-09-02 12:06:46 - [TEST_STEP][PASSED] - scrollToElement(findTestObject("GoAmlReport/04 Identitas Penerima/05 Nominal Valas"), 3): Scroll to object 'Object Repository/GoAmlReport/04 Identitas Penerima/05 Nominal Valas' successfully

2020-09-02 12:06:47 - [MESSAGE][PASSED] - Scroll to object 'Object Repository/GoAmlReport/04 Identitas Penerima/05 Nominal Valas' successfully

2020-09-02 12:06:47 - [TEST_STEP][PASSED] - setText(findTestObject("GoAmlReport/04 Identitas Penerima/05 Nominal Valas"), "500000"): Text '500000' is set on object 'Object Repository/GoAmlReport/04 Identitas Penerima/05 Nominal Valas'

2020-09-02 12:06:47 - [MESSAGE][PASSED] - Text '500000' is set on object 'Object Repository/GoAmlReport/04 Identitas Penerima/05 Nominal Valas'

2020-09-02 12:06:47 - [TEST_STEP][PASSED] - scrollToElement(findTestObject("GoAmlReport/04 Identitas Penerima/06 Kurs"), 3): Scroll to object 'Object Repository/GoAmlReport/04 Identitas Penerima/06 Kurs' successfully

2020-09-02 12:06:48 - [MESSAGE][PASSED] - Scroll to object 'Object Repository/GoAmlReport/04 Identitas Penerima/06 Kurs' successfully

2020-09-02 12:06:48 - [TEST_STEP][PASSED] - setText(findTestObject("GoAmlReport/04 Identitas Penerima/06 Kurs"), "nope"): Text 'nope' is set on object 'Object Repository/GoAmlReport/04 Identitas Penerima/06 Kurs'

2020-09-02 12:06:48 - [MESSAGE][PASSED] - Text 'nope' is set on object 'Object Repository/GoAmlReport/04 Identitas Penerima/06 Kurs'

2020-09-02 12:06:48 - [TEST_STEP][PASSED] - setText(findTestObject("GoAmlReport/04 Identitas Penerima/999 Mata Uang Tujuan"), "TWD - Taiwan Dollar"): Text 'TWD - Taiwan Dollar' is set on object 'Object Repository/GoAmlReport/04 Identitas Penerima/999 Mata Uang Tujuan'

2020-09-02 12:06:50 - [MESSAGE][PASSED] - Text 'TWD - Taiwan Dollar' is set on object 'Object Repository/GoAmlReport/04 Identitas Penerima/999 Mata Uang Tujuan'

2020-09-02 12:06:50 - [TEST_STEP][PASSED] - delay(3): Delayed 3 second(s)

2020-09-02 12:06:53 - [MESSAGE][PASSED] - Delayed 3 second(s)

2020-09-02 12:06:53 - [TEST_STEP][PASSED] - sendKeys(findTestObject("GoAmlReport/04 Identitas Penerima/999 Mata Uang Tujuan"), Keys.chord(ENTER)): Keys 'ENTER + ' sent to object: 'Object Repository/GoAmlReport/04 Identitas Penerima/999 Mata Uang Tujuan'

2020-09-02 12:06:53 - [MESSAGE][PASSED] - Keys 'ENTER + ' sent to object: 'Object Repository/GoAmlReport/04 Identitas Penerima/999 Mata Uang Tujuan'

2020-09-02 12:06:53 - [TEST_STEP][PASSED] - scrollToElement(findTestObject("GoAmlReport/04 Identitas Penerima/07 Negara Trx Tujuan"), 3): Scroll to object 'Object Repository/GoAmlReport/04 Identitas Penerima/07 Negara Trx Tujuan' successfully

2020-09-02 12:06:53 - [MESSAGE][PASSED] - Scroll to object 'Object Repository/GoAmlReport/04 Identitas Penerima/07 Negara Trx Tujuan' successfully

2020-09-02 12:06:53 - [TEST_STEP][PASSED] - setText(findTestObject("GoAmlReport/04 Identitas Penerima/07 Negara Trx Tujuan"), "ital"): Text 'ital' is set on object 'Object Repository/GoAmlReport/04 Identitas Penerima/07 Negara Trx Tujuan'

2020-09-02 12:06:54 - [MESSAGE][PASSED] - Text 'ital' is set on object 'Object Repository/GoAmlReport/04 Identitas Penerima/07 Negara Trx Tujuan'

2020-09-02 12:06:54 - [TEST_STEP][PASSED] - delay(3): Delayed 3 second(s)

2020-09-02 12:06:57 - [MESSAGE][PASSED] - Delayed 3 second(s)

2020-09-02 12:06:57 - [TEST_STEP][PASSED] - sendKeys(findTestObject("GoAmlReport/04 Identitas Penerima/07 Negara Trx Tujuan"), Keys.chord(ENTER)): Keys 'ENTER + ' sent to object: 'Object Repository/GoAmlReport/04 Identitas Penerima/07 Negara Trx Tujuan'

2020-09-02 12:06:58 - [MESSAGE][PASSED] - Keys 'ENTER + ' sent to object: 'Object Repository/GoAmlReport/04 Identitas Penerima/07 Negara Trx Tujuan'

2020-09-02 12:06:58 - [TEST_STEP][PASSED] - if (findTestData("GoAMLReport/Transaksi").getValue(11, rowNum) == "account"): null

2020-09-02 12:06:58 - [TEST_STEP][PASSED] - if (findTestData("GoAMLReport/Transaksi").getValue(11, rowNum) == "person"): null

2020-09-02 12:06:58 - [TEST_STEP][PASSED] - if (findTestData("GoAMLReport/Transaksi").getValue(11, rowNum) == "entity"): Delayed 2 second(s)

2020-09-02 12:06:58 - [TEST_STEP][PASSED] - setText(findTestObject("GoAmlReport/04 Identitas Penerima/08 Informasi Penerima"), findTestData("GoAMLReport/Transaksi").getValue(11, rowNum)): Text 'entity' is set on object 'Object Repository/GoAmlReport/04 Identitas Penerima/08 Informasi Penerima'

2020-09-02 12:06:59 - [MESSAGE][PASSED] - Text 'entity' is set on object 'Object Repository/GoAmlReport/04 Identitas Penerima/08 Informasi Penerima'

2020-09-02 12:06:59 - [TEST_STEP][PASSED] - delay(8): Delayed 8 second(s)

2020-09-02 12:07:07 - [MESSAGE][PASSED] - Delayed 8 second(s)

2020-09-02 12:07:07 - [TEST_STEP][PASSED] - sendKeys(findTestObject("GoAmlReport/04 Identitas Penerima/08 Informasi Penerima"), Keys.chord(ENTER)): Keys 'ENTER + ' sent to object: 'Object Repository/GoAmlReport/04 Identitas Penerima/08 Informasi Penerima'

2020-09-02 12:07:07 - [MESSAGE][PASSED] - Keys 'ENTER + ' sent to object: 'Object Repository/GoAmlReport/04 Identitas Penerima/08 Informasi Penerima'

2020-09-02 12:07:07 - [TEST_STEP][PASSED] - delay(5): Delayed 5 second(s)

2020-09-02 12:07:12 - [MESSAGE][PASSED] - Delayed 5 second(s)

2020-09-02 12:07:12 - [TEST_STEP][PASSED] - setText(findTestObject("GoAmlReport/07 Entity/Account To/01 Nama Korporasi"), "Simpan Pinjam"): Text 'Simpan Pinjam' is set on object 'Object Repository/GoAmlReport/07 Entity/Account To/01 Nama Korporasi'

2020-09-02 12:07:13 - [MESSAGE][PASSED] - Text 'Simpan Pinjam' is set on object 'Object Repository/GoAmlReport/07 Entity/Account To/01 Nama Korporasi'

2020-09-02 12:07:13 - [TEST_STEP][PASSED] - setText(findTestObject("GoAmlReport/07 Entity/Account To/02 Bentuk Korporasi"), "PD - Perusahaan Daerah"): Text 'PD - Perusahaan Daerah' is set on object 'Object Repository/GoAmlReport/07 Entity/Account To/02 Bentuk Korporasi'

2020-09-02 12:07:14 - [MESSAGE][PASSED] - Text 'PD - Perusahaan Daerah' is set on object 'Object Repository/GoAmlReport/07 Entity/Account To/02 Bentuk Korporasi'

2020-09-02 12:07:14 - [TEST_STEP][PASSED] - delay(3): Delayed 3 second(s)

2020-09-02 12:07:17 - [MESSAGE][PASSED] - Delayed 3 second(s)

2020-09-02 12:07:17 - [TEST_STEP][PASSED] - sendKeys(findTestObject("GoAmlReport/07 Entity/Account To/02 Bentuk Korporasi"), Keys.chord(ENTER)): Keys 'ENTER + ' sent to object: 'Object Repository/GoAmlReport/07 Entity/Account To/02 Bentuk Korporasi'

2020-09-02 12:07:18 - [MESSAGE][PASSED] - Keys 'ENTER + ' sent to object: 'Object Repository/GoAmlReport/07 Entity/Account To/02 Bentuk Korporasi'

2020-09-02 12:07:18 - [TEST_STEP][PASSED] - setText(findTestObject("GoAmlReport/07 Entity/Account To/03 Bidang Usaha"), "Rentenir"): Text 'Rentenir' is set on object 'Object Repository/GoAmlReport/07 Entity/Account To/03 Bidang Usaha'

2020-09-02 12:07:19 - [MESSAGE][PASSED] - Text 'Rentenir' is set on object 'Object Repository/GoAmlReport/07 Entity/Account To/03 Bidang Usaha'

2020-09-02 12:07:19 - [TEST_STEP][PASSED] - delay(3): Delayed 3 second(s)

2020-09-02 12:07:22 - [MESSAGE][PASSED] - Delayed 3 second(s)

2020-09-02 12:07:22 - [TEST_STEP][PASSED] - sendKeys(findTestObject("GoAmlReport/07 Entity/Account To/03 Negara"), Keys.chord(ENTER)): Keys 'ENTER + ' sent to object: 'Object Repository/GoAmlReport/07 Entity/Account To/03 Negara'

2020-09-02 12:07:22 - [MESSAGE][PASSED] - Keys 'ENTER + ' sent to object: 'Object Repository/GoAmlReport/07 Entity/Account To/03 Negara'

2020-09-02 12:07:22 - [TEST_STEP][PASSED] - delay(3): Delayed 3 second(s)

2020-09-02 12:07:25 - [MESSAGE][PASSED] - Delayed 3 second(s)

2020-09-02 12:07:25 - [TEST_STEP][PASSED] - setText(findTestObject("GoAmlReport/07 Entity/Account To/03 Negara"), "indone"): Text 'indone' is set on object 'Object Repository/GoAmlReport/07 Entity/Account To/03 Negara'

2020-09-02 12:07:26 - [MESSAGE][PASSED] - Text 'indone' is set on object 'Object Repository/GoAmlReport/07 Entity/Account To/03 Negara'

2020-09-02 12:07:26 - [TEST_STEP][PASSED] - delay(3): Delayed 3 second(s)

2020-09-02 12:07:29 - [MESSAGE][PASSED] - Delayed 3 second(s)

2020-09-02 12:07:29 - [TEST_STEP][PASSED] - sendKeys(findTestObject("GoAmlReport/07 Entity/Account To/03 Negara"), Keys.chord(ENTER)): Keys 'ENTER + ' sent to object: 'Object Repository/GoAmlReport/07 Entity/Account To/03 Negara'

2020-09-02 12:07:29 - [MESSAGE][PASSED] - Keys 'ENTER + ' sent to object: 'Object Repository/GoAmlReport/07 Entity/Account To/03 Negara'

2020-09-02 12:07:29 - [TEST_STEP][PASSED] - setText(findTestObject("GoAmlReport/07 Entity/Account To/04 NPWP"), "123213123"): Text '123213123' is set on object 'Object Repository/GoAmlReport/07 Entity/Account To/04 NPWP'

2020-09-02 12:07:30 - [MESSAGE][PASSED] - Text '123213123' is set on object 'Object Repository/GoAmlReport/07 Entity/Account To/04 NPWP'

2020-09-02 12:07:30 - [TEST_STEP][PASSED] - scrollToElement(findTestObject("GoAmlReport/07 Entity/Account Tab To/01 Telepon/Tambah Telepon"), 3): Scroll to object 'Object Repository/GoAmlReport/07 Entity/Account Tab To/01 Telepon/Tambah Telepon' successfully

2020-09-02 12:07:30 - [MESSAGE][PASSED] - Scroll to object 'Object Repository/GoAmlReport/07 Entity/Account Tab To/01 Telepon/Tambah Telepon' successfully

2020-09-02 12:07:30 - [TEST_STEP][PASSED] - click(findTestObject("GoAmlReport/07 Entity/Account Tab To/01 Telepon/Tambah Telepon")): Object: 'Object Repository/GoAmlReport/07 Entity/Account Tab To/01 Telepon/Tambah Telepon' is clicked on

2020-09-02 12:07:31 - [MESSAGE][PASSED] - Object: 'Object Repository/GoAmlReport/07 Entity/Account Tab To/01 Telepon/Tambah Telepon' is clicked on

2020-09-02 12:07:31 - [TEST_STEP][PASSED] - delay(5): Delayed 5 second(s)

2020-09-02 12:07:36 - [MESSAGE][PASSED] - Delayed 5 second(s)

2020-09-02 12:07:36 - [TEST_STEP][PASSED] - setText(findTestObject("GoAmlReport/07 Entity/Account Tab To/01 Telepon/01 Kategori Kontak"), "D - Domisili"): Text 'D - Domisili' is set on object 'Object Repository/GoAmlReport/07 Entity/Account Tab To/01 Telepon/01 Kategori Kontak'

2020-09-02 12:07:37 - [MESSAGE][PASSED] - Text 'D - Domisili' is set on object 'Object Repository/GoAmlReport/07 Entity/Account Tab To/01 Telepon/01 Kategori Kontak'

2020-09-02 12:07:37 - [TEST_STEP][PASSED] - delay(3): Delayed 3 second(s)

2020-09-02 12:07:40 - [MESSAGE][PASSED] - Delayed 3 second(s)

2020-09-02 12:07:40 - [TEST_STEP][PASSED] - sendKeys(findTestObject("GoAmlReport/07 Entity/Account Tab To/01 Telepon/01 Kategori Kontak"), Keys.chord(ENTER)): Keys 'ENTER + ' sent to object: 'Object Repository/GoAmlReport/07 Entity/Account Tab To/01 Telepon/01 Kategori Kontak'

2020-09-02 12:07:41 - [MESSAGE][PASSED] - Keys 'ENTER + ' sent to object: 'Object Repository/GoAmlReport/07 Entity/Account Tab To/01 Telepon/01 Kategori Kontak'

2020-09-02 12:07:41 - [TEST_STEP][PASSED] - setText(findTestObject("GoAmlReport/07 Entity/Account Tab To/01 Telepon/02 Alat Komunikasi"), "PSTN - PSTN"): Text 'PSTN - PSTN' is set on object 'Object Repository/GoAmlReport/07 Entity/Account Tab To/01 Telepon/02 Alat Komunikasi'

2020-09-02 12:07:41 - [MESSAGE][PASSED] - Text 'PSTN - PSTN' is set on object 'Object Repository/GoAmlReport/07 Entity/Account Tab To/01 Telepon/02 Alat Komunikasi'

2020-09-02 12:07:41 - [TEST_STEP][PASSED] - delay(3): Delayed 3 second(s)

2020-09-02 12:07:44 - [MESSAGE][PASSED] - Delayed 3 second(s)

2020-09-02 12:07:44 - [TEST_STEP][PASSED] - sendKeys(findTestObject("GoAmlReport/07 Entity/Account Tab To/01 Telepon/02 Alat Komunikasi"), Keys.chord(ENTER)): Keys 'ENTER + ' sent to object: 'Object Repository/GoAmlReport/07 Entity/Account Tab To/01 Telepon/02 Alat Komunikasi'

2020-09-02 12:07:45 - [MESSAGE][PASSED] - Keys 'ENTER + ' sent to object: 'Object Repository/GoAmlReport/07 Entity/Account Tab To/01 Telepon/02 Alat Komunikasi'

2020-09-02 12:07:45 - [TEST_STEP][PASSED] - setText(findTestObject("GoAmlReport/07 Entity/Account Tab To/01 Telepon/03 No Telepon"), "0986745632"): Text '0986745632' is set on object 'Object Repository/GoAmlReport/07 Entity/Account Tab To/01 Telepon/03 No Telepon'

2020-09-02 12:07:46 - [MESSAGE][PASSED] - Text '0986745632' is set on object 'Object Repository/GoAmlReport/07 Entity/Account Tab To/01 Telepon/03 No Telepon'

2020-09-02 12:07:46 - [TEST_STEP][PASSED] - delay(2): Delayed 2 second(s)

2020-09-02 12:07:48 - [MESSAGE][PASSED] - Delayed 2 second(s)

2020-09-02 12:07:48 - [TEST_STEP][PASSED] - scrollToElement(findTestObject("GoAmlReport/07 Entity/Account Tab To/01 Telepon/Save"), 3): Scroll to object 'Object Repository/GoAmlReport/07 Entity/Account Tab To/01 Telepon/Save' successfully

2020-09-02 12:07:48 - [MESSAGE][PASSED] - Scroll to object 'Object Repository/GoAmlReport/07 Entity/Account Tab To/01 Telepon/Save' successfully

2020-09-02 12:07:48 - [TEST_STEP][PASSED] - click(findTestObject("GoAmlReport/07 Entity/Account Tab To/01 Telepon/Save"), STOP_ON_FAILURE): Object: 'Object Repository/GoAmlReport/07 Entity/Account Tab To/01 Telepon/Save' is clicked on

2020-09-02 12:07:49 - [MESSAGE][PASSED] - Object: 'Object Repository/GoAmlReport/07 Entity/Account Tab To/01 Telepon/Save' is clicked on

2020-09-02 12:07:49 - [TEST_STEP][PASSED] - delay(3): Delayed 3 second(s)

2020-09-02 12:07:52 - [MESSAGE][PASSED] - Delayed 3 second(s)

2020-09-02 12:07:52 - [TEST_STEP][PASSED] - scrollToElement(findTestObject("GoAmlReport/07 Entity/Account Tab To/02 Alamat/span_Tambah Alamat"), 3): Scroll to object 'Object Repository/GoAmlReport/07 Entity/Account Tab To/02 Alamat/span_Tambah Alamat' successfully

2020-09-02 12:07:52 - [MESSAGE][PASSED] - Scroll to object 'Object Repository/GoAmlReport/07 Entity/Account Tab To/02 Alamat/span_Tambah Alamat' successfully

2020-09-02 12:07:52 - [TEST_STEP][PASSED] - click(findTestObject("GoAmlReport/07 Entity/Account Tab To/02 Alamat/span_Tambah Alamat")): Object: 'Object Repository/GoAmlReport/07 Entity/Account Tab To/02 Alamat/span_Tambah Alamat' is clicked on

2020-09-02 12:07:53 - [MESSAGE][PASSED] - Object: 'Object Repository/GoAmlReport/07 Entity/Account Tab To/02 Alamat/span_Tambah Alamat' is clicked on

2020-09-02 12:07:53 - [TEST_STEP][PASSED] - delay(5): Delayed 5 second(s)

2020-09-02 12:07:58 - [MESSAGE][PASSED] - Delayed 5 second(s)

2020-09-02 12:07:58 - [TEST_STEP][PASSED] - setText(findTestObject("GoAmlReport/07 Entity/Account Tab To/02 Alamat/01 Type Alamat"), "D - Domisili"): Text 'D - Domisili' is set on object 'Object Repository/GoAmlReport/07 Entity/Account Tab To/02 Alamat/01 Type Alamat'

2020-09-02 12:07:58 - [MESSAGE][PASSED] - Text 'D - Domisili' is set on object 'Object Repository/GoAmlReport/07 Entity/Account Tab To/02 Alamat/01 Type Alamat'

2020-09-02 12:07:58 - [TEST_STEP][PASSED] - delay(5): Delayed 5 second(s)

2020-09-02 12:08:03 - [MESSAGE][PASSED] - Delayed 5 second(s)

2020-09-02 12:08:03 - [TEST_STEP][PASSED] - sendKeys(findTestObject("GoAmlReport/07 Entity/Account Tab To/02 Alamat/01 Type Alamat"), Keys.chord(ENTER)): Keys 'ENTER + ' sent to object: 'Object Repository/GoAmlReport/07 Entity/Account Tab To/02 Alamat/01 Type Alamat'

2020-09-02 12:08:04 - [MESSAGE][PASSED] - Keys 'ENTER + ' sent to object: 'Object Repository/GoAmlReport/07 Entity/Account Tab To/02 Alamat/01 Type Alamat'

2020-09-02 12:08:04 - [TEST_STEP][PASSED] - setText(findTestObject("GoAmlReport/07 Entity/Account Tab To/02 Alamat/02 Alamat"), "Jl. sdhjsadkjsnadklsandkjasd"): Text 'Jl. sdhjsadkjsnadklsandkjasd' is set on object 'Object Repository/GoAmlReport/07 Entity/Account Tab To/02 Alamat/02 Alamat'

2020-09-02 12:08:05 - [MESSAGE][PASSED] - Text 'Jl. sdhjsadkjsnadklsandkjasd' is set on object 'Object Repository/GoAmlReport/07 Entity/Account Tab To/02 Alamat/02 Alamat'

2020-09-02 12:08:05 - [TEST_STEP][PASSED] - setText(findTestObject("GoAmlReport/07 Entity/Account Tab To/02 Alamat/03 Kota"), "Jakarta"): Text 'Jakarta' is set on object 'Object Repository/GoAmlReport/07 Entity/Account Tab To/02 Alamat/03 Kota'

2020-09-02 12:08:06 - [MESSAGE][PASSED] - Text 'Jakarta' is set on object 'Object Repository/GoAmlReport/07 Entity/Account Tab To/02 Alamat/03 Kota'

2020-09-02 12:08:06 - [TEST_STEP][PASSED] - setText(findTestObject("GoAmlReport/07 Entity/Account Tab To/02 Alamat/03 Negara"), "ID - INDONESIA"): Text 'ID - INDONESIA' is set on object 'Object Repository/GoAmlReport/07 Entity/Account Tab To/02 Alamat/03 Negara'

2020-09-02 12:08:06 - [MESSAGE][PASSED] - Text 'ID - INDONESIA' is set on object 'Object Repository/GoAmlReport/07 Entity/Account Tab To/02 Alamat/03 Negara'

2020-09-02 12:08:06 - [TEST_STEP][PASSED] - delay(3): Delayed 3 second(s)

2020-09-02 12:08:09 - [MESSAGE][PASSED] - Delayed 3 second(s)

2020-09-02 12:08:09 - [TEST_STEP][PASSED] - sendKeys(findTestObject("GoAmlReport/07 Entity/Account Tab To/02 Alamat/03 Negara"), Keys.chord(ENTER)): Keys 'ENTER + ' sent to object: 'Object Repository/GoAmlReport/07 Entity/Account Tab To/02 Alamat/03 Negara'

2020-09-02 12:08:10 - [MESSAGE][PASSED] - Keys 'ENTER + ' sent to object: 'Object Repository/GoAmlReport/07 Entity/Account Tab To/02 Alamat/03 Negara'

2020-09-02 12:08:10 - [TEST_STEP][PASSED] - delay(2): Delayed 2 second(s)

2020-09-02 12:08:12 - [MESSAGE][PASSED] - Delayed 2 second(s)

2020-09-02 12:08:12 - [TEST_STEP][PASSED] - click(findTestObject("GoAmlReport/07 Entity/Account Tab To/02 Alamat/save")): Object: 'Object Repository/GoAmlReport/07 Entity/Account Tab To/02 Alamat/save' is clicked on

2020-09-02 12:08:12 - [MESSAGE][PASSED] - Object: 'Object Repository/GoAmlReport/07 Entity/Account Tab To/02 Alamat/save' is clicked on

2020-09-02 12:08:12 - [TEST_STEP][PASSED] - click(findTestObject("GoAmlReport/07 Entity/Account Tab To/03 Director/00 Add")): Object: 'Object Repository/GoAmlReport/07 Entity/Account Tab To/03 Director/00 Add' is clicked on

2020-09-02 12:08:14 - [MESSAGE][PASSED] - Object: 'Object Repository/GoAmlReport/07 Entity/Account Tab To/03 Director/00 Add' is clicked on

2020-09-02 12:08:14 - [TEST_STEP][PASSED] - scrollToElement(findTestObject("GoAmlReport/07 Entity/Account Tab To/03 Director/00 Add"), 3): Scroll to object 'Object Repository/GoAmlReport/07 Entity/Account Tab To/03 Director/00 Add' successfully

2020-09-02 12:08:15 - [MESSAGE][PASSED] - Scroll to object 'Object Repository/GoAmlReport/07 Entity/Account Tab To/03 Director/00 Add' successfully

2020-09-02 12:08:15 - [TEST_STEP][PASSED] - delay(5): Delayed 5 second(s)

2020-09-02 12:08:20 - [MESSAGE][PASSED] - Delayed 5 second(s)

2020-09-02 12:08:20 - [TEST_STEP][PASSED] - setText(findTestObject("GoAmlReport/07 Entity/Account Tab To/03 Director/01 Jenis Kelamin"), "F - Female"): Text 'F - Female' is set on object 'Object Repository/GoAmlReport/07 Entity/Account Tab To/03 Director/01 Jenis Kelamin'

2020-09-02 12:08:21 - [MESSAGE][PASSED] - Text 'F - Female' is set on object 'Object Repository/GoAmlReport/07 Entity/Account Tab To/03 Director/01 Jenis Kelamin'

2020-09-02 12:08:21 - [TEST_STEP][PASSED] - delay(5): Delayed 5 second(s)

2020-09-02 12:08:26 - [MESSAGE][PASSED] - Delayed 5 second(s)

2020-09-02 12:08:26 - [TEST_STEP][PASSED] - sendKeys(findTestObject("GoAmlReport/07 Entity/Account Tab To/03 Director/01 Jenis Kelamin"), Keys.chord(ENTER)): Keys 'ENTER + ' sent to object: 'Object Repository/GoAmlReport/07 Entity/Account Tab To/03 Director/01 Jenis Kelamin'

2020-09-02 12:08:26 - [MESSAGE][PASSED] - Keys 'ENTER + ' sent to object: 'Object Repository/GoAmlReport/07 Entity/Account Tab To/03 Director/01 Jenis Kelamin'

2020-09-02 12:08:26 - [TEST_STEP][PASSED] - setText(findTestObject("GoAmlReport/07 Entity/Account Tab To/03 Director/02 Nama Lengkap"), "Aman "): Text 'Aman ' is set on object 'Object Repository/GoAmlReport/07 Entity/Account Tab To/03 Director/02 Nama Lengkap'

2020-09-02 12:08:27 - [MESSAGE][PASSED] - Text 'Aman ' is set on object 'Object Repository/GoAmlReport/07 Entity/Account Tab To/03 Director/02 Nama Lengkap'

2020-09-02 12:08:27 - [TEST_STEP][PASSED] - setText(findTestObject("GoAmlReport/07 Entity/Account Tab To/03 Director/10 Tanggal Lahir"), "01-Aug-96"): Text '01-Aug-96' is set on object 'Object Repository/GoAmlReport/07 Entity/Account Tab To/03 Director/10 Tanggal Lahir'

2020-09-02 12:08:28 - [MESSAGE][PASSED] - Text '01-Aug-96' is set on object 'Object Repository/GoAmlReport/07 Entity/Account Tab To/03 Director/10 Tanggal Lahir'

2020-09-02 12:08:28 - [TEST_STEP][PASSED] - delay(2): Delayed 2 second(s)

2020-09-02 12:08:30 - [MESSAGE][PASSED] - Delayed 2 second(s)

2020-09-02 12:08:30 - [TEST_STEP][PASSED] - setText(findTestObject("GoAmlReport/07 Entity/Account Tab To/03 Director/12 Tempat Lahir"), "Jakarta"): Text 'Jakarta' is set on object 'Object Repository/GoAmlReport/07 Entity/Account Tab To/03 Director/12 Tempat Lahir'

2020-09-02 12:08:30 - [MESSAGE][PASSED] - Text 'Jakarta' is set on object 'Object Repository/GoAmlReport/07 Entity/Account Tab To/03 Director/12 Tempat Lahir'

2020-09-02 12:08:30 - [TEST_STEP][PASSED] - setText(findTestObject("GoAmlReport/07 Entity/Account Tab To/03 Director/04 Kewarganegaraan"), "indone"): Text 'indone' is set on object 'Object Repository/GoAmlReport/07 Entity/Account Tab To/03 Director/04 Kewarganegaraan'

2020-09-02 12:08:31 - [MESSAGE][PASSED] - Text 'indone' is set on object 'Object Repository/GoAmlReport/07 Entity/Account Tab To/03 Director/04 Kewarganegaraan'

2020-09-02 12:08:31 - [TEST_STEP][PASSED] - delay(5): Delayed 5 second(s)

2020-09-02 12:08:36 - [MESSAGE][PASSED] - Delayed 5 second(s)

2020-09-02 12:08:36 - [TEST_STEP][PASSED] - sendKeys(findTestObject("GoAmlReport/07 Entity/Account Tab To/03 Director/04 Kewarganegaraan"), Keys.chord(ENTER)): Keys 'ENTER + ' sent to object: 'Object Repository/GoAmlReport/07 Entity/Account Tab To/03 Director/04 Kewarganegaraan'

2020-09-02 12:08:37 - [MESSAGE][PASSED] - Keys 'ENTER + ' sent to object: 'Object Repository/GoAmlReport/07 Entity/Account Tab To/03 Director/04 Kewarganegaraan'

2020-09-02 12:08:37 - [TEST_STEP][PASSED] - setText(findTestObject("GoAmlReport/07 Entity/Account Tab To/03 Director/05 Negara Domisili"), "ID - INDONESIA"): Text 'ID - INDONESIA' is set on object 'Object Repository/GoAmlReport/07 Entity/Account Tab To/03 Director/05 Negara Domisili'

2020-09-02 12:08:38 - [MESSAGE][PASSED] - Text 'ID - INDONESIA' is set on object 'Object Repository/GoAmlReport/07 Entity/Account Tab To/03 Director/05 Negara Domisili'

2020-09-02 12:08:38 - [TEST_STEP][PASSED] - delay(3): Delayed 3 second(s)

2020-09-02 12:08:41 - [MESSAGE][PASSED] - Delayed 3 second(s)

2020-09-02 12:08:41 - [TEST_STEP][PASSED] - sendKeys(findTestObject("GoAmlReport/07 Entity/Account Tab To/03 Director/05 Negara Domisili"), Keys.chord(ENTER)): Keys 'ENTER + ' sent to object: 'Object Repository/GoAmlReport/07 Entity/Account Tab To/03 Director/05 Negara Domisili'

2020-09-02 12:08:41 - [MESSAGE][PASSED] - Keys 'ENTER + ' sent to object: 'Object Repository/GoAmlReport/07 Entity/Account Tab To/03 Director/05 Negara Domisili'

2020-09-02 12:08:41 - [TEST_STEP][PASSED] - setText(findTestObject("GoAmlReport/07 Entity/Account Tab To/03 Director/06 Pekerjaan"), "Kerja Serabutan"): Text 'Kerja Serabutan' is set on object 'Object Repository/GoAmlReport/07 Entity/Account Tab To/03 Director/06 Pekerjaan'

2020-09-02 12:08:42 - [MESSAGE][PASSED] - Text 'Kerja Serabutan' is set on object 'Object Repository/GoAmlReport/07 Entity/Account Tab To/03 Director/06 Pekerjaan'

2020-09-02 12:08:42 - [TEST_STEP][PASSED] - setText(findTestObject("GoAmlReport/07 Entity/Account Tab To/03 Director/07 Sumber Dana"), "Maling"): Text 'Maling' is set on object 'Object Repository/GoAmlReport/07 Entity/Account Tab To/03 Director/07 Sumber Dana'

2020-09-02 12:08:43 - [MESSAGE][PASSED] - Text 'Maling' is set on object 'Object Repository/GoAmlReport/07 Entity/Account Tab To/03 Director/07 Sumber Dana'

2020-09-02 12:08:43 - [TEST_STEP][PASSED] - setText(findTestObject("GoAmlReport/07 Entity/Account Tab To/03 Director/08 Peran"), "UBO - Ultimate Beneficial Owner"): Text 'UBO - Ultimate Beneficial Owner' is set on object 'Object Repository/GoAmlReport/07 Entity/Account Tab To/03 Director/08 Peran'

2020-09-02 12:08:44 - [MESSAGE][PASSED] - Text 'UBO - Ultimate Beneficial Owner' is set on object 'Object Repository/GoAmlReport/07 Entity/Account Tab To/03 Director/08 Peran'

2020-09-02 12:08:44 - [TEST_STEP][PASSED] - delay(2): Delayed 2 second(s)

2020-09-02 12:08:46 - [MESSAGE][PASSED] - Delayed 2 second(s)

2020-09-02 12:08:46 - [TEST_STEP][PASSED] - sendKeys(findTestObject("GoAmlReport/07 Entity/Account Tab To/03 Director/08 Peran"), Keys.chord(ENTER)): Keys 'ENTER + ' sent to object: 'Object Repository/GoAmlReport/07 Entity/Account Tab To/03 Director/08 Peran'

2020-09-02 12:08:47 - [MESSAGE][PASSED] - Keys 'ENTER + ' sent to object: 'Object Repository/GoAmlReport/07 Entity/Account Tab To/03 Director/08 Peran'

2020-09-02 12:08:47 - [TEST_STEP][PASSED] - click(findTestObject("GoAmlReport/07 Entity/Account Tab To/03 Director/09 Telepon/Tambah Telepon")): Object: 'Object Repository/GoAmlReport/07 Entity/Account Tab To/03 Director/09 Telepon/Tambah Telepon' is clicked on

2020-09-02 12:08:47 - [MESSAGE][PASSED] - Object: 'Object Repository/GoAmlReport/07 Entity/Account Tab To/03 Director/09 Telepon/Tambah Telepon' is clicked on

2020-09-02 12:08:47 - [TEST_STEP][PASSED] - scrollToElement(findTestObject("GoAmlReport/07 Entity/Account Tab To/03 Director/09 Telepon/01 Kategori Kontak"), 3): Scroll to object 'Object Repository/GoAmlReport/07 Entity/Account Tab To/03 Director/09 Telepon/01 Kategori Kontak' successfully

2020-09-02 12:08:49 - [MESSAGE][PASSED] - Scroll to object 'Object Repository/GoAmlReport/07 Entity/Account Tab To/03 Director/09 Telepon/01 Kategori Kontak' successfully

2020-09-02 12:08:49 - [TEST_STEP][PASSED] - setText(findTestObject("GoAmlReport/07 Entity/Account Tab To/03 Director/09 Telepon/01 Kategori Kontak"), "K - Kantor"): Text 'K - Kantor' is set on object 'Object Repository/GoAmlReport/07 Entity/Account Tab To/03 Director/09 Telepon/01 Kategori Kontak'

2020-09-02 12:08:50 - [MESSAGE][PASSED] - Text 'K - Kantor' is set on object 'Object Repository/GoAmlReport/07 Entity/Account Tab To/03 Director/09 Telepon/01 Kategori Kontak'

2020-09-02 12:08:50 - [TEST_STEP][PASSED] - delay(3): Delayed 3 second(s)

2020-09-02 12:08:53 - [MESSAGE][PASSED] - Delayed 3 second(s)

2020-09-02 12:08:53 - [TEST_STEP][PASSED] - sendKeys(findTestObject("GoAmlReport/07 Entity/Account Tab To/03 Director/09 Telepon/01 Kategori Kontak"), Keys.chord(ENTER)): Keys 'ENTER + ' sent to object: 'Object Repository/GoAmlReport/07 Entity/Account Tab To/03 Director/09 Telepon/01 Kategori Kontak'

2020-09-02 12:08:53 - [MESSAGE][PASSED] - Keys 'ENTER + ' sent to object: 'Object Repository/GoAmlReport/07 Entity/Account Tab To/03 Director/09 Telepon/01 Kategori Kontak'

2020-09-02 12:08:53 - [TEST_STEP][PASSED] - setText(findTestObject("GoAmlReport/07 Entity/Account Tab To/03 Director/09 Telepon/02 Alat Komunikasi"), "PSTN - PSTN"): Text 'PSTN - PSTN' is set on object 'Object Repository/GoAmlReport/07 Entity/Account Tab To/03 Director/09 Telepon/02 Alat Komunikasi'

2020-09-02 12:08:54 - [MESSAGE][PASSED] - Text 'PSTN - PSTN' is set on object 'Object Repository/GoAmlReport/07 Entity/Account Tab To/03 Director/09 Telepon/02 Alat Komunikasi'

2020-09-02 12:08:54 - [TEST_STEP][PASSED] - delay(3): Delayed 3 second(s)

2020-09-02 12:08:57 - [MESSAGE][PASSED] - Delayed 3 second(s)

2020-09-02 12:08:57 - [TEST_STEP][PASSED] - sendKeys(findTestObject("GoAmlReport/07 Entity/Account Tab To/03 Director/09 Telepon/02 Alat Komunikasi"), Keys.chord(ENTER)): Keys 'ENTER + ' sent to object: 'Object Repository/GoAmlReport/07 Entity/Account Tab To/03 Director/09 Telepon/02 Alat Komunikasi'

2020-09-02 12:08:58 - [MESSAGE][PASSED] - Keys 'ENTER + ' sent to object: 'Object Repository/GoAmlReport/07 Entity/Account Tab To/03 Director/09 Telepon/02 Alat Komunikasi'

2020-09-02 12:08:58 - [TEST_STEP][PASSED] - setText(findTestObject("GoAmlReport/07 Entity/Account Tab To/03 Director/09 Telepon/03 No Telepon"), "222222222"): Text '222222222' is set on object 'Object Repository/GoAmlReport/07 Entity/Account Tab To/03 Director/09 Telepon/03 No Telepon'

2020-09-02 12:08:58 - [MESSAGE][PASSED] - Text '222222222' is set on object 'Object Repository/GoAmlReport/07 Entity/Account Tab To/03 Director/09 Telepon/03 No Telepon'

2020-09-02 12:08:58 - [TEST_STEP][PASSED] - click(findTestObject("GoAmlReport/07 Entity/Account Tab To/03 Director/09 Telepon/Save"), STOP_ON_FAILURE): Object: 'Object Repository/GoAmlReport/07 Entity/Account Tab To/03 Director/09 Telepon/Save' is clicked on

2020-09-02 12:08:59 - [MESSAGE][PASSED] - Object: 'Object Repository/GoAmlReport/07 Entity/Account Tab To/03 Director/09 Telepon/Save' is clicked on

2020-09-02 12:08:59 - [TEST_STEP][PASSED] - delay(4): Delayed 4 second(s)

2020-09-02 12:09:03 - [MESSAGE][PASSED] - Delayed 4 second(s)

2020-09-02 12:09:03 - [TEST_STEP][PASSED] - scrollToElement(findTestObject("GoAmlReport/07 Entity/Account Tab To/03 Director/10 Alamat/span_Tambah Alamat"), 3): Scroll to object 'Object Repository/GoAmlReport/07 Entity/Account Tab To/03 Director/10 Alamat/span_Tambah Alamat' successfully

2020-09-02 12:09:03 - [MESSAGE][PASSED] - Scroll to object 'Object Repository/GoAmlReport/07 Entity/Account Tab To/03 Director/10 Alamat/span_Tambah Alamat' successfully

2020-09-02 12:09:03 - [TEST_STEP][PASSED] - click(findTestObject("GoAmlReport/07 Entity/Account Tab To/03 Director/10 Alamat/span_Tambah Alamat")): Object: 'Object Repository/GoAmlReport/07 Entity/Account Tab To/03 Director/10 Alamat/span_Tambah Alamat' is clicked on

2020-09-02 12:09:04 - [MESSAGE][PASSED] - Object: 'Object Repository/GoAmlReport/07 Entity/Account Tab To/03 Director/10 Alamat/span_Tambah Alamat' is clicked on

2020-09-02 12:09:04 - [TEST_STEP][PASSED] - delay(3): Delayed 3 second(s)

2020-09-02 12:09:07 - [MESSAGE][PASSED] - Delayed 3 second(s)

2020-09-02 12:09:07 - [TEST_STEP][PASSED] - setText(findTestObject("GoAmlReport/07 Entity/Account Tab To/03 Director/10 Alamat/01 Type Alamat"), "R - Rumah"): Text 'R - Rumah' is set on object 'Object Repository/GoAmlReport/07 Entity/Account Tab To/03 Director/10 Alamat/01 Type Alamat'

2020-09-02 12:09:08 - [MESSAGE][PASSED] - Text 'R - Rumah' is set on object 'Object Repository/GoAmlReport/07 Entity/Account Tab To/03 Director/10 Alamat/01 Type Alamat'

2020-09-02 12:09:08 - [TEST_STEP][PASSED] - delay(3): Delayed 3 second(s)

2020-09-02 12:09:11 - [MESSAGE][PASSED] - Delayed 3 second(s)

2020-09-02 12:09:11 - [TEST_STEP][PASSED] - sendKeys(findTestObject("GoAmlReport/07 Entity/Account Tab To/03 Director/10 Alamat/01 Type Alamat"), Keys.chord(ENTER)): Keys 'ENTER + ' sent to object: 'Object Repository/GoAmlReport/07 Entity/Account Tab To/03 Director/10 Alamat/01 Type Alamat'

2020-09-02 12:09:11 - [MESSAGE][PASSED] - Keys 'ENTER + ' sent to object: 'Object Repository/GoAmlReport/07 Entity/Account Tab To/03 Director/10 Alamat/01 Type Alamat'

2020-09-02 12:09:11 - [TEST_STEP][PASSED] - setText(findTestObject("GoAmlReport/07 Entity/Account Tab To/03 Director/10 Alamat/02 Alamat"), "Jl Jalan Jln"): Text 'Jl Jalan Jln' is set on object 'Object Repository/GoAmlReport/07 Entity/Account Tab To/03 Director/10 Alamat/02 Alamat'

2020-09-02 12:09:12 - [MESSAGE][PASSED] - Text 'Jl Jalan Jln' is set on object 'Object Repository/GoAmlReport/07 Entity/Account Tab To/03 Director/10 Alamat/02 Alamat'

2020-09-02 12:09:12 - [TEST_STEP][PASSED] - setText(findTestObject("GoAmlReport/07 Entity/Account Tab To/03 Director/10 Alamat/03 Kota"), "Jakarte"): Text 'Jakarte' is set on object 'Object Repository/GoAmlReport/07 Entity/Account Tab To/03 Director/10 Alamat/03 Kota'

2020-09-02 12:09:13 - [MESSAGE][PASSED] - Text 'Jakarte' is set on object 'Object Repository/GoAmlReport/07 Entity/Account Tab To/03 Director/10 Alamat/03 Kota'

2020-09-02 12:09:13 - [TEST_STEP][PASSED] - setText(findTestObject("GoAmlReport/07 Entity/Account Tab To/03 Director/10 Alamat/03 Negara"), "Indonesi"): Text 'Indonesi' is set on object 'Object Repository/GoAmlReport/07 Entity/Account Tab To/03 Director/10 Alamat/03 Negara'

2020-09-02 12:09:13 - [MESSAGE][PASSED] - Text 'Indonesi' is set on object 'Object Repository/GoAmlReport/07 Entity/Account Tab To/03 Director/10 Alamat/03 Negara'

2020-09-02 12:09:13 - [TEST_STEP][PASSED] - delay(3): Delayed 3 second(s)

2020-09-02 12:09:16 - [MESSAGE][PASSED] - Delayed 3 second(s)

2020-09-02 12:09:16 - [TEST_STEP][PASSED] - sendKeys(findTestObject("GoAmlReport/07 Entity/Account Tab To/03 Director/10 Alamat/03 Negara"), Keys.chord(ENTER)): Keys 'ENTER + ' sent to object: 'Object Repository/GoAmlReport/07 Entity/Account Tab To/03 Director/10 Alamat/03 Negara'

2020-09-02 12:09:17 - [MESSAGE][PASSED] - Keys 'ENTER + ' sent to object: 'Object Repository/GoAmlReport/07 Entity/Account Tab To/03 Director/10 Alamat/03 Negara'

2020-09-02 12:09:17 - [TEST_STEP][PASSED] - click(findTestObject("GoAmlReport/07 Entity/Account Tab To/03 Director/10 Alamat/save"), STOP_ON_FAILURE): Object: 'Object Repository/GoAmlReport/07 Entity/Account Tab To/03 Director/10 Alamat/save' is clicked on

2020-09-02 12:09:18 - [MESSAGE][PASSED] - Object: 'Object Repository/GoAmlReport/07 Entity/Account Tab To/03 Director/10 Alamat/save' is clicked on

2020-09-02 12:09:18 - [TEST_STEP][PASSED] - scrollToElement(findTestObject("GoAmlReport/07 Entity/Account Tab To/03 Director/11 Dokumen Identitas/Tambah Dokumen Identitas"), 3): Scroll to object 'Object Repository/GoAmlReport/07 Entity/Account Tab To/03 Director/11 Dokumen Identitas/Tambah Dokumen Identitas' successfully

2020-09-02 12:09:18 - [MESSAGE][PASSED] - Scroll to object 'Object Repository/GoAmlReport/07 Entity/Account Tab To/03 Director/11 Dokumen Identitas/Tambah Dokumen Identitas' successfully

2020-09-02 12:09:18 - [TEST_STEP][PASSED] - click(findTestObject("GoAmlReport/07 Entity/Account Tab To/03 Director/11 Dokumen Identitas/Tambah Dokumen Identitas")): Object: 'Object Repository/GoAmlReport/07 Entity/Account Tab To/03 Director/11 Dokumen Identitas/Tambah Dokumen Identitas' is clicked on

2020-09-02 12:09:19 - [MESSAGE][PASSED] - Object: 'Object Repository/GoAmlReport/07 Entity/Account Tab To/03 Director/11 Dokumen Identitas/Tambah Dokumen Identitas' is clicked on

2020-09-02 12:09:19 - [TEST_STEP][PASSED] - delay(3): Delayed 3 second(s)

2020-09-02 12:09:22 - [MESSAGE][PASSED] - Delayed 3 second(s)

2020-09-02 12:09:22 - [TEST_STEP][PASSED] - setText(findTestObject("GoAmlReport/07 Entity/Account Tab To/03 Director/11 Dokumen Identitas/01 Jenis Dokumen Identitas"), "SUKET - Surat Keterangan Kependudukan"): Text 'SUKET - Surat Keterangan Kependudukan' is set on object 'Object Repository/GoAmlReport/07 Entity/Account Tab To/03 Director/11 Dokumen Identitas/01 Jenis Dokumen Identitas'

2020-09-02 12:09:24 - [MESSAGE][PASSED] - Text 'SUKET - Surat Keterangan Kependudukan' is set on object 'Object Repository/GoAmlReport/07 Entity/Account Tab To/03 Director/11 Dokumen Identitas/01 Jenis Dokumen Identitas'

2020-09-02 12:09:24 - [TEST_STEP][PASSED] - delay(3): Delayed 3 second(s)

2020-09-02 12:09:27 - [MESSAGE][PASSED] - Delayed 3 second(s)

2020-09-02 12:09:27 - [TEST_STEP][PASSED] - sendKeys(findTestObject("GoAmlReport/07 Entity/Account Tab To/03 Director/11 Dokumen Identitas/01 Jenis Dokumen Identitas"), Keys.chord(ENTER)): Keys 'ENTER + ' sent to object: 'Object Repository/GoAmlReport/07 Entity/Account Tab To/03 Director/11 Dokumen Identitas/01 Jenis Dokumen Identitas'

2020-09-02 12:09:27 - [MESSAGE][PASSED] - Keys 'ENTER + ' sent to object: 'Object Repository/GoAmlReport/07 Entity/Account Tab To/03 Director/11 Dokumen Identitas/01 Jenis Dokumen Identitas'

2020-09-02 12:09:27 - [TEST_STEP][PASSED] - setText(findTestObject("GoAmlReport/07 Entity/Account Tab To/03 Director/11 Dokumen Identitas/02 No Identitas"), "12321444"): Text '12321444' is set on object 'Object Repository/GoAmlReport/07 Entity/Account Tab To/03 Director/11 Dokumen Identitas/02 No Identitas'

2020-09-02 12:09:28 - [MESSAGE][PASSED] - Text '12321444' is set on object 'Object Repository/GoAmlReport/07 Entity/Account Tab To/03 Director/11 Dokumen Identitas/02 No Identitas'

2020-09-02 12:09:28 - [TEST_STEP][PASSED] - setText(findTestObject("GoAmlReport/07 Entity/Account Tab To/03 Director/11 Dokumen Identitas/03 Negara Penerbit"), "ID - INDONESIA"): Text 'ID - INDONESIA' is set on object 'Object Repository/GoAmlReport/07 Entity/Account Tab To/03 Director/11 Dokumen Identitas/03 Negara Penerbit'

2020-09-02 12:09:29 - [MESSAGE][PASSED] - Text 'ID - INDONESIA' is set on object 'Object Repository/GoAmlReport/07 Entity/Account Tab To/03 Director/11 Dokumen Identitas/03 Negara Penerbit'

2020-09-02 12:09:29 - [TEST_STEP][PASSED] - delay(3): Delayed 3 second(s)

2020-09-02 12:09:32 - [MESSAGE][PASSED] - Delayed 3 second(s)

2020-09-02 12:09:32 - [TEST_STEP][PASSED] - sendKeys(findTestObject("GoAmlReport/07 Entity/Account Tab To/03 Director/11 Dokumen Identitas/03 Negara Penerbit"), Keys.chord(ENTER)): Keys 'ENTER + ' sent to object: 'Object Repository/GoAmlReport/07 Entity/Account Tab To/03 Director/11 Dokumen Identitas/03 Negara Penerbit'

2020-09-02 12:09:32 - [MESSAGE][PASSED] - Keys 'ENTER + ' sent to object: 'Object Repository/GoAmlReport/07 Entity/Account Tab To/03 Director/11 Dokumen Identitas/03 Negara Penerbit'

2020-09-02 12:09:32 - [TEST_STEP][PASSED] - click(findTestObject("GoAmlReport/07 Entity/Account Tab To/03 Director/11 Dokumen Identitas/Save")): Object: 'Object Repository/GoAmlReport/07 Entity/Account Tab To/03 Director/11 Dokumen Identitas/Save' is clicked on

2020-09-02 12:09:33 - [MESSAGE][PASSED] - Object: 'Object Repository/GoAmlReport/07 Entity/Account Tab To/03 Director/11 Dokumen Identitas/Save' is clicked on

2020-09-02 12:09:33 - [TEST_STEP][PASSED] - click(findTestObject("GoAmlReport/07 Entity/Account Tab To/03 Director/99 Save")): Object: 'Object Repository/GoAmlReport/07 Entity/Account Tab To/03 Director/99 Save' is clicked on

2020-09-02 12:09:35 - [MESSAGE][PASSED] - Object: 'Object Repository/GoAmlReport/07 Entity/Account Tab To/03 Director/99 Save' is clicked on

2020-09-02 12:09:35 - [TEST_STEP][PASSED] - delay(2): Delayed 2 second(s)

2020-09-02 12:09:37 - [MESSAGE][PASSED] - Delayed 2 second(s)

2020-09-02 12:09:37 - [MESSAGE][PASSED] - Call Test Case 'Test Cases/GoAML Report 5' successfully

2020-09-02 12:09:39 - [TEST_STEP][PASSED] - Video: Video recording for test case 'Test Cases/GoAML Report 1' .

2020-09-02 12:09:39 - [MESSAGE][INFO] - Video recording for test case 'Test Cases/GoAML Report 1' .
[[ATTACHMENT|D:\\poject\\goaml2\\Katalon\\GoAML\\Reports\\20200902_112954\\New Test Suite (1)\\20200902_112954/videos\\test_3.avi]]]]></system-out>
         <system-err><![CDATA[]]></system-err>
      </testcase>
      <testcase name="Test Cases/GoAML Report 1" time="708.358" classname="Test Cases/GoAML Report 1" status="PASSED">
         <system-out><![CDATA[2020-09-02 12:09:39 - [TEST_CASE][PASSED] - Test Cases/GoAML Report 1: Test Cases/GoAML Report 1

2020-09-02 12:09:39 - [TEST_STEP][PASSED] - openBrowser("http://goaml.southeastasia.cloudapp.azure.com/goaml/Default.aspx"): Browser is opened with url: 'http://goaml.southeastasia.cloudapp.azure.com/goaml/Default.aspx'

2020-09-02 12:09:39 - [MESSAGE][WARNING] - A browser is already opened. Closing browser and opening a new one

2020-09-02 12:09:41 - [MESSAGE][INFO] - Starting 'Chrome' driver

2020-09-02 12:09:41 - [MESSAGE][INFO] - User set preference: ['property', '']

2020-09-02 12:09:47 - [MESSAGE][PASSED] - Browser is opened with url: 'http://goaml.southeastasia.cloudapp.azure.com/goaml/Default.aspx'

2020-09-02 12:09:47 - [TEST_STEP][PASSED] - maximizeWindow(): Current window maximized

2020-09-02 12:09:50 - [MESSAGE][PASSED] - Current window maximized

2020-09-02 12:09:50 - [TEST_STEP][PASSED] - setText(findTestObject("All/UserName"), "anggi1"): Text 'anggi1' is set on object 'Object Repository/All/UserName'

2020-09-02 12:09:50 - [MESSAGE][PASSED] - Text 'anggi1' is set on object 'Object Repository/All/UserName'

2020-09-02 12:09:50 - [TEST_STEP][PASSED] - setEncryptedText(findTestObject("All/password"), "iFGeFYmXIrWy72D5I5E8Dw=="): Text ****** has been set on object 'Object Repository/All/password'

2020-09-02 12:09:51 - [MESSAGE][PASSED] - Text ****** has been set on object 'Object Repository/All/password'

2020-09-02 12:09:51 - [TEST_STEP][PASSED] - click(findTestObject("All/Sign In")): Object: 'Object Repository/All/Sign In' is clicked on

2020-09-02 12:09:54 - [MESSAGE][PASSED] - Object: 'Object Repository/All/Sign In' is clicked on

2020-09-02 12:09:54 - [TEST_STEP][PASSED] - delay(3): Delayed 3 second(s)

2020-09-02 12:09:57 - [MESSAGE][PASSED] - Delayed 3 second(s)

2020-09-02 12:09:57 - [TEST_STEP][PASSED] - setText(findTestObject("All/filter"), "Report"): Text 'Report' is set on object 'Object Repository/All/filter'

2020-09-02 12:09:57 - [MESSAGE][PASSED] - Text 'Report' is set on object 'Object Repository/All/filter'

2020-09-02 12:09:57 - [TEST_STEP][PASSED] - delay(1): Delayed 1 second(s)

2020-09-02 12:09:58 - [MESSAGE][PASSED] - Delayed 1 second(s)

2020-09-02 12:09:58 - [TEST_STEP][PASSED] - scrollToElement(findTestObject("GoAmlReport/View"), 3): Scroll to object 'Object Repository/GoAmlReport/View' successfully

2020-09-02 12:09:59 - [MESSAGE][PASSED] - Scroll to object 'Object Repository/GoAmlReport/View' successfully

2020-09-02 12:09:59 - [TEST_STEP][PASSED] - click(findTestObject("GoAmlReport/View")): Object: 'Object Repository/GoAmlReport/View' is clicked on

2020-09-02 12:09:59 - [MESSAGE][PASSED] - Object: 'Object Repository/GoAmlReport/View' is clicked on

2020-09-02 12:09:59 - [TEST_STEP][PASSED] - delay(3): Delayed 3 second(s)

2020-09-02 12:10:02 - [MESSAGE][PASSED] - Delayed 3 second(s)

2020-09-02 12:10:02 - [TEST_STEP][PASSED] - click(findTestObject("All/New Record")): Object: 'Object Repository/All/New Record' is clicked on

2020-09-02 12:10:03 - [MESSAGE][PASSED] - Object: 'Object Repository/All/New Record' is clicked on

2020-09-02 12:10:03 - [TEST_STEP][PASSED] - callTestCase(findTestCase("GoAML Report 2"), [:], STOP_ON_FAILURE): Call Test Case 'Test Cases/GoAML Report 2' successfully

2020-09-02 12:10:03 - [TEST_CASE][PASSED] - Test Cases/GoAML Report 2: Test Cases/GoAML Report 2

2020-09-02 12:10:03 - [TEST_STEP][PASSED] - for ([rowNum = 1, rowNum <= findTestData("GoAMLReport/General Information").getRowNumbers(), (rowNum++)]): Object: 'Object Repository/GoAmlReport/save indikator' is clicked on

2020-09-02 12:10:03 - [TEST_STEP][PASSED] - delay(90): Delayed 90 second(s)

2020-09-02 12:11:33 - [MESSAGE][PASSED] - Delayed 90 second(s)

2020-09-02 12:11:33 - [TEST_STEP][PASSED] - click(findTestObject("GoAmlReport/01 General Information/01 Jenis Laporan"), STOP_ON_FAILURE): Object: 'Object Repository/GoAmlReport/01 General Information/01 Jenis Laporan' is clicked on

2020-09-02 12:11:34 - [MESSAGE][PASSED] - Object: 'Object Repository/GoAmlReport/01 General Information/01 Jenis Laporan' is clicked on

2020-09-02 12:11:34 - [TEST_STEP][PASSED] - delay(20): Delayed 20 second(s)

2020-09-02 12:11:54 - [MESSAGE][PASSED] - Delayed 20 second(s)

2020-09-02 12:11:54 - [TEST_STEP][PASSED] - if (findTestData("GoAMLReport/General Information").getValue(1, rowNum) == "LAPT - LTKM"): null

2020-09-02 12:11:54 - [TEST_STEP][PASSED] - if (findTestData("GoAMLReport/General Information").getValue(1, rowNum) == "LTKM - LTKM"): null

2020-09-02 12:11:54 - [TEST_STEP][PASSED] - click(findTestObject("GoAmlReport/01 General Information/Isi Jenis Laporan/2 LTKM - LTKM")): Object: 'Object Repository/GoAmlReport/01 General Information/Isi Jenis Laporan/2 LTKM - LTKM' is clicked on

2020-09-02 12:11:54 - [MESSAGE][PASSED] - Object: 'Object Repository/GoAmlReport/01 General Information/Isi Jenis Laporan/2 LTKM - LTKM' is clicked on

2020-09-02 12:11:55 - [TEST_STEP][PASSED] - if (findTestData("GoAMLReport/General Information").getValue(4, rowNum) == "CaseManagement ID"): Keys 'ENTER + ' sent to object: 'Object Repository/GoAmlReport/01 General Information/05 Type Report'

2020-09-02 12:11:55 - [TEST_STEP][PASSED] - setText(findTestObject("GoAmlReport/01 General Information/05 Type Report"), "transaksi unik"): Text 'transaksi unik' is set on object 'Object Repository/GoAmlReport/01 General Information/05 Type Report'

2020-09-02 12:11:56 - [MESSAGE][PASSED] - Text 'transaksi unik' is set on object 'Object Repository/GoAmlReport/01 General Information/05 Type Report'

2020-09-02 12:11:56 - [TEST_STEP][PASSED] - delay(10): Delayed 10 second(s)

2020-09-02 12:12:06 - [MESSAGE][PASSED] - Delayed 10 second(s)

2020-09-02 12:12:06 - [TEST_STEP][PASSED] - sendKeys(findTestObject("GoAmlReport/01 General Information/05 Type Report"), Keys.chord(ENTER)): Keys 'ENTER + ' sent to object: 'Object Repository/GoAmlReport/01 General Information/05 Type Report'

2020-09-02 12:12:06 - [MESSAGE][PASSED] - Keys 'ENTER + ' sent to object: 'Object Repository/GoAmlReport/01 General Information/05 Type Report'

2020-09-02 12:12:06 - [TEST_STEP][PASSED] - if (findTestData("GoAMLReport/General Information").getValue(4, rowNum) == "CIF"): null

2020-09-02 12:12:06 - [TEST_STEP][PASSED] - if (findTestData("GoAMLReport/General Information").getValue(1, rowNum) == "LTKMH - LTKM"): null

2020-09-02 12:12:06 - [TEST_STEP][PASSED] - if (findTestData("GoAMLReport/General Information").getValue(1, rowNum) == "LTKMP - LTKM"): null

2020-09-02 12:12:06 - [TEST_STEP][PASSED] - if (findTestData("GoAMLReport/General Information").getValue(1, rowNum) == "LTKMT - LTKM"): null

2020-09-02 12:12:06 - [TEST_STEP][PASSED] - if (findTestData("GoAMLReport/General Information").getValue(1, rowNum) == "LTKTK - LTKT"): null

2020-09-02 12:12:06 - [TEST_STEP][PASSED] - if (findTestData("GoAMLReport/General Information").getValue(1, rowNum) == "LTKTM - LTKT"): null

2020-09-02 12:12:06 - [TEST_STEP][PASSED] - if (findTestData("GoAMLReport/General Information").getValue(1, rowNum) == "TKLIB - LTKL"): null

2020-09-02 12:12:06 - [TEST_STEP][PASSED] - if (findTestData("GoAMLReport/General Information").getValue(1, rowNum) == "TKLOB - LTKL"): null

2020-09-02 12:12:06 - [TEST_STEP][PASSED] - setText(findTestObject("GoAmlReport/01 General Information/02 Tgl Laporan"), findTestData("GoAMLReport/General Information").getValue(3, 1)): Text '26-May-99' is set on object 'Object Repository/GoAmlReport/01 General Information/02 Tgl Laporan'

2020-09-02 12:12:07 - [MESSAGE][PASSED] - Text '26-May-99' is set on object 'Object Repository/GoAmlReport/01 General Information/02 Tgl Laporan'

2020-09-02 12:12:07 - [TEST_STEP][PASSED] - setText(findTestObject("GoAmlReport/01 General Information/03 Alasan"), "No Reason"): Text 'No Reason' is set on object 'Object Repository/GoAmlReport/01 General Information/03 Alasan'

2020-09-02 12:12:08 - [MESSAGE][PASSED] - Text 'No Reason' is set on object 'Object Repository/GoAmlReport/01 General Information/03 Alasan'

2020-09-02 12:12:08 - [TEST_STEP][PASSED] - setText(findTestObject("GoAmlReport/01 General Information/04 Tidakan Pelapor"), "Tidak Bertindak"): Text 'Tidak Bertindak' is set on object 'Object Repository/GoAmlReport/01 General Information/04 Tidakan Pelapor'

2020-09-02 12:12:08 - [MESSAGE][PASSED] - Text 'Tidak Bertindak' is set on object 'Object Repository/GoAmlReport/01 General Information/04 Tidakan Pelapor'

2020-09-02 12:12:08 - [TEST_STEP][PASSED] - setText(findTestObject("GoAmlReport/01 General Information/06 No Value Report"), "Testing Anggi 2906"): Text 'Testing Anggi 2906' is set on object 'Object Repository/GoAmlReport/01 General Information/06 No Value Report'

2020-09-02 12:12:09 - [MESSAGE][PASSED] - Text 'Testing Anggi 2906' is set on object 'Object Repository/GoAmlReport/01 General Information/06 No Value Report'

2020-09-02 12:12:09 - [TEST_STEP][PASSED] - if (findTestData("GoAMLReport/General Information").getValue(6, rowNum) == "true"): Object: 'Object Repository/GoAmlReport/save indikator' is clicked on

2020-09-02 12:12:09 - [TEST_STEP][PASSED] - click(findTestObject("GoAmlReport/Indikator")): Object: 'Object Repository/GoAmlReport/Indikator' is clicked on

2020-09-02 12:12:10 - [MESSAGE][PASSED] - Object: 'Object Repository/GoAmlReport/Indikator' is clicked on

2020-09-02 12:12:10 - [TEST_STEP][PASSED] - delay(5): Delayed 5 second(s)

2020-09-02 12:12:15 - [MESSAGE][PASSED] - Delayed 5 second(s)

2020-09-02 12:12:15 - [TEST_STEP][PASSED] - setText(findTestObject("GoAmlReport/Indikator 2"), findTestData("GoAMLReport/General Information").getValue(7, rowNum)): Text 'Korupsi' is set on object 'Object Repository/GoAmlReport/Indikator 2'

2020-09-02 12:12:15 - [MESSAGE][PASSED] - Text 'Korupsi' is set on object 'Object Repository/GoAmlReport/Indikator 2'

2020-09-02 12:12:15 - [TEST_STEP][PASSED] - delay(3): Delayed 3 second(s)

2020-09-02 12:12:18 - [MESSAGE][PASSED] - Delayed 3 second(s)

2020-09-02 12:12:18 - [TEST_STEP][PASSED] - sendKeys(findTestObject("GoAmlReport/Indikator 2"), Keys.chord(ENTER)): Keys 'ENTER + ' sent to object: 'Object Repository/GoAmlReport/Indikator 2'

2020-09-02 12:12:19 - [MESSAGE][PASSED] - Keys 'ENTER + ' sent to object: 'Object Repository/GoAmlReport/Indikator 2'

2020-09-02 12:12:19 - [TEST_STEP][PASSED] - delay(2): Delayed 2 second(s)

2020-09-02 12:12:21 - [MESSAGE][PASSED] - Delayed 2 second(s)

2020-09-02 12:12:21 - [TEST_STEP][PASSED] - click(findTestObject("GoAmlReport/save indikator")): Object: 'Object Repository/GoAmlReport/save indikator' is clicked on

2020-09-02 12:12:21 - [MESSAGE][PASSED] - Object: 'Object Repository/GoAmlReport/save indikator' is clicked on

2020-09-02 12:12:21 - [MESSAGE][PASSED] - Call Test Case 'Test Cases/GoAML Report 2' successfully

2020-09-02 12:12:21 - [TEST_STEP][PASSED] - callTestCase(findTestCase("GoAML Report 3"), [:], STOP_ON_FAILURE): Call Test Case 'Test Cases/GoAML Report 3' successfully

2020-09-02 12:12:21 - [TEST_CASE][PASSED] - Test Cases/GoAML Report 3: Test Cases/GoAML Report 3

2020-09-02 12:12:21 - [TEST_STEP][PASSED] - for ([rowNum = 1, rowNum <= findTestData("GoAMLReport/Transaksi").getRowNumbers(), (rowNum++)]): Keys 'ENTER + ' sent to object: 'Object Repository/GoAmlReport/02 Transaksi/11 Type Trx'

2020-09-02 12:12:21 - [TEST_STEP][PASSED] - delay(6): Delayed 6 second(s)

2020-09-02 12:12:27 - [MESSAGE][PASSED] - Delayed 6 second(s)

2020-09-02 12:12:27 - [TEST_STEP][PASSED] - if (findTestData("GoAMLReport/Transaksi").getValue(1, rowNum) == "true"): Keys 'ENTER + ' sent to object: 'Object Repository/GoAmlReport/02 Transaksi/11 Type Trx'

2020-09-02 12:12:27 - [TEST_STEP][PASSED] - click(findTestObject("GoAmlReport/01 General Information/07 Tambah Transaksi")): Object: 'Object Repository/GoAmlReport/01 General Information/07 Tambah Transaksi' is clicked on

2020-09-02 12:12:28 - [MESSAGE][PASSED] - Object: 'Object Repository/GoAmlReport/01 General Information/07 Tambah Transaksi' is clicked on

2020-09-02 12:12:28 - [TEST_STEP][PASSED] - delay(6): Delayed 6 second(s)

2020-09-02 12:12:34 - [MESSAGE][PASSED] - Delayed 6 second(s)

2020-09-02 12:12:34 - [TEST_STEP][PASSED] - setText(findTestObject("GoAmlReport/Nomor Transaksi"), findTestData("GoAMLReport/Transaksi").getValue(12, rowNum)): Text '999' is set on object 'Object Repository/GoAmlReport/Nomor Transaksi'

2020-09-02 12:12:35 - [MESSAGE][PASSED] - Text '999' is set on object 'Object Repository/GoAmlReport/Nomor Transaksi'

2020-09-02 12:12:35 - [TEST_STEP][PASSED] - setText(findTestObject("GoAmlReport/02 Transaksi/01 No Ref Transaksi"), "12133746"): Text '12133746' is set on object 'Object Repository/GoAmlReport/02 Transaksi/01 No Ref Transaksi'

2020-09-02 12:12:35 - [MESSAGE][PASSED] - Text '12133746' is set on object 'Object Repository/GoAmlReport/02 Transaksi/01 No Ref Transaksi'

2020-09-02 12:12:35 - [TEST_STEP][PASSED] - setText(findTestObject("GoAmlReport/02 Transaksi/02 Lokasi Transaksi"), "Jakarta"): Text 'Jakarta' is set on object 'Object Repository/GoAmlReport/02 Transaksi/02 Lokasi Transaksi'

2020-09-02 12:12:36 - [MESSAGE][PASSED] - Text 'Jakarta' is set on object 'Object Repository/GoAmlReport/02 Transaksi/02 Lokasi Transaksi'

2020-09-02 12:12:36 - [TEST_STEP][PASSED] - setText(findTestObject("GoAmlReport/02 Transaksi/03 Keterangan Transaksi"), "Noted"): Text 'Noted' is set on object 'Object Repository/GoAmlReport/02 Transaksi/03 Keterangan Transaksi'

2020-09-02 12:12:37 - [MESSAGE][PASSED] - Text 'Noted' is set on object 'Object Repository/GoAmlReport/02 Transaksi/03 Keterangan Transaksi'

2020-09-02 12:12:37 - [TEST_STEP][PASSED] - setText(findTestObject("GoAmlReport/02 Transaksi/04 Tgl Transaksi"), findTestData("GoAMLReport/Transaksi").getValue(2, rowNum)): Text '27-May-99' is set on object 'Object Repository/GoAmlReport/02 Transaksi/04 Tgl Transaksi'

2020-09-02 12:12:37 - [MESSAGE][PASSED] - Text '27-May-99' is set on object 'Object Repository/GoAmlReport/02 Transaksi/04 Tgl Transaksi'

2020-09-02 12:12:37 - [TEST_STEP][PASSED] - setText(findTestObject("GoAmlReport/02 Transaksi/05 Nama Teller"), "Miss Teller"): Text 'Miss Teller' is set on object 'Object Repository/GoAmlReport/02 Transaksi/05 Nama Teller'

2020-09-02 12:12:38 - [MESSAGE][PASSED] - Text 'Miss Teller' is set on object 'Object Repository/GoAmlReport/02 Transaksi/05 Nama Teller'

2020-09-02 12:12:38 - [TEST_STEP][PASSED] - setText(findTestObject("GoAmlReport/02 Transaksi/06 Nama Pejabat"), "Mr Pejabat"): Text 'Mr Pejabat' is set on object 'Object Repository/GoAmlReport/02 Transaksi/06 Nama Pejabat'

2020-09-02 12:12:39 - [MESSAGE][PASSED] - Text 'Mr Pejabat' is set on object 'Object Repository/GoAmlReport/02 Transaksi/06 Nama Pejabat'

2020-09-02 12:12:39 - [TEST_STEP][PASSED] - setText(findTestObject("GoAmlReport/02 Transaksi/07 Tgl Pembukuan"), "01-May-20"): Text '01-May-20' is set on object 'Object Repository/GoAmlReport/02 Transaksi/07 Tgl Pembukuan'

2020-09-02 12:12:40 - [MESSAGE][PASSED] - Text '01-May-20' is set on object 'Object Repository/GoAmlReport/02 Transaksi/07 Tgl Pembukuan'

2020-09-02 12:12:40 - [TEST_STEP][PASSED] - delay(3): Delayed 3 second(s)

2020-09-02 12:12:43 - [MESSAGE][PASSED] - Delayed 3 second(s)

2020-09-02 12:12:43 - [TEST_STEP][PASSED] - sendKeys(findTestObject("GoAmlReport/02 Transaksi/07 Tgl Pembukuan"), Keys.chord(ENTER)): Keys 'ENTER + ' sent to object: 'Object Repository/GoAmlReport/02 Transaksi/07 Tgl Pembukuan'

2020-09-02 12:12:43 - [MESSAGE][PASSED] - Keys 'ENTER + ' sent to object: 'Object Repository/GoAmlReport/02 Transaksi/07 Tgl Pembukuan'

2020-09-02 12:12:43 - [TEST_STEP][PASSED] - scrollToElement(findTestObject("GoAmlReport/02 Transaksi/08 Cara Trx Dilakukan"), 3): Scroll to object 'Object Repository/GoAmlReport/02 Transaksi/08 Cara Trx Dilakukan' successfully

2020-09-02 12:12:43 - [MESSAGE][PASSED] - Scroll to object 'Object Repository/GoAmlReport/02 Transaksi/08 Cara Trx Dilakukan' successfully

2020-09-02 12:12:43 - [TEST_STEP][PASSED] - setText(findTestObject("GoAmlReport/02 Transaksi/08 Cara Trx Dilakukan"), findTestData("GoAMLReport/Transaksi").getValue(3, rowNum)): Text 'KRM-Pengiriman Uang' is set on object 'Object Repository/GoAmlReport/02 Transaksi/08 Cara Trx Dilakukan'

2020-09-02 12:12:44 - [MESSAGE][PASSED] - Text 'KRM-Pengiriman Uang' is set on object 'Object Repository/GoAmlReport/02 Transaksi/08 Cara Trx Dilakukan'

2020-09-02 12:12:44 - [TEST_STEP][PASSED] - delay(3): Delayed 3 second(s)

2020-09-02 12:12:47 - [MESSAGE][PASSED] - Delayed 3 second(s)

2020-09-02 12:12:47 - [TEST_STEP][PASSED] - sendKeys(findTestObject("GoAmlReport/02 Transaksi/08 Cara Trx Dilakukan"), Keys.chord(ENTER)): Keys 'ENTER + ' sent to object: 'Object Repository/GoAmlReport/02 Transaksi/08 Cara Trx Dilakukan'

2020-09-02 12:12:48 - [MESSAGE][PASSED] - Keys 'ENTER + ' sent to object: 'Object Repository/GoAmlReport/02 Transaksi/08 Cara Trx Dilakukan'

2020-09-02 12:12:48 - [TEST_STEP][PASSED] - scrollToElement(findTestObject("GoAmlReport/02 Transaksi/09 Cara Trx Lain"), 3): Scroll to object 'Object Repository/GoAmlReport/02 Transaksi/09 Cara Trx Lain' successfully

2020-09-02 12:12:48 - [MESSAGE][PASSED] - Scroll to object 'Object Repository/GoAmlReport/02 Transaksi/09 Cara Trx Lain' successfully

2020-09-02 12:12:48 - [TEST_STEP][PASSED] - setText(findTestObject("GoAmlReport/02 Transaksi/09 Cara Trx Lain"), "Tidak-Ada"): Text 'Tidak-Ada' is set on object 'Object Repository/GoAmlReport/02 Transaksi/09 Cara Trx Lain'

2020-09-02 12:12:49 - [MESSAGE][PASSED] - Text 'Tidak-Ada' is set on object 'Object Repository/GoAmlReport/02 Transaksi/09 Cara Trx Lain'

2020-09-02 12:12:49 - [TEST_STEP][PASSED] - scrollToElement(findTestObject("GoAmlReport/02 Transaksi/10 Nilai Trx (IDR)"), 3): Scroll to object 'Object Repository/GoAmlReport/02 Transaksi/10 Nilai Trx (IDR)' successfully

2020-09-02 12:12:49 - [MESSAGE][PASSED] - Scroll to object 'Object Repository/GoAmlReport/02 Transaksi/10 Nilai Trx (IDR)' successfully

2020-09-02 12:12:49 - [TEST_STEP][PASSED] - setText(findTestObject("GoAmlReport/02 Transaksi/10 Nilai Trx (IDR)"), findTestData("GoAMLReport/Transaksi").getValue(4, rowNum)): Text '500000000' is set on object 'Object Repository/GoAmlReport/02 Transaksi/10 Nilai Trx (IDR)'

2020-09-02 12:12:50 - [MESSAGE][PASSED] - Text '500000000' is set on object 'Object Repository/GoAmlReport/02 Transaksi/10 Nilai Trx (IDR)'

2020-09-02 12:12:50 - [TEST_STEP][PASSED] - setText(findTestObject("GoAmlReport/02 Transaksi/11 Type Trx"), findTestData("GoAMLReport/Transaksi").getValue(5, rowNum)): Text 'Bi-Party' is set on object 'Object Repository/GoAmlReport/02 Transaksi/11 Type Trx'

2020-09-02 12:12:51 - [MESSAGE][PASSED] - Text 'Bi-Party' is set on object 'Object Repository/GoAmlReport/02 Transaksi/11 Type Trx'

2020-09-02 12:12:51 - [TEST_STEP][PASSED] - delay(3): Delayed 3 second(s)

2020-09-02 12:12:54 - [MESSAGE][PASSED] - Delayed 3 second(s)

2020-09-02 12:12:54 - [TEST_STEP][PASSED] - sendKeys(findTestObject("GoAmlReport/02 Transaksi/11 Type Trx"), Keys.chord(ENTER)): Keys 'ENTER + ' sent to object: 'Object Repository/GoAmlReport/02 Transaksi/11 Type Trx'

2020-09-02 12:12:54 - [MESSAGE][PASSED] - Keys 'ENTER + ' sent to object: 'Object Repository/GoAmlReport/02 Transaksi/11 Type Trx'

2020-09-02 12:12:54 - [MESSAGE][PASSED] - Call Test Case 'Test Cases/GoAML Report 3' successfully

2020-09-02 12:12:54 - [TEST_STEP][PASSED] - callTestCase(findTestCase("Identitas Orang Mewakili Transaksi"), [:], STOP_ON_FAILURE): Call Test Case 'Test Cases/Identitas Orang Mewakili Transaksi' successfully

2020-09-02 12:12:54 - [TEST_CASE][PASSED] - Test Cases/Identitas Orang Mewakili Transaksi: Test Cases/Identitas Orang Mewakili Transaksi

2020-09-02 12:12:54 - [TEST_STEP][PASSED] - for ([rowNum = 1, rowNum <= findTestData("GoAMLReport/Transaksi").getRowNumbers(), (rowNum++)]): Object: 'Object Repository/GoAmlReport/08 Identitas Orang Mewakili Transaksi/07/08 Save' is clicked on

2020-09-02 12:12:54 - [TEST_STEP][PASSED] - delay(6): Delayed 6 second(s)

2020-09-02 12:13:00 - [MESSAGE][PASSED] - Delayed 6 second(s)

2020-09-02 12:13:00 - [TEST_STEP][PASSED] - if (findTestData("GoAMLReport/Transaksi").getValue(13, rowNum) == "true"): Object: 'Object Repository/GoAmlReport/08 Identitas Orang Mewakili Transaksi/07/08 Save' is clicked on

2020-09-02 12:13:00 - [TEST_STEP][PASSED] - click(findTestObject("GoAmlReport/08 Identitas Orang Mewakili Transaksi/01/01 Yes")): Object: 'Object Repository/GoAmlReport/08 Identitas Orang Mewakili Transaksi/01/01 Yes' is clicked on

2020-09-02 12:13:01 - [MESSAGE][PASSED] - Object: 'Object Repository/GoAmlReport/08 Identitas Orang Mewakili Transaksi/01/01 Yes' is clicked on

2020-09-02 12:13:01 - [TEST_STEP][PASSED] - delay(8): Delayed 8 second(s)

2020-09-02 12:13:09 - [MESSAGE][PASSED] - Delayed 8 second(s)

2020-09-02 12:13:09 - [TEST_STEP][PASSED] - setText(findTestObject("GoAmlReport/08 Identitas Orang Mewakili Transaksi/01/02 Jenis Kelamin"), "F - Female"): Text 'F - Female' is set on object 'Object Repository/GoAmlReport/08 Identitas Orang Mewakili Transaksi/01/02 Jenis Kelamin'

2020-09-02 12:13:10 - [MESSAGE][PASSED] - Text 'F - Female' is set on object 'Object Repository/GoAmlReport/08 Identitas Orang Mewakili Transaksi/01/02 Jenis Kelamin'

2020-09-02 12:13:10 - [TEST_STEP][PASSED] - delay(3): Delayed 3 second(s)

2020-09-02 12:13:13 - [MESSAGE][PASSED] - Delayed 3 second(s)

2020-09-02 12:13:13 - [TEST_STEP][PASSED] - sendKeys(findTestObject("GoAmlReport/08 Identitas Orang Mewakili Transaksi/01/02 Jenis Kelamin"), Keys.chord(ENTER)): Keys 'ENTER + ' sent to object: 'Object Repository/GoAmlReport/08 Identitas Orang Mewakili Transaksi/01/02 Jenis Kelamin'

2020-09-02 12:13:13 - [MESSAGE][PASSED] - Keys 'ENTER + ' sent to object: 'Object Repository/GoAmlReport/08 Identitas Orang Mewakili Transaksi/01/02 Jenis Kelamin'

2020-09-02 12:13:13 - [TEST_STEP][PASSED] - setText(findTestObject("GoAmlReport/08 Identitas Orang Mewakili Transaksi/01/03 Gelar"), "Missfortune"): Text 'Missfortune' is set on object 'Object Repository/GoAmlReport/08 Identitas Orang Mewakili Transaksi/01/03 Gelar'

2020-09-02 12:13:14 - [MESSAGE][PASSED] - Text 'Missfortune' is set on object 'Object Repository/GoAmlReport/08 Identitas Orang Mewakili Transaksi/01/03 Gelar'

2020-09-02 12:13:14 - [TEST_STEP][PASSED] - setText(findTestObject("GoAmlReport/08 Identitas Orang Mewakili Transaksi/01/04 Nama Lengkap"), "Anggi Firmansah"): Text 'Anggi Firmansah' is set on object 'Object Repository/GoAmlReport/08 Identitas Orang Mewakili Transaksi/01/04 Nama Lengkap'

2020-09-02 12:13:15 - [MESSAGE][PASSED] - Text 'Anggi Firmansah' is set on object 'Object Repository/GoAmlReport/08 Identitas Orang Mewakili Transaksi/01/04 Nama Lengkap'

2020-09-02 12:13:15 - [TEST_STEP][PASSED] - setText(findTestObject("GoAmlReport/08 Identitas Orang Mewakili Transaksi/01/05 Tanggl Lahir"), "13-Mar-93"): Text '13-Mar-93' is set on object 'Object Repository/GoAmlReport/08 Identitas Orang Mewakili Transaksi/01/05 Tanggl Lahir'

2020-09-02 12:13:16 - [MESSAGE][PASSED] - Text '13-Mar-93' is set on object 'Object Repository/GoAmlReport/08 Identitas Orang Mewakili Transaksi/01/05 Tanggl Lahir'

2020-09-02 12:13:16 - [TEST_STEP][PASSED] - delay(3): Delayed 3 second(s)

2020-09-02 12:13:19 - [MESSAGE][PASSED] - Delayed 3 second(s)

2020-09-02 12:13:19 - [TEST_STEP][PASSED] - sendKeys(findTestObject("GoAmlReport/08 Identitas Orang Mewakili Transaksi/01/05 Tanggl Lahir"), Keys.chord(ENTER)): Keys 'ENTER + ' sent to object: 'Object Repository/GoAmlReport/08 Identitas Orang Mewakili Transaksi/01/05 Tanggl Lahir'

2020-09-02 12:13:19 - [MESSAGE][PASSED] - Keys 'ENTER + ' sent to object: 'Object Repository/GoAmlReport/08 Identitas Orang Mewakili Transaksi/01/05 Tanggl Lahir'

2020-09-02 12:13:19 - [TEST_STEP][PASSED] - setText(findTestObject("GoAmlReport/08 Identitas Orang Mewakili Transaksi/01/06 Tempat Lahir"), "Jakarta"): Text 'Jakarta' is set on object 'Object Repository/GoAmlReport/08 Identitas Orang Mewakili Transaksi/01/06 Tempat Lahir'

2020-09-02 12:13:20 - [MESSAGE][PASSED] - Text 'Jakarta' is set on object 'Object Repository/GoAmlReport/08 Identitas Orang Mewakili Transaksi/01/06 Tempat Lahir'

2020-09-02 12:13:20 - [TEST_STEP][PASSED] - setText(findTestObject("GoAmlReport/08 Identitas Orang Mewakili Transaksi/01/07 Nama Ibu Kandung"), "Ibu"): Text 'Ibu' is set on object 'Object Repository/GoAmlReport/08 Identitas Orang Mewakili Transaksi/01/07 Nama Ibu Kandung'

2020-09-02 12:13:21 - [MESSAGE][PASSED] - Text 'Ibu' is set on object 'Object Repository/GoAmlReport/08 Identitas Orang Mewakili Transaksi/01/07 Nama Ibu Kandung'

2020-09-02 12:13:21 - [TEST_STEP][PASSED] - setText(findTestObject("GoAmlReport/08 Identitas Orang Mewakili Transaksi/01/09 NIK"), "31333"): Text '31333' is set on object 'Object Repository/GoAmlReport/08 Identitas Orang Mewakili Transaksi/01/09 NIK'

2020-09-02 12:13:21 - [MESSAGE][PASSED] - Text '31333' is set on object 'Object Repository/GoAmlReport/08 Identitas Orang Mewakili Transaksi/01/09 NIK'

2020-09-02 12:13:21 - [TEST_STEP][PASSED] - setText(findTestObject("GoAmlReport/08 Identitas Orang Mewakili Transaksi/01/10 No Passpor"), "123444"): Text '123444' is set on object 'Object Repository/GoAmlReport/08 Identitas Orang Mewakili Transaksi/01/10 No Passpor'

2020-09-02 12:13:22 - [MESSAGE][PASSED] - Text '123444' is set on object 'Object Repository/GoAmlReport/08 Identitas Orang Mewakili Transaksi/01/10 No Passpor'

2020-09-02 12:13:22 - [TEST_STEP][PASSED] - setText(findTestObject("GoAmlReport/08 Identitas Orang Mewakili Transaksi/01/11 Negara Penerbit Paspor"), "Indonesia"): Text 'Indonesia' is set on object 'Object Repository/GoAmlReport/08 Identitas Orang Mewakili Transaksi/01/11 Negara Penerbit Paspor'

2020-09-02 12:13:22 - [MESSAGE][PASSED] - Text 'Indonesia' is set on object 'Object Repository/GoAmlReport/08 Identitas Orang Mewakili Transaksi/01/11 Negara Penerbit Paspor'

2020-09-02 12:13:22 - [TEST_STEP][PASSED] - delay(3): Delayed 3 second(s)

2020-09-02 12:13:25 - [MESSAGE][PASSED] - Delayed 3 second(s)

2020-09-02 12:13:25 - [TEST_STEP][PASSED] - sendKeys(findTestObject("GoAmlReport/08 Identitas Orang Mewakili Transaksi/01/11 Negara Penerbit Paspor"), Keys.chord(ENTER)): Keys 'ENTER + ' sent to object: 'Object Repository/GoAmlReport/08 Identitas Orang Mewakili Transaksi/01/11 Negara Penerbit Paspor'

2020-09-02 12:13:26 - [MESSAGE][PASSED] - Keys 'ENTER + ' sent to object: 'Object Repository/GoAmlReport/08 Identitas Orang Mewakili Transaksi/01/11 Negara Penerbit Paspor'

2020-09-02 12:13:26 - [TEST_STEP][PASSED] - setText(findTestObject("GoAmlReport/08 Identitas Orang Mewakili Transaksi/01/12 No Identitas Lain"), "555555555"): Text '555555555' is set on object 'Object Repository/GoAmlReport/08 Identitas Orang Mewakili Transaksi/01/12 No Identitas Lain'

2020-09-02 12:13:27 - [MESSAGE][PASSED] - Text '555555555' is set on object 'Object Repository/GoAmlReport/08 Identitas Orang Mewakili Transaksi/01/12 No Identitas Lain'

2020-09-02 12:13:27 - [TEST_STEP][PASSED] - setText(findTestObject("GoAmlReport/08 Identitas Orang Mewakili Transaksi/04/01 Kwrg 1"), "ID - INDONESIA"): Text 'ID - INDONESIA' is set on object 'Object Repository/GoAmlReport/08 Identitas Orang Mewakili Transaksi/04/01 Kwrg 1'

2020-09-02 12:13:27 - [MESSAGE][PASSED] - Text 'ID - INDONESIA' is set on object 'Object Repository/GoAmlReport/08 Identitas Orang Mewakili Transaksi/04/01 Kwrg 1'

2020-09-02 12:13:27 - [TEST_STEP][PASSED] - delay(3): Delayed 3 second(s)

2020-09-02 12:13:30 - [MESSAGE][PASSED] - Delayed 3 second(s)

2020-09-02 12:13:30 - [TEST_STEP][PASSED] - sendKeys(findTestObject("GoAmlReport/08 Identitas Orang Mewakili Transaksi/04/01 Kwrg 1"), Keys.chord(ENTER)): Keys 'ENTER + ' sent to object: 'Object Repository/GoAmlReport/08 Identitas Orang Mewakili Transaksi/04/01 Kwrg 1'

2020-09-02 12:13:31 - [MESSAGE][PASSED] - Keys 'ENTER + ' sent to object: 'Object Repository/GoAmlReport/08 Identitas Orang Mewakili Transaksi/04/01 Kwrg 1'

2020-09-02 12:13:31 - [TEST_STEP][PASSED] - setText(findTestObject("GoAmlReport/08 Identitas Orang Mewakili Transaksi/04/02 Kwrg 2"), "ID - INDONESIA"): Text 'ID - INDONESIA' is set on object 'Object Repository/GoAmlReport/08 Identitas Orang Mewakili Transaksi/04/02 Kwrg 2'

2020-09-02 12:13:32 - [MESSAGE][PASSED] - Text 'ID - INDONESIA' is set on object 'Object Repository/GoAmlReport/08 Identitas Orang Mewakili Transaksi/04/02 Kwrg 2'

2020-09-02 12:13:32 - [TEST_STEP][PASSED] - delay(3): Delayed 3 second(s)

2020-09-02 12:13:35 - [MESSAGE][PASSED] - Delayed 3 second(s)

2020-09-02 12:13:35 - [TEST_STEP][PASSED] - sendKeys(findTestObject("GoAmlReport/08 Identitas Orang Mewakili Transaksi/04/02 Kwrg 2"), Keys.chord(ENTER)): Keys 'ENTER + ' sent to object: 'Object Repository/GoAmlReport/08 Identitas Orang Mewakili Transaksi/04/02 Kwrg 2'

2020-09-02 12:13:35 - [MESSAGE][PASSED] - Keys 'ENTER + ' sent to object: 'Object Repository/GoAmlReport/08 Identitas Orang Mewakili Transaksi/04/02 Kwrg 2'

2020-09-02 12:13:35 - [TEST_STEP][PASSED] - setText(findTestObject("GoAmlReport/08 Identitas Orang Mewakili Transaksi/04/03 Kwrg 3"), "ID - INDONESIA"): Text 'ID - INDONESIA' is set on object 'Object Repository/GoAmlReport/08 Identitas Orang Mewakili Transaksi/04/03 Kwrg 3'

2020-09-02 12:13:36 - [MESSAGE][PASSED] - Text 'ID - INDONESIA' is set on object 'Object Repository/GoAmlReport/08 Identitas Orang Mewakili Transaksi/04/03 Kwrg 3'

2020-09-02 12:13:36 - [TEST_STEP][PASSED] - delay(3): Delayed 3 second(s)

2020-09-02 12:13:39 - [MESSAGE][PASSED] - Delayed 3 second(s)

2020-09-02 12:13:39 - [TEST_STEP][PASSED] - sendKeys(findTestObject("GoAmlReport/08 Identitas Orang Mewakili Transaksi/04/03 Kwrg 3"), Keys.chord(ENTER)): Keys 'ENTER + ' sent to object: 'Object Repository/GoAmlReport/08 Identitas Orang Mewakili Transaksi/04/03 Kwrg 3'

2020-09-02 12:13:40 - [MESSAGE][PASSED] - Keys 'ENTER + ' sent to object: 'Object Repository/GoAmlReport/08 Identitas Orang Mewakili Transaksi/04/03 Kwrg 3'

2020-09-02 12:13:40 - [TEST_STEP][PASSED] - delay(3): Delayed 3 second(s)

2020-09-02 12:13:43 - [MESSAGE][PASSED] - Delayed 3 second(s)

2020-09-02 12:13:43 - [TEST_STEP][PASSED] - sendKeys(findTestObject("GoAmlReport/08 Identitas Orang Mewakili Transaksi/04/04 Negara Domisili"), "ID - INDONESIA"): Keys 'ID - INDONESIA' sent to object: 'Object Repository/GoAmlReport/08 Identitas Orang Mewakili Transaksi/04/04 Negara Domisili'

2020-09-02 12:13:43 - [MESSAGE][PASSED] - Keys 'ID - INDONESIA' sent to object: 'Object Repository/GoAmlReport/08 Identitas Orang Mewakili Transaksi/04/04 Negara Domisili'

2020-09-02 12:13:43 - [TEST_STEP][PASSED] - delay(3): Delayed 3 second(s)

2020-09-02 12:13:46 - [MESSAGE][PASSED] - Delayed 3 second(s)

2020-09-02 12:13:46 - [TEST_STEP][PASSED] - sendKeys(findTestObject("GoAmlReport/08 Identitas Orang Mewakili Transaksi/04/04 Negara Domisili"), Keys.chord(ENTER)): Keys 'ENTER + ' sent to object: 'Object Repository/GoAmlReport/08 Identitas Orang Mewakili Transaksi/04/04 Negara Domisili'

2020-09-02 12:13:47 - [MESSAGE][PASSED] - Keys 'ENTER + ' sent to object: 'Object Repository/GoAmlReport/08 Identitas Orang Mewakili Transaksi/04/04 Negara Domisili'

2020-09-02 12:13:47 - [TEST_STEP][PASSED] - scrollToElement(findTestObject("GoAmlReport/08 Identitas Orang Mewakili Transaksi/04/10 Pekerjaa"), 3): Scroll to object 'Object Repository/GoAmlReport/08 Identitas Orang Mewakili Transaksi/04/10 Pekerjaa' successfully

2020-09-02 12:13:47 - [MESSAGE][PASSED] - Scroll to object 'Object Repository/GoAmlReport/08 Identitas Orang Mewakili Transaksi/04/10 Pekerjaa' successfully

2020-09-02 12:13:47 - [TEST_STEP][PASSED] - setText(findTestObject("GoAmlReport/08 Identitas Orang Mewakili Transaksi/04/10 Pekerjaa"), "IT IT an"): Text 'IT IT an' is set on object 'Object Repository/GoAmlReport/08 Identitas Orang Mewakili Transaksi/04/10 Pekerjaa'

2020-09-02 12:13:48 - [MESSAGE][PASSED] - Text 'IT IT an' is set on object 'Object Repository/GoAmlReport/08 Identitas Orang Mewakili Transaksi/04/10 Pekerjaa'

2020-09-02 12:13:48 - [TEST_STEP][PASSED] - scrollToElement(findTestObject("GoAmlReport/08 Identitas Orang Mewakili Transaksi/04/11 Tempat Bekerja"), 3): Scroll to object 'Object Repository/GoAmlReport/08 Identitas Orang Mewakili Transaksi/04/11 Tempat Bekerja' successfully

2020-09-02 12:13:48 - [MESSAGE][PASSED] - Scroll to object 'Object Repository/GoAmlReport/08 Identitas Orang Mewakili Transaksi/04/11 Tempat Bekerja' successfully

2020-09-02 12:13:48 - [TEST_STEP][PASSED] - setText(findTestObject("GoAmlReport/08 Identitas Orang Mewakili Transaksi/04/11 Tempat Bekerja"), "JAKARTA"): Text 'JAKARTA' is set on object 'Object Repository/GoAmlReport/08 Identitas Orang Mewakili Transaksi/04/11 Tempat Bekerja'

2020-09-02 12:13:49 - [MESSAGE][PASSED] - Text 'JAKARTA' is set on object 'Object Repository/GoAmlReport/08 Identitas Orang Mewakili Transaksi/04/11 Tempat Bekerja'

2020-09-02 12:13:49 - [TEST_STEP][PASSED] - setText(findTestObject("GoAmlReport/08 Identitas Orang Mewakili Transaksi/07/10 Sumber Dana"), "Maling"): Text 'Maling' is set on object 'Object Repository/GoAmlReport/08 Identitas Orang Mewakili Transaksi/07/10 Sumber Dana'

2020-09-02 12:13:50 - [MESSAGE][PASSED] - Text 'Maling' is set on object 'Object Repository/GoAmlReport/08 Identitas Orang Mewakili Transaksi/07/10 Sumber Dana'

2020-09-02 12:13:50 - [TEST_STEP][PASSED] - setText(findTestObject("GoAmlReport/08 Identitas Orang Mewakili Transaksi/07/11 Catatan"), "tydacc addacc"): Text 'tydacc addacc' is set on object 'Object Repository/GoAmlReport/08 Identitas Orang Mewakili Transaksi/07/11 Catatan'

2020-09-02 12:13:50 - [MESSAGE][PASSED] - Text 'tydacc addacc' is set on object 'Object Repository/GoAmlReport/08 Identitas Orang Mewakili Transaksi/07/11 Catatan'

2020-09-02 12:13:50 - [TEST_STEP][PASSED] - scrollToElement(findTestObject("GoAmlReport/08 Identitas Orang Mewakili Transaksi/02/01 Add"), 3): Scroll to object 'Object Repository/GoAmlReport/08 Identitas Orang Mewakili Transaksi/02/01 Add' successfully

2020-09-02 12:13:51 - [MESSAGE][PASSED] - Scroll to object 'Object Repository/GoAmlReport/08 Identitas Orang Mewakili Transaksi/02/01 Add' successfully

2020-09-02 12:13:51 - [TEST_STEP][PASSED] - click(findTestObject("GoAmlReport/08 Identitas Orang Mewakili Transaksi/02/01 Add")): Object: 'Object Repository/GoAmlReport/08 Identitas Orang Mewakili Transaksi/02/01 Add' is clicked on

2020-09-02 12:13:51 - [MESSAGE][PASSED] - Object: 'Object Repository/GoAmlReport/08 Identitas Orang Mewakili Transaksi/02/01 Add' is clicked on

2020-09-02 12:13:51 - [TEST_STEP][PASSED] - delay(5): Delayed 5 second(s)

2020-09-02 12:13:56 - [MESSAGE][PASSED] - Delayed 5 second(s)

2020-09-02 12:13:56 - [TEST_STEP][PASSED] - setText(findTestObject("GoAmlReport/08 Identitas Orang Mewakili Transaksi/02/02 Kategori Kontak"), "D - Domisili"): Text 'D - Domisili' is set on object 'Object Repository/GoAmlReport/08 Identitas Orang Mewakili Transaksi/02/02 Kategori Kontak'

2020-09-02 12:13:57 - [MESSAGE][PASSED] - Text 'D - Domisili' is set on object 'Object Repository/GoAmlReport/08 Identitas Orang Mewakili Transaksi/02/02 Kategori Kontak'

2020-09-02 12:13:57 - [TEST_STEP][PASSED] - delay(3): Delayed 3 second(s)

2020-09-02 12:14:00 - [MESSAGE][PASSED] - Delayed 3 second(s)

2020-09-02 12:14:00 - [TEST_STEP][PASSED] - sendKeys(findTestObject("GoAmlReport/08 Identitas Orang Mewakili Transaksi/02/02 Kategori Kontak"), Keys.chord(ENTER)): Keys 'ENTER + ' sent to object: 'Object Repository/GoAmlReport/08 Identitas Orang Mewakili Transaksi/02/02 Kategori Kontak'

2020-09-02 12:14:00 - [MESSAGE][PASSED] - Keys 'ENTER + ' sent to object: 'Object Repository/GoAmlReport/08 Identitas Orang Mewakili Transaksi/02/02 Kategori Kontak'

2020-09-02 12:14:00 - [TEST_STEP][PASSED] - setText(findTestObject("GoAmlReport/08 Identitas Orang Mewakili Transaksi/02/03 Alat Komunikasi"), "PSTN - PSTN"): Text 'PSTN - PSTN' is set on object 'Object Repository/GoAmlReport/08 Identitas Orang Mewakili Transaksi/02/03 Alat Komunikasi'

2020-09-02 12:14:01 - [MESSAGE][PASSED] - Text 'PSTN - PSTN' is set on object 'Object Repository/GoAmlReport/08 Identitas Orang Mewakili Transaksi/02/03 Alat Komunikasi'

2020-09-02 12:14:01 - [TEST_STEP][PASSED] - delay(3): Delayed 3 second(s)

2020-09-02 12:14:04 - [MESSAGE][PASSED] - Delayed 3 second(s)

2020-09-02 12:14:04 - [TEST_STEP][PASSED] - sendKeys(findTestObject("GoAmlReport/08 Identitas Orang Mewakili Transaksi/02/03 Alat Komunikasi"), Keys.chord(ENTER)): Keys 'ENTER + ' sent to object: 'Object Repository/GoAmlReport/08 Identitas Orang Mewakili Transaksi/02/03 Alat Komunikasi'

2020-09-02 12:14:05 - [MESSAGE][PASSED] - Keys 'ENTER + ' sent to object: 'Object Repository/GoAmlReport/08 Identitas Orang Mewakili Transaksi/02/03 Alat Komunikasi'

2020-09-02 12:14:05 - [TEST_STEP][PASSED] - setText(findTestObject("GoAmlReport/08 Identitas Orang Mewakili Transaksi/02/05 Nomor Telepon"), "0986745632"): Text '0986745632' is set on object 'Object Repository/GoAmlReport/08 Identitas Orang Mewakili Transaksi/02/05 Nomor Telepon'

2020-09-02 12:14:05 - [MESSAGE][PASSED] - Text '0986745632' is set on object 'Object Repository/GoAmlReport/08 Identitas Orang Mewakili Transaksi/02/05 Nomor Telepon'

2020-09-02 12:14:05 - [TEST_STEP][PASSED] - delay(2): Delayed 2 second(s)

2020-09-02 12:14:07 - [MESSAGE][PASSED] - Delayed 2 second(s)

2020-09-02 12:14:07 - [TEST_STEP][PASSED] - scrollToElement(findTestObject("GoAmlReport/08 Identitas Orang Mewakili Transaksi/02/08 Save"), 3): Scroll to object 'Object Repository/GoAmlReport/08 Identitas Orang Mewakili Transaksi/02/08 Save' successfully

2020-09-02 12:14:08 - [MESSAGE][PASSED] - Scroll to object 'Object Repository/GoAmlReport/08 Identitas Orang Mewakili Transaksi/02/08 Save' successfully

2020-09-02 12:14:08 - [TEST_STEP][PASSED] - click(findTestObject("GoAmlReport/08 Identitas Orang Mewakili Transaksi/02/08 Save")): Object: 'Object Repository/GoAmlReport/08 Identitas Orang Mewakili Transaksi/02/08 Save' is clicked on

2020-09-02 12:14:08 - [MESSAGE][PASSED] - Object: 'Object Repository/GoAmlReport/08 Identitas Orang Mewakili Transaksi/02/08 Save' is clicked on

2020-09-02 12:14:08 - [TEST_STEP][PASSED] - delay(5): Delayed 5 second(s)

2020-09-02 12:14:13 - [MESSAGE][PASSED] - Delayed 5 second(s)

2020-09-02 12:14:13 - [TEST_STEP][PASSED] - scrollToElement(findTestObject("GoAmlReport/08 Identitas Orang Mewakili Transaksi/03/01 Add"), 3): Scroll to object 'Object Repository/GoAmlReport/08 Identitas Orang Mewakili Transaksi/03/01 Add' successfully

2020-09-02 12:14:14 - [MESSAGE][PASSED] - Scroll to object 'Object Repository/GoAmlReport/08 Identitas Orang Mewakili Transaksi/03/01 Add' successfully

2020-09-02 12:14:14 - [TEST_STEP][PASSED] - click(findTestObject("GoAmlReport/08 Identitas Orang Mewakili Transaksi/03/01 Add")): Object: 'Object Repository/GoAmlReport/08 Identitas Orang Mewakili Transaksi/03/01 Add' is clicked on

2020-09-02 12:14:14 - [MESSAGE][PASSED] - Object: 'Object Repository/GoAmlReport/08 Identitas Orang Mewakili Transaksi/03/01 Add' is clicked on

2020-09-02 12:14:14 - [TEST_STEP][PASSED] - delay(5): Delayed 5 second(s)

2020-09-02 12:14:19 - [MESSAGE][PASSED] - Delayed 5 second(s)

2020-09-02 12:14:19 - [TEST_STEP][PASSED] - setText(findTestObject("GoAmlReport/08 Identitas Orang Mewakili Transaksi/03/02 Tipe Alamat"), "D - Domisili"): Text 'D - Domisili' is set on object 'Object Repository/GoAmlReport/08 Identitas Orang Mewakili Transaksi/03/02 Tipe Alamat'

2020-09-02 12:14:20 - [MESSAGE][PASSED] - Text 'D - Domisili' is set on object 'Object Repository/GoAmlReport/08 Identitas Orang Mewakili Transaksi/03/02 Tipe Alamat'

2020-09-02 12:14:20 - [TEST_STEP][PASSED] - delay(5): Delayed 5 second(s)

2020-09-02 12:14:25 - [MESSAGE][PASSED] - Delayed 5 second(s)

2020-09-02 12:14:25 - [TEST_STEP][PASSED] - sendKeys(findTestObject("GoAmlReport/08 Identitas Orang Mewakili Transaksi/03/02 Tipe Alamat"), Keys.chord(ENTER)): Keys 'ENTER + ' sent to object: 'Object Repository/GoAmlReport/08 Identitas Orang Mewakili Transaksi/03/02 Tipe Alamat'

2020-09-02 12:14:26 - [MESSAGE][PASSED] - Keys 'ENTER + ' sent to object: 'Object Repository/GoAmlReport/08 Identitas Orang Mewakili Transaksi/03/02 Tipe Alamat'

2020-09-02 12:14:26 - [TEST_STEP][PASSED] - setText(findTestObject("GoAmlReport/08 Identitas Orang Mewakili Transaksi/03/03 Alamat"), "Jl. sdhjsadkjsnadklsandkjasd"): Text 'Jl. sdhjsadkjsnadklsandkjasd' is set on object 'Object Repository/GoAmlReport/08 Identitas Orang Mewakili Transaksi/03/03 Alamat'

2020-09-02 12:14:26 - [MESSAGE][PASSED] - Text 'Jl. sdhjsadkjsnadklsandkjasd' is set on object 'Object Repository/GoAmlReport/08 Identitas Orang Mewakili Transaksi/03/03 Alamat'

2020-09-02 12:14:26 - [TEST_STEP][PASSED] - setText(findTestObject("GoAmlReport/08 Identitas Orang Mewakili Transaksi/03/05 Kota"), "Jakarta"): Text 'Jakarta' is set on object 'Object Repository/GoAmlReport/08 Identitas Orang Mewakili Transaksi/03/05 Kota'

2020-09-02 12:14:27 - [MESSAGE][PASSED] - Text 'Jakarta' is set on object 'Object Repository/GoAmlReport/08 Identitas Orang Mewakili Transaksi/03/05 Kota'

2020-09-02 12:14:27 - [TEST_STEP][PASSED] - setText(findTestObject("GoAmlReport/08 Identitas Orang Mewakili Transaksi/03/07 Negara"), "ID - INDONESIA"): Text 'ID - INDONESIA' is set on object 'Object Repository/GoAmlReport/08 Identitas Orang Mewakili Transaksi/03/07 Negara'

2020-09-02 12:14:28 - [MESSAGE][PASSED] - Text 'ID - INDONESIA' is set on object 'Object Repository/GoAmlReport/08 Identitas Orang Mewakili Transaksi/03/07 Negara'

2020-09-02 12:14:28 - [TEST_STEP][PASSED] - delay(3): Delayed 3 second(s)

2020-09-02 12:14:31 - [MESSAGE][PASSED] - Delayed 3 second(s)

2020-09-02 12:14:31 - [TEST_STEP][PASSED] - sendKeys(findTestObject("GoAmlReport/08 Identitas Orang Mewakili Transaksi/03/07 Negara"), Keys.chord(ENTER)): Keys 'ENTER + ' sent to object: 'Object Repository/GoAmlReport/08 Identitas Orang Mewakili Transaksi/03/07 Negara'

2020-09-02 12:14:31 - [MESSAGE][PASSED] - Keys 'ENTER + ' sent to object: 'Object Repository/GoAmlReport/08 Identitas Orang Mewakili Transaksi/03/07 Negara'

2020-09-02 12:14:31 - [TEST_STEP][PASSED] - delay(2): Delayed 2 second(s)

2020-09-02 12:14:33 - [MESSAGE][PASSED] - Delayed 2 second(s)

2020-09-02 12:14:33 - [TEST_STEP][PASSED] - click(findTestObject("GoAmlReport/08 Identitas Orang Mewakili Transaksi/03/10 Save")): Object: 'Object Repository/GoAmlReport/08 Identitas Orang Mewakili Transaksi/03/10 Save' is clicked on

2020-09-02 12:14:34 - [MESSAGE][PASSED] - Object: 'Object Repository/GoAmlReport/08 Identitas Orang Mewakili Transaksi/03/10 Save' is clicked on

2020-09-02 12:14:34 - [TEST_STEP][PASSED] - delay(2): Delayed 2 second(s)

2020-09-02 12:14:36 - [MESSAGE][PASSED] - Delayed 2 second(s)

2020-09-02 12:14:36 - [TEST_STEP][PASSED] - scrollToElement(findTestObject("GoAmlReport/08 Identitas Orang Mewakili Transaksi/05/01 Add"), 3): Scroll to object 'Object Repository/GoAmlReport/08 Identitas Orang Mewakili Transaksi/05/01 Add' successfully

2020-09-02 12:14:36 - [MESSAGE][PASSED] - Scroll to object 'Object Repository/GoAmlReport/08 Identitas Orang Mewakili Transaksi/05/01 Add' successfully

2020-09-02 12:14:36 - [TEST_STEP][PASSED] - click(findTestObject("GoAmlReport/08 Identitas Orang Mewakili Transaksi/05/01 Add")): Object: 'Object Repository/GoAmlReport/08 Identitas Orang Mewakili Transaksi/05/01 Add' is clicked on

2020-09-02 12:14:37 - [MESSAGE][PASSED] - Object: 'Object Repository/GoAmlReport/08 Identitas Orang Mewakili Transaksi/05/01 Add' is clicked on

2020-09-02 12:14:37 - [TEST_STEP][PASSED] - delay(5): Delayed 5 second(s)

2020-09-02 12:14:42 - [MESSAGE][PASSED] - Delayed 5 second(s)

2020-09-02 12:14:42 - [TEST_STEP][PASSED] - setText(findTestObject("GoAmlReport/08 Identitas Orang Mewakili Transaksi/05/02 Tipe Alamat"), "K - Kantor"): Text 'K - Kantor' is set on object 'Object Repository/GoAmlReport/08 Identitas Orang Mewakili Transaksi/05/02 Tipe Alamat'

2020-09-02 12:14:43 - [MESSAGE][PASSED] - Text 'K - Kantor' is set on object 'Object Repository/GoAmlReport/08 Identitas Orang Mewakili Transaksi/05/02 Tipe Alamat'

2020-09-02 12:14:43 - [TEST_STEP][PASSED] - delay(3): Delayed 3 second(s)

2020-09-02 12:14:46 - [MESSAGE][PASSED] - Delayed 3 second(s)

2020-09-02 12:14:46 - [TEST_STEP][PASSED] - sendKeys(findTestObject("GoAmlReport/08 Identitas Orang Mewakili Transaksi/05/02 Tipe Alamat"), Keys.chord(ENTER)): Keys 'ENTER + ' sent to object: 'Object Repository/GoAmlReport/08 Identitas Orang Mewakili Transaksi/05/02 Tipe Alamat'

2020-09-02 12:14:46 - [MESSAGE][PASSED] - Keys 'ENTER + ' sent to object: 'Object Repository/GoAmlReport/08 Identitas Orang Mewakili Transaksi/05/02 Tipe Alamat'

2020-09-02 12:14:46 - [TEST_STEP][PASSED] - setText(findTestObject("GoAmlReport/08 Identitas Orang Mewakili Transaksi/05/03 Alamat"), "Tangerang"): Text 'Tangerang' is set on object 'Object Repository/GoAmlReport/08 Identitas Orang Mewakili Transaksi/05/03 Alamat'

2020-09-02 12:14:47 - [MESSAGE][PASSED] - Text 'Tangerang' is set on object 'Object Repository/GoAmlReport/08 Identitas Orang Mewakili Transaksi/05/03 Alamat'

2020-09-02 12:14:47 - [TEST_STEP][PASSED] - setText(findTestObject("GoAmlReport/08 Identitas Orang Mewakili Transaksi/05/05 Kota"), "Tgrng"): Text 'Tgrng' is set on object 'Object Repository/GoAmlReport/08 Identitas Orang Mewakili Transaksi/05/05 Kota'

2020-09-02 12:14:47 - [MESSAGE][PASSED] - Text 'Tgrng' is set on object 'Object Repository/GoAmlReport/08 Identitas Orang Mewakili Transaksi/05/05 Kota'

2020-09-02 12:14:47 - [TEST_STEP][PASSED] - setText(findTestObject("GoAmlReport/08 Identitas Orang Mewakili Transaksi/05/07 Negara"), "ID - INDONESIA"): Text 'ID - INDONESIA' is set on object 'Object Repository/GoAmlReport/08 Identitas Orang Mewakili Transaksi/05/07 Negara'

2020-09-02 12:14:48 - [MESSAGE][PASSED] - Text 'ID - INDONESIA' is set on object 'Object Repository/GoAmlReport/08 Identitas Orang Mewakili Transaksi/05/07 Negara'

2020-09-02 12:14:48 - [TEST_STEP][PASSED] - delay(3): Delayed 3 second(s)

2020-09-02 12:14:51 - [MESSAGE][PASSED] - Delayed 3 second(s)

2020-09-02 12:14:51 - [TEST_STEP][PASSED] - sendKeys(findTestObject("GoAmlReport/08 Identitas Orang Mewakili Transaksi/05/07 Negara"), Keys.chord(ENTER)): Keys 'ENTER + ' sent to object: 'Object Repository/GoAmlReport/08 Identitas Orang Mewakili Transaksi/05/07 Negara'

2020-09-02 12:14:51 - [MESSAGE][PASSED] - Keys 'ENTER + ' sent to object: 'Object Repository/GoAmlReport/08 Identitas Orang Mewakili Transaksi/05/07 Negara'

2020-09-02 12:14:51 - [TEST_STEP][PASSED] - click(findTestObject("GoAmlReport/08 Identitas Orang Mewakili Transaksi/05/10 Save")): Object: 'Object Repository/GoAmlReport/08 Identitas Orang Mewakili Transaksi/05/10 Save' is clicked on

2020-09-02 12:14:52 - [MESSAGE][PASSED] - Object: 'Object Repository/GoAmlReport/08 Identitas Orang Mewakili Transaksi/05/10 Save' is clicked on

2020-09-02 12:14:52 - [TEST_STEP][PASSED] - delay(3): Delayed 3 second(s)

2020-09-02 12:14:55 - [MESSAGE][PASSED] - Delayed 3 second(s)

2020-09-02 12:14:55 - [TEST_STEP][PASSED] - scrollToElement(findTestObject("GoAmlReport/08 Identitas Orang Mewakili Transaksi/06/01 Add"), 3): Scroll to object 'Object Repository/GoAmlReport/08 Identitas Orang Mewakili Transaksi/06/01 Add' successfully

2020-09-02 12:14:55 - [MESSAGE][PASSED] - Scroll to object 'Object Repository/GoAmlReport/08 Identitas Orang Mewakili Transaksi/06/01 Add' successfully

2020-09-02 12:14:55 - [TEST_STEP][PASSED] - click(findTestObject("GoAmlReport/08 Identitas Orang Mewakili Transaksi/06/01 Add")): Object: 'Object Repository/GoAmlReport/08 Identitas Orang Mewakili Transaksi/06/01 Add' is clicked on

2020-09-02 12:14:56 - [MESSAGE][PASSED] - Object: 'Object Repository/GoAmlReport/08 Identitas Orang Mewakili Transaksi/06/01 Add' is clicked on

2020-09-02 12:14:56 - [TEST_STEP][PASSED] - delay(3): Delayed 3 second(s)

2020-09-02 12:14:59 - [MESSAGE][PASSED] - Delayed 3 second(s)

2020-09-02 12:14:59 - [TEST_STEP][PASSED] - setText(findTestObject("GoAmlReport/08 Identitas Orang Mewakili Transaksi/06/02 Kategori Kontak"), "R - Rumah"): Text 'R - Rumah' is set on object 'Object Repository/GoAmlReport/08 Identitas Orang Mewakili Transaksi/06/02 Kategori Kontak'

2020-09-02 12:15:00 - [MESSAGE][PASSED] - Text 'R - Rumah' is set on object 'Object Repository/GoAmlReport/08 Identitas Orang Mewakili Transaksi/06/02 Kategori Kontak'

2020-09-02 12:15:00 - [TEST_STEP][PASSED] - delay(3): Delayed 3 second(s)

2020-09-02 12:15:03 - [MESSAGE][PASSED] - Delayed 3 second(s)

2020-09-02 12:15:03 - [TEST_STEP][PASSED] - sendKeys(findTestObject("GoAmlReport/08 Identitas Orang Mewakili Transaksi/06/02 Kategori Kontak"), Keys.chord(ENTER)): Keys 'ENTER + ' sent to object: 'Object Repository/GoAmlReport/08 Identitas Orang Mewakili Transaksi/06/02 Kategori Kontak'

2020-09-02 12:15:03 - [MESSAGE][PASSED] - Keys 'ENTER + ' sent to object: 'Object Repository/GoAmlReport/08 Identitas Orang Mewakili Transaksi/06/02 Kategori Kontak'

2020-09-02 12:15:03 - [TEST_STEP][PASSED] - setText(findTestObject("GoAmlReport/08 Identitas Orang Mewakili Transaksi/06/03 Alat Komunikasi"), "MOB - Mobile"): Text 'MOB - Mobile' is set on object 'Object Repository/GoAmlReport/08 Identitas Orang Mewakili Transaksi/06/03 Alat Komunikasi'

2020-09-02 12:15:04 - [MESSAGE][PASSED] - Text 'MOB - Mobile' is set on object 'Object Repository/GoAmlReport/08 Identitas Orang Mewakili Transaksi/06/03 Alat Komunikasi'

2020-09-02 12:15:04 - [TEST_STEP][PASSED] - delay(3): Delayed 3 second(s)

2020-09-02 12:15:07 - [MESSAGE][PASSED] - Delayed 3 second(s)

2020-09-02 12:15:07 - [TEST_STEP][PASSED] - sendKeys(findTestObject("GoAmlReport/08 Identitas Orang Mewakili Transaksi/06/03 Alat Komunikasi"), Keys.chord(ENTER)): Keys 'ENTER + ' sent to object: 'Object Repository/GoAmlReport/08 Identitas Orang Mewakili Transaksi/06/03 Alat Komunikasi'

2020-09-02 12:15:07 - [MESSAGE][PASSED] - Keys 'ENTER + ' sent to object: 'Object Repository/GoAmlReport/08 Identitas Orang Mewakili Transaksi/06/03 Alat Komunikasi'

2020-09-02 12:15:07 - [TEST_STEP][PASSED] - setText(findTestObject("GoAmlReport/08 Identitas Orang Mewakili Transaksi/06/04 Nomor Telepon"), "089234789233"): Text '089234789233' is set on object 'Object Repository/GoAmlReport/08 Identitas Orang Mewakili Transaksi/06/04 Nomor Telepon'

2020-09-02 12:15:08 - [MESSAGE][PASSED] - Text '089234789233' is set on object 'Object Repository/GoAmlReport/08 Identitas Orang Mewakili Transaksi/06/04 Nomor Telepon'

2020-09-02 12:15:08 - [TEST_STEP][PASSED] - click(findTestObject("GoAmlReport/08 Identitas Orang Mewakili Transaksi/06/07 Save"), STOP_ON_FAILURE): Object: 'Object Repository/GoAmlReport/08 Identitas Orang Mewakili Transaksi/06/07 Save' is clicked on

2020-09-02 12:15:09 - [MESSAGE][PASSED] - Object: 'Object Repository/GoAmlReport/08 Identitas Orang Mewakili Transaksi/06/07 Save' is clicked on

2020-09-02 12:15:09 - [TEST_STEP][PASSED] - delay(3): Delayed 3 second(s)

2020-09-02 12:15:12 - [MESSAGE][PASSED] - Delayed 3 second(s)

2020-09-02 12:15:12 - [TEST_STEP][PASSED] - scrollToElement(findTestObject("GoAmlReport/08 Identitas Orang Mewakili Transaksi/07/01 Add"), 3): Scroll to object 'Object Repository/GoAmlReport/08 Identitas Orang Mewakili Transaksi/07/01 Add' successfully

2020-09-02 12:15:12 - [MESSAGE][PASSED] - Scroll to object 'Object Repository/GoAmlReport/08 Identitas Orang Mewakili Transaksi/07/01 Add' successfully

2020-09-02 12:15:12 - [TEST_STEP][PASSED] - click(findTestObject("GoAmlReport/08 Identitas Orang Mewakili Transaksi/07/01 Add")): Object: 'Object Repository/GoAmlReport/08 Identitas Orang Mewakili Transaksi/07/01 Add' is clicked on

2020-09-02 12:15:13 - [MESSAGE][PASSED] - Object: 'Object Repository/GoAmlReport/08 Identitas Orang Mewakili Transaksi/07/01 Add' is clicked on

2020-09-02 12:15:13 - [TEST_STEP][PASSED] - delay(3): Delayed 3 second(s)

2020-09-02 12:15:16 - [MESSAGE][PASSED] - Delayed 3 second(s)

2020-09-02 12:15:16 - [TEST_STEP][PASSED] - setText(findTestObject("GoAmlReport/08 Identitas Orang Mewakili Transaksi/07/02 Jenis Dokumen Identitas"), "SUKET - Surat Keterangan Kependudukan"): Text 'SUKET - Surat Keterangan Kependudukan' is set on object 'Object Repository/GoAmlReport/08 Identitas Orang Mewakili Transaksi/07/02 Jenis Dokumen Identitas'

2020-09-02 12:15:17 - [MESSAGE][PASSED] - Text 'SUKET - Surat Keterangan Kependudukan' is set on object 'Object Repository/GoAmlReport/08 Identitas Orang Mewakili Transaksi/07/02 Jenis Dokumen Identitas'

2020-09-02 12:15:17 - [TEST_STEP][PASSED] - delay(3): Delayed 3 second(s)

2020-09-02 12:15:20 - [MESSAGE][PASSED] - Delayed 3 second(s)

2020-09-02 12:15:20 - [TEST_STEP][PASSED] - sendKeys(findTestObject("GoAmlReport/08 Identitas Orang Mewakili Transaksi/07/02 Jenis Dokumen Identitas"), Keys.chord(ENTER)): Keys 'ENTER + ' sent to object: 'Object Repository/GoAmlReport/08 Identitas Orang Mewakili Transaksi/07/02 Jenis Dokumen Identitas'

2020-09-02 12:15:20 - [MESSAGE][PASSED] - Keys 'ENTER + ' sent to object: 'Object Repository/GoAmlReport/08 Identitas Orang Mewakili Transaksi/07/02 Jenis Dokumen Identitas'

2020-09-02 12:15:20 - [TEST_STEP][PASSED] - setText(findTestObject("GoAmlReport/08 Identitas Orang Mewakili Transaksi/07/02 No Identitas"), "12321444"): Text '12321444' is set on object 'Object Repository/GoAmlReport/08 Identitas Orang Mewakili Transaksi/07/02 No Identitas'

2020-09-02 12:15:21 - [MESSAGE][PASSED] - Text '12321444' is set on object 'Object Repository/GoAmlReport/08 Identitas Orang Mewakili Transaksi/07/02 No Identitas'

2020-09-02 12:15:21 - [TEST_STEP][PASSED] - setText(findTestObject("GoAmlReport/08 Identitas Orang Mewakili Transaksi/07/06 Negara Penerbit Identitas"), "ID - INDONESIA"): Text 'ID - INDONESIA' is set on object 'Object Repository/GoAmlReport/08 Identitas Orang Mewakili Transaksi/07/06 Negara Penerbit Identitas'

2020-09-02 12:15:22 - [MESSAGE][PASSED] - Text 'ID - INDONESIA' is set on object 'Object Repository/GoAmlReport/08 Identitas Orang Mewakili Transaksi/07/06 Negara Penerbit Identitas'

2020-09-02 12:15:22 - [TEST_STEP][PASSED] - delay(3): Delayed 3 second(s)

2020-09-02 12:15:25 - [MESSAGE][PASSED] - Delayed 3 second(s)

2020-09-02 12:15:25 - [TEST_STEP][PASSED] - sendKeys(findTestObject("GoAmlReport/08 Identitas Orang Mewakili Transaksi/07/06 Negara Penerbit Identitas"), Keys.chord(ENTER)): Keys 'ENTER + ' sent to object: 'Object Repository/GoAmlReport/08 Identitas Orang Mewakili Transaksi/07/06 Negara Penerbit Identitas'

2020-09-02 12:15:25 - [MESSAGE][PASSED] - Keys 'ENTER + ' sent to object: 'Object Repository/GoAmlReport/08 Identitas Orang Mewakili Transaksi/07/06 Negara Penerbit Identitas'

2020-09-02 12:15:25 - [TEST_STEP][PASSED] - click(findTestObject("GoAmlReport/08 Identitas Orang Mewakili Transaksi/07/08 Save"), STOP_ON_FAILURE): Object: 'Object Repository/GoAmlReport/08 Identitas Orang Mewakili Transaksi/07/08 Save' is clicked on

2020-09-02 12:15:26 - [MESSAGE][PASSED] - Object: 'Object Repository/GoAmlReport/08 Identitas Orang Mewakili Transaksi/07/08 Save' is clicked on

2020-09-02 12:15:26 - [MESSAGE][PASSED] - Call Test Case 'Test Cases/Identitas Orang Mewakili Transaksi' successfully

2020-09-02 12:15:26 - [TEST_STEP][PASSED] - callTestCase(findTestCase("GoAML Report 4"), [:], STOP_ON_FAILURE): Call Test Case 'Test Cases/GoAML Report 4' successfully

2020-09-02 12:15:26 - [TEST_CASE][PASSED] - Test Cases/GoAML Report 4: Test Cases/GoAML Report 4

2020-09-02 12:15:26 - [TEST_STEP][PASSED] - for ([rowNum = 1, rowNum <= findTestData("GoAMLReport/Transaksi").getRowNumbers(), (rowNum++)]): Delayed 2 second(s)

2020-09-02 12:15:26 - [TEST_STEP][PASSED] - delay(6): Delayed 6 second(s)

2020-09-02 12:15:32 - [MESSAGE][PASSED] - Delayed 6 second(s)

2020-09-02 12:15:32 - [TEST_STEP][PASSED] - if (findTestData("GoAMLReport/Transaksi").getValue(1, rowNum) == "true"): Keys 'ENTER + ' sent to object: 'Object Repository/GoAmlReport/03 Identitas Pengirim/07 Negara Trx Asal'

2020-09-02 12:15:32 - [TEST_STEP][PASSED] - if (findTestData("GoAMLReport/Transaksi").getValue(6, rowNum) == "true"): null

2020-09-02 12:15:32 - [TEST_STEP][PASSED] - if (findTestData("GoAMLReport/Transaksi").getValue(7, rowNum) == "uang tunai"): Keys 'ENTER + ' sent to object: 'Object Repository/GoAmlReport/03 Identitas Pengirim/02 Ins Trx Asal'

2020-09-02 12:15:32 - [TEST_STEP][PASSED] - setText(findTestObject("GoAmlReport/03 Identitas Pengirim/02 Ins Trx Asal"), "Uang Tunai"): Text 'Uang Tunai' is set on object 'Object Repository/GoAmlReport/03 Identitas Pengirim/02 Ins Trx Asal'

2020-09-02 12:15:33 - [MESSAGE][PASSED] - Text 'Uang Tunai' is set on object 'Object Repository/GoAmlReport/03 Identitas Pengirim/02 Ins Trx Asal'

2020-09-02 12:15:33 - [TEST_STEP][PASSED] - delay(3): Delayed 3 second(s)

2020-09-02 12:15:36 - [MESSAGE][PASSED] - Delayed 3 second(s)

2020-09-02 12:15:36 - [TEST_STEP][PASSED] - sendKeys(findTestObject("GoAmlReport/03 Identitas Pengirim/02 Ins Trx Asal"), Keys.chord(ENTER)): Keys 'ENTER + ' sent to object: 'Object Repository/GoAmlReport/03 Identitas Pengirim/02 Ins Trx Asal'

2020-09-02 12:15:36 - [MESSAGE][PASSED] - Keys 'ENTER + ' sent to object: 'Object Repository/GoAmlReport/03 Identitas Pengirim/02 Ins Trx Asal'

2020-09-02 12:15:36 - [TEST_STEP][PASSED] - if (findTestData("GoAMLReport/Transaksi").getValue(7, rowNum) == "rekening"): null

2020-09-02 12:15:36 - [TEST_STEP][PASSED] - setText(findTestObject("GoAmlReport/03 Identitas Pengirim/05 Nominal Valas"), "500000"): Text '500000' is set on object 'Object Repository/GoAmlReport/03 Identitas Pengirim/05 Nominal Valas'

2020-09-02 12:15:37 - [MESSAGE][PASSED] - Text '500000' is set on object 'Object Repository/GoAmlReport/03 Identitas Pengirim/05 Nominal Valas'

2020-09-02 12:15:37 - [TEST_STEP][PASSED] - delay(3): Delayed 3 second(s)

2020-09-02 12:15:40 - [MESSAGE][PASSED] - Delayed 3 second(s)

2020-09-02 12:15:40 - [TEST_STEP][PASSED] - setText(findTestObject("GoAmlReport/03 Identitas Pengirim/06 Kurs"), "nope"): Text 'nope' is set on object 'Object Repository/GoAmlReport/03 Identitas Pengirim/06 Kurs'

2020-09-02 12:15:41 - [MESSAGE][PASSED] - Text 'nope' is set on object 'Object Repository/GoAmlReport/03 Identitas Pengirim/06 Kurs'

2020-09-02 12:15:41 - [TEST_STEP][PASSED] - setText(findTestObject("GoAmlReport/03 Identitas Pengirim/999 Mata Uang Asing"), "INR - Indian Rupee"): Text 'INR - Indian Rupee' is set on object 'Object Repository/GoAmlReport/03 Identitas Pengirim/999 Mata Uang Asing'

2020-09-02 12:15:42 - [MESSAGE][PASSED] - Text 'INR - Indian Rupee' is set on object 'Object Repository/GoAmlReport/03 Identitas Pengirim/999 Mata Uang Asing'

2020-09-02 12:15:42 - [TEST_STEP][PASSED] - delay(3): Delayed 3 second(s)

2020-09-02 12:15:45 - [MESSAGE][PASSED] - Delayed 3 second(s)

2020-09-02 12:15:45 - [TEST_STEP][PASSED] - sendKeys(findTestObject("GoAmlReport/03 Identitas Pengirim/999 Mata Uang Asing"), Keys.chord(ENTER)): Keys 'ENTER + ' sent to object: 'Object Repository/GoAmlReport/03 Identitas Pengirim/999 Mata Uang Asing'

2020-09-02 12:15:45 - [MESSAGE][PASSED] - Keys 'ENTER + ' sent to object: 'Object Repository/GoAmlReport/03 Identitas Pengirim/999 Mata Uang Asing'

2020-09-02 12:15:45 - [TEST_STEP][PASSED] - setText(findTestObject("GoAmlReport/03 Identitas Pengirim/07 Negara Trx Asal"), "INDONE"): Text 'INDONE' is set on object 'Object Repository/GoAmlReport/03 Identitas Pengirim/07 Negara Trx Asal'

2020-09-02 12:15:46 - [MESSAGE][PASSED] - Text 'INDONE' is set on object 'Object Repository/GoAmlReport/03 Identitas Pengirim/07 Negara Trx Asal'

2020-09-02 12:15:46 - [TEST_STEP][PASSED] - delay(3): Delayed 3 second(s)

2020-09-02 12:15:49 - [MESSAGE][PASSED] - Delayed 3 second(s)

2020-09-02 12:15:49 - [TEST_STEP][PASSED] - sendKeys(findTestObject("GoAmlReport/03 Identitas Pengirim/07 Negara Trx Asal"), Keys.chord(ENTER)): Keys 'ENTER + ' sent to object: 'Object Repository/GoAmlReport/03 Identitas Pengirim/07 Negara Trx Asal'

2020-09-02 12:15:49 - [MESSAGE][PASSED] - Keys 'ENTER + ' sent to object: 'Object Repository/GoAmlReport/03 Identitas Pengirim/07 Negara Trx Asal'

2020-09-02 12:15:49 - [TEST_STEP][PASSED] - if (findTestData("GoAMLReport/Transaksi").getValue(8, rowNum) == "person"): null

2020-09-02 12:15:49 - [TEST_STEP][PASSED] - if (findTestData("GoAMLReport/Transaksi").getValue(8, rowNum) == "account"): null

2020-09-02 12:15:49 - [TEST_STEP][PASSED] - if (findTestData("GoAMLReport/Transaksi").getValue(8, rowNum) == "entity"): Delayed 2 second(s)

2020-09-02 12:15:49 - [TEST_STEP][PASSED] - setText(findTestObject("GoAmlReport/03 Identitas Pengirim/09 Informasi Pengirim"), findTestData("GoAMLReport/Transaksi").getValue(8, rowNum)): Text 'entity' is set on object 'Object Repository/GoAmlReport/03 Identitas Pengirim/09 Informasi Pengirim'

2020-09-02 12:15:50 - [MESSAGE][PASSED] - Text 'entity' is set on object 'Object Repository/GoAmlReport/03 Identitas Pengirim/09 Informasi Pengirim'

2020-09-02 12:15:50 - [TEST_STEP][PASSED] - delay(8): Delayed 8 second(s)

2020-09-02 12:15:58 - [MESSAGE][PASSED] - Delayed 8 second(s)

2020-09-02 12:15:58 - [TEST_STEP][PASSED] - sendKeys(findTestObject("GoAmlReport/03 Identitas Pengirim/09 Informasi Pengirim"), Keys.chord(ENTER)): Keys 'ENTER + ' sent to object: 'Object Repository/GoAmlReport/03 Identitas Pengirim/09 Informasi Pengirim'

2020-09-02 12:15:59 - [MESSAGE][PASSED] - Keys 'ENTER + ' sent to object: 'Object Repository/GoAmlReport/03 Identitas Pengirim/09 Informasi Pengirim'

2020-09-02 12:15:59 - [TEST_STEP][PASSED] - delay(5): Delayed 5 second(s)

2020-09-02 12:16:04 - [MESSAGE][PASSED] - Delayed 5 second(s)

2020-09-02 12:16:04 - [TEST_STEP][PASSED] - setText(findTestObject("GoAmlReport/07 Entity/Account From/01 Nama Korporasi"), "Simpan Pinjam"): Text 'Simpan Pinjam' is set on object 'Object Repository/GoAmlReport/07 Entity/Account From/01 Nama Korporasi'

2020-09-02 12:16:04 - [MESSAGE][PASSED] - Text 'Simpan Pinjam' is set on object 'Object Repository/GoAmlReport/07 Entity/Account From/01 Nama Korporasi'

2020-09-02 12:16:04 - [TEST_STEP][PASSED] - setText(findTestObject("GoAmlReport/07 Entity/Account From/02 Bentuk Korporasi"), "PD - Perusahaan Daerah"): Text 'PD - Perusahaan Daerah' is set on object 'Object Repository/GoAmlReport/07 Entity/Account From/02 Bentuk Korporasi'

2020-09-02 12:16:06 - [MESSAGE][PASSED] - Text 'PD - Perusahaan Daerah' is set on object 'Object Repository/GoAmlReport/07 Entity/Account From/02 Bentuk Korporasi'

2020-09-02 12:16:06 - [TEST_STEP][PASSED] - delay(3): Delayed 3 second(s)

2020-09-02 12:16:09 - [MESSAGE][PASSED] - Delayed 3 second(s)

2020-09-02 12:16:09 - [TEST_STEP][PASSED] - sendKeys(findTestObject("GoAmlReport/07 Entity/Account From/02 Bentuk Korporasi"), Keys.chord(ENTER)): Keys 'ENTER + ' sent to object: 'Object Repository/GoAmlReport/07 Entity/Account From/02 Bentuk Korporasi'

2020-09-02 12:16:09 - [MESSAGE][PASSED] - Keys 'ENTER + ' sent to object: 'Object Repository/GoAmlReport/07 Entity/Account From/02 Bentuk Korporasi'

2020-09-02 12:16:09 - [TEST_STEP][PASSED] - setText(findTestObject("GoAmlReport/07 Entity/Account From/03 Bidang Usaha"), "Rentenir"): Text 'Rentenir' is set on object 'Object Repository/GoAmlReport/07 Entity/Account From/03 Bidang Usaha'

2020-09-02 12:16:10 - [MESSAGE][PASSED] - Text 'Rentenir' is set on object 'Object Repository/GoAmlReport/07 Entity/Account From/03 Bidang Usaha'

2020-09-02 12:16:10 - [TEST_STEP][PASSED] - setText(findTestObject("GoAmlReport/07 Entity/Account From/03 Negara"), "indone"): Text 'indone' is set on object 'Object Repository/GoAmlReport/07 Entity/Account From/03 Negara'

2020-09-02 12:16:11 - [MESSAGE][PASSED] - Text 'indone' is set on object 'Object Repository/GoAmlReport/07 Entity/Account From/03 Negara'

2020-09-02 12:16:11 - [TEST_STEP][PASSED] - delay(3): Delayed 3 second(s)

2020-09-02 12:16:14 - [MESSAGE][PASSED] - Delayed 3 second(s)

2020-09-02 12:16:14 - [TEST_STEP][PASSED] - sendKeys(findTestObject("GoAmlReport/07 Entity/Account From/03 Negara"), Keys.chord(ENTER)): Keys 'ENTER + ' sent to object: 'Object Repository/GoAmlReport/07 Entity/Account From/03 Negara'

2020-09-02 12:16:14 - [MESSAGE][PASSED] - Keys 'ENTER + ' sent to object: 'Object Repository/GoAmlReport/07 Entity/Account From/03 Negara'

2020-09-02 12:16:14 - [TEST_STEP][PASSED] - setText(findTestObject("GoAmlReport/07 Entity/Account From/04 NPWP"), "123213123"): Text '123213123' is set on object 'Object Repository/GoAmlReport/07 Entity/Account From/04 NPWP'

2020-09-02 12:16:15 - [MESSAGE][PASSED] - Text '123213123' is set on object 'Object Repository/GoAmlReport/07 Entity/Account From/04 NPWP'

2020-09-02 12:16:15 - [TEST_STEP][PASSED] - scrollToElement(findTestObject("GoAmlReport/07 Entity/Account Tab From/01 Telepon/Tambah Telepon"), 3): Scroll to object 'Object Repository/GoAmlReport/07 Entity/Account Tab From/01 Telepon/Tambah Telepon' successfully

2020-09-02 12:16:15 - [MESSAGE][PASSED] - Scroll to object 'Object Repository/GoAmlReport/07 Entity/Account Tab From/01 Telepon/Tambah Telepon' successfully

2020-09-02 12:16:15 - [TEST_STEP][PASSED] - click(findTestObject("GoAmlReport/07 Entity/Account Tab From/01 Telepon/Tambah Telepon")): Object: 'Object Repository/GoAmlReport/07 Entity/Account Tab From/01 Telepon/Tambah Telepon' is clicked on

2020-09-02 12:16:16 - [MESSAGE][PASSED] - Object: 'Object Repository/GoAmlReport/07 Entity/Account Tab From/01 Telepon/Tambah Telepon' is clicked on

2020-09-02 12:16:16 - [TEST_STEP][PASSED] - delay(5): Delayed 5 second(s)

2020-09-02 12:16:21 - [MESSAGE][PASSED] - Delayed 5 second(s)

2020-09-02 12:16:21 - [TEST_STEP][PASSED] - setText(findTestObject("GoAmlReport/07 Entity/Account Tab From/01 Telepon/01 Kategori Kontak"), "D - Domisili"): Text 'D - Domisili' is set on object 'Object Repository/GoAmlReport/07 Entity/Account Tab From/01 Telepon/01 Kategori Kontak'

2020-09-02 12:16:22 - [MESSAGE][PASSED] - Text 'D - Domisili' is set on object 'Object Repository/GoAmlReport/07 Entity/Account Tab From/01 Telepon/01 Kategori Kontak'

2020-09-02 12:16:22 - [TEST_STEP][PASSED] - delay(3): Delayed 3 second(s)

2020-09-02 12:16:25 - [MESSAGE][PASSED] - Delayed 3 second(s)

2020-09-02 12:16:25 - [TEST_STEP][PASSED] - sendKeys(findTestObject("GoAmlReport/07 Entity/Account Tab From/01 Telepon/01 Kategori Kontak"), Keys.chord(ENTER)): Keys 'ENTER + ' sent to object: 'Object Repository/GoAmlReport/07 Entity/Account Tab From/01 Telepon/01 Kategori Kontak'

2020-09-02 12:16:25 - [MESSAGE][PASSED] - Keys 'ENTER + ' sent to object: 'Object Repository/GoAmlReport/07 Entity/Account Tab From/01 Telepon/01 Kategori Kontak'

2020-09-02 12:16:25 - [TEST_STEP][PASSED] - setText(findTestObject("GoAmlReport/07 Entity/Account Tab From/01 Telepon/02 Alat Komunikasi"), "PSTN - PSTN"): Text 'PSTN - PSTN' is set on object 'Object Repository/GoAmlReport/07 Entity/Account Tab From/01 Telepon/02 Alat Komunikasi'

2020-09-02 12:16:26 - [MESSAGE][PASSED] - Text 'PSTN - PSTN' is set on object 'Object Repository/GoAmlReport/07 Entity/Account Tab From/01 Telepon/02 Alat Komunikasi'

2020-09-02 12:16:26 - [TEST_STEP][PASSED] - delay(3): Delayed 3 second(s)

2020-09-02 12:16:29 - [MESSAGE][PASSED] - Delayed 3 second(s)

2020-09-02 12:16:29 - [TEST_STEP][PASSED] - sendKeys(findTestObject("GoAmlReport/07 Entity/Account Tab From/01 Telepon/02 Alat Komunikasi"), Keys.chord(ENTER)): Keys 'ENTER + ' sent to object: 'Object Repository/GoAmlReport/07 Entity/Account Tab From/01 Telepon/02 Alat Komunikasi'

2020-09-02 12:16:29 - [MESSAGE][PASSED] - Keys 'ENTER + ' sent to object: 'Object Repository/GoAmlReport/07 Entity/Account Tab From/01 Telepon/02 Alat Komunikasi'

2020-09-02 12:16:29 - [TEST_STEP][PASSED] - setText(findTestObject("GoAmlReport/07 Entity/Account Tab From/01 Telepon/03 No Telepon"), "0986745632"): Text '0986745632' is set on object 'Object Repository/GoAmlReport/07 Entity/Account Tab From/01 Telepon/03 No Telepon'

2020-09-02 12:16:30 - [MESSAGE][PASSED] - Text '0986745632' is set on object 'Object Repository/GoAmlReport/07 Entity/Account Tab From/01 Telepon/03 No Telepon'

2020-09-02 12:16:30 - [TEST_STEP][PASSED] - delay(2): Delayed 2 second(s)

2020-09-02 12:16:32 - [MESSAGE][PASSED] - Delayed 2 second(s)

2020-09-02 12:16:32 - [TEST_STEP][PASSED] - scrollToElement(findTestObject("GoAmlReport/07 Entity/Account Tab From/01 Telepon/Save"), 3): Scroll to object 'Object Repository/GoAmlReport/07 Entity/Account Tab From/01 Telepon/Save' successfully

2020-09-02 12:16:32 - [MESSAGE][PASSED] - Scroll to object 'Object Repository/GoAmlReport/07 Entity/Account Tab From/01 Telepon/Save' successfully

2020-09-02 12:16:32 - [TEST_STEP][PASSED] - click(findTestObject("GoAmlReport/07 Entity/Account Tab From/01 Telepon/Save"), STOP_ON_FAILURE): Object: 'Object Repository/GoAmlReport/07 Entity/Account Tab From/01 Telepon/Save' is clicked on

2020-09-02 12:16:33 - [MESSAGE][PASSED] - Object: 'Object Repository/GoAmlReport/07 Entity/Account Tab From/01 Telepon/Save' is clicked on

2020-09-02 12:16:33 - [TEST_STEP][PASSED] - delay(3): Delayed 3 second(s)

2020-09-02 12:16:36 - [MESSAGE][PASSED] - Delayed 3 second(s)

2020-09-02 12:16:36 - [TEST_STEP][PASSED] - scrollToElement(findTestObject("GoAmlReport/07 Entity/Account Tab From/02 Alamat/span_Tambah Alamat"), 3): Scroll to object 'Object Repository/GoAmlReport/07 Entity/Account Tab From/02 Alamat/span_Tambah Alamat' successfully

2020-09-02 12:16:36 - [MESSAGE][PASSED] - Scroll to object 'Object Repository/GoAmlReport/07 Entity/Account Tab From/02 Alamat/span_Tambah Alamat' successfully

2020-09-02 12:16:36 - [TEST_STEP][PASSED] - click(findTestObject("GoAmlReport/07 Entity/Account Tab From/02 Alamat/span_Tambah Alamat")): Object: 'Object Repository/GoAmlReport/07 Entity/Account Tab From/02 Alamat/span_Tambah Alamat' is clicked on

2020-09-02 12:16:37 - [MESSAGE][PASSED] - Object: 'Object Repository/GoAmlReport/07 Entity/Account Tab From/02 Alamat/span_Tambah Alamat' is clicked on

2020-09-02 12:16:37 - [TEST_STEP][PASSED] - delay(5): Delayed 5 second(s)

2020-09-02 12:16:42 - [MESSAGE][PASSED] - Delayed 5 second(s)

2020-09-02 12:16:42 - [TEST_STEP][PASSED] - setText(findTestObject("GoAmlReport/07 Entity/Account Tab From/02 Alamat/01 Type Alamat"), "D - Domisili"): Text 'D - Domisili' is set on object 'Object Repository/GoAmlReport/07 Entity/Account Tab From/02 Alamat/01 Type Alamat'

2020-09-02 12:16:43 - [MESSAGE][PASSED] - Text 'D - Domisili' is set on object 'Object Repository/GoAmlReport/07 Entity/Account Tab From/02 Alamat/01 Type Alamat'

2020-09-02 12:16:43 - [TEST_STEP][PASSED] - delay(5): Delayed 5 second(s)

2020-09-02 12:16:48 - [MESSAGE][PASSED] - Delayed 5 second(s)

2020-09-02 12:16:48 - [TEST_STEP][PASSED] - sendKeys(findTestObject("GoAmlReport/07 Entity/Account Tab From/02 Alamat/01 Type Alamat"), Keys.chord(ENTER)): Keys 'ENTER + ' sent to object: 'Object Repository/GoAmlReport/07 Entity/Account Tab From/02 Alamat/01 Type Alamat'

2020-09-02 12:16:48 - [MESSAGE][PASSED] - Keys 'ENTER + ' sent to object: 'Object Repository/GoAmlReport/07 Entity/Account Tab From/02 Alamat/01 Type Alamat'

2020-09-02 12:16:48 - [TEST_STEP][PASSED] - setText(findTestObject("GoAmlReport/07 Entity/Account Tab From/02 Alamat/02 Alamat"), "Jl. sdhjsadkjsnadklsandkjasd"): Text 'Jl. sdhjsadkjsnadklsandkjasd' is set on object 'Object Repository/GoAmlReport/07 Entity/Account Tab From/02 Alamat/02 Alamat'

2020-09-02 12:16:49 - [MESSAGE][PASSED] - Text 'Jl. sdhjsadkjsnadklsandkjasd' is set on object 'Object Repository/GoAmlReport/07 Entity/Account Tab From/02 Alamat/02 Alamat'

2020-09-02 12:16:49 - [TEST_STEP][PASSED] - setText(findTestObject("GoAmlReport/07 Entity/Account Tab From/02 Alamat/03 Kota"), "Jakarta"): Text 'Jakarta' is set on object 'Object Repository/GoAmlReport/07 Entity/Account Tab From/02 Alamat/03 Kota'

2020-09-02 12:16:50 - [MESSAGE][PASSED] - Text 'Jakarta' is set on object 'Object Repository/GoAmlReport/07 Entity/Account Tab From/02 Alamat/03 Kota'

2020-09-02 12:16:50 - [TEST_STEP][PASSED] - setText(findTestObject("GoAmlReport/07 Entity/Account Tab From/02 Alamat/03 Negara"), "ID - INDONESIA"): Text 'ID - INDONESIA' is set on object 'Object Repository/GoAmlReport/07 Entity/Account Tab From/02 Alamat/03 Negara'

2020-09-02 12:16:51 - [MESSAGE][PASSED] - Text 'ID - INDONESIA' is set on object 'Object Repository/GoAmlReport/07 Entity/Account Tab From/02 Alamat/03 Negara'

2020-09-02 12:16:51 - [TEST_STEP][PASSED] - delay(3): Delayed 3 second(s)

2020-09-02 12:16:54 - [MESSAGE][PASSED] - Delayed 3 second(s)

2020-09-02 12:16:54 - [TEST_STEP][PASSED] - sendKeys(findTestObject("GoAmlReport/07 Entity/Account Tab From/02 Alamat/03 Negara"), Keys.chord(ENTER)): Keys 'ENTER + ' sent to object: 'Object Repository/GoAmlReport/07 Entity/Account Tab From/02 Alamat/03 Negara'

2020-09-02 12:16:54 - [MESSAGE][PASSED] - Keys 'ENTER + ' sent to object: 'Object Repository/GoAmlReport/07 Entity/Account Tab From/02 Alamat/03 Negara'

2020-09-02 12:16:54 - [TEST_STEP][PASSED] - delay(2): Delayed 2 second(s)

2020-09-02 12:16:56 - [MESSAGE][PASSED] - Delayed 2 second(s)

2020-09-02 12:16:56 - [TEST_STEP][PASSED] - click(findTestObject("GoAmlReport/07 Entity/Account Tab From/02 Alamat/save")): Object: 'Object Repository/GoAmlReport/07 Entity/Account Tab From/02 Alamat/save' is clicked on

2020-09-02 12:16:57 - [MESSAGE][PASSED] - Object: 'Object Repository/GoAmlReport/07 Entity/Account Tab From/02 Alamat/save' is clicked on

2020-09-02 12:16:57 - [TEST_STEP][PASSED] - scrollToElement(findTestObject("GoAmlReport/07 Entity/Account Tab From/03 Director/00 Add"), 3): Scroll to object 'Object Repository/GoAmlReport/07 Entity/Account Tab From/03 Director/00 Add' successfully

2020-09-02 12:16:57 - [MESSAGE][PASSED] - Scroll to object 'Object Repository/GoAmlReport/07 Entity/Account Tab From/03 Director/00 Add' successfully

2020-09-02 12:16:57 - [TEST_STEP][PASSED] - click(findTestObject("GoAmlReport/07 Entity/Account Tab From/03 Director/00 Add")): Object: 'Object Repository/GoAmlReport/07 Entity/Account Tab From/03 Director/00 Add' is clicked on

2020-09-02 12:16:58 - [MESSAGE][PASSED] - Object: 'Object Repository/GoAmlReport/07 Entity/Account Tab From/03 Director/00 Add' is clicked on

2020-09-02 12:16:58 - [TEST_STEP][PASSED] - delay(5): Delayed 5 second(s)

2020-09-02 12:17:03 - [MESSAGE][PASSED] - Delayed 5 second(s)

2020-09-02 12:17:03 - [TEST_STEP][PASSED] - setText(findTestObject("GoAmlReport/07 Entity/Account Tab From/03 Director/01 Jenis Kelamin"), "F - Female"): Text 'F - Female' is set on object 'Object Repository/GoAmlReport/07 Entity/Account Tab From/03 Director/01 Jenis Kelamin'

2020-09-02 12:17:04 - [MESSAGE][PASSED] - Text 'F - Female' is set on object 'Object Repository/GoAmlReport/07 Entity/Account Tab From/03 Director/01 Jenis Kelamin'

2020-09-02 12:17:04 - [TEST_STEP][PASSED] - delay(2): Delayed 2 second(s)

2020-09-02 12:17:06 - [MESSAGE][PASSED] - Delayed 2 second(s)

2020-09-02 12:17:06 - [TEST_STEP][PASSED] - sendKeys(findTestObject("GoAmlReport/07 Entity/Account Tab From/03 Director/01 Jenis Kelamin"), Keys.chord(ENTER)): Keys 'ENTER + ' sent to object: 'Object Repository/GoAmlReport/07 Entity/Account Tab From/03 Director/01 Jenis Kelamin'

2020-09-02 12:17:06 - [MESSAGE][PASSED] - Keys 'ENTER + ' sent to object: 'Object Repository/GoAmlReport/07 Entity/Account Tab From/03 Director/01 Jenis Kelamin'

2020-09-02 12:17:06 - [TEST_STEP][PASSED] - setText(findTestObject("GoAmlReport/07 Entity/Account Tab From/03 Director/10 Tanggal Lahir"), "01-Aug-96"): Text '01-Aug-96' is set on object 'Object Repository/GoAmlReport/07 Entity/Account Tab From/03 Director/10 Tanggal Lahir'

2020-09-02 12:17:07 - [MESSAGE][PASSED] - Text '01-Aug-96' is set on object 'Object Repository/GoAmlReport/07 Entity/Account Tab From/03 Director/10 Tanggal Lahir'

2020-09-02 12:17:07 - [TEST_STEP][PASSED] - delay(5): Delayed 5 second(s)

2020-09-02 12:17:12 - [MESSAGE][PASSED] - Delayed 5 second(s)

2020-09-02 12:17:12 - [TEST_STEP][PASSED] - sendKeys(findTestObject("GoAmlReport/07 Entity/Account Tab From/03 Director/10 Tanggal Lahir"), Keys.chord(ENTER)): Keys 'ENTER + ' sent to object: 'Object Repository/GoAmlReport/07 Entity/Account Tab From/03 Director/10 Tanggal Lahir'

2020-09-02 12:17:12 - [MESSAGE][PASSED] - Keys 'ENTER + ' sent to object: 'Object Repository/GoAmlReport/07 Entity/Account Tab From/03 Director/10 Tanggal Lahir'

2020-09-02 12:17:12 - [TEST_STEP][PASSED] - setText(findTestObject("GoAmlReport/07 Entity/Account Tab From/03 Director/12 Tempat Lahir"), "Jakarta"): Text 'Jakarta' is set on object 'Object Repository/GoAmlReport/07 Entity/Account Tab From/03 Director/12 Tempat Lahir'

2020-09-02 12:17:13 - [MESSAGE][PASSED] - Text 'Jakarta' is set on object 'Object Repository/GoAmlReport/07 Entity/Account Tab From/03 Director/12 Tempat Lahir'

2020-09-02 12:17:13 - [TEST_STEP][PASSED] - delay(5): Delayed 5 second(s)

2020-09-02 12:17:18 - [MESSAGE][PASSED] - Delayed 5 second(s)

2020-09-02 12:17:18 - [TEST_STEP][PASSED] - sendKeys(findTestObject("GoAmlReport/07 Entity/Account Tab From/03 Director/01 Jenis Kelamin"), Keys.chord(ENTER)): Keys 'ENTER + ' sent to object: 'Object Repository/GoAmlReport/07 Entity/Account Tab From/03 Director/01 Jenis Kelamin'

2020-09-02 12:17:19 - [MESSAGE][PASSED] - Keys 'ENTER + ' sent to object: 'Object Repository/GoAmlReport/07 Entity/Account Tab From/03 Director/01 Jenis Kelamin'

2020-09-02 12:17:19 - [TEST_STEP][PASSED] - setText(findTestObject("GoAmlReport/07 Entity/Account Tab From/03 Director/02 Nama Lengkap"), "Aman "): Text 'Aman ' is set on object 'Object Repository/GoAmlReport/07 Entity/Account Tab From/03 Director/02 Nama Lengkap'

2020-09-02 12:17:19 - [MESSAGE][PASSED] - Text 'Aman ' is set on object 'Object Repository/GoAmlReport/07 Entity/Account Tab From/03 Director/02 Nama Lengkap'

2020-09-02 12:17:19 - [TEST_STEP][PASSED] - setText(findTestObject("GoAmlReport/07 Entity/Account Tab From/03 Director/04 Kewarganegaraan"), "indone"): Text 'indone' is set on object 'Object Repository/GoAmlReport/07 Entity/Account Tab From/03 Director/04 Kewarganegaraan'

2020-09-02 12:17:21 - [MESSAGE][PASSED] - Text 'indone' is set on object 'Object Repository/GoAmlReport/07 Entity/Account Tab From/03 Director/04 Kewarganegaraan'

2020-09-02 12:17:21 - [TEST_STEP][PASSED] - delay(5): Delayed 5 second(s)

2020-09-02 12:17:26 - [MESSAGE][PASSED] - Delayed 5 second(s)

2020-09-02 12:17:26 - [TEST_STEP][PASSED] - sendKeys(findTestObject("GoAmlReport/07 Entity/Account Tab From/03 Director/04 Kewarganegaraan"), Keys.chord(ENTER)): Keys 'ENTER + ' sent to object: 'Object Repository/GoAmlReport/07 Entity/Account Tab From/03 Director/04 Kewarganegaraan'

2020-09-02 12:17:26 - [MESSAGE][PASSED] - Keys 'ENTER + ' sent to object: 'Object Repository/GoAmlReport/07 Entity/Account Tab From/03 Director/04 Kewarganegaraan'

2020-09-02 12:17:26 - [TEST_STEP][PASSED] - setText(findTestObject("GoAmlReport/07 Entity/Account Tab From/03 Director/05 Negara Domisili"), "ID - INDONESIA"): Text 'ID - INDONESIA' is set on object 'Object Repository/GoAmlReport/07 Entity/Account Tab From/03 Director/05 Negara Domisili'

2020-09-02 12:17:27 - [MESSAGE][PASSED] - Text 'ID - INDONESIA' is set on object 'Object Repository/GoAmlReport/07 Entity/Account Tab From/03 Director/05 Negara Domisili'

2020-09-02 12:17:27 - [TEST_STEP][PASSED] - delay(3): Delayed 3 second(s)

2020-09-02 12:17:30 - [MESSAGE][PASSED] - Delayed 3 second(s)

2020-09-02 12:17:30 - [TEST_STEP][PASSED] - sendKeys(findTestObject("GoAmlReport/07 Entity/Account Tab From/03 Director/05 Negara Domisili"), Keys.chord(ENTER)): Keys 'ENTER + ' sent to object: 'Object Repository/GoAmlReport/07 Entity/Account Tab From/03 Director/05 Negara Domisili'

2020-09-02 12:17:31 - [MESSAGE][PASSED] - Keys 'ENTER + ' sent to object: 'Object Repository/GoAmlReport/07 Entity/Account Tab From/03 Director/05 Negara Domisili'

2020-09-02 12:17:31 - [TEST_STEP][PASSED] - setText(findTestObject("GoAmlReport/07 Entity/Account Tab From/03 Director/06 Pekerjaan"), "Kerja Serabutan"): Text 'Kerja Serabutan' is set on object 'Object Repository/GoAmlReport/07 Entity/Account Tab From/03 Director/06 Pekerjaan'

2020-09-02 12:17:32 - [MESSAGE][PASSED] - Text 'Kerja Serabutan' is set on object 'Object Repository/GoAmlReport/07 Entity/Account Tab From/03 Director/06 Pekerjaan'

2020-09-02 12:17:32 - [TEST_STEP][PASSED] - setText(findTestObject("GoAmlReport/07 Entity/Account Tab From/03 Director/07 Sumber Dana"), "Maling"): Text 'Maling' is set on object 'Object Repository/GoAmlReport/07 Entity/Account Tab From/03 Director/07 Sumber Dana'

2020-09-02 12:17:32 - [MESSAGE][PASSED] - Text 'Maling' is set on object 'Object Repository/GoAmlReport/07 Entity/Account Tab From/03 Director/07 Sumber Dana'

2020-09-02 12:17:32 - [TEST_STEP][PASSED] - setText(findTestObject("GoAmlReport/07 Entity/Account Tab From/03 Director/08 Peran"), "UBO - Ultimate Beneficial Owner"): Text 'UBO - Ultimate Beneficial Owner' is set on object 'Object Repository/GoAmlReport/07 Entity/Account Tab From/03 Director/08 Peran'

2020-09-02 12:17:34 - [MESSAGE][PASSED] - Text 'UBO - Ultimate Beneficial Owner' is set on object 'Object Repository/GoAmlReport/07 Entity/Account Tab From/03 Director/08 Peran'

2020-09-02 12:17:34 - [TEST_STEP][PASSED] - delay(2): Delayed 2 second(s)

2020-09-02 12:17:36 - [MESSAGE][PASSED] - Delayed 2 second(s)

2020-09-02 12:17:36 - [TEST_STEP][PASSED] - sendKeys(findTestObject("GoAmlReport/07 Entity/Account Tab From/03 Director/08 Peran"), Keys.chord(ENTER)): Keys 'ENTER + ' sent to object: 'Object Repository/GoAmlReport/07 Entity/Account Tab From/03 Director/08 Peran'

2020-09-02 12:17:36 - [MESSAGE][PASSED] - Keys 'ENTER + ' sent to object: 'Object Repository/GoAmlReport/07 Entity/Account Tab From/03 Director/08 Peran'

2020-09-02 12:17:36 - [TEST_STEP][PASSED] - click(findTestObject("GoAmlReport/07 Entity/Account Tab From/03 Director/09 Telepon/Tambah Telepon")): Object: 'Object Repository/GoAmlReport/07 Entity/Account Tab From/03 Director/09 Telepon/Tambah Telepon' is clicked on

2020-09-02 12:17:37 - [MESSAGE][PASSED] - Object: 'Object Repository/GoAmlReport/07 Entity/Account Tab From/03 Director/09 Telepon/Tambah Telepon' is clicked on

2020-09-02 12:17:37 - [TEST_STEP][PASSED] - scrollToElement(findTestObject("GoAmlReport/07 Entity/Account Tab From/03 Director/09 Telepon/01 Kategori Kontak"), 3): Scroll to object 'Object Repository/GoAmlReport/07 Entity/Account Tab From/03 Director/09 Telepon/01 Kategori Kontak' successfully

2020-09-02 12:17:39 - [MESSAGE][PASSED] - Scroll to object 'Object Repository/GoAmlReport/07 Entity/Account Tab From/03 Director/09 Telepon/01 Kategori Kontak' successfully

2020-09-02 12:17:39 - [TEST_STEP][PASSED] - setText(findTestObject("GoAmlReport/07 Entity/Account Tab From/03 Director/09 Telepon/01 Kategori Kontak"), "K - Kantor"): Text 'K - Kantor' is set on object 'Object Repository/GoAmlReport/07 Entity/Account Tab From/03 Director/09 Telepon/01 Kategori Kontak'

2020-09-02 12:17:39 - [MESSAGE][PASSED] - Text 'K - Kantor' is set on object 'Object Repository/GoAmlReport/07 Entity/Account Tab From/03 Director/09 Telepon/01 Kategori Kontak'

2020-09-02 12:17:39 - [TEST_STEP][PASSED] - delay(3): Delayed 3 second(s)

2020-09-02 12:17:42 - [MESSAGE][PASSED] - Delayed 3 second(s)

2020-09-02 12:17:42 - [TEST_STEP][PASSED] - sendKeys(findTestObject("GoAmlReport/07 Entity/Account Tab From/03 Director/09 Telepon/01 Kategori Kontak"), Keys.chord(ENTER)): Keys 'ENTER + ' sent to object: 'Object Repository/GoAmlReport/07 Entity/Account Tab From/03 Director/09 Telepon/01 Kategori Kontak'

2020-09-02 12:17:43 - [MESSAGE][PASSED] - Keys 'ENTER + ' sent to object: 'Object Repository/GoAmlReport/07 Entity/Account Tab From/03 Director/09 Telepon/01 Kategori Kontak'

2020-09-02 12:17:43 - [TEST_STEP][PASSED] - setText(findTestObject("GoAmlReport/07 Entity/Account Tab From/03 Director/09 Telepon/02 Alat Komunikasi"), "PSTN - PSTN"): Text 'PSTN - PSTN' is set on object 'Object Repository/GoAmlReport/07 Entity/Account Tab From/03 Director/09 Telepon/02 Alat Komunikasi'

2020-09-02 12:17:44 - [MESSAGE][PASSED] - Text 'PSTN - PSTN' is set on object 'Object Repository/GoAmlReport/07 Entity/Account Tab From/03 Director/09 Telepon/02 Alat Komunikasi'

2020-09-02 12:17:44 - [TEST_STEP][PASSED] - delay(3): Delayed 3 second(s)

2020-09-02 12:17:47 - [MESSAGE][PASSED] - Delayed 3 second(s)

2020-09-02 12:17:47 - [TEST_STEP][PASSED] - sendKeys(findTestObject("GoAmlReport/07 Entity/Account Tab From/03 Director/09 Telepon/02 Alat Komunikasi"), Keys.chord(ENTER)): Keys 'ENTER + ' sent to object: 'Object Repository/GoAmlReport/07 Entity/Account Tab From/03 Director/09 Telepon/02 Alat Komunikasi'

2020-09-02 12:17:47 - [MESSAGE][PASSED] - Keys 'ENTER + ' sent to object: 'Object Repository/GoAmlReport/07 Entity/Account Tab From/03 Director/09 Telepon/02 Alat Komunikasi'

2020-09-02 12:17:47 - [TEST_STEP][PASSED] - setText(findTestObject("GoAmlReport/07 Entity/Account Tab From/03 Director/09 Telepon/03 No Telepon"), "222222222"): Text '222222222' is set on object 'Object Repository/GoAmlReport/07 Entity/Account Tab From/03 Director/09 Telepon/03 No Telepon'

2020-09-02 12:17:48 - [MESSAGE][PASSED] - Text '222222222' is set on object 'Object Repository/GoAmlReport/07 Entity/Account Tab From/03 Director/09 Telepon/03 No Telepon'

2020-09-02 12:17:48 - [TEST_STEP][PASSED] - click(findTestObject("GoAmlReport/07 Entity/Account Tab From/03 Director/09 Telepon/Save"), STOP_ON_FAILURE): Object: 'Object Repository/GoAmlReport/07 Entity/Account Tab From/03 Director/09 Telepon/Save' is clicked on

2020-09-02 12:17:48 - [MESSAGE][PASSED] - Object: 'Object Repository/GoAmlReport/07 Entity/Account Tab From/03 Director/09 Telepon/Save' is clicked on

2020-09-02 12:17:48 - [TEST_STEP][PASSED] - delay(4): Delayed 4 second(s)

2020-09-02 12:17:52 - [MESSAGE][PASSED] - Delayed 4 second(s)

2020-09-02 12:17:52 - [TEST_STEP][PASSED] - scrollToElement(findTestObject("GoAmlReport/07 Entity/Account Tab From/03 Director/10 Alamat/span_Tambah Alamat"), 3): Scroll to object 'Object Repository/GoAmlReport/07 Entity/Account Tab From/03 Director/10 Alamat/span_Tambah Alamat' successfully

2020-09-02 12:17:53 - [MESSAGE][PASSED] - Scroll to object 'Object Repository/GoAmlReport/07 Entity/Account Tab From/03 Director/10 Alamat/span_Tambah Alamat' successfully

2020-09-02 12:17:53 - [TEST_STEP][PASSED] - click(findTestObject("GoAmlReport/07 Entity/Account Tab From/03 Director/10 Alamat/span_Tambah Alamat")): Object: 'Object Repository/GoAmlReport/07 Entity/Account Tab From/03 Director/10 Alamat/span_Tambah Alamat' is clicked on

2020-09-02 12:17:53 - [MESSAGE][PASSED] - Object: 'Object Repository/GoAmlReport/07 Entity/Account Tab From/03 Director/10 Alamat/span_Tambah Alamat' is clicked on

2020-09-02 12:17:53 - [TEST_STEP][PASSED] - delay(3): Delayed 3 second(s)

2020-09-02 12:17:56 - [MESSAGE][PASSED] - Delayed 3 second(s)

2020-09-02 12:17:56 - [TEST_STEP][PASSED] - setText(findTestObject("GoAmlReport/07 Entity/Account Tab From/03 Director/10 Alamat/01 Type Alamat"), "R - Rumah"): Text 'R - Rumah' is set on object 'Object Repository/GoAmlReport/07 Entity/Account Tab From/03 Director/10 Alamat/01 Type Alamat'

2020-09-02 12:17:57 - [MESSAGE][PASSED] - Text 'R - Rumah' is set on object 'Object Repository/GoAmlReport/07 Entity/Account Tab From/03 Director/10 Alamat/01 Type Alamat'

2020-09-02 12:17:57 - [TEST_STEP][PASSED] - delay(3): Delayed 3 second(s)

2020-09-02 12:18:00 - [MESSAGE][PASSED] - Delayed 3 second(s)

2020-09-02 12:18:00 - [TEST_STEP][PASSED] - sendKeys(findTestObject("GoAmlReport/07 Entity/Account Tab From/03 Director/10 Alamat/01 Type Alamat"), Keys.chord(ENTER)): Keys 'ENTER + ' sent to object: 'Object Repository/GoAmlReport/07 Entity/Account Tab From/03 Director/10 Alamat/01 Type Alamat'

2020-09-02 12:18:01 - [MESSAGE][PASSED] - Keys 'ENTER + ' sent to object: 'Object Repository/GoAmlReport/07 Entity/Account Tab From/03 Director/10 Alamat/01 Type Alamat'

2020-09-02 12:18:01 - [TEST_STEP][PASSED] - setText(findTestObject("GoAmlReport/07 Entity/Account Tab From/03 Director/10 Alamat/02 Alamat"), "Jl Jalan Jln"): Text 'Jl Jalan Jln' is set on object 'Object Repository/GoAmlReport/07 Entity/Account Tab From/03 Director/10 Alamat/02 Alamat'

2020-09-02 12:18:01 - [MESSAGE][PASSED] - Text 'Jl Jalan Jln' is set on object 'Object Repository/GoAmlReport/07 Entity/Account Tab From/03 Director/10 Alamat/02 Alamat'

2020-09-02 12:18:01 - [TEST_STEP][PASSED] - setText(findTestObject("GoAmlReport/07 Entity/Account Tab From/03 Director/10 Alamat/03 Kota"), "Jakarte"): Text 'Jakarte' is set on object 'Object Repository/GoAmlReport/07 Entity/Account Tab From/03 Director/10 Alamat/03 Kota'

2020-09-02 12:18:02 - [MESSAGE][PASSED] - Text 'Jakarte' is set on object 'Object Repository/GoAmlReport/07 Entity/Account Tab From/03 Director/10 Alamat/03 Kota'

2020-09-02 12:18:02 - [TEST_STEP][PASSED] - setText(findTestObject("GoAmlReport/07 Entity/Account Tab From/03 Director/10 Alamat/03 Negara"), "Indonesi"): Text 'Indonesi' is set on object 'Object Repository/GoAmlReport/07 Entity/Account Tab From/03 Director/10 Alamat/03 Negara'

2020-09-02 12:18:03 - [MESSAGE][PASSED] - Text 'Indonesi' is set on object 'Object Repository/GoAmlReport/07 Entity/Account Tab From/03 Director/10 Alamat/03 Negara'

2020-09-02 12:18:03 - [TEST_STEP][PASSED] - delay(3): Delayed 3 second(s)

2020-09-02 12:18:06 - [MESSAGE][PASSED] - Delayed 3 second(s)

2020-09-02 12:18:06 - [TEST_STEP][PASSED] - sendKeys(findTestObject("GoAmlReport/07 Entity/Account Tab From/03 Director/10 Alamat/03 Negara"), Keys.chord(ENTER)): Keys 'ENTER + ' sent to object: 'Object Repository/GoAmlReport/07 Entity/Account Tab From/03 Director/10 Alamat/03 Negara'

2020-09-02 12:18:06 - [MESSAGE][PASSED] - Keys 'ENTER + ' sent to object: 'Object Repository/GoAmlReport/07 Entity/Account Tab From/03 Director/10 Alamat/03 Negara'

2020-09-02 12:18:06 - [TEST_STEP][PASSED] - click(findTestObject("GoAmlReport/07 Entity/Account Tab From/03 Director/10 Alamat/save"), STOP_ON_FAILURE): Object: 'Object Repository/GoAmlReport/07 Entity/Account Tab From/03 Director/10 Alamat/save' is clicked on

2020-09-02 12:18:07 - [MESSAGE][PASSED] - Object: 'Object Repository/GoAmlReport/07 Entity/Account Tab From/03 Director/10 Alamat/save' is clicked on

2020-09-02 12:18:07 - [TEST_STEP][PASSED] - scrollToElement(findTestObject("GoAmlReport/07 Entity/Account Tab From/03 Director/11 Dokumen Identitas/Tambah Dokumen Identitas"), 3): Scroll to object 'Object Repository/GoAmlReport/07 Entity/Account Tab From/03 Director/11 Dokumen Identitas/Tambah Dokumen Identitas' successfully

2020-09-02 12:18:07 - [MESSAGE][PASSED] - Scroll to object 'Object Repository/GoAmlReport/07 Entity/Account Tab From/03 Director/11 Dokumen Identitas/Tambah Dokumen Identitas' successfully

2020-09-02 12:18:07 - [TEST_STEP][PASSED] - click(findTestObject("GoAmlReport/07 Entity/Account Tab From/03 Director/11 Dokumen Identitas/Tambah Dokumen Identitas")): Object: 'Object Repository/GoAmlReport/07 Entity/Account Tab From/03 Director/11 Dokumen Identitas/Tambah Dokumen Identitas' is clicked on

2020-09-02 12:18:08 - [MESSAGE][PASSED] - Object: 'Object Repository/GoAmlReport/07 Entity/Account Tab From/03 Director/11 Dokumen Identitas/Tambah Dokumen Identitas' is clicked on

2020-09-02 12:18:08 - [TEST_STEP][PASSED] - delay(3): Delayed 3 second(s)

2020-09-02 12:18:11 - [MESSAGE][PASSED] - Delayed 3 second(s)

2020-09-02 12:18:11 - [TEST_STEP][PASSED] - setText(findTestObject("GoAmlReport/07 Entity/Account Tab From/03 Director/11 Dokumen Identitas/01 Jenis Dokumen Identitas"), "SUKET - Surat Keterangan Kependudukan"): Text 'SUKET - Surat Keterangan Kependudukan' is set on object 'Object Repository/GoAmlReport/07 Entity/Account Tab From/03 Director/11 Dokumen Identitas/01 Jenis Dokumen Identitas'

2020-09-02 12:18:13 - [MESSAGE][PASSED] - Text 'SUKET - Surat Keterangan Kependudukan' is set on object 'Object Repository/GoAmlReport/07 Entity/Account Tab From/03 Director/11 Dokumen Identitas/01 Jenis Dokumen Identitas'

2020-09-02 12:18:13 - [TEST_STEP][PASSED] - delay(3): Delayed 3 second(s)

2020-09-02 12:18:16 - [MESSAGE][PASSED] - Delayed 3 second(s)

2020-09-02 12:18:16 - [TEST_STEP][PASSED] - sendKeys(findTestObject("GoAmlReport/07 Entity/Account Tab From/03 Director/11 Dokumen Identitas/01 Jenis Dokumen Identitas"), Keys.chord(ENTER)): Keys 'ENTER + ' sent to object: 'Object Repository/GoAmlReport/07 Entity/Account Tab From/03 Director/11 Dokumen Identitas/01 Jenis Dokumen Identitas'

2020-09-02 12:18:16 - [MESSAGE][PASSED] - Keys 'ENTER + ' sent to object: 'Object Repository/GoAmlReport/07 Entity/Account Tab From/03 Director/11 Dokumen Identitas/01 Jenis Dokumen Identitas'

2020-09-02 12:18:16 - [TEST_STEP][PASSED] - setText(findTestObject("GoAmlReport/07 Entity/Account Tab From/03 Director/11 Dokumen Identitas/02 No Identitas"), "12321444"): Text '12321444' is set on object 'Object Repository/GoAmlReport/07 Entity/Account Tab From/03 Director/11 Dokumen Identitas/02 No Identitas'

2020-09-02 12:18:17 - [MESSAGE][PASSED] - Text '12321444' is set on object 'Object Repository/GoAmlReport/07 Entity/Account Tab From/03 Director/11 Dokumen Identitas/02 No Identitas'

2020-09-02 12:18:17 - [TEST_STEP][PASSED] - setText(findTestObject("GoAmlReport/07 Entity/Account Tab From/03 Director/11 Dokumen Identitas/03 Negara Penerbit"), "ID - INDONESIA"): Text 'ID - INDONESIA' is set on object 'Object Repository/GoAmlReport/07 Entity/Account Tab From/03 Director/11 Dokumen Identitas/03 Negara Penerbit'

2020-09-02 12:18:18 - [MESSAGE][PASSED] - Text 'ID - INDONESIA' is set on object 'Object Repository/GoAmlReport/07 Entity/Account Tab From/03 Director/11 Dokumen Identitas/03 Negara Penerbit'

2020-09-02 12:18:18 - [TEST_STEP][PASSED] - delay(3): Delayed 3 second(s)

2020-09-02 12:18:21 - [MESSAGE][PASSED] - Delayed 3 second(s)

2020-09-02 12:18:21 - [TEST_STEP][PASSED] - sendKeys(findTestObject("GoAmlReport/07 Entity/Account Tab From/03 Director/11 Dokumen Identitas/03 Negara Penerbit"), Keys.chord(ENTER)): Keys 'ENTER + ' sent to object: 'Object Repository/GoAmlReport/07 Entity/Account Tab From/03 Director/11 Dokumen Identitas/03 Negara Penerbit'

2020-09-02 12:18:21 - [MESSAGE][PASSED] - Keys 'ENTER + ' sent to object: 'Object Repository/GoAmlReport/07 Entity/Account Tab From/03 Director/11 Dokumen Identitas/03 Negara Penerbit'

2020-09-02 12:18:21 - [TEST_STEP][PASSED] - click(findTestObject("GoAmlReport/07 Entity/Account Tab From/03 Director/11 Dokumen Identitas/Save")): Object: 'Object Repository/GoAmlReport/07 Entity/Account Tab From/03 Director/11 Dokumen Identitas/Save' is clicked on

2020-09-02 12:18:22 - [MESSAGE][PASSED] - Object: 'Object Repository/GoAmlReport/07 Entity/Account Tab From/03 Director/11 Dokumen Identitas/Save' is clicked on

2020-09-02 12:18:22 - [TEST_STEP][PASSED] - click(findTestObject("GoAmlReport/07 Entity/Account Tab From/03 Director/99 Save")): Object: 'Object Repository/GoAmlReport/07 Entity/Account Tab From/03 Director/99 Save' is clicked on

2020-09-02 12:18:23 - [MESSAGE][PASSED] - Object: 'Object Repository/GoAmlReport/07 Entity/Account Tab From/03 Director/99 Save' is clicked on

2020-09-02 12:18:23 - [TEST_STEP][PASSED] - delay(2): Delayed 2 second(s)

2020-09-02 12:18:25 - [MESSAGE][PASSED] - Delayed 2 second(s)

2020-09-02 12:18:25 - [MESSAGE][PASSED] - Call Test Case 'Test Cases/GoAML Report 4' successfully

2020-09-02 12:18:25 - [TEST_STEP][PASSED] - callTestCase(findTestCase("GoAML Report 5"), [:], STOP_ON_FAILURE): Call Test Case 'Test Cases/GoAML Report 5' successfully

2020-09-02 12:18:25 - [TEST_CASE][PASSED] - Test Cases/GoAML Report 5: Test Cases/GoAML Report 5

2020-09-02 12:18:25 - [TEST_STEP][PASSED] - for ([rowNum = 1, rowNum <= findTestData("GoAMLReport/Transaksi").getRowNumbers(), (rowNum++)]): Delayed 2 second(s)

2020-09-02 12:18:26 - [TEST_STEP][PASSED] - delay(6): Delayed 6 second(s)

2020-09-02 12:18:32 - [MESSAGE][PASSED] - Delayed 6 second(s)

2020-09-02 12:18:32 - [TEST_STEP][PASSED] - if (findTestData("GoAMLReport/Transaksi").getValue(1, rowNum) == "true"): Keys 'ENTER + ' sent to object: 'Object Repository/GoAmlReport/04 Identitas Penerima/07 Negara Trx Tujuan'

2020-09-02 12:18:32 - [TEST_STEP][PASSED] - if (findTestData("GoAMLReport/Transaksi").getValue(9, rowNum) == "true"): null

2020-09-02 12:18:32 - [TEST_STEP][PASSED] - if (findTestData("GoAMLReport/Transaksi").getValue(10, rowNum) == "uang tunai"): Keys 'ENTER + ' sent to object: 'Object Repository/GoAmlReport/04 Identitas Penerima/02 Ins Trx Tujuan'

2020-09-02 12:18:32 - [TEST_STEP][PASSED] - scrollToElement(findTestObject("GoAmlReport/04 Identitas Penerima/02 Ins Trx Tujuan"), 3): Scroll to object 'Object Repository/GoAmlReport/04 Identitas Penerima/02 Ins Trx Tujuan' successfully

2020-09-02 12:18:32 - [MESSAGE][PASSED] - Scroll to object 'Object Repository/GoAmlReport/04 Identitas Penerima/02 Ins Trx Tujuan' successfully

2020-09-02 12:18:32 - [TEST_STEP][PASSED] - setText(findTestObject("GoAmlReport/04 Identitas Penerima/02 Ins Trx Tujuan"), "Uang Tunai"): Text 'Uang Tunai' is set on object 'Object Repository/GoAmlReport/04 Identitas Penerima/02 Ins Trx Tujuan'

2020-09-02 12:18:33 - [MESSAGE][PASSED] - Text 'Uang Tunai' is set on object 'Object Repository/GoAmlReport/04 Identitas Penerima/02 Ins Trx Tujuan'

2020-09-02 12:18:33 - [TEST_STEP][PASSED] - delay(3): Delayed 3 second(s)

2020-09-02 12:18:36 - [MESSAGE][PASSED] - Delayed 3 second(s)

2020-09-02 12:18:36 - [TEST_STEP][PASSED] - sendKeys(findTestObject("GoAmlReport/04 Identitas Penerima/02 Ins Trx Tujuan"), Keys.chord(ENTER)): Keys 'ENTER + ' sent to object: 'Object Repository/GoAmlReport/04 Identitas Penerima/02 Ins Trx Tujuan'

2020-09-02 12:18:36 - [MESSAGE][PASSED] - Keys 'ENTER + ' sent to object: 'Object Repository/GoAmlReport/04 Identitas Penerima/02 Ins Trx Tujuan'

2020-09-02 12:18:36 - [TEST_STEP][PASSED] - if (findTestData("GoAMLReport/Transaksi").getValue(10, rowNum) == "rekening"): null

2020-09-02 12:18:36 - [TEST_STEP][PASSED] - scrollToElement(findTestObject("GoAmlReport/04 Identitas Penerima/05 Nominal Valas"), 3): Scroll to object 'Object Repository/GoAmlReport/04 Identitas Penerima/05 Nominal Valas' successfully

2020-09-02 12:18:37 - [MESSAGE][PASSED] - Scroll to object 'Object Repository/GoAmlReport/04 Identitas Penerima/05 Nominal Valas' successfully

2020-09-02 12:18:37 - [TEST_STEP][PASSED] - setText(findTestObject("GoAmlReport/04 Identitas Penerima/05 Nominal Valas"), "500000"): Text '500000' is set on object 'Object Repository/GoAmlReport/04 Identitas Penerima/05 Nominal Valas'

2020-09-02 12:18:37 - [MESSAGE][PASSED] - Text '500000' is set on object 'Object Repository/GoAmlReport/04 Identitas Penerima/05 Nominal Valas'

2020-09-02 12:18:38 - [TEST_STEP][PASSED] - scrollToElement(findTestObject("GoAmlReport/04 Identitas Penerima/06 Kurs"), 3): Scroll to object 'Object Repository/GoAmlReport/04 Identitas Penerima/06 Kurs' successfully

2020-09-02 12:18:38 - [MESSAGE][PASSED] - Scroll to object 'Object Repository/GoAmlReport/04 Identitas Penerima/06 Kurs' successfully

2020-09-02 12:18:38 - [TEST_STEP][PASSED] - setText(findTestObject("GoAmlReport/04 Identitas Penerima/06 Kurs"), "nope"): Text 'nope' is set on object 'Object Repository/GoAmlReport/04 Identitas Penerima/06 Kurs'

2020-09-02 12:18:38 - [MESSAGE][PASSED] - Text 'nope' is set on object 'Object Repository/GoAmlReport/04 Identitas Penerima/06 Kurs'

2020-09-02 12:18:38 - [TEST_STEP][PASSED] - setText(findTestObject("GoAmlReport/04 Identitas Penerima/999 Mata Uang Tujuan"), "TWD - Taiwan Dollar"): Text 'TWD - Taiwan Dollar' is set on object 'Object Repository/GoAmlReport/04 Identitas Penerima/999 Mata Uang Tujuan'

2020-09-02 12:18:39 - [MESSAGE][PASSED] - Text 'TWD - Taiwan Dollar' is set on object 'Object Repository/GoAmlReport/04 Identitas Penerima/999 Mata Uang Tujuan'

2020-09-02 12:18:39 - [TEST_STEP][PASSED] - delay(3): Delayed 3 second(s)

2020-09-02 12:18:43 - [MESSAGE][PASSED] - Delayed 3 second(s)

2020-09-02 12:18:43 - [TEST_STEP][PASSED] - sendKeys(findTestObject("GoAmlReport/04 Identitas Penerima/999 Mata Uang Tujuan"), Keys.chord(ENTER)): Keys 'ENTER + ' sent to object: 'Object Repository/GoAmlReport/04 Identitas Penerima/999 Mata Uang Tujuan'

2020-09-02 12:18:43 - [MESSAGE][PASSED] - Keys 'ENTER + ' sent to object: 'Object Repository/GoAmlReport/04 Identitas Penerima/999 Mata Uang Tujuan'

2020-09-02 12:18:43 - [TEST_STEP][PASSED] - scrollToElement(findTestObject("GoAmlReport/04 Identitas Penerima/07 Negara Trx Tujuan"), 3): Scroll to object 'Object Repository/GoAmlReport/04 Identitas Penerima/07 Negara Trx Tujuan' successfully

2020-09-02 12:18:43 - [MESSAGE][PASSED] - Scroll to object 'Object Repository/GoAmlReport/04 Identitas Penerima/07 Negara Trx Tujuan' successfully

2020-09-02 12:18:43 - [TEST_STEP][PASSED] - setText(findTestObject("GoAmlReport/04 Identitas Penerima/07 Negara Trx Tujuan"), "ital"): Text 'ital' is set on object 'Object Repository/GoAmlReport/04 Identitas Penerima/07 Negara Trx Tujuan'

2020-09-02 12:18:44 - [MESSAGE][PASSED] - Text 'ital' is set on object 'Object Repository/GoAmlReport/04 Identitas Penerima/07 Negara Trx Tujuan'

2020-09-02 12:18:44 - [TEST_STEP][PASSED] - delay(3): Delayed 3 second(s)

2020-09-02 12:18:47 - [MESSAGE][PASSED] - Delayed 3 second(s)

2020-09-02 12:18:47 - [TEST_STEP][PASSED] - sendKeys(findTestObject("GoAmlReport/04 Identitas Penerima/07 Negara Trx Tujuan"), Keys.chord(ENTER)): Keys 'ENTER + ' sent to object: 'Object Repository/GoAmlReport/04 Identitas Penerima/07 Negara Trx Tujuan'

2020-09-02 12:18:48 - [MESSAGE][PASSED] - Keys 'ENTER + ' sent to object: 'Object Repository/GoAmlReport/04 Identitas Penerima/07 Negara Trx Tujuan'

2020-09-02 12:18:48 - [TEST_STEP][PASSED] - if (findTestData("GoAMLReport/Transaksi").getValue(11, rowNum) == "account"): null

2020-09-02 12:18:48 - [TEST_STEP][PASSED] - if (findTestData("GoAMLReport/Transaksi").getValue(11, rowNum) == "person"): null

2020-09-02 12:18:48 - [TEST_STEP][PASSED] - if (findTestData("GoAMLReport/Transaksi").getValue(11, rowNum) == "entity"): Delayed 2 second(s)

2020-09-02 12:18:48 - [TEST_STEP][PASSED] - setText(findTestObject("GoAmlReport/04 Identitas Penerima/08 Informasi Penerima"), findTestData("GoAMLReport/Transaksi").getValue(11, rowNum)): Text 'entity' is set on object 'Object Repository/GoAmlReport/04 Identitas Penerima/08 Informasi Penerima'

2020-09-02 12:18:48 - [MESSAGE][PASSED] - Text 'entity' is set on object 'Object Repository/GoAmlReport/04 Identitas Penerima/08 Informasi Penerima'

2020-09-02 12:18:48 - [TEST_STEP][PASSED] - delay(8): Delayed 8 second(s)

2020-09-02 12:18:56 - [MESSAGE][PASSED] - Delayed 8 second(s)

2020-09-02 12:18:56 - [TEST_STEP][PASSED] - sendKeys(findTestObject("GoAmlReport/04 Identitas Penerima/08 Informasi Penerima"), Keys.chord(ENTER)): Keys 'ENTER + ' sent to object: 'Object Repository/GoAmlReport/04 Identitas Penerima/08 Informasi Penerima'

2020-09-02 12:18:57 - [MESSAGE][PASSED] - Keys 'ENTER + ' sent to object: 'Object Repository/GoAmlReport/04 Identitas Penerima/08 Informasi Penerima'

2020-09-02 12:18:57 - [TEST_STEP][PASSED] - delay(5): Delayed 5 second(s)

2020-09-02 12:19:02 - [MESSAGE][PASSED] - Delayed 5 second(s)

2020-09-02 12:19:02 - [TEST_STEP][PASSED] - setText(findTestObject("GoAmlReport/07 Entity/Account To/01 Nama Korporasi"), "Simpan Pinjam"): Text 'Simpan Pinjam' is set on object 'Object Repository/GoAmlReport/07 Entity/Account To/01 Nama Korporasi'

2020-09-02 12:19:03 - [MESSAGE][PASSED] - Text 'Simpan Pinjam' is set on object 'Object Repository/GoAmlReport/07 Entity/Account To/01 Nama Korporasi'

2020-09-02 12:19:03 - [TEST_STEP][PASSED] - setText(findTestObject("GoAmlReport/07 Entity/Account To/02 Bentuk Korporasi"), "PD - Perusahaan Daerah"): Text 'PD - Perusahaan Daerah' is set on object 'Object Repository/GoAmlReport/07 Entity/Account To/02 Bentuk Korporasi'

2020-09-02 12:19:04 - [MESSAGE][PASSED] - Text 'PD - Perusahaan Daerah' is set on object 'Object Repository/GoAmlReport/07 Entity/Account To/02 Bentuk Korporasi'

2020-09-02 12:19:04 - [TEST_STEP][PASSED] - delay(3): Delayed 3 second(s)

2020-09-02 12:19:07 - [MESSAGE][PASSED] - Delayed 3 second(s)

2020-09-02 12:19:07 - [TEST_STEP][PASSED] - sendKeys(findTestObject("GoAmlReport/07 Entity/Account To/02 Bentuk Korporasi"), Keys.chord(ENTER)): Keys 'ENTER + ' sent to object: 'Object Repository/GoAmlReport/07 Entity/Account To/02 Bentuk Korporasi'

2020-09-02 12:19:07 - [MESSAGE][PASSED] - Keys 'ENTER + ' sent to object: 'Object Repository/GoAmlReport/07 Entity/Account To/02 Bentuk Korporasi'

2020-09-02 12:19:07 - [TEST_STEP][PASSED] - setText(findTestObject("GoAmlReport/07 Entity/Account To/03 Bidang Usaha"), "Rentenir"): Text 'Rentenir' is set on object 'Object Repository/GoAmlReport/07 Entity/Account To/03 Bidang Usaha'

2020-09-02 12:19:08 - [MESSAGE][PASSED] - Text 'Rentenir' is set on object 'Object Repository/GoAmlReport/07 Entity/Account To/03 Bidang Usaha'

2020-09-02 12:19:08 - [TEST_STEP][PASSED] - delay(3): Delayed 3 second(s)

2020-09-02 12:19:11 - [MESSAGE][PASSED] - Delayed 3 second(s)

2020-09-02 12:19:11 - [TEST_STEP][PASSED] - sendKeys(findTestObject("GoAmlReport/07 Entity/Account To/03 Negara"), Keys.chord(ENTER)): Keys 'ENTER + ' sent to object: 'Object Repository/GoAmlReport/07 Entity/Account To/03 Negara'

2020-09-02 12:19:11 - [MESSAGE][PASSED] - Keys 'ENTER + ' sent to object: 'Object Repository/GoAmlReport/07 Entity/Account To/03 Negara'

2020-09-02 12:19:11 - [TEST_STEP][PASSED] - delay(3): Delayed 3 second(s)

2020-09-02 12:19:14 - [MESSAGE][PASSED] - Delayed 3 second(s)

2020-09-02 12:19:14 - [TEST_STEP][PASSED] - setText(findTestObject("GoAmlReport/07 Entity/Account To/03 Negara"), "indone"): Text 'indone' is set on object 'Object Repository/GoAmlReport/07 Entity/Account To/03 Negara'

2020-09-02 12:19:15 - [MESSAGE][PASSED] - Text 'indone' is set on object 'Object Repository/GoAmlReport/07 Entity/Account To/03 Negara'

2020-09-02 12:19:15 - [TEST_STEP][PASSED] - delay(3): Delayed 3 second(s)

2020-09-02 12:19:18 - [MESSAGE][PASSED] - Delayed 3 second(s)

2020-09-02 12:19:18 - [TEST_STEP][PASSED] - sendKeys(findTestObject("GoAmlReport/07 Entity/Account To/03 Negara"), Keys.chord(ENTER)): Keys 'ENTER + ' sent to object: 'Object Repository/GoAmlReport/07 Entity/Account To/03 Negara'

2020-09-02 12:19:19 - [MESSAGE][PASSED] - Keys 'ENTER + ' sent to object: 'Object Repository/GoAmlReport/07 Entity/Account To/03 Negara'

2020-09-02 12:19:19 - [TEST_STEP][PASSED] - setText(findTestObject("GoAmlReport/07 Entity/Account To/04 NPWP"), "123213123"): Text '123213123' is set on object 'Object Repository/GoAmlReport/07 Entity/Account To/04 NPWP'

2020-09-02 12:19:19 - [MESSAGE][PASSED] - Text '123213123' is set on object 'Object Repository/GoAmlReport/07 Entity/Account To/04 NPWP'

2020-09-02 12:19:19 - [TEST_STEP][PASSED] - scrollToElement(findTestObject("GoAmlReport/07 Entity/Account Tab To/01 Telepon/Tambah Telepon"), 3): Scroll to object 'Object Repository/GoAmlReport/07 Entity/Account Tab To/01 Telepon/Tambah Telepon' successfully

2020-09-02 12:19:20 - [MESSAGE][PASSED] - Scroll to object 'Object Repository/GoAmlReport/07 Entity/Account Tab To/01 Telepon/Tambah Telepon' successfully

2020-09-02 12:19:20 - [TEST_STEP][PASSED] - click(findTestObject("GoAmlReport/07 Entity/Account Tab To/01 Telepon/Tambah Telepon")): Object: 'Object Repository/GoAmlReport/07 Entity/Account Tab To/01 Telepon/Tambah Telepon' is clicked on

2020-09-02 12:19:21 - [MESSAGE][PASSED] - Object: 'Object Repository/GoAmlReport/07 Entity/Account Tab To/01 Telepon/Tambah Telepon' is clicked on

2020-09-02 12:19:21 - [TEST_STEP][PASSED] - delay(5): Delayed 5 second(s)

2020-09-02 12:19:26 - [MESSAGE][PASSED] - Delayed 5 second(s)

2020-09-02 12:19:26 - [TEST_STEP][PASSED] - setText(findTestObject("GoAmlReport/07 Entity/Account Tab To/01 Telepon/01 Kategori Kontak"), "D - Domisili"): Text 'D - Domisili' is set on object 'Object Repository/GoAmlReport/07 Entity/Account Tab To/01 Telepon/01 Kategori Kontak'

2020-09-02 12:19:26 - [MESSAGE][PASSED] - Text 'D - Domisili' is set on object 'Object Repository/GoAmlReport/07 Entity/Account Tab To/01 Telepon/01 Kategori Kontak'

2020-09-02 12:19:26 - [TEST_STEP][PASSED] - delay(3): Delayed 3 second(s)

2020-09-02 12:19:29 - [MESSAGE][PASSED] - Delayed 3 second(s)

2020-09-02 12:19:29 - [TEST_STEP][PASSED] - sendKeys(findTestObject("GoAmlReport/07 Entity/Account Tab To/01 Telepon/01 Kategori Kontak"), Keys.chord(ENTER)): Keys 'ENTER + ' sent to object: 'Object Repository/GoAmlReport/07 Entity/Account Tab To/01 Telepon/01 Kategori Kontak'

2020-09-02 12:19:30 - [MESSAGE][PASSED] - Keys 'ENTER + ' sent to object: 'Object Repository/GoAmlReport/07 Entity/Account Tab To/01 Telepon/01 Kategori Kontak'

2020-09-02 12:19:30 - [TEST_STEP][PASSED] - setText(findTestObject("GoAmlReport/07 Entity/Account Tab To/01 Telepon/02 Alat Komunikasi"), "PSTN - PSTN"): Text 'PSTN - PSTN' is set on object 'Object Repository/GoAmlReport/07 Entity/Account Tab To/01 Telepon/02 Alat Komunikasi'

2020-09-02 12:19:31 - [MESSAGE][PASSED] - Text 'PSTN - PSTN' is set on object 'Object Repository/GoAmlReport/07 Entity/Account Tab To/01 Telepon/02 Alat Komunikasi'

2020-09-02 12:19:31 - [TEST_STEP][PASSED] - delay(3): Delayed 3 second(s)

2020-09-02 12:19:34 - [MESSAGE][PASSED] - Delayed 3 second(s)

2020-09-02 12:19:34 - [TEST_STEP][PASSED] - sendKeys(findTestObject("GoAmlReport/07 Entity/Account Tab To/01 Telepon/02 Alat Komunikasi"), Keys.chord(ENTER)): Keys 'ENTER + ' sent to object: 'Object Repository/GoAmlReport/07 Entity/Account Tab To/01 Telepon/02 Alat Komunikasi'

2020-09-02 12:19:34 - [MESSAGE][PASSED] - Keys 'ENTER + ' sent to object: 'Object Repository/GoAmlReport/07 Entity/Account Tab To/01 Telepon/02 Alat Komunikasi'

2020-09-02 12:19:34 - [TEST_STEP][PASSED] - setText(findTestObject("GoAmlReport/07 Entity/Account Tab To/01 Telepon/03 No Telepon"), "0986745632"): Text '0986745632' is set on object 'Object Repository/GoAmlReport/07 Entity/Account Tab To/01 Telepon/03 No Telepon'

2020-09-02 12:19:35 - [MESSAGE][PASSED] - Text '0986745632' is set on object 'Object Repository/GoAmlReport/07 Entity/Account Tab To/01 Telepon/03 No Telepon'

2020-09-02 12:19:35 - [TEST_STEP][PASSED] - delay(2): Delayed 2 second(s)

2020-09-02 12:19:37 - [MESSAGE][PASSED] - Delayed 2 second(s)

2020-09-02 12:19:37 - [TEST_STEP][PASSED] - scrollToElement(findTestObject("GoAmlReport/07 Entity/Account Tab To/01 Telepon/Save"), 3): Scroll to object 'Object Repository/GoAmlReport/07 Entity/Account Tab To/01 Telepon/Save' successfully

2020-09-02 12:19:37 - [MESSAGE][PASSED] - Scroll to object 'Object Repository/GoAmlReport/07 Entity/Account Tab To/01 Telepon/Save' successfully

2020-09-02 12:19:37 - [TEST_STEP][PASSED] - click(findTestObject("GoAmlReport/07 Entity/Account Tab To/01 Telepon/Save"), STOP_ON_FAILURE): Object: 'Object Repository/GoAmlReport/07 Entity/Account Tab To/01 Telepon/Save' is clicked on

2020-09-02 12:19:38 - [MESSAGE][PASSED] - Object: 'Object Repository/GoAmlReport/07 Entity/Account Tab To/01 Telepon/Save' is clicked on

2020-09-02 12:19:38 - [TEST_STEP][PASSED] - delay(3): Delayed 3 second(s)

2020-09-02 12:19:41 - [MESSAGE][PASSED] - Delayed 3 second(s)

2020-09-02 12:19:41 - [TEST_STEP][PASSED] - scrollToElement(findTestObject("GoAmlReport/07 Entity/Account Tab To/02 Alamat/span_Tambah Alamat"), 3): Scroll to object 'Object Repository/GoAmlReport/07 Entity/Account Tab To/02 Alamat/span_Tambah Alamat' successfully

2020-09-02 12:19:41 - [MESSAGE][PASSED] - Scroll to object 'Object Repository/GoAmlReport/07 Entity/Account Tab To/02 Alamat/span_Tambah Alamat' successfully

2020-09-02 12:19:41 - [TEST_STEP][PASSED] - click(findTestObject("GoAmlReport/07 Entity/Account Tab To/02 Alamat/span_Tambah Alamat")): Object: 'Object Repository/GoAmlReport/07 Entity/Account Tab To/02 Alamat/span_Tambah Alamat' is clicked on

2020-09-02 12:19:42 - [MESSAGE][PASSED] - Object: 'Object Repository/GoAmlReport/07 Entity/Account Tab To/02 Alamat/span_Tambah Alamat' is clicked on

2020-09-02 12:19:42 - [TEST_STEP][PASSED] - delay(5): Delayed 5 second(s)

2020-09-02 12:19:47 - [MESSAGE][PASSED] - Delayed 5 second(s)

2020-09-02 12:19:47 - [TEST_STEP][PASSED] - setText(findTestObject("GoAmlReport/07 Entity/Account Tab To/02 Alamat/01 Type Alamat"), "D - Domisili"): Text 'D - Domisili' is set on object 'Object Repository/GoAmlReport/07 Entity/Account Tab To/02 Alamat/01 Type Alamat'

2020-09-02 12:19:48 - [MESSAGE][PASSED] - Text 'D - Domisili' is set on object 'Object Repository/GoAmlReport/07 Entity/Account Tab To/02 Alamat/01 Type Alamat'

2020-09-02 12:19:48 - [TEST_STEP][PASSED] - delay(5): Delayed 5 second(s)

2020-09-02 12:19:53 - [MESSAGE][PASSED] - Delayed 5 second(s)

2020-09-02 12:19:53 - [TEST_STEP][PASSED] - sendKeys(findTestObject("GoAmlReport/07 Entity/Account Tab To/02 Alamat/01 Type Alamat"), Keys.chord(ENTER)): Keys 'ENTER + ' sent to object: 'Object Repository/GoAmlReport/07 Entity/Account Tab To/02 Alamat/01 Type Alamat'

2020-09-02 12:19:53 - [MESSAGE][PASSED] - Keys 'ENTER + ' sent to object: 'Object Repository/GoAmlReport/07 Entity/Account Tab To/02 Alamat/01 Type Alamat'

2020-09-02 12:19:53 - [TEST_STEP][PASSED] - setText(findTestObject("GoAmlReport/07 Entity/Account Tab To/02 Alamat/02 Alamat"), "Jl. sdhjsadkjsnadklsandkjasd"): Text 'Jl. sdhjsadkjsnadklsandkjasd' is set on object 'Object Repository/GoAmlReport/07 Entity/Account Tab To/02 Alamat/02 Alamat'

2020-09-02 12:19:54 - [MESSAGE][PASSED] - Text 'Jl. sdhjsadkjsnadklsandkjasd' is set on object 'Object Repository/GoAmlReport/07 Entity/Account Tab To/02 Alamat/02 Alamat'

2020-09-02 12:19:54 - [TEST_STEP][PASSED] - setText(findTestObject("GoAmlReport/07 Entity/Account Tab To/02 Alamat/03 Kota"), "Jakarta"): Text 'Jakarta' is set on object 'Object Repository/GoAmlReport/07 Entity/Account Tab To/02 Alamat/03 Kota'

2020-09-02 12:19:55 - [MESSAGE][PASSED] - Text 'Jakarta' is set on object 'Object Repository/GoAmlReport/07 Entity/Account Tab To/02 Alamat/03 Kota'

2020-09-02 12:19:55 - [TEST_STEP][PASSED] - setText(findTestObject("GoAmlReport/07 Entity/Account Tab To/02 Alamat/03 Negara"), "ID - INDONESIA"): Text 'ID - INDONESIA' is set on object 'Object Repository/GoAmlReport/07 Entity/Account Tab To/02 Alamat/03 Negara'

2020-09-02 12:19:55 - [MESSAGE][PASSED] - Text 'ID - INDONESIA' is set on object 'Object Repository/GoAmlReport/07 Entity/Account Tab To/02 Alamat/03 Negara'

2020-09-02 12:19:55 - [TEST_STEP][PASSED] - delay(3): Delayed 3 second(s)

2020-09-02 12:19:58 - [MESSAGE][PASSED] - Delayed 3 second(s)

2020-09-02 12:19:58 - [TEST_STEP][PASSED] - sendKeys(findTestObject("GoAmlReport/07 Entity/Account Tab To/02 Alamat/03 Negara"), Keys.chord(ENTER)): Keys 'ENTER + ' sent to object: 'Object Repository/GoAmlReport/07 Entity/Account Tab To/02 Alamat/03 Negara'

2020-09-02 12:19:59 - [MESSAGE][PASSED] - Keys 'ENTER + ' sent to object: 'Object Repository/GoAmlReport/07 Entity/Account Tab To/02 Alamat/03 Negara'

2020-09-02 12:19:59 - [TEST_STEP][PASSED] - delay(2): Delayed 2 second(s)

2020-09-02 12:20:01 - [MESSAGE][PASSED] - Delayed 2 second(s)

2020-09-02 12:20:01 - [TEST_STEP][PASSED] - click(findTestObject("GoAmlReport/07 Entity/Account Tab To/02 Alamat/save")): Object: 'Object Repository/GoAmlReport/07 Entity/Account Tab To/02 Alamat/save' is clicked on

2020-09-02 12:20:02 - [MESSAGE][PASSED] - Object: 'Object Repository/GoAmlReport/07 Entity/Account Tab To/02 Alamat/save' is clicked on

2020-09-02 12:20:02 - [TEST_STEP][PASSED] - click(findTestObject("GoAmlReport/07 Entity/Account Tab To/03 Director/00 Add")): Object: 'Object Repository/GoAmlReport/07 Entity/Account Tab To/03 Director/00 Add' is clicked on

2020-09-02 12:20:03 - [MESSAGE][PASSED] - Object: 'Object Repository/GoAmlReport/07 Entity/Account Tab To/03 Director/00 Add' is clicked on

2020-09-02 12:20:03 - [TEST_STEP][PASSED] - scrollToElement(findTestObject("GoAmlReport/07 Entity/Account Tab To/03 Director/00 Add"), 3): Scroll to object 'Object Repository/GoAmlReport/07 Entity/Account Tab To/03 Director/00 Add' successfully

2020-09-02 12:20:04 - [MESSAGE][PASSED] - Scroll to object 'Object Repository/GoAmlReport/07 Entity/Account Tab To/03 Director/00 Add' successfully

2020-09-02 12:20:04 - [TEST_STEP][PASSED] - delay(5): Delayed 5 second(s)

2020-09-02 12:20:09 - [MESSAGE][PASSED] - Delayed 5 second(s)

2020-09-02 12:20:09 - [TEST_STEP][PASSED] - setText(findTestObject("GoAmlReport/07 Entity/Account Tab To/03 Director/01 Jenis Kelamin"), "F - Female"): Text 'F - Female' is set on object 'Object Repository/GoAmlReport/07 Entity/Account Tab To/03 Director/01 Jenis Kelamin'

2020-09-02 12:20:10 - [MESSAGE][PASSED] - Text 'F - Female' is set on object 'Object Repository/GoAmlReport/07 Entity/Account Tab To/03 Director/01 Jenis Kelamin'

2020-09-02 12:20:10 - [TEST_STEP][PASSED] - delay(5): Delayed 5 second(s)

2020-09-02 12:20:15 - [MESSAGE][PASSED] - Delayed 5 second(s)

2020-09-02 12:20:15 - [TEST_STEP][PASSED] - sendKeys(findTestObject("GoAmlReport/07 Entity/Account Tab To/03 Director/01 Jenis Kelamin"), Keys.chord(ENTER)): Keys 'ENTER + ' sent to object: 'Object Repository/GoAmlReport/07 Entity/Account Tab To/03 Director/01 Jenis Kelamin'

2020-09-02 12:20:15 - [MESSAGE][PASSED] - Keys 'ENTER + ' sent to object: 'Object Repository/GoAmlReport/07 Entity/Account Tab To/03 Director/01 Jenis Kelamin'

2020-09-02 12:20:15 - [TEST_STEP][PASSED] - setText(findTestObject("GoAmlReport/07 Entity/Account Tab To/03 Director/02 Nama Lengkap"), "Aman "): Text 'Aman ' is set on object 'Object Repository/GoAmlReport/07 Entity/Account Tab To/03 Director/02 Nama Lengkap'

2020-09-02 12:20:16 - [MESSAGE][PASSED] - Text 'Aman ' is set on object 'Object Repository/GoAmlReport/07 Entity/Account Tab To/03 Director/02 Nama Lengkap'

2020-09-02 12:20:16 - [TEST_STEP][PASSED] - setText(findTestObject("GoAmlReport/07 Entity/Account Tab To/03 Director/10 Tanggal Lahir"), "01-Aug-96"): Text '01-Aug-96' is set on object 'Object Repository/GoAmlReport/07 Entity/Account Tab To/03 Director/10 Tanggal Lahir'

2020-09-02 12:20:17 - [MESSAGE][PASSED] - Text '01-Aug-96' is set on object 'Object Repository/GoAmlReport/07 Entity/Account Tab To/03 Director/10 Tanggal Lahir'

2020-09-02 12:20:17 - [TEST_STEP][PASSED] - delay(2): Delayed 2 second(s)

2020-09-02 12:20:19 - [MESSAGE][PASSED] - Delayed 2 second(s)

2020-09-02 12:20:19 - [TEST_STEP][PASSED] - setText(findTestObject("GoAmlReport/07 Entity/Account Tab To/03 Director/12 Tempat Lahir"), "Jakarta"): Text 'Jakarta' is set on object 'Object Repository/GoAmlReport/07 Entity/Account Tab To/03 Director/12 Tempat Lahir'

2020-09-02 12:20:19 - [MESSAGE][PASSED] - Text 'Jakarta' is set on object 'Object Repository/GoAmlReport/07 Entity/Account Tab To/03 Director/12 Tempat Lahir'

2020-09-02 12:20:19 - [TEST_STEP][PASSED] - setText(findTestObject("GoAmlReport/07 Entity/Account Tab To/03 Director/04 Kewarganegaraan"), "indone"): Text 'indone' is set on object 'Object Repository/GoAmlReport/07 Entity/Account Tab To/03 Director/04 Kewarganegaraan'

2020-09-02 12:20:20 - [MESSAGE][PASSED] - Text 'indone' is set on object 'Object Repository/GoAmlReport/07 Entity/Account Tab To/03 Director/04 Kewarganegaraan'

2020-09-02 12:20:20 - [TEST_STEP][PASSED] - delay(5): Delayed 5 second(s)

2020-09-02 12:20:25 - [MESSAGE][PASSED] - Delayed 5 second(s)

2020-09-02 12:20:25 - [TEST_STEP][PASSED] - sendKeys(findTestObject("GoAmlReport/07 Entity/Account Tab To/03 Director/04 Kewarganegaraan"), Keys.chord(ENTER)): Keys 'ENTER + ' sent to object: 'Object Repository/GoAmlReport/07 Entity/Account Tab To/03 Director/04 Kewarganegaraan'

2020-09-02 12:20:26 - [MESSAGE][PASSED] - Keys 'ENTER + ' sent to object: 'Object Repository/GoAmlReport/07 Entity/Account Tab To/03 Director/04 Kewarganegaraan'

2020-09-02 12:20:26 - [TEST_STEP][PASSED] - setText(findTestObject("GoAmlReport/07 Entity/Account Tab To/03 Director/05 Negara Domisili"), "ID - INDONESIA"): Text 'ID - INDONESIA' is set on object 'Object Repository/GoAmlReport/07 Entity/Account Tab To/03 Director/05 Negara Domisili'

2020-09-02 12:20:27 - [MESSAGE][PASSED] - Text 'ID - INDONESIA' is set on object 'Object Repository/GoAmlReport/07 Entity/Account Tab To/03 Director/05 Negara Domisili'

2020-09-02 12:20:27 - [TEST_STEP][PASSED] - delay(3): Delayed 3 second(s)

2020-09-02 12:20:30 - [MESSAGE][PASSED] - Delayed 3 second(s)

2020-09-02 12:20:30 - [TEST_STEP][PASSED] - sendKeys(findTestObject("GoAmlReport/07 Entity/Account Tab To/03 Director/05 Negara Domisili"), Keys.chord(ENTER)): Keys 'ENTER + ' sent to object: 'Object Repository/GoAmlReport/07 Entity/Account Tab To/03 Director/05 Negara Domisili'

2020-09-02 12:20:30 - [MESSAGE][PASSED] - Keys 'ENTER + ' sent to object: 'Object Repository/GoAmlReport/07 Entity/Account Tab To/03 Director/05 Negara Domisili'

2020-09-02 12:20:30 - [TEST_STEP][PASSED] - setText(findTestObject("GoAmlReport/07 Entity/Account Tab To/03 Director/06 Pekerjaan"), "Kerja Serabutan"): Text 'Kerja Serabutan' is set on object 'Object Repository/GoAmlReport/07 Entity/Account Tab To/03 Director/06 Pekerjaan'

2020-09-02 12:20:31 - [MESSAGE][PASSED] - Text 'Kerja Serabutan' is set on object 'Object Repository/GoAmlReport/07 Entity/Account Tab To/03 Director/06 Pekerjaan'

2020-09-02 12:20:31 - [TEST_STEP][PASSED] - setText(findTestObject("GoAmlReport/07 Entity/Account Tab To/03 Director/07 Sumber Dana"), "Maling"): Text 'Maling' is set on object 'Object Repository/GoAmlReport/07 Entity/Account Tab To/03 Director/07 Sumber Dana'

2020-09-02 12:20:32 - [MESSAGE][PASSED] - Text 'Maling' is set on object 'Object Repository/GoAmlReport/07 Entity/Account Tab To/03 Director/07 Sumber Dana'

2020-09-02 12:20:32 - [TEST_STEP][PASSED] - setText(findTestObject("GoAmlReport/07 Entity/Account Tab To/03 Director/08 Peran"), "UBO - Ultimate Beneficial Owner"): Text 'UBO - Ultimate Beneficial Owner' is set on object 'Object Repository/GoAmlReport/07 Entity/Account Tab To/03 Director/08 Peran'

2020-09-02 12:20:33 - [MESSAGE][PASSED] - Text 'UBO - Ultimate Beneficial Owner' is set on object 'Object Repository/GoAmlReport/07 Entity/Account Tab To/03 Director/08 Peran'

2020-09-02 12:20:33 - [TEST_STEP][PASSED] - delay(2): Delayed 2 second(s)

2020-09-02 12:20:35 - [MESSAGE][PASSED] - Delayed 2 second(s)

2020-09-02 12:20:35 - [TEST_STEP][PASSED] - sendKeys(findTestObject("GoAmlReport/07 Entity/Account Tab To/03 Director/08 Peran"), Keys.chord(ENTER)): Keys 'ENTER + ' sent to object: 'Object Repository/GoAmlReport/07 Entity/Account Tab To/03 Director/08 Peran'

2020-09-02 12:20:36 - [MESSAGE][PASSED] - Keys 'ENTER + ' sent to object: 'Object Repository/GoAmlReport/07 Entity/Account Tab To/03 Director/08 Peran'

2020-09-02 12:20:36 - [TEST_STEP][PASSED] - click(findTestObject("GoAmlReport/07 Entity/Account Tab To/03 Director/09 Telepon/Tambah Telepon")): Object: 'Object Repository/GoAmlReport/07 Entity/Account Tab To/03 Director/09 Telepon/Tambah Telepon' is clicked on

2020-09-02 12:20:36 - [MESSAGE][PASSED] - Object: 'Object Repository/GoAmlReport/07 Entity/Account Tab To/03 Director/09 Telepon/Tambah Telepon' is clicked on

2020-09-02 12:20:36 - [TEST_STEP][PASSED] - scrollToElement(findTestObject("GoAmlReport/07 Entity/Account Tab To/03 Director/09 Telepon/01 Kategori Kontak"), 3): Scroll to object 'Object Repository/GoAmlReport/07 Entity/Account Tab To/03 Director/09 Telepon/01 Kategori Kontak' successfully

2020-09-02 12:20:38 - [MESSAGE][PASSED] - Scroll to object 'Object Repository/GoAmlReport/07 Entity/Account Tab To/03 Director/09 Telepon/01 Kategori Kontak' successfully

2020-09-02 12:20:38 - [TEST_STEP][PASSED] - setText(findTestObject("GoAmlReport/07 Entity/Account Tab To/03 Director/09 Telepon/01 Kategori Kontak"), "K - Kantor"): Text 'K - Kantor' is set on object 'Object Repository/GoAmlReport/07 Entity/Account Tab To/03 Director/09 Telepon/01 Kategori Kontak'

2020-09-02 12:20:39 - [MESSAGE][PASSED] - Text 'K - Kantor' is set on object 'Object Repository/GoAmlReport/07 Entity/Account Tab To/03 Director/09 Telepon/01 Kategori Kontak'

2020-09-02 12:20:39 - [TEST_STEP][PASSED] - delay(3): Delayed 3 second(s)

2020-09-02 12:20:42 - [MESSAGE][PASSED] - Delayed 3 second(s)

2020-09-02 12:20:42 - [TEST_STEP][PASSED] - sendKeys(findTestObject("GoAmlReport/07 Entity/Account Tab To/03 Director/09 Telepon/01 Kategori Kontak"), Keys.chord(ENTER)): Keys 'ENTER + ' sent to object: 'Object Repository/GoAmlReport/07 Entity/Account Tab To/03 Director/09 Telepon/01 Kategori Kontak'

2020-09-02 12:20:43 - [MESSAGE][PASSED] - Keys 'ENTER + ' sent to object: 'Object Repository/GoAmlReport/07 Entity/Account Tab To/03 Director/09 Telepon/01 Kategori Kontak'

2020-09-02 12:20:43 - [TEST_STEP][PASSED] - setText(findTestObject("GoAmlReport/07 Entity/Account Tab To/03 Director/09 Telepon/02 Alat Komunikasi"), "PSTN - PSTN"): Text 'PSTN - PSTN' is set on object 'Object Repository/GoAmlReport/07 Entity/Account Tab To/03 Director/09 Telepon/02 Alat Komunikasi'

2020-09-02 12:20:43 - [MESSAGE][PASSED] - Text 'PSTN - PSTN' is set on object 'Object Repository/GoAmlReport/07 Entity/Account Tab To/03 Director/09 Telepon/02 Alat Komunikasi'

2020-09-02 12:20:43 - [TEST_STEP][PASSED] - delay(3): Delayed 3 second(s)

2020-09-02 12:20:46 - [MESSAGE][PASSED] - Delayed 3 second(s)

2020-09-02 12:20:46 - [TEST_STEP][PASSED] - sendKeys(findTestObject("GoAmlReport/07 Entity/Account Tab To/03 Director/09 Telepon/02 Alat Komunikasi"), Keys.chord(ENTER)): Keys 'ENTER + ' sent to object: 'Object Repository/GoAmlReport/07 Entity/Account Tab To/03 Director/09 Telepon/02 Alat Komunikasi'

2020-09-02 12:20:47 - [MESSAGE][PASSED] - Keys 'ENTER + ' sent to object: 'Object Repository/GoAmlReport/07 Entity/Account Tab To/03 Director/09 Telepon/02 Alat Komunikasi'

2020-09-02 12:20:47 - [TEST_STEP][PASSED] - setText(findTestObject("GoAmlReport/07 Entity/Account Tab To/03 Director/09 Telepon/03 No Telepon"), "222222222"): Text '222222222' is set on object 'Object Repository/GoAmlReport/07 Entity/Account Tab To/03 Director/09 Telepon/03 No Telepon'

2020-09-02 12:20:48 - [MESSAGE][PASSED] - Text '222222222' is set on object 'Object Repository/GoAmlReport/07 Entity/Account Tab To/03 Director/09 Telepon/03 No Telepon'

2020-09-02 12:20:48 - [TEST_STEP][PASSED] - click(findTestObject("GoAmlReport/07 Entity/Account Tab To/03 Director/09 Telepon/Save"), STOP_ON_FAILURE): Object: 'Object Repository/GoAmlReport/07 Entity/Account Tab To/03 Director/09 Telepon/Save' is clicked on

2020-09-02 12:20:48 - [MESSAGE][PASSED] - Object: 'Object Repository/GoAmlReport/07 Entity/Account Tab To/03 Director/09 Telepon/Save' is clicked on

2020-09-02 12:20:48 - [TEST_STEP][PASSED] - delay(4): Delayed 4 second(s)

2020-09-02 12:20:52 - [MESSAGE][PASSED] - Delayed 4 second(s)

2020-09-02 12:20:52 - [TEST_STEP][PASSED] - scrollToElement(findTestObject("GoAmlReport/07 Entity/Account Tab To/03 Director/10 Alamat/span_Tambah Alamat"), 3): Scroll to object 'Object Repository/GoAmlReport/07 Entity/Account Tab To/03 Director/10 Alamat/span_Tambah Alamat' successfully

2020-09-02 12:20:52 - [MESSAGE][PASSED] - Scroll to object 'Object Repository/GoAmlReport/07 Entity/Account Tab To/03 Director/10 Alamat/span_Tambah Alamat' successfully

2020-09-02 12:20:53 - [TEST_STEP][PASSED] - click(findTestObject("GoAmlReport/07 Entity/Account Tab To/03 Director/10 Alamat/span_Tambah Alamat")): Object: 'Object Repository/GoAmlReport/07 Entity/Account Tab To/03 Director/10 Alamat/span_Tambah Alamat' is clicked on

2020-09-02 12:20:53 - [MESSAGE][PASSED] - Object: 'Object Repository/GoAmlReport/07 Entity/Account Tab To/03 Director/10 Alamat/span_Tambah Alamat' is clicked on

2020-09-02 12:20:53 - [TEST_STEP][PASSED] - delay(3): Delayed 3 second(s)

2020-09-02 12:20:56 - [MESSAGE][PASSED] - Delayed 3 second(s)

2020-09-02 12:20:56 - [TEST_STEP][PASSED] - setText(findTestObject("GoAmlReport/07 Entity/Account Tab To/03 Director/10 Alamat/01 Type Alamat"), "R - Rumah"): Text 'R - Rumah' is set on object 'Object Repository/GoAmlReport/07 Entity/Account Tab To/03 Director/10 Alamat/01 Type Alamat'

2020-09-02 12:20:57 - [MESSAGE][PASSED] - Text 'R - Rumah' is set on object 'Object Repository/GoAmlReport/07 Entity/Account Tab To/03 Director/10 Alamat/01 Type Alamat'

2020-09-02 12:20:57 - [TEST_STEP][PASSED] - delay(3): Delayed 3 second(s)

2020-09-02 12:21:00 - [MESSAGE][PASSED] - Delayed 3 second(s)

2020-09-02 12:21:00 - [TEST_STEP][PASSED] - sendKeys(findTestObject("GoAmlReport/07 Entity/Account Tab To/03 Director/10 Alamat/01 Type Alamat"), Keys.chord(ENTER)): Keys 'ENTER + ' sent to object: 'Object Repository/GoAmlReport/07 Entity/Account Tab To/03 Director/10 Alamat/01 Type Alamat'

2020-09-02 12:21:00 - [MESSAGE][PASSED] - Keys 'ENTER + ' sent to object: 'Object Repository/GoAmlReport/07 Entity/Account Tab To/03 Director/10 Alamat/01 Type Alamat'

2020-09-02 12:21:00 - [TEST_STEP][PASSED] - setText(findTestObject("GoAmlReport/07 Entity/Account Tab To/03 Director/10 Alamat/02 Alamat"), "Jl Jalan Jln"): Text 'Jl Jalan Jln' is set on object 'Object Repository/GoAmlReport/07 Entity/Account Tab To/03 Director/10 Alamat/02 Alamat'

2020-09-02 12:21:01 - [MESSAGE][PASSED] - Text 'Jl Jalan Jln' is set on object 'Object Repository/GoAmlReport/07 Entity/Account Tab To/03 Director/10 Alamat/02 Alamat'

2020-09-02 12:21:01 - [TEST_STEP][PASSED] - setText(findTestObject("GoAmlReport/07 Entity/Account Tab To/03 Director/10 Alamat/03 Kota"), "Jakarte"): Text 'Jakarte' is set on object 'Object Repository/GoAmlReport/07 Entity/Account Tab To/03 Director/10 Alamat/03 Kota'

2020-09-02 12:21:02 - [MESSAGE][PASSED] - Text 'Jakarte' is set on object 'Object Repository/GoAmlReport/07 Entity/Account Tab To/03 Director/10 Alamat/03 Kota'

2020-09-02 12:21:02 - [TEST_STEP][PASSED] - setText(findTestObject("GoAmlReport/07 Entity/Account Tab To/03 Director/10 Alamat/03 Negara"), "Indonesi"): Text 'Indonesi' is set on object 'Object Repository/GoAmlReport/07 Entity/Account Tab To/03 Director/10 Alamat/03 Negara'

2020-09-02 12:21:02 - [MESSAGE][PASSED] - Text 'Indonesi' is set on object 'Object Repository/GoAmlReport/07 Entity/Account Tab To/03 Director/10 Alamat/03 Negara'

2020-09-02 12:21:02 - [TEST_STEP][PASSED] - delay(3): Delayed 3 second(s)

2020-09-02 12:21:05 - [MESSAGE][PASSED] - Delayed 3 second(s)

2020-09-02 12:21:05 - [TEST_STEP][PASSED] - sendKeys(findTestObject("GoAmlReport/07 Entity/Account Tab To/03 Director/10 Alamat/03 Negara"), Keys.chord(ENTER)): Keys 'ENTER + ' sent to object: 'Object Repository/GoAmlReport/07 Entity/Account Tab To/03 Director/10 Alamat/03 Negara'

2020-09-02 12:21:06 - [MESSAGE][PASSED] - Keys 'ENTER + ' sent to object: 'Object Repository/GoAmlReport/07 Entity/Account Tab To/03 Director/10 Alamat/03 Negara'

2020-09-02 12:21:06 - [TEST_STEP][PASSED] - click(findTestObject("GoAmlReport/07 Entity/Account Tab To/03 Director/10 Alamat/save"), STOP_ON_FAILURE): Object: 'Object Repository/GoAmlReport/07 Entity/Account Tab To/03 Director/10 Alamat/save' is clicked on

2020-09-02 12:21:06 - [MESSAGE][PASSED] - Object: 'Object Repository/GoAmlReport/07 Entity/Account Tab To/03 Director/10 Alamat/save' is clicked on

2020-09-02 12:21:06 - [TEST_STEP][PASSED] - scrollToElement(findTestObject("GoAmlReport/07 Entity/Account Tab To/03 Director/11 Dokumen Identitas/Tambah Dokumen Identitas"), 3): Scroll to object 'Object Repository/GoAmlReport/07 Entity/Account Tab To/03 Director/11 Dokumen Identitas/Tambah Dokumen Identitas' successfully

2020-09-02 12:21:07 - [MESSAGE][PASSED] - Scroll to object 'Object Repository/GoAmlReport/07 Entity/Account Tab To/03 Director/11 Dokumen Identitas/Tambah Dokumen Identitas' successfully

2020-09-02 12:21:07 - [TEST_STEP][PASSED] - click(findTestObject("GoAmlReport/07 Entity/Account Tab To/03 Director/11 Dokumen Identitas/Tambah Dokumen Identitas")): Object: 'Object Repository/GoAmlReport/07 Entity/Account Tab To/03 Director/11 Dokumen Identitas/Tambah Dokumen Identitas' is clicked on

2020-09-02 12:21:08 - [MESSAGE][PASSED] - Object: 'Object Repository/GoAmlReport/07 Entity/Account Tab To/03 Director/11 Dokumen Identitas/Tambah Dokumen Identitas' is clicked on

2020-09-02 12:21:08 - [TEST_STEP][PASSED] - delay(3): Delayed 3 second(s)

2020-09-02 12:21:11 - [MESSAGE][PASSED] - Delayed 3 second(s)

2020-09-02 12:21:11 - [TEST_STEP][PASSED] - setText(findTestObject("GoAmlReport/07 Entity/Account Tab To/03 Director/11 Dokumen Identitas/01 Jenis Dokumen Identitas"), "SUKET - Surat Keterangan Kependudukan"): Text 'SUKET - Surat Keterangan Kependudukan' is set on object 'Object Repository/GoAmlReport/07 Entity/Account Tab To/03 Director/11 Dokumen Identitas/01 Jenis Dokumen Identitas'

2020-09-02 12:21:13 - [MESSAGE][PASSED] - Text 'SUKET - Surat Keterangan Kependudukan' is set on object 'Object Repository/GoAmlReport/07 Entity/Account Tab To/03 Director/11 Dokumen Identitas/01 Jenis Dokumen Identitas'

2020-09-02 12:21:13 - [TEST_STEP][PASSED] - delay(3): Delayed 3 second(s)

2020-09-02 12:21:16 - [MESSAGE][PASSED] - Delayed 3 second(s)

2020-09-02 12:21:16 - [TEST_STEP][PASSED] - sendKeys(findTestObject("GoAmlReport/07 Entity/Account Tab To/03 Director/11 Dokumen Identitas/01 Jenis Dokumen Identitas"), Keys.chord(ENTER)): Keys 'ENTER + ' sent to object: 'Object Repository/GoAmlReport/07 Entity/Account Tab To/03 Director/11 Dokumen Identitas/01 Jenis Dokumen Identitas'

2020-09-02 12:21:16 - [MESSAGE][PASSED] - Keys 'ENTER + ' sent to object: 'Object Repository/GoAmlReport/07 Entity/Account Tab To/03 Director/11 Dokumen Identitas/01 Jenis Dokumen Identitas'

2020-09-02 12:21:16 - [TEST_STEP][PASSED] - setText(findTestObject("GoAmlReport/07 Entity/Account Tab To/03 Director/11 Dokumen Identitas/02 No Identitas"), "12321444"): Text '12321444' is set on object 'Object Repository/GoAmlReport/07 Entity/Account Tab To/03 Director/11 Dokumen Identitas/02 No Identitas'

2020-09-02 12:21:17 - [MESSAGE][PASSED] - Text '12321444' is set on object 'Object Repository/GoAmlReport/07 Entity/Account Tab To/03 Director/11 Dokumen Identitas/02 No Identitas'

2020-09-02 12:21:17 - [TEST_STEP][PASSED] - setText(findTestObject("GoAmlReport/07 Entity/Account Tab To/03 Director/11 Dokumen Identitas/03 Negara Penerbit"), "ID - INDONESIA"): Text 'ID - INDONESIA' is set on object 'Object Repository/GoAmlReport/07 Entity/Account Tab To/03 Director/11 Dokumen Identitas/03 Negara Penerbit'

2020-09-02 12:21:18 - [MESSAGE][PASSED] - Text 'ID - INDONESIA' is set on object 'Object Repository/GoAmlReport/07 Entity/Account Tab To/03 Director/11 Dokumen Identitas/03 Negara Penerbit'

2020-09-02 12:21:18 - [TEST_STEP][PASSED] - delay(3): Delayed 3 second(s)

2020-09-02 12:21:21 - [MESSAGE][PASSED] - Delayed 3 second(s)

2020-09-02 12:21:21 - [TEST_STEP][PASSED] - sendKeys(findTestObject("GoAmlReport/07 Entity/Account Tab To/03 Director/11 Dokumen Identitas/03 Negara Penerbit"), Keys.chord(ENTER)): Keys 'ENTER + ' sent to object: 'Object Repository/GoAmlReport/07 Entity/Account Tab To/03 Director/11 Dokumen Identitas/03 Negara Penerbit'

2020-09-02 12:21:21 - [MESSAGE][PASSED] - Keys 'ENTER + ' sent to object: 'Object Repository/GoAmlReport/07 Entity/Account Tab To/03 Director/11 Dokumen Identitas/03 Negara Penerbit'

2020-09-02 12:21:21 - [TEST_STEP][PASSED] - click(findTestObject("GoAmlReport/07 Entity/Account Tab To/03 Director/11 Dokumen Identitas/Save")): Object: 'Object Repository/GoAmlReport/07 Entity/Account Tab To/03 Director/11 Dokumen Identitas/Save' is clicked on

2020-09-02 12:21:22 - [MESSAGE][PASSED] - Object: 'Object Repository/GoAmlReport/07 Entity/Account Tab To/03 Director/11 Dokumen Identitas/Save' is clicked on

2020-09-02 12:21:22 - [TEST_STEP][PASSED] - click(findTestObject("GoAmlReport/07 Entity/Account Tab To/03 Director/99 Save")): Object: 'Object Repository/GoAmlReport/07 Entity/Account Tab To/03 Director/99 Save' is clicked on

2020-09-02 12:21:23 - [MESSAGE][PASSED] - Object: 'Object Repository/GoAmlReport/07 Entity/Account Tab To/03 Director/99 Save' is clicked on

2020-09-02 12:21:23 - [TEST_STEP][PASSED] - delay(2): Delayed 2 second(s)

2020-09-02 12:21:25 - [MESSAGE][PASSED] - Delayed 2 second(s)

2020-09-02 12:21:25 - [MESSAGE][PASSED] - Call Test Case 'Test Cases/GoAML Report 5' successfully

2020-09-02 12:21:28 - [TEST_STEP][PASSED] - Video: Video recording for test case 'Test Cases/GoAML Report 1' .

2020-09-02 12:21:28 - [MESSAGE][INFO] - Video recording for test case 'Test Cases/GoAML Report 1' .
[[ATTACHMENT|D:\\poject\\goaml2\\Katalon\\GoAML\\Reports\\20200902_112954\\New Test Suite (1)\\20200902_112954/videos\\test_4.avi]]]]></system-out>
         <system-err><![CDATA[]]></system-err>
      </testcase>
      <testcase name="Test Cases/GoAML Report 1" time="709.841" classname="Test Cases/GoAML Report 1" status="PASSED">
         <system-out><![CDATA[2020-09-02 12:21:28 - [TEST_CASE][PASSED] - Test Cases/GoAML Report 1: Test Cases/GoAML Report 1

2020-09-02 12:21:28 - [TEST_STEP][PASSED] - openBrowser("http://goaml.southeastasia.cloudapp.azure.com/goaml/Default.aspx"): Browser is opened with url: 'http://goaml.southeastasia.cloudapp.azure.com/goaml/Default.aspx'

2020-09-02 12:21:28 - [MESSAGE][WARNING] - A browser is already opened. Closing browser and opening a new one

2020-09-02 12:21:29 - [MESSAGE][INFO] - Starting 'Chrome' driver

2020-09-02 12:21:29 - [MESSAGE][INFO] - User set preference: ['property', '']

2020-09-02 12:21:37 - [MESSAGE][PASSED] - Browser is opened with url: 'http://goaml.southeastasia.cloudapp.azure.com/goaml/Default.aspx'

2020-09-02 12:21:37 - [TEST_STEP][PASSED] - maximizeWindow(): Current window maximized

2020-09-02 12:21:40 - [MESSAGE][PASSED] - Current window maximized

2020-09-02 12:21:40 - [TEST_STEP][PASSED] - setText(findTestObject("All/UserName"), "anggi1"): Text 'anggi1' is set on object 'Object Repository/All/UserName'

2020-09-02 12:21:40 - [MESSAGE][PASSED] - Text 'anggi1' is set on object 'Object Repository/All/UserName'

2020-09-02 12:21:40 - [TEST_STEP][PASSED] - setEncryptedText(findTestObject("All/password"), "iFGeFYmXIrWy72D5I5E8Dw=="): Text ****** has been set on object 'Object Repository/All/password'

2020-09-02 12:21:41 - [MESSAGE][PASSED] - Text ****** has been set on object 'Object Repository/All/password'

2020-09-02 12:21:41 - [TEST_STEP][PASSED] - click(findTestObject("All/Sign In")): Object: 'Object Repository/All/Sign In' is clicked on

2020-09-02 12:21:44 - [MESSAGE][PASSED] - Object: 'Object Repository/All/Sign In' is clicked on

2020-09-02 12:21:44 - [TEST_STEP][PASSED] - delay(3): Delayed 3 second(s)

2020-09-02 12:21:47 - [MESSAGE][PASSED] - Delayed 3 second(s)

2020-09-02 12:21:47 - [TEST_STEP][PASSED] - setText(findTestObject("All/filter"), "Report"): Text 'Report' is set on object 'Object Repository/All/filter'

2020-09-02 12:21:47 - [MESSAGE][PASSED] - Text 'Report' is set on object 'Object Repository/All/filter'

2020-09-02 12:21:47 - [TEST_STEP][PASSED] - delay(1): Delayed 1 second(s)

2020-09-02 12:21:48 - [MESSAGE][PASSED] - Delayed 1 second(s)

2020-09-02 12:21:48 - [TEST_STEP][PASSED] - scrollToElement(findTestObject("GoAmlReport/View"), 3): Scroll to object 'Object Repository/GoAmlReport/View' successfully

2020-09-02 12:21:49 - [MESSAGE][PASSED] - Scroll to object 'Object Repository/GoAmlReport/View' successfully

2020-09-02 12:21:49 - [TEST_STEP][PASSED] - click(findTestObject("GoAmlReport/View")): Object: 'Object Repository/GoAmlReport/View' is clicked on

2020-09-02 12:21:49 - [MESSAGE][PASSED] - Object: 'Object Repository/GoAmlReport/View' is clicked on

2020-09-02 12:21:49 - [TEST_STEP][PASSED] - delay(3): Delayed 3 second(s)

2020-09-02 12:21:52 - [MESSAGE][PASSED] - Delayed 3 second(s)

2020-09-02 12:21:52 - [TEST_STEP][PASSED] - click(findTestObject("All/New Record")): Object: 'Object Repository/All/New Record' is clicked on

2020-09-02 12:21:53 - [MESSAGE][PASSED] - Object: 'Object Repository/All/New Record' is clicked on

2020-09-02 12:21:53 - [TEST_STEP][PASSED] - callTestCase(findTestCase("GoAML Report 2"), [:], STOP_ON_FAILURE): Call Test Case 'Test Cases/GoAML Report 2' successfully

2020-09-02 12:21:53 - [TEST_CASE][PASSED] - Test Cases/GoAML Report 2: Test Cases/GoAML Report 2

2020-09-02 12:21:53 - [TEST_STEP][PASSED] - for ([rowNum = 1, rowNum <= findTestData("GoAMLReport/General Information").getRowNumbers(), (rowNum++)]): Object: 'Object Repository/GoAmlReport/save indikator' is clicked on

2020-09-02 12:21:53 - [TEST_STEP][PASSED] - delay(90): Delayed 90 second(s)

2020-09-02 12:23:23 - [MESSAGE][PASSED] - Delayed 90 second(s)

2020-09-02 12:23:23 - [TEST_STEP][PASSED] - click(findTestObject("GoAmlReport/01 General Information/01 Jenis Laporan"), STOP_ON_FAILURE): Object: 'Object Repository/GoAmlReport/01 General Information/01 Jenis Laporan' is clicked on

2020-09-02 12:23:24 - [MESSAGE][PASSED] - Object: 'Object Repository/GoAmlReport/01 General Information/01 Jenis Laporan' is clicked on

2020-09-02 12:23:24 - [TEST_STEP][PASSED] - delay(20): Delayed 20 second(s)

2020-09-02 12:23:44 - [MESSAGE][PASSED] - Delayed 20 second(s)

2020-09-02 12:23:44 - [TEST_STEP][PASSED] - if (findTestData("GoAMLReport/General Information").getValue(1, rowNum) == "LAPT - LTKM"): null

2020-09-02 12:23:44 - [TEST_STEP][PASSED] - if (findTestData("GoAMLReport/General Information").getValue(1, rowNum) == "LTKM - LTKM"): null

2020-09-02 12:23:44 - [TEST_STEP][PASSED] - click(findTestObject("GoAmlReport/01 General Information/Isi Jenis Laporan/2 LTKM - LTKM")): Object: 'Object Repository/GoAmlReport/01 General Information/Isi Jenis Laporan/2 LTKM - LTKM' is clicked on

2020-09-02 12:23:44 - [MESSAGE][PASSED] - Object: 'Object Repository/GoAmlReport/01 General Information/Isi Jenis Laporan/2 LTKM - LTKM' is clicked on

2020-09-02 12:23:44 - [TEST_STEP][PASSED] - if (findTestData("GoAMLReport/General Information").getValue(4, rowNum) == "CaseManagement ID"): Keys 'ENTER + ' sent to object: 'Object Repository/GoAmlReport/01 General Information/05 Type Report'

2020-09-02 12:23:45 - [TEST_STEP][PASSED] - setText(findTestObject("GoAmlReport/01 General Information/05 Type Report"), "transaksi unik"): Text 'transaksi unik' is set on object 'Object Repository/GoAmlReport/01 General Information/05 Type Report'

2020-09-02 12:23:46 - [MESSAGE][PASSED] - Text 'transaksi unik' is set on object 'Object Repository/GoAmlReport/01 General Information/05 Type Report'

2020-09-02 12:23:46 - [TEST_STEP][PASSED] - delay(10): Delayed 10 second(s)

2020-09-02 12:23:56 - [MESSAGE][PASSED] - Delayed 10 second(s)

2020-09-02 12:23:56 - [TEST_STEP][PASSED] - sendKeys(findTestObject("GoAmlReport/01 General Information/05 Type Report"), Keys.chord(ENTER)): Keys 'ENTER + ' sent to object: 'Object Repository/GoAmlReport/01 General Information/05 Type Report'

2020-09-02 12:23:56 - [MESSAGE][PASSED] - Keys 'ENTER + ' sent to object: 'Object Repository/GoAmlReport/01 General Information/05 Type Report'

2020-09-02 12:23:56 - [TEST_STEP][PASSED] - if (findTestData("GoAMLReport/General Information").getValue(4, rowNum) == "CIF"): null

2020-09-02 12:23:56 - [TEST_STEP][PASSED] - if (findTestData("GoAMLReport/General Information").getValue(1, rowNum) == "LTKMH - LTKM"): null

2020-09-02 12:23:56 - [TEST_STEP][PASSED] - if (findTestData("GoAMLReport/General Information").getValue(1, rowNum) == "LTKMP - LTKM"): null

2020-09-02 12:23:56 - [TEST_STEP][PASSED] - if (findTestData("GoAMLReport/General Information").getValue(1, rowNum) == "LTKMT - LTKM"): null

2020-09-02 12:23:56 - [TEST_STEP][PASSED] - if (findTestData("GoAMLReport/General Information").getValue(1, rowNum) == "LTKTK - LTKT"): null

2020-09-02 12:23:56 - [TEST_STEP][PASSED] - if (findTestData("GoAMLReport/General Information").getValue(1, rowNum) == "LTKTM - LTKT"): null

2020-09-02 12:23:56 - [TEST_STEP][PASSED] - if (findTestData("GoAMLReport/General Information").getValue(1, rowNum) == "TKLIB - LTKL"): null

2020-09-02 12:23:56 - [TEST_STEP][PASSED] - if (findTestData("GoAMLReport/General Information").getValue(1, rowNum) == "TKLOB - LTKL"): null

2020-09-02 12:23:56 - [TEST_STEP][PASSED] - setText(findTestObject("GoAmlReport/01 General Information/02 Tgl Laporan"), findTestData("GoAMLReport/General Information").getValue(3, 1)): Text '26-May-99' is set on object 'Object Repository/GoAmlReport/01 General Information/02 Tgl Laporan'

2020-09-02 12:23:57 - [MESSAGE][PASSED] - Text '26-May-99' is set on object 'Object Repository/GoAmlReport/01 General Information/02 Tgl Laporan'

2020-09-02 12:23:57 - [TEST_STEP][PASSED] - setText(findTestObject("GoAmlReport/01 General Information/03 Alasan"), "No Reason"): Text 'No Reason' is set on object 'Object Repository/GoAmlReport/01 General Information/03 Alasan'

2020-09-02 12:23:58 - [MESSAGE][PASSED] - Text 'No Reason' is set on object 'Object Repository/GoAmlReport/01 General Information/03 Alasan'

2020-09-02 12:23:58 - [TEST_STEP][PASSED] - setText(findTestObject("GoAmlReport/01 General Information/04 Tidakan Pelapor"), "Tidak Bertindak"): Text 'Tidak Bertindak' is set on object 'Object Repository/GoAmlReport/01 General Information/04 Tidakan Pelapor'

2020-09-02 12:23:58 - [MESSAGE][PASSED] - Text 'Tidak Bertindak' is set on object 'Object Repository/GoAmlReport/01 General Information/04 Tidakan Pelapor'

2020-09-02 12:23:58 - [TEST_STEP][PASSED] - setText(findTestObject("GoAmlReport/01 General Information/06 No Value Report"), "Testing Anggi 2906"): Text 'Testing Anggi 2906' is set on object 'Object Repository/GoAmlReport/01 General Information/06 No Value Report'

2020-09-02 12:23:59 - [MESSAGE][PASSED] - Text 'Testing Anggi 2906' is set on object 'Object Repository/GoAmlReport/01 General Information/06 No Value Report'

2020-09-02 12:23:59 - [TEST_STEP][PASSED] - if (findTestData("GoAMLReport/General Information").getValue(6, rowNum) == "true"): Object: 'Object Repository/GoAmlReport/save indikator' is clicked on

2020-09-02 12:23:59 - [TEST_STEP][PASSED] - click(findTestObject("GoAmlReport/Indikator")): Object: 'Object Repository/GoAmlReport/Indikator' is clicked on

2020-09-02 12:24:00 - [MESSAGE][PASSED] - Object: 'Object Repository/GoAmlReport/Indikator' is clicked on

2020-09-02 12:24:00 - [TEST_STEP][PASSED] - delay(5): Delayed 5 second(s)

2020-09-02 12:24:05 - [MESSAGE][PASSED] - Delayed 5 second(s)

2020-09-02 12:24:05 - [TEST_STEP][PASSED] - setText(findTestObject("GoAmlReport/Indikator 2"), findTestData("GoAMLReport/General Information").getValue(7, rowNum)): Text 'Korupsi' is set on object 'Object Repository/GoAmlReport/Indikator 2'

2020-09-02 12:24:06 - [MESSAGE][PASSED] - Text 'Korupsi' is set on object 'Object Repository/GoAmlReport/Indikator 2'

2020-09-02 12:24:06 - [TEST_STEP][PASSED] - delay(3): Delayed 3 second(s)

2020-09-02 12:24:09 - [MESSAGE][PASSED] - Delayed 3 second(s)

2020-09-02 12:24:09 - [TEST_STEP][PASSED] - sendKeys(findTestObject("GoAmlReport/Indikator 2"), Keys.chord(ENTER)): Keys 'ENTER + ' sent to object: 'Object Repository/GoAmlReport/Indikator 2'

2020-09-02 12:24:09 - [MESSAGE][PASSED] - Keys 'ENTER + ' sent to object: 'Object Repository/GoAmlReport/Indikator 2'

2020-09-02 12:24:09 - [TEST_STEP][PASSED] - delay(2): Delayed 2 second(s)

2020-09-02 12:24:11 - [MESSAGE][PASSED] - Delayed 2 second(s)

2020-09-02 12:24:11 - [TEST_STEP][PASSED] - click(findTestObject("GoAmlReport/save indikator")): Object: 'Object Repository/GoAmlReport/save indikator' is clicked on

2020-09-02 12:24:12 - [MESSAGE][PASSED] - Object: 'Object Repository/GoAmlReport/save indikator' is clicked on

2020-09-02 12:24:12 - [MESSAGE][PASSED] - Call Test Case 'Test Cases/GoAML Report 2' successfully

2020-09-02 12:24:12 - [TEST_STEP][PASSED] - callTestCase(findTestCase("GoAML Report 3"), [:], STOP_ON_FAILURE): Call Test Case 'Test Cases/GoAML Report 3' successfully

2020-09-02 12:24:12 - [TEST_CASE][PASSED] - Test Cases/GoAML Report 3: Test Cases/GoAML Report 3

2020-09-02 12:24:12 - [TEST_STEP][PASSED] - for ([rowNum = 1, rowNum <= findTestData("GoAMLReport/Transaksi").getRowNumbers(), (rowNum++)]): Keys 'ENTER + ' sent to object: 'Object Repository/GoAmlReport/02 Transaksi/11 Type Trx'

2020-09-02 12:24:12 - [TEST_STEP][PASSED] - delay(6): Delayed 6 second(s)

2020-09-02 12:24:18 - [MESSAGE][PASSED] - Delayed 6 second(s)

2020-09-02 12:24:18 - [TEST_STEP][PASSED] - if (findTestData("GoAMLReport/Transaksi").getValue(1, rowNum) == "true"): Keys 'ENTER + ' sent to object: 'Object Repository/GoAmlReport/02 Transaksi/11 Type Trx'

2020-09-02 12:24:18 - [TEST_STEP][PASSED] - click(findTestObject("GoAmlReport/01 General Information/07 Tambah Transaksi")): Object: 'Object Repository/GoAmlReport/01 General Information/07 Tambah Transaksi' is clicked on

2020-09-02 12:24:18 - [MESSAGE][PASSED] - Object: 'Object Repository/GoAmlReport/01 General Information/07 Tambah Transaksi' is clicked on

2020-09-02 12:24:18 - [TEST_STEP][PASSED] - delay(6): Delayed 6 second(s)

2020-09-02 12:24:24 - [MESSAGE][PASSED] - Delayed 6 second(s)

2020-09-02 12:24:24 - [TEST_STEP][PASSED] - setText(findTestObject("GoAmlReport/Nomor Transaksi"), findTestData("GoAMLReport/Transaksi").getValue(12, rowNum)): Text '999' is set on object 'Object Repository/GoAmlReport/Nomor Transaksi'

2020-09-02 12:24:25 - [MESSAGE][PASSED] - Text '999' is set on object 'Object Repository/GoAmlReport/Nomor Transaksi'

2020-09-02 12:24:25 - [TEST_STEP][PASSED] - setText(findTestObject("GoAmlReport/02 Transaksi/01 No Ref Transaksi"), "12133746"): Text '12133746' is set on object 'Object Repository/GoAmlReport/02 Transaksi/01 No Ref Transaksi'

2020-09-02 12:24:26 - [MESSAGE][PASSED] - Text '12133746' is set on object 'Object Repository/GoAmlReport/02 Transaksi/01 No Ref Transaksi'

2020-09-02 12:24:26 - [TEST_STEP][PASSED] - setText(findTestObject("GoAmlReport/02 Transaksi/02 Lokasi Transaksi"), "Jakarta"): Text 'Jakarta' is set on object 'Object Repository/GoAmlReport/02 Transaksi/02 Lokasi Transaksi'

2020-09-02 12:24:26 - [MESSAGE][PASSED] - Text 'Jakarta' is set on object 'Object Repository/GoAmlReport/02 Transaksi/02 Lokasi Transaksi'

2020-09-02 12:24:26 - [TEST_STEP][PASSED] - setText(findTestObject("GoAmlReport/02 Transaksi/03 Keterangan Transaksi"), "Noted"): Text 'Noted' is set on object 'Object Repository/GoAmlReport/02 Transaksi/03 Keterangan Transaksi'

2020-09-02 12:24:27 - [MESSAGE][PASSED] - Text 'Noted' is set on object 'Object Repository/GoAmlReport/02 Transaksi/03 Keterangan Transaksi'

2020-09-02 12:24:27 - [TEST_STEP][PASSED] - setText(findTestObject("GoAmlReport/02 Transaksi/04 Tgl Transaksi"), findTestData("GoAMLReport/Transaksi").getValue(2, rowNum)): Text '27-May-99' is set on object 'Object Repository/GoAmlReport/02 Transaksi/04 Tgl Transaksi'

2020-09-02 12:24:28 - [MESSAGE][PASSED] - Text '27-May-99' is set on object 'Object Repository/GoAmlReport/02 Transaksi/04 Tgl Transaksi'

2020-09-02 12:24:28 - [TEST_STEP][PASSED] - setText(findTestObject("GoAmlReport/02 Transaksi/05 Nama Teller"), "Miss Teller"): Text 'Miss Teller' is set on object 'Object Repository/GoAmlReport/02 Transaksi/05 Nama Teller'

2020-09-02 12:24:29 - [MESSAGE][PASSED] - Text 'Miss Teller' is set on object 'Object Repository/GoAmlReport/02 Transaksi/05 Nama Teller'

2020-09-02 12:24:29 - [TEST_STEP][PASSED] - setText(findTestObject("GoAmlReport/02 Transaksi/06 Nama Pejabat"), "Mr Pejabat"): Text 'Mr Pejabat' is set on object 'Object Repository/GoAmlReport/02 Transaksi/06 Nama Pejabat'

2020-09-02 12:24:29 - [MESSAGE][PASSED] - Text 'Mr Pejabat' is set on object 'Object Repository/GoAmlReport/02 Transaksi/06 Nama Pejabat'

2020-09-02 12:24:29 - [TEST_STEP][PASSED] - setText(findTestObject("GoAmlReport/02 Transaksi/07 Tgl Pembukuan"), "01-May-20"): Text '01-May-20' is set on object 'Object Repository/GoAmlReport/02 Transaksi/07 Tgl Pembukuan'

2020-09-02 12:24:30 - [MESSAGE][PASSED] - Text '01-May-20' is set on object 'Object Repository/GoAmlReport/02 Transaksi/07 Tgl Pembukuan'

2020-09-02 12:24:30 - [TEST_STEP][PASSED] - delay(3): Delayed 3 second(s)

2020-09-02 12:24:33 - [MESSAGE][PASSED] - Delayed 3 second(s)

2020-09-02 12:24:33 - [TEST_STEP][PASSED] - sendKeys(findTestObject("GoAmlReport/02 Transaksi/07 Tgl Pembukuan"), Keys.chord(ENTER)): Keys 'ENTER + ' sent to object: 'Object Repository/GoAmlReport/02 Transaksi/07 Tgl Pembukuan'

2020-09-02 12:24:33 - [MESSAGE][PASSED] - Keys 'ENTER + ' sent to object: 'Object Repository/GoAmlReport/02 Transaksi/07 Tgl Pembukuan'

2020-09-02 12:24:33 - [TEST_STEP][PASSED] - scrollToElement(findTestObject("GoAmlReport/02 Transaksi/08 Cara Trx Dilakukan"), 3): Scroll to object 'Object Repository/GoAmlReport/02 Transaksi/08 Cara Trx Dilakukan' successfully

2020-09-02 12:24:34 - [MESSAGE][PASSED] - Scroll to object 'Object Repository/GoAmlReport/02 Transaksi/08 Cara Trx Dilakukan' successfully

2020-09-02 12:24:34 - [TEST_STEP][PASSED] - setText(findTestObject("GoAmlReport/02 Transaksi/08 Cara Trx Dilakukan"), findTestData("GoAMLReport/Transaksi").getValue(3, rowNum)): Text 'KRM-Pengiriman Uang' is set on object 'Object Repository/GoAmlReport/02 Transaksi/08 Cara Trx Dilakukan'

2020-09-02 12:24:35 - [MESSAGE][PASSED] - Text 'KRM-Pengiriman Uang' is set on object 'Object Repository/GoAmlReport/02 Transaksi/08 Cara Trx Dilakukan'

2020-09-02 12:24:35 - [TEST_STEP][PASSED] - delay(3): Delayed 3 second(s)

2020-09-02 12:24:38 - [MESSAGE][PASSED] - Delayed 3 second(s)

2020-09-02 12:24:38 - [TEST_STEP][PASSED] - sendKeys(findTestObject("GoAmlReport/02 Transaksi/08 Cara Trx Dilakukan"), Keys.chord(ENTER)): Keys 'ENTER + ' sent to object: 'Object Repository/GoAmlReport/02 Transaksi/08 Cara Trx Dilakukan'

2020-09-02 12:24:38 - [MESSAGE][PASSED] - Keys 'ENTER + ' sent to object: 'Object Repository/GoAmlReport/02 Transaksi/08 Cara Trx Dilakukan'

2020-09-02 12:24:38 - [TEST_STEP][PASSED] - scrollToElement(findTestObject("GoAmlReport/02 Transaksi/09 Cara Trx Lain"), 3): Scroll to object 'Object Repository/GoAmlReport/02 Transaksi/09 Cara Trx Lain' successfully

2020-09-02 12:24:39 - [MESSAGE][PASSED] - Scroll to object 'Object Repository/GoAmlReport/02 Transaksi/09 Cara Trx Lain' successfully

2020-09-02 12:24:39 - [TEST_STEP][PASSED] - setText(findTestObject("GoAmlReport/02 Transaksi/09 Cara Trx Lain"), "Tidak-Ada"): Text 'Tidak-Ada' is set on object 'Object Repository/GoAmlReport/02 Transaksi/09 Cara Trx Lain'

2020-09-02 12:24:39 - [MESSAGE][PASSED] - Text 'Tidak-Ada' is set on object 'Object Repository/GoAmlReport/02 Transaksi/09 Cara Trx Lain'

2020-09-02 12:24:39 - [TEST_STEP][PASSED] - scrollToElement(findTestObject("GoAmlReport/02 Transaksi/10 Nilai Trx (IDR)"), 3): Scroll to object 'Object Repository/GoAmlReport/02 Transaksi/10 Nilai Trx (IDR)' successfully

2020-09-02 12:24:40 - [MESSAGE][PASSED] - Scroll to object 'Object Repository/GoAmlReport/02 Transaksi/10 Nilai Trx (IDR)' successfully

2020-09-02 12:24:40 - [TEST_STEP][PASSED] - setText(findTestObject("GoAmlReport/02 Transaksi/10 Nilai Trx (IDR)"), findTestData("GoAMLReport/Transaksi").getValue(4, rowNum)): Text '500000000' is set on object 'Object Repository/GoAmlReport/02 Transaksi/10 Nilai Trx (IDR)'

2020-09-02 12:24:41 - [MESSAGE][PASSED] - Text '500000000' is set on object 'Object Repository/GoAmlReport/02 Transaksi/10 Nilai Trx (IDR)'

2020-09-02 12:24:41 - [TEST_STEP][PASSED] - setText(findTestObject("GoAmlReport/02 Transaksi/11 Type Trx"), findTestData("GoAMLReport/Transaksi").getValue(5, rowNum)): Text 'Bi-Party' is set on object 'Object Repository/GoAmlReport/02 Transaksi/11 Type Trx'

2020-09-02 12:24:41 - [MESSAGE][PASSED] - Text 'Bi-Party' is set on object 'Object Repository/GoAmlReport/02 Transaksi/11 Type Trx'

2020-09-02 12:24:41 - [TEST_STEP][PASSED] - delay(3): Delayed 3 second(s)

2020-09-02 12:24:44 - [MESSAGE][PASSED] - Delayed 3 second(s)

2020-09-02 12:24:44 - [TEST_STEP][PASSED] - sendKeys(findTestObject("GoAmlReport/02 Transaksi/11 Type Trx"), Keys.chord(ENTER)): Keys 'ENTER + ' sent to object: 'Object Repository/GoAmlReport/02 Transaksi/11 Type Trx'

2020-09-02 12:24:45 - [MESSAGE][PASSED] - Keys 'ENTER + ' sent to object: 'Object Repository/GoAmlReport/02 Transaksi/11 Type Trx'

2020-09-02 12:24:45 - [MESSAGE][PASSED] - Call Test Case 'Test Cases/GoAML Report 3' successfully

2020-09-02 12:24:45 - [TEST_STEP][PASSED] - callTestCase(findTestCase("Identitas Orang Mewakili Transaksi"), [:], STOP_ON_FAILURE): Call Test Case 'Test Cases/Identitas Orang Mewakili Transaksi' successfully

2020-09-02 12:24:45 - [TEST_CASE][PASSED] - Test Cases/Identitas Orang Mewakili Transaksi: Test Cases/Identitas Orang Mewakili Transaksi

2020-09-02 12:24:45 - [TEST_STEP][PASSED] - for ([rowNum = 1, rowNum <= findTestData("GoAMLReport/Transaksi").getRowNumbers(), (rowNum++)]): Object: 'Object Repository/GoAmlReport/08 Identitas Orang Mewakili Transaksi/07/08 Save' is clicked on

2020-09-02 12:24:45 - [TEST_STEP][PASSED] - delay(6): Delayed 6 second(s)

2020-09-02 12:24:51 - [MESSAGE][PASSED] - Delayed 6 second(s)

2020-09-02 12:24:51 - [TEST_STEP][PASSED] - if (findTestData("GoAMLReport/Transaksi").getValue(13, rowNum) == "true"): Object: 'Object Repository/GoAmlReport/08 Identitas Orang Mewakili Transaksi/07/08 Save' is clicked on

2020-09-02 12:24:51 - [TEST_STEP][PASSED] - click(findTestObject("GoAmlReport/08 Identitas Orang Mewakili Transaksi/01/01 Yes")): Object: 'Object Repository/GoAmlReport/08 Identitas Orang Mewakili Transaksi/01/01 Yes' is clicked on

2020-09-02 12:24:52 - [MESSAGE][PASSED] - Object: 'Object Repository/GoAmlReport/08 Identitas Orang Mewakili Transaksi/01/01 Yes' is clicked on

2020-09-02 12:24:52 - [TEST_STEP][PASSED] - delay(8): Delayed 8 second(s)

2020-09-02 12:25:00 - [MESSAGE][PASSED] - Delayed 8 second(s)

2020-09-02 12:25:00 - [TEST_STEP][PASSED] - setText(findTestObject("GoAmlReport/08 Identitas Orang Mewakili Transaksi/01/02 Jenis Kelamin"), "F - Female"): Text 'F - Female' is set on object 'Object Repository/GoAmlReport/08 Identitas Orang Mewakili Transaksi/01/02 Jenis Kelamin'

2020-09-02 12:25:00 - [MESSAGE][PASSED] - Text 'F - Female' is set on object 'Object Repository/GoAmlReport/08 Identitas Orang Mewakili Transaksi/01/02 Jenis Kelamin'

2020-09-02 12:25:00 - [TEST_STEP][PASSED] - delay(3): Delayed 3 second(s)

2020-09-02 12:25:03 - [MESSAGE][PASSED] - Delayed 3 second(s)

2020-09-02 12:25:03 - [TEST_STEP][PASSED] - sendKeys(findTestObject("GoAmlReport/08 Identitas Orang Mewakili Transaksi/01/02 Jenis Kelamin"), Keys.chord(ENTER)): Keys 'ENTER + ' sent to object: 'Object Repository/GoAmlReport/08 Identitas Orang Mewakili Transaksi/01/02 Jenis Kelamin'

2020-09-02 12:25:04 - [MESSAGE][PASSED] - Keys 'ENTER + ' sent to object: 'Object Repository/GoAmlReport/08 Identitas Orang Mewakili Transaksi/01/02 Jenis Kelamin'

2020-09-02 12:25:04 - [TEST_STEP][PASSED] - setText(findTestObject("GoAmlReport/08 Identitas Orang Mewakili Transaksi/01/03 Gelar"), "Missfortune"): Text 'Missfortune' is set on object 'Object Repository/GoAmlReport/08 Identitas Orang Mewakili Transaksi/01/03 Gelar'

2020-09-02 12:25:05 - [MESSAGE][PASSED] - Text 'Missfortune' is set on object 'Object Repository/GoAmlReport/08 Identitas Orang Mewakili Transaksi/01/03 Gelar'

2020-09-02 12:25:05 - [TEST_STEP][PASSED] - setText(findTestObject("GoAmlReport/08 Identitas Orang Mewakili Transaksi/01/04 Nama Lengkap"), "Anggi Firmansah"): Text 'Anggi Firmansah' is set on object 'Object Repository/GoAmlReport/08 Identitas Orang Mewakili Transaksi/01/04 Nama Lengkap'

2020-09-02 12:25:05 - [MESSAGE][PASSED] - Text 'Anggi Firmansah' is set on object 'Object Repository/GoAmlReport/08 Identitas Orang Mewakili Transaksi/01/04 Nama Lengkap'

2020-09-02 12:25:05 - [TEST_STEP][PASSED] - setText(findTestObject("GoAmlReport/08 Identitas Orang Mewakili Transaksi/01/05 Tanggl Lahir"), "13-Mar-93"): Text '13-Mar-93' is set on object 'Object Repository/GoAmlReport/08 Identitas Orang Mewakili Transaksi/01/05 Tanggl Lahir'

2020-09-02 12:25:06 - [MESSAGE][PASSED] - Text '13-Mar-93' is set on object 'Object Repository/GoAmlReport/08 Identitas Orang Mewakili Transaksi/01/05 Tanggl Lahir'

2020-09-02 12:25:06 - [TEST_STEP][PASSED] - delay(3): Delayed 3 second(s)

2020-09-02 12:25:09 - [MESSAGE][PASSED] - Delayed 3 second(s)

2020-09-02 12:25:09 - [TEST_STEP][PASSED] - sendKeys(findTestObject("GoAmlReport/08 Identitas Orang Mewakili Transaksi/01/05 Tanggl Lahir"), Keys.chord(ENTER)): Keys 'ENTER + ' sent to object: 'Object Repository/GoAmlReport/08 Identitas Orang Mewakili Transaksi/01/05 Tanggl Lahir'

2020-09-02 12:25:10 - [MESSAGE][PASSED] - Keys 'ENTER + ' sent to object: 'Object Repository/GoAmlReport/08 Identitas Orang Mewakili Transaksi/01/05 Tanggl Lahir'

2020-09-02 12:25:10 - [TEST_STEP][PASSED] - setText(findTestObject("GoAmlReport/08 Identitas Orang Mewakili Transaksi/01/06 Tempat Lahir"), "Jakarta"): Text 'Jakarta' is set on object 'Object Repository/GoAmlReport/08 Identitas Orang Mewakili Transaksi/01/06 Tempat Lahir'

2020-09-02 12:25:10 - [MESSAGE][PASSED] - Text 'Jakarta' is set on object 'Object Repository/GoAmlReport/08 Identitas Orang Mewakili Transaksi/01/06 Tempat Lahir'

2020-09-02 12:25:10 - [TEST_STEP][PASSED] - setText(findTestObject("GoAmlReport/08 Identitas Orang Mewakili Transaksi/01/07 Nama Ibu Kandung"), "Ibu"): Text 'Ibu' is set on object 'Object Repository/GoAmlReport/08 Identitas Orang Mewakili Transaksi/01/07 Nama Ibu Kandung'

2020-09-02 12:25:11 - [MESSAGE][PASSED] - Text 'Ibu' is set on object 'Object Repository/GoAmlReport/08 Identitas Orang Mewakili Transaksi/01/07 Nama Ibu Kandung'

2020-09-02 12:25:11 - [TEST_STEP][PASSED] - setText(findTestObject("GoAmlReport/08 Identitas Orang Mewakili Transaksi/01/09 NIK"), "31333"): Text '31333' is set on object 'Object Repository/GoAmlReport/08 Identitas Orang Mewakili Transaksi/01/09 NIK'

2020-09-02 12:25:11 - [MESSAGE][PASSED] - Text '31333' is set on object 'Object Repository/GoAmlReport/08 Identitas Orang Mewakili Transaksi/01/09 NIK'

2020-09-02 12:25:11 - [TEST_STEP][PASSED] - setText(findTestObject("GoAmlReport/08 Identitas Orang Mewakili Transaksi/01/10 No Passpor"), "123444"): Text '123444' is set on object 'Object Repository/GoAmlReport/08 Identitas Orang Mewakili Transaksi/01/10 No Passpor'

2020-09-02 12:25:12 - [MESSAGE][PASSED] - Text '123444' is set on object 'Object Repository/GoAmlReport/08 Identitas Orang Mewakili Transaksi/01/10 No Passpor'

2020-09-02 12:25:12 - [TEST_STEP][PASSED] - setText(findTestObject("GoAmlReport/08 Identitas Orang Mewakili Transaksi/01/11 Negara Penerbit Paspor"), "Indonesia"): Text 'Indonesia' is set on object 'Object Repository/GoAmlReport/08 Identitas Orang Mewakili Transaksi/01/11 Negara Penerbit Paspor'

2020-09-02 12:25:13 - [MESSAGE][PASSED] - Text 'Indonesia' is set on object 'Object Repository/GoAmlReport/08 Identitas Orang Mewakili Transaksi/01/11 Negara Penerbit Paspor'

2020-09-02 12:25:13 - [TEST_STEP][PASSED] - delay(3): Delayed 3 second(s)

2020-09-02 12:25:16 - [MESSAGE][PASSED] - Delayed 3 second(s)

2020-09-02 12:25:16 - [TEST_STEP][PASSED] - sendKeys(findTestObject("GoAmlReport/08 Identitas Orang Mewakili Transaksi/01/11 Negara Penerbit Paspor"), Keys.chord(ENTER)): Keys 'ENTER + ' sent to object: 'Object Repository/GoAmlReport/08 Identitas Orang Mewakili Transaksi/01/11 Negara Penerbit Paspor'

2020-09-02 12:25:16 - [MESSAGE][PASSED] - Keys 'ENTER + ' sent to object: 'Object Repository/GoAmlReport/08 Identitas Orang Mewakili Transaksi/01/11 Negara Penerbit Paspor'

2020-09-02 12:25:16 - [TEST_STEP][PASSED] - setText(findTestObject("GoAmlReport/08 Identitas Orang Mewakili Transaksi/01/12 No Identitas Lain"), "555555555"): Text '555555555' is set on object 'Object Repository/GoAmlReport/08 Identitas Orang Mewakili Transaksi/01/12 No Identitas Lain'

2020-09-02 12:25:17 - [MESSAGE][PASSED] - Text '555555555' is set on object 'Object Repository/GoAmlReport/08 Identitas Orang Mewakili Transaksi/01/12 No Identitas Lain'

2020-09-02 12:25:17 - [TEST_STEP][PASSED] - setText(findTestObject("GoAmlReport/08 Identitas Orang Mewakili Transaksi/04/01 Kwrg 1"), "ID - INDONESIA"): Text 'ID - INDONESIA' is set on object 'Object Repository/GoAmlReport/08 Identitas Orang Mewakili Transaksi/04/01 Kwrg 1'

2020-09-02 12:25:18 - [MESSAGE][PASSED] - Text 'ID - INDONESIA' is set on object 'Object Repository/GoAmlReport/08 Identitas Orang Mewakili Transaksi/04/01 Kwrg 1'

2020-09-02 12:25:18 - [TEST_STEP][PASSED] - delay(3): Delayed 3 second(s)

2020-09-02 12:25:21 - [MESSAGE][PASSED] - Delayed 3 second(s)

2020-09-02 12:25:21 - [TEST_STEP][PASSED] - sendKeys(findTestObject("GoAmlReport/08 Identitas Orang Mewakili Transaksi/04/01 Kwrg 1"), Keys.chord(ENTER)): Keys 'ENTER + ' sent to object: 'Object Repository/GoAmlReport/08 Identitas Orang Mewakili Transaksi/04/01 Kwrg 1'

2020-09-02 12:25:21 - [MESSAGE][PASSED] - Keys 'ENTER + ' sent to object: 'Object Repository/GoAmlReport/08 Identitas Orang Mewakili Transaksi/04/01 Kwrg 1'

2020-09-02 12:25:21 - [TEST_STEP][PASSED] - setText(findTestObject("GoAmlReport/08 Identitas Orang Mewakili Transaksi/04/02 Kwrg 2"), "ID - INDONESIA"): Text 'ID - INDONESIA' is set on object 'Object Repository/GoAmlReport/08 Identitas Orang Mewakili Transaksi/04/02 Kwrg 2'

2020-09-02 12:25:22 - [MESSAGE][PASSED] - Text 'ID - INDONESIA' is set on object 'Object Repository/GoAmlReport/08 Identitas Orang Mewakili Transaksi/04/02 Kwrg 2'

2020-09-02 12:25:22 - [TEST_STEP][PASSED] - delay(3): Delayed 3 second(s)

2020-09-02 12:25:25 - [MESSAGE][PASSED] - Delayed 3 second(s)

2020-09-02 12:25:25 - [TEST_STEP][PASSED] - sendKeys(findTestObject("GoAmlReport/08 Identitas Orang Mewakili Transaksi/04/02 Kwrg 2"), Keys.chord(ENTER)): Keys 'ENTER + ' sent to object: 'Object Repository/GoAmlReport/08 Identitas Orang Mewakili Transaksi/04/02 Kwrg 2'

2020-09-02 12:25:26 - [MESSAGE][PASSED] - Keys 'ENTER + ' sent to object: 'Object Repository/GoAmlReport/08 Identitas Orang Mewakili Transaksi/04/02 Kwrg 2'

2020-09-02 12:25:26 - [TEST_STEP][PASSED] - setText(findTestObject("GoAmlReport/08 Identitas Orang Mewakili Transaksi/04/03 Kwrg 3"), "ID - INDONESIA"): Text 'ID - INDONESIA' is set on object 'Object Repository/GoAmlReport/08 Identitas Orang Mewakili Transaksi/04/03 Kwrg 3'

2020-09-02 12:25:26 - [MESSAGE][PASSED] - Text 'ID - INDONESIA' is set on object 'Object Repository/GoAmlReport/08 Identitas Orang Mewakili Transaksi/04/03 Kwrg 3'

2020-09-02 12:25:26 - [TEST_STEP][PASSED] - delay(3): Delayed 3 second(s)

2020-09-02 12:25:29 - [MESSAGE][PASSED] - Delayed 3 second(s)

2020-09-02 12:25:29 - [TEST_STEP][PASSED] - sendKeys(findTestObject("GoAmlReport/08 Identitas Orang Mewakili Transaksi/04/03 Kwrg 3"), Keys.chord(ENTER)): Keys 'ENTER + ' sent to object: 'Object Repository/GoAmlReport/08 Identitas Orang Mewakili Transaksi/04/03 Kwrg 3'

2020-09-02 12:25:30 - [MESSAGE][PASSED] - Keys 'ENTER + ' sent to object: 'Object Repository/GoAmlReport/08 Identitas Orang Mewakili Transaksi/04/03 Kwrg 3'

2020-09-02 12:25:30 - [TEST_STEP][PASSED] - delay(3): Delayed 3 second(s)

2020-09-02 12:25:33 - [MESSAGE][PASSED] - Delayed 3 second(s)

2020-09-02 12:25:33 - [TEST_STEP][PASSED] - sendKeys(findTestObject("GoAmlReport/08 Identitas Orang Mewakili Transaksi/04/04 Negara Domisili"), "ID - INDONESIA"): Keys 'ID - INDONESIA' sent to object: 'Object Repository/GoAmlReport/08 Identitas Orang Mewakili Transaksi/04/04 Negara Domisili'

2020-09-02 12:25:34 - [MESSAGE][PASSED] - Keys 'ID - INDONESIA' sent to object: 'Object Repository/GoAmlReport/08 Identitas Orang Mewakili Transaksi/04/04 Negara Domisili'

2020-09-02 12:25:34 - [TEST_STEP][PASSED] - delay(3): Delayed 3 second(s)

2020-09-02 12:25:37 - [MESSAGE][PASSED] - Delayed 3 second(s)

2020-09-02 12:25:37 - [TEST_STEP][PASSED] - sendKeys(findTestObject("GoAmlReport/08 Identitas Orang Mewakili Transaksi/04/04 Negara Domisili"), Keys.chord(ENTER)): Keys 'ENTER + ' sent to object: 'Object Repository/GoAmlReport/08 Identitas Orang Mewakili Transaksi/04/04 Negara Domisili'

2020-09-02 12:25:37 - [MESSAGE][PASSED] - Keys 'ENTER + ' sent to object: 'Object Repository/GoAmlReport/08 Identitas Orang Mewakili Transaksi/04/04 Negara Domisili'

2020-09-02 12:25:37 - [TEST_STEP][PASSED] - scrollToElement(findTestObject("GoAmlReport/08 Identitas Orang Mewakili Transaksi/04/10 Pekerjaa"), 3): Scroll to object 'Object Repository/GoAmlReport/08 Identitas Orang Mewakili Transaksi/04/10 Pekerjaa' successfully

2020-09-02 12:25:38 - [MESSAGE][PASSED] - Scroll to object 'Object Repository/GoAmlReport/08 Identitas Orang Mewakili Transaksi/04/10 Pekerjaa' successfully

2020-09-02 12:25:38 - [TEST_STEP][PASSED] - setText(findTestObject("GoAmlReport/08 Identitas Orang Mewakili Transaksi/04/10 Pekerjaa"), "IT IT an"): Text 'IT IT an' is set on object 'Object Repository/GoAmlReport/08 Identitas Orang Mewakili Transaksi/04/10 Pekerjaa'

2020-09-02 12:25:38 - [MESSAGE][PASSED] - Text 'IT IT an' is set on object 'Object Repository/GoAmlReport/08 Identitas Orang Mewakili Transaksi/04/10 Pekerjaa'

2020-09-02 12:25:38 - [TEST_STEP][PASSED] - scrollToElement(findTestObject("GoAmlReport/08 Identitas Orang Mewakili Transaksi/04/11 Tempat Bekerja"), 3): Scroll to object 'Object Repository/GoAmlReport/08 Identitas Orang Mewakili Transaksi/04/11 Tempat Bekerja' successfully

2020-09-02 12:25:39 - [MESSAGE][PASSED] - Scroll to object 'Object Repository/GoAmlReport/08 Identitas Orang Mewakili Transaksi/04/11 Tempat Bekerja' successfully

2020-09-02 12:25:39 - [TEST_STEP][PASSED] - setText(findTestObject("GoAmlReport/08 Identitas Orang Mewakili Transaksi/04/11 Tempat Bekerja"), "JAKARTA"): Text 'JAKARTA' is set on object 'Object Repository/GoAmlReport/08 Identitas Orang Mewakili Transaksi/04/11 Tempat Bekerja'

2020-09-02 12:25:39 - [MESSAGE][PASSED] - Text 'JAKARTA' is set on object 'Object Repository/GoAmlReport/08 Identitas Orang Mewakili Transaksi/04/11 Tempat Bekerja'

2020-09-02 12:25:39 - [TEST_STEP][PASSED] - setText(findTestObject("GoAmlReport/08 Identitas Orang Mewakili Transaksi/07/10 Sumber Dana"), "Maling"): Text 'Maling' is set on object 'Object Repository/GoAmlReport/08 Identitas Orang Mewakili Transaksi/07/10 Sumber Dana'

2020-09-02 12:25:40 - [MESSAGE][PASSED] - Text 'Maling' is set on object 'Object Repository/GoAmlReport/08 Identitas Orang Mewakili Transaksi/07/10 Sumber Dana'

2020-09-02 12:25:40 - [TEST_STEP][PASSED] - setText(findTestObject("GoAmlReport/08 Identitas Orang Mewakili Transaksi/07/11 Catatan"), "tydacc addacc"): Text 'tydacc addacc' is set on object 'Object Repository/GoAmlReport/08 Identitas Orang Mewakili Transaksi/07/11 Catatan'

2020-09-02 12:25:41 - [MESSAGE][PASSED] - Text 'tydacc addacc' is set on object 'Object Repository/GoAmlReport/08 Identitas Orang Mewakili Transaksi/07/11 Catatan'

2020-09-02 12:25:41 - [TEST_STEP][PASSED] - scrollToElement(findTestObject("GoAmlReport/08 Identitas Orang Mewakili Transaksi/02/01 Add"), 3): Scroll to object 'Object Repository/GoAmlReport/08 Identitas Orang Mewakili Transaksi/02/01 Add' successfully

2020-09-02 12:25:41 - [MESSAGE][PASSED] - Scroll to object 'Object Repository/GoAmlReport/08 Identitas Orang Mewakili Transaksi/02/01 Add' successfully

2020-09-02 12:25:41 - [TEST_STEP][PASSED] - click(findTestObject("GoAmlReport/08 Identitas Orang Mewakili Transaksi/02/01 Add")): Object: 'Object Repository/GoAmlReport/08 Identitas Orang Mewakili Transaksi/02/01 Add' is clicked on

2020-09-02 12:25:42 - [MESSAGE][PASSED] - Object: 'Object Repository/GoAmlReport/08 Identitas Orang Mewakili Transaksi/02/01 Add' is clicked on

2020-09-02 12:25:42 - [TEST_STEP][PASSED] - delay(5): Delayed 5 second(s)

2020-09-02 12:25:47 - [MESSAGE][PASSED] - Delayed 5 second(s)

2020-09-02 12:25:47 - [TEST_STEP][PASSED] - setText(findTestObject("GoAmlReport/08 Identitas Orang Mewakili Transaksi/02/02 Kategori Kontak"), "D - Domisili"): Text 'D - Domisili' is set on object 'Object Repository/GoAmlReport/08 Identitas Orang Mewakili Transaksi/02/02 Kategori Kontak'

2020-09-02 12:25:47 - [MESSAGE][PASSED] - Text 'D - Domisili' is set on object 'Object Repository/GoAmlReport/08 Identitas Orang Mewakili Transaksi/02/02 Kategori Kontak'

2020-09-02 12:25:47 - [TEST_STEP][PASSED] - delay(3): Delayed 3 second(s)

2020-09-02 12:25:50 - [MESSAGE][PASSED] - Delayed 3 second(s)

2020-09-02 12:25:50 - [TEST_STEP][PASSED] - sendKeys(findTestObject("GoAmlReport/08 Identitas Orang Mewakili Transaksi/02/02 Kategori Kontak"), Keys.chord(ENTER)): Keys 'ENTER + ' sent to object: 'Object Repository/GoAmlReport/08 Identitas Orang Mewakili Transaksi/02/02 Kategori Kontak'

2020-09-02 12:25:51 - [MESSAGE][PASSED] - Keys 'ENTER + ' sent to object: 'Object Repository/GoAmlReport/08 Identitas Orang Mewakili Transaksi/02/02 Kategori Kontak'

2020-09-02 12:25:51 - [TEST_STEP][PASSED] - setText(findTestObject("GoAmlReport/08 Identitas Orang Mewakili Transaksi/02/03 Alat Komunikasi"), "PSTN - PSTN"): Text 'PSTN - PSTN' is set on object 'Object Repository/GoAmlReport/08 Identitas Orang Mewakili Transaksi/02/03 Alat Komunikasi'

2020-09-02 12:25:52 - [MESSAGE][PASSED] - Text 'PSTN - PSTN' is set on object 'Object Repository/GoAmlReport/08 Identitas Orang Mewakili Transaksi/02/03 Alat Komunikasi'

2020-09-02 12:25:52 - [TEST_STEP][PASSED] - delay(3): Delayed 3 second(s)

2020-09-02 12:25:55 - [MESSAGE][PASSED] - Delayed 3 second(s)

2020-09-02 12:25:55 - [TEST_STEP][PASSED] - sendKeys(findTestObject("GoAmlReport/08 Identitas Orang Mewakili Transaksi/02/03 Alat Komunikasi"), Keys.chord(ENTER)): Keys 'ENTER + ' sent to object: 'Object Repository/GoAmlReport/08 Identitas Orang Mewakili Transaksi/02/03 Alat Komunikasi'

2020-09-02 12:25:55 - [MESSAGE][PASSED] - Keys 'ENTER + ' sent to object: 'Object Repository/GoAmlReport/08 Identitas Orang Mewakili Transaksi/02/03 Alat Komunikasi'

2020-09-02 12:25:55 - [TEST_STEP][PASSED] - setText(findTestObject("GoAmlReport/08 Identitas Orang Mewakili Transaksi/02/05 Nomor Telepon"), "0986745632"): Text '0986745632' is set on object 'Object Repository/GoAmlReport/08 Identitas Orang Mewakili Transaksi/02/05 Nomor Telepon'

2020-09-02 12:25:56 - [MESSAGE][PASSED] - Text '0986745632' is set on object 'Object Repository/GoAmlReport/08 Identitas Orang Mewakili Transaksi/02/05 Nomor Telepon'

2020-09-02 12:25:56 - [TEST_STEP][PASSED] - delay(2): Delayed 2 second(s)

2020-09-02 12:25:58 - [MESSAGE][PASSED] - Delayed 2 second(s)

2020-09-02 12:25:58 - [TEST_STEP][PASSED] - scrollToElement(findTestObject("GoAmlReport/08 Identitas Orang Mewakili Transaksi/02/08 Save"), 3): Scroll to object 'Object Repository/GoAmlReport/08 Identitas Orang Mewakili Transaksi/02/08 Save' successfully

2020-09-02 12:25:58 - [MESSAGE][PASSED] - Scroll to object 'Object Repository/GoAmlReport/08 Identitas Orang Mewakili Transaksi/02/08 Save' successfully

2020-09-02 12:25:58 - [TEST_STEP][PASSED] - click(findTestObject("GoAmlReport/08 Identitas Orang Mewakili Transaksi/02/08 Save")): Object: 'Object Repository/GoAmlReport/08 Identitas Orang Mewakili Transaksi/02/08 Save' is clicked on

2020-09-02 12:25:59 - [MESSAGE][PASSED] - Object: 'Object Repository/GoAmlReport/08 Identitas Orang Mewakili Transaksi/02/08 Save' is clicked on

2020-09-02 12:25:59 - [TEST_STEP][PASSED] - delay(5): Delayed 5 second(s)

2020-09-02 12:26:04 - [MESSAGE][PASSED] - Delayed 5 second(s)

2020-09-02 12:26:04 - [TEST_STEP][PASSED] - scrollToElement(findTestObject("GoAmlReport/08 Identitas Orang Mewakili Transaksi/03/01 Add"), 3): Scroll to object 'Object Repository/GoAmlReport/08 Identitas Orang Mewakili Transaksi/03/01 Add' successfully

2020-09-02 12:26:04 - [MESSAGE][PASSED] - Scroll to object 'Object Repository/GoAmlReport/08 Identitas Orang Mewakili Transaksi/03/01 Add' successfully

2020-09-02 12:26:04 - [TEST_STEP][PASSED] - click(findTestObject("GoAmlReport/08 Identitas Orang Mewakili Transaksi/03/01 Add")): Object: 'Object Repository/GoAmlReport/08 Identitas Orang Mewakili Transaksi/03/01 Add' is clicked on

2020-09-02 12:26:05 - [MESSAGE][PASSED] - Object: 'Object Repository/GoAmlReport/08 Identitas Orang Mewakili Transaksi/03/01 Add' is clicked on

2020-09-02 12:26:05 - [TEST_STEP][PASSED] - delay(5): Delayed 5 second(s)

2020-09-02 12:26:10 - [MESSAGE][PASSED] - Delayed 5 second(s)

2020-09-02 12:26:10 - [TEST_STEP][PASSED] - setText(findTestObject("GoAmlReport/08 Identitas Orang Mewakili Transaksi/03/02 Tipe Alamat"), "D - Domisili"): Text 'D - Domisili' is set on object 'Object Repository/GoAmlReport/08 Identitas Orang Mewakili Transaksi/03/02 Tipe Alamat'

2020-09-02 12:26:10 - [MESSAGE][PASSED] - Text 'D - Domisili' is set on object 'Object Repository/GoAmlReport/08 Identitas Orang Mewakili Transaksi/03/02 Tipe Alamat'

2020-09-02 12:26:10 - [TEST_STEP][PASSED] - delay(5): Delayed 5 second(s)

2020-09-02 12:26:15 - [MESSAGE][PASSED] - Delayed 5 second(s)

2020-09-02 12:26:15 - [TEST_STEP][PASSED] - sendKeys(findTestObject("GoAmlReport/08 Identitas Orang Mewakili Transaksi/03/02 Tipe Alamat"), Keys.chord(ENTER)): Keys 'ENTER + ' sent to object: 'Object Repository/GoAmlReport/08 Identitas Orang Mewakili Transaksi/03/02 Tipe Alamat'

2020-09-02 12:26:16 - [MESSAGE][PASSED] - Keys 'ENTER + ' sent to object: 'Object Repository/GoAmlReport/08 Identitas Orang Mewakili Transaksi/03/02 Tipe Alamat'

2020-09-02 12:26:16 - [TEST_STEP][PASSED] - setText(findTestObject("GoAmlReport/08 Identitas Orang Mewakili Transaksi/03/03 Alamat"), "Jl. sdhjsadkjsnadklsandkjasd"): Text 'Jl. sdhjsadkjsnadklsandkjasd' is set on object 'Object Repository/GoAmlReport/08 Identitas Orang Mewakili Transaksi/03/03 Alamat'

2020-09-02 12:26:17 - [MESSAGE][PASSED] - Text 'Jl. sdhjsadkjsnadklsandkjasd' is set on object 'Object Repository/GoAmlReport/08 Identitas Orang Mewakili Transaksi/03/03 Alamat'

2020-09-02 12:26:17 - [TEST_STEP][PASSED] - setText(findTestObject("GoAmlReport/08 Identitas Orang Mewakili Transaksi/03/05 Kota"), "Jakarta"): Text 'Jakarta' is set on object 'Object Repository/GoAmlReport/08 Identitas Orang Mewakili Transaksi/03/05 Kota'

2020-09-02 12:26:17 - [MESSAGE][PASSED] - Text 'Jakarta' is set on object 'Object Repository/GoAmlReport/08 Identitas Orang Mewakili Transaksi/03/05 Kota'

2020-09-02 12:26:17 - [TEST_STEP][PASSED] - setText(findTestObject("GoAmlReport/08 Identitas Orang Mewakili Transaksi/03/07 Negara"), "ID - INDONESIA"): Text 'ID - INDONESIA' is set on object 'Object Repository/GoAmlReport/08 Identitas Orang Mewakili Transaksi/03/07 Negara'

2020-09-02 12:26:18 - [MESSAGE][PASSED] - Text 'ID - INDONESIA' is set on object 'Object Repository/GoAmlReport/08 Identitas Orang Mewakili Transaksi/03/07 Negara'

2020-09-02 12:26:18 - [TEST_STEP][PASSED] - delay(3): Delayed 3 second(s)

2020-09-02 12:26:21 - [MESSAGE][PASSED] - Delayed 3 second(s)

2020-09-02 12:26:21 - [TEST_STEP][PASSED] - sendKeys(findTestObject("GoAmlReport/08 Identitas Orang Mewakili Transaksi/03/07 Negara"), Keys.chord(ENTER)): Keys 'ENTER + ' sent to object: 'Object Repository/GoAmlReport/08 Identitas Orang Mewakili Transaksi/03/07 Negara'

2020-09-02 12:26:21 - [MESSAGE][PASSED] - Keys 'ENTER + ' sent to object: 'Object Repository/GoAmlReport/08 Identitas Orang Mewakili Transaksi/03/07 Negara'

2020-09-02 12:26:21 - [TEST_STEP][PASSED] - delay(2): Delayed 2 second(s)

2020-09-02 12:26:23 - [MESSAGE][PASSED] - Delayed 2 second(s)

2020-09-02 12:26:23 - [TEST_STEP][PASSED] - click(findTestObject("GoAmlReport/08 Identitas Orang Mewakili Transaksi/03/10 Save")): Object: 'Object Repository/GoAmlReport/08 Identitas Orang Mewakili Transaksi/03/10 Save' is clicked on

2020-09-02 12:26:24 - [MESSAGE][PASSED] - Object: 'Object Repository/GoAmlReport/08 Identitas Orang Mewakili Transaksi/03/10 Save' is clicked on

2020-09-02 12:26:24 - [TEST_STEP][PASSED] - delay(2): Delayed 2 second(s)

2020-09-02 12:26:26 - [MESSAGE][PASSED] - Delayed 2 second(s)

2020-09-02 12:26:26 - [TEST_STEP][PASSED] - scrollToElement(findTestObject("GoAmlReport/08 Identitas Orang Mewakili Transaksi/05/01 Add"), 3): Scroll to object 'Object Repository/GoAmlReport/08 Identitas Orang Mewakili Transaksi/05/01 Add' successfully

2020-09-02 12:26:26 - [MESSAGE][PASSED] - Scroll to object 'Object Repository/GoAmlReport/08 Identitas Orang Mewakili Transaksi/05/01 Add' successfully

2020-09-02 12:26:26 - [TEST_STEP][PASSED] - click(findTestObject("GoAmlReport/08 Identitas Orang Mewakili Transaksi/05/01 Add")): Object: 'Object Repository/GoAmlReport/08 Identitas Orang Mewakili Transaksi/05/01 Add' is clicked on

2020-09-02 12:26:27 - [MESSAGE][PASSED] - Object: 'Object Repository/GoAmlReport/08 Identitas Orang Mewakili Transaksi/05/01 Add' is clicked on

2020-09-02 12:26:27 - [TEST_STEP][PASSED] - delay(5): Delayed 5 second(s)

2020-09-02 12:26:32 - [MESSAGE][PASSED] - Delayed 5 second(s)

2020-09-02 12:26:32 - [TEST_STEP][PASSED] - setText(findTestObject("GoAmlReport/08 Identitas Orang Mewakili Transaksi/05/02 Tipe Alamat"), "K - Kantor"): Text 'K - Kantor' is set on object 'Object Repository/GoAmlReport/08 Identitas Orang Mewakili Transaksi/05/02 Tipe Alamat'

2020-09-02 12:26:32 - [MESSAGE][PASSED] - Text 'K - Kantor' is set on object 'Object Repository/GoAmlReport/08 Identitas Orang Mewakili Transaksi/05/02 Tipe Alamat'

2020-09-02 12:26:32 - [TEST_STEP][PASSED] - delay(3): Delayed 3 second(s)

2020-09-02 12:26:35 - [MESSAGE][PASSED] - Delayed 3 second(s)

2020-09-02 12:26:35 - [TEST_STEP][PASSED] - sendKeys(findTestObject("GoAmlReport/08 Identitas Orang Mewakili Transaksi/05/02 Tipe Alamat"), Keys.chord(ENTER)): Keys 'ENTER + ' sent to object: 'Object Repository/GoAmlReport/08 Identitas Orang Mewakili Transaksi/05/02 Tipe Alamat'

2020-09-02 12:26:36 - [MESSAGE][PASSED] - Keys 'ENTER + ' sent to object: 'Object Repository/GoAmlReport/08 Identitas Orang Mewakili Transaksi/05/02 Tipe Alamat'

2020-09-02 12:26:36 - [TEST_STEP][PASSED] - setText(findTestObject("GoAmlReport/08 Identitas Orang Mewakili Transaksi/05/03 Alamat"), "Tangerang"): Text 'Tangerang' is set on object 'Object Repository/GoAmlReport/08 Identitas Orang Mewakili Transaksi/05/03 Alamat'

2020-09-02 12:26:37 - [MESSAGE][PASSED] - Text 'Tangerang' is set on object 'Object Repository/GoAmlReport/08 Identitas Orang Mewakili Transaksi/05/03 Alamat'

2020-09-02 12:26:37 - [TEST_STEP][PASSED] - setText(findTestObject("GoAmlReport/08 Identitas Orang Mewakili Transaksi/05/05 Kota"), "Tgrng"): Text 'Tgrng' is set on object 'Object Repository/GoAmlReport/08 Identitas Orang Mewakili Transaksi/05/05 Kota'

2020-09-02 12:26:37 - [MESSAGE][PASSED] - Text 'Tgrng' is set on object 'Object Repository/GoAmlReport/08 Identitas Orang Mewakili Transaksi/05/05 Kota'

2020-09-02 12:26:37 - [TEST_STEP][PASSED] - setText(findTestObject("GoAmlReport/08 Identitas Orang Mewakili Transaksi/05/07 Negara"), "ID - INDONESIA"): Text 'ID - INDONESIA' is set on object 'Object Repository/GoAmlReport/08 Identitas Orang Mewakili Transaksi/05/07 Negara'

2020-09-02 12:26:38 - [MESSAGE][PASSED] - Text 'ID - INDONESIA' is set on object 'Object Repository/GoAmlReport/08 Identitas Orang Mewakili Transaksi/05/07 Negara'

2020-09-02 12:26:38 - [TEST_STEP][PASSED] - delay(3): Delayed 3 second(s)

2020-09-02 12:26:41 - [MESSAGE][PASSED] - Delayed 3 second(s)

2020-09-02 12:26:41 - [TEST_STEP][PASSED] - sendKeys(findTestObject("GoAmlReport/08 Identitas Orang Mewakili Transaksi/05/07 Negara"), Keys.chord(ENTER)): Keys 'ENTER + ' sent to object: 'Object Repository/GoAmlReport/08 Identitas Orang Mewakili Transaksi/05/07 Negara'

2020-09-02 12:26:42 - [MESSAGE][PASSED] - Keys 'ENTER + ' sent to object: 'Object Repository/GoAmlReport/08 Identitas Orang Mewakili Transaksi/05/07 Negara'

2020-09-02 12:26:42 - [TEST_STEP][PASSED] - click(findTestObject("GoAmlReport/08 Identitas Orang Mewakili Transaksi/05/10 Save")): Object: 'Object Repository/GoAmlReport/08 Identitas Orang Mewakili Transaksi/05/10 Save' is clicked on

2020-09-02 12:26:42 - [MESSAGE][PASSED] - Object: 'Object Repository/GoAmlReport/08 Identitas Orang Mewakili Transaksi/05/10 Save' is clicked on

2020-09-02 12:26:42 - [TEST_STEP][PASSED] - delay(3): Delayed 3 second(s)

2020-09-02 12:26:45 - [MESSAGE][PASSED] - Delayed 3 second(s)

2020-09-02 12:26:45 - [TEST_STEP][PASSED] - scrollToElement(findTestObject("GoAmlReport/08 Identitas Orang Mewakili Transaksi/06/01 Add"), 3): Scroll to object 'Object Repository/GoAmlReport/08 Identitas Orang Mewakili Transaksi/06/01 Add' successfully

2020-09-02 12:26:46 - [MESSAGE][PASSED] - Scroll to object 'Object Repository/GoAmlReport/08 Identitas Orang Mewakili Transaksi/06/01 Add' successfully

2020-09-02 12:26:46 - [TEST_STEP][PASSED] - click(findTestObject("GoAmlReport/08 Identitas Orang Mewakili Transaksi/06/01 Add")): Object: 'Object Repository/GoAmlReport/08 Identitas Orang Mewakili Transaksi/06/01 Add' is clicked on

2020-09-02 12:26:46 - [MESSAGE][PASSED] - Object: 'Object Repository/GoAmlReport/08 Identitas Orang Mewakili Transaksi/06/01 Add' is clicked on

2020-09-02 12:26:46 - [TEST_STEP][PASSED] - delay(3): Delayed 3 second(s)

2020-09-02 12:26:49 - [MESSAGE][PASSED] - Delayed 3 second(s)

2020-09-02 12:26:49 - [TEST_STEP][PASSED] - setText(findTestObject("GoAmlReport/08 Identitas Orang Mewakili Transaksi/06/02 Kategori Kontak"), "R - Rumah"): Text 'R - Rumah' is set on object 'Object Repository/GoAmlReport/08 Identitas Orang Mewakili Transaksi/06/02 Kategori Kontak'

2020-09-02 12:26:50 - [MESSAGE][PASSED] - Text 'R - Rumah' is set on object 'Object Repository/GoAmlReport/08 Identitas Orang Mewakili Transaksi/06/02 Kategori Kontak'

2020-09-02 12:26:50 - [TEST_STEP][PASSED] - delay(3): Delayed 3 second(s)

2020-09-02 12:26:53 - [MESSAGE][PASSED] - Delayed 3 second(s)

2020-09-02 12:26:53 - [TEST_STEP][PASSED] - sendKeys(findTestObject("GoAmlReport/08 Identitas Orang Mewakili Transaksi/06/02 Kategori Kontak"), Keys.chord(ENTER)): Keys 'ENTER + ' sent to object: 'Object Repository/GoAmlReport/08 Identitas Orang Mewakili Transaksi/06/02 Kategori Kontak'

2020-09-02 12:26:53 - [MESSAGE][PASSED] - Keys 'ENTER + ' sent to object: 'Object Repository/GoAmlReport/08 Identitas Orang Mewakili Transaksi/06/02 Kategori Kontak'

2020-09-02 12:26:53 - [TEST_STEP][PASSED] - setText(findTestObject("GoAmlReport/08 Identitas Orang Mewakili Transaksi/06/03 Alat Komunikasi"), "MOB - Mobile"): Text 'MOB - Mobile' is set on object 'Object Repository/GoAmlReport/08 Identitas Orang Mewakili Transaksi/06/03 Alat Komunikasi'

2020-09-02 12:26:54 - [MESSAGE][PASSED] - Text 'MOB - Mobile' is set on object 'Object Repository/GoAmlReport/08 Identitas Orang Mewakili Transaksi/06/03 Alat Komunikasi'

2020-09-02 12:26:54 - [TEST_STEP][PASSED] - delay(3): Delayed 3 second(s)

2020-09-02 12:26:57 - [MESSAGE][PASSED] - Delayed 3 second(s)

2020-09-02 12:26:57 - [TEST_STEP][PASSED] - sendKeys(findTestObject("GoAmlReport/08 Identitas Orang Mewakili Transaksi/06/03 Alat Komunikasi"), Keys.chord(ENTER)): Keys 'ENTER + ' sent to object: 'Object Repository/GoAmlReport/08 Identitas Orang Mewakili Transaksi/06/03 Alat Komunikasi'

2020-09-02 12:26:57 - [MESSAGE][PASSED] - Keys 'ENTER + ' sent to object: 'Object Repository/GoAmlReport/08 Identitas Orang Mewakili Transaksi/06/03 Alat Komunikasi'

2020-09-02 12:26:57 - [TEST_STEP][PASSED] - setText(findTestObject("GoAmlReport/08 Identitas Orang Mewakili Transaksi/06/04 Nomor Telepon"), "089234789233"): Text '089234789233' is set on object 'Object Repository/GoAmlReport/08 Identitas Orang Mewakili Transaksi/06/04 Nomor Telepon'

2020-09-02 12:26:58 - [MESSAGE][PASSED] - Text '089234789233' is set on object 'Object Repository/GoAmlReport/08 Identitas Orang Mewakili Transaksi/06/04 Nomor Telepon'

2020-09-02 12:26:58 - [TEST_STEP][PASSED] - click(findTestObject("GoAmlReport/08 Identitas Orang Mewakili Transaksi/06/07 Save"), STOP_ON_FAILURE): Object: 'Object Repository/GoAmlReport/08 Identitas Orang Mewakili Transaksi/06/07 Save' is clicked on

2020-09-02 12:26:59 - [MESSAGE][PASSED] - Object: 'Object Repository/GoAmlReport/08 Identitas Orang Mewakili Transaksi/06/07 Save' is clicked on

2020-09-02 12:26:59 - [TEST_STEP][PASSED] - delay(3): Delayed 3 second(s)

2020-09-02 12:27:02 - [MESSAGE][PASSED] - Delayed 3 second(s)

2020-09-02 12:27:02 - [TEST_STEP][PASSED] - scrollToElement(findTestObject("GoAmlReport/08 Identitas Orang Mewakili Transaksi/07/01 Add"), 3): Scroll to object 'Object Repository/GoAmlReport/08 Identitas Orang Mewakili Transaksi/07/01 Add' successfully

2020-09-02 12:27:02 - [MESSAGE][PASSED] - Scroll to object 'Object Repository/GoAmlReport/08 Identitas Orang Mewakili Transaksi/07/01 Add' successfully

2020-09-02 12:27:02 - [TEST_STEP][PASSED] - click(findTestObject("GoAmlReport/08 Identitas Orang Mewakili Transaksi/07/01 Add")): Object: 'Object Repository/GoAmlReport/08 Identitas Orang Mewakili Transaksi/07/01 Add' is clicked on

2020-09-02 12:27:03 - [MESSAGE][PASSED] - Object: 'Object Repository/GoAmlReport/08 Identitas Orang Mewakili Transaksi/07/01 Add' is clicked on

2020-09-02 12:27:03 - [TEST_STEP][PASSED] - delay(3): Delayed 3 second(s)

2020-09-02 12:27:06 - [MESSAGE][PASSED] - Delayed 3 second(s)

2020-09-02 12:27:06 - [TEST_STEP][PASSED] - setText(findTestObject("GoAmlReport/08 Identitas Orang Mewakili Transaksi/07/02 Jenis Dokumen Identitas"), "SUKET - Surat Keterangan Kependudukan"): Text 'SUKET - Surat Keterangan Kependudukan' is set on object 'Object Repository/GoAmlReport/08 Identitas Orang Mewakili Transaksi/07/02 Jenis Dokumen Identitas'

2020-09-02 12:27:07 - [MESSAGE][PASSED] - Text 'SUKET - Surat Keterangan Kependudukan' is set on object 'Object Repository/GoAmlReport/08 Identitas Orang Mewakili Transaksi/07/02 Jenis Dokumen Identitas'

2020-09-02 12:27:07 - [TEST_STEP][PASSED] - delay(3): Delayed 3 second(s)

2020-09-02 12:27:10 - [MESSAGE][PASSED] - Delayed 3 second(s)

2020-09-02 12:27:10 - [TEST_STEP][PASSED] - sendKeys(findTestObject("GoAmlReport/08 Identitas Orang Mewakili Transaksi/07/02 Jenis Dokumen Identitas"), Keys.chord(ENTER)): Keys 'ENTER + ' sent to object: 'Object Repository/GoAmlReport/08 Identitas Orang Mewakili Transaksi/07/02 Jenis Dokumen Identitas'

2020-09-02 12:27:11 - [MESSAGE][PASSED] - Keys 'ENTER + ' sent to object: 'Object Repository/GoAmlReport/08 Identitas Orang Mewakili Transaksi/07/02 Jenis Dokumen Identitas'

2020-09-02 12:27:11 - [TEST_STEP][PASSED] - setText(findTestObject("GoAmlReport/08 Identitas Orang Mewakili Transaksi/07/02 No Identitas"), "12321444"): Text '12321444' is set on object 'Object Repository/GoAmlReport/08 Identitas Orang Mewakili Transaksi/07/02 No Identitas'

2020-09-02 12:27:11 - [MESSAGE][PASSED] - Text '12321444' is set on object 'Object Repository/GoAmlReport/08 Identitas Orang Mewakili Transaksi/07/02 No Identitas'

2020-09-02 12:27:11 - [TEST_STEP][PASSED] - setText(findTestObject("GoAmlReport/08 Identitas Orang Mewakili Transaksi/07/06 Negara Penerbit Identitas"), "ID - INDONESIA"): Text 'ID - INDONESIA' is set on object 'Object Repository/GoAmlReport/08 Identitas Orang Mewakili Transaksi/07/06 Negara Penerbit Identitas'

2020-09-02 12:27:12 - [MESSAGE][PASSED] - Text 'ID - INDONESIA' is set on object 'Object Repository/GoAmlReport/08 Identitas Orang Mewakili Transaksi/07/06 Negara Penerbit Identitas'

2020-09-02 12:27:12 - [TEST_STEP][PASSED] - delay(3): Delayed 3 second(s)

2020-09-02 12:27:15 - [MESSAGE][PASSED] - Delayed 3 second(s)

2020-09-02 12:27:15 - [TEST_STEP][PASSED] - sendKeys(findTestObject("GoAmlReport/08 Identitas Orang Mewakili Transaksi/07/06 Negara Penerbit Identitas"), Keys.chord(ENTER)): Keys 'ENTER + ' sent to object: 'Object Repository/GoAmlReport/08 Identitas Orang Mewakili Transaksi/07/06 Negara Penerbit Identitas'

2020-09-02 12:27:15 - [MESSAGE][PASSED] - Keys 'ENTER + ' sent to object: 'Object Repository/GoAmlReport/08 Identitas Orang Mewakili Transaksi/07/06 Negara Penerbit Identitas'

2020-09-02 12:27:15 - [TEST_STEP][PASSED] - click(findTestObject("GoAmlReport/08 Identitas Orang Mewakili Transaksi/07/08 Save"), STOP_ON_FAILURE): Object: 'Object Repository/GoAmlReport/08 Identitas Orang Mewakili Transaksi/07/08 Save' is clicked on

2020-09-02 12:27:16 - [MESSAGE][PASSED] - Object: 'Object Repository/GoAmlReport/08 Identitas Orang Mewakili Transaksi/07/08 Save' is clicked on

2020-09-02 12:27:16 - [MESSAGE][PASSED] - Call Test Case 'Test Cases/Identitas Orang Mewakili Transaksi' successfully

2020-09-02 12:27:16 - [TEST_STEP][PASSED] - callTestCase(findTestCase("GoAML Report 4"), [:], STOP_ON_FAILURE): Call Test Case 'Test Cases/GoAML Report 4' successfully

2020-09-02 12:27:16 - [TEST_CASE][PASSED] - Test Cases/GoAML Report 4: Test Cases/GoAML Report 4

2020-09-02 12:27:16 - [TEST_STEP][PASSED] - for ([rowNum = 1, rowNum <= findTestData("GoAMLReport/Transaksi").getRowNumbers(), (rowNum++)]): Delayed 2 second(s)

2020-09-02 12:27:16 - [TEST_STEP][PASSED] - delay(6): Delayed 6 second(s)

2020-09-02 12:27:22 - [MESSAGE][PASSED] - Delayed 6 second(s)

2020-09-02 12:27:22 - [TEST_STEP][PASSED] - if (findTestData("GoAMLReport/Transaksi").getValue(1, rowNum) == "true"): Keys 'ENTER + ' sent to object: 'Object Repository/GoAmlReport/03 Identitas Pengirim/07 Negara Trx Asal'

2020-09-02 12:27:22 - [TEST_STEP][PASSED] - if (findTestData("GoAMLReport/Transaksi").getValue(6, rowNum) == "true"): null

2020-09-02 12:27:22 - [TEST_STEP][PASSED] - if (findTestData("GoAMLReport/Transaksi").getValue(7, rowNum) == "uang tunai"): Keys 'ENTER + ' sent to object: 'Object Repository/GoAmlReport/03 Identitas Pengirim/02 Ins Trx Asal'

2020-09-02 12:27:22 - [TEST_STEP][PASSED] - setText(findTestObject("GoAmlReport/03 Identitas Pengirim/02 Ins Trx Asal"), "Uang Tunai"): Text 'Uang Tunai' is set on object 'Object Repository/GoAmlReport/03 Identitas Pengirim/02 Ins Trx Asal'

2020-09-02 12:27:23 - [MESSAGE][PASSED] - Text 'Uang Tunai' is set on object 'Object Repository/GoAmlReport/03 Identitas Pengirim/02 Ins Trx Asal'

2020-09-02 12:27:23 - [TEST_STEP][PASSED] - delay(3): Delayed 3 second(s)

2020-09-02 12:27:26 - [MESSAGE][PASSED] - Delayed 3 second(s)

2020-09-02 12:27:26 - [TEST_STEP][PASSED] - sendKeys(findTestObject("GoAmlReport/03 Identitas Pengirim/02 Ins Trx Asal"), Keys.chord(ENTER)): Keys 'ENTER + ' sent to object: 'Object Repository/GoAmlReport/03 Identitas Pengirim/02 Ins Trx Asal'

2020-09-02 12:27:27 - [MESSAGE][PASSED] - Keys 'ENTER + ' sent to object: 'Object Repository/GoAmlReport/03 Identitas Pengirim/02 Ins Trx Asal'

2020-09-02 12:27:27 - [TEST_STEP][PASSED] - if (findTestData("GoAMLReport/Transaksi").getValue(7, rowNum) == "rekening"): null

2020-09-02 12:27:27 - [TEST_STEP][PASSED] - setText(findTestObject("GoAmlReport/03 Identitas Pengirim/05 Nominal Valas"), "500000"): Text '500000' is set on object 'Object Repository/GoAmlReport/03 Identitas Pengirim/05 Nominal Valas'

2020-09-02 12:27:27 - [MESSAGE][PASSED] - Text '500000' is set on object 'Object Repository/GoAmlReport/03 Identitas Pengirim/05 Nominal Valas'

2020-09-02 12:27:27 - [TEST_STEP][PASSED] - delay(3): Delayed 3 second(s)

2020-09-02 12:27:30 - [MESSAGE][PASSED] - Delayed 3 second(s)

2020-09-02 12:27:30 - [TEST_STEP][PASSED] - setText(findTestObject("GoAmlReport/03 Identitas Pengirim/06 Kurs"), "nope"): Text 'nope' is set on object 'Object Repository/GoAmlReport/03 Identitas Pengirim/06 Kurs'

2020-09-02 12:27:31 - [MESSAGE][PASSED] - Text 'nope' is set on object 'Object Repository/GoAmlReport/03 Identitas Pengirim/06 Kurs'

2020-09-02 12:27:31 - [TEST_STEP][PASSED] - setText(findTestObject("GoAmlReport/03 Identitas Pengirim/999 Mata Uang Asing"), "INR - Indian Rupee"): Text 'INR - Indian Rupee' is set on object 'Object Repository/GoAmlReport/03 Identitas Pengirim/999 Mata Uang Asing'

2020-09-02 12:27:32 - [MESSAGE][PASSED] - Text 'INR - Indian Rupee' is set on object 'Object Repository/GoAmlReport/03 Identitas Pengirim/999 Mata Uang Asing'

2020-09-02 12:27:32 - [TEST_STEP][PASSED] - delay(3): Delayed 3 second(s)

2020-09-02 12:27:35 - [MESSAGE][PASSED] - Delayed 3 second(s)

2020-09-02 12:27:35 - [TEST_STEP][PASSED] - sendKeys(findTestObject("GoAmlReport/03 Identitas Pengirim/999 Mata Uang Asing"), Keys.chord(ENTER)): Keys 'ENTER + ' sent to object: 'Object Repository/GoAmlReport/03 Identitas Pengirim/999 Mata Uang Asing'

2020-09-02 12:27:36 - [MESSAGE][PASSED] - Keys 'ENTER + ' sent to object: 'Object Repository/GoAmlReport/03 Identitas Pengirim/999 Mata Uang Asing'

2020-09-02 12:27:36 - [TEST_STEP][PASSED] - setText(findTestObject("GoAmlReport/03 Identitas Pengirim/07 Negara Trx Asal"), "INDONE"): Text 'INDONE' is set on object 'Object Repository/GoAmlReport/03 Identitas Pengirim/07 Negara Trx Asal'

2020-09-02 12:27:36 - [MESSAGE][PASSED] - Text 'INDONE' is set on object 'Object Repository/GoAmlReport/03 Identitas Pengirim/07 Negara Trx Asal'

2020-09-02 12:27:36 - [TEST_STEP][PASSED] - delay(3): Delayed 3 second(s)

2020-09-02 12:27:39 - [MESSAGE][PASSED] - Delayed 3 second(s)

2020-09-02 12:27:39 - [TEST_STEP][PASSED] - sendKeys(findTestObject("GoAmlReport/03 Identitas Pengirim/07 Negara Trx Asal"), Keys.chord(ENTER)): Keys 'ENTER + ' sent to object: 'Object Repository/GoAmlReport/03 Identitas Pengirim/07 Negara Trx Asal'

2020-09-02 12:27:40 - [MESSAGE][PASSED] - Keys 'ENTER + ' sent to object: 'Object Repository/GoAmlReport/03 Identitas Pengirim/07 Negara Trx Asal'

2020-09-02 12:27:40 - [TEST_STEP][PASSED] - if (findTestData("GoAMLReport/Transaksi").getValue(8, rowNum) == "person"): null

2020-09-02 12:27:40 - [TEST_STEP][PASSED] - if (findTestData("GoAMLReport/Transaksi").getValue(8, rowNum) == "account"): null

2020-09-02 12:27:40 - [TEST_STEP][PASSED] - if (findTestData("GoAMLReport/Transaksi").getValue(8, rowNum) == "entity"): Delayed 2 second(s)

2020-09-02 12:27:40 - [TEST_STEP][PASSED] - setText(findTestObject("GoAmlReport/03 Identitas Pengirim/09 Informasi Pengirim"), findTestData("GoAMLReport/Transaksi").getValue(8, rowNum)): Text 'entity' is set on object 'Object Repository/GoAmlReport/03 Identitas Pengirim/09 Informasi Pengirim'

2020-09-02 12:27:41 - [MESSAGE][PASSED] - Text 'entity' is set on object 'Object Repository/GoAmlReport/03 Identitas Pengirim/09 Informasi Pengirim'

2020-09-02 12:27:41 - [TEST_STEP][PASSED] - delay(8): Delayed 8 second(s)

2020-09-02 12:27:49 - [MESSAGE][PASSED] - Delayed 8 second(s)

2020-09-02 12:27:49 - [TEST_STEP][PASSED] - sendKeys(findTestObject("GoAmlReport/03 Identitas Pengirim/09 Informasi Pengirim"), Keys.chord(ENTER)): Keys 'ENTER + ' sent to object: 'Object Repository/GoAmlReport/03 Identitas Pengirim/09 Informasi Pengirim'

2020-09-02 12:27:49 - [MESSAGE][PASSED] - Keys 'ENTER + ' sent to object: 'Object Repository/GoAmlReport/03 Identitas Pengirim/09 Informasi Pengirim'

2020-09-02 12:27:49 - [TEST_STEP][PASSED] - delay(5): Delayed 5 second(s)

2020-09-02 12:27:54 - [MESSAGE][PASSED] - Delayed 5 second(s)

2020-09-02 12:27:54 - [TEST_STEP][PASSED] - setText(findTestObject("GoAmlReport/07 Entity/Account From/01 Nama Korporasi"), "Simpan Pinjam"): Text 'Simpan Pinjam' is set on object 'Object Repository/GoAmlReport/07 Entity/Account From/01 Nama Korporasi'

2020-09-02 12:27:55 - [MESSAGE][PASSED] - Text 'Simpan Pinjam' is set on object 'Object Repository/GoAmlReport/07 Entity/Account From/01 Nama Korporasi'

2020-09-02 12:27:55 - [TEST_STEP][PASSED] - setText(findTestObject("GoAmlReport/07 Entity/Account From/02 Bentuk Korporasi"), "PD - Perusahaan Daerah"): Text 'PD - Perusahaan Daerah' is set on object 'Object Repository/GoAmlReport/07 Entity/Account From/02 Bentuk Korporasi'

2020-09-02 12:27:56 - [MESSAGE][PASSED] - Text 'PD - Perusahaan Daerah' is set on object 'Object Repository/GoAmlReport/07 Entity/Account From/02 Bentuk Korporasi'

2020-09-02 12:27:56 - [TEST_STEP][PASSED] - delay(3): Delayed 3 second(s)

2020-09-02 12:27:59 - [MESSAGE][PASSED] - Delayed 3 second(s)

2020-09-02 12:27:59 - [TEST_STEP][PASSED] - sendKeys(findTestObject("GoAmlReport/07 Entity/Account From/02 Bentuk Korporasi"), Keys.chord(ENTER)): Keys 'ENTER + ' sent to object: 'Object Repository/GoAmlReport/07 Entity/Account From/02 Bentuk Korporasi'

2020-09-02 12:28:00 - [MESSAGE][PASSED] - Keys 'ENTER + ' sent to object: 'Object Repository/GoAmlReport/07 Entity/Account From/02 Bentuk Korporasi'

2020-09-02 12:28:00 - [TEST_STEP][PASSED] - setText(findTestObject("GoAmlReport/07 Entity/Account From/03 Bidang Usaha"), "Rentenir"): Text 'Rentenir' is set on object 'Object Repository/GoAmlReport/07 Entity/Account From/03 Bidang Usaha'

2020-09-02 12:28:01 - [MESSAGE][PASSED] - Text 'Rentenir' is set on object 'Object Repository/GoAmlReport/07 Entity/Account From/03 Bidang Usaha'

2020-09-02 12:28:01 - [TEST_STEP][PASSED] - setText(findTestObject("GoAmlReport/07 Entity/Account From/03 Negara"), "indone"): Text 'indone' is set on object 'Object Repository/GoAmlReport/07 Entity/Account From/03 Negara'

2020-09-02 12:28:01 - [MESSAGE][PASSED] - Text 'indone' is set on object 'Object Repository/GoAmlReport/07 Entity/Account From/03 Negara'

2020-09-02 12:28:01 - [TEST_STEP][PASSED] - delay(3): Delayed 3 second(s)

2020-09-02 12:28:04 - [MESSAGE][PASSED] - Delayed 3 second(s)

2020-09-02 12:28:04 - [TEST_STEP][PASSED] - sendKeys(findTestObject("GoAmlReport/07 Entity/Account From/03 Negara"), Keys.chord(ENTER)): Keys 'ENTER + ' sent to object: 'Object Repository/GoAmlReport/07 Entity/Account From/03 Negara'

2020-09-02 12:28:05 - [MESSAGE][PASSED] - Keys 'ENTER + ' sent to object: 'Object Repository/GoAmlReport/07 Entity/Account From/03 Negara'

2020-09-02 12:28:05 - [TEST_STEP][PASSED] - setText(findTestObject("GoAmlReport/07 Entity/Account From/04 NPWP"), "123213123"): Text '123213123' is set on object 'Object Repository/GoAmlReport/07 Entity/Account From/04 NPWP'

2020-09-02 12:28:05 - [MESSAGE][PASSED] - Text '123213123' is set on object 'Object Repository/GoAmlReport/07 Entity/Account From/04 NPWP'

2020-09-02 12:28:05 - [TEST_STEP][PASSED] - scrollToElement(findTestObject("GoAmlReport/07 Entity/Account Tab From/01 Telepon/Tambah Telepon"), 3): Scroll to object 'Object Repository/GoAmlReport/07 Entity/Account Tab From/01 Telepon/Tambah Telepon' successfully

2020-09-02 12:28:06 - [MESSAGE][PASSED] - Scroll to object 'Object Repository/GoAmlReport/07 Entity/Account Tab From/01 Telepon/Tambah Telepon' successfully

2020-09-02 12:28:06 - [TEST_STEP][PASSED] - click(findTestObject("GoAmlReport/07 Entity/Account Tab From/01 Telepon/Tambah Telepon")): Object: 'Object Repository/GoAmlReport/07 Entity/Account Tab From/01 Telepon/Tambah Telepon' is clicked on

2020-09-02 12:28:07 - [MESSAGE][PASSED] - Object: 'Object Repository/GoAmlReport/07 Entity/Account Tab From/01 Telepon/Tambah Telepon' is clicked on

2020-09-02 12:28:07 - [TEST_STEP][PASSED] - delay(5): Delayed 5 second(s)

2020-09-02 12:28:12 - [MESSAGE][PASSED] - Delayed 5 second(s)

2020-09-02 12:28:12 - [TEST_STEP][PASSED] - setText(findTestObject("GoAmlReport/07 Entity/Account Tab From/01 Telepon/01 Kategori Kontak"), "D - Domisili"): Text 'D - Domisili' is set on object 'Object Repository/GoAmlReport/07 Entity/Account Tab From/01 Telepon/01 Kategori Kontak'

2020-09-02 12:28:12 - [MESSAGE][PASSED] - Text 'D - Domisili' is set on object 'Object Repository/GoAmlReport/07 Entity/Account Tab From/01 Telepon/01 Kategori Kontak'

2020-09-02 12:28:12 - [TEST_STEP][PASSED] - delay(3): Delayed 3 second(s)

2020-09-02 12:28:15 - [MESSAGE][PASSED] - Delayed 3 second(s)

2020-09-02 12:28:15 - [TEST_STEP][PASSED] - sendKeys(findTestObject("GoAmlReport/07 Entity/Account Tab From/01 Telepon/01 Kategori Kontak"), Keys.chord(ENTER)): Keys 'ENTER + ' sent to object: 'Object Repository/GoAmlReport/07 Entity/Account Tab From/01 Telepon/01 Kategori Kontak'

2020-09-02 12:28:16 - [MESSAGE][PASSED] - Keys 'ENTER + ' sent to object: 'Object Repository/GoAmlReport/07 Entity/Account Tab From/01 Telepon/01 Kategori Kontak'

2020-09-02 12:28:16 - [TEST_STEP][PASSED] - setText(findTestObject("GoAmlReport/07 Entity/Account Tab From/01 Telepon/02 Alat Komunikasi"), "PSTN - PSTN"): Text 'PSTN - PSTN' is set on object 'Object Repository/GoAmlReport/07 Entity/Account Tab From/01 Telepon/02 Alat Komunikasi'

2020-09-02 12:28:17 - [MESSAGE][PASSED] - Text 'PSTN - PSTN' is set on object 'Object Repository/GoAmlReport/07 Entity/Account Tab From/01 Telepon/02 Alat Komunikasi'

2020-09-02 12:28:17 - [TEST_STEP][PASSED] - delay(3): Delayed 3 second(s)

2020-09-02 12:28:20 - [MESSAGE][PASSED] - Delayed 3 second(s)

2020-09-02 12:28:20 - [TEST_STEP][PASSED] - sendKeys(findTestObject("GoAmlReport/07 Entity/Account Tab From/01 Telepon/02 Alat Komunikasi"), Keys.chord(ENTER)): Keys 'ENTER + ' sent to object: 'Object Repository/GoAmlReport/07 Entity/Account Tab From/01 Telepon/02 Alat Komunikasi'

2020-09-02 12:28:20 - [MESSAGE][PASSED] - Keys 'ENTER + ' sent to object: 'Object Repository/GoAmlReport/07 Entity/Account Tab From/01 Telepon/02 Alat Komunikasi'

2020-09-02 12:28:20 - [TEST_STEP][PASSED] - setText(findTestObject("GoAmlReport/07 Entity/Account Tab From/01 Telepon/03 No Telepon"), "0986745632"): Text '0986745632' is set on object 'Object Repository/GoAmlReport/07 Entity/Account Tab From/01 Telepon/03 No Telepon'

2020-09-02 12:28:21 - [MESSAGE][PASSED] - Text '0986745632' is set on object 'Object Repository/GoAmlReport/07 Entity/Account Tab From/01 Telepon/03 No Telepon'

2020-09-02 12:28:21 - [TEST_STEP][PASSED] - delay(2): Delayed 2 second(s)

2020-09-02 12:28:23 - [MESSAGE][PASSED] - Delayed 2 second(s)

2020-09-02 12:28:23 - [TEST_STEP][PASSED] - scrollToElement(findTestObject("GoAmlReport/07 Entity/Account Tab From/01 Telepon/Save"), 3): Scroll to object 'Object Repository/GoAmlReport/07 Entity/Account Tab From/01 Telepon/Save' successfully

2020-09-02 12:28:23 - [MESSAGE][PASSED] - Scroll to object 'Object Repository/GoAmlReport/07 Entity/Account Tab From/01 Telepon/Save' successfully

2020-09-02 12:28:23 - [TEST_STEP][PASSED] - click(findTestObject("GoAmlReport/07 Entity/Account Tab From/01 Telepon/Save"), STOP_ON_FAILURE): Object: 'Object Repository/GoAmlReport/07 Entity/Account Tab From/01 Telepon/Save' is clicked on

2020-09-02 12:28:24 - [MESSAGE][PASSED] - Object: 'Object Repository/GoAmlReport/07 Entity/Account Tab From/01 Telepon/Save' is clicked on

2020-09-02 12:28:24 - [TEST_STEP][PASSED] - delay(3): Delayed 3 second(s)

2020-09-02 12:28:27 - [MESSAGE][PASSED] - Delayed 3 second(s)

2020-09-02 12:28:27 - [TEST_STEP][PASSED] - scrollToElement(findTestObject("GoAmlReport/07 Entity/Account Tab From/02 Alamat/span_Tambah Alamat"), 3): Scroll to object 'Object Repository/GoAmlReport/07 Entity/Account Tab From/02 Alamat/span_Tambah Alamat' successfully

2020-09-02 12:28:27 - [MESSAGE][PASSED] - Scroll to object 'Object Repository/GoAmlReport/07 Entity/Account Tab From/02 Alamat/span_Tambah Alamat' successfully

2020-09-02 12:28:27 - [TEST_STEP][PASSED] - click(findTestObject("GoAmlReport/07 Entity/Account Tab From/02 Alamat/span_Tambah Alamat")): Object: 'Object Repository/GoAmlReport/07 Entity/Account Tab From/02 Alamat/span_Tambah Alamat' is clicked on

2020-09-02 12:28:28 - [MESSAGE][PASSED] - Object: 'Object Repository/GoAmlReport/07 Entity/Account Tab From/02 Alamat/span_Tambah Alamat' is clicked on

2020-09-02 12:28:28 - [TEST_STEP][PASSED] - delay(5): Delayed 5 second(s)

2020-09-02 12:28:33 - [MESSAGE][PASSED] - Delayed 5 second(s)

2020-09-02 12:28:33 - [TEST_STEP][PASSED] - setText(findTestObject("GoAmlReport/07 Entity/Account Tab From/02 Alamat/01 Type Alamat"), "D - Domisili"): Text 'D - Domisili' is set on object 'Object Repository/GoAmlReport/07 Entity/Account Tab From/02 Alamat/01 Type Alamat'

2020-09-02 12:28:33 - [MESSAGE][PASSED] - Text 'D - Domisili' is set on object 'Object Repository/GoAmlReport/07 Entity/Account Tab From/02 Alamat/01 Type Alamat'

2020-09-02 12:28:33 - [TEST_STEP][PASSED] - delay(5): Delayed 5 second(s)

2020-09-02 12:28:38 - [MESSAGE][PASSED] - Delayed 5 second(s)

2020-09-02 12:28:38 - [TEST_STEP][PASSED] - sendKeys(findTestObject("GoAmlReport/07 Entity/Account Tab From/02 Alamat/01 Type Alamat"), Keys.chord(ENTER)): Keys 'ENTER + ' sent to object: 'Object Repository/GoAmlReport/07 Entity/Account Tab From/02 Alamat/01 Type Alamat'

2020-09-02 12:28:39 - [MESSAGE][PASSED] - Keys 'ENTER + ' sent to object: 'Object Repository/GoAmlReport/07 Entity/Account Tab From/02 Alamat/01 Type Alamat'

2020-09-02 12:28:39 - [TEST_STEP][PASSED] - setText(findTestObject("GoAmlReport/07 Entity/Account Tab From/02 Alamat/02 Alamat"), "Jl. sdhjsadkjsnadklsandkjasd"): Text 'Jl. sdhjsadkjsnadklsandkjasd' is set on object 'Object Repository/GoAmlReport/07 Entity/Account Tab From/02 Alamat/02 Alamat'

2020-09-02 12:28:40 - [MESSAGE][PASSED] - Text 'Jl. sdhjsadkjsnadklsandkjasd' is set on object 'Object Repository/GoAmlReport/07 Entity/Account Tab From/02 Alamat/02 Alamat'

2020-09-02 12:28:40 - [TEST_STEP][PASSED] - setText(findTestObject("GoAmlReport/07 Entity/Account Tab From/02 Alamat/03 Kota"), "Jakarta"): Text 'Jakarta' is set on object 'Object Repository/GoAmlReport/07 Entity/Account Tab From/02 Alamat/03 Kota'

2020-09-02 12:28:40 - [MESSAGE][PASSED] - Text 'Jakarta' is set on object 'Object Repository/GoAmlReport/07 Entity/Account Tab From/02 Alamat/03 Kota'

2020-09-02 12:28:40 - [TEST_STEP][PASSED] - setText(findTestObject("GoAmlReport/07 Entity/Account Tab From/02 Alamat/03 Negara"), "ID - INDONESIA"): Text 'ID - INDONESIA' is set on object 'Object Repository/GoAmlReport/07 Entity/Account Tab From/02 Alamat/03 Negara'

2020-09-02 12:28:41 - [MESSAGE][PASSED] - Text 'ID - INDONESIA' is set on object 'Object Repository/GoAmlReport/07 Entity/Account Tab From/02 Alamat/03 Negara'

2020-09-02 12:28:41 - [TEST_STEP][PASSED] - delay(3): Delayed 3 second(s)

2020-09-02 12:28:44 - [MESSAGE][PASSED] - Delayed 3 second(s)

2020-09-02 12:28:44 - [TEST_STEP][PASSED] - sendKeys(findTestObject("GoAmlReport/07 Entity/Account Tab From/02 Alamat/03 Negara"), Keys.chord(ENTER)): Keys 'ENTER + ' sent to object: 'Object Repository/GoAmlReport/07 Entity/Account Tab From/02 Alamat/03 Negara'

2020-09-02 12:28:45 - [MESSAGE][PASSED] - Keys 'ENTER + ' sent to object: 'Object Repository/GoAmlReport/07 Entity/Account Tab From/02 Alamat/03 Negara'

2020-09-02 12:28:45 - [TEST_STEP][PASSED] - delay(2): Delayed 2 second(s)

2020-09-02 12:28:47 - [MESSAGE][PASSED] - Delayed 2 second(s)

2020-09-02 12:28:47 - [TEST_STEP][PASSED] - click(findTestObject("GoAmlReport/07 Entity/Account Tab From/02 Alamat/save")): Object: 'Object Repository/GoAmlReport/07 Entity/Account Tab From/02 Alamat/save' is clicked on

2020-09-02 12:28:47 - [MESSAGE][PASSED] - Object: 'Object Repository/GoAmlReport/07 Entity/Account Tab From/02 Alamat/save' is clicked on

2020-09-02 12:28:47 - [TEST_STEP][PASSED] - scrollToElement(findTestObject("GoAmlReport/07 Entity/Account Tab From/03 Director/00 Add"), 3): Scroll to object 'Object Repository/GoAmlReport/07 Entity/Account Tab From/03 Director/00 Add' successfully

2020-09-02 12:28:48 - [MESSAGE][PASSED] - Scroll to object 'Object Repository/GoAmlReport/07 Entity/Account Tab From/03 Director/00 Add' successfully

2020-09-02 12:28:48 - [TEST_STEP][PASSED] - click(findTestObject("GoAmlReport/07 Entity/Account Tab From/03 Director/00 Add")): Object: 'Object Repository/GoAmlReport/07 Entity/Account Tab From/03 Director/00 Add' is clicked on

2020-09-02 12:28:49 - [MESSAGE][PASSED] - Object: 'Object Repository/GoAmlReport/07 Entity/Account Tab From/03 Director/00 Add' is clicked on

2020-09-02 12:28:49 - [TEST_STEP][PASSED] - delay(5): Delayed 5 second(s)

2020-09-02 12:28:54 - [MESSAGE][PASSED] - Delayed 5 second(s)

2020-09-02 12:28:54 - [TEST_STEP][PASSED] - setText(findTestObject("GoAmlReport/07 Entity/Account Tab From/03 Director/01 Jenis Kelamin"), "F - Female"): Text 'F - Female' is set on object 'Object Repository/GoAmlReport/07 Entity/Account Tab From/03 Director/01 Jenis Kelamin'

2020-09-02 12:28:54 - [MESSAGE][PASSED] - Text 'F - Female' is set on object 'Object Repository/GoAmlReport/07 Entity/Account Tab From/03 Director/01 Jenis Kelamin'

2020-09-02 12:28:54 - [TEST_STEP][PASSED] - delay(2): Delayed 2 second(s)

2020-09-02 12:28:56 - [MESSAGE][PASSED] - Delayed 2 second(s)

2020-09-02 12:28:56 - [TEST_STEP][PASSED] - sendKeys(findTestObject("GoAmlReport/07 Entity/Account Tab From/03 Director/01 Jenis Kelamin"), Keys.chord(ENTER)): Keys 'ENTER + ' sent to object: 'Object Repository/GoAmlReport/07 Entity/Account Tab From/03 Director/01 Jenis Kelamin'

2020-09-02 12:28:57 - [MESSAGE][PASSED] - Keys 'ENTER + ' sent to object: 'Object Repository/GoAmlReport/07 Entity/Account Tab From/03 Director/01 Jenis Kelamin'

2020-09-02 12:28:57 - [TEST_STEP][PASSED] - setText(findTestObject("GoAmlReport/07 Entity/Account Tab From/03 Director/10 Tanggal Lahir"), "01-Aug-96"): Text '01-Aug-96' is set on object 'Object Repository/GoAmlReport/07 Entity/Account Tab From/03 Director/10 Tanggal Lahir'

2020-09-02 12:28:58 - [MESSAGE][PASSED] - Text '01-Aug-96' is set on object 'Object Repository/GoAmlReport/07 Entity/Account Tab From/03 Director/10 Tanggal Lahir'

2020-09-02 12:28:58 - [TEST_STEP][PASSED] - delay(5): Delayed 5 second(s)

2020-09-02 12:29:03 - [MESSAGE][PASSED] - Delayed 5 second(s)

2020-09-02 12:29:03 - [TEST_STEP][PASSED] - sendKeys(findTestObject("GoAmlReport/07 Entity/Account Tab From/03 Director/10 Tanggal Lahir"), Keys.chord(ENTER)): Keys 'ENTER + ' sent to object: 'Object Repository/GoAmlReport/07 Entity/Account Tab From/03 Director/10 Tanggal Lahir'

2020-09-02 12:29:03 - [MESSAGE][PASSED] - Keys 'ENTER + ' sent to object: 'Object Repository/GoAmlReport/07 Entity/Account Tab From/03 Director/10 Tanggal Lahir'

2020-09-02 12:29:03 - [TEST_STEP][PASSED] - setText(findTestObject("GoAmlReport/07 Entity/Account Tab From/03 Director/12 Tempat Lahir"), "Jakarta"): Text 'Jakarta' is set on object 'Object Repository/GoAmlReport/07 Entity/Account Tab From/03 Director/12 Tempat Lahir'

2020-09-02 12:29:04 - [MESSAGE][PASSED] - Text 'Jakarta' is set on object 'Object Repository/GoAmlReport/07 Entity/Account Tab From/03 Director/12 Tempat Lahir'

2020-09-02 12:29:04 - [TEST_STEP][PASSED] - delay(5): Delayed 5 second(s)

2020-09-02 12:29:09 - [MESSAGE][PASSED] - Delayed 5 second(s)

2020-09-02 12:29:09 - [TEST_STEP][PASSED] - sendKeys(findTestObject("GoAmlReport/07 Entity/Account Tab From/03 Director/01 Jenis Kelamin"), Keys.chord(ENTER)): Keys 'ENTER + ' sent to object: 'Object Repository/GoAmlReport/07 Entity/Account Tab From/03 Director/01 Jenis Kelamin'

2020-09-02 12:29:09 - [MESSAGE][PASSED] - Keys 'ENTER + ' sent to object: 'Object Repository/GoAmlReport/07 Entity/Account Tab From/03 Director/01 Jenis Kelamin'

2020-09-02 12:29:09 - [TEST_STEP][PASSED] - setText(findTestObject("GoAmlReport/07 Entity/Account Tab From/03 Director/02 Nama Lengkap"), "Aman "): Text 'Aman ' is set on object 'Object Repository/GoAmlReport/07 Entity/Account Tab From/03 Director/02 Nama Lengkap'

2020-09-02 12:29:10 - [MESSAGE][PASSED] - Text 'Aman ' is set on object 'Object Repository/GoAmlReport/07 Entity/Account Tab From/03 Director/02 Nama Lengkap'

2020-09-02 12:29:10 - [TEST_STEP][PASSED] - setText(findTestObject("GoAmlReport/07 Entity/Account Tab From/03 Director/04 Kewarganegaraan"), "indone"): Text 'indone' is set on object 'Object Repository/GoAmlReport/07 Entity/Account Tab From/03 Director/04 Kewarganegaraan'

2020-09-02 12:29:11 - [MESSAGE][PASSED] - Text 'indone' is set on object 'Object Repository/GoAmlReport/07 Entity/Account Tab From/03 Director/04 Kewarganegaraan'

2020-09-02 12:29:11 - [TEST_STEP][PASSED] - delay(5): Delayed 5 second(s)

2020-09-02 12:29:16 - [MESSAGE][PASSED] - Delayed 5 second(s)

2020-09-02 12:29:16 - [TEST_STEP][PASSED] - sendKeys(findTestObject("GoAmlReport/07 Entity/Account Tab From/03 Director/04 Kewarganegaraan"), Keys.chord(ENTER)): Keys 'ENTER + ' sent to object: 'Object Repository/GoAmlReport/07 Entity/Account Tab From/03 Director/04 Kewarganegaraan'

2020-09-02 12:29:16 - [MESSAGE][PASSED] - Keys 'ENTER + ' sent to object: 'Object Repository/GoAmlReport/07 Entity/Account Tab From/03 Director/04 Kewarganegaraan'

2020-09-02 12:29:16 - [TEST_STEP][PASSED] - setText(findTestObject("GoAmlReport/07 Entity/Account Tab From/03 Director/05 Negara Domisili"), "ID - INDONESIA"): Text 'ID - INDONESIA' is set on object 'Object Repository/GoAmlReport/07 Entity/Account Tab From/03 Director/05 Negara Domisili'

2020-09-02 12:29:17 - [MESSAGE][PASSED] - Text 'ID - INDONESIA' is set on object 'Object Repository/GoAmlReport/07 Entity/Account Tab From/03 Director/05 Negara Domisili'

2020-09-02 12:29:17 - [TEST_STEP][PASSED] - delay(3): Delayed 3 second(s)

2020-09-02 12:29:20 - [MESSAGE][PASSED] - Delayed 3 second(s)

2020-09-02 12:29:20 - [TEST_STEP][PASSED] - sendKeys(findTestObject("GoAmlReport/07 Entity/Account Tab From/03 Director/05 Negara Domisili"), Keys.chord(ENTER)): Keys 'ENTER + ' sent to object: 'Object Repository/GoAmlReport/07 Entity/Account Tab From/03 Director/05 Negara Domisili'

2020-09-02 12:29:20 - [MESSAGE][PASSED] - Keys 'ENTER + ' sent to object: 'Object Repository/GoAmlReport/07 Entity/Account Tab From/03 Director/05 Negara Domisili'

2020-09-02 12:29:20 - [TEST_STEP][PASSED] - setText(findTestObject("GoAmlReport/07 Entity/Account Tab From/03 Director/06 Pekerjaan"), "Kerja Serabutan"): Text 'Kerja Serabutan' is set on object 'Object Repository/GoAmlReport/07 Entity/Account Tab From/03 Director/06 Pekerjaan'

2020-09-02 12:29:21 - [MESSAGE][PASSED] - Text 'Kerja Serabutan' is set on object 'Object Repository/GoAmlReport/07 Entity/Account Tab From/03 Director/06 Pekerjaan'

2020-09-02 12:29:21 - [TEST_STEP][PASSED] - setText(findTestObject("GoAmlReport/07 Entity/Account Tab From/03 Director/07 Sumber Dana"), "Maling"): Text 'Maling' is set on object 'Object Repository/GoAmlReport/07 Entity/Account Tab From/03 Director/07 Sumber Dana'

2020-09-02 12:29:22 - [MESSAGE][PASSED] - Text 'Maling' is set on object 'Object Repository/GoAmlReport/07 Entity/Account Tab From/03 Director/07 Sumber Dana'

2020-09-02 12:29:22 - [TEST_STEP][PASSED] - setText(findTestObject("GoAmlReport/07 Entity/Account Tab From/03 Director/08 Peran"), "UBO - Ultimate Beneficial Owner"): Text 'UBO - Ultimate Beneficial Owner' is set on object 'Object Repository/GoAmlReport/07 Entity/Account Tab From/03 Director/08 Peran'

2020-09-02 12:29:23 - [MESSAGE][PASSED] - Text 'UBO - Ultimate Beneficial Owner' is set on object 'Object Repository/GoAmlReport/07 Entity/Account Tab From/03 Director/08 Peran'

2020-09-02 12:29:23 - [TEST_STEP][PASSED] - delay(2): Delayed 2 second(s)

2020-09-02 12:29:25 - [MESSAGE][PASSED] - Delayed 2 second(s)

2020-09-02 12:29:25 - [TEST_STEP][PASSED] - sendKeys(findTestObject("GoAmlReport/07 Entity/Account Tab From/03 Director/08 Peran"), Keys.chord(ENTER)): Keys 'ENTER + ' sent to object: 'Object Repository/GoAmlReport/07 Entity/Account Tab From/03 Director/08 Peran'

2020-09-02 12:29:26 - [MESSAGE][PASSED] - Keys 'ENTER + ' sent to object: 'Object Repository/GoAmlReport/07 Entity/Account Tab From/03 Director/08 Peran'

2020-09-02 12:29:26 - [TEST_STEP][PASSED] - click(findTestObject("GoAmlReport/07 Entity/Account Tab From/03 Director/09 Telepon/Tambah Telepon")): Object: 'Object Repository/GoAmlReport/07 Entity/Account Tab From/03 Director/09 Telepon/Tambah Telepon' is clicked on

2020-09-02 12:29:26 - [MESSAGE][PASSED] - Object: 'Object Repository/GoAmlReport/07 Entity/Account Tab From/03 Director/09 Telepon/Tambah Telepon' is clicked on

2020-09-02 12:29:26 - [TEST_STEP][PASSED] - scrollToElement(findTestObject("GoAmlReport/07 Entity/Account Tab From/03 Director/09 Telepon/01 Kategori Kontak"), 3): Scroll to object 'Object Repository/GoAmlReport/07 Entity/Account Tab From/03 Director/09 Telepon/01 Kategori Kontak' successfully

2020-09-02 12:29:28 - [MESSAGE][PASSED] - Scroll to object 'Object Repository/GoAmlReport/07 Entity/Account Tab From/03 Director/09 Telepon/01 Kategori Kontak' successfully

2020-09-02 12:29:28 - [TEST_STEP][PASSED] - setText(findTestObject("GoAmlReport/07 Entity/Account Tab From/03 Director/09 Telepon/01 Kategori Kontak"), "K - Kantor"): Text 'K - Kantor' is set on object 'Object Repository/GoAmlReport/07 Entity/Account Tab From/03 Director/09 Telepon/01 Kategori Kontak'

2020-09-02 12:29:29 - [MESSAGE][PASSED] - Text 'K - Kantor' is set on object 'Object Repository/GoAmlReport/07 Entity/Account Tab From/03 Director/09 Telepon/01 Kategori Kontak'

2020-09-02 12:29:29 - [TEST_STEP][PASSED] - delay(3): Delayed 3 second(s)

2020-09-02 12:29:32 - [MESSAGE][PASSED] - Delayed 3 second(s)

2020-09-02 12:29:32 - [TEST_STEP][PASSED] - sendKeys(findTestObject("GoAmlReport/07 Entity/Account Tab From/03 Director/09 Telepon/01 Kategori Kontak"), Keys.chord(ENTER)): Keys 'ENTER + ' sent to object: 'Object Repository/GoAmlReport/07 Entity/Account Tab From/03 Director/09 Telepon/01 Kategori Kontak'

2020-09-02 12:29:32 - [MESSAGE][PASSED] - Keys 'ENTER + ' sent to object: 'Object Repository/GoAmlReport/07 Entity/Account Tab From/03 Director/09 Telepon/01 Kategori Kontak'

2020-09-02 12:29:32 - [TEST_STEP][PASSED] - setText(findTestObject("GoAmlReport/07 Entity/Account Tab From/03 Director/09 Telepon/02 Alat Komunikasi"), "PSTN - PSTN"): Text 'PSTN - PSTN' is set on object 'Object Repository/GoAmlReport/07 Entity/Account Tab From/03 Director/09 Telepon/02 Alat Komunikasi'

2020-09-02 12:29:33 - [MESSAGE][PASSED] - Text 'PSTN - PSTN' is set on object 'Object Repository/GoAmlReport/07 Entity/Account Tab From/03 Director/09 Telepon/02 Alat Komunikasi'

2020-09-02 12:29:33 - [TEST_STEP][PASSED] - delay(3): Delayed 3 second(s)

2020-09-02 12:29:36 - [MESSAGE][PASSED] - Delayed 3 second(s)

2020-09-02 12:29:36 - [TEST_STEP][PASSED] - sendKeys(findTestObject("GoAmlReport/07 Entity/Account Tab From/03 Director/09 Telepon/02 Alat Komunikasi"), Keys.chord(ENTER)): Keys 'ENTER + ' sent to object: 'Object Repository/GoAmlReport/07 Entity/Account Tab From/03 Director/09 Telepon/02 Alat Komunikasi'

2020-09-02 12:29:37 - [MESSAGE][PASSED] - Keys 'ENTER + ' sent to object: 'Object Repository/GoAmlReport/07 Entity/Account Tab From/03 Director/09 Telepon/02 Alat Komunikasi'

2020-09-02 12:29:37 - [TEST_STEP][PASSED] - setText(findTestObject("GoAmlReport/07 Entity/Account Tab From/03 Director/09 Telepon/03 No Telepon"), "222222222"): Text '222222222' is set on object 'Object Repository/GoAmlReport/07 Entity/Account Tab From/03 Director/09 Telepon/03 No Telepon'

2020-09-02 12:29:37 - [MESSAGE][PASSED] - Text '222222222' is set on object 'Object Repository/GoAmlReport/07 Entity/Account Tab From/03 Director/09 Telepon/03 No Telepon'

2020-09-02 12:29:37 - [TEST_STEP][PASSED] - click(findTestObject("GoAmlReport/07 Entity/Account Tab From/03 Director/09 Telepon/Save"), STOP_ON_FAILURE): Object: 'Object Repository/GoAmlReport/07 Entity/Account Tab From/03 Director/09 Telepon/Save' is clicked on

2020-09-02 12:29:38 - [MESSAGE][PASSED] - Object: 'Object Repository/GoAmlReport/07 Entity/Account Tab From/03 Director/09 Telepon/Save' is clicked on

2020-09-02 12:29:38 - [TEST_STEP][PASSED] - delay(4): Delayed 4 second(s)

2020-09-02 12:29:42 - [MESSAGE][PASSED] - Delayed 4 second(s)

2020-09-02 12:29:42 - [TEST_STEP][PASSED] - scrollToElement(findTestObject("GoAmlReport/07 Entity/Account Tab From/03 Director/10 Alamat/span_Tambah Alamat"), 3): Scroll to object 'Object Repository/GoAmlReport/07 Entity/Account Tab From/03 Director/10 Alamat/span_Tambah Alamat' successfully

2020-09-02 12:29:42 - [MESSAGE][PASSED] - Scroll to object 'Object Repository/GoAmlReport/07 Entity/Account Tab From/03 Director/10 Alamat/span_Tambah Alamat' successfully

2020-09-02 12:29:42 - [TEST_STEP][PASSED] - click(findTestObject("GoAmlReport/07 Entity/Account Tab From/03 Director/10 Alamat/span_Tambah Alamat")): Object: 'Object Repository/GoAmlReport/07 Entity/Account Tab From/03 Director/10 Alamat/span_Tambah Alamat' is clicked on

2020-09-02 12:29:43 - [MESSAGE][PASSED] - Object: 'Object Repository/GoAmlReport/07 Entity/Account Tab From/03 Director/10 Alamat/span_Tambah Alamat' is clicked on

2020-09-02 12:29:43 - [TEST_STEP][PASSED] - delay(3): Delayed 3 second(s)

2020-09-02 12:29:46 - [MESSAGE][PASSED] - Delayed 3 second(s)

2020-09-02 12:29:46 - [TEST_STEP][PASSED] - setText(findTestObject("GoAmlReport/07 Entity/Account Tab From/03 Director/10 Alamat/01 Type Alamat"), "R - Rumah"): Text 'R - Rumah' is set on object 'Object Repository/GoAmlReport/07 Entity/Account Tab From/03 Director/10 Alamat/01 Type Alamat'

2020-09-02 12:29:46 - [MESSAGE][PASSED] - Text 'R - Rumah' is set on object 'Object Repository/GoAmlReport/07 Entity/Account Tab From/03 Director/10 Alamat/01 Type Alamat'

2020-09-02 12:29:46 - [TEST_STEP][PASSED] - delay(3): Delayed 3 second(s)

2020-09-02 12:29:49 - [MESSAGE][PASSED] - Delayed 3 second(s)

2020-09-02 12:29:49 - [TEST_STEP][PASSED] - sendKeys(findTestObject("GoAmlReport/07 Entity/Account Tab From/03 Director/10 Alamat/01 Type Alamat"), Keys.chord(ENTER)): Keys 'ENTER + ' sent to object: 'Object Repository/GoAmlReport/07 Entity/Account Tab From/03 Director/10 Alamat/01 Type Alamat'

2020-09-02 12:29:50 - [MESSAGE][PASSED] - Keys 'ENTER + ' sent to object: 'Object Repository/GoAmlReport/07 Entity/Account Tab From/03 Director/10 Alamat/01 Type Alamat'

2020-09-02 12:29:50 - [TEST_STEP][PASSED] - setText(findTestObject("GoAmlReport/07 Entity/Account Tab From/03 Director/10 Alamat/02 Alamat"), "Jl Jalan Jln"): Text 'Jl Jalan Jln' is set on object 'Object Repository/GoAmlReport/07 Entity/Account Tab From/03 Director/10 Alamat/02 Alamat'

2020-09-02 12:29:51 - [MESSAGE][PASSED] - Text 'Jl Jalan Jln' is set on object 'Object Repository/GoAmlReport/07 Entity/Account Tab From/03 Director/10 Alamat/02 Alamat'

2020-09-02 12:29:51 - [TEST_STEP][PASSED] - setText(findTestObject("GoAmlReport/07 Entity/Account Tab From/03 Director/10 Alamat/03 Kota"), "Jakarte"): Text 'Jakarte' is set on object 'Object Repository/GoAmlReport/07 Entity/Account Tab From/03 Director/10 Alamat/03 Kota'

2020-09-02 12:29:51 - [MESSAGE][PASSED] - Text 'Jakarte' is set on object 'Object Repository/GoAmlReport/07 Entity/Account Tab From/03 Director/10 Alamat/03 Kota'

2020-09-02 12:29:51 - [TEST_STEP][PASSED] - setText(findTestObject("GoAmlReport/07 Entity/Account Tab From/03 Director/10 Alamat/03 Negara"), "Indonesi"): Text 'Indonesi' is set on object 'Object Repository/GoAmlReport/07 Entity/Account Tab From/03 Director/10 Alamat/03 Negara'

2020-09-02 12:29:52 - [MESSAGE][PASSED] - Text 'Indonesi' is set on object 'Object Repository/GoAmlReport/07 Entity/Account Tab From/03 Director/10 Alamat/03 Negara'

2020-09-02 12:29:52 - [TEST_STEP][PASSED] - delay(3): Delayed 3 second(s)

2020-09-02 12:29:55 - [MESSAGE][PASSED] - Delayed 3 second(s)

2020-09-02 12:29:55 - [TEST_STEP][PASSED] - sendKeys(findTestObject("GoAmlReport/07 Entity/Account Tab From/03 Director/10 Alamat/03 Negara"), Keys.chord(ENTER)): Keys 'ENTER + ' sent to object: 'Object Repository/GoAmlReport/07 Entity/Account Tab From/03 Director/10 Alamat/03 Negara'

2020-09-02 12:29:56 - [MESSAGE][PASSED] - Keys 'ENTER + ' sent to object: 'Object Repository/GoAmlReport/07 Entity/Account Tab From/03 Director/10 Alamat/03 Negara'

2020-09-02 12:29:56 - [TEST_STEP][PASSED] - click(findTestObject("GoAmlReport/07 Entity/Account Tab From/03 Director/10 Alamat/save"), STOP_ON_FAILURE): Object: 'Object Repository/GoAmlReport/07 Entity/Account Tab From/03 Director/10 Alamat/save' is clicked on

2020-09-02 12:29:56 - [MESSAGE][PASSED] - Object: 'Object Repository/GoAmlReport/07 Entity/Account Tab From/03 Director/10 Alamat/save' is clicked on

2020-09-02 12:29:56 - [TEST_STEP][PASSED] - scrollToElement(findTestObject("GoAmlReport/07 Entity/Account Tab From/03 Director/11 Dokumen Identitas/Tambah Dokumen Identitas"), 3): Scroll to object 'Object Repository/GoAmlReport/07 Entity/Account Tab From/03 Director/11 Dokumen Identitas/Tambah Dokumen Identitas' successfully

2020-09-02 12:29:57 - [MESSAGE][PASSED] - Scroll to object 'Object Repository/GoAmlReport/07 Entity/Account Tab From/03 Director/11 Dokumen Identitas/Tambah Dokumen Identitas' successfully

2020-09-02 12:29:57 - [TEST_STEP][PASSED] - click(findTestObject("GoAmlReport/07 Entity/Account Tab From/03 Director/11 Dokumen Identitas/Tambah Dokumen Identitas")): Object: 'Object Repository/GoAmlReport/07 Entity/Account Tab From/03 Director/11 Dokumen Identitas/Tambah Dokumen Identitas' is clicked on

2020-09-02 12:29:58 - [MESSAGE][PASSED] - Object: 'Object Repository/GoAmlReport/07 Entity/Account Tab From/03 Director/11 Dokumen Identitas/Tambah Dokumen Identitas' is clicked on

2020-09-02 12:29:58 - [TEST_STEP][PASSED] - delay(3): Delayed 3 second(s)

2020-09-02 12:30:01 - [MESSAGE][PASSED] - Delayed 3 second(s)

2020-09-02 12:30:01 - [TEST_STEP][PASSED] - setText(findTestObject("GoAmlReport/07 Entity/Account Tab From/03 Director/11 Dokumen Identitas/01 Jenis Dokumen Identitas"), "SUKET - Surat Keterangan Kependudukan"): Text 'SUKET - Surat Keterangan Kependudukan' is set on object 'Object Repository/GoAmlReport/07 Entity/Account Tab From/03 Director/11 Dokumen Identitas/01 Jenis Dokumen Identitas'

2020-09-02 12:30:02 - [MESSAGE][PASSED] - Text 'SUKET - Surat Keterangan Kependudukan' is set on object 'Object Repository/GoAmlReport/07 Entity/Account Tab From/03 Director/11 Dokumen Identitas/01 Jenis Dokumen Identitas'

2020-09-02 12:30:02 - [TEST_STEP][PASSED] - delay(3): Delayed 3 second(s)

2020-09-02 12:30:05 - [MESSAGE][PASSED] - Delayed 3 second(s)

2020-09-02 12:30:05 - [TEST_STEP][PASSED] - sendKeys(findTestObject("GoAmlReport/07 Entity/Account Tab From/03 Director/11 Dokumen Identitas/01 Jenis Dokumen Identitas"), Keys.chord(ENTER)): Keys 'ENTER + ' sent to object: 'Object Repository/GoAmlReport/07 Entity/Account Tab From/03 Director/11 Dokumen Identitas/01 Jenis Dokumen Identitas'

2020-09-02 12:30:06 - [MESSAGE][PASSED] - Keys 'ENTER + ' sent to object: 'Object Repository/GoAmlReport/07 Entity/Account Tab From/03 Director/11 Dokumen Identitas/01 Jenis Dokumen Identitas'

2020-09-02 12:30:06 - [TEST_STEP][PASSED] - setText(findTestObject("GoAmlReport/07 Entity/Account Tab From/03 Director/11 Dokumen Identitas/02 No Identitas"), "12321444"): Text '12321444' is set on object 'Object Repository/GoAmlReport/07 Entity/Account Tab From/03 Director/11 Dokumen Identitas/02 No Identitas'

2020-09-02 12:30:06 - [MESSAGE][PASSED] - Text '12321444' is set on object 'Object Repository/GoAmlReport/07 Entity/Account Tab From/03 Director/11 Dokumen Identitas/02 No Identitas'

2020-09-02 12:30:06 - [TEST_STEP][PASSED] - setText(findTestObject("GoAmlReport/07 Entity/Account Tab From/03 Director/11 Dokumen Identitas/03 Negara Penerbit"), "ID - INDONESIA"): Text 'ID - INDONESIA' is set on object 'Object Repository/GoAmlReport/07 Entity/Account Tab From/03 Director/11 Dokumen Identitas/03 Negara Penerbit'

2020-09-02 12:30:07 - [MESSAGE][PASSED] - Text 'ID - INDONESIA' is set on object 'Object Repository/GoAmlReport/07 Entity/Account Tab From/03 Director/11 Dokumen Identitas/03 Negara Penerbit'

2020-09-02 12:30:07 - [TEST_STEP][PASSED] - delay(3): Delayed 3 second(s)

2020-09-02 12:30:10 - [MESSAGE][PASSED] - Delayed 3 second(s)

2020-09-02 12:30:10 - [TEST_STEP][PASSED] - sendKeys(findTestObject("GoAmlReport/07 Entity/Account Tab From/03 Director/11 Dokumen Identitas/03 Negara Penerbit"), Keys.chord(ENTER)): Keys 'ENTER + ' sent to object: 'Object Repository/GoAmlReport/07 Entity/Account Tab From/03 Director/11 Dokumen Identitas/03 Negara Penerbit'

2020-09-02 12:30:11 - [MESSAGE][PASSED] - Keys 'ENTER + ' sent to object: 'Object Repository/GoAmlReport/07 Entity/Account Tab From/03 Director/11 Dokumen Identitas/03 Negara Penerbit'

2020-09-02 12:30:11 - [TEST_STEP][PASSED] - click(findTestObject("GoAmlReport/07 Entity/Account Tab From/03 Director/11 Dokumen Identitas/Save")): Object: 'Object Repository/GoAmlReport/07 Entity/Account Tab From/03 Director/11 Dokumen Identitas/Save' is clicked on

2020-09-02 12:30:11 - [MESSAGE][PASSED] - Object: 'Object Repository/GoAmlReport/07 Entity/Account Tab From/03 Director/11 Dokumen Identitas/Save' is clicked on

2020-09-02 12:30:11 - [TEST_STEP][PASSED] - click(findTestObject("GoAmlReport/07 Entity/Account Tab From/03 Director/99 Save")): Object: 'Object Repository/GoAmlReport/07 Entity/Account Tab From/03 Director/99 Save' is clicked on

2020-09-02 12:30:12 - [MESSAGE][PASSED] - Object: 'Object Repository/GoAmlReport/07 Entity/Account Tab From/03 Director/99 Save' is clicked on

2020-09-02 12:30:12 - [TEST_STEP][PASSED] - delay(2): Delayed 2 second(s)

2020-09-02 12:30:14 - [MESSAGE][PASSED] - Delayed 2 second(s)

2020-09-02 12:30:15 - [MESSAGE][PASSED] - Call Test Case 'Test Cases/GoAML Report 4' successfully

2020-09-02 12:30:15 - [TEST_STEP][PASSED] - callTestCase(findTestCase("GoAML Report 5"), [:], STOP_ON_FAILURE): Call Test Case 'Test Cases/GoAML Report 5' successfully

2020-09-02 12:30:15 - [TEST_CASE][PASSED] - Test Cases/GoAML Report 5: Test Cases/GoAML Report 5

2020-09-02 12:30:15 - [TEST_STEP][PASSED] - for ([rowNum = 1, rowNum <= findTestData("GoAMLReport/Transaksi").getRowNumbers(), (rowNum++)]): Delayed 2 second(s)

2020-09-02 12:30:15 - [TEST_STEP][PASSED] - delay(6): Delayed 6 second(s)

2020-09-02 12:30:21 - [MESSAGE][PASSED] - Delayed 6 second(s)

2020-09-02 12:30:21 - [TEST_STEP][PASSED] - if (findTestData("GoAMLReport/Transaksi").getValue(1, rowNum) == "true"): Keys 'ENTER + ' sent to object: 'Object Repository/GoAmlReport/04 Identitas Penerima/07 Negara Trx Tujuan'

2020-09-02 12:30:21 - [TEST_STEP][PASSED] - if (findTestData("GoAMLReport/Transaksi").getValue(9, rowNum) == "true"): null

2020-09-02 12:30:21 - [TEST_STEP][PASSED] - if (findTestData("GoAMLReport/Transaksi").getValue(10, rowNum) == "uang tunai"): Keys 'ENTER + ' sent to object: 'Object Repository/GoAmlReport/04 Identitas Penerima/02 Ins Trx Tujuan'

2020-09-02 12:30:21 - [TEST_STEP][PASSED] - scrollToElement(findTestObject("GoAmlReport/04 Identitas Penerima/02 Ins Trx Tujuan"), 3): Scroll to object 'Object Repository/GoAmlReport/04 Identitas Penerima/02 Ins Trx Tujuan' successfully

2020-09-02 12:30:21 - [MESSAGE][PASSED] - Scroll to object 'Object Repository/GoAmlReport/04 Identitas Penerima/02 Ins Trx Tujuan' successfully

2020-09-02 12:30:21 - [TEST_STEP][PASSED] - setText(findTestObject("GoAmlReport/04 Identitas Penerima/02 Ins Trx Tujuan"), "Uang Tunai"): Text 'Uang Tunai' is set on object 'Object Repository/GoAmlReport/04 Identitas Penerima/02 Ins Trx Tujuan'

2020-09-02 12:30:22 - [MESSAGE][PASSED] - Text 'Uang Tunai' is set on object 'Object Repository/GoAmlReport/04 Identitas Penerima/02 Ins Trx Tujuan'

2020-09-02 12:30:22 - [TEST_STEP][PASSED] - delay(3): Delayed 3 second(s)

2020-09-02 12:30:25 - [MESSAGE][PASSED] - Delayed 3 second(s)

2020-09-02 12:30:25 - [TEST_STEP][PASSED] - sendKeys(findTestObject("GoAmlReport/04 Identitas Penerima/02 Ins Trx Tujuan"), Keys.chord(ENTER)): Keys 'ENTER + ' sent to object: 'Object Repository/GoAmlReport/04 Identitas Penerima/02 Ins Trx Tujuan'

2020-09-02 12:30:25 - [MESSAGE][PASSED] - Keys 'ENTER + ' sent to object: 'Object Repository/GoAmlReport/04 Identitas Penerima/02 Ins Trx Tujuan'

2020-09-02 12:30:25 - [TEST_STEP][PASSED] - if (findTestData("GoAMLReport/Transaksi").getValue(10, rowNum) == "rekening"): null

2020-09-02 12:30:25 - [TEST_STEP][PASSED] - scrollToElement(findTestObject("GoAmlReport/04 Identitas Penerima/05 Nominal Valas"), 3): Scroll to object 'Object Repository/GoAmlReport/04 Identitas Penerima/05 Nominal Valas' successfully

2020-09-02 12:30:26 - [MESSAGE][PASSED] - Scroll to object 'Object Repository/GoAmlReport/04 Identitas Penerima/05 Nominal Valas' successfully

2020-09-02 12:30:26 - [TEST_STEP][PASSED] - setText(findTestObject("GoAmlReport/04 Identitas Penerima/05 Nominal Valas"), "500000"): Text '500000' is set on object 'Object Repository/GoAmlReport/04 Identitas Penerima/05 Nominal Valas'

2020-09-02 12:30:27 - [MESSAGE][PASSED] - Text '500000' is set on object 'Object Repository/GoAmlReport/04 Identitas Penerima/05 Nominal Valas'

2020-09-02 12:30:27 - [TEST_STEP][PASSED] - scrollToElement(findTestObject("GoAmlReport/04 Identitas Penerima/06 Kurs"), 3): Scroll to object 'Object Repository/GoAmlReport/04 Identitas Penerima/06 Kurs' successfully

2020-09-02 12:30:27 - [MESSAGE][PASSED] - Scroll to object 'Object Repository/GoAmlReport/04 Identitas Penerima/06 Kurs' successfully

2020-09-02 12:30:27 - [TEST_STEP][PASSED] - setText(findTestObject("GoAmlReport/04 Identitas Penerima/06 Kurs"), "nope"): Text 'nope' is set on object 'Object Repository/GoAmlReport/04 Identitas Penerima/06 Kurs'

2020-09-02 12:30:27 - [MESSAGE][PASSED] - Text 'nope' is set on object 'Object Repository/GoAmlReport/04 Identitas Penerima/06 Kurs'

2020-09-02 12:30:27 - [TEST_STEP][PASSED] - setText(findTestObject("GoAmlReport/04 Identitas Penerima/999 Mata Uang Tujuan"), "TWD - Taiwan Dollar"): Text 'TWD - Taiwan Dollar' is set on object 'Object Repository/GoAmlReport/04 Identitas Penerima/999 Mata Uang Tujuan'

2020-09-02 12:30:29 - [MESSAGE][PASSED] - Text 'TWD - Taiwan Dollar' is set on object 'Object Repository/GoAmlReport/04 Identitas Penerima/999 Mata Uang Tujuan'

2020-09-02 12:30:29 - [TEST_STEP][PASSED] - delay(3): Delayed 3 second(s)

2020-09-02 12:30:32 - [MESSAGE][PASSED] - Delayed 3 second(s)

2020-09-02 12:30:32 - [TEST_STEP][PASSED] - sendKeys(findTestObject("GoAmlReport/04 Identitas Penerima/999 Mata Uang Tujuan"), Keys.chord(ENTER)): Keys 'ENTER + ' sent to object: 'Object Repository/GoAmlReport/04 Identitas Penerima/999 Mata Uang Tujuan'

2020-09-02 12:30:32 - [MESSAGE][PASSED] - Keys 'ENTER + ' sent to object: 'Object Repository/GoAmlReport/04 Identitas Penerima/999 Mata Uang Tujuan'

2020-09-02 12:30:32 - [TEST_STEP][PASSED] - scrollToElement(findTestObject("GoAmlReport/04 Identitas Penerima/07 Negara Trx Tujuan"), 3): Scroll to object 'Object Repository/GoAmlReport/04 Identitas Penerima/07 Negara Trx Tujuan' successfully

2020-09-02 12:30:33 - [MESSAGE][PASSED] - Scroll to object 'Object Repository/GoAmlReport/04 Identitas Penerima/07 Negara Trx Tujuan' successfully

2020-09-02 12:30:33 - [TEST_STEP][PASSED] - setText(findTestObject("GoAmlReport/04 Identitas Penerima/07 Negara Trx Tujuan"), "ital"): Text 'ital' is set on object 'Object Repository/GoAmlReport/04 Identitas Penerima/07 Negara Trx Tujuan'

2020-09-02 12:30:33 - [MESSAGE][PASSED] - Text 'ital' is set on object 'Object Repository/GoAmlReport/04 Identitas Penerima/07 Negara Trx Tujuan'

2020-09-02 12:30:33 - [TEST_STEP][PASSED] - delay(3): Delayed 3 second(s)

2020-09-02 12:30:36 - [MESSAGE][PASSED] - Delayed 3 second(s)

2020-09-02 12:30:36 - [TEST_STEP][PASSED] - sendKeys(findTestObject("GoAmlReport/04 Identitas Penerima/07 Negara Trx Tujuan"), Keys.chord(ENTER)): Keys 'ENTER + ' sent to object: 'Object Repository/GoAmlReport/04 Identitas Penerima/07 Negara Trx Tujuan'

2020-09-02 12:30:37 - [MESSAGE][PASSED] - Keys 'ENTER + ' sent to object: 'Object Repository/GoAmlReport/04 Identitas Penerima/07 Negara Trx Tujuan'

2020-09-02 12:30:37 - [TEST_STEP][PASSED] - if (findTestData("GoAMLReport/Transaksi").getValue(11, rowNum) == "account"): null

2020-09-02 12:30:37 - [TEST_STEP][PASSED] - if (findTestData("GoAMLReport/Transaksi").getValue(11, rowNum) == "person"): null

2020-09-02 12:30:37 - [TEST_STEP][PASSED] - if (findTestData("GoAMLReport/Transaksi").getValue(11, rowNum) == "entity"): Delayed 2 second(s)

2020-09-02 12:30:37 - [TEST_STEP][PASSED] - setText(findTestObject("GoAmlReport/04 Identitas Penerima/08 Informasi Penerima"), findTestData("GoAMLReport/Transaksi").getValue(11, rowNum)): Text 'entity' is set on object 'Object Repository/GoAmlReport/04 Identitas Penerima/08 Informasi Penerima'

2020-09-02 12:30:37 - [MESSAGE][PASSED] - Text 'entity' is set on object 'Object Repository/GoAmlReport/04 Identitas Penerima/08 Informasi Penerima'

2020-09-02 12:30:37 - [TEST_STEP][PASSED] - delay(8): Delayed 8 second(s)

2020-09-02 12:30:45 - [MESSAGE][PASSED] - Delayed 8 second(s)

2020-09-02 12:30:45 - [TEST_STEP][PASSED] - sendKeys(findTestObject("GoAmlReport/04 Identitas Penerima/08 Informasi Penerima"), Keys.chord(ENTER)): Keys 'ENTER + ' sent to object: 'Object Repository/GoAmlReport/04 Identitas Penerima/08 Informasi Penerima'

2020-09-02 12:30:46 - [MESSAGE][PASSED] - Keys 'ENTER + ' sent to object: 'Object Repository/GoAmlReport/04 Identitas Penerima/08 Informasi Penerima'

2020-09-02 12:30:46 - [TEST_STEP][PASSED] - delay(5): Delayed 5 second(s)

2020-09-02 12:30:51 - [MESSAGE][PASSED] - Delayed 5 second(s)

2020-09-02 12:30:51 - [TEST_STEP][PASSED] - setText(findTestObject("GoAmlReport/07 Entity/Account To/01 Nama Korporasi"), "Simpan Pinjam"): Text 'Simpan Pinjam' is set on object 'Object Repository/GoAmlReport/07 Entity/Account To/01 Nama Korporasi'

2020-09-02 12:30:52 - [MESSAGE][PASSED] - Text 'Simpan Pinjam' is set on object 'Object Repository/GoAmlReport/07 Entity/Account To/01 Nama Korporasi'

2020-09-02 12:30:52 - [TEST_STEP][PASSED] - setText(findTestObject("GoAmlReport/07 Entity/Account To/02 Bentuk Korporasi"), "PD - Perusahaan Daerah"): Text 'PD - Perusahaan Daerah' is set on object 'Object Repository/GoAmlReport/07 Entity/Account To/02 Bentuk Korporasi'

2020-09-02 12:30:53 - [MESSAGE][PASSED] - Text 'PD - Perusahaan Daerah' is set on object 'Object Repository/GoAmlReport/07 Entity/Account To/02 Bentuk Korporasi'

2020-09-02 12:30:53 - [TEST_STEP][PASSED] - delay(3): Delayed 3 second(s)

2020-09-02 12:30:56 - [MESSAGE][PASSED] - Delayed 3 second(s)

2020-09-02 12:30:56 - [TEST_STEP][PASSED] - sendKeys(findTestObject("GoAmlReport/07 Entity/Account To/02 Bentuk Korporasi"), Keys.chord(ENTER)): Keys 'ENTER + ' sent to object: 'Object Repository/GoAmlReport/07 Entity/Account To/02 Bentuk Korporasi'

2020-09-02 12:30:56 - [MESSAGE][PASSED] - Keys 'ENTER + ' sent to object: 'Object Repository/GoAmlReport/07 Entity/Account To/02 Bentuk Korporasi'

2020-09-02 12:30:56 - [TEST_STEP][PASSED] - setText(findTestObject("GoAmlReport/07 Entity/Account To/03 Bidang Usaha"), "Rentenir"): Text 'Rentenir' is set on object 'Object Repository/GoAmlReport/07 Entity/Account To/03 Bidang Usaha'

2020-09-02 12:30:57 - [MESSAGE][PASSED] - Text 'Rentenir' is set on object 'Object Repository/GoAmlReport/07 Entity/Account To/03 Bidang Usaha'

2020-09-02 12:30:57 - [TEST_STEP][PASSED] - delay(3): Delayed 3 second(s)

2020-09-02 12:31:00 - [MESSAGE][PASSED] - Delayed 3 second(s)

2020-09-02 12:31:00 - [TEST_STEP][PASSED] - sendKeys(findTestObject("GoAmlReport/07 Entity/Account To/03 Negara"), Keys.chord(ENTER)): Keys 'ENTER + ' sent to object: 'Object Repository/GoAmlReport/07 Entity/Account To/03 Negara'

2020-09-02 12:31:01 - [MESSAGE][PASSED] - Keys 'ENTER + ' sent to object: 'Object Repository/GoAmlReport/07 Entity/Account To/03 Negara'

2020-09-02 12:31:01 - [TEST_STEP][PASSED] - delay(3): Delayed 3 second(s)

2020-09-02 12:31:04 - [MESSAGE][PASSED] - Delayed 3 second(s)

2020-09-02 12:31:04 - [TEST_STEP][PASSED] - setText(findTestObject("GoAmlReport/07 Entity/Account To/03 Negara"), "indone"): Text 'indone' is set on object 'Object Repository/GoAmlReport/07 Entity/Account To/03 Negara'

2020-09-02 12:31:04 - [MESSAGE][PASSED] - Text 'indone' is set on object 'Object Repository/GoAmlReport/07 Entity/Account To/03 Negara'

2020-09-02 12:31:04 - [TEST_STEP][PASSED] - delay(3): Delayed 3 second(s)

2020-09-02 12:31:07 - [MESSAGE][PASSED] - Delayed 3 second(s)

2020-09-02 12:31:07 - [TEST_STEP][PASSED] - sendKeys(findTestObject("GoAmlReport/07 Entity/Account To/03 Negara"), Keys.chord(ENTER)): Keys 'ENTER + ' sent to object: 'Object Repository/GoAmlReport/07 Entity/Account To/03 Negara'

2020-09-02 12:31:08 - [MESSAGE][PASSED] - Keys 'ENTER + ' sent to object: 'Object Repository/GoAmlReport/07 Entity/Account To/03 Negara'

2020-09-02 12:31:08 - [TEST_STEP][PASSED] - setText(findTestObject("GoAmlReport/07 Entity/Account To/04 NPWP"), "123213123"): Text '123213123' is set on object 'Object Repository/GoAmlReport/07 Entity/Account To/04 NPWP'

2020-09-02 12:31:09 - [MESSAGE][PASSED] - Text '123213123' is set on object 'Object Repository/GoAmlReport/07 Entity/Account To/04 NPWP'

2020-09-02 12:31:09 - [TEST_STEP][PASSED] - scrollToElement(findTestObject("GoAmlReport/07 Entity/Account Tab To/01 Telepon/Tambah Telepon"), 3): Scroll to object 'Object Repository/GoAmlReport/07 Entity/Account Tab To/01 Telepon/Tambah Telepon' successfully

2020-09-02 12:31:10 - [MESSAGE][PASSED] - Scroll to object 'Object Repository/GoAmlReport/07 Entity/Account Tab To/01 Telepon/Tambah Telepon' successfully

2020-09-02 12:31:10 - [TEST_STEP][PASSED] - click(findTestObject("GoAmlReport/07 Entity/Account Tab To/01 Telepon/Tambah Telepon")): Object: 'Object Repository/GoAmlReport/07 Entity/Account Tab To/01 Telepon/Tambah Telepon' is clicked on

2020-09-02 12:31:10 - [MESSAGE][PASSED] - Object: 'Object Repository/GoAmlReport/07 Entity/Account Tab To/01 Telepon/Tambah Telepon' is clicked on

2020-09-02 12:31:10 - [TEST_STEP][PASSED] - delay(5): Delayed 5 second(s)

2020-09-02 12:31:15 - [MESSAGE][PASSED] - Delayed 5 second(s)

2020-09-02 12:31:15 - [TEST_STEP][PASSED] - setText(findTestObject("GoAmlReport/07 Entity/Account Tab To/01 Telepon/01 Kategori Kontak"), "D - Domisili"): Text 'D - Domisili' is set on object 'Object Repository/GoAmlReport/07 Entity/Account Tab To/01 Telepon/01 Kategori Kontak'

2020-09-02 12:31:16 - [MESSAGE][PASSED] - Text 'D - Domisili' is set on object 'Object Repository/GoAmlReport/07 Entity/Account Tab To/01 Telepon/01 Kategori Kontak'

2020-09-02 12:31:16 - [TEST_STEP][PASSED] - delay(3): Delayed 3 second(s)

2020-09-02 12:31:19 - [MESSAGE][PASSED] - Delayed 3 second(s)

2020-09-02 12:31:19 - [TEST_STEP][PASSED] - sendKeys(findTestObject("GoAmlReport/07 Entity/Account Tab To/01 Telepon/01 Kategori Kontak"), Keys.chord(ENTER)): Keys 'ENTER + ' sent to object: 'Object Repository/GoAmlReport/07 Entity/Account Tab To/01 Telepon/01 Kategori Kontak'

2020-09-02 12:31:20 - [MESSAGE][PASSED] - Keys 'ENTER + ' sent to object: 'Object Repository/GoAmlReport/07 Entity/Account Tab To/01 Telepon/01 Kategori Kontak'

2020-09-02 12:31:20 - [TEST_STEP][PASSED] - setText(findTestObject("GoAmlReport/07 Entity/Account Tab To/01 Telepon/02 Alat Komunikasi"), "PSTN - PSTN"): Text 'PSTN - PSTN' is set on object 'Object Repository/GoAmlReport/07 Entity/Account Tab To/01 Telepon/02 Alat Komunikasi'

2020-09-02 12:31:20 - [MESSAGE][PASSED] - Text 'PSTN - PSTN' is set on object 'Object Repository/GoAmlReport/07 Entity/Account Tab To/01 Telepon/02 Alat Komunikasi'

2020-09-02 12:31:20 - [TEST_STEP][PASSED] - delay(3): Delayed 3 second(s)

2020-09-02 12:31:23 - [MESSAGE][PASSED] - Delayed 3 second(s)

2020-09-02 12:31:23 - [TEST_STEP][PASSED] - sendKeys(findTestObject("GoAmlReport/07 Entity/Account Tab To/01 Telepon/02 Alat Komunikasi"), Keys.chord(ENTER)): Keys 'ENTER + ' sent to object: 'Object Repository/GoAmlReport/07 Entity/Account Tab To/01 Telepon/02 Alat Komunikasi'

2020-09-02 12:31:24 - [MESSAGE][PASSED] - Keys 'ENTER + ' sent to object: 'Object Repository/GoAmlReport/07 Entity/Account Tab To/01 Telepon/02 Alat Komunikasi'

2020-09-02 12:31:24 - [TEST_STEP][PASSED] - setText(findTestObject("GoAmlReport/07 Entity/Account Tab To/01 Telepon/03 No Telepon"), "0986745632"): Text '0986745632' is set on object 'Object Repository/GoAmlReport/07 Entity/Account Tab To/01 Telepon/03 No Telepon'

2020-09-02 12:31:25 - [MESSAGE][PASSED] - Text '0986745632' is set on object 'Object Repository/GoAmlReport/07 Entity/Account Tab To/01 Telepon/03 No Telepon'

2020-09-02 12:31:25 - [TEST_STEP][PASSED] - delay(2): Delayed 2 second(s)

2020-09-02 12:31:27 - [MESSAGE][PASSED] - Delayed 2 second(s)

2020-09-02 12:31:27 - [TEST_STEP][PASSED] - scrollToElement(findTestObject("GoAmlReport/07 Entity/Account Tab To/01 Telepon/Save"), 3): Scroll to object 'Object Repository/GoAmlReport/07 Entity/Account Tab To/01 Telepon/Save' successfully

2020-09-02 12:31:27 - [MESSAGE][PASSED] - Scroll to object 'Object Repository/GoAmlReport/07 Entity/Account Tab To/01 Telepon/Save' successfully

2020-09-02 12:31:27 - [TEST_STEP][PASSED] - click(findTestObject("GoAmlReport/07 Entity/Account Tab To/01 Telepon/Save"), STOP_ON_FAILURE): Object: 'Object Repository/GoAmlReport/07 Entity/Account Tab To/01 Telepon/Save' is clicked on

2020-09-02 12:31:28 - [MESSAGE][PASSED] - Object: 'Object Repository/GoAmlReport/07 Entity/Account Tab To/01 Telepon/Save' is clicked on

2020-09-02 12:31:28 - [TEST_STEP][PASSED] - delay(3): Delayed 3 second(s)

2020-09-02 12:31:31 - [MESSAGE][PASSED] - Delayed 3 second(s)

2020-09-02 12:31:31 - [TEST_STEP][PASSED] - scrollToElement(findTestObject("GoAmlReport/07 Entity/Account Tab To/02 Alamat/span_Tambah Alamat"), 3): Scroll to object 'Object Repository/GoAmlReport/07 Entity/Account Tab To/02 Alamat/span_Tambah Alamat' successfully

2020-09-02 12:31:31 - [MESSAGE][PASSED] - Scroll to object 'Object Repository/GoAmlReport/07 Entity/Account Tab To/02 Alamat/span_Tambah Alamat' successfully

2020-09-02 12:31:31 - [TEST_STEP][PASSED] - click(findTestObject("GoAmlReport/07 Entity/Account Tab To/02 Alamat/span_Tambah Alamat")): Object: 'Object Repository/GoAmlReport/07 Entity/Account Tab To/02 Alamat/span_Tambah Alamat' is clicked on

2020-09-02 12:31:31 - [MESSAGE][PASSED] - Object: 'Object Repository/GoAmlReport/07 Entity/Account Tab To/02 Alamat/span_Tambah Alamat' is clicked on

2020-09-02 12:31:31 - [TEST_STEP][PASSED] - delay(5): Delayed 5 second(s)

2020-09-02 12:31:36 - [MESSAGE][PASSED] - Delayed 5 second(s)

2020-09-02 12:31:36 - [TEST_STEP][PASSED] - setText(findTestObject("GoAmlReport/07 Entity/Account Tab To/02 Alamat/01 Type Alamat"), "D - Domisili"): Text 'D - Domisili' is set on object 'Object Repository/GoAmlReport/07 Entity/Account Tab To/02 Alamat/01 Type Alamat'

2020-09-02 12:31:37 - [MESSAGE][PASSED] - Text 'D - Domisili' is set on object 'Object Repository/GoAmlReport/07 Entity/Account Tab To/02 Alamat/01 Type Alamat'

2020-09-02 12:31:37 - [TEST_STEP][PASSED] - delay(5): Delayed 5 second(s)

2020-09-02 12:31:42 - [MESSAGE][PASSED] - Delayed 5 second(s)

2020-09-02 12:31:42 - [TEST_STEP][PASSED] - sendKeys(findTestObject("GoAmlReport/07 Entity/Account Tab To/02 Alamat/01 Type Alamat"), Keys.chord(ENTER)): Keys 'ENTER + ' sent to object: 'Object Repository/GoAmlReport/07 Entity/Account Tab To/02 Alamat/01 Type Alamat'

2020-09-02 12:31:43 - [MESSAGE][PASSED] - Keys 'ENTER + ' sent to object: 'Object Repository/GoAmlReport/07 Entity/Account Tab To/02 Alamat/01 Type Alamat'

2020-09-02 12:31:43 - [TEST_STEP][PASSED] - setText(findTestObject("GoAmlReport/07 Entity/Account Tab To/02 Alamat/02 Alamat"), "Jl. sdhjsadkjsnadklsandkjasd"): Text 'Jl. sdhjsadkjsnadklsandkjasd' is set on object 'Object Repository/GoAmlReport/07 Entity/Account Tab To/02 Alamat/02 Alamat'

2020-09-02 12:31:43 - [MESSAGE][PASSED] - Text 'Jl. sdhjsadkjsnadklsandkjasd' is set on object 'Object Repository/GoAmlReport/07 Entity/Account Tab To/02 Alamat/02 Alamat'

2020-09-02 12:31:43 - [TEST_STEP][PASSED] - setText(findTestObject("GoAmlReport/07 Entity/Account Tab To/02 Alamat/03 Kota"), "Jakarta"): Text 'Jakarta' is set on object 'Object Repository/GoAmlReport/07 Entity/Account Tab To/02 Alamat/03 Kota'

2020-09-02 12:31:44 - [MESSAGE][PASSED] - Text 'Jakarta' is set on object 'Object Repository/GoAmlReport/07 Entity/Account Tab To/02 Alamat/03 Kota'

2020-09-02 12:31:44 - [TEST_STEP][PASSED] - setText(findTestObject("GoAmlReport/07 Entity/Account Tab To/02 Alamat/03 Negara"), "ID - INDONESIA"): Text 'ID - INDONESIA' is set on object 'Object Repository/GoAmlReport/07 Entity/Account Tab To/02 Alamat/03 Negara'

2020-09-02 12:31:45 - [MESSAGE][PASSED] - Text 'ID - INDONESIA' is set on object 'Object Repository/GoAmlReport/07 Entity/Account Tab To/02 Alamat/03 Negara'

2020-09-02 12:31:45 - [TEST_STEP][PASSED] - delay(3): Delayed 3 second(s)

2020-09-02 12:31:48 - [MESSAGE][PASSED] - Delayed 3 second(s)

2020-09-02 12:31:48 - [TEST_STEP][PASSED] - sendKeys(findTestObject("GoAmlReport/07 Entity/Account Tab To/02 Alamat/03 Negara"), Keys.chord(ENTER)): Keys 'ENTER + ' sent to object: 'Object Repository/GoAmlReport/07 Entity/Account Tab To/02 Alamat/03 Negara'

2020-09-02 12:31:49 - [MESSAGE][PASSED] - Keys 'ENTER + ' sent to object: 'Object Repository/GoAmlReport/07 Entity/Account Tab To/02 Alamat/03 Negara'

2020-09-02 12:31:49 - [TEST_STEP][PASSED] - delay(2): Delayed 2 second(s)

2020-09-02 12:31:51 - [MESSAGE][PASSED] - Delayed 2 second(s)

2020-09-02 12:31:51 - [TEST_STEP][PASSED] - click(findTestObject("GoAmlReport/07 Entity/Account Tab To/02 Alamat/save")): Object: 'Object Repository/GoAmlReport/07 Entity/Account Tab To/02 Alamat/save' is clicked on

2020-09-02 12:31:51 - [MESSAGE][PASSED] - Object: 'Object Repository/GoAmlReport/07 Entity/Account Tab To/02 Alamat/save' is clicked on

2020-09-02 12:31:52 - [TEST_STEP][PASSED] - click(findTestObject("GoAmlReport/07 Entity/Account Tab To/03 Director/00 Add")): Object: 'Object Repository/GoAmlReport/07 Entity/Account Tab To/03 Director/00 Add' is clicked on

2020-09-02 12:31:53 - [MESSAGE][PASSED] - Object: 'Object Repository/GoAmlReport/07 Entity/Account Tab To/03 Director/00 Add' is clicked on

2020-09-02 12:31:53 - [TEST_STEP][PASSED] - scrollToElement(findTestObject("GoAmlReport/07 Entity/Account Tab To/03 Director/00 Add"), 3): Scroll to object 'Object Repository/GoAmlReport/07 Entity/Account Tab To/03 Director/00 Add' successfully

2020-09-02 12:31:53 - [MESSAGE][PASSED] - Scroll to object 'Object Repository/GoAmlReport/07 Entity/Account Tab To/03 Director/00 Add' successfully

2020-09-02 12:31:53 - [TEST_STEP][PASSED] - delay(5): Delayed 5 second(s)

2020-09-02 12:31:58 - [MESSAGE][PASSED] - Delayed 5 second(s)

2020-09-02 12:31:58 - [TEST_STEP][PASSED] - setText(findTestObject("GoAmlReport/07 Entity/Account Tab To/03 Director/01 Jenis Kelamin"), "F - Female"): Text 'F - Female' is set on object 'Object Repository/GoAmlReport/07 Entity/Account Tab To/03 Director/01 Jenis Kelamin'

2020-09-02 12:31:59 - [MESSAGE][PASSED] - Text 'F - Female' is set on object 'Object Repository/GoAmlReport/07 Entity/Account Tab To/03 Director/01 Jenis Kelamin'

2020-09-02 12:31:59 - [TEST_STEP][PASSED] - delay(5): Delayed 5 second(s)

2020-09-02 12:32:04 - [MESSAGE][PASSED] - Delayed 5 second(s)

2020-09-02 12:32:04 - [TEST_STEP][PASSED] - sendKeys(findTestObject("GoAmlReport/07 Entity/Account Tab To/03 Director/01 Jenis Kelamin"), Keys.chord(ENTER)): Keys 'ENTER + ' sent to object: 'Object Repository/GoAmlReport/07 Entity/Account Tab To/03 Director/01 Jenis Kelamin'

2020-09-02 12:32:05 - [MESSAGE][PASSED] - Keys 'ENTER + ' sent to object: 'Object Repository/GoAmlReport/07 Entity/Account Tab To/03 Director/01 Jenis Kelamin'

2020-09-02 12:32:05 - [TEST_STEP][PASSED] - setText(findTestObject("GoAmlReport/07 Entity/Account Tab To/03 Director/02 Nama Lengkap"), "Aman "): Text 'Aman ' is set on object 'Object Repository/GoAmlReport/07 Entity/Account Tab To/03 Director/02 Nama Lengkap'

2020-09-02 12:32:05 - [MESSAGE][PASSED] - Text 'Aman ' is set on object 'Object Repository/GoAmlReport/07 Entity/Account Tab To/03 Director/02 Nama Lengkap'

2020-09-02 12:32:05 - [TEST_STEP][PASSED] - setText(findTestObject("GoAmlReport/07 Entity/Account Tab To/03 Director/10 Tanggal Lahir"), "01-Aug-96"): Text '01-Aug-96' is set on object 'Object Repository/GoAmlReport/07 Entity/Account Tab To/03 Director/10 Tanggal Lahir'

2020-09-02 12:32:06 - [MESSAGE][PASSED] - Text '01-Aug-96' is set on object 'Object Repository/GoAmlReport/07 Entity/Account Tab To/03 Director/10 Tanggal Lahir'

2020-09-02 12:32:06 - [TEST_STEP][PASSED] - delay(2): Delayed 2 second(s)

2020-09-02 12:32:08 - [MESSAGE][PASSED] - Delayed 2 second(s)

2020-09-02 12:32:08 - [TEST_STEP][PASSED] - setText(findTestObject("GoAmlReport/07 Entity/Account Tab To/03 Director/12 Tempat Lahir"), "Jakarta"): Text 'Jakarta' is set on object 'Object Repository/GoAmlReport/07 Entity/Account Tab To/03 Director/12 Tempat Lahir'

2020-09-02 12:32:09 - [MESSAGE][PASSED] - Text 'Jakarta' is set on object 'Object Repository/GoAmlReport/07 Entity/Account Tab To/03 Director/12 Tempat Lahir'

2020-09-02 12:32:09 - [TEST_STEP][PASSED] - setText(findTestObject("GoAmlReport/07 Entity/Account Tab To/03 Director/04 Kewarganegaraan"), "indone"): Text 'indone' is set on object 'Object Repository/GoAmlReport/07 Entity/Account Tab To/03 Director/04 Kewarganegaraan'

2020-09-02 12:32:10 - [MESSAGE][PASSED] - Text 'indone' is set on object 'Object Repository/GoAmlReport/07 Entity/Account Tab To/03 Director/04 Kewarganegaraan'

2020-09-02 12:32:10 - [TEST_STEP][PASSED] - delay(5): Delayed 5 second(s)

2020-09-02 12:32:15 - [MESSAGE][PASSED] - Delayed 5 second(s)

2020-09-02 12:32:15 - [TEST_STEP][PASSED] - sendKeys(findTestObject("GoAmlReport/07 Entity/Account Tab To/03 Director/04 Kewarganegaraan"), Keys.chord(ENTER)): Keys 'ENTER + ' sent to object: 'Object Repository/GoAmlReport/07 Entity/Account Tab To/03 Director/04 Kewarganegaraan'

2020-09-02 12:32:15 - [MESSAGE][PASSED] - Keys 'ENTER + ' sent to object: 'Object Repository/GoAmlReport/07 Entity/Account Tab To/03 Director/04 Kewarganegaraan'

2020-09-02 12:32:15 - [TEST_STEP][PASSED] - setText(findTestObject("GoAmlReport/07 Entity/Account Tab To/03 Director/05 Negara Domisili"), "ID - INDONESIA"): Text 'ID - INDONESIA' is set on object 'Object Repository/GoAmlReport/07 Entity/Account Tab To/03 Director/05 Negara Domisili'

2020-09-02 12:32:16 - [MESSAGE][PASSED] - Text 'ID - INDONESIA' is set on object 'Object Repository/GoAmlReport/07 Entity/Account Tab To/03 Director/05 Negara Domisili'

2020-09-02 12:32:16 - [TEST_STEP][PASSED] - delay(3): Delayed 3 second(s)

2020-09-02 12:32:19 - [MESSAGE][PASSED] - Delayed 3 second(s)

2020-09-02 12:32:19 - [TEST_STEP][PASSED] - sendKeys(findTestObject("GoAmlReport/07 Entity/Account Tab To/03 Director/05 Negara Domisili"), Keys.chord(ENTER)): Keys 'ENTER + ' sent to object: 'Object Repository/GoAmlReport/07 Entity/Account Tab To/03 Director/05 Negara Domisili'

2020-09-02 12:32:20 - [MESSAGE][PASSED] - Keys 'ENTER + ' sent to object: 'Object Repository/GoAmlReport/07 Entity/Account Tab To/03 Director/05 Negara Domisili'

2020-09-02 12:32:20 - [TEST_STEP][PASSED] - setText(findTestObject("GoAmlReport/07 Entity/Account Tab To/03 Director/06 Pekerjaan"), "Kerja Serabutan"): Text 'Kerja Serabutan' is set on object 'Object Repository/GoAmlReport/07 Entity/Account Tab To/03 Director/06 Pekerjaan'

2020-09-02 12:32:21 - [MESSAGE][PASSED] - Text 'Kerja Serabutan' is set on object 'Object Repository/GoAmlReport/07 Entity/Account Tab To/03 Director/06 Pekerjaan'

2020-09-02 12:32:21 - [TEST_STEP][PASSED] - setText(findTestObject("GoAmlReport/07 Entity/Account Tab To/03 Director/07 Sumber Dana"), "Maling"): Text 'Maling' is set on object 'Object Repository/GoAmlReport/07 Entity/Account Tab To/03 Director/07 Sumber Dana'

2020-09-02 12:32:21 - [MESSAGE][PASSED] - Text 'Maling' is set on object 'Object Repository/GoAmlReport/07 Entity/Account Tab To/03 Director/07 Sumber Dana'

2020-09-02 12:32:21 - [TEST_STEP][PASSED] - setText(findTestObject("GoAmlReport/07 Entity/Account Tab To/03 Director/08 Peran"), "UBO - Ultimate Beneficial Owner"): Text 'UBO - Ultimate Beneficial Owner' is set on object 'Object Repository/GoAmlReport/07 Entity/Account Tab To/03 Director/08 Peran'

2020-09-02 12:32:23 - [MESSAGE][PASSED] - Text 'UBO - Ultimate Beneficial Owner' is set on object 'Object Repository/GoAmlReport/07 Entity/Account Tab To/03 Director/08 Peran'

2020-09-02 12:32:23 - [TEST_STEP][PASSED] - delay(2): Delayed 2 second(s)

2020-09-02 12:32:25 - [MESSAGE][PASSED] - Delayed 2 second(s)

2020-09-02 12:32:25 - [TEST_STEP][PASSED] - sendKeys(findTestObject("GoAmlReport/07 Entity/Account Tab To/03 Director/08 Peran"), Keys.chord(ENTER)): Keys 'ENTER + ' sent to object: 'Object Repository/GoAmlReport/07 Entity/Account Tab To/03 Director/08 Peran'

2020-09-02 12:32:25 - [MESSAGE][PASSED] - Keys 'ENTER + ' sent to object: 'Object Repository/GoAmlReport/07 Entity/Account Tab To/03 Director/08 Peran'

2020-09-02 12:32:25 - [TEST_STEP][PASSED] - click(findTestObject("GoAmlReport/07 Entity/Account Tab To/03 Director/09 Telepon/Tambah Telepon")): Object: 'Object Repository/GoAmlReport/07 Entity/Account Tab To/03 Director/09 Telepon/Tambah Telepon' is clicked on

2020-09-02 12:32:26 - [MESSAGE][PASSED] - Object: 'Object Repository/GoAmlReport/07 Entity/Account Tab To/03 Director/09 Telepon/Tambah Telepon' is clicked on

2020-09-02 12:32:26 - [TEST_STEP][PASSED] - scrollToElement(findTestObject("GoAmlReport/07 Entity/Account Tab To/03 Director/09 Telepon/01 Kategori Kontak"), 3): Scroll to object 'Object Repository/GoAmlReport/07 Entity/Account Tab To/03 Director/09 Telepon/01 Kategori Kontak' successfully

2020-09-02 12:32:27 - [MESSAGE][PASSED] - Scroll to object 'Object Repository/GoAmlReport/07 Entity/Account Tab To/03 Director/09 Telepon/01 Kategori Kontak' successfully

2020-09-02 12:32:27 - [TEST_STEP][PASSED] - setText(findTestObject("GoAmlReport/07 Entity/Account Tab To/03 Director/09 Telepon/01 Kategori Kontak"), "K - Kantor"): Text 'K - Kantor' is set on object 'Object Repository/GoAmlReport/07 Entity/Account Tab To/03 Director/09 Telepon/01 Kategori Kontak'

2020-09-02 12:32:28 - [MESSAGE][PASSED] - Text 'K - Kantor' is set on object 'Object Repository/GoAmlReport/07 Entity/Account Tab To/03 Director/09 Telepon/01 Kategori Kontak'

2020-09-02 12:32:28 - [TEST_STEP][PASSED] - delay(3): Delayed 3 second(s)

2020-09-02 12:32:31 - [MESSAGE][PASSED] - Delayed 3 second(s)

2020-09-02 12:32:31 - [TEST_STEP][PASSED] - sendKeys(findTestObject("GoAmlReport/07 Entity/Account Tab To/03 Director/09 Telepon/01 Kategori Kontak"), Keys.chord(ENTER)): Keys 'ENTER + ' sent to object: 'Object Repository/GoAmlReport/07 Entity/Account Tab To/03 Director/09 Telepon/01 Kategori Kontak'

2020-09-02 12:32:31 - [MESSAGE][PASSED] - Keys 'ENTER + ' sent to object: 'Object Repository/GoAmlReport/07 Entity/Account Tab To/03 Director/09 Telepon/01 Kategori Kontak'

2020-09-02 12:32:31 - [TEST_STEP][PASSED] - setText(findTestObject("GoAmlReport/07 Entity/Account Tab To/03 Director/09 Telepon/02 Alat Komunikasi"), "PSTN - PSTN"): Text 'PSTN - PSTN' is set on object 'Object Repository/GoAmlReport/07 Entity/Account Tab To/03 Director/09 Telepon/02 Alat Komunikasi'

2020-09-02 12:32:32 - [MESSAGE][PASSED] - Text 'PSTN - PSTN' is set on object 'Object Repository/GoAmlReport/07 Entity/Account Tab To/03 Director/09 Telepon/02 Alat Komunikasi'

2020-09-02 12:32:32 - [TEST_STEP][PASSED] - delay(3): Delayed 3 second(s)

2020-09-02 12:32:35 - [MESSAGE][PASSED] - Delayed 3 second(s)

2020-09-02 12:32:35 - [TEST_STEP][PASSED] - sendKeys(findTestObject("GoAmlReport/07 Entity/Account Tab To/03 Director/09 Telepon/02 Alat Komunikasi"), Keys.chord(ENTER)): Keys 'ENTER + ' sent to object: 'Object Repository/GoAmlReport/07 Entity/Account Tab To/03 Director/09 Telepon/02 Alat Komunikasi'

2020-09-02 12:32:36 - [MESSAGE][PASSED] - Keys 'ENTER + ' sent to object: 'Object Repository/GoAmlReport/07 Entity/Account Tab To/03 Director/09 Telepon/02 Alat Komunikasi'

2020-09-02 12:32:36 - [TEST_STEP][PASSED] - setText(findTestObject("GoAmlReport/07 Entity/Account Tab To/03 Director/09 Telepon/03 No Telepon"), "222222222"): Text '222222222' is set on object 'Object Repository/GoAmlReport/07 Entity/Account Tab To/03 Director/09 Telepon/03 No Telepon'

2020-09-02 12:32:37 - [MESSAGE][PASSED] - Text '222222222' is set on object 'Object Repository/GoAmlReport/07 Entity/Account Tab To/03 Director/09 Telepon/03 No Telepon'

2020-09-02 12:32:37 - [TEST_STEP][PASSED] - click(findTestObject("GoAmlReport/07 Entity/Account Tab To/03 Director/09 Telepon/Save"), STOP_ON_FAILURE): Object: 'Object Repository/GoAmlReport/07 Entity/Account Tab To/03 Director/09 Telepon/Save' is clicked on

2020-09-02 12:32:37 - [MESSAGE][PASSED] - Object: 'Object Repository/GoAmlReport/07 Entity/Account Tab To/03 Director/09 Telepon/Save' is clicked on

2020-09-02 12:32:37 - [TEST_STEP][PASSED] - delay(4): Delayed 4 second(s)

2020-09-02 12:32:41 - [MESSAGE][PASSED] - Delayed 4 second(s)

2020-09-02 12:32:41 - [TEST_STEP][PASSED] - scrollToElement(findTestObject("GoAmlReport/07 Entity/Account Tab To/03 Director/10 Alamat/span_Tambah Alamat"), 3): Scroll to object 'Object Repository/GoAmlReport/07 Entity/Account Tab To/03 Director/10 Alamat/span_Tambah Alamat' successfully

2020-09-02 12:32:42 - [MESSAGE][PASSED] - Scroll to object 'Object Repository/GoAmlReport/07 Entity/Account Tab To/03 Director/10 Alamat/span_Tambah Alamat' successfully

2020-09-02 12:32:42 - [TEST_STEP][PASSED] - click(findTestObject("GoAmlReport/07 Entity/Account Tab To/03 Director/10 Alamat/span_Tambah Alamat")): Object: 'Object Repository/GoAmlReport/07 Entity/Account Tab To/03 Director/10 Alamat/span_Tambah Alamat' is clicked on

2020-09-02 12:32:42 - [MESSAGE][PASSED] - Object: 'Object Repository/GoAmlReport/07 Entity/Account Tab To/03 Director/10 Alamat/span_Tambah Alamat' is clicked on

2020-09-02 12:32:42 - [TEST_STEP][PASSED] - delay(3): Delayed 3 second(s)

2020-09-02 12:32:45 - [MESSAGE][PASSED] - Delayed 3 second(s)

2020-09-02 12:32:45 - [TEST_STEP][PASSED] - setText(findTestObject("GoAmlReport/07 Entity/Account Tab To/03 Director/10 Alamat/01 Type Alamat"), "R - Rumah"): Text 'R - Rumah' is set on object 'Object Repository/GoAmlReport/07 Entity/Account Tab To/03 Director/10 Alamat/01 Type Alamat'

2020-09-02 12:32:46 - [MESSAGE][PASSED] - Text 'R - Rumah' is set on object 'Object Repository/GoAmlReport/07 Entity/Account Tab To/03 Director/10 Alamat/01 Type Alamat'

2020-09-02 12:32:46 - [TEST_STEP][PASSED] - delay(3): Delayed 3 second(s)

2020-09-02 12:32:49 - [MESSAGE][PASSED] - Delayed 3 second(s)

2020-09-02 12:32:49 - [TEST_STEP][PASSED] - sendKeys(findTestObject("GoAmlReport/07 Entity/Account Tab To/03 Director/10 Alamat/01 Type Alamat"), Keys.chord(ENTER)): Keys 'ENTER + ' sent to object: 'Object Repository/GoAmlReport/07 Entity/Account Tab To/03 Director/10 Alamat/01 Type Alamat'

2020-09-02 12:32:50 - [MESSAGE][PASSED] - Keys 'ENTER + ' sent to object: 'Object Repository/GoAmlReport/07 Entity/Account Tab To/03 Director/10 Alamat/01 Type Alamat'

2020-09-02 12:32:50 - [TEST_STEP][PASSED] - setText(findTestObject("GoAmlReport/07 Entity/Account Tab To/03 Director/10 Alamat/02 Alamat"), "Jl Jalan Jln"): Text 'Jl Jalan Jln' is set on object 'Object Repository/GoAmlReport/07 Entity/Account Tab To/03 Director/10 Alamat/02 Alamat'

2020-09-02 12:32:50 - [MESSAGE][PASSED] - Text 'Jl Jalan Jln' is set on object 'Object Repository/GoAmlReport/07 Entity/Account Tab To/03 Director/10 Alamat/02 Alamat'

2020-09-02 12:32:50 - [TEST_STEP][PASSED] - setText(findTestObject("GoAmlReport/07 Entity/Account Tab To/03 Director/10 Alamat/03 Kota"), "Jakarte"): Text 'Jakarte' is set on object 'Object Repository/GoAmlReport/07 Entity/Account Tab To/03 Director/10 Alamat/03 Kota'

2020-09-02 12:32:51 - [MESSAGE][PASSED] - Text 'Jakarte' is set on object 'Object Repository/GoAmlReport/07 Entity/Account Tab To/03 Director/10 Alamat/03 Kota'

2020-09-02 12:32:51 - [TEST_STEP][PASSED] - setText(findTestObject("GoAmlReport/07 Entity/Account Tab To/03 Director/10 Alamat/03 Negara"), "Indonesi"): Text 'Indonesi' is set on object 'Object Repository/GoAmlReport/07 Entity/Account Tab To/03 Director/10 Alamat/03 Negara'

2020-09-02 12:32:52 - [MESSAGE][PASSED] - Text 'Indonesi' is set on object 'Object Repository/GoAmlReport/07 Entity/Account Tab To/03 Director/10 Alamat/03 Negara'

2020-09-02 12:32:52 - [TEST_STEP][PASSED] - delay(3): Delayed 3 second(s)

2020-09-02 12:32:55 - [MESSAGE][PASSED] - Delayed 3 second(s)

2020-09-02 12:32:55 - [TEST_STEP][PASSED] - sendKeys(findTestObject("GoAmlReport/07 Entity/Account Tab To/03 Director/10 Alamat/03 Negara"), Keys.chord(ENTER)): Keys 'ENTER + ' sent to object: 'Object Repository/GoAmlReport/07 Entity/Account Tab To/03 Director/10 Alamat/03 Negara'

2020-09-02 12:32:55 - [MESSAGE][PASSED] - Keys 'ENTER + ' sent to object: 'Object Repository/GoAmlReport/07 Entity/Account Tab To/03 Director/10 Alamat/03 Negara'

2020-09-02 12:32:55 - [TEST_STEP][PASSED] - click(findTestObject("GoAmlReport/07 Entity/Account Tab To/03 Director/10 Alamat/save"), STOP_ON_FAILURE): Object: 'Object Repository/GoAmlReport/07 Entity/Account Tab To/03 Director/10 Alamat/save' is clicked on

2020-09-02 12:32:56 - [MESSAGE][PASSED] - Object: 'Object Repository/GoAmlReport/07 Entity/Account Tab To/03 Director/10 Alamat/save' is clicked on

2020-09-02 12:32:56 - [TEST_STEP][PASSED] - scrollToElement(findTestObject("GoAmlReport/07 Entity/Account Tab To/03 Director/11 Dokumen Identitas/Tambah Dokumen Identitas"), 3): Scroll to object 'Object Repository/GoAmlReport/07 Entity/Account Tab To/03 Director/11 Dokumen Identitas/Tambah Dokumen Identitas' successfully

2020-09-02 12:32:56 - [MESSAGE][PASSED] - Scroll to object 'Object Repository/GoAmlReport/07 Entity/Account Tab To/03 Director/11 Dokumen Identitas/Tambah Dokumen Identitas' successfully

2020-09-02 12:32:56 - [TEST_STEP][PASSED] - click(findTestObject("GoAmlReport/07 Entity/Account Tab To/03 Director/11 Dokumen Identitas/Tambah Dokumen Identitas")): Object: 'Object Repository/GoAmlReport/07 Entity/Account Tab To/03 Director/11 Dokumen Identitas/Tambah Dokumen Identitas' is clicked on

2020-09-02 12:32:57 - [MESSAGE][PASSED] - Object: 'Object Repository/GoAmlReport/07 Entity/Account Tab To/03 Director/11 Dokumen Identitas/Tambah Dokumen Identitas' is clicked on

2020-09-02 12:32:57 - [TEST_STEP][PASSED] - delay(3): Delayed 3 second(s)

2020-09-02 12:33:00 - [MESSAGE][PASSED] - Delayed 3 second(s)

2020-09-02 12:33:00 - [TEST_STEP][PASSED] - setText(findTestObject("GoAmlReport/07 Entity/Account Tab To/03 Director/11 Dokumen Identitas/01 Jenis Dokumen Identitas"), "SUKET - Surat Keterangan Kependudukan"): Text 'SUKET - Surat Keterangan Kependudukan' is set on object 'Object Repository/GoAmlReport/07 Entity/Account Tab To/03 Director/11 Dokumen Identitas/01 Jenis Dokumen Identitas'

2020-09-02 12:33:02 - [MESSAGE][PASSED] - Text 'SUKET - Surat Keterangan Kependudukan' is set on object 'Object Repository/GoAmlReport/07 Entity/Account Tab To/03 Director/11 Dokumen Identitas/01 Jenis Dokumen Identitas'

2020-09-02 12:33:02 - [TEST_STEP][PASSED] - delay(3): Delayed 3 second(s)

2020-09-02 12:33:05 - [MESSAGE][PASSED] - Delayed 3 second(s)

2020-09-02 12:33:05 - [TEST_STEP][PASSED] - sendKeys(findTestObject("GoAmlReport/07 Entity/Account Tab To/03 Director/11 Dokumen Identitas/01 Jenis Dokumen Identitas"), Keys.chord(ENTER)): Keys 'ENTER + ' sent to object: 'Object Repository/GoAmlReport/07 Entity/Account Tab To/03 Director/11 Dokumen Identitas/01 Jenis Dokumen Identitas'

2020-09-02 12:33:05 - [MESSAGE][PASSED] - Keys 'ENTER + ' sent to object: 'Object Repository/GoAmlReport/07 Entity/Account Tab To/03 Director/11 Dokumen Identitas/01 Jenis Dokumen Identitas'

2020-09-02 12:33:05 - [TEST_STEP][PASSED] - setText(findTestObject("GoAmlReport/07 Entity/Account Tab To/03 Director/11 Dokumen Identitas/02 No Identitas"), "12321444"): Text '12321444' is set on object 'Object Repository/GoAmlReport/07 Entity/Account Tab To/03 Director/11 Dokumen Identitas/02 No Identitas'

2020-09-02 12:33:06 - [MESSAGE][PASSED] - Text '12321444' is set on object 'Object Repository/GoAmlReport/07 Entity/Account Tab To/03 Director/11 Dokumen Identitas/02 No Identitas'

2020-09-02 12:33:06 - [TEST_STEP][PASSED] - setText(findTestObject("GoAmlReport/07 Entity/Account Tab To/03 Director/11 Dokumen Identitas/03 Negara Penerbit"), "ID - INDONESIA"): Text 'ID - INDONESIA' is set on object 'Object Repository/GoAmlReport/07 Entity/Account Tab To/03 Director/11 Dokumen Identitas/03 Negara Penerbit'

2020-09-02 12:33:07 - [MESSAGE][PASSED] - Text 'ID - INDONESIA' is set on object 'Object Repository/GoAmlReport/07 Entity/Account Tab To/03 Director/11 Dokumen Identitas/03 Negara Penerbit'

2020-09-02 12:33:07 - [TEST_STEP][PASSED] - delay(3): Delayed 3 second(s)

2020-09-02 12:33:10 - [MESSAGE][PASSED] - Delayed 3 second(s)

2020-09-02 12:33:10 - [TEST_STEP][PASSED] - sendKeys(findTestObject("GoAmlReport/07 Entity/Account Tab To/03 Director/11 Dokumen Identitas/03 Negara Penerbit"), Keys.chord(ENTER)): Keys 'ENTER + ' sent to object: 'Object Repository/GoAmlReport/07 Entity/Account Tab To/03 Director/11 Dokumen Identitas/03 Negara Penerbit'

2020-09-02 12:33:10 - [MESSAGE][PASSED] - Keys 'ENTER + ' sent to object: 'Object Repository/GoAmlReport/07 Entity/Account Tab To/03 Director/11 Dokumen Identitas/03 Negara Penerbit'

2020-09-02 12:33:10 - [TEST_STEP][PASSED] - click(findTestObject("GoAmlReport/07 Entity/Account Tab To/03 Director/11 Dokumen Identitas/Save")): Object: 'Object Repository/GoAmlReport/07 Entity/Account Tab To/03 Director/11 Dokumen Identitas/Save' is clicked on

2020-09-02 12:33:11 - [MESSAGE][PASSED] - Object: 'Object Repository/GoAmlReport/07 Entity/Account Tab To/03 Director/11 Dokumen Identitas/Save' is clicked on

2020-09-02 12:33:11 - [TEST_STEP][PASSED] - click(findTestObject("GoAmlReport/07 Entity/Account Tab To/03 Director/99 Save")): Object: 'Object Repository/GoAmlReport/07 Entity/Account Tab To/03 Director/99 Save' is clicked on

2020-09-02 12:33:13 - [MESSAGE][PASSED] - Object: 'Object Repository/GoAmlReport/07 Entity/Account Tab To/03 Director/99 Save' is clicked on

2020-09-02 12:33:13 - [TEST_STEP][PASSED] - delay(2): Delayed 2 second(s)

2020-09-02 12:33:15 - [MESSAGE][PASSED] - Delayed 2 second(s)

2020-09-02 12:33:15 - [MESSAGE][PASSED] - Call Test Case 'Test Cases/GoAML Report 5' successfully

2020-09-02 12:33:17 - [TEST_STEP][PASSED] - Video: Video recording for test case 'Test Cases/GoAML Report 1' .

2020-09-02 12:33:17 - [MESSAGE][INFO] - Video recording for test case 'Test Cases/GoAML Report 1' .
[[ATTACHMENT|D:\\poject\\goaml2\\Katalon\\GoAML\\Reports\\20200902_112954\\New Test Suite (1)\\20200902_112954/videos\\test_5.avi]]]]></system-out>
         <system-err><![CDATA[]]></system-err>
      </testcase>
      <testcase name="Test Cases/GoAML Report 1" time="712.359" classname="Test Cases/GoAML Report 1" status="PASSED">
         <system-out><![CDATA[2020-09-02 12:33:17 - [TEST_CASE][PASSED] - Test Cases/GoAML Report 1: Test Cases/GoAML Report 1

2020-09-02 12:33:17 - [TEST_STEP][PASSED] - openBrowser("http://goaml.southeastasia.cloudapp.azure.com/goaml/Default.aspx"): Browser is opened with url: 'http://goaml.southeastasia.cloudapp.azure.com/goaml/Default.aspx'

2020-09-02 12:33:17 - [MESSAGE][WARNING] - A browser is already opened. Closing browser and opening a new one

2020-09-02 12:33:18 - [MESSAGE][INFO] - Starting 'Chrome' driver

2020-09-02 12:33:18 - [MESSAGE][INFO] - User set preference: ['property', '']

2020-09-02 12:33:26 - [MESSAGE][PASSED] - Browser is opened with url: 'http://goaml.southeastasia.cloudapp.azure.com/goaml/Default.aspx'

2020-09-02 12:33:26 - [TEST_STEP][PASSED] - maximizeWindow(): Current window maximized

2020-09-02 12:33:28 - [MESSAGE][PASSED] - Current window maximized

2020-09-02 12:33:28 - [TEST_STEP][PASSED] - setText(findTestObject("All/UserName"), "anggi1"): Text 'anggi1' is set on object 'Object Repository/All/UserName'

2020-09-02 12:33:28 - [MESSAGE][PASSED] - Text 'anggi1' is set on object 'Object Repository/All/UserName'

2020-09-02 12:33:28 - [TEST_STEP][PASSED] - setEncryptedText(findTestObject("All/password"), "iFGeFYmXIrWy72D5I5E8Dw=="): Text ****** has been set on object 'Object Repository/All/password'

2020-09-02 12:33:29 - [MESSAGE][PASSED] - Text ****** has been set on object 'Object Repository/All/password'

2020-09-02 12:33:29 - [TEST_STEP][PASSED] - click(findTestObject("All/Sign In")): Object: 'Object Repository/All/Sign In' is clicked on

2020-09-02 12:33:30 - [MESSAGE][PASSED] - Object: 'Object Repository/All/Sign In' is clicked on

2020-09-02 12:33:30 - [TEST_STEP][PASSED] - delay(3): Delayed 3 second(s)

2020-09-02 12:33:33 - [MESSAGE][PASSED] - Delayed 3 second(s)

2020-09-02 12:33:33 - [TEST_STEP][PASSED] - setText(findTestObject("All/filter"), "Report"): Text 'Report' is set on object 'Object Repository/All/filter'

2020-09-02 12:33:35 - [MESSAGE][PASSED] - Text 'Report' is set on object 'Object Repository/All/filter'

2020-09-02 12:33:35 - [TEST_STEP][PASSED] - delay(1): Delayed 1 second(s)

2020-09-02 12:33:36 - [MESSAGE][PASSED] - Delayed 1 second(s)

2020-09-02 12:33:36 - [TEST_STEP][PASSED] - scrollToElement(findTestObject("GoAmlReport/View"), 3): Scroll to object 'Object Repository/GoAmlReport/View' successfully

2020-09-02 12:33:36 - [MESSAGE][PASSED] - Scroll to object 'Object Repository/GoAmlReport/View' successfully

2020-09-02 12:33:36 - [TEST_STEP][PASSED] - click(findTestObject("GoAmlReport/View")): Object: 'Object Repository/GoAmlReport/View' is clicked on

2020-09-02 12:33:36 - [MESSAGE][PASSED] - Object: 'Object Repository/GoAmlReport/View' is clicked on

2020-09-02 12:33:36 - [TEST_STEP][PASSED] - delay(3): Delayed 3 second(s)

2020-09-02 12:33:39 - [MESSAGE][PASSED] - Delayed 3 second(s)

2020-09-02 12:33:39 - [TEST_STEP][PASSED] - click(findTestObject("All/New Record")): Object: 'Object Repository/All/New Record' is clicked on

2020-09-02 12:33:41 - [MESSAGE][PASSED] - Object: 'Object Repository/All/New Record' is clicked on

2020-09-02 12:33:41 - [TEST_STEP][PASSED] - callTestCase(findTestCase("GoAML Report 2"), [:], STOP_ON_FAILURE): Call Test Case 'Test Cases/GoAML Report 2' successfully

2020-09-02 12:33:41 - [TEST_CASE][PASSED] - Test Cases/GoAML Report 2: Test Cases/GoAML Report 2

2020-09-02 12:33:41 - [TEST_STEP][PASSED] - for ([rowNum = 1, rowNum <= findTestData("GoAMLReport/General Information").getRowNumbers(), (rowNum++)]): Object: 'Object Repository/GoAmlReport/save indikator' is clicked on

2020-09-02 12:33:41 - [TEST_STEP][PASSED] - delay(90): Delayed 90 second(s)

2020-09-02 12:35:11 - [MESSAGE][PASSED] - Delayed 90 second(s)

2020-09-02 12:35:11 - [TEST_STEP][PASSED] - click(findTestObject("GoAmlReport/01 General Information/01 Jenis Laporan"), STOP_ON_FAILURE): Object: 'Object Repository/GoAmlReport/01 General Information/01 Jenis Laporan' is clicked on

2020-09-02 12:35:12 - [MESSAGE][PASSED] - Object: 'Object Repository/GoAmlReport/01 General Information/01 Jenis Laporan' is clicked on

2020-09-02 12:35:12 - [TEST_STEP][PASSED] - delay(20): Delayed 20 second(s)

2020-09-02 12:35:32 - [MESSAGE][PASSED] - Delayed 20 second(s)

2020-09-02 12:35:32 - [TEST_STEP][PASSED] - if (findTestData("GoAMLReport/General Information").getValue(1, rowNum) == "LAPT - LTKM"): null

2020-09-02 12:35:32 - [TEST_STEP][PASSED] - if (findTestData("GoAMLReport/General Information").getValue(1, rowNum) == "LTKM - LTKM"): null

2020-09-02 12:35:32 - [TEST_STEP][PASSED] - click(findTestObject("GoAmlReport/01 General Information/Isi Jenis Laporan/2 LTKM - LTKM")): Object: 'Object Repository/GoAmlReport/01 General Information/Isi Jenis Laporan/2 LTKM - LTKM' is clicked on

2020-09-02 12:35:32 - [MESSAGE][PASSED] - Object: 'Object Repository/GoAmlReport/01 General Information/Isi Jenis Laporan/2 LTKM - LTKM' is clicked on

2020-09-02 12:35:33 - [TEST_STEP][PASSED] - if (findTestData("GoAMLReport/General Information").getValue(4, rowNum) == "CaseManagement ID"): Keys 'ENTER + ' sent to object: 'Object Repository/GoAmlReport/01 General Information/05 Type Report'

2020-09-02 12:35:33 - [TEST_STEP][PASSED] - setText(findTestObject("GoAmlReport/01 General Information/05 Type Report"), "transaksi unik"): Text 'transaksi unik' is set on object 'Object Repository/GoAmlReport/01 General Information/05 Type Report'

2020-09-02 12:35:34 - [MESSAGE][PASSED] - Text 'transaksi unik' is set on object 'Object Repository/GoAmlReport/01 General Information/05 Type Report'

2020-09-02 12:35:34 - [TEST_STEP][PASSED] - delay(10): Delayed 10 second(s)

2020-09-02 12:35:44 - [MESSAGE][PASSED] - Delayed 10 second(s)

2020-09-02 12:35:44 - [TEST_STEP][PASSED] - sendKeys(findTestObject("GoAmlReport/01 General Information/05 Type Report"), Keys.chord(ENTER)): Keys 'ENTER + ' sent to object: 'Object Repository/GoAmlReport/01 General Information/05 Type Report'

2020-09-02 12:35:44 - [MESSAGE][PASSED] - Keys 'ENTER + ' sent to object: 'Object Repository/GoAmlReport/01 General Information/05 Type Report'

2020-09-02 12:35:44 - [TEST_STEP][PASSED] - if (findTestData("GoAMLReport/General Information").getValue(4, rowNum) == "CIF"): null

2020-09-02 12:35:44 - [TEST_STEP][PASSED] - if (findTestData("GoAMLReport/General Information").getValue(1, rowNum) == "LTKMH - LTKM"): null

2020-09-02 12:35:44 - [TEST_STEP][PASSED] - if (findTestData("GoAMLReport/General Information").getValue(1, rowNum) == "LTKMP - LTKM"): null

2020-09-02 12:35:44 - [TEST_STEP][PASSED] - if (findTestData("GoAMLReport/General Information").getValue(1, rowNum) == "LTKMT - LTKM"): null

2020-09-02 12:35:44 - [TEST_STEP][PASSED] - if (findTestData("GoAMLReport/General Information").getValue(1, rowNum) == "LTKTK - LTKT"): null

2020-09-02 12:35:44 - [TEST_STEP][PASSED] - if (findTestData("GoAMLReport/General Information").getValue(1, rowNum) == "LTKTM - LTKT"): null

2020-09-02 12:35:44 - [TEST_STEP][PASSED] - if (findTestData("GoAMLReport/General Information").getValue(1, rowNum) == "TKLIB - LTKL"): null

2020-09-02 12:35:44 - [TEST_STEP][PASSED] - if (findTestData("GoAMLReport/General Information").getValue(1, rowNum) == "TKLOB - LTKL"): null

2020-09-02 12:35:44 - [TEST_STEP][PASSED] - setText(findTestObject("GoAmlReport/01 General Information/02 Tgl Laporan"), findTestData("GoAMLReport/General Information").getValue(3, 1)): Text '26-May-99' is set on object 'Object Repository/GoAmlReport/01 General Information/02 Tgl Laporan'

2020-09-02 12:35:45 - [MESSAGE][PASSED] - Text '26-May-99' is set on object 'Object Repository/GoAmlReport/01 General Information/02 Tgl Laporan'

2020-09-02 12:35:45 - [TEST_STEP][PASSED] - setText(findTestObject("GoAmlReport/01 General Information/03 Alasan"), "No Reason"): Text 'No Reason' is set on object 'Object Repository/GoAmlReport/01 General Information/03 Alasan'

2020-09-02 12:35:45 - [MESSAGE][PASSED] - Text 'No Reason' is set on object 'Object Repository/GoAmlReport/01 General Information/03 Alasan'

2020-09-02 12:35:45 - [TEST_STEP][PASSED] - setText(findTestObject("GoAmlReport/01 General Information/04 Tidakan Pelapor"), "Tidak Bertindak"): Text 'Tidak Bertindak' is set on object 'Object Repository/GoAmlReport/01 General Information/04 Tidakan Pelapor'

2020-09-02 12:35:46 - [MESSAGE][PASSED] - Text 'Tidak Bertindak' is set on object 'Object Repository/GoAmlReport/01 General Information/04 Tidakan Pelapor'

2020-09-02 12:35:46 - [TEST_STEP][PASSED] - setText(findTestObject("GoAmlReport/01 General Information/06 No Value Report"), "Testing Anggi 2906"): Text 'Testing Anggi 2906' is set on object 'Object Repository/GoAmlReport/01 General Information/06 No Value Report'

2020-09-02 12:35:47 - [MESSAGE][PASSED] - Text 'Testing Anggi 2906' is set on object 'Object Repository/GoAmlReport/01 General Information/06 No Value Report'

2020-09-02 12:35:47 - [TEST_STEP][PASSED] - if (findTestData("GoAMLReport/General Information").getValue(6, rowNum) == "true"): Object: 'Object Repository/GoAmlReport/save indikator' is clicked on

2020-09-02 12:35:47 - [TEST_STEP][PASSED] - click(findTestObject("GoAmlReport/Indikator")): Object: 'Object Repository/GoAmlReport/Indikator' is clicked on

2020-09-02 12:35:48 - [MESSAGE][PASSED] - Object: 'Object Repository/GoAmlReport/Indikator' is clicked on

2020-09-02 12:35:48 - [TEST_STEP][PASSED] - delay(5): Delayed 5 second(s)

2020-09-02 12:35:53 - [MESSAGE][PASSED] - Delayed 5 second(s)

2020-09-02 12:35:53 - [TEST_STEP][PASSED] - setText(findTestObject("GoAmlReport/Indikator 2"), findTestData("GoAMLReport/General Information").getValue(7, rowNum)): Text 'Korupsi' is set on object 'Object Repository/GoAmlReport/Indikator 2'

2020-09-02 12:35:53 - [MESSAGE][PASSED] - Text 'Korupsi' is set on object 'Object Repository/GoAmlReport/Indikator 2'

2020-09-02 12:35:53 - [TEST_STEP][PASSED] - delay(3): Delayed 3 second(s)

2020-09-02 12:35:56 - [MESSAGE][PASSED] - Delayed 3 second(s)

2020-09-02 12:35:56 - [TEST_STEP][PASSED] - sendKeys(findTestObject("GoAmlReport/Indikator 2"), Keys.chord(ENTER)): Keys 'ENTER + ' sent to object: 'Object Repository/GoAmlReport/Indikator 2'

2020-09-02 12:35:57 - [MESSAGE][PASSED] - Keys 'ENTER + ' sent to object: 'Object Repository/GoAmlReport/Indikator 2'

2020-09-02 12:35:57 - [TEST_STEP][PASSED] - delay(2): Delayed 2 second(s)

2020-09-02 12:35:59 - [MESSAGE][PASSED] - Delayed 2 second(s)

2020-09-02 12:35:59 - [TEST_STEP][PASSED] - click(findTestObject("GoAmlReport/save indikator")): Object: 'Object Repository/GoAmlReport/save indikator' is clicked on

2020-09-02 12:35:59 - [MESSAGE][PASSED] - Object: 'Object Repository/GoAmlReport/save indikator' is clicked on

2020-09-02 12:35:59 - [MESSAGE][PASSED] - Call Test Case 'Test Cases/GoAML Report 2' successfully

2020-09-02 12:35:59 - [TEST_STEP][PASSED] - callTestCase(findTestCase("GoAML Report 3"), [:], STOP_ON_FAILURE): Call Test Case 'Test Cases/GoAML Report 3' successfully

2020-09-02 12:35:59 - [TEST_CASE][PASSED] - Test Cases/GoAML Report 3: Test Cases/GoAML Report 3

2020-09-02 12:35:59 - [TEST_STEP][PASSED] - for ([rowNum = 1, rowNum <= findTestData("GoAMLReport/Transaksi").getRowNumbers(), (rowNum++)]): Keys 'ENTER + ' sent to object: 'Object Repository/GoAmlReport/02 Transaksi/11 Type Trx'

2020-09-02 12:35:59 - [TEST_STEP][PASSED] - delay(6): Delayed 6 second(s)

2020-09-02 12:36:05 - [MESSAGE][PASSED] - Delayed 6 second(s)

2020-09-02 12:36:05 - [TEST_STEP][PASSED] - if (findTestData("GoAMLReport/Transaksi").getValue(1, rowNum) == "true"): Keys 'ENTER + ' sent to object: 'Object Repository/GoAmlReport/02 Transaksi/11 Type Trx'

2020-09-02 12:36:05 - [TEST_STEP][PASSED] - click(findTestObject("GoAmlReport/01 General Information/07 Tambah Transaksi")): Object: 'Object Repository/GoAmlReport/01 General Information/07 Tambah Transaksi' is clicked on

2020-09-02 12:36:06 - [MESSAGE][PASSED] - Object: 'Object Repository/GoAmlReport/01 General Information/07 Tambah Transaksi' is clicked on

2020-09-02 12:36:06 - [TEST_STEP][PASSED] - delay(6): Delayed 6 second(s)

2020-09-02 12:36:12 - [MESSAGE][PASSED] - Delayed 6 second(s)

2020-09-02 12:36:12 - [TEST_STEP][PASSED] - setText(findTestObject("GoAmlReport/Nomor Transaksi"), findTestData("GoAMLReport/Transaksi").getValue(12, rowNum)): Text '999' is set on object 'Object Repository/GoAmlReport/Nomor Transaksi'

2020-09-02 12:36:12 - [MESSAGE][PASSED] - Text '999' is set on object 'Object Repository/GoAmlReport/Nomor Transaksi'

2020-09-02 12:36:12 - [TEST_STEP][PASSED] - setText(findTestObject("GoAmlReport/02 Transaksi/01 No Ref Transaksi"), "12133746"): Text '12133746' is set on object 'Object Repository/GoAmlReport/02 Transaksi/01 No Ref Transaksi'

2020-09-02 12:36:13 - [MESSAGE][PASSED] - Text '12133746' is set on object 'Object Repository/GoAmlReport/02 Transaksi/01 No Ref Transaksi'

2020-09-02 12:36:13 - [TEST_STEP][PASSED] - setText(findTestObject("GoAmlReport/02 Transaksi/02 Lokasi Transaksi"), "Jakarta"): Text 'Jakarta' is set on object 'Object Repository/GoAmlReport/02 Transaksi/02 Lokasi Transaksi'

2020-09-02 12:36:14 - [MESSAGE][PASSED] - Text 'Jakarta' is set on object 'Object Repository/GoAmlReport/02 Transaksi/02 Lokasi Transaksi'

2020-09-02 12:36:14 - [TEST_STEP][PASSED] - setText(findTestObject("GoAmlReport/02 Transaksi/03 Keterangan Transaksi"), "Noted"): Text 'Noted' is set on object 'Object Repository/GoAmlReport/02 Transaksi/03 Keterangan Transaksi'

2020-09-02 12:36:14 - [MESSAGE][PASSED] - Text 'Noted' is set on object 'Object Repository/GoAmlReport/02 Transaksi/03 Keterangan Transaksi'

2020-09-02 12:36:14 - [TEST_STEP][PASSED] - setText(findTestObject("GoAmlReport/02 Transaksi/04 Tgl Transaksi"), findTestData("GoAMLReport/Transaksi").getValue(2, rowNum)): Text '27-May-99' is set on object 'Object Repository/GoAmlReport/02 Transaksi/04 Tgl Transaksi'

2020-09-02 12:36:15 - [MESSAGE][PASSED] - Text '27-May-99' is set on object 'Object Repository/GoAmlReport/02 Transaksi/04 Tgl Transaksi'

2020-09-02 12:36:15 - [TEST_STEP][PASSED] - setText(findTestObject("GoAmlReport/02 Transaksi/05 Nama Teller"), "Miss Teller"): Text 'Miss Teller' is set on object 'Object Repository/GoAmlReport/02 Transaksi/05 Nama Teller'

2020-09-02 12:36:16 - [MESSAGE][PASSED] - Text 'Miss Teller' is set on object 'Object Repository/GoAmlReport/02 Transaksi/05 Nama Teller'

2020-09-02 12:36:16 - [TEST_STEP][PASSED] - setText(findTestObject("GoAmlReport/02 Transaksi/06 Nama Pejabat"), "Mr Pejabat"): Text 'Mr Pejabat' is set on object 'Object Repository/GoAmlReport/02 Transaksi/06 Nama Pejabat'

2020-09-02 12:36:16 - [MESSAGE][PASSED] - Text 'Mr Pejabat' is set on object 'Object Repository/GoAmlReport/02 Transaksi/06 Nama Pejabat'

2020-09-02 12:36:16 - [TEST_STEP][PASSED] - setText(findTestObject("GoAmlReport/02 Transaksi/07 Tgl Pembukuan"), "01-May-20"): Text '01-May-20' is set on object 'Object Repository/GoAmlReport/02 Transaksi/07 Tgl Pembukuan'

2020-09-02 12:36:17 - [MESSAGE][PASSED] - Text '01-May-20' is set on object 'Object Repository/GoAmlReport/02 Transaksi/07 Tgl Pembukuan'

2020-09-02 12:36:17 - [TEST_STEP][PASSED] - delay(3): Delayed 3 second(s)

2020-09-02 12:36:20 - [MESSAGE][PASSED] - Delayed 3 second(s)

2020-09-02 12:36:20 - [TEST_STEP][PASSED] - sendKeys(findTestObject("GoAmlReport/02 Transaksi/07 Tgl Pembukuan"), Keys.chord(ENTER)): Keys 'ENTER + ' sent to object: 'Object Repository/GoAmlReport/02 Transaksi/07 Tgl Pembukuan'

2020-09-02 12:36:20 - [MESSAGE][PASSED] - Keys 'ENTER + ' sent to object: 'Object Repository/GoAmlReport/02 Transaksi/07 Tgl Pembukuan'

2020-09-02 12:36:20 - [TEST_STEP][PASSED] - scrollToElement(findTestObject("GoAmlReport/02 Transaksi/08 Cara Trx Dilakukan"), 3): Scroll to object 'Object Repository/GoAmlReport/02 Transaksi/08 Cara Trx Dilakukan' successfully

2020-09-02 12:36:21 - [MESSAGE][PASSED] - Scroll to object 'Object Repository/GoAmlReport/02 Transaksi/08 Cara Trx Dilakukan' successfully

2020-09-02 12:36:21 - [TEST_STEP][PASSED] - setText(findTestObject("GoAmlReport/02 Transaksi/08 Cara Trx Dilakukan"), findTestData("GoAMLReport/Transaksi").getValue(3, rowNum)): Text 'KRM-Pengiriman Uang' is set on object 'Object Repository/GoAmlReport/02 Transaksi/08 Cara Trx Dilakukan'

2020-09-02 12:36:22 - [MESSAGE][PASSED] - Text 'KRM-Pengiriman Uang' is set on object 'Object Repository/GoAmlReport/02 Transaksi/08 Cara Trx Dilakukan'

2020-09-02 12:36:22 - [TEST_STEP][PASSED] - delay(3): Delayed 3 second(s)

2020-09-02 12:36:25 - [MESSAGE][PASSED] - Delayed 3 second(s)

2020-09-02 12:36:25 - [TEST_STEP][PASSED] - sendKeys(findTestObject("GoAmlReport/02 Transaksi/08 Cara Trx Dilakukan"), Keys.chord(ENTER)): Keys 'ENTER + ' sent to object: 'Object Repository/GoAmlReport/02 Transaksi/08 Cara Trx Dilakukan'

2020-09-02 12:36:25 - [MESSAGE][PASSED] - Keys 'ENTER + ' sent to object: 'Object Repository/GoAmlReport/02 Transaksi/08 Cara Trx Dilakukan'

2020-09-02 12:36:25 - [TEST_STEP][PASSED] - scrollToElement(findTestObject("GoAmlReport/02 Transaksi/09 Cara Trx Lain"), 3): Scroll to object 'Object Repository/GoAmlReport/02 Transaksi/09 Cara Trx Lain' successfully

2020-09-02 12:36:26 - [MESSAGE][PASSED] - Scroll to object 'Object Repository/GoAmlReport/02 Transaksi/09 Cara Trx Lain' successfully

2020-09-02 12:36:26 - [TEST_STEP][PASSED] - setText(findTestObject("GoAmlReport/02 Transaksi/09 Cara Trx Lain"), "Tidak-Ada"): Text 'Tidak-Ada' is set on object 'Object Repository/GoAmlReport/02 Transaksi/09 Cara Trx Lain'

2020-09-02 12:36:26 - [MESSAGE][PASSED] - Text 'Tidak-Ada' is set on object 'Object Repository/GoAmlReport/02 Transaksi/09 Cara Trx Lain'

2020-09-02 12:36:26 - [TEST_STEP][PASSED] - scrollToElement(findTestObject("GoAmlReport/02 Transaksi/10 Nilai Trx (IDR)"), 3): Scroll to object 'Object Repository/GoAmlReport/02 Transaksi/10 Nilai Trx (IDR)' successfully

2020-09-02 12:36:27 - [MESSAGE][PASSED] - Scroll to object 'Object Repository/GoAmlReport/02 Transaksi/10 Nilai Trx (IDR)' successfully

2020-09-02 12:36:27 - [TEST_STEP][PASSED] - setText(findTestObject("GoAmlReport/02 Transaksi/10 Nilai Trx (IDR)"), findTestData("GoAMLReport/Transaksi").getValue(4, rowNum)): Text '500000000' is set on object 'Object Repository/GoAmlReport/02 Transaksi/10 Nilai Trx (IDR)'

2020-09-02 12:36:28 - [MESSAGE][PASSED] - Text '500000000' is set on object 'Object Repository/GoAmlReport/02 Transaksi/10 Nilai Trx (IDR)'

2020-09-02 12:36:28 - [TEST_STEP][PASSED] - setText(findTestObject("GoAmlReport/02 Transaksi/11 Type Trx"), findTestData("GoAMLReport/Transaksi").getValue(5, rowNum)): Text 'Bi-Party' is set on object 'Object Repository/GoAmlReport/02 Transaksi/11 Type Trx'

2020-09-02 12:36:29 - [MESSAGE][PASSED] - Text 'Bi-Party' is set on object 'Object Repository/GoAmlReport/02 Transaksi/11 Type Trx'

2020-09-02 12:36:29 - [TEST_STEP][PASSED] - delay(3): Delayed 3 second(s)

2020-09-02 12:36:32 - [MESSAGE][PASSED] - Delayed 3 second(s)

2020-09-02 12:36:32 - [TEST_STEP][PASSED] - sendKeys(findTestObject("GoAmlReport/02 Transaksi/11 Type Trx"), Keys.chord(ENTER)): Keys 'ENTER + ' sent to object: 'Object Repository/GoAmlReport/02 Transaksi/11 Type Trx'

2020-09-02 12:36:32 - [MESSAGE][PASSED] - Keys 'ENTER + ' sent to object: 'Object Repository/GoAmlReport/02 Transaksi/11 Type Trx'

2020-09-02 12:36:32 - [MESSAGE][PASSED] - Call Test Case 'Test Cases/GoAML Report 3' successfully

2020-09-02 12:36:32 - [TEST_STEP][PASSED] - callTestCase(findTestCase("Identitas Orang Mewakili Transaksi"), [:], STOP_ON_FAILURE): Call Test Case 'Test Cases/Identitas Orang Mewakili Transaksi' successfully

2020-09-02 12:36:32 - [TEST_CASE][PASSED] - Test Cases/Identitas Orang Mewakili Transaksi: Test Cases/Identitas Orang Mewakili Transaksi

2020-09-02 12:36:32 - [TEST_STEP][PASSED] - for ([rowNum = 1, rowNum <= findTestData("GoAMLReport/Transaksi").getRowNumbers(), (rowNum++)]): Object: 'Object Repository/GoAmlReport/08 Identitas Orang Mewakili Transaksi/07/08 Save' is clicked on

2020-09-02 12:36:32 - [TEST_STEP][PASSED] - delay(6): Delayed 6 second(s)

2020-09-02 12:36:38 - [MESSAGE][PASSED] - Delayed 6 second(s)

2020-09-02 12:36:38 - [TEST_STEP][PASSED] - if (findTestData("GoAMLReport/Transaksi").getValue(13, rowNum) == "true"): Object: 'Object Repository/GoAmlReport/08 Identitas Orang Mewakili Transaksi/07/08 Save' is clicked on

2020-09-02 12:36:38 - [TEST_STEP][PASSED] - click(findTestObject("GoAmlReport/08 Identitas Orang Mewakili Transaksi/01/01 Yes")): Object: 'Object Repository/GoAmlReport/08 Identitas Orang Mewakili Transaksi/01/01 Yes' is clicked on

2020-09-02 12:36:39 - [MESSAGE][PASSED] - Object: 'Object Repository/GoAmlReport/08 Identitas Orang Mewakili Transaksi/01/01 Yes' is clicked on

2020-09-02 12:36:39 - [TEST_STEP][PASSED] - delay(8): Delayed 8 second(s)

2020-09-02 12:36:47 - [MESSAGE][PASSED] - Delayed 8 second(s)

2020-09-02 12:36:47 - [TEST_STEP][PASSED] - setText(findTestObject("GoAmlReport/08 Identitas Orang Mewakili Transaksi/01/02 Jenis Kelamin"), "F - Female"): Text 'F - Female' is set on object 'Object Repository/GoAmlReport/08 Identitas Orang Mewakili Transaksi/01/02 Jenis Kelamin'

2020-09-02 12:36:48 - [MESSAGE][PASSED] - Text 'F - Female' is set on object 'Object Repository/GoAmlReport/08 Identitas Orang Mewakili Transaksi/01/02 Jenis Kelamin'

2020-09-02 12:36:48 - [TEST_STEP][PASSED] - delay(3): Delayed 3 second(s)

2020-09-02 12:36:51 - [MESSAGE][PASSED] - Delayed 3 second(s)

2020-09-02 12:36:51 - [TEST_STEP][PASSED] - sendKeys(findTestObject("GoAmlReport/08 Identitas Orang Mewakili Transaksi/01/02 Jenis Kelamin"), Keys.chord(ENTER)): Keys 'ENTER + ' sent to object: 'Object Repository/GoAmlReport/08 Identitas Orang Mewakili Transaksi/01/02 Jenis Kelamin'

2020-09-02 12:36:51 - [MESSAGE][PASSED] - Keys 'ENTER + ' sent to object: 'Object Repository/GoAmlReport/08 Identitas Orang Mewakili Transaksi/01/02 Jenis Kelamin'

2020-09-02 12:36:51 - [TEST_STEP][PASSED] - setText(findTestObject("GoAmlReport/08 Identitas Orang Mewakili Transaksi/01/03 Gelar"), "Missfortune"): Text 'Missfortune' is set on object 'Object Repository/GoAmlReport/08 Identitas Orang Mewakili Transaksi/01/03 Gelar'

2020-09-02 12:36:52 - [MESSAGE][PASSED] - Text 'Missfortune' is set on object 'Object Repository/GoAmlReport/08 Identitas Orang Mewakili Transaksi/01/03 Gelar'

2020-09-02 12:36:52 - [TEST_STEP][PASSED] - setText(findTestObject("GoAmlReport/08 Identitas Orang Mewakili Transaksi/01/04 Nama Lengkap"), "Anggi Firmansah"): Text 'Anggi Firmansah' is set on object 'Object Repository/GoAmlReport/08 Identitas Orang Mewakili Transaksi/01/04 Nama Lengkap'

2020-09-02 12:36:53 - [MESSAGE][PASSED] - Text 'Anggi Firmansah' is set on object 'Object Repository/GoAmlReport/08 Identitas Orang Mewakili Transaksi/01/04 Nama Lengkap'

2020-09-02 12:36:53 - [TEST_STEP][PASSED] - setText(findTestObject("GoAmlReport/08 Identitas Orang Mewakili Transaksi/01/05 Tanggl Lahir"), "13-Mar-93"): Text '13-Mar-93' is set on object 'Object Repository/GoAmlReport/08 Identitas Orang Mewakili Transaksi/01/05 Tanggl Lahir'

2020-09-02 12:36:54 - [MESSAGE][PASSED] - Text '13-Mar-93' is set on object 'Object Repository/GoAmlReport/08 Identitas Orang Mewakili Transaksi/01/05 Tanggl Lahir'

2020-09-02 12:36:54 - [TEST_STEP][PASSED] - delay(3): Delayed 3 second(s)

2020-09-02 12:36:57 - [MESSAGE][PASSED] - Delayed 3 second(s)

2020-09-02 12:36:57 - [TEST_STEP][PASSED] - sendKeys(findTestObject("GoAmlReport/08 Identitas Orang Mewakili Transaksi/01/05 Tanggl Lahir"), Keys.chord(ENTER)): Keys 'ENTER + ' sent to object: 'Object Repository/GoAmlReport/08 Identitas Orang Mewakili Transaksi/01/05 Tanggl Lahir'

2020-09-02 12:36:57 - [MESSAGE][PASSED] - Keys 'ENTER + ' sent to object: 'Object Repository/GoAmlReport/08 Identitas Orang Mewakili Transaksi/01/05 Tanggl Lahir'

2020-09-02 12:36:57 - [TEST_STEP][PASSED] - setText(findTestObject("GoAmlReport/08 Identitas Orang Mewakili Transaksi/01/06 Tempat Lahir"), "Jakarta"): Text 'Jakarta' is set on object 'Object Repository/GoAmlReport/08 Identitas Orang Mewakili Transaksi/01/06 Tempat Lahir'

2020-09-02 12:36:58 - [MESSAGE][PASSED] - Text 'Jakarta' is set on object 'Object Repository/GoAmlReport/08 Identitas Orang Mewakili Transaksi/01/06 Tempat Lahir'

2020-09-02 12:36:58 - [TEST_STEP][PASSED] - setText(findTestObject("GoAmlReport/08 Identitas Orang Mewakili Transaksi/01/07 Nama Ibu Kandung"), "Ibu"): Text 'Ibu' is set on object 'Object Repository/GoAmlReport/08 Identitas Orang Mewakili Transaksi/01/07 Nama Ibu Kandung'

2020-09-02 12:36:58 - [MESSAGE][PASSED] - Text 'Ibu' is set on object 'Object Repository/GoAmlReport/08 Identitas Orang Mewakili Transaksi/01/07 Nama Ibu Kandung'

2020-09-02 12:36:58 - [TEST_STEP][PASSED] - setText(findTestObject("GoAmlReport/08 Identitas Orang Mewakili Transaksi/01/09 NIK"), "31333"): Text '31333' is set on object 'Object Repository/GoAmlReport/08 Identitas Orang Mewakili Transaksi/01/09 NIK'

2020-09-02 12:36:59 - [MESSAGE][PASSED] - Text '31333' is set on object 'Object Repository/GoAmlReport/08 Identitas Orang Mewakili Transaksi/01/09 NIK'

2020-09-02 12:36:59 - [TEST_STEP][PASSED] - setText(findTestObject("GoAmlReport/08 Identitas Orang Mewakili Transaksi/01/10 No Passpor"), "123444"): Text '123444' is set on object 'Object Repository/GoAmlReport/08 Identitas Orang Mewakili Transaksi/01/10 No Passpor'

2020-09-02 12:37:00 - [MESSAGE][PASSED] - Text '123444' is set on object 'Object Repository/GoAmlReport/08 Identitas Orang Mewakili Transaksi/01/10 No Passpor'

2020-09-02 12:37:00 - [TEST_STEP][PASSED] - setText(findTestObject("GoAmlReport/08 Identitas Orang Mewakili Transaksi/01/11 Negara Penerbit Paspor"), "Indonesia"): Text 'Indonesia' is set on object 'Object Repository/GoAmlReport/08 Identitas Orang Mewakili Transaksi/01/11 Negara Penerbit Paspor'

2020-09-02 12:37:00 - [MESSAGE][PASSED] - Text 'Indonesia' is set on object 'Object Repository/GoAmlReport/08 Identitas Orang Mewakili Transaksi/01/11 Negara Penerbit Paspor'

2020-09-02 12:37:00 - [TEST_STEP][PASSED] - delay(3): Delayed 3 second(s)

2020-09-02 12:37:03 - [MESSAGE][PASSED] - Delayed 3 second(s)

2020-09-02 12:37:03 - [TEST_STEP][PASSED] - sendKeys(findTestObject("GoAmlReport/08 Identitas Orang Mewakili Transaksi/01/11 Negara Penerbit Paspor"), Keys.chord(ENTER)): Keys 'ENTER + ' sent to object: 'Object Repository/GoAmlReport/08 Identitas Orang Mewakili Transaksi/01/11 Negara Penerbit Paspor'

2020-09-02 12:37:04 - [MESSAGE][PASSED] - Keys 'ENTER + ' sent to object: 'Object Repository/GoAmlReport/08 Identitas Orang Mewakili Transaksi/01/11 Negara Penerbit Paspor'

2020-09-02 12:37:04 - [TEST_STEP][PASSED] - setText(findTestObject("GoAmlReport/08 Identitas Orang Mewakili Transaksi/01/12 No Identitas Lain"), "555555555"): Text '555555555' is set on object 'Object Repository/GoAmlReport/08 Identitas Orang Mewakili Transaksi/01/12 No Identitas Lain'

2020-09-02 12:37:05 - [MESSAGE][PASSED] - Text '555555555' is set on object 'Object Repository/GoAmlReport/08 Identitas Orang Mewakili Transaksi/01/12 No Identitas Lain'

2020-09-02 12:37:05 - [TEST_STEP][PASSED] - setText(findTestObject("GoAmlReport/08 Identitas Orang Mewakili Transaksi/04/01 Kwrg 1"), "ID - INDONESIA"): Text 'ID - INDONESIA' is set on object 'Object Repository/GoAmlReport/08 Identitas Orang Mewakili Transaksi/04/01 Kwrg 1'

2020-09-02 12:37:06 - [MESSAGE][PASSED] - Text 'ID - INDONESIA' is set on object 'Object Repository/GoAmlReport/08 Identitas Orang Mewakili Transaksi/04/01 Kwrg 1'

2020-09-02 12:37:06 - [TEST_STEP][PASSED] - delay(3): Delayed 3 second(s)

2020-09-02 12:37:09 - [MESSAGE][PASSED] - Delayed 3 second(s)

2020-09-02 12:37:09 - [TEST_STEP][PASSED] - sendKeys(findTestObject("GoAmlReport/08 Identitas Orang Mewakili Transaksi/04/01 Kwrg 1"), Keys.chord(ENTER)): Keys 'ENTER + ' sent to object: 'Object Repository/GoAmlReport/08 Identitas Orang Mewakili Transaksi/04/01 Kwrg 1'

2020-09-02 12:37:09 - [MESSAGE][PASSED] - Keys 'ENTER + ' sent to object: 'Object Repository/GoAmlReport/08 Identitas Orang Mewakili Transaksi/04/01 Kwrg 1'

2020-09-02 12:37:09 - [TEST_STEP][PASSED] - setText(findTestObject("GoAmlReport/08 Identitas Orang Mewakili Transaksi/04/02 Kwrg 2"), "ID - INDONESIA"): Text 'ID - INDONESIA' is set on object 'Object Repository/GoAmlReport/08 Identitas Orang Mewakili Transaksi/04/02 Kwrg 2'

2020-09-02 12:37:10 - [MESSAGE][PASSED] - Text 'ID - INDONESIA' is set on object 'Object Repository/GoAmlReport/08 Identitas Orang Mewakili Transaksi/04/02 Kwrg 2'

2020-09-02 12:37:10 - [TEST_STEP][PASSED] - delay(3): Delayed 3 second(s)

2020-09-02 12:37:13 - [MESSAGE][PASSED] - Delayed 3 second(s)

2020-09-02 12:37:13 - [TEST_STEP][PASSED] - sendKeys(findTestObject("GoAmlReport/08 Identitas Orang Mewakili Transaksi/04/02 Kwrg 2"), Keys.chord(ENTER)): Keys 'ENTER + ' sent to object: 'Object Repository/GoAmlReport/08 Identitas Orang Mewakili Transaksi/04/02 Kwrg 2'

2020-09-02 12:37:13 - [MESSAGE][PASSED] - Keys 'ENTER + ' sent to object: 'Object Repository/GoAmlReport/08 Identitas Orang Mewakili Transaksi/04/02 Kwrg 2'

2020-09-02 12:37:13 - [TEST_STEP][PASSED] - setText(findTestObject("GoAmlReport/08 Identitas Orang Mewakili Transaksi/04/03 Kwrg 3"), "ID - INDONESIA"): Text 'ID - INDONESIA' is set on object 'Object Repository/GoAmlReport/08 Identitas Orang Mewakili Transaksi/04/03 Kwrg 3'

2020-09-02 12:37:14 - [MESSAGE][PASSED] - Text 'ID - INDONESIA' is set on object 'Object Repository/GoAmlReport/08 Identitas Orang Mewakili Transaksi/04/03 Kwrg 3'

2020-09-02 12:37:14 - [TEST_STEP][PASSED] - delay(3): Delayed 3 second(s)

2020-09-02 12:37:17 - [MESSAGE][PASSED] - Delayed 3 second(s)

2020-09-02 12:37:17 - [TEST_STEP][PASSED] - sendKeys(findTestObject("GoAmlReport/08 Identitas Orang Mewakili Transaksi/04/03 Kwrg 3"), Keys.chord(ENTER)): Keys 'ENTER + ' sent to object: 'Object Repository/GoAmlReport/08 Identitas Orang Mewakili Transaksi/04/03 Kwrg 3'

2020-09-02 12:37:18 - [MESSAGE][PASSED] - Keys 'ENTER + ' sent to object: 'Object Repository/GoAmlReport/08 Identitas Orang Mewakili Transaksi/04/03 Kwrg 3'

2020-09-02 12:37:18 - [TEST_STEP][PASSED] - delay(3): Delayed 3 second(s)

2020-09-02 12:37:21 - [MESSAGE][PASSED] - Delayed 3 second(s)

2020-09-02 12:37:21 - [TEST_STEP][PASSED] - sendKeys(findTestObject("GoAmlReport/08 Identitas Orang Mewakili Transaksi/04/04 Negara Domisili"), "ID - INDONESIA"): Keys 'ID - INDONESIA' sent to object: 'Object Repository/GoAmlReport/08 Identitas Orang Mewakili Transaksi/04/04 Negara Domisili'

2020-09-02 12:37:21 - [MESSAGE][PASSED] - Keys 'ID - INDONESIA' sent to object: 'Object Repository/GoAmlReport/08 Identitas Orang Mewakili Transaksi/04/04 Negara Domisili'

2020-09-02 12:37:21 - [TEST_STEP][PASSED] - delay(3): Delayed 3 second(s)

2020-09-02 12:37:24 - [MESSAGE][PASSED] - Delayed 3 second(s)

2020-09-02 12:37:24 - [TEST_STEP][PASSED] - sendKeys(findTestObject("GoAmlReport/08 Identitas Orang Mewakili Transaksi/04/04 Negara Domisili"), Keys.chord(ENTER)): Keys 'ENTER + ' sent to object: 'Object Repository/GoAmlReport/08 Identitas Orang Mewakili Transaksi/04/04 Negara Domisili'

2020-09-02 12:37:25 - [MESSAGE][PASSED] - Keys 'ENTER + ' sent to object: 'Object Repository/GoAmlReport/08 Identitas Orang Mewakili Transaksi/04/04 Negara Domisili'

2020-09-02 12:37:25 - [TEST_STEP][PASSED] - scrollToElement(findTestObject("GoAmlReport/08 Identitas Orang Mewakili Transaksi/04/10 Pekerjaa"), 3): Scroll to object 'Object Repository/GoAmlReport/08 Identitas Orang Mewakili Transaksi/04/10 Pekerjaa' successfully

2020-09-02 12:37:25 - [MESSAGE][PASSED] - Scroll to object 'Object Repository/GoAmlReport/08 Identitas Orang Mewakili Transaksi/04/10 Pekerjaa' successfully

2020-09-02 12:37:25 - [TEST_STEP][PASSED] - setText(findTestObject("GoAmlReport/08 Identitas Orang Mewakili Transaksi/04/10 Pekerjaa"), "IT IT an"): Text 'IT IT an' is set on object 'Object Repository/GoAmlReport/08 Identitas Orang Mewakili Transaksi/04/10 Pekerjaa'

2020-09-02 12:37:26 - [MESSAGE][PASSED] - Text 'IT IT an' is set on object 'Object Repository/GoAmlReport/08 Identitas Orang Mewakili Transaksi/04/10 Pekerjaa'

2020-09-02 12:37:26 - [TEST_STEP][PASSED] - scrollToElement(findTestObject("GoAmlReport/08 Identitas Orang Mewakili Transaksi/04/11 Tempat Bekerja"), 3): Scroll to object 'Object Repository/GoAmlReport/08 Identitas Orang Mewakili Transaksi/04/11 Tempat Bekerja' successfully

2020-09-02 12:37:27 - [MESSAGE][PASSED] - Scroll to object 'Object Repository/GoAmlReport/08 Identitas Orang Mewakili Transaksi/04/11 Tempat Bekerja' successfully

2020-09-02 12:37:27 - [TEST_STEP][PASSED] - setText(findTestObject("GoAmlReport/08 Identitas Orang Mewakili Transaksi/04/11 Tempat Bekerja"), "JAKARTA"): Text 'JAKARTA' is set on object 'Object Repository/GoAmlReport/08 Identitas Orang Mewakili Transaksi/04/11 Tempat Bekerja'

2020-09-02 12:37:27 - [MESSAGE][PASSED] - Text 'JAKARTA' is set on object 'Object Repository/GoAmlReport/08 Identitas Orang Mewakili Transaksi/04/11 Tempat Bekerja'

2020-09-02 12:37:27 - [TEST_STEP][PASSED] - setText(findTestObject("GoAmlReport/08 Identitas Orang Mewakili Transaksi/07/10 Sumber Dana"), "Maling"): Text 'Maling' is set on object 'Object Repository/GoAmlReport/08 Identitas Orang Mewakili Transaksi/07/10 Sumber Dana'

2020-09-02 12:37:28 - [MESSAGE][PASSED] - Text 'Maling' is set on object 'Object Repository/GoAmlReport/08 Identitas Orang Mewakili Transaksi/07/10 Sumber Dana'

2020-09-02 12:37:28 - [TEST_STEP][PASSED] - setText(findTestObject("GoAmlReport/08 Identitas Orang Mewakili Transaksi/07/11 Catatan"), "tydacc addacc"): Text 'tydacc addacc' is set on object 'Object Repository/GoAmlReport/08 Identitas Orang Mewakili Transaksi/07/11 Catatan'

2020-09-02 12:37:28 - [MESSAGE][PASSED] - Text 'tydacc addacc' is set on object 'Object Repository/GoAmlReport/08 Identitas Orang Mewakili Transaksi/07/11 Catatan'

2020-09-02 12:37:28 - [TEST_STEP][PASSED] - scrollToElement(findTestObject("GoAmlReport/08 Identitas Orang Mewakili Transaksi/02/01 Add"), 3): Scroll to object 'Object Repository/GoAmlReport/08 Identitas Orang Mewakili Transaksi/02/01 Add' successfully

2020-09-02 12:37:29 - [MESSAGE][PASSED] - Scroll to object 'Object Repository/GoAmlReport/08 Identitas Orang Mewakili Transaksi/02/01 Add' successfully

2020-09-02 12:37:29 - [TEST_STEP][PASSED] - click(findTestObject("GoAmlReport/08 Identitas Orang Mewakili Transaksi/02/01 Add")): Object: 'Object Repository/GoAmlReport/08 Identitas Orang Mewakili Transaksi/02/01 Add' is clicked on

2020-09-02 12:37:29 - [MESSAGE][PASSED] - Object: 'Object Repository/GoAmlReport/08 Identitas Orang Mewakili Transaksi/02/01 Add' is clicked on

2020-09-02 12:37:30 - [TEST_STEP][PASSED] - delay(5): Delayed 5 second(s)

2020-09-02 12:37:35 - [MESSAGE][PASSED] - Delayed 5 second(s)

2020-09-02 12:37:35 - [TEST_STEP][PASSED] - setText(findTestObject("GoAmlReport/08 Identitas Orang Mewakili Transaksi/02/02 Kategori Kontak"), "D - Domisili"): Text 'D - Domisili' is set on object 'Object Repository/GoAmlReport/08 Identitas Orang Mewakili Transaksi/02/02 Kategori Kontak'

2020-09-02 12:37:35 - [MESSAGE][PASSED] - Text 'D - Domisili' is set on object 'Object Repository/GoAmlReport/08 Identitas Orang Mewakili Transaksi/02/02 Kategori Kontak'

2020-09-02 12:37:35 - [TEST_STEP][PASSED] - delay(3): Delayed 3 second(s)

2020-09-02 12:37:38 - [MESSAGE][PASSED] - Delayed 3 second(s)

2020-09-02 12:37:38 - [TEST_STEP][PASSED] - sendKeys(findTestObject("GoAmlReport/08 Identitas Orang Mewakili Transaksi/02/02 Kategori Kontak"), Keys.chord(ENTER)): Keys 'ENTER + ' sent to object: 'Object Repository/GoAmlReport/08 Identitas Orang Mewakili Transaksi/02/02 Kategori Kontak'

2020-09-02 12:37:39 - [MESSAGE][PASSED] - Keys 'ENTER + ' sent to object: 'Object Repository/GoAmlReport/08 Identitas Orang Mewakili Transaksi/02/02 Kategori Kontak'

2020-09-02 12:37:39 - [TEST_STEP][PASSED] - setText(findTestObject("GoAmlReport/08 Identitas Orang Mewakili Transaksi/02/03 Alat Komunikasi"), "PSTN - PSTN"): Text 'PSTN - PSTN' is set on object 'Object Repository/GoAmlReport/08 Identitas Orang Mewakili Transaksi/02/03 Alat Komunikasi'

2020-09-02 12:37:40 - [MESSAGE][PASSED] - Text 'PSTN - PSTN' is set on object 'Object Repository/GoAmlReport/08 Identitas Orang Mewakili Transaksi/02/03 Alat Komunikasi'

2020-09-02 12:37:40 - [TEST_STEP][PASSED] - delay(3): Delayed 3 second(s)

2020-09-02 12:37:43 - [MESSAGE][PASSED] - Delayed 3 second(s)

2020-09-02 12:37:43 - [TEST_STEP][PASSED] - sendKeys(findTestObject("GoAmlReport/08 Identitas Orang Mewakili Transaksi/02/03 Alat Komunikasi"), Keys.chord(ENTER)): Keys 'ENTER + ' sent to object: 'Object Repository/GoAmlReport/08 Identitas Orang Mewakili Transaksi/02/03 Alat Komunikasi'

2020-09-02 12:37:43 - [MESSAGE][PASSED] - Keys 'ENTER + ' sent to object: 'Object Repository/GoAmlReport/08 Identitas Orang Mewakili Transaksi/02/03 Alat Komunikasi'

2020-09-02 12:37:43 - [TEST_STEP][PASSED] - setText(findTestObject("GoAmlReport/08 Identitas Orang Mewakili Transaksi/02/05 Nomor Telepon"), "0986745632"): Text '0986745632' is set on object 'Object Repository/GoAmlReport/08 Identitas Orang Mewakili Transaksi/02/05 Nomor Telepon'

2020-09-02 12:37:44 - [MESSAGE][PASSED] - Text '0986745632' is set on object 'Object Repository/GoAmlReport/08 Identitas Orang Mewakili Transaksi/02/05 Nomor Telepon'

2020-09-02 12:37:44 - [TEST_STEP][PASSED] - delay(2): Delayed 2 second(s)

2020-09-02 12:37:46 - [MESSAGE][PASSED] - Delayed 2 second(s)

2020-09-02 12:37:46 - [TEST_STEP][PASSED] - scrollToElement(findTestObject("GoAmlReport/08 Identitas Orang Mewakili Transaksi/02/08 Save"), 3): Scroll to object 'Object Repository/GoAmlReport/08 Identitas Orang Mewakili Transaksi/02/08 Save' successfully

2020-09-02 12:37:46 - [MESSAGE][PASSED] - Scroll to object 'Object Repository/GoAmlReport/08 Identitas Orang Mewakili Transaksi/02/08 Save' successfully

2020-09-02 12:37:46 - [TEST_STEP][PASSED] - click(findTestObject("GoAmlReport/08 Identitas Orang Mewakili Transaksi/02/08 Save")): Object: 'Object Repository/GoAmlReport/08 Identitas Orang Mewakili Transaksi/02/08 Save' is clicked on

2020-09-02 12:37:47 - [MESSAGE][PASSED] - Object: 'Object Repository/GoAmlReport/08 Identitas Orang Mewakili Transaksi/02/08 Save' is clicked on

2020-09-02 12:37:47 - [TEST_STEP][PASSED] - delay(5): Delayed 5 second(s)

2020-09-02 12:37:52 - [MESSAGE][PASSED] - Delayed 5 second(s)

2020-09-02 12:37:52 - [TEST_STEP][PASSED] - scrollToElement(findTestObject("GoAmlReport/08 Identitas Orang Mewakili Transaksi/03/01 Add"), 3): Scroll to object 'Object Repository/GoAmlReport/08 Identitas Orang Mewakili Transaksi/03/01 Add' successfully

2020-09-02 12:37:52 - [MESSAGE][PASSED] - Scroll to object 'Object Repository/GoAmlReport/08 Identitas Orang Mewakili Transaksi/03/01 Add' successfully

2020-09-02 12:37:52 - [TEST_STEP][PASSED] - click(findTestObject("GoAmlReport/08 Identitas Orang Mewakili Transaksi/03/01 Add")): Object: 'Object Repository/GoAmlReport/08 Identitas Orang Mewakili Transaksi/03/01 Add' is clicked on

2020-09-02 12:37:53 - [MESSAGE][PASSED] - Object: 'Object Repository/GoAmlReport/08 Identitas Orang Mewakili Transaksi/03/01 Add' is clicked on

2020-09-02 12:37:53 - [TEST_STEP][PASSED] - delay(5): Delayed 5 second(s)

2020-09-02 12:37:58 - [MESSAGE][PASSED] - Delayed 5 second(s)

2020-09-02 12:37:58 - [TEST_STEP][PASSED] - setText(findTestObject("GoAmlReport/08 Identitas Orang Mewakili Transaksi/03/02 Tipe Alamat"), "D - Domisili"): Text 'D - Domisili' is set on object 'Object Repository/GoAmlReport/08 Identitas Orang Mewakili Transaksi/03/02 Tipe Alamat'

2020-09-02 12:37:58 - [MESSAGE][PASSED] - Text 'D - Domisili' is set on object 'Object Repository/GoAmlReport/08 Identitas Orang Mewakili Transaksi/03/02 Tipe Alamat'

2020-09-02 12:37:58 - [TEST_STEP][PASSED] - delay(5): Delayed 5 second(s)

2020-09-02 12:38:03 - [MESSAGE][PASSED] - Delayed 5 second(s)

2020-09-02 12:38:03 - [TEST_STEP][PASSED] - sendKeys(findTestObject("GoAmlReport/08 Identitas Orang Mewakili Transaksi/03/02 Tipe Alamat"), Keys.chord(ENTER)): Keys 'ENTER + ' sent to object: 'Object Repository/GoAmlReport/08 Identitas Orang Mewakili Transaksi/03/02 Tipe Alamat'

2020-09-02 12:38:04 - [MESSAGE][PASSED] - Keys 'ENTER + ' sent to object: 'Object Repository/GoAmlReport/08 Identitas Orang Mewakili Transaksi/03/02 Tipe Alamat'

2020-09-02 12:38:04 - [TEST_STEP][PASSED] - setText(findTestObject("GoAmlReport/08 Identitas Orang Mewakili Transaksi/03/03 Alamat"), "Jl. sdhjsadkjsnadklsandkjasd"): Text 'Jl. sdhjsadkjsnadklsandkjasd' is set on object 'Object Repository/GoAmlReport/08 Identitas Orang Mewakili Transaksi/03/03 Alamat'

2020-09-02 12:38:05 - [MESSAGE][PASSED] - Text 'Jl. sdhjsadkjsnadklsandkjasd' is set on object 'Object Repository/GoAmlReport/08 Identitas Orang Mewakili Transaksi/03/03 Alamat'

2020-09-02 12:38:05 - [TEST_STEP][PASSED] - setText(findTestObject("GoAmlReport/08 Identitas Orang Mewakili Transaksi/03/05 Kota"), "Jakarta"): Text 'Jakarta' is set on object 'Object Repository/GoAmlReport/08 Identitas Orang Mewakili Transaksi/03/05 Kota'

2020-09-02 12:38:05 - [MESSAGE][PASSED] - Text 'Jakarta' is set on object 'Object Repository/GoAmlReport/08 Identitas Orang Mewakili Transaksi/03/05 Kota'

2020-09-02 12:38:05 - [TEST_STEP][PASSED] - setText(findTestObject("GoAmlReport/08 Identitas Orang Mewakili Transaksi/03/07 Negara"), "ID - INDONESIA"): Text 'ID - INDONESIA' is set on object 'Object Repository/GoAmlReport/08 Identitas Orang Mewakili Transaksi/03/07 Negara'

2020-09-02 12:38:06 - [MESSAGE][PASSED] - Text 'ID - INDONESIA' is set on object 'Object Repository/GoAmlReport/08 Identitas Orang Mewakili Transaksi/03/07 Negara'

2020-09-02 12:38:06 - [TEST_STEP][PASSED] - delay(3): Delayed 3 second(s)

2020-09-02 12:38:09 - [MESSAGE][PASSED] - Delayed 3 second(s)

2020-09-02 12:38:09 - [TEST_STEP][PASSED] - sendKeys(findTestObject("GoAmlReport/08 Identitas Orang Mewakili Transaksi/03/07 Negara"), Keys.chord(ENTER)): Keys 'ENTER + ' sent to object: 'Object Repository/GoAmlReport/08 Identitas Orang Mewakili Transaksi/03/07 Negara'

2020-09-02 12:38:10 - [MESSAGE][PASSED] - Keys 'ENTER + ' sent to object: 'Object Repository/GoAmlReport/08 Identitas Orang Mewakili Transaksi/03/07 Negara'

2020-09-02 12:38:10 - [TEST_STEP][PASSED] - delay(2): Delayed 2 second(s)

2020-09-02 12:38:12 - [MESSAGE][PASSED] - Delayed 2 second(s)

2020-09-02 12:38:12 - [TEST_STEP][PASSED] - click(findTestObject("GoAmlReport/08 Identitas Orang Mewakili Transaksi/03/10 Save")): Object: 'Object Repository/GoAmlReport/08 Identitas Orang Mewakili Transaksi/03/10 Save' is clicked on

2020-09-02 12:38:12 - [MESSAGE][PASSED] - Object: 'Object Repository/GoAmlReport/08 Identitas Orang Mewakili Transaksi/03/10 Save' is clicked on

2020-09-02 12:38:12 - [TEST_STEP][PASSED] - delay(2): Delayed 2 second(s)

2020-09-02 12:38:14 - [MESSAGE][PASSED] - Delayed 2 second(s)

2020-09-02 12:38:14 - [TEST_STEP][PASSED] - scrollToElement(findTestObject("GoAmlReport/08 Identitas Orang Mewakili Transaksi/05/01 Add"), 3): Scroll to object 'Object Repository/GoAmlReport/08 Identitas Orang Mewakili Transaksi/05/01 Add' successfully

2020-09-02 12:38:15 - [MESSAGE][PASSED] - Scroll to object 'Object Repository/GoAmlReport/08 Identitas Orang Mewakili Transaksi/05/01 Add' successfully

2020-09-02 12:38:15 - [TEST_STEP][PASSED] - click(findTestObject("GoAmlReport/08 Identitas Orang Mewakili Transaksi/05/01 Add")): Object: 'Object Repository/GoAmlReport/08 Identitas Orang Mewakili Transaksi/05/01 Add' is clicked on

2020-09-02 12:38:15 - [MESSAGE][PASSED] - Object: 'Object Repository/GoAmlReport/08 Identitas Orang Mewakili Transaksi/05/01 Add' is clicked on

2020-09-02 12:38:15 - [TEST_STEP][PASSED] - delay(5): Delayed 5 second(s)

2020-09-02 12:38:20 - [MESSAGE][PASSED] - Delayed 5 second(s)

2020-09-02 12:38:20 - [TEST_STEP][PASSED] - setText(findTestObject("GoAmlReport/08 Identitas Orang Mewakili Transaksi/05/02 Tipe Alamat"), "K - Kantor"): Text 'K - Kantor' is set on object 'Object Repository/GoAmlReport/08 Identitas Orang Mewakili Transaksi/05/02 Tipe Alamat'

2020-09-02 12:38:21 - [MESSAGE][PASSED] - Text 'K - Kantor' is set on object 'Object Repository/GoAmlReport/08 Identitas Orang Mewakili Transaksi/05/02 Tipe Alamat'

2020-09-02 12:38:21 - [TEST_STEP][PASSED] - delay(3): Delayed 3 second(s)

2020-09-02 12:38:24 - [MESSAGE][PASSED] - Delayed 3 second(s)

2020-09-02 12:38:24 - [TEST_STEP][PASSED] - sendKeys(findTestObject("GoAmlReport/08 Identitas Orang Mewakili Transaksi/05/02 Tipe Alamat"), Keys.chord(ENTER)): Keys 'ENTER + ' sent to object: 'Object Repository/GoAmlReport/08 Identitas Orang Mewakili Transaksi/05/02 Tipe Alamat'

2020-09-02 12:38:24 - [MESSAGE][PASSED] - Keys 'ENTER + ' sent to object: 'Object Repository/GoAmlReport/08 Identitas Orang Mewakili Transaksi/05/02 Tipe Alamat'

2020-09-02 12:38:24 - [TEST_STEP][PASSED] - setText(findTestObject("GoAmlReport/08 Identitas Orang Mewakili Transaksi/05/03 Alamat"), "Tangerang"): Text 'Tangerang' is set on object 'Object Repository/GoAmlReport/08 Identitas Orang Mewakili Transaksi/05/03 Alamat'

2020-09-02 12:38:25 - [MESSAGE][PASSED] - Text 'Tangerang' is set on object 'Object Repository/GoAmlReport/08 Identitas Orang Mewakili Transaksi/05/03 Alamat'

2020-09-02 12:38:25 - [TEST_STEP][PASSED] - setText(findTestObject("GoAmlReport/08 Identitas Orang Mewakili Transaksi/05/05 Kota"), "Tgrng"): Text 'Tgrng' is set on object 'Object Repository/GoAmlReport/08 Identitas Orang Mewakili Transaksi/05/05 Kota'

2020-09-02 12:38:25 - [MESSAGE][PASSED] - Text 'Tgrng' is set on object 'Object Repository/GoAmlReport/08 Identitas Orang Mewakili Transaksi/05/05 Kota'

2020-09-02 12:38:25 - [TEST_STEP][PASSED] - setText(findTestObject("GoAmlReport/08 Identitas Orang Mewakili Transaksi/05/07 Negara"), "ID - INDONESIA"): Text 'ID - INDONESIA' is set on object 'Object Repository/GoAmlReport/08 Identitas Orang Mewakili Transaksi/05/07 Negara'

2020-09-02 12:38:26 - [MESSAGE][PASSED] - Text 'ID - INDONESIA' is set on object 'Object Repository/GoAmlReport/08 Identitas Orang Mewakili Transaksi/05/07 Negara'

2020-09-02 12:38:26 - [TEST_STEP][PASSED] - delay(3): Delayed 3 second(s)

2020-09-02 12:38:29 - [MESSAGE][PASSED] - Delayed 3 second(s)

2020-09-02 12:38:29 - [TEST_STEP][PASSED] - sendKeys(findTestObject("GoAmlReport/08 Identitas Orang Mewakili Transaksi/05/07 Negara"), Keys.chord(ENTER)): Keys 'ENTER + ' sent to object: 'Object Repository/GoAmlReport/08 Identitas Orang Mewakili Transaksi/05/07 Negara'

2020-09-02 12:38:30 - [MESSAGE][PASSED] - Keys 'ENTER + ' sent to object: 'Object Repository/GoAmlReport/08 Identitas Orang Mewakili Transaksi/05/07 Negara'

2020-09-02 12:38:30 - [TEST_STEP][PASSED] - click(findTestObject("GoAmlReport/08 Identitas Orang Mewakili Transaksi/05/10 Save")): Object: 'Object Repository/GoAmlReport/08 Identitas Orang Mewakili Transaksi/05/10 Save' is clicked on

2020-09-02 12:38:30 - [MESSAGE][PASSED] - Object: 'Object Repository/GoAmlReport/08 Identitas Orang Mewakili Transaksi/05/10 Save' is clicked on

2020-09-02 12:38:30 - [TEST_STEP][PASSED] - delay(3): Delayed 3 second(s)

2020-09-02 12:38:33 - [MESSAGE][PASSED] - Delayed 3 second(s)

2020-09-02 12:38:33 - [TEST_STEP][PASSED] - scrollToElement(findTestObject("GoAmlReport/08 Identitas Orang Mewakili Transaksi/06/01 Add"), 3): Scroll to object 'Object Repository/GoAmlReport/08 Identitas Orang Mewakili Transaksi/06/01 Add' successfully

2020-09-02 12:38:34 - [MESSAGE][PASSED] - Scroll to object 'Object Repository/GoAmlReport/08 Identitas Orang Mewakili Transaksi/06/01 Add' successfully

2020-09-02 12:38:34 - [TEST_STEP][PASSED] - click(findTestObject("GoAmlReport/08 Identitas Orang Mewakili Transaksi/06/01 Add")): Object: 'Object Repository/GoAmlReport/08 Identitas Orang Mewakili Transaksi/06/01 Add' is clicked on

2020-09-02 12:38:34 - [MESSAGE][PASSED] - Object: 'Object Repository/GoAmlReport/08 Identitas Orang Mewakili Transaksi/06/01 Add' is clicked on

2020-09-02 12:38:34 - [TEST_STEP][PASSED] - delay(3): Delayed 3 second(s)

2020-09-02 12:38:37 - [MESSAGE][PASSED] - Delayed 3 second(s)

2020-09-02 12:38:37 - [TEST_STEP][PASSED] - setText(findTestObject("GoAmlReport/08 Identitas Orang Mewakili Transaksi/06/02 Kategori Kontak"), "R - Rumah"): Text 'R - Rumah' is set on object 'Object Repository/GoAmlReport/08 Identitas Orang Mewakili Transaksi/06/02 Kategori Kontak'

2020-09-02 12:38:38 - [MESSAGE][PASSED] - Text 'R - Rumah' is set on object 'Object Repository/GoAmlReport/08 Identitas Orang Mewakili Transaksi/06/02 Kategori Kontak'

2020-09-02 12:38:38 - [TEST_STEP][PASSED] - delay(3): Delayed 3 second(s)

2020-09-02 12:38:41 - [MESSAGE][PASSED] - Delayed 3 second(s)

2020-09-02 12:38:41 - [TEST_STEP][PASSED] - sendKeys(findTestObject("GoAmlReport/08 Identitas Orang Mewakili Transaksi/06/02 Kategori Kontak"), Keys.chord(ENTER)): Keys 'ENTER + ' sent to object: 'Object Repository/GoAmlReport/08 Identitas Orang Mewakili Transaksi/06/02 Kategori Kontak'

2020-09-02 12:38:42 - [MESSAGE][PASSED] - Keys 'ENTER + ' sent to object: 'Object Repository/GoAmlReport/08 Identitas Orang Mewakili Transaksi/06/02 Kategori Kontak'

2020-09-02 12:38:42 - [TEST_STEP][PASSED] - setText(findTestObject("GoAmlReport/08 Identitas Orang Mewakili Transaksi/06/03 Alat Komunikasi"), "MOB - Mobile"): Text 'MOB - Mobile' is set on object 'Object Repository/GoAmlReport/08 Identitas Orang Mewakili Transaksi/06/03 Alat Komunikasi'

2020-09-02 12:38:43 - [MESSAGE][PASSED] - Text 'MOB - Mobile' is set on object 'Object Repository/GoAmlReport/08 Identitas Orang Mewakili Transaksi/06/03 Alat Komunikasi'

2020-09-02 12:38:43 - [TEST_STEP][PASSED] - delay(3): Delayed 3 second(s)

2020-09-02 12:38:46 - [MESSAGE][PASSED] - Delayed 3 second(s)

2020-09-02 12:38:46 - [TEST_STEP][PASSED] - sendKeys(findTestObject("GoAmlReport/08 Identitas Orang Mewakili Transaksi/06/03 Alat Komunikasi"), Keys.chord(ENTER)): Keys 'ENTER + ' sent to object: 'Object Repository/GoAmlReport/08 Identitas Orang Mewakili Transaksi/06/03 Alat Komunikasi'

2020-09-02 12:38:46 - [MESSAGE][PASSED] - Keys 'ENTER + ' sent to object: 'Object Repository/GoAmlReport/08 Identitas Orang Mewakili Transaksi/06/03 Alat Komunikasi'

2020-09-02 12:38:46 - [TEST_STEP][PASSED] - setText(findTestObject("GoAmlReport/08 Identitas Orang Mewakili Transaksi/06/04 Nomor Telepon"), "089234789233"): Text '089234789233' is set on object 'Object Repository/GoAmlReport/08 Identitas Orang Mewakili Transaksi/06/04 Nomor Telepon'

2020-09-02 12:38:47 - [MESSAGE][PASSED] - Text '089234789233' is set on object 'Object Repository/GoAmlReport/08 Identitas Orang Mewakili Transaksi/06/04 Nomor Telepon'

2020-09-02 12:38:47 - [TEST_STEP][PASSED] - click(findTestObject("GoAmlReport/08 Identitas Orang Mewakili Transaksi/06/07 Save"), STOP_ON_FAILURE): Object: 'Object Repository/GoAmlReport/08 Identitas Orang Mewakili Transaksi/06/07 Save' is clicked on

2020-09-02 12:38:47 - [MESSAGE][PASSED] - Object: 'Object Repository/GoAmlReport/08 Identitas Orang Mewakili Transaksi/06/07 Save' is clicked on

2020-09-02 12:38:47 - [TEST_STEP][PASSED] - delay(3): Delayed 3 second(s)

2020-09-02 12:38:50 - [MESSAGE][PASSED] - Delayed 3 second(s)

2020-09-02 12:38:50 - [TEST_STEP][PASSED] - scrollToElement(findTestObject("GoAmlReport/08 Identitas Orang Mewakili Transaksi/07/01 Add"), 3): Scroll to object 'Object Repository/GoAmlReport/08 Identitas Orang Mewakili Transaksi/07/01 Add' successfully

2020-09-02 12:38:51 - [MESSAGE][PASSED] - Scroll to object 'Object Repository/GoAmlReport/08 Identitas Orang Mewakili Transaksi/07/01 Add' successfully

2020-09-02 12:38:51 - [TEST_STEP][PASSED] - click(findTestObject("GoAmlReport/08 Identitas Orang Mewakili Transaksi/07/01 Add")): Object: 'Object Repository/GoAmlReport/08 Identitas Orang Mewakili Transaksi/07/01 Add' is clicked on

2020-09-02 12:38:51 - [MESSAGE][PASSED] - Object: 'Object Repository/GoAmlReport/08 Identitas Orang Mewakili Transaksi/07/01 Add' is clicked on

2020-09-02 12:38:51 - [TEST_STEP][PASSED] - delay(3): Delayed 3 second(s)

2020-09-02 12:38:54 - [MESSAGE][PASSED] - Delayed 3 second(s)

2020-09-02 12:38:54 - [TEST_STEP][PASSED] - setText(findTestObject("GoAmlReport/08 Identitas Orang Mewakili Transaksi/07/02 Jenis Dokumen Identitas"), "SUKET - Surat Keterangan Kependudukan"): Text 'SUKET - Surat Keterangan Kependudukan' is set on object 'Object Repository/GoAmlReport/08 Identitas Orang Mewakili Transaksi/07/02 Jenis Dokumen Identitas'

2020-09-02 12:38:55 - [MESSAGE][PASSED] - Text 'SUKET - Surat Keterangan Kependudukan' is set on object 'Object Repository/GoAmlReport/08 Identitas Orang Mewakili Transaksi/07/02 Jenis Dokumen Identitas'

2020-09-02 12:38:55 - [TEST_STEP][PASSED] - delay(3): Delayed 3 second(s)

2020-09-02 12:38:58 - [MESSAGE][PASSED] - Delayed 3 second(s)

2020-09-02 12:38:58 - [TEST_STEP][PASSED] - sendKeys(findTestObject("GoAmlReport/08 Identitas Orang Mewakili Transaksi/07/02 Jenis Dokumen Identitas"), Keys.chord(ENTER)): Keys 'ENTER + ' sent to object: 'Object Repository/GoAmlReport/08 Identitas Orang Mewakili Transaksi/07/02 Jenis Dokumen Identitas'

2020-09-02 12:38:59 - [MESSAGE][PASSED] - Keys 'ENTER + ' sent to object: 'Object Repository/GoAmlReport/08 Identitas Orang Mewakili Transaksi/07/02 Jenis Dokumen Identitas'

2020-09-02 12:38:59 - [TEST_STEP][PASSED] - setText(findTestObject("GoAmlReport/08 Identitas Orang Mewakili Transaksi/07/02 No Identitas"), "12321444"): Text '12321444' is set on object 'Object Repository/GoAmlReport/08 Identitas Orang Mewakili Transaksi/07/02 No Identitas'

2020-09-02 12:39:00 - [MESSAGE][PASSED] - Text '12321444' is set on object 'Object Repository/GoAmlReport/08 Identitas Orang Mewakili Transaksi/07/02 No Identitas'

2020-09-02 12:39:00 - [TEST_STEP][PASSED] - setText(findTestObject("GoAmlReport/08 Identitas Orang Mewakili Transaksi/07/06 Negara Penerbit Identitas"), "ID - INDONESIA"): Text 'ID - INDONESIA' is set on object 'Object Repository/GoAmlReport/08 Identitas Orang Mewakili Transaksi/07/06 Negara Penerbit Identitas'

2020-09-02 12:39:01 - [MESSAGE][PASSED] - Text 'ID - INDONESIA' is set on object 'Object Repository/GoAmlReport/08 Identitas Orang Mewakili Transaksi/07/06 Negara Penerbit Identitas'

2020-09-02 12:39:01 - [TEST_STEP][PASSED] - delay(3): Delayed 3 second(s)

2020-09-02 12:39:04 - [MESSAGE][PASSED] - Delayed 3 second(s)

2020-09-02 12:39:04 - [TEST_STEP][PASSED] - sendKeys(findTestObject("GoAmlReport/08 Identitas Orang Mewakili Transaksi/07/06 Negara Penerbit Identitas"), Keys.chord(ENTER)): Keys 'ENTER + ' sent to object: 'Object Repository/GoAmlReport/08 Identitas Orang Mewakili Transaksi/07/06 Negara Penerbit Identitas'

2020-09-02 12:39:04 - [MESSAGE][PASSED] - Keys 'ENTER + ' sent to object: 'Object Repository/GoAmlReport/08 Identitas Orang Mewakili Transaksi/07/06 Negara Penerbit Identitas'

2020-09-02 12:39:04 - [TEST_STEP][PASSED] - click(findTestObject("GoAmlReport/08 Identitas Orang Mewakili Transaksi/07/08 Save"), STOP_ON_FAILURE): Object: 'Object Repository/GoAmlReport/08 Identitas Orang Mewakili Transaksi/07/08 Save' is clicked on

2020-09-02 12:39:05 - [MESSAGE][PASSED] - Object: 'Object Repository/GoAmlReport/08 Identitas Orang Mewakili Transaksi/07/08 Save' is clicked on

2020-09-02 12:39:05 - [MESSAGE][PASSED] - Call Test Case 'Test Cases/Identitas Orang Mewakili Transaksi' successfully

2020-09-02 12:39:05 - [TEST_STEP][PASSED] - callTestCase(findTestCase("GoAML Report 4"), [:], STOP_ON_FAILURE): Call Test Case 'Test Cases/GoAML Report 4' successfully

2020-09-02 12:39:05 - [TEST_CASE][PASSED] - Test Cases/GoAML Report 4: Test Cases/GoAML Report 4

2020-09-02 12:39:05 - [TEST_STEP][PASSED] - for ([rowNum = 1, rowNum <= findTestData("GoAMLReport/Transaksi").getRowNumbers(), (rowNum++)]): Delayed 2 second(s)

2020-09-02 12:39:05 - [TEST_STEP][PASSED] - delay(6): Delayed 6 second(s)

2020-09-02 12:39:11 - [MESSAGE][PASSED] - Delayed 6 second(s)

2020-09-02 12:39:11 - [TEST_STEP][PASSED] - if (findTestData("GoAMLReport/Transaksi").getValue(1, rowNum) == "true"): Keys 'ENTER + ' sent to object: 'Object Repository/GoAmlReport/03 Identitas Pengirim/07 Negara Trx Asal'

2020-09-02 12:39:11 - [TEST_STEP][PASSED] - if (findTestData("GoAMLReport/Transaksi").getValue(6, rowNum) == "true"): null

2020-09-02 12:39:11 - [TEST_STEP][PASSED] - if (findTestData("GoAMLReport/Transaksi").getValue(7, rowNum) == "uang tunai"): Keys 'ENTER + ' sent to object: 'Object Repository/GoAmlReport/03 Identitas Pengirim/02 Ins Trx Asal'

2020-09-02 12:39:11 - [TEST_STEP][PASSED] - setText(findTestObject("GoAmlReport/03 Identitas Pengirim/02 Ins Trx Asal"), "Uang Tunai"): Text 'Uang Tunai' is set on object 'Object Repository/GoAmlReport/03 Identitas Pengirim/02 Ins Trx Asal'

2020-09-02 12:39:11 - [MESSAGE][PASSED] - Text 'Uang Tunai' is set on object 'Object Repository/GoAmlReport/03 Identitas Pengirim/02 Ins Trx Asal'

2020-09-02 12:39:12 - [TEST_STEP][PASSED] - delay(3): Delayed 3 second(s)

2020-09-02 12:39:15 - [MESSAGE][PASSED] - Delayed 3 second(s)

2020-09-02 12:39:15 - [TEST_STEP][PASSED] - sendKeys(findTestObject("GoAmlReport/03 Identitas Pengirim/02 Ins Trx Asal"), Keys.chord(ENTER)): Keys 'ENTER + ' sent to object: 'Object Repository/GoAmlReport/03 Identitas Pengirim/02 Ins Trx Asal'

2020-09-02 12:39:15 - [MESSAGE][PASSED] - Keys 'ENTER + ' sent to object: 'Object Repository/GoAmlReport/03 Identitas Pengirim/02 Ins Trx Asal'

2020-09-02 12:39:15 - [TEST_STEP][PASSED] - if (findTestData("GoAMLReport/Transaksi").getValue(7, rowNum) == "rekening"): null

2020-09-02 12:39:15 - [TEST_STEP][PASSED] - setText(findTestObject("GoAmlReport/03 Identitas Pengirim/05 Nominal Valas"), "500000"): Text '500000' is set on object 'Object Repository/GoAmlReport/03 Identitas Pengirim/05 Nominal Valas'

2020-09-02 12:39:16 - [MESSAGE][PASSED] - Text '500000' is set on object 'Object Repository/GoAmlReport/03 Identitas Pengirim/05 Nominal Valas'

2020-09-02 12:39:16 - [TEST_STEP][PASSED] - delay(3): Delayed 3 second(s)

2020-09-02 12:39:19 - [MESSAGE][PASSED] - Delayed 3 second(s)

2020-09-02 12:39:19 - [TEST_STEP][PASSED] - setText(findTestObject("GoAmlReport/03 Identitas Pengirim/06 Kurs"), "nope"): Text 'nope' is set on object 'Object Repository/GoAmlReport/03 Identitas Pengirim/06 Kurs'

2020-09-02 12:39:19 - [MESSAGE][PASSED] - Text 'nope' is set on object 'Object Repository/GoAmlReport/03 Identitas Pengirim/06 Kurs'

2020-09-02 12:39:19 - [TEST_STEP][PASSED] - setText(findTestObject("GoAmlReport/03 Identitas Pengirim/999 Mata Uang Asing"), "INR - Indian Rupee"): Text 'INR - Indian Rupee' is set on object 'Object Repository/GoAmlReport/03 Identitas Pengirim/999 Mata Uang Asing'

2020-09-02 12:39:21 - [MESSAGE][PASSED] - Text 'INR - Indian Rupee' is set on object 'Object Repository/GoAmlReport/03 Identitas Pengirim/999 Mata Uang Asing'

2020-09-02 12:39:21 - [TEST_STEP][PASSED] - delay(3): Delayed 3 second(s)

2020-09-02 12:39:24 - [MESSAGE][PASSED] - Delayed 3 second(s)

2020-09-02 12:39:24 - [TEST_STEP][PASSED] - sendKeys(findTestObject("GoAmlReport/03 Identitas Pengirim/999 Mata Uang Asing"), Keys.chord(ENTER)): Keys 'ENTER + ' sent to object: 'Object Repository/GoAmlReport/03 Identitas Pengirim/999 Mata Uang Asing'

2020-09-02 12:39:24 - [MESSAGE][PASSED] - Keys 'ENTER + ' sent to object: 'Object Repository/GoAmlReport/03 Identitas Pengirim/999 Mata Uang Asing'

2020-09-02 12:39:24 - [TEST_STEP][PASSED] - setText(findTestObject("GoAmlReport/03 Identitas Pengirim/07 Negara Trx Asal"), "INDONE"): Text 'INDONE' is set on object 'Object Repository/GoAmlReport/03 Identitas Pengirim/07 Negara Trx Asal'

2020-09-02 12:39:25 - [MESSAGE][PASSED] - Text 'INDONE' is set on object 'Object Repository/GoAmlReport/03 Identitas Pengirim/07 Negara Trx Asal'

2020-09-02 12:39:25 - [TEST_STEP][PASSED] - delay(3): Delayed 3 second(s)

2020-09-02 12:39:28 - [MESSAGE][PASSED] - Delayed 3 second(s)

2020-09-02 12:39:28 - [TEST_STEP][PASSED] - sendKeys(findTestObject("GoAmlReport/03 Identitas Pengirim/07 Negara Trx Asal"), Keys.chord(ENTER)): Keys 'ENTER + ' sent to object: 'Object Repository/GoAmlReport/03 Identitas Pengirim/07 Negara Trx Asal'

2020-09-02 12:39:28 - [MESSAGE][PASSED] - Keys 'ENTER + ' sent to object: 'Object Repository/GoAmlReport/03 Identitas Pengirim/07 Negara Trx Asal'

2020-09-02 12:39:28 - [TEST_STEP][PASSED] - if (findTestData("GoAMLReport/Transaksi").getValue(8, rowNum) == "person"): null

2020-09-02 12:39:28 - [TEST_STEP][PASSED] - if (findTestData("GoAMLReport/Transaksi").getValue(8, rowNum) == "account"): null

2020-09-02 12:39:28 - [TEST_STEP][PASSED] - if (findTestData("GoAMLReport/Transaksi").getValue(8, rowNum) == "entity"): Delayed 2 second(s)

2020-09-02 12:39:28 - [TEST_STEP][PASSED] - setText(findTestObject("GoAmlReport/03 Identitas Pengirim/09 Informasi Pengirim"), findTestData("GoAMLReport/Transaksi").getValue(8, rowNum)): Text 'entity' is set on object 'Object Repository/GoAmlReport/03 Identitas Pengirim/09 Informasi Pengirim'

2020-09-02 12:39:29 - [MESSAGE][PASSED] - Text 'entity' is set on object 'Object Repository/GoAmlReport/03 Identitas Pengirim/09 Informasi Pengirim'

2020-09-02 12:39:29 - [TEST_STEP][PASSED] - delay(8): Delayed 8 second(s)

2020-09-02 12:39:37 - [MESSAGE][PASSED] - Delayed 8 second(s)

2020-09-02 12:39:37 - [TEST_STEP][PASSED] - sendKeys(findTestObject("GoAmlReport/03 Identitas Pengirim/09 Informasi Pengirim"), Keys.chord(ENTER)): Keys 'ENTER + ' sent to object: 'Object Repository/GoAmlReport/03 Identitas Pengirim/09 Informasi Pengirim'

2020-09-02 12:39:38 - [MESSAGE][PASSED] - Keys 'ENTER + ' sent to object: 'Object Repository/GoAmlReport/03 Identitas Pengirim/09 Informasi Pengirim'

2020-09-02 12:39:38 - [TEST_STEP][PASSED] - delay(5): Delayed 5 second(s)

2020-09-02 12:39:43 - [MESSAGE][PASSED] - Delayed 5 second(s)

2020-09-02 12:39:43 - [TEST_STEP][PASSED] - setText(findTestObject("GoAmlReport/07 Entity/Account From/01 Nama Korporasi"), "Simpan Pinjam"): Text 'Simpan Pinjam' is set on object 'Object Repository/GoAmlReport/07 Entity/Account From/01 Nama Korporasi'

2020-09-02 12:39:44 - [MESSAGE][PASSED] - Text 'Simpan Pinjam' is set on object 'Object Repository/GoAmlReport/07 Entity/Account From/01 Nama Korporasi'

2020-09-02 12:39:44 - [TEST_STEP][PASSED] - setText(findTestObject("GoAmlReport/07 Entity/Account From/02 Bentuk Korporasi"), "PD - Perusahaan Daerah"): Text 'PD - Perusahaan Daerah' is set on object 'Object Repository/GoAmlReport/07 Entity/Account From/02 Bentuk Korporasi'

2020-09-02 12:39:45 - [MESSAGE][PASSED] - Text 'PD - Perusahaan Daerah' is set on object 'Object Repository/GoAmlReport/07 Entity/Account From/02 Bentuk Korporasi'

2020-09-02 12:39:45 - [TEST_STEP][PASSED] - delay(3): Delayed 3 second(s)

2020-09-02 12:39:48 - [MESSAGE][PASSED] - Delayed 3 second(s)

2020-09-02 12:39:48 - [TEST_STEP][PASSED] - sendKeys(findTestObject("GoAmlReport/07 Entity/Account From/02 Bentuk Korporasi"), Keys.chord(ENTER)): Keys 'ENTER + ' sent to object: 'Object Repository/GoAmlReport/07 Entity/Account From/02 Bentuk Korporasi'

2020-09-02 12:39:49 - [MESSAGE][PASSED] - Keys 'ENTER + ' sent to object: 'Object Repository/GoAmlReport/07 Entity/Account From/02 Bentuk Korporasi'

2020-09-02 12:39:49 - [TEST_STEP][PASSED] - setText(findTestObject("GoAmlReport/07 Entity/Account From/03 Bidang Usaha"), "Rentenir"): Text 'Rentenir' is set on object 'Object Repository/GoAmlReport/07 Entity/Account From/03 Bidang Usaha'

2020-09-02 12:39:49 - [MESSAGE][PASSED] - Text 'Rentenir' is set on object 'Object Repository/GoAmlReport/07 Entity/Account From/03 Bidang Usaha'

2020-09-02 12:39:49 - [TEST_STEP][PASSED] - setText(findTestObject("GoAmlReport/07 Entity/Account From/03 Negara"), "indone"): Text 'indone' is set on object 'Object Repository/GoAmlReport/07 Entity/Account From/03 Negara'

2020-09-02 12:39:50 - [MESSAGE][PASSED] - Text 'indone' is set on object 'Object Repository/GoAmlReport/07 Entity/Account From/03 Negara'

2020-09-02 12:39:50 - [TEST_STEP][PASSED] - delay(3): Delayed 3 second(s)

2020-09-02 12:39:53 - [MESSAGE][PASSED] - Delayed 3 second(s)

2020-09-02 12:39:53 - [TEST_STEP][PASSED] - sendKeys(findTestObject("GoAmlReport/07 Entity/Account From/03 Negara"), Keys.chord(ENTER)): Keys 'ENTER + ' sent to object: 'Object Repository/GoAmlReport/07 Entity/Account From/03 Negara'

2020-09-02 12:39:53 - [MESSAGE][PASSED] - Keys 'ENTER + ' sent to object: 'Object Repository/GoAmlReport/07 Entity/Account From/03 Negara'

2020-09-02 12:39:53 - [TEST_STEP][PASSED] - setText(findTestObject("GoAmlReport/07 Entity/Account From/04 NPWP"), "123213123"): Text '123213123' is set on object 'Object Repository/GoAmlReport/07 Entity/Account From/04 NPWP'

2020-09-02 12:39:54 - [MESSAGE][PASSED] - Text '123213123' is set on object 'Object Repository/GoAmlReport/07 Entity/Account From/04 NPWP'

2020-09-02 12:39:54 - [TEST_STEP][PASSED] - scrollToElement(findTestObject("GoAmlReport/07 Entity/Account Tab From/01 Telepon/Tambah Telepon"), 3): Scroll to object 'Object Repository/GoAmlReport/07 Entity/Account Tab From/01 Telepon/Tambah Telepon' successfully

2020-09-02 12:39:55 - [MESSAGE][PASSED] - Scroll to object 'Object Repository/GoAmlReport/07 Entity/Account Tab From/01 Telepon/Tambah Telepon' successfully

2020-09-02 12:39:55 - [TEST_STEP][PASSED] - click(findTestObject("GoAmlReport/07 Entity/Account Tab From/01 Telepon/Tambah Telepon")): Object: 'Object Repository/GoAmlReport/07 Entity/Account Tab From/01 Telepon/Tambah Telepon' is clicked on

2020-09-02 12:39:55 - [MESSAGE][PASSED] - Object: 'Object Repository/GoAmlReport/07 Entity/Account Tab From/01 Telepon/Tambah Telepon' is clicked on

2020-09-02 12:39:55 - [TEST_STEP][PASSED] - delay(5): Delayed 5 second(s)

2020-09-02 12:40:00 - [MESSAGE][PASSED] - Delayed 5 second(s)

2020-09-02 12:40:00 - [TEST_STEP][PASSED] - setText(findTestObject("GoAmlReport/07 Entity/Account Tab From/01 Telepon/01 Kategori Kontak"), "D - Domisili"): Text 'D - Domisili' is set on object 'Object Repository/GoAmlReport/07 Entity/Account Tab From/01 Telepon/01 Kategori Kontak'

2020-09-02 12:40:01 - [MESSAGE][PASSED] - Text 'D - Domisili' is set on object 'Object Repository/GoAmlReport/07 Entity/Account Tab From/01 Telepon/01 Kategori Kontak'

2020-09-02 12:40:01 - [TEST_STEP][PASSED] - delay(3): Delayed 3 second(s)

2020-09-02 12:40:04 - [MESSAGE][PASSED] - Delayed 3 second(s)

2020-09-02 12:40:04 - [TEST_STEP][PASSED] - sendKeys(findTestObject("GoAmlReport/07 Entity/Account Tab From/01 Telepon/01 Kategori Kontak"), Keys.chord(ENTER)): Keys 'ENTER + ' sent to object: 'Object Repository/GoAmlReport/07 Entity/Account Tab From/01 Telepon/01 Kategori Kontak'

2020-09-02 12:40:05 - [MESSAGE][PASSED] - Keys 'ENTER + ' sent to object: 'Object Repository/GoAmlReport/07 Entity/Account Tab From/01 Telepon/01 Kategori Kontak'

2020-09-02 12:40:05 - [TEST_STEP][PASSED] - setText(findTestObject("GoAmlReport/07 Entity/Account Tab From/01 Telepon/02 Alat Komunikasi"), "PSTN - PSTN"): Text 'PSTN - PSTN' is set on object 'Object Repository/GoAmlReport/07 Entity/Account Tab From/01 Telepon/02 Alat Komunikasi'

2020-09-02 12:40:05 - [MESSAGE][PASSED] - Text 'PSTN - PSTN' is set on object 'Object Repository/GoAmlReport/07 Entity/Account Tab From/01 Telepon/02 Alat Komunikasi'

2020-09-02 12:40:05 - [TEST_STEP][PASSED] - delay(3): Delayed 3 second(s)

2020-09-02 12:40:08 - [MESSAGE][PASSED] - Delayed 3 second(s)

2020-09-02 12:40:08 - [TEST_STEP][PASSED] - sendKeys(findTestObject("GoAmlReport/07 Entity/Account Tab From/01 Telepon/02 Alat Komunikasi"), Keys.chord(ENTER)): Keys 'ENTER + ' sent to object: 'Object Repository/GoAmlReport/07 Entity/Account Tab From/01 Telepon/02 Alat Komunikasi'

2020-09-02 12:40:09 - [MESSAGE][PASSED] - Keys 'ENTER + ' sent to object: 'Object Repository/GoAmlReport/07 Entity/Account Tab From/01 Telepon/02 Alat Komunikasi'

2020-09-02 12:40:09 - [TEST_STEP][PASSED] - setText(findTestObject("GoAmlReport/07 Entity/Account Tab From/01 Telepon/03 No Telepon"), "0986745632"): Text '0986745632' is set on object 'Object Repository/GoAmlReport/07 Entity/Account Tab From/01 Telepon/03 No Telepon'

2020-09-02 12:40:10 - [MESSAGE][PASSED] - Text '0986745632' is set on object 'Object Repository/GoAmlReport/07 Entity/Account Tab From/01 Telepon/03 No Telepon'

2020-09-02 12:40:10 - [TEST_STEP][PASSED] - delay(2): Delayed 2 second(s)

2020-09-02 12:40:12 - [MESSAGE][PASSED] - Delayed 2 second(s)

2020-09-02 12:40:12 - [TEST_STEP][PASSED] - scrollToElement(findTestObject("GoAmlReport/07 Entity/Account Tab From/01 Telepon/Save"), 3): Scroll to object 'Object Repository/GoAmlReport/07 Entity/Account Tab From/01 Telepon/Save' successfully

2020-09-02 12:40:12 - [MESSAGE][PASSED] - Scroll to object 'Object Repository/GoAmlReport/07 Entity/Account Tab From/01 Telepon/Save' successfully

2020-09-02 12:40:12 - [TEST_STEP][PASSED] - click(findTestObject("GoAmlReport/07 Entity/Account Tab From/01 Telepon/Save"), STOP_ON_FAILURE): Object: 'Object Repository/GoAmlReport/07 Entity/Account Tab From/01 Telepon/Save' is clicked on

2020-09-02 12:40:13 - [MESSAGE][PASSED] - Object: 'Object Repository/GoAmlReport/07 Entity/Account Tab From/01 Telepon/Save' is clicked on

2020-09-02 12:40:13 - [TEST_STEP][PASSED] - delay(3): Delayed 3 second(s)

2020-09-02 12:40:16 - [MESSAGE][PASSED] - Delayed 3 second(s)

2020-09-02 12:40:16 - [TEST_STEP][PASSED] - scrollToElement(findTestObject("GoAmlReport/07 Entity/Account Tab From/02 Alamat/span_Tambah Alamat"), 3): Scroll to object 'Object Repository/GoAmlReport/07 Entity/Account Tab From/02 Alamat/span_Tambah Alamat' successfully

2020-09-02 12:40:16 - [MESSAGE][PASSED] - Scroll to object 'Object Repository/GoAmlReport/07 Entity/Account Tab From/02 Alamat/span_Tambah Alamat' successfully

2020-09-02 12:40:16 - [TEST_STEP][PASSED] - click(findTestObject("GoAmlReport/07 Entity/Account Tab From/02 Alamat/span_Tambah Alamat")): Object: 'Object Repository/GoAmlReport/07 Entity/Account Tab From/02 Alamat/span_Tambah Alamat' is clicked on

2020-09-02 12:40:16 - [MESSAGE][PASSED] - Object: 'Object Repository/GoAmlReport/07 Entity/Account Tab From/02 Alamat/span_Tambah Alamat' is clicked on

2020-09-02 12:40:16 - [TEST_STEP][PASSED] - delay(5): Delayed 5 second(s)

2020-09-02 12:40:21 - [MESSAGE][PASSED] - Delayed 5 second(s)

2020-09-02 12:40:21 - [TEST_STEP][PASSED] - setText(findTestObject("GoAmlReport/07 Entity/Account Tab From/02 Alamat/01 Type Alamat"), "D - Domisili"): Text 'D - Domisili' is set on object 'Object Repository/GoAmlReport/07 Entity/Account Tab From/02 Alamat/01 Type Alamat'

2020-09-02 12:40:22 - [MESSAGE][PASSED] - Text 'D - Domisili' is set on object 'Object Repository/GoAmlReport/07 Entity/Account Tab From/02 Alamat/01 Type Alamat'

2020-09-02 12:40:22 - [TEST_STEP][PASSED] - delay(5): Delayed 5 second(s)

2020-09-02 12:40:27 - [MESSAGE][PASSED] - Delayed 5 second(s)

2020-09-02 12:40:27 - [TEST_STEP][PASSED] - sendKeys(findTestObject("GoAmlReport/07 Entity/Account Tab From/02 Alamat/01 Type Alamat"), Keys.chord(ENTER)): Keys 'ENTER + ' sent to object: 'Object Repository/GoAmlReport/07 Entity/Account Tab From/02 Alamat/01 Type Alamat'

2020-09-02 12:40:28 - [MESSAGE][PASSED] - Keys 'ENTER + ' sent to object: 'Object Repository/GoAmlReport/07 Entity/Account Tab From/02 Alamat/01 Type Alamat'

2020-09-02 12:40:28 - [TEST_STEP][PASSED] - setText(findTestObject("GoAmlReport/07 Entity/Account Tab From/02 Alamat/02 Alamat"), "Jl. sdhjsadkjsnadklsandkjasd"): Text 'Jl. sdhjsadkjsnadklsandkjasd' is set on object 'Object Repository/GoAmlReport/07 Entity/Account Tab From/02 Alamat/02 Alamat'

2020-09-02 12:40:28 - [MESSAGE][PASSED] - Text 'Jl. sdhjsadkjsnadklsandkjasd' is set on object 'Object Repository/GoAmlReport/07 Entity/Account Tab From/02 Alamat/02 Alamat'

2020-09-02 12:40:28 - [TEST_STEP][PASSED] - setText(findTestObject("GoAmlReport/07 Entity/Account Tab From/02 Alamat/03 Kota"), "Jakarta"): Text 'Jakarta' is set on object 'Object Repository/GoAmlReport/07 Entity/Account Tab From/02 Alamat/03 Kota'

2020-09-02 12:40:29 - [MESSAGE][PASSED] - Text 'Jakarta' is set on object 'Object Repository/GoAmlReport/07 Entity/Account Tab From/02 Alamat/03 Kota'

2020-09-02 12:40:29 - [TEST_STEP][PASSED] - setText(findTestObject("GoAmlReport/07 Entity/Account Tab From/02 Alamat/03 Negara"), "ID - INDONESIA"): Text 'ID - INDONESIA' is set on object 'Object Repository/GoAmlReport/07 Entity/Account Tab From/02 Alamat/03 Negara'

2020-09-02 12:40:30 - [MESSAGE][PASSED] - Text 'ID - INDONESIA' is set on object 'Object Repository/GoAmlReport/07 Entity/Account Tab From/02 Alamat/03 Negara'

2020-09-02 12:40:30 - [TEST_STEP][PASSED] - delay(3): Delayed 3 second(s)

2020-09-02 12:40:33 - [MESSAGE][PASSED] - Delayed 3 second(s)

2020-09-02 12:40:33 - [TEST_STEP][PASSED] - sendKeys(findTestObject("GoAmlReport/07 Entity/Account Tab From/02 Alamat/03 Negara"), Keys.chord(ENTER)): Keys 'ENTER + ' sent to object: 'Object Repository/GoAmlReport/07 Entity/Account Tab From/02 Alamat/03 Negara'

2020-09-02 12:40:33 - [MESSAGE][PASSED] - Keys 'ENTER + ' sent to object: 'Object Repository/GoAmlReport/07 Entity/Account Tab From/02 Alamat/03 Negara'

2020-09-02 12:40:33 - [TEST_STEP][PASSED] - delay(2): Delayed 2 second(s)

2020-09-02 12:40:35 - [MESSAGE][PASSED] - Delayed 2 second(s)

2020-09-02 12:40:35 - [TEST_STEP][PASSED] - click(findTestObject("GoAmlReport/07 Entity/Account Tab From/02 Alamat/save")): Object: 'Object Repository/GoAmlReport/07 Entity/Account Tab From/02 Alamat/save' is clicked on

2020-09-02 12:40:36 - [MESSAGE][PASSED] - Object: 'Object Repository/GoAmlReport/07 Entity/Account Tab From/02 Alamat/save' is clicked on

2020-09-02 12:40:36 - [TEST_STEP][PASSED] - scrollToElement(findTestObject("GoAmlReport/07 Entity/Account Tab From/03 Director/00 Add"), 3): Scroll to object 'Object Repository/GoAmlReport/07 Entity/Account Tab From/03 Director/00 Add' successfully

2020-09-02 12:40:36 - [MESSAGE][PASSED] - Scroll to object 'Object Repository/GoAmlReport/07 Entity/Account Tab From/03 Director/00 Add' successfully

2020-09-02 12:40:36 - [TEST_STEP][PASSED] - click(findTestObject("GoAmlReport/07 Entity/Account Tab From/03 Director/00 Add")): Object: 'Object Repository/GoAmlReport/07 Entity/Account Tab From/03 Director/00 Add' is clicked on

2020-09-02 12:40:37 - [MESSAGE][PASSED] - Object: 'Object Repository/GoAmlReport/07 Entity/Account Tab From/03 Director/00 Add' is clicked on

2020-09-02 12:40:37 - [TEST_STEP][PASSED] - delay(5): Delayed 5 second(s)

2020-09-02 12:40:42 - [MESSAGE][PASSED] - Delayed 5 second(s)

2020-09-02 12:40:42 - [TEST_STEP][PASSED] - setText(findTestObject("GoAmlReport/07 Entity/Account Tab From/03 Director/01 Jenis Kelamin"), "F - Female"): Text 'F - Female' is set on object 'Object Repository/GoAmlReport/07 Entity/Account Tab From/03 Director/01 Jenis Kelamin'

2020-09-02 12:40:43 - [MESSAGE][PASSED] - Text 'F - Female' is set on object 'Object Repository/GoAmlReport/07 Entity/Account Tab From/03 Director/01 Jenis Kelamin'

2020-09-02 12:40:43 - [TEST_STEP][PASSED] - delay(2): Delayed 2 second(s)

2020-09-02 12:40:45 - [MESSAGE][PASSED] - Delayed 2 second(s)

2020-09-02 12:40:45 - [TEST_STEP][PASSED] - sendKeys(findTestObject("GoAmlReport/07 Entity/Account Tab From/03 Director/01 Jenis Kelamin"), Keys.chord(ENTER)): Keys 'ENTER + ' sent to object: 'Object Repository/GoAmlReport/07 Entity/Account Tab From/03 Director/01 Jenis Kelamin'

2020-09-02 12:40:46 - [MESSAGE][PASSED] - Keys 'ENTER + ' sent to object: 'Object Repository/GoAmlReport/07 Entity/Account Tab From/03 Director/01 Jenis Kelamin'

2020-09-02 12:40:46 - [TEST_STEP][PASSED] - setText(findTestObject("GoAmlReport/07 Entity/Account Tab From/03 Director/10 Tanggal Lahir"), "01-Aug-96"): Text '01-Aug-96' is set on object 'Object Repository/GoAmlReport/07 Entity/Account Tab From/03 Director/10 Tanggal Lahir'

2020-09-02 12:40:46 - [MESSAGE][PASSED] - Text '01-Aug-96' is set on object 'Object Repository/GoAmlReport/07 Entity/Account Tab From/03 Director/10 Tanggal Lahir'

2020-09-02 12:40:46 - [TEST_STEP][PASSED] - delay(5): Delayed 5 second(s)

2020-09-02 12:40:51 - [MESSAGE][PASSED] - Delayed 5 second(s)

2020-09-02 12:40:51 - [TEST_STEP][PASSED] - sendKeys(findTestObject("GoAmlReport/07 Entity/Account Tab From/03 Director/10 Tanggal Lahir"), Keys.chord(ENTER)): Keys 'ENTER + ' sent to object: 'Object Repository/GoAmlReport/07 Entity/Account Tab From/03 Director/10 Tanggal Lahir'

2020-09-02 12:40:52 - [MESSAGE][PASSED] - Keys 'ENTER + ' sent to object: 'Object Repository/GoAmlReport/07 Entity/Account Tab From/03 Director/10 Tanggal Lahir'

2020-09-02 12:40:52 - [TEST_STEP][PASSED] - setText(findTestObject("GoAmlReport/07 Entity/Account Tab From/03 Director/12 Tempat Lahir"), "Jakarta"): Text 'Jakarta' is set on object 'Object Repository/GoAmlReport/07 Entity/Account Tab From/03 Director/12 Tempat Lahir'

2020-09-02 12:40:53 - [MESSAGE][PASSED] - Text 'Jakarta' is set on object 'Object Repository/GoAmlReport/07 Entity/Account Tab From/03 Director/12 Tempat Lahir'

2020-09-02 12:40:53 - [TEST_STEP][PASSED] - delay(5): Delayed 5 second(s)

2020-09-02 12:40:58 - [MESSAGE][PASSED] - Delayed 5 second(s)

2020-09-02 12:40:58 - [TEST_STEP][PASSED] - sendKeys(findTestObject("GoAmlReport/07 Entity/Account Tab From/03 Director/01 Jenis Kelamin"), Keys.chord(ENTER)): Keys 'ENTER + ' sent to object: 'Object Repository/GoAmlReport/07 Entity/Account Tab From/03 Director/01 Jenis Kelamin'

2020-09-02 12:40:58 - [MESSAGE][PASSED] - Keys 'ENTER + ' sent to object: 'Object Repository/GoAmlReport/07 Entity/Account Tab From/03 Director/01 Jenis Kelamin'

2020-09-02 12:40:58 - [TEST_STEP][PASSED] - setText(findTestObject("GoAmlReport/07 Entity/Account Tab From/03 Director/02 Nama Lengkap"), "Aman "): Text 'Aman ' is set on object 'Object Repository/GoAmlReport/07 Entity/Account Tab From/03 Director/02 Nama Lengkap'

2020-09-02 12:40:59 - [MESSAGE][PASSED] - Text 'Aman ' is set on object 'Object Repository/GoAmlReport/07 Entity/Account Tab From/03 Director/02 Nama Lengkap'

2020-09-02 12:40:59 - [TEST_STEP][PASSED] - setText(findTestObject("GoAmlReport/07 Entity/Account Tab From/03 Director/04 Kewarganegaraan"), "indone"): Text 'indone' is set on object 'Object Repository/GoAmlReport/07 Entity/Account Tab From/03 Director/04 Kewarganegaraan'

2020-09-02 12:41:00 - [MESSAGE][PASSED] - Text 'indone' is set on object 'Object Repository/GoAmlReport/07 Entity/Account Tab From/03 Director/04 Kewarganegaraan'

2020-09-02 12:41:00 - [TEST_STEP][PASSED] - delay(5): Delayed 5 second(s)

2020-09-02 12:41:05 - [MESSAGE][PASSED] - Delayed 5 second(s)

2020-09-02 12:41:05 - [TEST_STEP][PASSED] - sendKeys(findTestObject("GoAmlReport/07 Entity/Account Tab From/03 Director/04 Kewarganegaraan"), Keys.chord(ENTER)): Keys 'ENTER + ' sent to object: 'Object Repository/GoAmlReport/07 Entity/Account Tab From/03 Director/04 Kewarganegaraan'

2020-09-02 12:41:05 - [MESSAGE][PASSED] - Keys 'ENTER + ' sent to object: 'Object Repository/GoAmlReport/07 Entity/Account Tab From/03 Director/04 Kewarganegaraan'

2020-09-02 12:41:05 - [TEST_STEP][PASSED] - setText(findTestObject("GoAmlReport/07 Entity/Account Tab From/03 Director/05 Negara Domisili"), "ID - INDONESIA"): Text 'ID - INDONESIA' is set on object 'Object Repository/GoAmlReport/07 Entity/Account Tab From/03 Director/05 Negara Domisili'

2020-09-02 12:41:06 - [MESSAGE][PASSED] - Text 'ID - INDONESIA' is set on object 'Object Repository/GoAmlReport/07 Entity/Account Tab From/03 Director/05 Negara Domisili'

2020-09-02 12:41:06 - [TEST_STEP][PASSED] - delay(3): Delayed 3 second(s)

2020-09-02 12:41:09 - [MESSAGE][PASSED] - Delayed 3 second(s)

2020-09-02 12:41:09 - [TEST_STEP][PASSED] - sendKeys(findTestObject("GoAmlReport/07 Entity/Account Tab From/03 Director/05 Negara Domisili"), Keys.chord(ENTER)): Keys 'ENTER + ' sent to object: 'Object Repository/GoAmlReport/07 Entity/Account Tab From/03 Director/05 Negara Domisili'

2020-09-02 12:41:10 - [MESSAGE][PASSED] - Keys 'ENTER + ' sent to object: 'Object Repository/GoAmlReport/07 Entity/Account Tab From/03 Director/05 Negara Domisili'

2020-09-02 12:41:10 - [TEST_STEP][PASSED] - setText(findTestObject("GoAmlReport/07 Entity/Account Tab From/03 Director/06 Pekerjaan"), "Kerja Serabutan"): Text 'Kerja Serabutan' is set on object 'Object Repository/GoAmlReport/07 Entity/Account Tab From/03 Director/06 Pekerjaan'

2020-09-02 12:41:11 - [MESSAGE][PASSED] - Text 'Kerja Serabutan' is set on object 'Object Repository/GoAmlReport/07 Entity/Account Tab From/03 Director/06 Pekerjaan'

2020-09-02 12:41:11 - [TEST_STEP][PASSED] - setText(findTestObject("GoAmlReport/07 Entity/Account Tab From/03 Director/07 Sumber Dana"), "Maling"): Text 'Maling' is set on object 'Object Repository/GoAmlReport/07 Entity/Account Tab From/03 Director/07 Sumber Dana'

2020-09-02 12:41:12 - [MESSAGE][PASSED] - Text 'Maling' is set on object 'Object Repository/GoAmlReport/07 Entity/Account Tab From/03 Director/07 Sumber Dana'

2020-09-02 12:41:12 - [TEST_STEP][PASSED] - setText(findTestObject("GoAmlReport/07 Entity/Account Tab From/03 Director/08 Peran"), "UBO - Ultimate Beneficial Owner"): Text 'UBO - Ultimate Beneficial Owner' is set on object 'Object Repository/GoAmlReport/07 Entity/Account Tab From/03 Director/08 Peran'

2020-09-02 12:41:13 - [MESSAGE][PASSED] - Text 'UBO - Ultimate Beneficial Owner' is set on object 'Object Repository/GoAmlReport/07 Entity/Account Tab From/03 Director/08 Peran'

2020-09-02 12:41:13 - [TEST_STEP][PASSED] - delay(2): Delayed 2 second(s)

2020-09-02 12:41:15 - [MESSAGE][PASSED] - Delayed 2 second(s)

2020-09-02 12:41:15 - [TEST_STEP][PASSED] - sendKeys(findTestObject("GoAmlReport/07 Entity/Account Tab From/03 Director/08 Peran"), Keys.chord(ENTER)): Keys 'ENTER + ' sent to object: 'Object Repository/GoAmlReport/07 Entity/Account Tab From/03 Director/08 Peran'

2020-09-02 12:41:16 - [MESSAGE][PASSED] - Keys 'ENTER + ' sent to object: 'Object Repository/GoAmlReport/07 Entity/Account Tab From/03 Director/08 Peran'

2020-09-02 12:41:16 - [TEST_STEP][PASSED] - click(findTestObject("GoAmlReport/07 Entity/Account Tab From/03 Director/09 Telepon/Tambah Telepon")): Object: 'Object Repository/GoAmlReport/07 Entity/Account Tab From/03 Director/09 Telepon/Tambah Telepon' is clicked on

2020-09-02 12:41:17 - [MESSAGE][PASSED] - Object: 'Object Repository/GoAmlReport/07 Entity/Account Tab From/03 Director/09 Telepon/Tambah Telepon' is clicked on

2020-09-02 12:41:17 - [TEST_STEP][PASSED] - scrollToElement(findTestObject("GoAmlReport/07 Entity/Account Tab From/03 Director/09 Telepon/01 Kategori Kontak"), 3): Scroll to object 'Object Repository/GoAmlReport/07 Entity/Account Tab From/03 Director/09 Telepon/01 Kategori Kontak' successfully

2020-09-02 12:41:18 - [MESSAGE][PASSED] - Scroll to object 'Object Repository/GoAmlReport/07 Entity/Account Tab From/03 Director/09 Telepon/01 Kategori Kontak' successfully

2020-09-02 12:41:18 - [TEST_STEP][PASSED] - setText(findTestObject("GoAmlReport/07 Entity/Account Tab From/03 Director/09 Telepon/01 Kategori Kontak"), "K - Kantor"): Text 'K - Kantor' is set on object 'Object Repository/GoAmlReport/07 Entity/Account Tab From/03 Director/09 Telepon/01 Kategori Kontak'

2020-09-02 12:41:19 - [MESSAGE][PASSED] - Text 'K - Kantor' is set on object 'Object Repository/GoAmlReport/07 Entity/Account Tab From/03 Director/09 Telepon/01 Kategori Kontak'

2020-09-02 12:41:19 - [TEST_STEP][PASSED] - delay(3): Delayed 3 second(s)

2020-09-02 12:41:22 - [MESSAGE][PASSED] - Delayed 3 second(s)

2020-09-02 12:41:22 - [TEST_STEP][PASSED] - sendKeys(findTestObject("GoAmlReport/07 Entity/Account Tab From/03 Director/09 Telepon/01 Kategori Kontak"), Keys.chord(ENTER)): Keys 'ENTER + ' sent to object: 'Object Repository/GoAmlReport/07 Entity/Account Tab From/03 Director/09 Telepon/01 Kategori Kontak'

2020-09-02 12:41:23 - [MESSAGE][PASSED] - Keys 'ENTER + ' sent to object: 'Object Repository/GoAmlReport/07 Entity/Account Tab From/03 Director/09 Telepon/01 Kategori Kontak'

2020-09-02 12:41:23 - [TEST_STEP][PASSED] - setText(findTestObject("GoAmlReport/07 Entity/Account Tab From/03 Director/09 Telepon/02 Alat Komunikasi"), "PSTN - PSTN"): Text 'PSTN - PSTN' is set on object 'Object Repository/GoAmlReport/07 Entity/Account Tab From/03 Director/09 Telepon/02 Alat Komunikasi'

2020-09-02 12:41:24 - [MESSAGE][PASSED] - Text 'PSTN - PSTN' is set on object 'Object Repository/GoAmlReport/07 Entity/Account Tab From/03 Director/09 Telepon/02 Alat Komunikasi'

2020-09-02 12:41:24 - [TEST_STEP][PASSED] - delay(3): Delayed 3 second(s)

2020-09-02 12:41:27 - [MESSAGE][PASSED] - Delayed 3 second(s)

2020-09-02 12:41:27 - [TEST_STEP][PASSED] - sendKeys(findTestObject("GoAmlReport/07 Entity/Account Tab From/03 Director/09 Telepon/02 Alat Komunikasi"), Keys.chord(ENTER)): Keys 'ENTER + ' sent to object: 'Object Repository/GoAmlReport/07 Entity/Account Tab From/03 Director/09 Telepon/02 Alat Komunikasi'

2020-09-02 12:41:27 - [MESSAGE][PASSED] - Keys 'ENTER + ' sent to object: 'Object Repository/GoAmlReport/07 Entity/Account Tab From/03 Director/09 Telepon/02 Alat Komunikasi'

2020-09-02 12:41:27 - [TEST_STEP][PASSED] - setText(findTestObject("GoAmlReport/07 Entity/Account Tab From/03 Director/09 Telepon/03 No Telepon"), "222222222"): Text '222222222' is set on object 'Object Repository/GoAmlReport/07 Entity/Account Tab From/03 Director/09 Telepon/03 No Telepon'

2020-09-02 12:41:28 - [MESSAGE][PASSED] - Text '222222222' is set on object 'Object Repository/GoAmlReport/07 Entity/Account Tab From/03 Director/09 Telepon/03 No Telepon'

2020-09-02 12:41:28 - [TEST_STEP][PASSED] - click(findTestObject("GoAmlReport/07 Entity/Account Tab From/03 Director/09 Telepon/Save"), STOP_ON_FAILURE): Object: 'Object Repository/GoAmlReport/07 Entity/Account Tab From/03 Director/09 Telepon/Save' is clicked on

2020-09-02 12:41:29 - [MESSAGE][PASSED] - Object: 'Object Repository/GoAmlReport/07 Entity/Account Tab From/03 Director/09 Telepon/Save' is clicked on

2020-09-02 12:41:29 - [TEST_STEP][PASSED] - delay(4): Delayed 4 second(s)

2020-09-02 12:41:33 - [MESSAGE][PASSED] - Delayed 4 second(s)

2020-09-02 12:41:33 - [TEST_STEP][PASSED] - scrollToElement(findTestObject("GoAmlReport/07 Entity/Account Tab From/03 Director/10 Alamat/span_Tambah Alamat"), 3): Scroll to object 'Object Repository/GoAmlReport/07 Entity/Account Tab From/03 Director/10 Alamat/span_Tambah Alamat' successfully

2020-09-02 12:41:33 - [MESSAGE][PASSED] - Scroll to object 'Object Repository/GoAmlReport/07 Entity/Account Tab From/03 Director/10 Alamat/span_Tambah Alamat' successfully

2020-09-02 12:41:33 - [TEST_STEP][PASSED] - click(findTestObject("GoAmlReport/07 Entity/Account Tab From/03 Director/10 Alamat/span_Tambah Alamat")): Object: 'Object Repository/GoAmlReport/07 Entity/Account Tab From/03 Director/10 Alamat/span_Tambah Alamat' is clicked on

2020-09-02 12:41:34 - [MESSAGE][PASSED] - Object: 'Object Repository/GoAmlReport/07 Entity/Account Tab From/03 Director/10 Alamat/span_Tambah Alamat' is clicked on

2020-09-02 12:41:34 - [TEST_STEP][PASSED] - delay(3): Delayed 3 second(s)

2020-09-02 12:41:37 - [MESSAGE][PASSED] - Delayed 3 second(s)

2020-09-02 12:41:37 - [TEST_STEP][PASSED] - setText(findTestObject("GoAmlReport/07 Entity/Account Tab From/03 Director/10 Alamat/01 Type Alamat"), "R - Rumah"): Text 'R - Rumah' is set on object 'Object Repository/GoAmlReport/07 Entity/Account Tab From/03 Director/10 Alamat/01 Type Alamat'

2020-09-02 12:41:37 - [MESSAGE][PASSED] - Text 'R - Rumah' is set on object 'Object Repository/GoAmlReport/07 Entity/Account Tab From/03 Director/10 Alamat/01 Type Alamat'

2020-09-02 12:41:37 - [TEST_STEP][PASSED] - delay(3): Delayed 3 second(s)

2020-09-02 12:41:40 - [MESSAGE][PASSED] - Delayed 3 second(s)

2020-09-02 12:41:40 - [TEST_STEP][PASSED] - sendKeys(findTestObject("GoAmlReport/07 Entity/Account Tab From/03 Director/10 Alamat/01 Type Alamat"), Keys.chord(ENTER)): Keys 'ENTER + ' sent to object: 'Object Repository/GoAmlReport/07 Entity/Account Tab From/03 Director/10 Alamat/01 Type Alamat'

2020-09-02 12:41:41 - [MESSAGE][PASSED] - Keys 'ENTER + ' sent to object: 'Object Repository/GoAmlReport/07 Entity/Account Tab From/03 Director/10 Alamat/01 Type Alamat'

2020-09-02 12:41:41 - [TEST_STEP][PASSED] - setText(findTestObject("GoAmlReport/07 Entity/Account Tab From/03 Director/10 Alamat/02 Alamat"), "Jl Jalan Jln"): Text 'Jl Jalan Jln' is set on object 'Object Repository/GoAmlReport/07 Entity/Account Tab From/03 Director/10 Alamat/02 Alamat'

2020-09-02 12:41:42 - [MESSAGE][PASSED] - Text 'Jl Jalan Jln' is set on object 'Object Repository/GoAmlReport/07 Entity/Account Tab From/03 Director/10 Alamat/02 Alamat'

2020-09-02 12:41:42 - [TEST_STEP][PASSED] - setText(findTestObject("GoAmlReport/07 Entity/Account Tab From/03 Director/10 Alamat/03 Kota"), "Jakarte"): Text 'Jakarte' is set on object 'Object Repository/GoAmlReport/07 Entity/Account Tab From/03 Director/10 Alamat/03 Kota'

2020-09-02 12:41:42 - [MESSAGE][PASSED] - Text 'Jakarte' is set on object 'Object Repository/GoAmlReport/07 Entity/Account Tab From/03 Director/10 Alamat/03 Kota'

2020-09-02 12:41:42 - [TEST_STEP][PASSED] - setText(findTestObject("GoAmlReport/07 Entity/Account Tab From/03 Director/10 Alamat/03 Negara"), "Indonesi"): Text 'Indonesi' is set on object 'Object Repository/GoAmlReport/07 Entity/Account Tab From/03 Director/10 Alamat/03 Negara'

2020-09-02 12:41:43 - [MESSAGE][PASSED] - Text 'Indonesi' is set on object 'Object Repository/GoAmlReport/07 Entity/Account Tab From/03 Director/10 Alamat/03 Negara'

2020-09-02 12:41:43 - [TEST_STEP][PASSED] - delay(3): Delayed 3 second(s)

2020-09-02 12:41:46 - [MESSAGE][PASSED] - Delayed 3 second(s)

2020-09-02 12:41:46 - [TEST_STEP][PASSED] - sendKeys(findTestObject("GoAmlReport/07 Entity/Account Tab From/03 Director/10 Alamat/03 Negara"), Keys.chord(ENTER)): Keys 'ENTER + ' sent to object: 'Object Repository/GoAmlReport/07 Entity/Account Tab From/03 Director/10 Alamat/03 Negara'

2020-09-02 12:41:46 - [MESSAGE][PASSED] - Keys 'ENTER + ' sent to object: 'Object Repository/GoAmlReport/07 Entity/Account Tab From/03 Director/10 Alamat/03 Negara'

2020-09-02 12:41:46 - [TEST_STEP][PASSED] - click(findTestObject("GoAmlReport/07 Entity/Account Tab From/03 Director/10 Alamat/save"), STOP_ON_FAILURE): Object: 'Object Repository/GoAmlReport/07 Entity/Account Tab From/03 Director/10 Alamat/save' is clicked on

2020-09-02 12:41:47 - [MESSAGE][PASSED] - Object: 'Object Repository/GoAmlReport/07 Entity/Account Tab From/03 Director/10 Alamat/save' is clicked on

2020-09-02 12:41:47 - [TEST_STEP][PASSED] - scrollToElement(findTestObject("GoAmlReport/07 Entity/Account Tab From/03 Director/11 Dokumen Identitas/Tambah Dokumen Identitas"), 3): Scroll to object 'Object Repository/GoAmlReport/07 Entity/Account Tab From/03 Director/11 Dokumen Identitas/Tambah Dokumen Identitas' successfully

2020-09-02 12:41:48 - [MESSAGE][PASSED] - Scroll to object 'Object Repository/GoAmlReport/07 Entity/Account Tab From/03 Director/11 Dokumen Identitas/Tambah Dokumen Identitas' successfully

2020-09-02 12:41:48 - [TEST_STEP][PASSED] - click(findTestObject("GoAmlReport/07 Entity/Account Tab From/03 Director/11 Dokumen Identitas/Tambah Dokumen Identitas")): Object: 'Object Repository/GoAmlReport/07 Entity/Account Tab From/03 Director/11 Dokumen Identitas/Tambah Dokumen Identitas' is clicked on

2020-09-02 12:41:48 - [MESSAGE][PASSED] - Object: 'Object Repository/GoAmlReport/07 Entity/Account Tab From/03 Director/11 Dokumen Identitas/Tambah Dokumen Identitas' is clicked on

2020-09-02 12:41:48 - [TEST_STEP][PASSED] - delay(3): Delayed 3 second(s)

2020-09-02 12:41:51 - [MESSAGE][PASSED] - Delayed 3 second(s)

2020-09-02 12:41:51 - [TEST_STEP][PASSED] - setText(findTestObject("GoAmlReport/07 Entity/Account Tab From/03 Director/11 Dokumen Identitas/01 Jenis Dokumen Identitas"), "SUKET - Surat Keterangan Kependudukan"): Text 'SUKET - Surat Keterangan Kependudukan' is set on object 'Object Repository/GoAmlReport/07 Entity/Account Tab From/03 Director/11 Dokumen Identitas/01 Jenis Dokumen Identitas'

2020-09-02 12:41:53 - [MESSAGE][PASSED] - Text 'SUKET - Surat Keterangan Kependudukan' is set on object 'Object Repository/GoAmlReport/07 Entity/Account Tab From/03 Director/11 Dokumen Identitas/01 Jenis Dokumen Identitas'

2020-09-02 12:41:53 - [TEST_STEP][PASSED] - delay(3): Delayed 3 second(s)

2020-09-02 12:41:56 - [MESSAGE][PASSED] - Delayed 3 second(s)

2020-09-02 12:41:56 - [TEST_STEP][PASSED] - sendKeys(findTestObject("GoAmlReport/07 Entity/Account Tab From/03 Director/11 Dokumen Identitas/01 Jenis Dokumen Identitas"), Keys.chord(ENTER)): Keys 'ENTER + ' sent to object: 'Object Repository/GoAmlReport/07 Entity/Account Tab From/03 Director/11 Dokumen Identitas/01 Jenis Dokumen Identitas'

2020-09-02 12:41:57 - [MESSAGE][PASSED] - Keys 'ENTER + ' sent to object: 'Object Repository/GoAmlReport/07 Entity/Account Tab From/03 Director/11 Dokumen Identitas/01 Jenis Dokumen Identitas'

2020-09-02 12:41:57 - [TEST_STEP][PASSED] - setText(findTestObject("GoAmlReport/07 Entity/Account Tab From/03 Director/11 Dokumen Identitas/02 No Identitas"), "12321444"): Text '12321444' is set on object 'Object Repository/GoAmlReport/07 Entity/Account Tab From/03 Director/11 Dokumen Identitas/02 No Identitas'

2020-09-02 12:41:57 - [MESSAGE][PASSED] - Text '12321444' is set on object 'Object Repository/GoAmlReport/07 Entity/Account Tab From/03 Director/11 Dokumen Identitas/02 No Identitas'

2020-09-02 12:41:57 - [TEST_STEP][PASSED] - setText(findTestObject("GoAmlReport/07 Entity/Account Tab From/03 Director/11 Dokumen Identitas/03 Negara Penerbit"), "ID - INDONESIA"): Text 'ID - INDONESIA' is set on object 'Object Repository/GoAmlReport/07 Entity/Account Tab From/03 Director/11 Dokumen Identitas/03 Negara Penerbit'

2020-09-02 12:41:58 - [MESSAGE][PASSED] - Text 'ID - INDONESIA' is set on object 'Object Repository/GoAmlReport/07 Entity/Account Tab From/03 Director/11 Dokumen Identitas/03 Negara Penerbit'

2020-09-02 12:41:58 - [TEST_STEP][PASSED] - delay(3): Delayed 3 second(s)

2020-09-02 12:42:01 - [MESSAGE][PASSED] - Delayed 3 second(s)

2020-09-02 12:42:01 - [TEST_STEP][PASSED] - sendKeys(findTestObject("GoAmlReport/07 Entity/Account Tab From/03 Director/11 Dokumen Identitas/03 Negara Penerbit"), Keys.chord(ENTER)): Keys 'ENTER + ' sent to object: 'Object Repository/GoAmlReport/07 Entity/Account Tab From/03 Director/11 Dokumen Identitas/03 Negara Penerbit'

2020-09-02 12:42:02 - [MESSAGE][PASSED] - Keys 'ENTER + ' sent to object: 'Object Repository/GoAmlReport/07 Entity/Account Tab From/03 Director/11 Dokumen Identitas/03 Negara Penerbit'

2020-09-02 12:42:02 - [TEST_STEP][PASSED] - click(findTestObject("GoAmlReport/07 Entity/Account Tab From/03 Director/11 Dokumen Identitas/Save")): Object: 'Object Repository/GoAmlReport/07 Entity/Account Tab From/03 Director/11 Dokumen Identitas/Save' is clicked on

2020-09-02 12:42:02 - [MESSAGE][PASSED] - Object: 'Object Repository/GoAmlReport/07 Entity/Account Tab From/03 Director/11 Dokumen Identitas/Save' is clicked on

2020-09-02 12:42:02 - [TEST_STEP][PASSED] - click(findTestObject("GoAmlReport/07 Entity/Account Tab From/03 Director/99 Save")): Object: 'Object Repository/GoAmlReport/07 Entity/Account Tab From/03 Director/99 Save' is clicked on

2020-09-02 12:42:04 - [MESSAGE][PASSED] - Object: 'Object Repository/GoAmlReport/07 Entity/Account Tab From/03 Director/99 Save' is clicked on

2020-09-02 12:42:04 - [TEST_STEP][PASSED] - delay(2): Delayed 2 second(s)

2020-09-02 12:42:06 - [MESSAGE][PASSED] - Delayed 2 second(s)

2020-09-02 12:42:06 - [MESSAGE][PASSED] - Call Test Case 'Test Cases/GoAML Report 4' successfully

2020-09-02 12:42:06 - [TEST_STEP][PASSED] - callTestCase(findTestCase("GoAML Report 5"), [:], STOP_ON_FAILURE): Call Test Case 'Test Cases/GoAML Report 5' successfully

2020-09-02 12:42:06 - [TEST_CASE][PASSED] - Test Cases/GoAML Report 5: Test Cases/GoAML Report 5

2020-09-02 12:42:06 - [TEST_STEP][PASSED] - for ([rowNum = 1, rowNum <= findTestData("GoAMLReport/Transaksi").getRowNumbers(), (rowNum++)]): Delayed 2 second(s)

2020-09-02 12:42:06 - [TEST_STEP][PASSED] - delay(6): Delayed 6 second(s)

2020-09-02 12:42:12 - [MESSAGE][PASSED] - Delayed 6 second(s)

2020-09-02 12:42:12 - [TEST_STEP][PASSED] - if (findTestData("GoAMLReport/Transaksi").getValue(1, rowNum) == "true"): Keys 'ENTER + ' sent to object: 'Object Repository/GoAmlReport/04 Identitas Penerima/07 Negara Trx Tujuan'

2020-09-02 12:42:12 - [TEST_STEP][PASSED] - if (findTestData("GoAMLReport/Transaksi").getValue(9, rowNum) == "true"): null

2020-09-02 12:42:12 - [TEST_STEP][PASSED] - if (findTestData("GoAMLReport/Transaksi").getValue(10, rowNum) == "uang tunai"): Keys 'ENTER + ' sent to object: 'Object Repository/GoAmlReport/04 Identitas Penerima/02 Ins Trx Tujuan'

2020-09-02 12:42:12 - [TEST_STEP][PASSED] - scrollToElement(findTestObject("GoAmlReport/04 Identitas Penerima/02 Ins Trx Tujuan"), 3): Scroll to object 'Object Repository/GoAmlReport/04 Identitas Penerima/02 Ins Trx Tujuan' successfully

2020-09-02 12:42:13 - [MESSAGE][PASSED] - Scroll to object 'Object Repository/GoAmlReport/04 Identitas Penerima/02 Ins Trx Tujuan' successfully

2020-09-02 12:42:13 - [TEST_STEP][PASSED] - setText(findTestObject("GoAmlReport/04 Identitas Penerima/02 Ins Trx Tujuan"), "Uang Tunai"): Text 'Uang Tunai' is set on object 'Object Repository/GoAmlReport/04 Identitas Penerima/02 Ins Trx Tujuan'

2020-09-02 12:42:13 - [MESSAGE][PASSED] - Text 'Uang Tunai' is set on object 'Object Repository/GoAmlReport/04 Identitas Penerima/02 Ins Trx Tujuan'

2020-09-02 12:42:13 - [TEST_STEP][PASSED] - delay(3): Delayed 3 second(s)

2020-09-02 12:42:16 - [MESSAGE][PASSED] - Delayed 3 second(s)

2020-09-02 12:42:16 - [TEST_STEP][PASSED] - sendKeys(findTestObject("GoAmlReport/04 Identitas Penerima/02 Ins Trx Tujuan"), Keys.chord(ENTER)): Keys 'ENTER + ' sent to object: 'Object Repository/GoAmlReport/04 Identitas Penerima/02 Ins Trx Tujuan'

2020-09-02 12:42:17 - [MESSAGE][PASSED] - Keys 'ENTER + ' sent to object: 'Object Repository/GoAmlReport/04 Identitas Penerima/02 Ins Trx Tujuan'

2020-09-02 12:42:17 - [TEST_STEP][PASSED] - if (findTestData("GoAMLReport/Transaksi").getValue(10, rowNum) == "rekening"): null

2020-09-02 12:42:17 - [TEST_STEP][PASSED] - scrollToElement(findTestObject("GoAmlReport/04 Identitas Penerima/05 Nominal Valas"), 3): Scroll to object 'Object Repository/GoAmlReport/04 Identitas Penerima/05 Nominal Valas' successfully

2020-09-02 12:42:17 - [MESSAGE][PASSED] - Scroll to object 'Object Repository/GoAmlReport/04 Identitas Penerima/05 Nominal Valas' successfully

2020-09-02 12:42:17 - [TEST_STEP][PASSED] - setText(findTestObject("GoAmlReport/04 Identitas Penerima/05 Nominal Valas"), "500000"): Text '500000' is set on object 'Object Repository/GoAmlReport/04 Identitas Penerima/05 Nominal Valas'

2020-09-02 12:42:18 - [MESSAGE][PASSED] - Text '500000' is set on object 'Object Repository/GoAmlReport/04 Identitas Penerima/05 Nominal Valas'

2020-09-02 12:42:18 - [TEST_STEP][PASSED] - scrollToElement(findTestObject("GoAmlReport/04 Identitas Penerima/06 Kurs"), 3): Scroll to object 'Object Repository/GoAmlReport/04 Identitas Penerima/06 Kurs' successfully

2020-09-02 12:42:19 - [MESSAGE][PASSED] - Scroll to object 'Object Repository/GoAmlReport/04 Identitas Penerima/06 Kurs' successfully

2020-09-02 12:42:19 - [TEST_STEP][PASSED] - setText(findTestObject("GoAmlReport/04 Identitas Penerima/06 Kurs"), "nope"): Text 'nope' is set on object 'Object Repository/GoAmlReport/04 Identitas Penerima/06 Kurs'

2020-09-02 12:42:19 - [MESSAGE][PASSED] - Text 'nope' is set on object 'Object Repository/GoAmlReport/04 Identitas Penerima/06 Kurs'

2020-09-02 12:42:19 - [TEST_STEP][PASSED] - setText(findTestObject("GoAmlReport/04 Identitas Penerima/999 Mata Uang Tujuan"), "TWD - Taiwan Dollar"): Text 'TWD - Taiwan Dollar' is set on object 'Object Repository/GoAmlReport/04 Identitas Penerima/999 Mata Uang Tujuan'

2020-09-02 12:42:20 - [MESSAGE][PASSED] - Text 'TWD - Taiwan Dollar' is set on object 'Object Repository/GoAmlReport/04 Identitas Penerima/999 Mata Uang Tujuan'

2020-09-02 12:42:20 - [TEST_STEP][PASSED] - delay(3): Delayed 3 second(s)

2020-09-02 12:42:23 - [MESSAGE][PASSED] - Delayed 3 second(s)

2020-09-02 12:42:23 - [TEST_STEP][PASSED] - sendKeys(findTestObject("GoAmlReport/04 Identitas Penerima/999 Mata Uang Tujuan"), Keys.chord(ENTER)): Keys 'ENTER + ' sent to object: 'Object Repository/GoAmlReport/04 Identitas Penerima/999 Mata Uang Tujuan'

2020-09-02 12:42:24 - [MESSAGE][PASSED] - Keys 'ENTER + ' sent to object: 'Object Repository/GoAmlReport/04 Identitas Penerima/999 Mata Uang Tujuan'

2020-09-02 12:42:24 - [TEST_STEP][PASSED] - scrollToElement(findTestObject("GoAmlReport/04 Identitas Penerima/07 Negara Trx Tujuan"), 3): Scroll to object 'Object Repository/GoAmlReport/04 Identitas Penerima/07 Negara Trx Tujuan' successfully

2020-09-02 12:42:24 - [MESSAGE][PASSED] - Scroll to object 'Object Repository/GoAmlReport/04 Identitas Penerima/07 Negara Trx Tujuan' successfully

2020-09-02 12:42:24 - [TEST_STEP][PASSED] - setText(findTestObject("GoAmlReport/04 Identitas Penerima/07 Negara Trx Tujuan"), "ital"): Text 'ital' is set on object 'Object Repository/GoAmlReport/04 Identitas Penerima/07 Negara Trx Tujuan'

2020-09-02 12:42:25 - [MESSAGE][PASSED] - Text 'ital' is set on object 'Object Repository/GoAmlReport/04 Identitas Penerima/07 Negara Trx Tujuan'

2020-09-02 12:42:25 - [TEST_STEP][PASSED] - delay(3): Delayed 3 second(s)

2020-09-02 12:42:28 - [MESSAGE][PASSED] - Delayed 3 second(s)

2020-09-02 12:42:28 - [TEST_STEP][PASSED] - sendKeys(findTestObject("GoAmlReport/04 Identitas Penerima/07 Negara Trx Tujuan"), Keys.chord(ENTER)): Keys 'ENTER + ' sent to object: 'Object Repository/GoAmlReport/04 Identitas Penerima/07 Negara Trx Tujuan'

2020-09-02 12:42:28 - [MESSAGE][PASSED] - Keys 'ENTER + ' sent to object: 'Object Repository/GoAmlReport/04 Identitas Penerima/07 Negara Trx Tujuan'

2020-09-02 12:42:28 - [TEST_STEP][PASSED] - if (findTestData("GoAMLReport/Transaksi").getValue(11, rowNum) == "account"): null

2020-09-02 12:42:28 - [TEST_STEP][PASSED] - if (findTestData("GoAMLReport/Transaksi").getValue(11, rowNum) == "person"): null

2020-09-02 12:42:28 - [TEST_STEP][PASSED] - if (findTestData("GoAMLReport/Transaksi").getValue(11, rowNum) == "entity"): Delayed 2 second(s)

2020-09-02 12:42:28 - [TEST_STEP][PASSED] - setText(findTestObject("GoAmlReport/04 Identitas Penerima/08 Informasi Penerima"), findTestData("GoAMLReport/Transaksi").getValue(11, rowNum)): Text 'entity' is set on object 'Object Repository/GoAmlReport/04 Identitas Penerima/08 Informasi Penerima'

2020-09-02 12:42:29 - [MESSAGE][PASSED] - Text 'entity' is set on object 'Object Repository/GoAmlReport/04 Identitas Penerima/08 Informasi Penerima'

2020-09-02 12:42:29 - [TEST_STEP][PASSED] - delay(8): Delayed 8 second(s)

2020-09-02 12:42:37 - [MESSAGE][PASSED] - Delayed 8 second(s)

2020-09-02 12:42:37 - [TEST_STEP][PASSED] - sendKeys(findTestObject("GoAmlReport/04 Identitas Penerima/08 Informasi Penerima"), Keys.chord(ENTER)): Keys 'ENTER + ' sent to object: 'Object Repository/GoAmlReport/04 Identitas Penerima/08 Informasi Penerima'

2020-09-02 12:42:38 - [MESSAGE][PASSED] - Keys 'ENTER + ' sent to object: 'Object Repository/GoAmlReport/04 Identitas Penerima/08 Informasi Penerima'

2020-09-02 12:42:38 - [TEST_STEP][PASSED] - delay(5): Delayed 5 second(s)

2020-09-02 12:42:43 - [MESSAGE][PASSED] - Delayed 5 second(s)

2020-09-02 12:42:43 - [TEST_STEP][PASSED] - setText(findTestObject("GoAmlReport/07 Entity/Account To/01 Nama Korporasi"), "Simpan Pinjam"): Text 'Simpan Pinjam' is set on object 'Object Repository/GoAmlReport/07 Entity/Account To/01 Nama Korporasi'

2020-09-02 12:42:43 - [MESSAGE][PASSED] - Text 'Simpan Pinjam' is set on object 'Object Repository/GoAmlReport/07 Entity/Account To/01 Nama Korporasi'

2020-09-02 12:42:43 - [TEST_STEP][PASSED] - setText(findTestObject("GoAmlReport/07 Entity/Account To/02 Bentuk Korporasi"), "PD - Perusahaan Daerah"): Text 'PD - Perusahaan Daerah' is set on object 'Object Repository/GoAmlReport/07 Entity/Account To/02 Bentuk Korporasi'

2020-09-02 12:42:45 - [MESSAGE][PASSED] - Text 'PD - Perusahaan Daerah' is set on object 'Object Repository/GoAmlReport/07 Entity/Account To/02 Bentuk Korporasi'

2020-09-02 12:42:45 - [TEST_STEP][PASSED] - delay(3): Delayed 3 second(s)

2020-09-02 12:42:48 - [MESSAGE][PASSED] - Delayed 3 second(s)

2020-09-02 12:42:48 - [TEST_STEP][PASSED] - sendKeys(findTestObject("GoAmlReport/07 Entity/Account To/02 Bentuk Korporasi"), Keys.chord(ENTER)): Keys 'ENTER + ' sent to object: 'Object Repository/GoAmlReport/07 Entity/Account To/02 Bentuk Korporasi'

2020-09-02 12:42:48 - [MESSAGE][PASSED] - Keys 'ENTER + ' sent to object: 'Object Repository/GoAmlReport/07 Entity/Account To/02 Bentuk Korporasi'

2020-09-02 12:42:48 - [TEST_STEP][PASSED] - setText(findTestObject("GoAmlReport/07 Entity/Account To/03 Bidang Usaha"), "Rentenir"): Text 'Rentenir' is set on object 'Object Repository/GoAmlReport/07 Entity/Account To/03 Bidang Usaha'

2020-09-02 12:42:49 - [MESSAGE][PASSED] - Text 'Rentenir' is set on object 'Object Repository/GoAmlReport/07 Entity/Account To/03 Bidang Usaha'

2020-09-02 12:42:49 - [TEST_STEP][PASSED] - delay(3): Delayed 3 second(s)

2020-09-02 12:42:52 - [MESSAGE][PASSED] - Delayed 3 second(s)

2020-09-02 12:42:52 - [TEST_STEP][PASSED] - sendKeys(findTestObject("GoAmlReport/07 Entity/Account To/03 Negara"), Keys.chord(ENTER)): Keys 'ENTER + ' sent to object: 'Object Repository/GoAmlReport/07 Entity/Account To/03 Negara'

2020-09-02 12:42:52 - [MESSAGE][PASSED] - Keys 'ENTER + ' sent to object: 'Object Repository/GoAmlReport/07 Entity/Account To/03 Negara'

2020-09-02 12:42:52 - [TEST_STEP][PASSED] - delay(3): Delayed 3 second(s)

2020-09-02 12:42:55 - [MESSAGE][PASSED] - Delayed 3 second(s)

2020-09-02 12:42:55 - [TEST_STEP][PASSED] - setText(findTestObject("GoAmlReport/07 Entity/Account To/03 Negara"), "indone"): Text 'indone' is set on object 'Object Repository/GoAmlReport/07 Entity/Account To/03 Negara'

2020-09-02 12:42:56 - [MESSAGE][PASSED] - Text 'indone' is set on object 'Object Repository/GoAmlReport/07 Entity/Account To/03 Negara'

2020-09-02 12:42:56 - [TEST_STEP][PASSED] - delay(3): Delayed 3 second(s)

2020-09-02 12:42:59 - [MESSAGE][PASSED] - Delayed 3 second(s)

2020-09-02 12:42:59 - [TEST_STEP][PASSED] - sendKeys(findTestObject("GoAmlReport/07 Entity/Account To/03 Negara"), Keys.chord(ENTER)): Keys 'ENTER + ' sent to object: 'Object Repository/GoAmlReport/07 Entity/Account To/03 Negara'

2020-09-02 12:42:59 - [MESSAGE][PASSED] - Keys 'ENTER + ' sent to object: 'Object Repository/GoAmlReport/07 Entity/Account To/03 Negara'

2020-09-02 12:42:59 - [TEST_STEP][PASSED] - setText(findTestObject("GoAmlReport/07 Entity/Account To/04 NPWP"), "123213123"): Text '123213123' is set on object 'Object Repository/GoAmlReport/07 Entity/Account To/04 NPWP'

2020-09-02 12:43:00 - [MESSAGE][PASSED] - Text '123213123' is set on object 'Object Repository/GoAmlReport/07 Entity/Account To/04 NPWP'

2020-09-02 12:43:00 - [TEST_STEP][PASSED] - scrollToElement(findTestObject("GoAmlReport/07 Entity/Account Tab To/01 Telepon/Tambah Telepon"), 3): Scroll to object 'Object Repository/GoAmlReport/07 Entity/Account Tab To/01 Telepon/Tambah Telepon' successfully

2020-09-02 12:43:01 - [MESSAGE][PASSED] - Scroll to object 'Object Repository/GoAmlReport/07 Entity/Account Tab To/01 Telepon/Tambah Telepon' successfully

2020-09-02 12:43:01 - [TEST_STEP][PASSED] - click(findTestObject("GoAmlReport/07 Entity/Account Tab To/01 Telepon/Tambah Telepon")): Object: 'Object Repository/GoAmlReport/07 Entity/Account Tab To/01 Telepon/Tambah Telepon' is clicked on

2020-09-02 12:43:02 - [MESSAGE][PASSED] - Object: 'Object Repository/GoAmlReport/07 Entity/Account Tab To/01 Telepon/Tambah Telepon' is clicked on

2020-09-02 12:43:02 - [TEST_STEP][PASSED] - delay(5): Delayed 5 second(s)

2020-09-02 12:43:07 - [MESSAGE][PASSED] - Delayed 5 second(s)

2020-09-02 12:43:07 - [TEST_STEP][PASSED] - setText(findTestObject("GoAmlReport/07 Entity/Account Tab To/01 Telepon/01 Kategori Kontak"), "D - Domisili"): Text 'D - Domisili' is set on object 'Object Repository/GoAmlReport/07 Entity/Account Tab To/01 Telepon/01 Kategori Kontak'

2020-09-02 12:43:08 - [MESSAGE][PASSED] - Text 'D - Domisili' is set on object 'Object Repository/GoAmlReport/07 Entity/Account Tab To/01 Telepon/01 Kategori Kontak'

2020-09-02 12:43:08 - [TEST_STEP][PASSED] - delay(3): Delayed 3 second(s)

2020-09-02 12:43:11 - [MESSAGE][PASSED] - Delayed 3 second(s)

2020-09-02 12:43:11 - [TEST_STEP][PASSED] - sendKeys(findTestObject("GoAmlReport/07 Entity/Account Tab To/01 Telepon/01 Kategori Kontak"), Keys.chord(ENTER)): Keys 'ENTER + ' sent to object: 'Object Repository/GoAmlReport/07 Entity/Account Tab To/01 Telepon/01 Kategori Kontak'

2020-09-02 12:43:11 - [MESSAGE][PASSED] - Keys 'ENTER + ' sent to object: 'Object Repository/GoAmlReport/07 Entity/Account Tab To/01 Telepon/01 Kategori Kontak'

2020-09-02 12:43:11 - [TEST_STEP][PASSED] - setText(findTestObject("GoAmlReport/07 Entity/Account Tab To/01 Telepon/02 Alat Komunikasi"), "PSTN - PSTN"): Text 'PSTN - PSTN' is set on object 'Object Repository/GoAmlReport/07 Entity/Account Tab To/01 Telepon/02 Alat Komunikasi'

2020-09-02 12:43:12 - [MESSAGE][PASSED] - Text 'PSTN - PSTN' is set on object 'Object Repository/GoAmlReport/07 Entity/Account Tab To/01 Telepon/02 Alat Komunikasi'

2020-09-02 12:43:12 - [TEST_STEP][PASSED] - delay(3): Delayed 3 second(s)

2020-09-02 12:43:15 - [MESSAGE][PASSED] - Delayed 3 second(s)

2020-09-02 12:43:15 - [TEST_STEP][PASSED] - sendKeys(findTestObject("GoAmlReport/07 Entity/Account Tab To/01 Telepon/02 Alat Komunikasi"), Keys.chord(ENTER)): Keys 'ENTER + ' sent to object: 'Object Repository/GoAmlReport/07 Entity/Account Tab To/01 Telepon/02 Alat Komunikasi'

2020-09-02 12:43:15 - [MESSAGE][PASSED] - Keys 'ENTER + ' sent to object: 'Object Repository/GoAmlReport/07 Entity/Account Tab To/01 Telepon/02 Alat Komunikasi'

2020-09-02 12:43:15 - [TEST_STEP][PASSED] - setText(findTestObject("GoAmlReport/07 Entity/Account Tab To/01 Telepon/03 No Telepon"), "0986745632"): Text '0986745632' is set on object 'Object Repository/GoAmlReport/07 Entity/Account Tab To/01 Telepon/03 No Telepon'

2020-09-02 12:43:16 - [MESSAGE][PASSED] - Text '0986745632' is set on object 'Object Repository/GoAmlReport/07 Entity/Account Tab To/01 Telepon/03 No Telepon'

2020-09-02 12:43:16 - [TEST_STEP][PASSED] - delay(2): Delayed 2 second(s)

2020-09-02 12:43:18 - [MESSAGE][PASSED] - Delayed 2 second(s)

2020-09-02 12:43:18 - [TEST_STEP][PASSED] - scrollToElement(findTestObject("GoAmlReport/07 Entity/Account Tab To/01 Telepon/Save"), 3): Scroll to object 'Object Repository/GoAmlReport/07 Entity/Account Tab To/01 Telepon/Save' successfully

2020-09-02 12:43:18 - [MESSAGE][PASSED] - Scroll to object 'Object Repository/GoAmlReport/07 Entity/Account Tab To/01 Telepon/Save' successfully

2020-09-02 12:43:18 - [TEST_STEP][PASSED] - click(findTestObject("GoAmlReport/07 Entity/Account Tab To/01 Telepon/Save"), STOP_ON_FAILURE): Object: 'Object Repository/GoAmlReport/07 Entity/Account Tab To/01 Telepon/Save' is clicked on

2020-09-02 12:43:19 - [MESSAGE][PASSED] - Object: 'Object Repository/GoAmlReport/07 Entity/Account Tab To/01 Telepon/Save' is clicked on

2020-09-02 12:43:19 - [TEST_STEP][PASSED] - delay(3): Delayed 3 second(s)

2020-09-02 12:43:22 - [MESSAGE][PASSED] - Delayed 3 second(s)

2020-09-02 12:43:22 - [TEST_STEP][PASSED] - scrollToElement(findTestObject("GoAmlReport/07 Entity/Account Tab To/02 Alamat/span_Tambah Alamat"), 3): Scroll to object 'Object Repository/GoAmlReport/07 Entity/Account Tab To/02 Alamat/span_Tambah Alamat' successfully

2020-09-02 12:43:22 - [MESSAGE][PASSED] - Scroll to object 'Object Repository/GoAmlReport/07 Entity/Account Tab To/02 Alamat/span_Tambah Alamat' successfully

2020-09-02 12:43:22 - [TEST_STEP][PASSED] - click(findTestObject("GoAmlReport/07 Entity/Account Tab To/02 Alamat/span_Tambah Alamat")): Object: 'Object Repository/GoAmlReport/07 Entity/Account Tab To/02 Alamat/span_Tambah Alamat' is clicked on

2020-09-02 12:43:23 - [MESSAGE][PASSED] - Object: 'Object Repository/GoAmlReport/07 Entity/Account Tab To/02 Alamat/span_Tambah Alamat' is clicked on

2020-09-02 12:43:23 - [TEST_STEP][PASSED] - delay(5): Delayed 5 second(s)

2020-09-02 12:43:28 - [MESSAGE][PASSED] - Delayed 5 second(s)

2020-09-02 12:43:28 - [TEST_STEP][PASSED] - setText(findTestObject("GoAmlReport/07 Entity/Account Tab To/02 Alamat/01 Type Alamat"), "D - Domisili"): Text 'D - Domisili' is set on object 'Object Repository/GoAmlReport/07 Entity/Account Tab To/02 Alamat/01 Type Alamat'

2020-09-02 12:43:29 - [MESSAGE][PASSED] - Text 'D - Domisili' is set on object 'Object Repository/GoAmlReport/07 Entity/Account Tab To/02 Alamat/01 Type Alamat'

2020-09-02 12:43:29 - [TEST_STEP][PASSED] - delay(5): Delayed 5 second(s)

2020-09-02 12:43:34 - [MESSAGE][PASSED] - Delayed 5 second(s)

2020-09-02 12:43:34 - [TEST_STEP][PASSED] - sendKeys(findTestObject("GoAmlReport/07 Entity/Account Tab To/02 Alamat/01 Type Alamat"), Keys.chord(ENTER)): Keys 'ENTER + ' sent to object: 'Object Repository/GoAmlReport/07 Entity/Account Tab To/02 Alamat/01 Type Alamat'

2020-09-02 12:43:34 - [MESSAGE][PASSED] - Keys 'ENTER + ' sent to object: 'Object Repository/GoAmlReport/07 Entity/Account Tab To/02 Alamat/01 Type Alamat'

2020-09-02 12:43:34 - [TEST_STEP][PASSED] - setText(findTestObject("GoAmlReport/07 Entity/Account Tab To/02 Alamat/02 Alamat"), "Jl. sdhjsadkjsnadklsandkjasd"): Text 'Jl. sdhjsadkjsnadklsandkjasd' is set on object 'Object Repository/GoAmlReport/07 Entity/Account Tab To/02 Alamat/02 Alamat'

2020-09-02 12:43:35 - [MESSAGE][PASSED] - Text 'Jl. sdhjsadkjsnadklsandkjasd' is set on object 'Object Repository/GoAmlReport/07 Entity/Account Tab To/02 Alamat/02 Alamat'

2020-09-02 12:43:35 - [TEST_STEP][PASSED] - setText(findTestObject("GoAmlReport/07 Entity/Account Tab To/02 Alamat/03 Kota"), "Jakarta"): Text 'Jakarta' is set on object 'Object Repository/GoAmlReport/07 Entity/Account Tab To/02 Alamat/03 Kota'

2020-09-02 12:43:36 - [MESSAGE][PASSED] - Text 'Jakarta' is set on object 'Object Repository/GoAmlReport/07 Entity/Account Tab To/02 Alamat/03 Kota'

2020-09-02 12:43:36 - [TEST_STEP][PASSED] - setText(findTestObject("GoAmlReport/07 Entity/Account Tab To/02 Alamat/03 Negara"), "ID - INDONESIA"): Text 'ID - INDONESIA' is set on object 'Object Repository/GoAmlReport/07 Entity/Account Tab To/02 Alamat/03 Negara'

2020-09-02 12:43:37 - [MESSAGE][PASSED] - Text 'ID - INDONESIA' is set on object 'Object Repository/GoAmlReport/07 Entity/Account Tab To/02 Alamat/03 Negara'

2020-09-02 12:43:37 - [TEST_STEP][PASSED] - delay(3): Delayed 3 second(s)

2020-09-02 12:43:40 - [MESSAGE][PASSED] - Delayed 3 second(s)

2020-09-02 12:43:40 - [TEST_STEP][PASSED] - sendKeys(findTestObject("GoAmlReport/07 Entity/Account Tab To/02 Alamat/03 Negara"), Keys.chord(ENTER)): Keys 'ENTER + ' sent to object: 'Object Repository/GoAmlReport/07 Entity/Account Tab To/02 Alamat/03 Negara'

2020-09-02 12:43:40 - [MESSAGE][PASSED] - Keys 'ENTER + ' sent to object: 'Object Repository/GoAmlReport/07 Entity/Account Tab To/02 Alamat/03 Negara'

2020-09-02 12:43:40 - [TEST_STEP][PASSED] - delay(2): Delayed 2 second(s)

2020-09-02 12:43:42 - [MESSAGE][PASSED] - Delayed 2 second(s)

2020-09-02 12:43:42 - [TEST_STEP][PASSED] - click(findTestObject("GoAmlReport/07 Entity/Account Tab To/02 Alamat/save")): Object: 'Object Repository/GoAmlReport/07 Entity/Account Tab To/02 Alamat/save' is clicked on

2020-09-02 12:43:43 - [MESSAGE][PASSED] - Object: 'Object Repository/GoAmlReport/07 Entity/Account Tab To/02 Alamat/save' is clicked on

2020-09-02 12:43:43 - [TEST_STEP][PASSED] - click(findTestObject("GoAmlReport/07 Entity/Account Tab To/03 Director/00 Add")): Object: 'Object Repository/GoAmlReport/07 Entity/Account Tab To/03 Director/00 Add' is clicked on

2020-09-02 12:43:44 - [MESSAGE][PASSED] - Object: 'Object Repository/GoAmlReport/07 Entity/Account Tab To/03 Director/00 Add' is clicked on

2020-09-02 12:43:44 - [TEST_STEP][PASSED] - scrollToElement(findTestObject("GoAmlReport/07 Entity/Account Tab To/03 Director/00 Add"), 3): Scroll to object 'Object Repository/GoAmlReport/07 Entity/Account Tab To/03 Director/00 Add' successfully

2020-09-02 12:43:45 - [MESSAGE][PASSED] - Scroll to object 'Object Repository/GoAmlReport/07 Entity/Account Tab To/03 Director/00 Add' successfully

2020-09-02 12:43:45 - [TEST_STEP][PASSED] - delay(5): Delayed 5 second(s)

2020-09-02 12:43:50 - [MESSAGE][PASSED] - Delayed 5 second(s)

2020-09-02 12:43:50 - [TEST_STEP][PASSED] - setText(findTestObject("GoAmlReport/07 Entity/Account Tab To/03 Director/01 Jenis Kelamin"), "F - Female"): Text 'F - Female' is set on object 'Object Repository/GoAmlReport/07 Entity/Account Tab To/03 Director/01 Jenis Kelamin'

2020-09-02 12:43:51 - [MESSAGE][PASSED] - Text 'F - Female' is set on object 'Object Repository/GoAmlReport/07 Entity/Account Tab To/03 Director/01 Jenis Kelamin'

2020-09-02 12:43:51 - [TEST_STEP][PASSED] - delay(5): Delayed 5 second(s)

2020-09-02 12:43:56 - [MESSAGE][PASSED] - Delayed 5 second(s)

2020-09-02 12:43:56 - [TEST_STEP][PASSED] - sendKeys(findTestObject("GoAmlReport/07 Entity/Account Tab To/03 Director/01 Jenis Kelamin"), Keys.chord(ENTER)): Keys 'ENTER + ' sent to object: 'Object Repository/GoAmlReport/07 Entity/Account Tab To/03 Director/01 Jenis Kelamin'

2020-09-02 12:43:56 - [MESSAGE][PASSED] - Keys 'ENTER + ' sent to object: 'Object Repository/GoAmlReport/07 Entity/Account Tab To/03 Director/01 Jenis Kelamin'

2020-09-02 12:43:56 - [TEST_STEP][PASSED] - setText(findTestObject("GoAmlReport/07 Entity/Account Tab To/03 Director/02 Nama Lengkap"), "Aman "): Text 'Aman ' is set on object 'Object Repository/GoAmlReport/07 Entity/Account Tab To/03 Director/02 Nama Lengkap'

2020-09-02 12:43:57 - [MESSAGE][PASSED] - Text 'Aman ' is set on object 'Object Repository/GoAmlReport/07 Entity/Account Tab To/03 Director/02 Nama Lengkap'

2020-09-02 12:43:57 - [TEST_STEP][PASSED] - setText(findTestObject("GoAmlReport/07 Entity/Account Tab To/03 Director/10 Tanggal Lahir"), "01-Aug-96"): Text '01-Aug-96' is set on object 'Object Repository/GoAmlReport/07 Entity/Account Tab To/03 Director/10 Tanggal Lahir'

2020-09-02 12:43:58 - [MESSAGE][PASSED] - Text '01-Aug-96' is set on object 'Object Repository/GoAmlReport/07 Entity/Account Tab To/03 Director/10 Tanggal Lahir'

2020-09-02 12:43:58 - [TEST_STEP][PASSED] - delay(2): Delayed 2 second(s)

2020-09-02 12:44:00 - [MESSAGE][PASSED] - Delayed 2 second(s)

2020-09-02 12:44:00 - [TEST_STEP][PASSED] - setText(findTestObject("GoAmlReport/07 Entity/Account Tab To/03 Director/12 Tempat Lahir"), "Jakarta"): Text 'Jakarta' is set on object 'Object Repository/GoAmlReport/07 Entity/Account Tab To/03 Director/12 Tempat Lahir'

2020-09-02 12:44:00 - [MESSAGE][PASSED] - Text 'Jakarta' is set on object 'Object Repository/GoAmlReport/07 Entity/Account Tab To/03 Director/12 Tempat Lahir'

2020-09-02 12:44:00 - [TEST_STEP][PASSED] - setText(findTestObject("GoAmlReport/07 Entity/Account Tab To/03 Director/04 Kewarganegaraan"), "indone"): Text 'indone' is set on object 'Object Repository/GoAmlReport/07 Entity/Account Tab To/03 Director/04 Kewarganegaraan'

2020-09-02 12:44:01 - [MESSAGE][PASSED] - Text 'indone' is set on object 'Object Repository/GoAmlReport/07 Entity/Account Tab To/03 Director/04 Kewarganegaraan'

2020-09-02 12:44:01 - [TEST_STEP][PASSED] - delay(5): Delayed 5 second(s)

2020-09-02 12:44:06 - [MESSAGE][PASSED] - Delayed 5 second(s)

2020-09-02 12:44:06 - [TEST_STEP][PASSED] - sendKeys(findTestObject("GoAmlReport/07 Entity/Account Tab To/03 Director/04 Kewarganegaraan"), Keys.chord(ENTER)): Keys 'ENTER + ' sent to object: 'Object Repository/GoAmlReport/07 Entity/Account Tab To/03 Director/04 Kewarganegaraan'

2020-09-02 12:44:07 - [MESSAGE][PASSED] - Keys 'ENTER + ' sent to object: 'Object Repository/GoAmlReport/07 Entity/Account Tab To/03 Director/04 Kewarganegaraan'

2020-09-02 12:44:07 - [TEST_STEP][PASSED] - setText(findTestObject("GoAmlReport/07 Entity/Account Tab To/03 Director/05 Negara Domisili"), "ID - INDONESIA"): Text 'ID - INDONESIA' is set on object 'Object Repository/GoAmlReport/07 Entity/Account Tab To/03 Director/05 Negara Domisili'

2020-09-02 12:44:08 - [MESSAGE][PASSED] - Text 'ID - INDONESIA' is set on object 'Object Repository/GoAmlReport/07 Entity/Account Tab To/03 Director/05 Negara Domisili'

2020-09-02 12:44:08 - [TEST_STEP][PASSED] - delay(3): Delayed 3 second(s)

2020-09-02 12:44:11 - [MESSAGE][PASSED] - Delayed 3 second(s)

2020-09-02 12:44:11 - [TEST_STEP][PASSED] - sendKeys(findTestObject("GoAmlReport/07 Entity/Account Tab To/03 Director/05 Negara Domisili"), Keys.chord(ENTER)): Keys 'ENTER + ' sent to object: 'Object Repository/GoAmlReport/07 Entity/Account Tab To/03 Director/05 Negara Domisili'

2020-09-02 12:44:12 - [MESSAGE][PASSED] - Keys 'ENTER + ' sent to object: 'Object Repository/GoAmlReport/07 Entity/Account Tab To/03 Director/05 Negara Domisili'

2020-09-02 12:44:12 - [TEST_STEP][PASSED] - setText(findTestObject("GoAmlReport/07 Entity/Account Tab To/03 Director/06 Pekerjaan"), "Kerja Serabutan"): Text 'Kerja Serabutan' is set on object 'Object Repository/GoAmlReport/07 Entity/Account Tab To/03 Director/06 Pekerjaan'

2020-09-02 12:44:12 - [MESSAGE][PASSED] - Text 'Kerja Serabutan' is set on object 'Object Repository/GoAmlReport/07 Entity/Account Tab To/03 Director/06 Pekerjaan'

2020-09-02 12:44:12 - [TEST_STEP][PASSED] - setText(findTestObject("GoAmlReport/07 Entity/Account Tab To/03 Director/07 Sumber Dana"), "Maling"): Text 'Maling' is set on object 'Object Repository/GoAmlReport/07 Entity/Account Tab To/03 Director/07 Sumber Dana'

2020-09-02 12:44:13 - [MESSAGE][PASSED] - Text 'Maling' is set on object 'Object Repository/GoAmlReport/07 Entity/Account Tab To/03 Director/07 Sumber Dana'

2020-09-02 12:44:13 - [TEST_STEP][PASSED] - setText(findTestObject("GoAmlReport/07 Entity/Account Tab To/03 Director/08 Peran"), "UBO - Ultimate Beneficial Owner"): Text 'UBO - Ultimate Beneficial Owner' is set on object 'Object Repository/GoAmlReport/07 Entity/Account Tab To/03 Director/08 Peran'

2020-09-02 12:44:15 - [MESSAGE][PASSED] - Text 'UBO - Ultimate Beneficial Owner' is set on object 'Object Repository/GoAmlReport/07 Entity/Account Tab To/03 Director/08 Peran'

2020-09-02 12:44:15 - [TEST_STEP][PASSED] - delay(2): Delayed 2 second(s)

2020-09-02 12:44:17 - [MESSAGE][PASSED] - Delayed 2 second(s)

2020-09-02 12:44:17 - [TEST_STEP][PASSED] - sendKeys(findTestObject("GoAmlReport/07 Entity/Account Tab To/03 Director/08 Peran"), Keys.chord(ENTER)): Keys 'ENTER + ' sent to object: 'Object Repository/GoAmlReport/07 Entity/Account Tab To/03 Director/08 Peran'

2020-09-02 12:44:17 - [MESSAGE][PASSED] - Keys 'ENTER + ' sent to object: 'Object Repository/GoAmlReport/07 Entity/Account Tab To/03 Director/08 Peran'

2020-09-02 12:44:17 - [TEST_STEP][PASSED] - click(findTestObject("GoAmlReport/07 Entity/Account Tab To/03 Director/09 Telepon/Tambah Telepon")): Object: 'Object Repository/GoAmlReport/07 Entity/Account Tab To/03 Director/09 Telepon/Tambah Telepon' is clicked on

2020-09-02 12:44:18 - [MESSAGE][PASSED] - Object: 'Object Repository/GoAmlReport/07 Entity/Account Tab To/03 Director/09 Telepon/Tambah Telepon' is clicked on

2020-09-02 12:44:18 - [TEST_STEP][PASSED] - scrollToElement(findTestObject("GoAmlReport/07 Entity/Account Tab To/03 Director/09 Telepon/01 Kategori Kontak"), 3): Scroll to object 'Object Repository/GoAmlReport/07 Entity/Account Tab To/03 Director/09 Telepon/01 Kategori Kontak' successfully

2020-09-02 12:44:19 - [MESSAGE][PASSED] - Scroll to object 'Object Repository/GoAmlReport/07 Entity/Account Tab To/03 Director/09 Telepon/01 Kategori Kontak' successfully

2020-09-02 12:44:20 - [TEST_STEP][PASSED] - setText(findTestObject("GoAmlReport/07 Entity/Account Tab To/03 Director/09 Telepon/01 Kategori Kontak"), "K - Kantor"): Text 'K - Kantor' is set on object 'Object Repository/GoAmlReport/07 Entity/Account Tab To/03 Director/09 Telepon/01 Kategori Kontak'

2020-09-02 12:44:20 - [MESSAGE][PASSED] - Text 'K - Kantor' is set on object 'Object Repository/GoAmlReport/07 Entity/Account Tab To/03 Director/09 Telepon/01 Kategori Kontak'

2020-09-02 12:44:20 - [TEST_STEP][PASSED] - delay(3): Delayed 3 second(s)

2020-09-02 12:44:23 - [MESSAGE][PASSED] - Delayed 3 second(s)

2020-09-02 12:44:23 - [TEST_STEP][PASSED] - sendKeys(findTestObject("GoAmlReport/07 Entity/Account Tab To/03 Director/09 Telepon/01 Kategori Kontak"), Keys.chord(ENTER)): Keys 'ENTER + ' sent to object: 'Object Repository/GoAmlReport/07 Entity/Account Tab To/03 Director/09 Telepon/01 Kategori Kontak'

2020-09-02 12:44:24 - [MESSAGE][PASSED] - Keys 'ENTER + ' sent to object: 'Object Repository/GoAmlReport/07 Entity/Account Tab To/03 Director/09 Telepon/01 Kategori Kontak'

2020-09-02 12:44:24 - [TEST_STEP][PASSED] - setText(findTestObject("GoAmlReport/07 Entity/Account Tab To/03 Director/09 Telepon/02 Alat Komunikasi"), "PSTN - PSTN"): Text 'PSTN - PSTN' is set on object 'Object Repository/GoAmlReport/07 Entity/Account Tab To/03 Director/09 Telepon/02 Alat Komunikasi'

2020-09-02 12:44:25 - [MESSAGE][PASSED] - Text 'PSTN - PSTN' is set on object 'Object Repository/GoAmlReport/07 Entity/Account Tab To/03 Director/09 Telepon/02 Alat Komunikasi'

2020-09-02 12:44:25 - [TEST_STEP][PASSED] - delay(3): Delayed 3 second(s)

2020-09-02 12:44:28 - [MESSAGE][PASSED] - Delayed 3 second(s)

2020-09-02 12:44:28 - [TEST_STEP][PASSED] - sendKeys(findTestObject("GoAmlReport/07 Entity/Account Tab To/03 Director/09 Telepon/02 Alat Komunikasi"), Keys.chord(ENTER)): Keys 'ENTER + ' sent to object: 'Object Repository/GoAmlReport/07 Entity/Account Tab To/03 Director/09 Telepon/02 Alat Komunikasi'

2020-09-02 12:44:28 - [MESSAGE][PASSED] - Keys 'ENTER + ' sent to object: 'Object Repository/GoAmlReport/07 Entity/Account Tab To/03 Director/09 Telepon/02 Alat Komunikasi'

2020-09-02 12:44:28 - [TEST_STEP][PASSED] - setText(findTestObject("GoAmlReport/07 Entity/Account Tab To/03 Director/09 Telepon/03 No Telepon"), "222222222"): Text '222222222' is set on object 'Object Repository/GoAmlReport/07 Entity/Account Tab To/03 Director/09 Telepon/03 No Telepon'

2020-09-02 12:44:29 - [MESSAGE][PASSED] - Text '222222222' is set on object 'Object Repository/GoAmlReport/07 Entity/Account Tab To/03 Director/09 Telepon/03 No Telepon'

2020-09-02 12:44:29 - [TEST_STEP][PASSED] - click(findTestObject("GoAmlReport/07 Entity/Account Tab To/03 Director/09 Telepon/Save"), STOP_ON_FAILURE): Object: 'Object Repository/GoAmlReport/07 Entity/Account Tab To/03 Director/09 Telepon/Save' is clicked on

2020-09-02 12:44:29 - [MESSAGE][PASSED] - Object: 'Object Repository/GoAmlReport/07 Entity/Account Tab To/03 Director/09 Telepon/Save' is clicked on

2020-09-02 12:44:29 - [TEST_STEP][PASSED] - delay(4): Delayed 4 second(s)

2020-09-02 12:44:33 - [MESSAGE][PASSED] - Delayed 4 second(s)

2020-09-02 12:44:33 - [TEST_STEP][PASSED] - scrollToElement(findTestObject("GoAmlReport/07 Entity/Account Tab To/03 Director/10 Alamat/span_Tambah Alamat"), 3): Scroll to object 'Object Repository/GoAmlReport/07 Entity/Account Tab To/03 Director/10 Alamat/span_Tambah Alamat' successfully

2020-09-02 12:44:34 - [MESSAGE][PASSED] - Scroll to object 'Object Repository/GoAmlReport/07 Entity/Account Tab To/03 Director/10 Alamat/span_Tambah Alamat' successfully

2020-09-02 12:44:34 - [TEST_STEP][PASSED] - click(findTestObject("GoAmlReport/07 Entity/Account Tab To/03 Director/10 Alamat/span_Tambah Alamat")): Object: 'Object Repository/GoAmlReport/07 Entity/Account Tab To/03 Director/10 Alamat/span_Tambah Alamat' is clicked on

2020-09-02 12:44:34 - [MESSAGE][PASSED] - Object: 'Object Repository/GoAmlReport/07 Entity/Account Tab To/03 Director/10 Alamat/span_Tambah Alamat' is clicked on

2020-09-02 12:44:34 - [TEST_STEP][PASSED] - delay(3): Delayed 3 second(s)

2020-09-02 12:44:37 - [MESSAGE][PASSED] - Delayed 3 second(s)

2020-09-02 12:44:37 - [TEST_STEP][PASSED] - setText(findTestObject("GoAmlReport/07 Entity/Account Tab To/03 Director/10 Alamat/01 Type Alamat"), "R - Rumah"): Text 'R - Rumah' is set on object 'Object Repository/GoAmlReport/07 Entity/Account Tab To/03 Director/10 Alamat/01 Type Alamat'

2020-09-02 12:44:38 - [MESSAGE][PASSED] - Text 'R - Rumah' is set on object 'Object Repository/GoAmlReport/07 Entity/Account Tab To/03 Director/10 Alamat/01 Type Alamat'

2020-09-02 12:44:38 - [TEST_STEP][PASSED] - delay(3): Delayed 3 second(s)

2020-09-02 12:44:41 - [MESSAGE][PASSED] - Delayed 3 second(s)

2020-09-02 12:44:41 - [TEST_STEP][PASSED] - sendKeys(findTestObject("GoAmlReport/07 Entity/Account Tab To/03 Director/10 Alamat/01 Type Alamat"), Keys.chord(ENTER)): Keys 'ENTER + ' sent to object: 'Object Repository/GoAmlReport/07 Entity/Account Tab To/03 Director/10 Alamat/01 Type Alamat'

2020-09-02 12:44:42 - [MESSAGE][PASSED] - Keys 'ENTER + ' sent to object: 'Object Repository/GoAmlReport/07 Entity/Account Tab To/03 Director/10 Alamat/01 Type Alamat'

2020-09-02 12:44:42 - [TEST_STEP][PASSED] - setText(findTestObject("GoAmlReport/07 Entity/Account Tab To/03 Director/10 Alamat/02 Alamat"), "Jl Jalan Jln"): Text 'Jl Jalan Jln' is set on object 'Object Repository/GoAmlReport/07 Entity/Account Tab To/03 Director/10 Alamat/02 Alamat'

2020-09-02 12:44:42 - [MESSAGE][PASSED] - Text 'Jl Jalan Jln' is set on object 'Object Repository/GoAmlReport/07 Entity/Account Tab To/03 Director/10 Alamat/02 Alamat'

2020-09-02 12:44:42 - [TEST_STEP][PASSED] - setText(findTestObject("GoAmlReport/07 Entity/Account Tab To/03 Director/10 Alamat/03 Kota"), "Jakarte"): Text 'Jakarte' is set on object 'Object Repository/GoAmlReport/07 Entity/Account Tab To/03 Director/10 Alamat/03 Kota'

2020-09-02 12:44:43 - [MESSAGE][PASSED] - Text 'Jakarte' is set on object 'Object Repository/GoAmlReport/07 Entity/Account Tab To/03 Director/10 Alamat/03 Kota'

2020-09-02 12:44:43 - [TEST_STEP][PASSED] - setText(findTestObject("GoAmlReport/07 Entity/Account Tab To/03 Director/10 Alamat/03 Negara"), "Indonesi"): Text 'Indonesi' is set on object 'Object Repository/GoAmlReport/07 Entity/Account Tab To/03 Director/10 Alamat/03 Negara'

2020-09-02 12:44:44 - [MESSAGE][PASSED] - Text 'Indonesi' is set on object 'Object Repository/GoAmlReport/07 Entity/Account Tab To/03 Director/10 Alamat/03 Negara'

2020-09-02 12:44:44 - [TEST_STEP][PASSED] - delay(3): Delayed 3 second(s)

2020-09-02 12:44:47 - [MESSAGE][PASSED] - Delayed 3 second(s)

2020-09-02 12:44:47 - [TEST_STEP][PASSED] - sendKeys(findTestObject("GoAmlReport/07 Entity/Account Tab To/03 Director/10 Alamat/03 Negara"), Keys.chord(ENTER)): Keys 'ENTER + ' sent to object: 'Object Repository/GoAmlReport/07 Entity/Account Tab To/03 Director/10 Alamat/03 Negara'

2020-09-02 12:44:47 - [MESSAGE][PASSED] - Keys 'ENTER + ' sent to object: 'Object Repository/GoAmlReport/07 Entity/Account Tab To/03 Director/10 Alamat/03 Negara'

2020-09-02 12:44:47 - [TEST_STEP][PASSED] - click(findTestObject("GoAmlReport/07 Entity/Account Tab To/03 Director/10 Alamat/save"), STOP_ON_FAILURE): Object: 'Object Repository/GoAmlReport/07 Entity/Account Tab To/03 Director/10 Alamat/save' is clicked on

2020-09-02 12:44:48 - [MESSAGE][PASSED] - Object: 'Object Repository/GoAmlReport/07 Entity/Account Tab To/03 Director/10 Alamat/save' is clicked on

2020-09-02 12:44:48 - [TEST_STEP][PASSED] - scrollToElement(findTestObject("GoAmlReport/07 Entity/Account Tab To/03 Director/11 Dokumen Identitas/Tambah Dokumen Identitas"), 3): Scroll to object 'Object Repository/GoAmlReport/07 Entity/Account Tab To/03 Director/11 Dokumen Identitas/Tambah Dokumen Identitas' successfully

2020-09-02 12:44:48 - [MESSAGE][PASSED] - Scroll to object 'Object Repository/GoAmlReport/07 Entity/Account Tab To/03 Director/11 Dokumen Identitas/Tambah Dokumen Identitas' successfully

2020-09-02 12:44:48 - [TEST_STEP][PASSED] - click(findTestObject("GoAmlReport/07 Entity/Account Tab To/03 Director/11 Dokumen Identitas/Tambah Dokumen Identitas")): Object: 'Object Repository/GoAmlReport/07 Entity/Account Tab To/03 Director/11 Dokumen Identitas/Tambah Dokumen Identitas' is clicked on

2020-09-02 12:44:50 - [MESSAGE][PASSED] - Object: 'Object Repository/GoAmlReport/07 Entity/Account Tab To/03 Director/11 Dokumen Identitas/Tambah Dokumen Identitas' is clicked on

2020-09-02 12:44:50 - [TEST_STEP][PASSED] - delay(3): Delayed 3 second(s)

2020-09-02 12:44:53 - [MESSAGE][PASSED] - Delayed 3 second(s)

2020-09-02 12:44:53 - [TEST_STEP][PASSED] - setText(findTestObject("GoAmlReport/07 Entity/Account Tab To/03 Director/11 Dokumen Identitas/01 Jenis Dokumen Identitas"), "SUKET - Surat Keterangan Kependudukan"): Text 'SUKET - Surat Keterangan Kependudukan' is set on object 'Object Repository/GoAmlReport/07 Entity/Account Tab To/03 Director/11 Dokumen Identitas/01 Jenis Dokumen Identitas'

2020-09-02 12:44:54 - [MESSAGE][PASSED] - Text 'SUKET - Surat Keterangan Kependudukan' is set on object 'Object Repository/GoAmlReport/07 Entity/Account Tab To/03 Director/11 Dokumen Identitas/01 Jenis Dokumen Identitas'

2020-09-02 12:44:54 - [TEST_STEP][PASSED] - delay(3): Delayed 3 second(s)

2020-09-02 12:44:57 - [MESSAGE][PASSED] - Delayed 3 second(s)

2020-09-02 12:44:57 - [TEST_STEP][PASSED] - sendKeys(findTestObject("GoAmlReport/07 Entity/Account Tab To/03 Director/11 Dokumen Identitas/01 Jenis Dokumen Identitas"), Keys.chord(ENTER)): Keys 'ENTER + ' sent to object: 'Object Repository/GoAmlReport/07 Entity/Account Tab To/03 Director/11 Dokumen Identitas/01 Jenis Dokumen Identitas'

2020-09-02 12:44:57 - [MESSAGE][PASSED] - Keys 'ENTER + ' sent to object: 'Object Repository/GoAmlReport/07 Entity/Account Tab To/03 Director/11 Dokumen Identitas/01 Jenis Dokumen Identitas'

2020-09-02 12:44:57 - [TEST_STEP][PASSED] - setText(findTestObject("GoAmlReport/07 Entity/Account Tab To/03 Director/11 Dokumen Identitas/02 No Identitas"), "12321444"): Text '12321444' is set on object 'Object Repository/GoAmlReport/07 Entity/Account Tab To/03 Director/11 Dokumen Identitas/02 No Identitas'

2020-09-02 12:44:58 - [MESSAGE][PASSED] - Text '12321444' is set on object 'Object Repository/GoAmlReport/07 Entity/Account Tab To/03 Director/11 Dokumen Identitas/02 No Identitas'

2020-09-02 12:44:58 - [TEST_STEP][PASSED] - setText(findTestObject("GoAmlReport/07 Entity/Account Tab To/03 Director/11 Dokumen Identitas/03 Negara Penerbit"), "ID - INDONESIA"): Text 'ID - INDONESIA' is set on object 'Object Repository/GoAmlReport/07 Entity/Account Tab To/03 Director/11 Dokumen Identitas/03 Negara Penerbit'

2020-09-02 12:44:59 - [MESSAGE][PASSED] - Text 'ID - INDONESIA' is set on object 'Object Repository/GoAmlReport/07 Entity/Account Tab To/03 Director/11 Dokumen Identitas/03 Negara Penerbit'

2020-09-02 12:44:59 - [TEST_STEP][PASSED] - delay(3): Delayed 3 second(s)

2020-09-02 12:45:02 - [MESSAGE][PASSED] - Delayed 3 second(s)

2020-09-02 12:45:02 - [TEST_STEP][PASSED] - sendKeys(findTestObject("GoAmlReport/07 Entity/Account Tab To/03 Director/11 Dokumen Identitas/03 Negara Penerbit"), Keys.chord(ENTER)): Keys 'ENTER + ' sent to object: 'Object Repository/GoAmlReport/07 Entity/Account Tab To/03 Director/11 Dokumen Identitas/03 Negara Penerbit'

2020-09-02 12:45:03 - [MESSAGE][PASSED] - Keys 'ENTER + ' sent to object: 'Object Repository/GoAmlReport/07 Entity/Account Tab To/03 Director/11 Dokumen Identitas/03 Negara Penerbit'

2020-09-02 12:45:03 - [TEST_STEP][PASSED] - click(findTestObject("GoAmlReport/07 Entity/Account Tab To/03 Director/11 Dokumen Identitas/Save")): Object: 'Object Repository/GoAmlReport/07 Entity/Account Tab To/03 Director/11 Dokumen Identitas/Save' is clicked on

2020-09-02 12:45:03 - [MESSAGE][PASSED] - Object: 'Object Repository/GoAmlReport/07 Entity/Account Tab To/03 Director/11 Dokumen Identitas/Save' is clicked on

2020-09-02 12:45:03 - [TEST_STEP][PASSED] - click(findTestObject("GoAmlReport/07 Entity/Account Tab To/03 Director/99 Save")): Object: 'Object Repository/GoAmlReport/07 Entity/Account Tab To/03 Director/99 Save' is clicked on

2020-09-02 12:45:05 - [MESSAGE][PASSED] - Object: 'Object Repository/GoAmlReport/07 Entity/Account Tab To/03 Director/99 Save' is clicked on

2020-09-02 12:45:05 - [TEST_STEP][PASSED] - delay(2): Delayed 2 second(s)

2020-09-02 12:45:07 - [MESSAGE][PASSED] - Delayed 2 second(s)

2020-09-02 12:45:07 - [MESSAGE][PASSED] - Call Test Case 'Test Cases/GoAML Report 5' successfully

2020-09-02 12:45:10 - [TEST_STEP][PASSED] - Video: Video recording for test case 'Test Cases/GoAML Report 1' .

2020-09-02 12:45:10 - [MESSAGE][INFO] - Video recording for test case 'Test Cases/GoAML Report 1' .
[[ATTACHMENT|D:\\poject\\goaml2\\Katalon\\GoAML\\Reports\\20200902_112954\\New Test Suite (1)\\20200902_112954/videos\\test_6.avi]]]]></system-out>
         <system-err><![CDATA[]]></system-err>
      </testcase>
      <testcase name="Test Cases/GoAML Report 1" time="177.794" classname="Test Cases/GoAML Report 1" status="FAILED">
         <failure type="FAILED" message="Test Cases/GoAML Report 1 FAILED.
Reason:
com.kms.katalon.core.exception.StepFailedException: Call Test Case 'Test Cases/GoAML Report 3' failed
	at com.kms.katalon.core.keyword.builtin.CallTestCaseKeyword$_callTestCase_closure1.doCall(CallTestCaseKeyword.groovy:63)
	at com.kms.katalon.core.keyword.builtin.CallTestCaseKeyword$_callTestCase_closure1.call(CallTestCaseKeyword.groovy)
	at com.kms.katalon.core.keyword.internal.KeywordMain.runKeyword(KeywordMain.groovy:68)
	at com.kms.katalon.core.keyword.builtin.CallTestCaseKeyword.callTestCase(CallTestCaseKeyword.groovy:81)
	at com.kms.katalon.core.keyword.builtin.CallTestCaseKeyword.execute(CallTestCaseKeyword.groovy:44)
	at com.kms.katalon.core.keyword.internal.KeywordExecutor.executeKeywordForPlatform(KeywordExecutor.groovy:72)
	at com.kms.katalon.core.keyword.BuiltinKeywords.callTestCase(BuiltinKeywords.groovy:334)
	at GoAML Report 1.run(GoAML Report 1:47)
	at com.kms.katalon.core.main.ScriptEngine.run(ScriptEngine.java:194)
	at com.kms.katalon.core.main.ScriptEngine.runScriptAsRawText(ScriptEngine.java:119)
	at com.kms.katalon.core.main.TestCaseExecutor.runScript(TestCaseExecutor.java:337)
	at com.kms.katalon.core.main.TestCaseExecutor.doExecute(TestCaseExecutor.java:328)
	at com.kms.katalon.core.main.TestCaseExecutor.processExecutionPhase(TestCaseExecutor.java:307)
	at com.kms.katalon.core.main.TestCaseExecutor.accessMainPhase(TestCaseExecutor.java:299)
	at com.kms.katalon.core.main.TestCaseExecutor.execute(TestCaseExecutor.java:233)
	at com.kms.katalon.core.main.TestSuiteExecutor.accessTestCaseMainPhase(TestSuiteExecutor.java:169)
	at com.kms.katalon.core.main.TestSuiteExecutor.accessTestSuiteMainPhase(TestSuiteExecutor.java:142)
	at com.kms.katalon.core.main.TestSuiteExecutor.execute(TestSuiteExecutor.java:91)
	at com.kms.katalon.core.main.TestCaseMain.startTestSuite(TestCaseMain.java:157)
	at com.kms.katalon.core.main.TestCaseMain$startTestSuite$0.call(Unknown Source)
	at TempTestSuite1599020994386.run(TempTestSuite1599020994386.groovy:36)
Caused by: com.kms.katalon.core.exception.StepFailedException: Unable to set text '999' of object 'Object Repository/GoAmlReport/Nomor Transaksi'
	at com.kms.katalon.core.webui.keyword.internal.WebUIKeywordMain.stepFailed(WebUIKeywordMain.groovy:64)
	at com.kms.katalon.core.webui.keyword.internal.WebUIKeywordMain.runKeyword(WebUIKeywordMain.groovy:26)
	at com.kms.katalon.core.webui.keyword.builtin.SetTextKeyword.setText(SetTextKeyword.groovy:66)
	at com.kms.katalon.core.webui.keyword.builtin.SetTextKeyword.execute(SetTextKeyword.groovy:37)
	at com.kms.katalon.core.keyword.internal.KeywordExecutor.executeKeywordForPlatform(KeywordExecutor.groovy:72)
	at com.kms.katalon.core.webui.keyword.WebUiBuiltInKeywords.setText(WebUiBuiltInKeywords.groovy:950)
	at com.kms.katalon.core.webui.keyword.WebUiBuiltInKeywords$setText$1.call(Unknown Source)
	at GoAML Report 3.run(GoAML Report 3:27)
	at com.kms.katalon.core.main.ScriptEngine.run(ScriptEngine.java:194)
	at com.kms.katalon.core.main.ScriptEngine.runScriptAsRawText(ScriptEngine.java:119)
	at com.kms.katalon.core.main.TestCaseExecutor.runScript(TestCaseExecutor.java:337)
	at com.kms.katalon.core.main.TestCaseExecutor.doExecute(TestCaseExecutor.java:328)
	at com.kms.katalon.core.main.TestCaseExecutor.processExecutionPhase(TestCaseExecutor.java:307)
	at com.kms.katalon.core.main.TestCaseExecutor.accessMainPhase(TestCaseExecutor.java:299)
	at com.kms.katalon.core.main.TestCaseExecutor.execute(TestCaseExecutor.java:233)
	at com.kms.katalon.core.main.TestCaseMain.runTestCase(TestCaseMain.java:114)
	at com.kms.katalon.core.keyword.builtin.CallTestCaseKeyword$_callTestCase_closure1.doCall(CallTestCaseKeyword.groovy:59)
	... 20 more
Caused by: org.openqa.selenium.ElementNotInteractableException: element not interactable
  (Session info: chrome=84.0.4147.135)
Build info: version: '3.141.59', revision: 'e82be7d358', time: '2018-11-14T08:25:53'
System info: host: 'NDS-LPT-0080', ip: '192.168.43.228', os.name: 'Windows 10', os.arch: 'amd64', os.version: '10.0', java.version: '1.8.0_181'
Driver info: com.kms.katalon.selenium.driver.CChromeDriver
Capabilities {acceptInsecureCerts: false, browserName: chrome, browserVersion: 84.0.4147.135, chrome: {chromedriverVersion: 83.0.4103.39 (ccbf011cb2d2b..., userDataDir: C:\Users\user\AppData\Local...}, goog:chromeOptions: {debuggerAddress: localhost:58383}, javascriptEnabled: true, networkConnectionEnabled: false, pageLoadStrategy: normal, platform: WINDOWS, platformName: WINDOWS, proxy: Proxy(), setWindowRect: true, strictFileInteractability: false, timeouts: {implicit: 0, pageLoad: 300000, script: 30000}, unhandledPromptBehavior: dismiss and notify, webauthn:virtualAuthenticators: true}
Session ID: 976f4b0e02415cf71a8f63c499f4fcd3
	at org.openqa.selenium.remote.http.W3CHttpResponseCodec.createException(W3CHttpResponseCodec.java:187)
	at org.openqa.selenium.remote.http.W3CHttpResponseCodec.decode(W3CHttpResponseCodec.java:122)
	at org.openqa.selenium.remote.http.W3CHttpResponseCodec.decode(W3CHttpResponseCodec.java:49)
	at org.openqa.selenium.remote.HttpCommandExecutor.execute(HttpCommandExecutor.java:158)
	at org.openqa.selenium.remote.service.DriverCommandExecutor.execute(DriverCommandExecutor.java:83)
	at org.openqa.selenium.remote.RemoteWebDriver.execute(RemoteWebDriver.java:552)
	at com.kms.katalon.selenium.driver.CChromeDriver.execute(CChromeDriver.java:19)
	at org.openqa.selenium.remote.RemoteWebElement.execute(RemoteWebElement.java:285)
	at org.openqa.selenium.remote.RemoteWebElement.clear(RemoteWebElement.java:124)
	at org.openqa.selenium.support.events.EventFiringWebDriver$EventFiringWebElement.lambda$new$0(EventFiringWebDriver.java:404)
	at com.sun.proxy.$Proxy9.clear(Unknown Source)
	at org.openqa.selenium.support.events.EventFiringWebDriver$EventFiringWebElement.clear(EventFiringWebDriver.java:436)
	at com.kms.katalon.core.webui.keyword.builtin.SetTextKeyword$_setText_closure1.doCall(SetTextKeyword.groovy:53)
	at com.kms.katalon.core.webui.keyword.builtin.SetTextKeyword$_setText_closure1.call(SetTextKeyword.groovy)
	at com.kms.katalon.core.webui.keyword.internal.WebUIKeywordMain.runKeyword(WebUIKeywordMain.groovy:20)
	... 35 more
"/>
         <system-out><![CDATA[2020-09-02 12:45:10 - [TEST_CASE][FAILED] - Test Cases/GoAML Report 1: Test Cases/GoAML Report 1 FAILED.
Reason:
com.kms.katalon.core.exception.StepFailedException: Call Test Case 'Test Cases/GoAML Report 3' failed
	at com.kms.katalon.core.keyword.builtin.CallTestCaseKeyword$_callTestCase_closure1.doCall(CallTestCaseKeyword.groovy:63)
	at com.kms.katalon.core.keyword.builtin.CallTestCaseKeyword$_callTestCase_closure1.call(CallTestCaseKeyword.groovy)
	at com.kms.katalon.core.keyword.internal.KeywordMain.runKeyword(KeywordMain.groovy:68)
	at com.kms.katalon.core.keyword.builtin.CallTestCaseKeyword.callTestCase(CallTestCaseKeyword.groovy:81)
	at com.kms.katalon.core.keyword.builtin.CallTestCaseKeyword.execute(CallTestCaseKeyword.groovy:44)
	at com.kms.katalon.core.keyword.internal.KeywordExecutor.executeKeywordForPlatform(KeywordExecutor.groovy:72)
	at com.kms.katalon.core.keyword.BuiltinKeywords.callTestCase(BuiltinKeywords.groovy:334)
	at GoAML Report 1.run(GoAML Report 1:47)
	at com.kms.katalon.core.main.ScriptEngine.run(ScriptEngine.java:194)
	at com.kms.katalon.core.main.ScriptEngine.runScriptAsRawText(ScriptEngine.java:119)
	at com.kms.katalon.core.main.TestCaseExecutor.runScript(TestCaseExecutor.java:337)
	at com.kms.katalon.core.main.TestCaseExecutor.doExecute(TestCaseExecutor.java:328)
	at com.kms.katalon.core.main.TestCaseExecutor.processExecutionPhase(TestCaseExecutor.java:307)
	at com.kms.katalon.core.main.TestCaseExecutor.accessMainPhase(TestCaseExecutor.java:299)
	at com.kms.katalon.core.main.TestCaseExecutor.execute(TestCaseExecutor.java:233)
	at com.kms.katalon.core.main.TestSuiteExecutor.accessTestCaseMainPhase(TestSuiteExecutor.java:169)
	at com.kms.katalon.core.main.TestSuiteExecutor.accessTestSuiteMainPhase(TestSuiteExecutor.java:142)
	at com.kms.katalon.core.main.TestSuiteExecutor.execute(TestSuiteExecutor.java:91)
	at com.kms.katalon.core.main.TestCaseMain.startTestSuite(TestCaseMain.java:157)
	at com.kms.katalon.core.main.TestCaseMain$startTestSuite$0.call(Unknown Source)
	at TempTestSuite1599020994386.run(TempTestSuite1599020994386.groovy:36)
Caused by: com.kms.katalon.core.exception.StepFailedException: Unable to set text '999' of object 'Object Repository/GoAmlReport/Nomor Transaksi'
	at com.kms.katalon.core.webui.keyword.internal.WebUIKeywordMain.stepFailed(WebUIKeywordMain.groovy:64)
	at com.kms.katalon.core.webui.keyword.internal.WebUIKeywordMain.runKeyword(WebUIKeywordMain.groovy:26)
	at com.kms.katalon.core.webui.keyword.builtin.SetTextKeyword.setText(SetTextKeyword.groovy:66)
	at com.kms.katalon.core.webui.keyword.builtin.SetTextKeyword.execute(SetTextKeyword.groovy:37)
	at com.kms.katalon.core.keyword.internal.KeywordExecutor.executeKeywordForPlatform(KeywordExecutor.groovy:72)
	at com.kms.katalon.core.webui.keyword.WebUiBuiltInKeywords.setText(WebUiBuiltInKeywords.groovy:950)
	at com.kms.katalon.core.webui.keyword.WebUiBuiltInKeywords$setText$1.call(Unknown Source)
	at GoAML Report 3.run(GoAML Report 3:27)
	at com.kms.katalon.core.main.ScriptEngine.run(ScriptEngine.java:194)
	at com.kms.katalon.core.main.ScriptEngine.runScriptAsRawText(ScriptEngine.java:119)
	at com.kms.katalon.core.main.TestCaseExecutor.runScript(TestCaseExecutor.java:337)
	at com.kms.katalon.core.main.TestCaseExecutor.doExecute(TestCaseExecutor.java:328)
	at com.kms.katalon.core.main.TestCaseExecutor.processExecutionPhase(TestCaseExecutor.java:307)
	at com.kms.katalon.core.main.TestCaseExecutor.accessMainPhase(TestCaseExecutor.java:299)
	at com.kms.katalon.core.main.TestCaseExecutor.execute(TestCaseExecutor.java:233)
	at com.kms.katalon.core.main.TestCaseMain.runTestCase(TestCaseMain.java:114)
	at com.kms.katalon.core.keyword.builtin.CallTestCaseKeyword$_callTestCase_closure1.doCall(CallTestCaseKeyword.groovy:59)
	... 20 more
Caused by: org.openqa.selenium.ElementNotInteractableException: element not interactable
  (Session info: chrome=84.0.4147.135)
Build info: version: '3.141.59', revision: 'e82be7d358', time: '2018-11-14T08:25:53'
System info: host: 'NDS-LPT-0080', ip: '192.168.43.228', os.name: 'Windows 10', os.arch: 'amd64', os.version: '10.0', java.version: '1.8.0_181'
Driver info: com.kms.katalon.selenium.driver.CChromeDriver
Capabilities {acceptInsecureCerts: false, browserName: chrome, browserVersion: 84.0.4147.135, chrome: {chromedriverVersion: 83.0.4103.39 (ccbf011cb2d2b..., userDataDir: C:\Users\user\AppData\Local...}, goog:chromeOptions: {debuggerAddress: localhost:58383}, javascriptEnabled: true, networkConnectionEnabled: false, pageLoadStrategy: normal, platform: WINDOWS, platformName: WINDOWS, proxy: Proxy(), setWindowRect: true, strictFileInteractability: false, timeouts: {implicit: 0, pageLoad: 300000, script: 30000}, unhandledPromptBehavior: dismiss and notify, webauthn:virtualAuthenticators: true}
Session ID: 976f4b0e02415cf71a8f63c499f4fcd3
	at org.openqa.selenium.remote.http.W3CHttpResponseCodec.createException(W3CHttpResponseCodec.java:187)
	at org.openqa.selenium.remote.http.W3CHttpResponseCodec.decode(W3CHttpResponseCodec.java:122)
	at org.openqa.selenium.remote.http.W3CHttpResponseCodec.decode(W3CHttpResponseCodec.java:49)
	at org.openqa.selenium.remote.HttpCommandExecutor.execute(HttpCommandExecutor.java:158)
	at org.openqa.selenium.remote.service.DriverCommandExecutor.execute(DriverCommandExecutor.java:83)
	at org.openqa.selenium.remote.RemoteWebDriver.execute(RemoteWebDriver.java:552)
	at com.kms.katalon.selenium.driver.CChromeDriver.execute(CChromeDriver.java:19)
	at org.openqa.selenium.remote.RemoteWebElement.execute(RemoteWebElement.java:285)
	at org.openqa.selenium.remote.RemoteWebElement.clear(RemoteWebElement.java:124)
	at org.openqa.selenium.support.events.EventFiringWebDriver$EventFiringWebElement.lambda$new$0(EventFiringWebDriver.java:404)
	at com.sun.proxy.$Proxy9.clear(Unknown Source)
	at org.openqa.selenium.support.events.EventFiringWebDriver$EventFiringWebElement.clear(EventFiringWebDriver.java:436)
	at com.kms.katalon.core.webui.keyword.builtin.SetTextKeyword$_setText_closure1.doCall(SetTextKeyword.groovy:53)
	at com.kms.katalon.core.webui.keyword.builtin.SetTextKeyword$_setText_closure1.call(SetTextKeyword.groovy)
	at com.kms.katalon.core.webui.keyword.internal.WebUIKeywordMain.runKeyword(WebUIKeywordMain.groovy:20)
	... 35 more


2020-09-02 12:45:10 - [TEST_STEP][PASSED] - openBrowser("http://goaml.southeastasia.cloudapp.azure.com/goaml/Default.aspx"): Browser is opened with url: 'http://goaml.southeastasia.cloudapp.azure.com/goaml/Default.aspx'

2020-09-02 12:45:10 - [MESSAGE][WARNING] - A browser is already opened. Closing browser and opening a new one

2020-09-02 12:45:11 - [MESSAGE][INFO] - Starting 'Chrome' driver

2020-09-02 12:45:11 - [MESSAGE][INFO] - User set preference: ['property', '']

2020-09-02 12:45:18 - [MESSAGE][PASSED] - Browser is opened with url: 'http://goaml.southeastasia.cloudapp.azure.com/goaml/Default.aspx'

2020-09-02 12:45:18 - [TEST_STEP][PASSED] - maximizeWindow(): Current window maximized

2020-09-02 12:45:20 - [MESSAGE][PASSED] - Current window maximized

2020-09-02 12:45:20 - [TEST_STEP][PASSED] - setText(findTestObject("All/UserName"), "anggi1"): Text 'anggi1' is set on object 'Object Repository/All/UserName'

2020-09-02 12:45:21 - [MESSAGE][PASSED] - Text 'anggi1' is set on object 'Object Repository/All/UserName'

2020-09-02 12:45:21 - [TEST_STEP][PASSED] - setEncryptedText(findTestObject("All/password"), "iFGeFYmXIrWy72D5I5E8Dw=="): Text ****** has been set on object 'Object Repository/All/password'

2020-09-02 12:45:21 - [MESSAGE][PASSED] - Text ****** has been set on object 'Object Repository/All/password'

2020-09-02 12:45:21 - [TEST_STEP][PASSED] - click(findTestObject("All/Sign In")): Object: 'Object Repository/All/Sign In' is clicked on

2020-09-02 12:45:24 - [MESSAGE][PASSED] - Object: 'Object Repository/All/Sign In' is clicked on

2020-09-02 12:45:24 - [TEST_STEP][PASSED] - delay(3): Delayed 3 second(s)

2020-09-02 12:45:27 - [MESSAGE][PASSED] - Delayed 3 second(s)

2020-09-02 12:45:27 - [TEST_STEP][PASSED] - setText(findTestObject("All/filter"), "Report"): Text 'Report' is set on object 'Object Repository/All/filter'

2020-09-02 12:45:28 - [MESSAGE][PASSED] - Text 'Report' is set on object 'Object Repository/All/filter'

2020-09-02 12:45:28 - [TEST_STEP][PASSED] - delay(1): Delayed 1 second(s)

2020-09-02 12:45:29 - [MESSAGE][PASSED] - Delayed 1 second(s)

2020-09-02 12:45:29 - [TEST_STEP][PASSED] - scrollToElement(findTestObject("GoAmlReport/View"), 3): Scroll to object 'Object Repository/GoAmlReport/View' successfully

2020-09-02 12:45:29 - [MESSAGE][PASSED] - Scroll to object 'Object Repository/GoAmlReport/View' successfully

2020-09-02 12:45:29 - [TEST_STEP][PASSED] - click(findTestObject("GoAmlReport/View")): Object: 'Object Repository/GoAmlReport/View' is clicked on

2020-09-02 12:45:30 - [MESSAGE][PASSED] - Object: 'Object Repository/GoAmlReport/View' is clicked on

2020-09-02 12:45:30 - [TEST_STEP][PASSED] - delay(3): Delayed 3 second(s)

2020-09-02 12:45:33 - [MESSAGE][PASSED] - Delayed 3 second(s)

2020-09-02 12:45:33 - [TEST_STEP][PASSED] - click(findTestObject("All/New Record")): Object: 'Object Repository/All/New Record' is clicked on

2020-09-02 12:45:33 - [MESSAGE][PASSED] - Object: 'Object Repository/All/New Record' is clicked on

2020-09-02 12:45:33 - [TEST_STEP][PASSED] - callTestCase(findTestCase("GoAML Report 2"), [:], STOP_ON_FAILURE): Call Test Case 'Test Cases/GoAML Report 2' successfully

2020-09-02 12:45:33 - [TEST_CASE][PASSED] - Test Cases/GoAML Report 2: Test Cases/GoAML Report 2

2020-09-02 12:45:33 - [TEST_STEP][PASSED] - for ([rowNum = 1, rowNum <= findTestData("GoAMLReport/General Information").getRowNumbers(), (rowNum++)]): Object: 'Object Repository/GoAmlReport/save indikator' is clicked on

2020-09-02 12:45:33 - [TEST_STEP][PASSED] - delay(90): Delayed 90 second(s)

2020-09-02 12:47:03 - [MESSAGE][PASSED] - Delayed 90 second(s)

2020-09-02 12:47:03 - [TEST_STEP][PASSED] - click(findTestObject("GoAmlReport/01 General Information/01 Jenis Laporan"), STOP_ON_FAILURE): Object: 'Object Repository/GoAmlReport/01 General Information/01 Jenis Laporan' is clicked on

2020-09-02 12:47:04 - [MESSAGE][PASSED] - Object: 'Object Repository/GoAmlReport/01 General Information/01 Jenis Laporan' is clicked on

2020-09-02 12:47:04 - [TEST_STEP][PASSED] - delay(20): Delayed 20 second(s)

2020-09-02 12:47:24 - [MESSAGE][PASSED] - Delayed 20 second(s)

2020-09-02 12:47:24 - [TEST_STEP][PASSED] - if (findTestData("GoAMLReport/General Information").getValue(1, rowNum) == "LAPT - LTKM"): null

2020-09-02 12:47:24 - [TEST_STEP][PASSED] - if (findTestData("GoAMLReport/General Information").getValue(1, rowNum) == "LTKM - LTKM"): null

2020-09-02 12:47:24 - [TEST_STEP][PASSED] - click(findTestObject("GoAmlReport/01 General Information/Isi Jenis Laporan/2 LTKM - LTKM")): Object: 'Object Repository/GoAmlReport/01 General Information/Isi Jenis Laporan/2 LTKM - LTKM' is clicked on

2020-09-02 12:47:25 - [MESSAGE][PASSED] - Object: 'Object Repository/GoAmlReport/01 General Information/Isi Jenis Laporan/2 LTKM - LTKM' is clicked on

2020-09-02 12:47:25 - [TEST_STEP][PASSED] - if (findTestData("GoAMLReport/General Information").getValue(4, rowNum) == "CaseManagement ID"): Keys 'ENTER + ' sent to object: 'Object Repository/GoAmlReport/01 General Information/05 Type Report'

2020-09-02 12:47:25 - [TEST_STEP][PASSED] - setText(findTestObject("GoAmlReport/01 General Information/05 Type Report"), "transaksi unik"): Text 'transaksi unik' is set on object 'Object Repository/GoAmlReport/01 General Information/05 Type Report'

2020-09-02 12:47:26 - [MESSAGE][PASSED] - Text 'transaksi unik' is set on object 'Object Repository/GoAmlReport/01 General Information/05 Type Report'

2020-09-02 12:47:26 - [TEST_STEP][PASSED] - delay(10): Delayed 10 second(s)

2020-09-02 12:47:36 - [MESSAGE][PASSED] - Delayed 10 second(s)

2020-09-02 12:47:36 - [TEST_STEP][PASSED] - sendKeys(findTestObject("GoAmlReport/01 General Information/05 Type Report"), Keys.chord(ENTER)): Keys 'ENTER + ' sent to object: 'Object Repository/GoAmlReport/01 General Information/05 Type Report'

2020-09-02 12:47:36 - [MESSAGE][PASSED] - Keys 'ENTER + ' sent to object: 'Object Repository/GoAmlReport/01 General Information/05 Type Report'

2020-09-02 12:47:36 - [TEST_STEP][PASSED] - if (findTestData("GoAMLReport/General Information").getValue(4, rowNum) == "CIF"): null

2020-09-02 12:47:36 - [TEST_STEP][PASSED] - if (findTestData("GoAMLReport/General Information").getValue(1, rowNum) == "LTKMH - LTKM"): null

2020-09-02 12:47:36 - [TEST_STEP][PASSED] - if (findTestData("GoAMLReport/General Information").getValue(1, rowNum) == "LTKMP - LTKM"): null

2020-09-02 12:47:36 - [TEST_STEP][PASSED] - if (findTestData("GoAMLReport/General Information").getValue(1, rowNum) == "LTKMT - LTKM"): null

2020-09-02 12:47:36 - [TEST_STEP][PASSED] - if (findTestData("GoAMLReport/General Information").getValue(1, rowNum) == "LTKTK - LTKT"): null

2020-09-02 12:47:37 - [TEST_STEP][PASSED] - if (findTestData("GoAMLReport/General Information").getValue(1, rowNum) == "LTKTM - LTKT"): null

2020-09-02 12:47:37 - [TEST_STEP][PASSED] - if (findTestData("GoAMLReport/General Information").getValue(1, rowNum) == "TKLIB - LTKL"): null

2020-09-02 12:47:37 - [TEST_STEP][PASSED] - if (findTestData("GoAMLReport/General Information").getValue(1, rowNum) == "TKLOB - LTKL"): null

2020-09-02 12:47:37 - [TEST_STEP][PASSED] - setText(findTestObject("GoAmlReport/01 General Information/02 Tgl Laporan"), findTestData("GoAMLReport/General Information").getValue(3, 1)): Text '26-May-99' is set on object 'Object Repository/GoAmlReport/01 General Information/02 Tgl Laporan'

2020-09-02 12:47:37 - [MESSAGE][PASSED] - Text '26-May-99' is set on object 'Object Repository/GoAmlReport/01 General Information/02 Tgl Laporan'

2020-09-02 12:47:37 - [TEST_STEP][PASSED] - setText(findTestObject("GoAmlReport/01 General Information/03 Alasan"), "No Reason"): Text 'No Reason' is set on object 'Object Repository/GoAmlReport/01 General Information/03 Alasan'

2020-09-02 12:47:38 - [MESSAGE][PASSED] - Text 'No Reason' is set on object 'Object Repository/GoAmlReport/01 General Information/03 Alasan'

2020-09-02 12:47:38 - [TEST_STEP][PASSED] - setText(findTestObject("GoAmlReport/01 General Information/04 Tidakan Pelapor"), "Tidak Bertindak"): Text 'Tidak Bertindak' is set on object 'Object Repository/GoAmlReport/01 General Information/04 Tidakan Pelapor'

2020-09-02 12:47:39 - [MESSAGE][PASSED] - Text 'Tidak Bertindak' is set on object 'Object Repository/GoAmlReport/01 General Information/04 Tidakan Pelapor'

2020-09-02 12:47:39 - [TEST_STEP][PASSED] - setText(findTestObject("GoAmlReport/01 General Information/06 No Value Report"), "Testing Anggi 2906"): Text 'Testing Anggi 2906' is set on object 'Object Repository/GoAmlReport/01 General Information/06 No Value Report'

2020-09-02 12:47:39 - [MESSAGE][PASSED] - Text 'Testing Anggi 2906' is set on object 'Object Repository/GoAmlReport/01 General Information/06 No Value Report'

2020-09-02 12:47:39 - [TEST_STEP][PASSED] - if (findTestData("GoAMLReport/General Information").getValue(6, rowNum) == "true"): Object: 'Object Repository/GoAmlReport/save indikator' is clicked on

2020-09-02 12:47:39 - [TEST_STEP][PASSED] - click(findTestObject("GoAmlReport/Indikator")): Object: 'Object Repository/GoAmlReport/Indikator' is clicked on

2020-09-02 12:47:40 - [MESSAGE][PASSED] - Object: 'Object Repository/GoAmlReport/Indikator' is clicked on

2020-09-02 12:47:40 - [TEST_STEP][PASSED] - delay(5): Delayed 5 second(s)

2020-09-02 12:47:45 - [MESSAGE][PASSED] - Delayed 5 second(s)

2020-09-02 12:47:45 - [TEST_STEP][PASSED] - setText(findTestObject("GoAmlReport/Indikator 2"), findTestData("GoAMLReport/General Information").getValue(7, rowNum)): Text 'Korupsi' is set on object 'Object Repository/GoAmlReport/Indikator 2'

2020-09-02 12:47:46 - [MESSAGE][PASSED] - Text 'Korupsi' is set on object 'Object Repository/GoAmlReport/Indikator 2'

2020-09-02 12:47:46 - [TEST_STEP][PASSED] - delay(3): Delayed 3 second(s)

2020-09-02 12:47:49 - [MESSAGE][PASSED] - Delayed 3 second(s)

2020-09-02 12:47:49 - [TEST_STEP][PASSED] - sendKeys(findTestObject("GoAmlReport/Indikator 2"), Keys.chord(ENTER)): Keys 'ENTER + ' sent to object: 'Object Repository/GoAmlReport/Indikator 2'

2020-09-02 12:47:49 - [MESSAGE][PASSED] - Keys 'ENTER + ' sent to object: 'Object Repository/GoAmlReport/Indikator 2'

2020-09-02 12:47:49 - [TEST_STEP][PASSED] - delay(2): Delayed 2 second(s)

2020-09-02 12:47:51 - [MESSAGE][PASSED] - Delayed 2 second(s)

2020-09-02 12:47:51 - [TEST_STEP][PASSED] - click(findTestObject("GoAmlReport/save indikator")): Object: 'Object Repository/GoAmlReport/save indikator' is clicked on

2020-09-02 12:47:51 - [MESSAGE][PASSED] - Object: 'Object Repository/GoAmlReport/save indikator' is clicked on

2020-09-02 12:47:52 - [MESSAGE][PASSED] - Call Test Case 'Test Cases/GoAML Report 2' successfully

2020-09-02 12:47:52 - [TEST_STEP][FAILED] - callTestCase(findTestCase("GoAML Report 3"), [:], STOP_ON_FAILURE): Unable to call Test Case 'Test Cases/GoAML Report 3' (Root cause: com.kms.katalon.core.exception.StepFailedException: Call Test Case 'Test Cases/GoAML Report 3' failed
	at com.kms.katalon.core.keyword.builtin.CallTestCaseKeyword$_callTestCase_closure1.doCall(CallTestCaseKeyword.groovy:63)
	at com.kms.katalon.core.keyword.builtin.CallTestCaseKeyword$_callTestCase_closure1.call(CallTestCaseKeyword.groovy)
	at com.kms.katalon.core.keyword.internal.KeywordMain.runKeyword(KeywordMain.groovy:68)
	at com.kms.katalon.core.keyword.builtin.CallTestCaseKeyword.callTestCase(CallTestCaseKeyword.groovy:81)
	at com.kms.katalon.core.keyword.builtin.CallTestCaseKeyword.execute(CallTestCaseKeyword.groovy:44)
	at com.kms.katalon.core.keyword.internal.KeywordExecutor.executeKeywordForPlatform(KeywordExecutor.groovy:72)
	at com.kms.katalon.core.keyword.BuiltinKeywords.callTestCase(BuiltinKeywords.groovy:334)
	at GoAML Report 1.run(GoAML Report 1:47)
	at com.kms.katalon.core.main.ScriptEngine.run(ScriptEngine.java:194)
	at com.kms.katalon.core.main.ScriptEngine.runScriptAsRawText(ScriptEngine.java:119)
	at com.kms.katalon.core.main.TestCaseExecutor.runScript(TestCaseExecutor.java:337)
	at com.kms.katalon.core.main.TestCaseExecutor.doExecute(TestCaseExecutor.java:328)
	at com.kms.katalon.core.main.TestCaseExecutor.processExecutionPhase(TestCaseExecutor.java:307)
	at com.kms.katalon.core.main.TestCaseExecutor.accessMainPhase(TestCaseExecutor.java:299)
	at com.kms.katalon.core.main.TestCaseExecutor.execute(TestCaseExecutor.java:233)
	at com.kms.katalon.core.main.TestSuiteExecutor.accessTestCaseMainPhase(TestSuiteExecutor.java:169)
	at com.kms.katalon.core.main.TestSuiteExecutor.accessTestSuiteMainPhase(TestSuiteExecutor.java:142)
	at com.kms.katalon.core.main.TestSuiteExecutor.execute(TestSuiteExecutor.java:91)
	at com.kms.katalon.core.main.TestCaseMain.startTestSuite(TestCaseMain.java:157)
	at com.kms.katalon.core.main.TestCaseMain$startTestSuite$0.call(Unknown Source)
	at TempTestSuite1599020994386.run(TempTestSuite1599020994386.groovy:36)
Caused by: com.kms.katalon.core.exception.StepFailedException: Unable to set text '999' of object 'Object Repository/GoAmlReport/Nomor Transaksi'
	at com.kms.katalon.core.webui.keyword.internal.WebUIKeywordMain.stepFailed(WebUIKeywordMain.groovy:64)
	at com.kms.katalon.core.webui.keyword.internal.WebUIKeywordMain.runKeyword(WebUIKeywordMain.groovy:26)
	at com.kms.katalon.core.webui.keyword.builtin.SetTextKeyword.setText(SetTextKeyword.groovy:66)
	at com.kms.katalon.core.webui.keyword.builtin.SetTextKeyword.execute(SetTextKeyword.groovy:37)
	at com.kms.katalon.core.keyword.internal.KeywordExecutor.executeKeywordForPlatform(KeywordExecutor.groovy:72)
	at com.kms.katalon.core.webui.keyword.WebUiBuiltInKeywords.setText(WebUiBuiltInKeywords.groovy:950)
	at com.kms.katalon.core.webui.keyword.WebUiBuiltInKeywords$setText$1.call(Unknown Source)
	at GoAML Report 3.run(GoAML Report 3:27)
	at com.kms.katalon.core.main.ScriptEngine.run(ScriptEngine.java:194)
	at com.kms.katalon.core.main.ScriptEngine.runScriptAsRawText(ScriptEngine.java:119)
	at com.kms.katalon.core.main.TestCaseExecutor.runScript(TestCaseExecutor.java:337)
	at com.kms.katalon.core.main.TestCaseExecutor.doExecute(TestCaseExecutor.java:328)
	at com.kms.katalon.core.main.TestCaseExecutor.processExecutionPhase(TestCaseExecutor.java:307)
	at com.kms.katalon.core.main.TestCaseExecutor.accessMainPhase(TestCaseExecutor.java:299)
	at com.kms.katalon.core.main.TestCaseExecutor.execute(TestCaseExecutor.java:233)
	at com.kms.katalon.core.main.TestCaseMain.runTestCase(TestCaseMain.java:114)
	at com.kms.katalon.core.keyword.builtin.CallTestCaseKeyword$_callTestCase_closure1.doCall(CallTestCaseKeyword.groovy:59)
	... 20 more
Caused by: org.openqa.selenium.ElementNotInteractableException: element not interactable
  (Session info: chrome=84.0.4147.135)
Build info: version: '3.141.59', revision: 'e82be7d358', time: '2018-11-14T08:25:53'
System info: host: 'NDS-LPT-0080', ip: '192.168.43.228', os.name: 'Windows 10', os.arch: 'amd64', os.version: '10.0', java.version: '1.8.0_181'
Driver info: com.kms.katalon.selenium.driver.CChromeDriver
Capabilities {acceptInsecureCerts: false, browserName: chrome, browserVersion: 84.0.4147.135, chrome: {chromedriverVersion: 83.0.4103.39 (ccbf011cb2d2b..., userDataDir: C:\Users\user\AppData\Local...}, goog:chromeOptions: {debuggerAddress: localhost:58383}, javascriptEnabled: true, networkConnectionEnabled: false, pageLoadStrategy: normal, platform: WINDOWS, platformName: WINDOWS, proxy: Proxy(), setWindowRect: true, strictFileInteractability: false, timeouts: {implicit: 0, pageLoad: 300000, script: 30000}, unhandledPromptBehavior: dismiss and notify, webauthn:virtualAuthenticators: true}
Session ID: 976f4b0e02415cf71a8f63c499f4fcd3
	at org.openqa.selenium.remote.http.W3CHttpResponseCodec.createException(W3CHttpResponseCodec.java:187)
	at org.openqa.selenium.remote.http.W3CHttpResponseCodec.decode(W3CHttpResponseCodec.java:122)
	at org.openqa.selenium.remote.http.W3CHttpResponseCodec.decode(W3CHttpResponseCodec.java:49)
	at org.openqa.selenium.remote.HttpCommandExecutor.execute(HttpCommandExecutor.java:158)
	at org.openqa.selenium.remote.service.DriverCommandExecutor.execute(DriverCommandExecutor.java:83)
	at org.openqa.selenium.remote.RemoteWebDriver.execute(RemoteWebDriver.java:552)
	at com.kms.katalon.selenium.driver.CChromeDriver.execute(CChromeDriver.java:19)
	at org.openqa.selenium.remote.RemoteWebElement.execute(RemoteWebElement.java:285)
	at org.openqa.selenium.remote.RemoteWebElement.clear(RemoteWebElement.java:124)
	at org.openqa.selenium.support.events.EventFiringWebDriver$EventFiringWebElement.lambda$new$0(EventFiringWebDriver.java:404)
	at com.sun.proxy.$Proxy9.clear(Unknown Source)
	at org.openqa.selenium.support.events.EventFiringWebDriver$EventFiringWebElement.clear(EventFiringWebDriver.java:436)
	at com.kms.katalon.core.webui.keyword.builtin.SetTextKeyword$_setText_closure1.doCall(SetTextKeyword.groovy:53)
	at com.kms.katalon.core.webui.keyword.builtin.SetTextKeyword$_setText_closure1.call(SetTextKeyword.groovy)
	at com.kms.katalon.core.webui.keyword.internal.WebUIKeywordMain.runKeyword(WebUIKeywordMain.groovy:20)
	... 35 more
)

2020-09-02 12:47:52 - [TEST_CASE][FAILED] - Test Cases/GoAML Report 3: Test Cases/GoAML Report 3 FAILED.
Reason:
com.kms.katalon.core.exception.StepFailedException: Unable to set text '999' of object 'Object Repository/GoAmlReport/Nomor Transaksi'
	at com.kms.katalon.core.webui.keyword.internal.WebUIKeywordMain.stepFailed(WebUIKeywordMain.groovy:64)
	at com.kms.katalon.core.webui.keyword.internal.WebUIKeywordMain.runKeyword(WebUIKeywordMain.groovy:26)
	at com.kms.katalon.core.webui.keyword.builtin.SetTextKeyword.setText(SetTextKeyword.groovy:66)
	at com.kms.katalon.core.webui.keyword.builtin.SetTextKeyword.execute(SetTextKeyword.groovy:37)
	at com.kms.katalon.core.keyword.internal.KeywordExecutor.executeKeywordForPlatform(KeywordExecutor.groovy:72)
	at com.kms.katalon.core.webui.keyword.WebUiBuiltInKeywords.setText(WebUiBuiltInKeywords.groovy:950)
	at com.kms.katalon.core.webui.keyword.WebUiBuiltInKeywords$setText$1.call(Unknown Source)
	at GoAML Report 3.run(GoAML Report 3:27)
	at com.kms.katalon.core.main.ScriptEngine.run(ScriptEngine.java:194)
	at com.kms.katalon.core.main.ScriptEngine.runScriptAsRawText(ScriptEngine.java:119)
	at com.kms.katalon.core.main.TestCaseExecutor.runScript(TestCaseExecutor.java:337)
	at com.kms.katalon.core.main.TestCaseExecutor.doExecute(TestCaseExecutor.java:328)
	at com.kms.katalon.core.main.TestCaseExecutor.processExecutionPhase(TestCaseExecutor.java:307)
	at com.kms.katalon.core.main.TestCaseExecutor.accessMainPhase(TestCaseExecutor.java:299)
	at com.kms.katalon.core.main.TestCaseExecutor.execute(TestCaseExecutor.java:233)
	at com.kms.katalon.core.main.TestCaseMain.runTestCase(TestCaseMain.java:114)
	at com.kms.katalon.core.keyword.builtin.CallTestCaseKeyword$_callTestCase_closure1.doCall(CallTestCaseKeyword.groovy:59)
	at com.kms.katalon.core.keyword.builtin.CallTestCaseKeyword$_callTestCase_closure1.call(CallTestCaseKeyword.groovy)
	at com.kms.katalon.core.keyword.internal.KeywordMain.runKeyword(KeywordMain.groovy:68)
	at com.kms.katalon.core.keyword.builtin.CallTestCaseKeyword.callTestCase(CallTestCaseKeyword.groovy:81)
	at com.kms.katalon.core.keyword.builtin.CallTestCaseKeyword.execute(CallTestCaseKeyword.groovy:44)
	at com.kms.katalon.core.keyword.internal.KeywordExecutor.executeKeywordForPlatform(KeywordExecutor.groovy:72)
	at com.kms.katalon.core.keyword.BuiltinKeywords.callTestCase(BuiltinKeywords.groovy:334)
	at GoAML Report 1.run(GoAML Report 1:47)
	at com.kms.katalon.core.main.ScriptEngine.run(ScriptEngine.java:194)
	at com.kms.katalon.core.main.ScriptEngine.runScriptAsRawText(ScriptEngine.java:119)
	at com.kms.katalon.core.main.TestCaseExecutor.runScript(TestCaseExecutor.java:337)
	at com.kms.katalon.core.main.TestCaseExecutor.doExecute(TestCaseExecutor.java:328)
	at com.kms.katalon.core.main.TestCaseExecutor.processExecutionPhase(TestCaseExecutor.java:307)
	at com.kms.katalon.core.main.TestCaseExecutor.accessMainPhase(TestCaseExecutor.java:299)
	at com.kms.katalon.core.main.TestCaseExecutor.execute(TestCaseExecutor.java:233)
	at com.kms.katalon.core.main.TestSuiteExecutor.accessTestCaseMainPhase(TestSuiteExecutor.java:169)
	at com.kms.katalon.core.main.TestSuiteExecutor.accessTestSuiteMainPhase(TestSuiteExecutor.java:142)
	at com.kms.katalon.core.main.TestSuiteExecutor.execute(TestSuiteExecutor.java:91)
	at com.kms.katalon.core.main.TestCaseMain.startTestSuite(TestCaseMain.java:157)
	at com.kms.katalon.core.main.TestCaseMain$startTestSuite$0.call(Unknown Source)
	at TempTestSuite1599020994386.run(TempTestSuite1599020994386.groovy:36)
Caused by: org.openqa.selenium.ElementNotInteractableException: element not interactable
  (Session info: chrome=84.0.4147.135)
Build info: version: '3.141.59', revision: 'e82be7d358', time: '2018-11-14T08:25:53'
System info: host: 'NDS-LPT-0080', ip: '192.168.43.228', os.name: 'Windows 10', os.arch: 'amd64', os.version: '10.0', java.version: '1.8.0_181'
Driver info: com.kms.katalon.selenium.driver.CChromeDriver
Capabilities {acceptInsecureCerts: false, browserName: chrome, browserVersion: 84.0.4147.135, chrome: {chromedriverVersion: 83.0.4103.39 (ccbf011cb2d2b..., userDataDir: C:\Users\user\AppData\Local...}, goog:chromeOptions: {debuggerAddress: localhost:58383}, javascriptEnabled: true, networkConnectionEnabled: false, pageLoadStrategy: normal, platform: WINDOWS, platformName: WINDOWS, proxy: Proxy(), setWindowRect: true, strictFileInteractability: false, timeouts: {implicit: 0, pageLoad: 300000, script: 30000}, unhandledPromptBehavior: dismiss and notify, webauthn:virtualAuthenticators: true}
Session ID: 976f4b0e02415cf71a8f63c499f4fcd3
	at org.openqa.selenium.remote.http.W3CHttpResponseCodec.createException(W3CHttpResponseCodec.java:187)
	at org.openqa.selenium.remote.http.W3CHttpResponseCodec.decode(W3CHttpResponseCodec.java:122)
	at org.openqa.selenium.remote.http.W3CHttpResponseCodec.decode(W3CHttpResponseCodec.java:49)
	at org.openqa.selenium.remote.HttpCommandExecutor.execute(HttpCommandExecutor.java:158)
	at org.openqa.selenium.remote.service.DriverCommandExecutor.execute(DriverCommandExecutor.java:83)
	at org.openqa.selenium.remote.RemoteWebDriver.execute(RemoteWebDriver.java:552)
	at com.kms.katalon.selenium.driver.CChromeDriver.execute(CChromeDriver.java:19)
	at org.openqa.selenium.remote.RemoteWebElement.execute(RemoteWebElement.java:285)
	at org.openqa.selenium.remote.RemoteWebElement.clear(RemoteWebElement.java:124)
	at org.openqa.selenium.support.events.EventFiringWebDriver$EventFiringWebElement.lambda$new$0(EventFiringWebDriver.java:404)
	at com.sun.proxy.$Proxy9.clear(Unknown Source)
	at org.openqa.selenium.support.events.EventFiringWebDriver$EventFiringWebElement.clear(EventFiringWebDriver.java:436)
	at com.kms.katalon.core.webui.keyword.builtin.SetTextKeyword$_setText_closure1.doCall(SetTextKeyword.groovy:53)
	at com.kms.katalon.core.webui.keyword.builtin.SetTextKeyword$_setText_closure1.call(SetTextKeyword.groovy)
	at com.kms.katalon.core.webui.keyword.internal.WebUIKeywordMain.runKeyword(WebUIKeywordMain.groovy:20)
	... 35 more


2020-09-02 12:47:52 - [TEST_STEP][FAILED] - for ([rowNum = 1, rowNum <= findTestData("GoAMLReport/Transaksi").getRowNumbers(), (rowNum++)]): Unable to set text '999' of object 'Object Repository/GoAmlReport/Nomor Transaksi' (Root cause: com.kms.katalon.core.exception.StepFailedException: Unable to set text '999' of object 'Object Repository/GoAmlReport/Nomor Transaksi'
	at com.kms.katalon.core.webui.keyword.internal.WebUIKeywordMain.stepFailed(WebUIKeywordMain.groovy:64)
	at com.kms.katalon.core.webui.keyword.internal.WebUIKeywordMain.runKeyword(WebUIKeywordMain.groovy:26)
	at com.kms.katalon.core.webui.keyword.builtin.SetTextKeyword.setText(SetTextKeyword.groovy:66)
	at com.kms.katalon.core.webui.keyword.builtin.SetTextKeyword.execute(SetTextKeyword.groovy:37)
	at com.kms.katalon.core.keyword.internal.KeywordExecutor.executeKeywordForPlatform(KeywordExecutor.groovy:72)
	at com.kms.katalon.core.webui.keyword.WebUiBuiltInKeywords.setText(WebUiBuiltInKeywords.groovy:950)
	at com.kms.katalon.core.webui.keyword.WebUiBuiltInKeywords$setText$1.call(Unknown Source)
	at GoAML Report 3.run(GoAML Report 3:27)
	at com.kms.katalon.core.main.ScriptEngine.run(ScriptEngine.java:194)
	at com.kms.katalon.core.main.ScriptEngine.runScriptAsRawText(ScriptEngine.java:119)
	at com.kms.katalon.core.main.TestCaseExecutor.runScript(TestCaseExecutor.java:337)
	at com.kms.katalon.core.main.TestCaseExecutor.doExecute(TestCaseExecutor.java:328)
	at com.kms.katalon.core.main.TestCaseExecutor.processExecutionPhase(TestCaseExecutor.java:307)
	at com.kms.katalon.core.main.TestCaseExecutor.accessMainPhase(TestCaseExecutor.java:299)
	at com.kms.katalon.core.main.TestCaseExecutor.execute(TestCaseExecutor.java:233)
	at com.kms.katalon.core.main.TestCaseMain.runTestCase(TestCaseMain.java:114)
	at com.kms.katalon.core.keyword.builtin.CallTestCaseKeyword$_callTestCase_closure1.doCall(CallTestCaseKeyword.groovy:59)
	at com.kms.katalon.core.keyword.builtin.CallTestCaseKeyword$_callTestCase_closure1.call(CallTestCaseKeyword.groovy)
	at com.kms.katalon.core.keyword.internal.KeywordMain.runKeyword(KeywordMain.groovy:68)
	at com.kms.katalon.core.keyword.builtin.CallTestCaseKeyword.callTestCase(CallTestCaseKeyword.groovy:81)
	at com.kms.katalon.core.keyword.builtin.CallTestCaseKeyword.execute(CallTestCaseKeyword.groovy:44)
	at com.kms.katalon.core.keyword.internal.KeywordExecutor.executeKeywordForPlatform(KeywordExecutor.groovy:72)
	at com.kms.katalon.core.keyword.BuiltinKeywords.callTestCase(BuiltinKeywords.groovy:334)
	at GoAML Report 1.run(GoAML Report 1:47)
	at com.kms.katalon.core.main.ScriptEngine.run(ScriptEngine.java:194)
	at com.kms.katalon.core.main.ScriptEngine.runScriptAsRawText(ScriptEngine.java:119)
	at com.kms.katalon.core.main.TestCaseExecutor.runScript(TestCaseExecutor.java:337)
	at com.kms.katalon.core.main.TestCaseExecutor.doExecute(TestCaseExecutor.java:328)
	at com.kms.katalon.core.main.TestCaseExecutor.processExecutionPhase(TestCaseExecutor.java:307)
	at com.kms.katalon.core.main.TestCaseExecutor.accessMainPhase(TestCaseExecutor.java:299)
	at com.kms.katalon.core.main.TestCaseExecutor.execute(TestCaseExecutor.java:233)
	at com.kms.katalon.core.main.TestSuiteExecutor.accessTestCaseMainPhase(TestSuiteExecutor.java:169)
	at com.kms.katalon.core.main.TestSuiteExecutor.accessTestSuiteMainPhase(TestSuiteExecutor.java:142)
	at com.kms.katalon.core.main.TestSuiteExecutor.execute(TestSuiteExecutor.java:91)
	at com.kms.katalon.core.main.TestCaseMain.startTestSuite(TestCaseMain.java:157)
	at com.kms.katalon.core.main.TestCaseMain$startTestSuite$0.call(Unknown Source)
	at TempTestSuite1599020994386.run(TempTestSuite1599020994386.groovy:36)
Caused by: org.openqa.selenium.ElementNotInteractableException: element not interactable
  (Session info: chrome=84.0.4147.135)
Build info: version: '3.141.59', revision: 'e82be7d358', time: '2018-11-14T08:25:53'
System info: host: 'NDS-LPT-0080', ip: '192.168.43.228', os.name: 'Windows 10', os.arch: 'amd64', os.version: '10.0', java.version: '1.8.0_181'
Driver info: com.kms.katalon.selenium.driver.CChromeDriver
Capabilities {acceptInsecureCerts: false, browserName: chrome, browserVersion: 84.0.4147.135, chrome: {chromedriverVersion: 83.0.4103.39 (ccbf011cb2d2b..., userDataDir: C:\Users\user\AppData\Local...}, goog:chromeOptions: {debuggerAddress: localhost:58383}, javascriptEnabled: true, networkConnectionEnabled: false, pageLoadStrategy: normal, platform: WINDOWS, platformName: WINDOWS, proxy: Proxy(), setWindowRect: true, strictFileInteractability: false, timeouts: {implicit: 0, pageLoad: 300000, script: 30000}, unhandledPromptBehavior: dismiss and notify, webauthn:virtualAuthenticators: true}
Session ID: 976f4b0e02415cf71a8f63c499f4fcd3
	at org.openqa.selenium.remote.http.W3CHttpResponseCodec.createException(W3CHttpResponseCodec.java:187)
	at org.openqa.selenium.remote.http.W3CHttpResponseCodec.decode(W3CHttpResponseCodec.java:122)
	at org.openqa.selenium.remote.http.W3CHttpResponseCodec.decode(W3CHttpResponseCodec.java:49)
	at org.openqa.selenium.remote.HttpCommandExecutor.execute(HttpCommandExecutor.java:158)
	at org.openqa.selenium.remote.service.DriverCommandExecutor.execute(DriverCommandExecutor.java:83)
	at org.openqa.selenium.remote.RemoteWebDriver.execute(RemoteWebDriver.java:552)
	at com.kms.katalon.selenium.driver.CChromeDriver.execute(CChromeDriver.java:19)
	at org.openqa.selenium.remote.RemoteWebElement.execute(RemoteWebElement.java:285)
	at org.openqa.selenium.remote.RemoteWebElement.clear(RemoteWebElement.java:124)
	at org.openqa.selenium.support.events.EventFiringWebDriver$EventFiringWebElement.lambda$new$0(EventFiringWebDriver.java:404)
	at com.sun.proxy.$Proxy9.clear(Unknown Source)
	at org.openqa.selenium.support.events.EventFiringWebDriver$EventFiringWebElement.clear(EventFiringWebDriver.java:436)
	at com.kms.katalon.core.webui.keyword.builtin.SetTextKeyword$_setText_closure1.doCall(SetTextKeyword.groovy:53)
	at com.kms.katalon.core.webui.keyword.builtin.SetTextKeyword$_setText_closure1.call(SetTextKeyword.groovy)
	at com.kms.katalon.core.webui.keyword.internal.WebUIKeywordMain.runKeyword(WebUIKeywordMain.groovy:20)
	at com.kms.katalon.core.webui.keyword.builtin.SetTextKeyword.setText(SetTextKeyword.groovy:66)
	at com.kms.katalon.core.webui.keyword.builtin.SetTextKeyword.execute(SetTextKeyword.groovy:37)
	at com.kms.katalon.core.keyword.internal.KeywordExecutor.executeKeywordForPlatform(KeywordExecutor.groovy:72)
	at com.kms.katalon.core.webui.keyword.WebUiBuiltInKeywords.setText(WebUiBuiltInKeywords.groovy:950)
	at com.kms.katalon.core.webui.keyword.WebUiBuiltInKeywords$setText$1.call(Unknown Source)
	at Script1590737581017.run(Script1590737581017.groovy:27)
	at com.kms.katalon.core.main.ScriptEngine.run(ScriptEngine.java:194)
	at com.kms.katalon.core.main.ScriptEngine.runScriptAsRawText(ScriptEngine.java:119)
	at com.kms.katalon.core.main.TestCaseExecutor.runScript(TestCaseExecutor.java:337)
	at com.kms.katalon.core.main.TestCaseExecutor.doExecute(TestCaseExecutor.java:328)
	at com.kms.katalon.core.main.TestCaseExecutor.processExecutionPhase(TestCaseExecutor.java:307)
	at com.kms.katalon.core.main.TestCaseExecutor.accessMainPhase(TestCaseExecutor.java:299)
	at com.kms.katalon.core.main.TestCaseExecutor.execute(TestCaseExecutor.java:233)
	at com.kms.katalon.core.main.TestCaseMain.runTestCase(TestCaseMain.java:114)
	at com.kms.katalon.core.keyword.builtin.CallTestCaseKeyword$_callTestCase_closure1.doCall(CallTestCaseKeyword.groovy:59)
	at com.kms.katalon.core.keyword.builtin.CallTestCaseKeyword$_callTestCase_closure1.call(CallTestCaseKeyword.groovy)
	at com.kms.katalon.core.keyword.internal.KeywordMain.runKeyword(KeywordMain.groovy:68)
	at com.kms.katalon.core.keyword.builtin.CallTestCaseKeyword.callTestCase(CallTestCaseKeyword.groovy:81)
	at com.kms.katalon.core.keyword.builtin.CallTestCaseKeyword.execute(CallTestCaseKeyword.groovy:44)
	at com.kms.katalon.core.keyword.internal.KeywordExecutor.executeKeywordForPlatform(KeywordExecutor.groovy:72)
	at com.kms.katalon.core.keyword.BuiltinKeywords.callTestCase(BuiltinKeywords.groovy:334)
	at Script1590734929315.run(Script1590734929315.groovy:47)
	... 13 more
)

2020-09-02 12:47:52 - [TEST_STEP][PASSED] - delay(6): Delayed 6 second(s)

2020-09-02 12:47:58 - [MESSAGE][PASSED] - Delayed 6 second(s)

2020-09-02 12:47:58 - [TEST_STEP][FAILED] - if (findTestData("GoAMLReport/Transaksi").getValue(1, rowNum) == "true"): Unable to set text '999' of object 'Object Repository/GoAmlReport/Nomor Transaksi' (Root cause: com.kms.katalon.core.exception.StepFailedException: Unable to set text '999' of object 'Object Repository/GoAmlReport/Nomor Transaksi'
	at com.kms.katalon.core.webui.keyword.internal.WebUIKeywordMain.stepFailed(WebUIKeywordMain.groovy:64)
	at com.kms.katalon.core.webui.keyword.internal.WebUIKeywordMain.runKeyword(WebUIKeywordMain.groovy:26)
	at com.kms.katalon.core.webui.keyword.builtin.SetTextKeyword.setText(SetTextKeyword.groovy:66)
	at com.kms.katalon.core.webui.keyword.builtin.SetTextKeyword.execute(SetTextKeyword.groovy:37)
	at com.kms.katalon.core.keyword.internal.KeywordExecutor.executeKeywordForPlatform(KeywordExecutor.groovy:72)
	at com.kms.katalon.core.webui.keyword.WebUiBuiltInKeywords.setText(WebUiBuiltInKeywords.groovy:950)
	at com.kms.katalon.core.webui.keyword.WebUiBuiltInKeywords$setText$1.call(Unknown Source)
	at GoAML Report 3.run(GoAML Report 3:27)
	at com.kms.katalon.core.main.ScriptEngine.run(ScriptEngine.java:194)
	at com.kms.katalon.core.main.ScriptEngine.runScriptAsRawText(ScriptEngine.java:119)
	at com.kms.katalon.core.main.TestCaseExecutor.runScript(TestCaseExecutor.java:337)
	at com.kms.katalon.core.main.TestCaseExecutor.doExecute(TestCaseExecutor.java:328)
	at com.kms.katalon.core.main.TestCaseExecutor.processExecutionPhase(TestCaseExecutor.java:307)
	at com.kms.katalon.core.main.TestCaseExecutor.accessMainPhase(TestCaseExecutor.java:299)
	at com.kms.katalon.core.main.TestCaseExecutor.execute(TestCaseExecutor.java:233)
	at com.kms.katalon.core.main.TestCaseMain.runTestCase(TestCaseMain.java:114)
	at com.kms.katalon.core.keyword.builtin.CallTestCaseKeyword$_callTestCase_closure1.doCall(CallTestCaseKeyword.groovy:59)
	at com.kms.katalon.core.keyword.builtin.CallTestCaseKeyword$_callTestCase_closure1.call(CallTestCaseKeyword.groovy)
	at com.kms.katalon.core.keyword.internal.KeywordMain.runKeyword(KeywordMain.groovy:68)
	at com.kms.katalon.core.keyword.builtin.CallTestCaseKeyword.callTestCase(CallTestCaseKeyword.groovy:81)
	at com.kms.katalon.core.keyword.builtin.CallTestCaseKeyword.execute(CallTestCaseKeyword.groovy:44)
	at com.kms.katalon.core.keyword.internal.KeywordExecutor.executeKeywordForPlatform(KeywordExecutor.groovy:72)
	at com.kms.katalon.core.keyword.BuiltinKeywords.callTestCase(BuiltinKeywords.groovy:334)
	at GoAML Report 1.run(GoAML Report 1:47)
	at com.kms.katalon.core.main.ScriptEngine.run(ScriptEngine.java:194)
	at com.kms.katalon.core.main.ScriptEngine.runScriptAsRawText(ScriptEngine.java:119)
	at com.kms.katalon.core.main.TestCaseExecutor.runScript(TestCaseExecutor.java:337)
	at com.kms.katalon.core.main.TestCaseExecutor.doExecute(TestCaseExecutor.java:328)
	at com.kms.katalon.core.main.TestCaseExecutor.processExecutionPhase(TestCaseExecutor.java:307)
	at com.kms.katalon.core.main.TestCaseExecutor.accessMainPhase(TestCaseExecutor.java:299)
	at com.kms.katalon.core.main.TestCaseExecutor.execute(TestCaseExecutor.java:233)
	at com.kms.katalon.core.main.TestSuiteExecutor.accessTestCaseMainPhase(TestSuiteExecutor.java:169)
	at com.kms.katalon.core.main.TestSuiteExecutor.accessTestSuiteMainPhase(TestSuiteExecutor.java:142)
	at com.kms.katalon.core.main.TestSuiteExecutor.execute(TestSuiteExecutor.java:91)
	at com.kms.katalon.core.main.TestCaseMain.startTestSuite(TestCaseMain.java:157)
	at com.kms.katalon.core.main.TestCaseMain$startTestSuite$0.call(Unknown Source)
	at TempTestSuite1599020994386.run(TempTestSuite1599020994386.groovy:36)
Caused by: org.openqa.selenium.ElementNotInteractableException: element not interactable
  (Session info: chrome=84.0.4147.135)
Build info: version: '3.141.59', revision: 'e82be7d358', time: '2018-11-14T08:25:53'
System info: host: 'NDS-LPT-0080', ip: '192.168.43.228', os.name: 'Windows 10', os.arch: 'amd64', os.version: '10.0', java.version: '1.8.0_181'
Driver info: com.kms.katalon.selenium.driver.CChromeDriver
Capabilities {acceptInsecureCerts: false, browserName: chrome, browserVersion: 84.0.4147.135, chrome: {chromedriverVersion: 83.0.4103.39 (ccbf011cb2d2b..., userDataDir: C:\Users\user\AppData\Local...}, goog:chromeOptions: {debuggerAddress: localhost:58383}, javascriptEnabled: true, networkConnectionEnabled: false, pageLoadStrategy: normal, platform: WINDOWS, platformName: WINDOWS, proxy: Proxy(), setWindowRect: true, strictFileInteractability: false, timeouts: {implicit: 0, pageLoad: 300000, script: 30000}, unhandledPromptBehavior: dismiss and notify, webauthn:virtualAuthenticators: true}
Session ID: 976f4b0e02415cf71a8f63c499f4fcd3
	at org.openqa.selenium.remote.http.W3CHttpResponseCodec.createException(W3CHttpResponseCodec.java:187)
	at org.openqa.selenium.remote.http.W3CHttpResponseCodec.decode(W3CHttpResponseCodec.java:122)
	at org.openqa.selenium.remote.http.W3CHttpResponseCodec.decode(W3CHttpResponseCodec.java:49)
	at org.openqa.selenium.remote.HttpCommandExecutor.execute(HttpCommandExecutor.java:158)
	at org.openqa.selenium.remote.service.DriverCommandExecutor.execute(DriverCommandExecutor.java:83)
	at org.openqa.selenium.remote.RemoteWebDriver.execute(RemoteWebDriver.java:552)
	at com.kms.katalon.selenium.driver.CChromeDriver.execute(CChromeDriver.java:19)
	at org.openqa.selenium.remote.RemoteWebElement.execute(RemoteWebElement.java:285)
	at org.openqa.selenium.remote.RemoteWebElement.clear(RemoteWebElement.java:124)
	at org.openqa.selenium.support.events.EventFiringWebDriver$EventFiringWebElement.lambda$new$0(EventFiringWebDriver.java:404)
	at com.sun.proxy.$Proxy9.clear(Unknown Source)
	at org.openqa.selenium.support.events.EventFiringWebDriver$EventFiringWebElement.clear(EventFiringWebDriver.java:436)
	at com.kms.katalon.core.webui.keyword.builtin.SetTextKeyword$_setText_closure1.doCall(SetTextKeyword.groovy:53)
	at com.kms.katalon.core.webui.keyword.builtin.SetTextKeyword$_setText_closure1.call(SetTextKeyword.groovy)
	at com.kms.katalon.core.webui.keyword.internal.WebUIKeywordMain.runKeyword(WebUIKeywordMain.groovy:20)
	at com.kms.katalon.core.webui.keyword.builtin.SetTextKeyword.setText(SetTextKeyword.groovy:66)
	at com.kms.katalon.core.webui.keyword.builtin.SetTextKeyword.execute(SetTextKeyword.groovy:37)
	at com.kms.katalon.core.keyword.internal.KeywordExecutor.executeKeywordForPlatform(KeywordExecutor.groovy:72)
	at com.kms.katalon.core.webui.keyword.WebUiBuiltInKeywords.setText(WebUiBuiltInKeywords.groovy:950)
	at com.kms.katalon.core.webui.keyword.WebUiBuiltInKeywords$setText$1.call(Unknown Source)
	at Script1590737581017.run(Script1590737581017.groovy:27)
	at com.kms.katalon.core.main.ScriptEngine.run(ScriptEngine.java:194)
	at com.kms.katalon.core.main.ScriptEngine.runScriptAsRawText(ScriptEngine.java:119)
	at com.kms.katalon.core.main.TestCaseExecutor.runScript(TestCaseExecutor.java:337)
	at com.kms.katalon.core.main.TestCaseExecutor.doExecute(TestCaseExecutor.java:328)
	at com.kms.katalon.core.main.TestCaseExecutor.processExecutionPhase(TestCaseExecutor.java:307)
	at com.kms.katalon.core.main.TestCaseExecutor.accessMainPhase(TestCaseExecutor.java:299)
	at com.kms.katalon.core.main.TestCaseExecutor.execute(TestCaseExecutor.java:233)
	at com.kms.katalon.core.main.TestCaseMain.runTestCase(TestCaseMain.java:114)
	at com.kms.katalon.core.keyword.builtin.CallTestCaseKeyword$_callTestCase_closure1.doCall(CallTestCaseKeyword.groovy:59)
	at com.kms.katalon.core.keyword.builtin.CallTestCaseKeyword$_callTestCase_closure1.call(CallTestCaseKeyword.groovy)
	at com.kms.katalon.core.keyword.internal.KeywordMain.runKeyword(KeywordMain.groovy:68)
	at com.kms.katalon.core.keyword.builtin.CallTestCaseKeyword.callTestCase(CallTestCaseKeyword.groovy:81)
	at com.kms.katalon.core.keyword.builtin.CallTestCaseKeyword.execute(CallTestCaseKeyword.groovy:44)
	at com.kms.katalon.core.keyword.internal.KeywordExecutor.executeKeywordForPlatform(KeywordExecutor.groovy:72)
	at com.kms.katalon.core.keyword.BuiltinKeywords.callTestCase(BuiltinKeywords.groovy:334)
	at Script1590734929315.run(Script1590734929315.groovy:47)
	... 13 more
)

2020-09-02 12:47:58 - [TEST_STEP][PASSED] - click(findTestObject("GoAmlReport/01 General Information/07 Tambah Transaksi")): Object: 'Object Repository/GoAmlReport/01 General Information/07 Tambah Transaksi' is clicked on

2020-09-02 12:47:58 - [MESSAGE][PASSED] - Object: 'Object Repository/GoAmlReport/01 General Information/07 Tambah Transaksi' is clicked on

2020-09-02 12:47:58 - [TEST_STEP][PASSED] - delay(6): Delayed 6 second(s)

2020-09-02 12:48:04 - [MESSAGE][PASSED] - Delayed 6 second(s)

2020-09-02 12:48:04 - [TEST_STEP][FAILED] - setText(findTestObject("GoAmlReport/Nomor Transaksi"), findTestData("GoAMLReport/Transaksi").getValue(12, rowNum)): Unable to set text '999' of object 'Object Repository/GoAmlReport/Nomor Transaksi' (Root cause: com.kms.katalon.core.exception.StepFailedException: Unable to set text '999' of object 'Object Repository/GoAmlReport/Nomor Transaksi'
	at com.kms.katalon.core.webui.keyword.internal.WebUIKeywordMain.stepFailed(WebUIKeywordMain.groovy:64)
	at com.kms.katalon.core.webui.keyword.internal.WebUIKeywordMain.runKeyword(WebUIKeywordMain.groovy:26)
	at com.kms.katalon.core.webui.keyword.builtin.SetTextKeyword.setText(SetTextKeyword.groovy:66)
	at com.kms.katalon.core.webui.keyword.builtin.SetTextKeyword.execute(SetTextKeyword.groovy:37)
	at com.kms.katalon.core.keyword.internal.KeywordExecutor.executeKeywordForPlatform(KeywordExecutor.groovy:72)
	at com.kms.katalon.core.webui.keyword.WebUiBuiltInKeywords.setText(WebUiBuiltInKeywords.groovy:950)
	at com.kms.katalon.core.webui.keyword.WebUiBuiltInKeywords$setText$1.call(Unknown Source)
	at GoAML Report 3.run(GoAML Report 3:27)
	at com.kms.katalon.core.main.ScriptEngine.run(ScriptEngine.java:194)
	at com.kms.katalon.core.main.ScriptEngine.runScriptAsRawText(ScriptEngine.java:119)
	at com.kms.katalon.core.main.TestCaseExecutor.runScript(TestCaseExecutor.java:337)
	at com.kms.katalon.core.main.TestCaseExecutor.doExecute(TestCaseExecutor.java:328)
	at com.kms.katalon.core.main.TestCaseExecutor.processExecutionPhase(TestCaseExecutor.java:307)
	at com.kms.katalon.core.main.TestCaseExecutor.accessMainPhase(TestCaseExecutor.java:299)
	at com.kms.katalon.core.main.TestCaseExecutor.execute(TestCaseExecutor.java:233)
	at com.kms.katalon.core.main.TestCaseMain.runTestCase(TestCaseMain.java:114)
	at com.kms.katalon.core.keyword.builtin.CallTestCaseKeyword$_callTestCase_closure1.doCall(CallTestCaseKeyword.groovy:59)
	at com.kms.katalon.core.keyword.builtin.CallTestCaseKeyword$_callTestCase_closure1.call(CallTestCaseKeyword.groovy)
	at com.kms.katalon.core.keyword.internal.KeywordMain.runKeyword(KeywordMain.groovy:68)
	at com.kms.katalon.core.keyword.builtin.CallTestCaseKeyword.callTestCase(CallTestCaseKeyword.groovy:81)
	at com.kms.katalon.core.keyword.builtin.CallTestCaseKeyword.execute(CallTestCaseKeyword.groovy:44)
	at com.kms.katalon.core.keyword.internal.KeywordExecutor.executeKeywordForPlatform(KeywordExecutor.groovy:72)
	at com.kms.katalon.core.keyword.BuiltinKeywords.callTestCase(BuiltinKeywords.groovy:334)
	at GoAML Report 1.run(GoAML Report 1:47)
	at com.kms.katalon.core.main.ScriptEngine.run(ScriptEngine.java:194)
	at com.kms.katalon.core.main.ScriptEngine.runScriptAsRawText(ScriptEngine.java:119)
	at com.kms.katalon.core.main.TestCaseExecutor.runScript(TestCaseExecutor.java:337)
	at com.kms.katalon.core.main.TestCaseExecutor.doExecute(TestCaseExecutor.java:328)
	at com.kms.katalon.core.main.TestCaseExecutor.processExecutionPhase(TestCaseExecutor.java:307)
	at com.kms.katalon.core.main.TestCaseExecutor.accessMainPhase(TestCaseExecutor.java:299)
	at com.kms.katalon.core.main.TestCaseExecutor.execute(TestCaseExecutor.java:233)
	at com.kms.katalon.core.main.TestSuiteExecutor.accessTestCaseMainPhase(TestSuiteExecutor.java:169)
	at com.kms.katalon.core.main.TestSuiteExecutor.accessTestSuiteMainPhase(TestSuiteExecutor.java:142)
	at com.kms.katalon.core.main.TestSuiteExecutor.execute(TestSuiteExecutor.java:91)
	at com.kms.katalon.core.main.TestCaseMain.startTestSuite(TestCaseMain.java:157)
	at com.kms.katalon.core.main.TestCaseMain$startTestSuite$0.call(Unknown Source)
	at TempTestSuite1599020994386.run(TempTestSuite1599020994386.groovy:36)
Caused by: org.openqa.selenium.ElementNotInteractableException: element not interactable
  (Session info: chrome=84.0.4147.135)
Build info: version: '3.141.59', revision: 'e82be7d358', time: '2018-11-14T08:25:53'
System info: host: 'NDS-LPT-0080', ip: '192.168.43.228', os.name: 'Windows 10', os.arch: 'amd64', os.version: '10.0', java.version: '1.8.0_181'
Driver info: com.kms.katalon.selenium.driver.CChromeDriver
Capabilities {acceptInsecureCerts: false, browserName: chrome, browserVersion: 84.0.4147.135, chrome: {chromedriverVersion: 83.0.4103.39 (ccbf011cb2d2b..., userDataDir: C:\Users\user\AppData\Local...}, goog:chromeOptions: {debuggerAddress: localhost:58383}, javascriptEnabled: true, networkConnectionEnabled: false, pageLoadStrategy: normal, platform: WINDOWS, platformName: WINDOWS, proxy: Proxy(), setWindowRect: true, strictFileInteractability: false, timeouts: {implicit: 0, pageLoad: 300000, script: 30000}, unhandledPromptBehavior: dismiss and notify, webauthn:virtualAuthenticators: true}
Session ID: 976f4b0e02415cf71a8f63c499f4fcd3
	at org.openqa.selenium.remote.http.W3CHttpResponseCodec.createException(W3CHttpResponseCodec.java:187)
	at org.openqa.selenium.remote.http.W3CHttpResponseCodec.decode(W3CHttpResponseCodec.java:122)
	at org.openqa.selenium.remote.http.W3CHttpResponseCodec.decode(W3CHttpResponseCodec.java:49)
	at org.openqa.selenium.remote.HttpCommandExecutor.execute(HttpCommandExecutor.java:158)
	at org.openqa.selenium.remote.service.DriverCommandExecutor.execute(DriverCommandExecutor.java:83)
	at org.openqa.selenium.remote.RemoteWebDriver.execute(RemoteWebDriver.java:552)
	at com.kms.katalon.selenium.driver.CChromeDriver.execute(CChromeDriver.java:19)
	at org.openqa.selenium.remote.RemoteWebElement.execute(RemoteWebElement.java:285)
	at org.openqa.selenium.remote.RemoteWebElement.clear(RemoteWebElement.java:124)
	at org.openqa.selenium.support.events.EventFiringWebDriver$EventFiringWebElement.lambda$new$0(EventFiringWebDriver.java:404)
	at com.sun.proxy.$Proxy9.clear(Unknown Source)
	at org.openqa.selenium.support.events.EventFiringWebDriver$EventFiringWebElement.clear(EventFiringWebDriver.java:436)
	at com.kms.katalon.core.webui.keyword.builtin.SetTextKeyword$_setText_closure1.doCall(SetTextKeyword.groovy:53)
	at com.kms.katalon.core.webui.keyword.builtin.SetTextKeyword$_setText_closure1.call(SetTextKeyword.groovy)
	at com.kms.katalon.core.webui.keyword.internal.WebUIKeywordMain.runKeyword(WebUIKeywordMain.groovy:20)
	at com.kms.katalon.core.webui.keyword.builtin.SetTextKeyword.setText(SetTextKeyword.groovy:66)
	at com.kms.katalon.core.webui.keyword.builtin.SetTextKeyword.execute(SetTextKeyword.groovy:37)
	at com.kms.katalon.core.keyword.internal.KeywordExecutor.executeKeywordForPlatform(KeywordExecutor.groovy:72)
	at com.kms.katalon.core.webui.keyword.WebUiBuiltInKeywords.setText(WebUiBuiltInKeywords.groovy:950)
	at com.kms.katalon.core.webui.keyword.WebUiBuiltInKeywords$setText$1.call(Unknown Source)
	at Script1590737581017.run(Script1590737581017.groovy:27)
	at com.kms.katalon.core.main.ScriptEngine.run(ScriptEngine.java:194)
	at com.kms.katalon.core.main.ScriptEngine.runScriptAsRawText(ScriptEngine.java:119)
	at com.kms.katalon.core.main.TestCaseExecutor.runScript(TestCaseExecutor.java:337)
	at com.kms.katalon.core.main.TestCaseExecutor.doExecute(TestCaseExecutor.java:328)
	at com.kms.katalon.core.main.TestCaseExecutor.processExecutionPhase(TestCaseExecutor.java:307)
	at com.kms.katalon.core.main.TestCaseExecutor.accessMainPhase(TestCaseExecutor.java:299)
	at com.kms.katalon.core.main.TestCaseExecutor.execute(TestCaseExecutor.java:233)
	at com.kms.katalon.core.main.TestCaseMain.runTestCase(TestCaseMain.java:114)
	at com.kms.katalon.core.keyword.builtin.CallTestCaseKeyword$_callTestCase_closure1.doCall(CallTestCaseKeyword.groovy:59)
	at com.kms.katalon.core.keyword.builtin.CallTestCaseKeyword$_callTestCase_closure1.call(CallTestCaseKeyword.groovy)
	at com.kms.katalon.core.keyword.internal.KeywordMain.runKeyword(KeywordMain.groovy:68)
	at com.kms.katalon.core.keyword.builtin.CallTestCaseKeyword.callTestCase(CallTestCaseKeyword.groovy:81)
	at com.kms.katalon.core.keyword.builtin.CallTestCaseKeyword.execute(CallTestCaseKeyword.groovy:44)
	at com.kms.katalon.core.keyword.internal.KeywordExecutor.executeKeywordForPlatform(KeywordExecutor.groovy:72)
	at com.kms.katalon.core.keyword.BuiltinKeywords.callTestCase(BuiltinKeywords.groovy:334)
	at Script1590734929315.run(Script1590734929315.groovy:47)
	... 13 more
)

2020-09-02 12:48:05 - [MESSAGE][FAILED] - Unable to set text '999' of object 'Object Repository/GoAmlReport/Nomor Transaksi' (Root cause: com.kms.katalon.core.exception.StepFailedException: Unable to set text '999' of object 'Object Repository/GoAmlReport/Nomor Transaksi'
	at com.kms.katalon.core.webui.keyword.internal.WebUIKeywordMain.stepFailed(WebUIKeywordMain.groovy:64)
	at com.kms.katalon.core.webui.keyword.internal.WebUIKeywordMain.runKeyword(WebUIKeywordMain.groovy:26)
	at com.kms.katalon.core.webui.keyword.builtin.SetTextKeyword.setText(SetTextKeyword.groovy:66)
	at com.kms.katalon.core.webui.keyword.builtin.SetTextKeyword.execute(SetTextKeyword.groovy:37)
	at com.kms.katalon.core.keyword.internal.KeywordExecutor.executeKeywordForPlatform(KeywordExecutor.groovy:72)
	at com.kms.katalon.core.webui.keyword.WebUiBuiltInKeywords.setText(WebUiBuiltInKeywords.groovy:950)
	at com.kms.katalon.core.webui.keyword.WebUiBuiltInKeywords$setText$1.call(Unknown Source)
	at GoAML Report 3.run(GoAML Report 3:27)
	at com.kms.katalon.core.main.ScriptEngine.run(ScriptEngine.java:194)
	at com.kms.katalon.core.main.ScriptEngine.runScriptAsRawText(ScriptEngine.java:119)
	at com.kms.katalon.core.main.TestCaseExecutor.runScript(TestCaseExecutor.java:337)
	at com.kms.katalon.core.main.TestCaseExecutor.doExecute(TestCaseExecutor.java:328)
	at com.kms.katalon.core.main.TestCaseExecutor.processExecutionPhase(TestCaseExecutor.java:307)
	at com.kms.katalon.core.main.TestCaseExecutor.accessMainPhase(TestCaseExecutor.java:299)
	at com.kms.katalon.core.main.TestCaseExecutor.execute(TestCaseExecutor.java:233)
	at com.kms.katalon.core.main.TestCaseMain.runTestCase(TestCaseMain.java:114)
	at com.kms.katalon.core.keyword.builtin.CallTestCaseKeyword$_callTestCase_closure1.doCall(CallTestCaseKeyword.groovy:59)
	at com.kms.katalon.core.keyword.builtin.CallTestCaseKeyword$_callTestCase_closure1.call(CallTestCaseKeyword.groovy)
	at com.kms.katalon.core.keyword.internal.KeywordMain.runKeyword(KeywordMain.groovy:68)
	at com.kms.katalon.core.keyword.builtin.CallTestCaseKeyword.callTestCase(CallTestCaseKeyword.groovy:81)
	at com.kms.katalon.core.keyword.builtin.CallTestCaseKeyword.execute(CallTestCaseKeyword.groovy:44)
	at com.kms.katalon.core.keyword.internal.KeywordExecutor.executeKeywordForPlatform(KeywordExecutor.groovy:72)
	at com.kms.katalon.core.keyword.BuiltinKeywords.callTestCase(BuiltinKeywords.groovy:334)
	at GoAML Report 1.run(GoAML Report 1:47)
	at com.kms.katalon.core.main.ScriptEngine.run(ScriptEngine.java:194)
	at com.kms.katalon.core.main.ScriptEngine.runScriptAsRawText(ScriptEngine.java:119)
	at com.kms.katalon.core.main.TestCaseExecutor.runScript(TestCaseExecutor.java:337)
	at com.kms.katalon.core.main.TestCaseExecutor.doExecute(TestCaseExecutor.java:328)
	at com.kms.katalon.core.main.TestCaseExecutor.processExecutionPhase(TestCaseExecutor.java:307)
	at com.kms.katalon.core.main.TestCaseExecutor.accessMainPhase(TestCaseExecutor.java:299)
	at com.kms.katalon.core.main.TestCaseExecutor.execute(TestCaseExecutor.java:233)
	at com.kms.katalon.core.main.TestSuiteExecutor.accessTestCaseMainPhase(TestSuiteExecutor.java:169)
	at com.kms.katalon.core.main.TestSuiteExecutor.accessTestSuiteMainPhase(TestSuiteExecutor.java:142)
	at com.kms.katalon.core.main.TestSuiteExecutor.execute(TestSuiteExecutor.java:91)
	at com.kms.katalon.core.main.TestCaseMain.startTestSuite(TestCaseMain.java:157)
	at com.kms.katalon.core.main.TestCaseMain$startTestSuite$0.call(Unknown Source)
	at TempTestSuite1599020994386.run(TempTestSuite1599020994386.groovy:36)
Caused by: org.openqa.selenium.ElementNotInteractableException: element not interactable
  (Session info: chrome=84.0.4147.135)
Build info: version: '3.141.59', revision: 'e82be7d358', time: '2018-11-14T08:25:53'
System info: host: 'NDS-LPT-0080', ip: '192.168.43.228', os.name: 'Windows 10', os.arch: 'amd64', os.version: '10.0', java.version: '1.8.0_181'
Driver info: com.kms.katalon.selenium.driver.CChromeDriver
Capabilities {acceptInsecureCerts: false, browserName: chrome, browserVersion: 84.0.4147.135, chrome: {chromedriverVersion: 83.0.4103.39 (ccbf011cb2d2b..., userDataDir: C:\Users\user\AppData\Local...}, goog:chromeOptions: {debuggerAddress: localhost:58383}, javascriptEnabled: true, networkConnectionEnabled: false, pageLoadStrategy: normal, platform: WINDOWS, platformName: WINDOWS, proxy: Proxy(), setWindowRect: true, strictFileInteractability: false, timeouts: {implicit: 0, pageLoad: 300000, script: 30000}, unhandledPromptBehavior: dismiss and notify, webauthn:virtualAuthenticators: true}
Session ID: 976f4b0e02415cf71a8f63c499f4fcd3
	at org.openqa.selenium.remote.http.W3CHttpResponseCodec.createException(W3CHttpResponseCodec.java:187)
	at org.openqa.selenium.remote.http.W3CHttpResponseCodec.decode(W3CHttpResponseCodec.java:122)
	at org.openqa.selenium.remote.http.W3CHttpResponseCodec.decode(W3CHttpResponseCodec.java:49)
	at org.openqa.selenium.remote.HttpCommandExecutor.execute(HttpCommandExecutor.java:158)
	at org.openqa.selenium.remote.service.DriverCommandExecutor.execute(DriverCommandExecutor.java:83)
	at org.openqa.selenium.remote.RemoteWebDriver.execute(RemoteWebDriver.java:552)
	at com.kms.katalon.selenium.driver.CChromeDriver.execute(CChromeDriver.java:19)
	at org.openqa.selenium.remote.RemoteWebElement.execute(RemoteWebElement.java:285)
	at org.openqa.selenium.remote.RemoteWebElement.clear(RemoteWebElement.java:124)
	at org.openqa.selenium.support.events.EventFiringWebDriver$EventFiringWebElement.lambda$new$0(EventFiringWebDriver.java:404)
	at com.sun.proxy.$Proxy9.clear(Unknown Source)
	at org.openqa.selenium.support.events.EventFiringWebDriver$EventFiringWebElement.clear(EventFiringWebDriver.java:436)
	at com.kms.katalon.core.webui.keyword.builtin.SetTextKeyword$_setText_closure1.doCall(SetTextKeyword.groovy:53)
	at com.kms.katalon.core.webui.keyword.builtin.SetTextKeyword$_setText_closure1.call(SetTextKeyword.groovy)
	at com.kms.katalon.core.webui.keyword.internal.WebUIKeywordMain.runKeyword(WebUIKeywordMain.groovy:20)
	at com.kms.katalon.core.webui.keyword.builtin.SetTextKeyword.setText(SetTextKeyword.groovy:66)
	at com.kms.katalon.core.webui.keyword.builtin.SetTextKeyword.execute(SetTextKeyword.groovy:37)
	at com.kms.katalon.core.keyword.internal.KeywordExecutor.executeKeywordForPlatform(KeywordExecutor.groovy:72)
	at com.kms.katalon.core.webui.keyword.WebUiBuiltInKeywords.setText(WebUiBuiltInKeywords.groovy:950)
	at com.kms.katalon.core.webui.keyword.WebUiBuiltInKeywords$setText$1.call(Unknown Source)
	at Script1590737581017.run(Script1590737581017.groovy:27)
	at com.kms.katalon.core.main.ScriptEngine.run(ScriptEngine.java:194)
	at com.kms.katalon.core.main.ScriptEngine.runScriptAsRawText(ScriptEngine.java:119)
	at com.kms.katalon.core.main.TestCaseExecutor.runScript(TestCaseExecutor.java:337)
	at com.kms.katalon.core.main.TestCaseExecutor.doExecute(TestCaseExecutor.java:328)
	at com.kms.katalon.core.main.TestCaseExecutor.processExecutionPhase(TestCaseExecutor.java:307)
	at com.kms.katalon.core.main.TestCaseExecutor.accessMainPhase(TestCaseExecutor.java:299)
	at com.kms.katalon.core.main.TestCaseExecutor.execute(TestCaseExecutor.java:233)
	at com.kms.katalon.core.main.TestCaseMain.runTestCase(TestCaseMain.java:114)
	at com.kms.katalon.core.keyword.builtin.CallTestCaseKeyword$_callTestCase_closure1.doCall(CallTestCaseKeyword.groovy:59)
	at com.kms.katalon.core.keyword.builtin.CallTestCaseKeyword$_callTestCase_closure1.call(CallTestCaseKeyword.groovy)
	at com.kms.katalon.core.keyword.internal.KeywordMain.runKeyword(KeywordMain.groovy:68)
	at com.kms.katalon.core.keyword.builtin.CallTestCaseKeyword.callTestCase(CallTestCaseKeyword.groovy:81)
	at com.kms.katalon.core.keyword.builtin.CallTestCaseKeyword.execute(CallTestCaseKeyword.groovy:44)
	at com.kms.katalon.core.keyword.internal.KeywordExecutor.executeKeywordForPlatform(KeywordExecutor.groovy:72)
	at com.kms.katalon.core.keyword.BuiltinKeywords.callTestCase(BuiltinKeywords.groovy:334)
	at Script1590734929315.run(Script1590734929315.groovy:47)
	... 13 more
)
[[ATTACHMENT|D:\\poject\\goaml2\\Katalon\\GoAML\\Reports\\20200902_112954\\New Test Suite (1)\\20200902_112954\\1599025685302.png]]

2020-09-02 12:48:05 - [MESSAGE][FAILED] - Unable to call Test Case 'Test Cases/GoAML Report 3' (Root cause: com.kms.katalon.core.exception.StepFailedException: Call Test Case 'Test Cases/GoAML Report 3' failed
	at com.kms.katalon.core.keyword.builtin.CallTestCaseKeyword$_callTestCase_closure1.doCall(CallTestCaseKeyword.groovy:63)
	at com.kms.katalon.core.keyword.builtin.CallTestCaseKeyword$_callTestCase_closure1.call(CallTestCaseKeyword.groovy)
	at com.kms.katalon.core.keyword.internal.KeywordMain.runKeyword(KeywordMain.groovy:68)
	at com.kms.katalon.core.keyword.builtin.CallTestCaseKeyword.callTestCase(CallTestCaseKeyword.groovy:81)
	at com.kms.katalon.core.keyword.builtin.CallTestCaseKeyword.execute(CallTestCaseKeyword.groovy:44)
	at com.kms.katalon.core.keyword.internal.KeywordExecutor.executeKeywordForPlatform(KeywordExecutor.groovy:72)
	at com.kms.katalon.core.keyword.BuiltinKeywords.callTestCase(BuiltinKeywords.groovy:334)
	at GoAML Report 1.run(GoAML Report 1:47)
	at com.kms.katalon.core.main.ScriptEngine.run(ScriptEngine.java:194)
	at com.kms.katalon.core.main.ScriptEngine.runScriptAsRawText(ScriptEngine.java:119)
	at com.kms.katalon.core.main.TestCaseExecutor.runScript(TestCaseExecutor.java:337)
	at com.kms.katalon.core.main.TestCaseExecutor.doExecute(TestCaseExecutor.java:328)
	at com.kms.katalon.core.main.TestCaseExecutor.processExecutionPhase(TestCaseExecutor.java:307)
	at com.kms.katalon.core.main.TestCaseExecutor.accessMainPhase(TestCaseExecutor.java:299)
	at com.kms.katalon.core.main.TestCaseExecutor.execute(TestCaseExecutor.java:233)
	at com.kms.katalon.core.main.TestSuiteExecutor.accessTestCaseMainPhase(TestSuiteExecutor.java:169)
	at com.kms.katalon.core.main.TestSuiteExecutor.accessTestSuiteMainPhase(TestSuiteExecutor.java:142)
	at com.kms.katalon.core.main.TestSuiteExecutor.execute(TestSuiteExecutor.java:91)
	at com.kms.katalon.core.main.TestCaseMain.startTestSuite(TestCaseMain.java:157)
	at com.kms.katalon.core.main.TestCaseMain$startTestSuite$0.call(Unknown Source)
	at TempTestSuite1599020994386.run(TempTestSuite1599020994386.groovy:36)
Caused by: com.kms.katalon.core.exception.StepFailedException: Unable to set text '999' of object 'Object Repository/GoAmlReport/Nomor Transaksi'
	at com.kms.katalon.core.webui.keyword.internal.WebUIKeywordMain.stepFailed(WebUIKeywordMain.groovy:64)
	at com.kms.katalon.core.webui.keyword.internal.WebUIKeywordMain.runKeyword(WebUIKeywordMain.groovy:26)
	at com.kms.katalon.core.webui.keyword.builtin.SetTextKeyword.setText(SetTextKeyword.groovy:66)
	at com.kms.katalon.core.webui.keyword.builtin.SetTextKeyword.execute(SetTextKeyword.groovy:37)
	at com.kms.katalon.core.keyword.internal.KeywordExecutor.executeKeywordForPlatform(KeywordExecutor.groovy:72)
	at com.kms.katalon.core.webui.keyword.WebUiBuiltInKeywords.setText(WebUiBuiltInKeywords.groovy:950)
	at com.kms.katalon.core.webui.keyword.WebUiBuiltInKeywords$setText$1.call(Unknown Source)
	at GoAML Report 3.run(GoAML Report 3:27)
	at com.kms.katalon.core.main.ScriptEngine.run(ScriptEngine.java:194)
	at com.kms.katalon.core.main.ScriptEngine.runScriptAsRawText(ScriptEngine.java:119)
	at com.kms.katalon.core.main.TestCaseExecutor.runScript(TestCaseExecutor.java:337)
	at com.kms.katalon.core.main.TestCaseExecutor.doExecute(TestCaseExecutor.java:328)
	at com.kms.katalon.core.main.TestCaseExecutor.processExecutionPhase(TestCaseExecutor.java:307)
	at com.kms.katalon.core.main.TestCaseExecutor.accessMainPhase(TestCaseExecutor.java:299)
	at com.kms.katalon.core.main.TestCaseExecutor.execute(TestCaseExecutor.java:233)
	at com.kms.katalon.core.main.TestCaseMain.runTestCase(TestCaseMain.java:114)
	at com.kms.katalon.core.keyword.builtin.CallTestCaseKeyword$_callTestCase_closure1.doCall(CallTestCaseKeyword.groovy:59)
	... 20 more
Caused by: org.openqa.selenium.ElementNotInteractableException: element not interactable
  (Session info: chrome=84.0.4147.135)
Build info: version: '3.141.59', revision: 'e82be7d358', time: '2018-11-14T08:25:53'
System info: host: 'NDS-LPT-0080', ip: '192.168.43.228', os.name: 'Windows 10', os.arch: 'amd64', os.version: '10.0', java.version: '1.8.0_181'
Driver info: com.kms.katalon.selenium.driver.CChromeDriver
Capabilities {acceptInsecureCerts: false, browserName: chrome, browserVersion: 84.0.4147.135, chrome: {chromedriverVersion: 83.0.4103.39 (ccbf011cb2d2b..., userDataDir: C:\Users\user\AppData\Local...}, goog:chromeOptions: {debuggerAddress: localhost:58383}, javascriptEnabled: true, networkConnectionEnabled: false, pageLoadStrategy: normal, platform: WINDOWS, platformName: WINDOWS, proxy: Proxy(), setWindowRect: true, strictFileInteractability: false, timeouts: {implicit: 0, pageLoad: 300000, script: 30000}, unhandledPromptBehavior: dismiss and notify, webauthn:virtualAuthenticators: true}
Session ID: 976f4b0e02415cf71a8f63c499f4fcd3
	at org.openqa.selenium.remote.http.W3CHttpResponseCodec.createException(W3CHttpResponseCodec.java:187)
	at org.openqa.selenium.remote.http.W3CHttpResponseCodec.decode(W3CHttpResponseCodec.java:122)
	at org.openqa.selenium.remote.http.W3CHttpResponseCodec.decode(W3CHttpResponseCodec.java:49)
	at org.openqa.selenium.remote.HttpCommandExecutor.execute(HttpCommandExecutor.java:158)
	at org.openqa.selenium.remote.service.DriverCommandExecutor.execute(DriverCommandExecutor.java:83)
	at org.openqa.selenium.remote.RemoteWebDriver.execute(RemoteWebDriver.java:552)
	at com.kms.katalon.selenium.driver.CChromeDriver.execute(CChromeDriver.java:19)
	at org.openqa.selenium.remote.RemoteWebElement.execute(RemoteWebElement.java:285)
	at org.openqa.selenium.remote.RemoteWebElement.clear(RemoteWebElement.java:124)
	at org.openqa.selenium.support.events.EventFiringWebDriver$EventFiringWebElement.lambda$new$0(EventFiringWebDriver.java:404)
	at com.sun.proxy.$Proxy9.clear(Unknown Source)
	at org.openqa.selenium.support.events.EventFiringWebDriver$EventFiringWebElement.clear(EventFiringWebDriver.java:436)
	at com.kms.katalon.core.webui.keyword.builtin.SetTextKeyword$_setText_closure1.doCall(SetTextKeyword.groovy:53)
	at com.kms.katalon.core.webui.keyword.builtin.SetTextKeyword$_setText_closure1.call(SetTextKeyword.groovy)
	at com.kms.katalon.core.webui.keyword.internal.WebUIKeywordMain.runKeyword(WebUIKeywordMain.groovy:20)
	... 35 more
)]]></system-out>
         <system-err><![CDATA[2020-09-02 12:45:10 - [TEST_CASE][FAILED] - Test Cases/GoAML Report 1: Test Cases/GoAML Report 1 FAILED.
Reason:
com.kms.katalon.core.exception.StepFailedException: Call Test Case 'Test Cases/GoAML Report 3' failed
	at com.kms.katalon.core.keyword.builtin.CallTestCaseKeyword$_callTestCase_closure1.doCall(CallTestCaseKeyword.groovy:63)
	at com.kms.katalon.core.keyword.builtin.CallTestCaseKeyword$_callTestCase_closure1.call(CallTestCaseKeyword.groovy)
	at com.kms.katalon.core.keyword.internal.KeywordMain.runKeyword(KeywordMain.groovy:68)
	at com.kms.katalon.core.keyword.builtin.CallTestCaseKeyword.callTestCase(CallTestCaseKeyword.groovy:81)
	at com.kms.katalon.core.keyword.builtin.CallTestCaseKeyword.execute(CallTestCaseKeyword.groovy:44)
	at com.kms.katalon.core.keyword.internal.KeywordExecutor.executeKeywordForPlatform(KeywordExecutor.groovy:72)
	at com.kms.katalon.core.keyword.BuiltinKeywords.callTestCase(BuiltinKeywords.groovy:334)
	at GoAML Report 1.run(GoAML Report 1:47)
	at com.kms.katalon.core.main.ScriptEngine.run(ScriptEngine.java:194)
	at com.kms.katalon.core.main.ScriptEngine.runScriptAsRawText(ScriptEngine.java:119)
	at com.kms.katalon.core.main.TestCaseExecutor.runScript(TestCaseExecutor.java:337)
	at com.kms.katalon.core.main.TestCaseExecutor.doExecute(TestCaseExecutor.java:328)
	at com.kms.katalon.core.main.TestCaseExecutor.processExecutionPhase(TestCaseExecutor.java:307)
	at com.kms.katalon.core.main.TestCaseExecutor.accessMainPhase(TestCaseExecutor.java:299)
	at com.kms.katalon.core.main.TestCaseExecutor.execute(TestCaseExecutor.java:233)
	at com.kms.katalon.core.main.TestSuiteExecutor.accessTestCaseMainPhase(TestSuiteExecutor.java:169)
	at com.kms.katalon.core.main.TestSuiteExecutor.accessTestSuiteMainPhase(TestSuiteExecutor.java:142)
	at com.kms.katalon.core.main.TestSuiteExecutor.execute(TestSuiteExecutor.java:91)
	at com.kms.katalon.core.main.TestCaseMain.startTestSuite(TestCaseMain.java:157)
	at com.kms.katalon.core.main.TestCaseMain$startTestSuite$0.call(Unknown Source)
	at TempTestSuite1599020994386.run(TempTestSuite1599020994386.groovy:36)
Caused by: com.kms.katalon.core.exception.StepFailedException: Unable to set text '999' of object 'Object Repository/GoAmlReport/Nomor Transaksi'
	at com.kms.katalon.core.webui.keyword.internal.WebUIKeywordMain.stepFailed(WebUIKeywordMain.groovy:64)
	at com.kms.katalon.core.webui.keyword.internal.WebUIKeywordMain.runKeyword(WebUIKeywordMain.groovy:26)
	at com.kms.katalon.core.webui.keyword.builtin.SetTextKeyword.setText(SetTextKeyword.groovy:66)
	at com.kms.katalon.core.webui.keyword.builtin.SetTextKeyword.execute(SetTextKeyword.groovy:37)
	at com.kms.katalon.core.keyword.internal.KeywordExecutor.executeKeywordForPlatform(KeywordExecutor.groovy:72)
	at com.kms.katalon.core.webui.keyword.WebUiBuiltInKeywords.setText(WebUiBuiltInKeywords.groovy:950)
	at com.kms.katalon.core.webui.keyword.WebUiBuiltInKeywords$setText$1.call(Unknown Source)
	at GoAML Report 3.run(GoAML Report 3:27)
	at com.kms.katalon.core.main.ScriptEngine.run(ScriptEngine.java:194)
	at com.kms.katalon.core.main.ScriptEngine.runScriptAsRawText(ScriptEngine.java:119)
	at com.kms.katalon.core.main.TestCaseExecutor.runScript(TestCaseExecutor.java:337)
	at com.kms.katalon.core.main.TestCaseExecutor.doExecute(TestCaseExecutor.java:328)
	at com.kms.katalon.core.main.TestCaseExecutor.processExecutionPhase(TestCaseExecutor.java:307)
	at com.kms.katalon.core.main.TestCaseExecutor.accessMainPhase(TestCaseExecutor.java:299)
	at com.kms.katalon.core.main.TestCaseExecutor.execute(TestCaseExecutor.java:233)
	at com.kms.katalon.core.main.TestCaseMain.runTestCase(TestCaseMain.java:114)
	at com.kms.katalon.core.keyword.builtin.CallTestCaseKeyword$_callTestCase_closure1.doCall(CallTestCaseKeyword.groovy:59)
	... 20 more
Caused by: org.openqa.selenium.ElementNotInteractableException: element not interactable
  (Session info: chrome=84.0.4147.135)
Build info: version: '3.141.59', revision: 'e82be7d358', time: '2018-11-14T08:25:53'
System info: host: 'NDS-LPT-0080', ip: '192.168.43.228', os.name: 'Windows 10', os.arch: 'amd64', os.version: '10.0', java.version: '1.8.0_181'
Driver info: com.kms.katalon.selenium.driver.CChromeDriver
Capabilities {acceptInsecureCerts: false, browserName: chrome, browserVersion: 84.0.4147.135, chrome: {chromedriverVersion: 83.0.4103.39 (ccbf011cb2d2b..., userDataDir: C:\Users\user\AppData\Local...}, goog:chromeOptions: {debuggerAddress: localhost:58383}, javascriptEnabled: true, networkConnectionEnabled: false, pageLoadStrategy: normal, platform: WINDOWS, platformName: WINDOWS, proxy: Proxy(), setWindowRect: true, strictFileInteractability: false, timeouts: {implicit: 0, pageLoad: 300000, script: 30000}, unhandledPromptBehavior: dismiss and notify, webauthn:virtualAuthenticators: true}
Session ID: 976f4b0e02415cf71a8f63c499f4fcd3
	at org.openqa.selenium.remote.http.W3CHttpResponseCodec.createException(W3CHttpResponseCodec.java:187)
	at org.openqa.selenium.remote.http.W3CHttpResponseCodec.decode(W3CHttpResponseCodec.java:122)
	at org.openqa.selenium.remote.http.W3CHttpResponseCodec.decode(W3CHttpResponseCodec.java:49)
	at org.openqa.selenium.remote.HttpCommandExecutor.execute(HttpCommandExecutor.java:158)
	at org.openqa.selenium.remote.service.DriverCommandExecutor.execute(DriverCommandExecutor.java:83)
	at org.openqa.selenium.remote.RemoteWebDriver.execute(RemoteWebDriver.java:552)
	at com.kms.katalon.selenium.driver.CChromeDriver.execute(CChromeDriver.java:19)
	at org.openqa.selenium.remote.RemoteWebElement.execute(RemoteWebElement.java:285)
	at org.openqa.selenium.remote.RemoteWebElement.clear(RemoteWebElement.java:124)
	at org.openqa.selenium.support.events.EventFiringWebDriver$EventFiringWebElement.lambda$new$0(EventFiringWebDriver.java:404)
	at com.sun.proxy.$Proxy9.clear(Unknown Source)
	at org.openqa.selenium.support.events.EventFiringWebDriver$EventFiringWebElement.clear(EventFiringWebDriver.java:436)
	at com.kms.katalon.core.webui.keyword.builtin.SetTextKeyword$_setText_closure1.doCall(SetTextKeyword.groovy:53)
	at com.kms.katalon.core.webui.keyword.builtin.SetTextKeyword$_setText_closure1.call(SetTextKeyword.groovy)
	at com.kms.katalon.core.webui.keyword.internal.WebUIKeywordMain.runKeyword(WebUIKeywordMain.groovy:20)
	... 35 more]]></system-err>
      </testcase>
      <testcase name="Test Cases/GoAML Report 1" time="708.689" classname="Test Cases/GoAML Report 1" status="PASSED">
         <system-out><![CDATA[2020-09-02 12:48:08 - [TEST_CASE][PASSED] - Test Cases/GoAML Report 1: Test Cases/GoAML Report 1

2020-09-02 12:48:08 - [TEST_STEP][PASSED] - openBrowser("http://goaml.southeastasia.cloudapp.azure.com/goaml/Default.aspx"): Browser is opened with url: 'http://goaml.southeastasia.cloudapp.azure.com/goaml/Default.aspx'

2020-09-02 12:48:08 - [MESSAGE][WARNING] - A browser is already opened. Closing browser and opening a new one

2020-09-02 12:48:08 - [MESSAGE][INFO] - Starting 'Chrome' driver

2020-09-02 12:48:08 - [MESSAGE][INFO] - User set preference: ['property', '']

2020-09-02 12:48:17 - [MESSAGE][PASSED] - Browser is opened with url: 'http://goaml.southeastasia.cloudapp.azure.com/goaml/Default.aspx'

2020-09-02 12:48:17 - [TEST_STEP][PASSED] - maximizeWindow(): Current window maximized

2020-09-02 12:48:19 - [MESSAGE][PASSED] - Current window maximized

2020-09-02 12:48:19 - [TEST_STEP][PASSED] - setText(findTestObject("All/UserName"), "anggi1"): Text 'anggi1' is set on object 'Object Repository/All/UserName'

2020-09-02 12:48:19 - [MESSAGE][PASSED] - Text 'anggi1' is set on object 'Object Repository/All/UserName'

2020-09-02 12:48:19 - [TEST_STEP][PASSED] - setEncryptedText(findTestObject("All/password"), "iFGeFYmXIrWy72D5I5E8Dw=="): Text ****** has been set on object 'Object Repository/All/password'

2020-09-02 12:48:20 - [MESSAGE][PASSED] - Text ****** has been set on object 'Object Repository/All/password'

2020-09-02 12:48:20 - [TEST_STEP][PASSED] - click(findTestObject("All/Sign In")): Object: 'Object Repository/All/Sign In' is clicked on

2020-09-02 12:48:23 - [MESSAGE][PASSED] - Object: 'Object Repository/All/Sign In' is clicked on

2020-09-02 12:48:23 - [TEST_STEP][PASSED] - delay(3): Delayed 3 second(s)

2020-09-02 12:48:26 - [MESSAGE][PASSED] - Delayed 3 second(s)

2020-09-02 12:48:26 - [TEST_STEP][PASSED] - setText(findTestObject("All/filter"), "Report"): Text 'Report' is set on object 'Object Repository/All/filter'

2020-09-02 12:48:26 - [MESSAGE][PASSED] - Text 'Report' is set on object 'Object Repository/All/filter'

2020-09-02 12:48:26 - [TEST_STEP][PASSED] - delay(1): Delayed 1 second(s)

2020-09-02 12:48:27 - [MESSAGE][PASSED] - Delayed 1 second(s)

2020-09-02 12:48:27 - [TEST_STEP][PASSED] - scrollToElement(findTestObject("GoAmlReport/View"), 3): Scroll to object 'Object Repository/GoAmlReport/View' successfully

2020-09-02 12:48:28 - [MESSAGE][PASSED] - Scroll to object 'Object Repository/GoAmlReport/View' successfully

2020-09-02 12:48:28 - [TEST_STEP][PASSED] - click(findTestObject("GoAmlReport/View")): Object: 'Object Repository/GoAmlReport/View' is clicked on

2020-09-02 12:48:28 - [MESSAGE][PASSED] - Object: 'Object Repository/GoAmlReport/View' is clicked on

2020-09-02 12:48:28 - [TEST_STEP][PASSED] - delay(3): Delayed 3 second(s)

2020-09-02 12:48:31 - [MESSAGE][PASSED] - Delayed 3 second(s)

2020-09-02 12:48:31 - [TEST_STEP][PASSED] - click(findTestObject("All/New Record")): Object: 'Object Repository/All/New Record' is clicked on

2020-09-02 12:48:32 - [MESSAGE][PASSED] - Object: 'Object Repository/All/New Record' is clicked on

2020-09-02 12:48:32 - [TEST_STEP][PASSED] - callTestCase(findTestCase("GoAML Report 2"), [:], STOP_ON_FAILURE): Call Test Case 'Test Cases/GoAML Report 2' successfully

2020-09-02 12:48:32 - [TEST_CASE][PASSED] - Test Cases/GoAML Report 2: Test Cases/GoAML Report 2

2020-09-02 12:48:32 - [TEST_STEP][PASSED] - for ([rowNum = 1, rowNum <= findTestData("GoAMLReport/General Information").getRowNumbers(), (rowNum++)]): Object: 'Object Repository/GoAmlReport/save indikator' is clicked on

2020-09-02 12:48:32 - [TEST_STEP][PASSED] - delay(90): Delayed 90 second(s)

2020-09-02 12:50:02 - [MESSAGE][PASSED] - Delayed 90 second(s)

2020-09-02 12:50:02 - [TEST_STEP][PASSED] - click(findTestObject("GoAmlReport/01 General Information/01 Jenis Laporan"), STOP_ON_FAILURE): Object: 'Object Repository/GoAmlReport/01 General Information/01 Jenis Laporan' is clicked on

2020-09-02 12:50:03 - [MESSAGE][PASSED] - Object: 'Object Repository/GoAmlReport/01 General Information/01 Jenis Laporan' is clicked on

2020-09-02 12:50:03 - [TEST_STEP][PASSED] - delay(20): Delayed 20 second(s)

2020-09-02 12:50:23 - [MESSAGE][PASSED] - Delayed 20 second(s)

2020-09-02 12:50:23 - [TEST_STEP][PASSED] - if (findTestData("GoAMLReport/General Information").getValue(1, rowNum) == "LAPT - LTKM"): null

2020-09-02 12:50:23 - [TEST_STEP][PASSED] - if (findTestData("GoAMLReport/General Information").getValue(1, rowNum) == "LTKM - LTKM"): null

2020-09-02 12:50:23 - [TEST_STEP][PASSED] - click(findTestObject("GoAmlReport/01 General Information/Isi Jenis Laporan/2 LTKM - LTKM")): Object: 'Object Repository/GoAmlReport/01 General Information/Isi Jenis Laporan/2 LTKM - LTKM' is clicked on

2020-09-02 12:50:24 - [MESSAGE][PASSED] - Object: 'Object Repository/GoAmlReport/01 General Information/Isi Jenis Laporan/2 LTKM - LTKM' is clicked on

2020-09-02 12:50:24 - [TEST_STEP][PASSED] - if (findTestData("GoAMLReport/General Information").getValue(4, rowNum) == "CaseManagement ID"): Keys 'ENTER + ' sent to object: 'Object Repository/GoAmlReport/01 General Information/05 Type Report'

2020-09-02 12:50:24 - [TEST_STEP][PASSED] - setText(findTestObject("GoAmlReport/01 General Information/05 Type Report"), "transaksi unik"): Text 'transaksi unik' is set on object 'Object Repository/GoAmlReport/01 General Information/05 Type Report'

2020-09-02 12:50:25 - [MESSAGE][PASSED] - Text 'transaksi unik' is set on object 'Object Repository/GoAmlReport/01 General Information/05 Type Report'

2020-09-02 12:50:25 - [TEST_STEP][PASSED] - delay(10): Delayed 10 second(s)

2020-09-02 12:50:35 - [MESSAGE][PASSED] - Delayed 10 second(s)

2020-09-02 12:50:35 - [TEST_STEP][PASSED] - sendKeys(findTestObject("GoAmlReport/01 General Information/05 Type Report"), Keys.chord(ENTER)): Keys 'ENTER + ' sent to object: 'Object Repository/GoAmlReport/01 General Information/05 Type Report'

2020-09-02 12:50:35 - [MESSAGE][PASSED] - Keys 'ENTER + ' sent to object: 'Object Repository/GoAmlReport/01 General Information/05 Type Report'

2020-09-02 12:50:35 - [TEST_STEP][PASSED] - if (findTestData("GoAMLReport/General Information").getValue(4, rowNum) == "CIF"): null

2020-09-02 12:50:35 - [TEST_STEP][PASSED] - if (findTestData("GoAMLReport/General Information").getValue(1, rowNum) == "LTKMH - LTKM"): null

2020-09-02 12:50:35 - [TEST_STEP][PASSED] - if (findTestData("GoAMLReport/General Information").getValue(1, rowNum) == "LTKMP - LTKM"): null

2020-09-02 12:50:35 - [TEST_STEP][PASSED] - if (findTestData("GoAMLReport/General Information").getValue(1, rowNum) == "LTKMT - LTKM"): null

2020-09-02 12:50:35 - [TEST_STEP][PASSED] - if (findTestData("GoAMLReport/General Information").getValue(1, rowNum) == "LTKTK - LTKT"): null

2020-09-02 12:50:35 - [TEST_STEP][PASSED] - if (findTestData("GoAMLReport/General Information").getValue(1, rowNum) == "LTKTM - LTKT"): null

2020-09-02 12:50:35 - [TEST_STEP][PASSED] - if (findTestData("GoAMLReport/General Information").getValue(1, rowNum) == "TKLIB - LTKL"): null

2020-09-02 12:50:35 - [TEST_STEP][PASSED] - if (findTestData("GoAMLReport/General Information").getValue(1, rowNum) == "TKLOB - LTKL"): null

2020-09-02 12:50:35 - [TEST_STEP][PASSED] - setText(findTestObject("GoAmlReport/01 General Information/02 Tgl Laporan"), findTestData("GoAMLReport/General Information").getValue(3, 1)): Text '26-May-99' is set on object 'Object Repository/GoAmlReport/01 General Information/02 Tgl Laporan'

2020-09-02 12:50:36 - [MESSAGE][PASSED] - Text '26-May-99' is set on object 'Object Repository/GoAmlReport/01 General Information/02 Tgl Laporan'

2020-09-02 12:50:36 - [TEST_STEP][PASSED] - setText(findTestObject("GoAmlReport/01 General Information/03 Alasan"), "No Reason"): Text 'No Reason' is set on object 'Object Repository/GoAmlReport/01 General Information/03 Alasan'

2020-09-02 12:50:37 - [MESSAGE][PASSED] - Text 'No Reason' is set on object 'Object Repository/GoAmlReport/01 General Information/03 Alasan'

2020-09-02 12:50:37 - [TEST_STEP][PASSED] - setText(findTestObject("GoAmlReport/01 General Information/04 Tidakan Pelapor"), "Tidak Bertindak"): Text 'Tidak Bertindak' is set on object 'Object Repository/GoAmlReport/01 General Information/04 Tidakan Pelapor'

2020-09-02 12:50:37 - [MESSAGE][PASSED] - Text 'Tidak Bertindak' is set on object 'Object Repository/GoAmlReport/01 General Information/04 Tidakan Pelapor'

2020-09-02 12:50:37 - [TEST_STEP][PASSED] - setText(findTestObject("GoAmlReport/01 General Information/06 No Value Report"), "Testing Anggi 2906"): Text 'Testing Anggi 2906' is set on object 'Object Repository/GoAmlReport/01 General Information/06 No Value Report'

2020-09-02 12:50:38 - [MESSAGE][PASSED] - Text 'Testing Anggi 2906' is set on object 'Object Repository/GoAmlReport/01 General Information/06 No Value Report'

2020-09-02 12:50:38 - [TEST_STEP][PASSED] - if (findTestData("GoAMLReport/General Information").getValue(6, rowNum) == "true"): Object: 'Object Repository/GoAmlReport/save indikator' is clicked on

2020-09-02 12:50:38 - [TEST_STEP][PASSED] - click(findTestObject("GoAmlReport/Indikator")): Object: 'Object Repository/GoAmlReport/Indikator' is clicked on

2020-09-02 12:50:39 - [MESSAGE][PASSED] - Object: 'Object Repository/GoAmlReport/Indikator' is clicked on

2020-09-02 12:50:39 - [TEST_STEP][PASSED] - delay(5): Delayed 5 second(s)

2020-09-02 12:50:44 - [MESSAGE][PASSED] - Delayed 5 second(s)

2020-09-02 12:50:44 - [TEST_STEP][PASSED] - setText(findTestObject("GoAmlReport/Indikator 2"), findTestData("GoAMLReport/General Information").getValue(7, rowNum)): Text 'Korupsi' is set on object 'Object Repository/GoAmlReport/Indikator 2'

2020-09-02 12:50:45 - [MESSAGE][PASSED] - Text 'Korupsi' is set on object 'Object Repository/GoAmlReport/Indikator 2'

2020-09-02 12:50:45 - [TEST_STEP][PASSED] - delay(3): Delayed 3 second(s)

2020-09-02 12:50:48 - [MESSAGE][PASSED] - Delayed 3 second(s)

2020-09-02 12:50:48 - [TEST_STEP][PASSED] - sendKeys(findTestObject("GoAmlReport/Indikator 2"), Keys.chord(ENTER)): Keys 'ENTER + ' sent to object: 'Object Repository/GoAmlReport/Indikator 2'

2020-09-02 12:50:48 - [MESSAGE][PASSED] - Keys 'ENTER + ' sent to object: 'Object Repository/GoAmlReport/Indikator 2'

2020-09-02 12:50:48 - [TEST_STEP][PASSED] - delay(2): Delayed 2 second(s)

2020-09-02 12:50:50 - [MESSAGE][PASSED] - Delayed 2 second(s)

2020-09-02 12:50:50 - [TEST_STEP][PASSED] - click(findTestObject("GoAmlReport/save indikator")): Object: 'Object Repository/GoAmlReport/save indikator' is clicked on

2020-09-02 12:50:51 - [MESSAGE][PASSED] - Object: 'Object Repository/GoAmlReport/save indikator' is clicked on

2020-09-02 12:50:51 - [MESSAGE][PASSED] - Call Test Case 'Test Cases/GoAML Report 2' successfully

2020-09-02 12:50:51 - [TEST_STEP][PASSED] - callTestCase(findTestCase("GoAML Report 3"), [:], STOP_ON_FAILURE): Call Test Case 'Test Cases/GoAML Report 3' successfully

2020-09-02 12:50:51 - [TEST_CASE][PASSED] - Test Cases/GoAML Report 3: Test Cases/GoAML Report 3

2020-09-02 12:50:51 - [TEST_STEP][PASSED] - for ([rowNum = 1, rowNum <= findTestData("GoAMLReport/Transaksi").getRowNumbers(), (rowNum++)]): Keys 'ENTER + ' sent to object: 'Object Repository/GoAmlReport/02 Transaksi/11 Type Trx'

2020-09-02 12:50:51 - [TEST_STEP][PASSED] - delay(6): Delayed 6 second(s)

2020-09-02 12:50:57 - [MESSAGE][PASSED] - Delayed 6 second(s)

2020-09-02 12:50:57 - [TEST_STEP][PASSED] - if (findTestData("GoAMLReport/Transaksi").getValue(1, rowNum) == "true"): Keys 'ENTER + ' sent to object: 'Object Repository/GoAmlReport/02 Transaksi/11 Type Trx'

2020-09-02 12:50:57 - [TEST_STEP][PASSED] - click(findTestObject("GoAmlReport/01 General Information/07 Tambah Transaksi")): Object: 'Object Repository/GoAmlReport/01 General Information/07 Tambah Transaksi' is clicked on

2020-09-02 12:50:57 - [MESSAGE][PASSED] - Object: 'Object Repository/GoAmlReport/01 General Information/07 Tambah Transaksi' is clicked on

2020-09-02 12:50:57 - [TEST_STEP][PASSED] - delay(6): Delayed 6 second(s)

2020-09-02 12:51:03 - [MESSAGE][PASSED] - Delayed 6 second(s)

2020-09-02 12:51:03 - [TEST_STEP][PASSED] - setText(findTestObject("GoAmlReport/Nomor Transaksi"), findTestData("GoAMLReport/Transaksi").getValue(12, rowNum)): Text '999' is set on object 'Object Repository/GoAmlReport/Nomor Transaksi'

2020-09-02 12:51:04 - [MESSAGE][PASSED] - Text '999' is set on object 'Object Repository/GoAmlReport/Nomor Transaksi'

2020-09-02 12:51:04 - [TEST_STEP][PASSED] - setText(findTestObject("GoAmlReport/02 Transaksi/01 No Ref Transaksi"), "12133746"): Text '12133746' is set on object 'Object Repository/GoAmlReport/02 Transaksi/01 No Ref Transaksi'

2020-09-02 12:51:05 - [MESSAGE][PASSED] - Text '12133746' is set on object 'Object Repository/GoAmlReport/02 Transaksi/01 No Ref Transaksi'

2020-09-02 12:51:05 - [TEST_STEP][PASSED] - setText(findTestObject("GoAmlReport/02 Transaksi/02 Lokasi Transaksi"), "Jakarta"): Text 'Jakarta' is set on object 'Object Repository/GoAmlReport/02 Transaksi/02 Lokasi Transaksi'

2020-09-02 12:51:05 - [MESSAGE][PASSED] - Text 'Jakarta' is set on object 'Object Repository/GoAmlReport/02 Transaksi/02 Lokasi Transaksi'

2020-09-02 12:51:05 - [TEST_STEP][PASSED] - setText(findTestObject("GoAmlReport/02 Transaksi/03 Keterangan Transaksi"), "Noted"): Text 'Noted' is set on object 'Object Repository/GoAmlReport/02 Transaksi/03 Keterangan Transaksi'

2020-09-02 12:51:06 - [MESSAGE][PASSED] - Text 'Noted' is set on object 'Object Repository/GoAmlReport/02 Transaksi/03 Keterangan Transaksi'

2020-09-02 12:51:06 - [TEST_STEP][PASSED] - setText(findTestObject("GoAmlReport/02 Transaksi/04 Tgl Transaksi"), findTestData("GoAMLReport/Transaksi").getValue(2, rowNum)): Text '27-May-99' is set on object 'Object Repository/GoAmlReport/02 Transaksi/04 Tgl Transaksi'

2020-09-02 12:51:07 - [MESSAGE][PASSED] - Text '27-May-99' is set on object 'Object Repository/GoAmlReport/02 Transaksi/04 Tgl Transaksi'

2020-09-02 12:51:07 - [TEST_STEP][PASSED] - setText(findTestObject("GoAmlReport/02 Transaksi/05 Nama Teller"), "Miss Teller"): Text 'Miss Teller' is set on object 'Object Repository/GoAmlReport/02 Transaksi/05 Nama Teller'

2020-09-02 12:51:07 - [MESSAGE][PASSED] - Text 'Miss Teller' is set on object 'Object Repository/GoAmlReport/02 Transaksi/05 Nama Teller'

2020-09-02 12:51:07 - [TEST_STEP][PASSED] - setText(findTestObject("GoAmlReport/02 Transaksi/06 Nama Pejabat"), "Mr Pejabat"): Text 'Mr Pejabat' is set on object 'Object Repository/GoAmlReport/02 Transaksi/06 Nama Pejabat'

2020-09-02 12:51:08 - [MESSAGE][PASSED] - Text 'Mr Pejabat' is set on object 'Object Repository/GoAmlReport/02 Transaksi/06 Nama Pejabat'

2020-09-02 12:51:08 - [TEST_STEP][PASSED] - setText(findTestObject("GoAmlReport/02 Transaksi/07 Tgl Pembukuan"), "01-May-20"): Text '01-May-20' is set on object 'Object Repository/GoAmlReport/02 Transaksi/07 Tgl Pembukuan'

2020-09-02 12:51:09 - [MESSAGE][PASSED] - Text '01-May-20' is set on object 'Object Repository/GoAmlReport/02 Transaksi/07 Tgl Pembukuan'

2020-09-02 12:51:09 - [TEST_STEP][PASSED] - delay(3): Delayed 3 second(s)

2020-09-02 12:51:12 - [MESSAGE][PASSED] - Delayed 3 second(s)

2020-09-02 12:51:12 - [TEST_STEP][PASSED] - sendKeys(findTestObject("GoAmlReport/02 Transaksi/07 Tgl Pembukuan"), Keys.chord(ENTER)): Keys 'ENTER + ' sent to object: 'Object Repository/GoAmlReport/02 Transaksi/07 Tgl Pembukuan'

2020-09-02 12:51:12 - [MESSAGE][PASSED] - Keys 'ENTER + ' sent to object: 'Object Repository/GoAmlReport/02 Transaksi/07 Tgl Pembukuan'

2020-09-02 12:51:12 - [TEST_STEP][PASSED] - scrollToElement(findTestObject("GoAmlReport/02 Transaksi/08 Cara Trx Dilakukan"), 3): Scroll to object 'Object Repository/GoAmlReport/02 Transaksi/08 Cara Trx Dilakukan' successfully

2020-09-02 12:51:12 - [MESSAGE][PASSED] - Scroll to object 'Object Repository/GoAmlReport/02 Transaksi/08 Cara Trx Dilakukan' successfully

2020-09-02 12:51:12 - [TEST_STEP][PASSED] - setText(findTestObject("GoAmlReport/02 Transaksi/08 Cara Trx Dilakukan"), findTestData("GoAMLReport/Transaksi").getValue(3, rowNum)): Text 'KRM-Pengiriman Uang' is set on object 'Object Repository/GoAmlReport/02 Transaksi/08 Cara Trx Dilakukan'

2020-09-02 12:51:13 - [MESSAGE][PASSED] - Text 'KRM-Pengiriman Uang' is set on object 'Object Repository/GoAmlReport/02 Transaksi/08 Cara Trx Dilakukan'

2020-09-02 12:51:13 - [TEST_STEP][PASSED] - delay(3): Delayed 3 second(s)

2020-09-02 12:51:16 - [MESSAGE][PASSED] - Delayed 3 second(s)

2020-09-02 12:51:16 - [TEST_STEP][PASSED] - sendKeys(findTestObject("GoAmlReport/02 Transaksi/08 Cara Trx Dilakukan"), Keys.chord(ENTER)): Keys 'ENTER + ' sent to object: 'Object Repository/GoAmlReport/02 Transaksi/08 Cara Trx Dilakukan'

2020-09-02 12:51:17 - [MESSAGE][PASSED] - Keys 'ENTER + ' sent to object: 'Object Repository/GoAmlReport/02 Transaksi/08 Cara Trx Dilakukan'

2020-09-02 12:51:17 - [TEST_STEP][PASSED] - scrollToElement(findTestObject("GoAmlReport/02 Transaksi/09 Cara Trx Lain"), 3): Scroll to object 'Object Repository/GoAmlReport/02 Transaksi/09 Cara Trx Lain' successfully

2020-09-02 12:51:17 - [MESSAGE][PASSED] - Scroll to object 'Object Repository/GoAmlReport/02 Transaksi/09 Cara Trx Lain' successfully

2020-09-02 12:51:17 - [TEST_STEP][PASSED] - setText(findTestObject("GoAmlReport/02 Transaksi/09 Cara Trx Lain"), "Tidak-Ada"): Text 'Tidak-Ada' is set on object 'Object Repository/GoAmlReport/02 Transaksi/09 Cara Trx Lain'

2020-09-02 12:51:18 - [MESSAGE][PASSED] - Text 'Tidak-Ada' is set on object 'Object Repository/GoAmlReport/02 Transaksi/09 Cara Trx Lain'

2020-09-02 12:51:18 - [TEST_STEP][PASSED] - scrollToElement(findTestObject("GoAmlReport/02 Transaksi/10 Nilai Trx (IDR)"), 3): Scroll to object 'Object Repository/GoAmlReport/02 Transaksi/10 Nilai Trx (IDR)' successfully

2020-09-02 12:51:18 - [MESSAGE][PASSED] - Scroll to object 'Object Repository/GoAmlReport/02 Transaksi/10 Nilai Trx (IDR)' successfully

2020-09-02 12:51:18 - [TEST_STEP][PASSED] - setText(findTestObject("GoAmlReport/02 Transaksi/10 Nilai Trx (IDR)"), findTestData("GoAMLReport/Transaksi").getValue(4, rowNum)): Text '500000000' is set on object 'Object Repository/GoAmlReport/02 Transaksi/10 Nilai Trx (IDR)'

2020-09-02 12:51:19 - [MESSAGE][PASSED] - Text '500000000' is set on object 'Object Repository/GoAmlReport/02 Transaksi/10 Nilai Trx (IDR)'

2020-09-02 12:51:19 - [TEST_STEP][PASSED] - setText(findTestObject("GoAmlReport/02 Transaksi/11 Type Trx"), findTestData("GoAMLReport/Transaksi").getValue(5, rowNum)): Text 'Bi-Party' is set on object 'Object Repository/GoAmlReport/02 Transaksi/11 Type Trx'

2020-09-02 12:51:20 - [MESSAGE][PASSED] - Text 'Bi-Party' is set on object 'Object Repository/GoAmlReport/02 Transaksi/11 Type Trx'

2020-09-02 12:51:20 - [TEST_STEP][PASSED] - delay(3): Delayed 3 second(s)

2020-09-02 12:51:23 - [MESSAGE][PASSED] - Delayed 3 second(s)

2020-09-02 12:51:23 - [TEST_STEP][PASSED] - sendKeys(findTestObject("GoAmlReport/02 Transaksi/11 Type Trx"), Keys.chord(ENTER)): Keys 'ENTER + ' sent to object: 'Object Repository/GoAmlReport/02 Transaksi/11 Type Trx'

2020-09-02 12:51:23 - [MESSAGE][PASSED] - Keys 'ENTER + ' sent to object: 'Object Repository/GoAmlReport/02 Transaksi/11 Type Trx'

2020-09-02 12:51:23 - [MESSAGE][PASSED] - Call Test Case 'Test Cases/GoAML Report 3' successfully

2020-09-02 12:51:23 - [TEST_STEP][PASSED] - callTestCase(findTestCase("Identitas Orang Mewakili Transaksi"), [:], STOP_ON_FAILURE): Call Test Case 'Test Cases/Identitas Orang Mewakili Transaksi' successfully

2020-09-02 12:51:23 - [TEST_CASE][PASSED] - Test Cases/Identitas Orang Mewakili Transaksi: Test Cases/Identitas Orang Mewakili Transaksi

2020-09-02 12:51:23 - [TEST_STEP][PASSED] - for ([rowNum = 1, rowNum <= findTestData("GoAMLReport/Transaksi").getRowNumbers(), (rowNum++)]): Object: 'Object Repository/GoAmlReport/08 Identitas Orang Mewakili Transaksi/07/08 Save' is clicked on

2020-09-02 12:51:23 - [TEST_STEP][PASSED] - delay(6): Delayed 6 second(s)

2020-09-02 12:51:29 - [MESSAGE][PASSED] - Delayed 6 second(s)

2020-09-02 12:51:29 - [TEST_STEP][PASSED] - if (findTestData("GoAMLReport/Transaksi").getValue(13, rowNum) == "true"): Object: 'Object Repository/GoAmlReport/08 Identitas Orang Mewakili Transaksi/07/08 Save' is clicked on

2020-09-02 12:51:29 - [TEST_STEP][PASSED] - click(findTestObject("GoAmlReport/08 Identitas Orang Mewakili Transaksi/01/01 Yes")): Object: 'Object Repository/GoAmlReport/08 Identitas Orang Mewakili Transaksi/01/01 Yes' is clicked on

2020-09-02 12:51:30 - [MESSAGE][PASSED] - Object: 'Object Repository/GoAmlReport/08 Identitas Orang Mewakili Transaksi/01/01 Yes' is clicked on

2020-09-02 12:51:30 - [TEST_STEP][PASSED] - delay(8): Delayed 8 second(s)

2020-09-02 12:51:38 - [MESSAGE][PASSED] - Delayed 8 second(s)

2020-09-02 12:51:38 - [TEST_STEP][PASSED] - setText(findTestObject("GoAmlReport/08 Identitas Orang Mewakili Transaksi/01/02 Jenis Kelamin"), "F - Female"): Text 'F - Female' is set on object 'Object Repository/GoAmlReport/08 Identitas Orang Mewakili Transaksi/01/02 Jenis Kelamin'

2020-09-02 12:51:39 - [MESSAGE][PASSED] - Text 'F - Female' is set on object 'Object Repository/GoAmlReport/08 Identitas Orang Mewakili Transaksi/01/02 Jenis Kelamin'

2020-09-02 12:51:39 - [TEST_STEP][PASSED] - delay(3): Delayed 3 second(s)

2020-09-02 12:51:42 - [MESSAGE][PASSED] - Delayed 3 second(s)

2020-09-02 12:51:42 - [TEST_STEP][PASSED] - sendKeys(findTestObject("GoAmlReport/08 Identitas Orang Mewakili Transaksi/01/02 Jenis Kelamin"), Keys.chord(ENTER)): Keys 'ENTER + ' sent to object: 'Object Repository/GoAmlReport/08 Identitas Orang Mewakili Transaksi/01/02 Jenis Kelamin'

2020-09-02 12:51:42 - [MESSAGE][PASSED] - Keys 'ENTER + ' sent to object: 'Object Repository/GoAmlReport/08 Identitas Orang Mewakili Transaksi/01/02 Jenis Kelamin'

2020-09-02 12:51:42 - [TEST_STEP][PASSED] - setText(findTestObject("GoAmlReport/08 Identitas Orang Mewakili Transaksi/01/03 Gelar"), "Missfortune"): Text 'Missfortune' is set on object 'Object Repository/GoAmlReport/08 Identitas Orang Mewakili Transaksi/01/03 Gelar'

2020-09-02 12:51:43 - [MESSAGE][PASSED] - Text 'Missfortune' is set on object 'Object Repository/GoAmlReport/08 Identitas Orang Mewakili Transaksi/01/03 Gelar'

2020-09-02 12:51:43 - [TEST_STEP][PASSED] - setText(findTestObject("GoAmlReport/08 Identitas Orang Mewakili Transaksi/01/04 Nama Lengkap"), "Anggi Firmansah"): Text 'Anggi Firmansah' is set on object 'Object Repository/GoAmlReport/08 Identitas Orang Mewakili Transaksi/01/04 Nama Lengkap'

2020-09-02 12:51:44 - [MESSAGE][PASSED] - Text 'Anggi Firmansah' is set on object 'Object Repository/GoAmlReport/08 Identitas Orang Mewakili Transaksi/01/04 Nama Lengkap'

2020-09-02 12:51:44 - [TEST_STEP][PASSED] - setText(findTestObject("GoAmlReport/08 Identitas Orang Mewakili Transaksi/01/05 Tanggl Lahir"), "13-Mar-93"): Text '13-Mar-93' is set on object 'Object Repository/GoAmlReport/08 Identitas Orang Mewakili Transaksi/01/05 Tanggl Lahir'

2020-09-02 12:51:45 - [MESSAGE][PASSED] - Text '13-Mar-93' is set on object 'Object Repository/GoAmlReport/08 Identitas Orang Mewakili Transaksi/01/05 Tanggl Lahir'

2020-09-02 12:51:45 - [TEST_STEP][PASSED] - delay(3): Delayed 3 second(s)

2020-09-02 12:51:48 - [MESSAGE][PASSED] - Delayed 3 second(s)

2020-09-02 12:51:48 - [TEST_STEP][PASSED] - sendKeys(findTestObject("GoAmlReport/08 Identitas Orang Mewakili Transaksi/01/05 Tanggl Lahir"), Keys.chord(ENTER)): Keys 'ENTER + ' sent to object: 'Object Repository/GoAmlReport/08 Identitas Orang Mewakili Transaksi/01/05 Tanggl Lahir'

2020-09-02 12:51:48 - [MESSAGE][PASSED] - Keys 'ENTER + ' sent to object: 'Object Repository/GoAmlReport/08 Identitas Orang Mewakili Transaksi/01/05 Tanggl Lahir'

2020-09-02 12:51:48 - [TEST_STEP][PASSED] - setText(findTestObject("GoAmlReport/08 Identitas Orang Mewakili Transaksi/01/06 Tempat Lahir"), "Jakarta"): Text 'Jakarta' is set on object 'Object Repository/GoAmlReport/08 Identitas Orang Mewakili Transaksi/01/06 Tempat Lahir'

2020-09-02 12:51:49 - [MESSAGE][PASSED] - Text 'Jakarta' is set on object 'Object Repository/GoAmlReport/08 Identitas Orang Mewakili Transaksi/01/06 Tempat Lahir'

2020-09-02 12:51:49 - [TEST_STEP][PASSED] - setText(findTestObject("GoAmlReport/08 Identitas Orang Mewakili Transaksi/01/07 Nama Ibu Kandung"), "Ibu"): Text 'Ibu' is set on object 'Object Repository/GoAmlReport/08 Identitas Orang Mewakili Transaksi/01/07 Nama Ibu Kandung'

2020-09-02 12:51:49 - [MESSAGE][PASSED] - Text 'Ibu' is set on object 'Object Repository/GoAmlReport/08 Identitas Orang Mewakili Transaksi/01/07 Nama Ibu Kandung'

2020-09-02 12:51:49 - [TEST_STEP][PASSED] - setText(findTestObject("GoAmlReport/08 Identitas Orang Mewakili Transaksi/01/09 NIK"), "31333"): Text '31333' is set on object 'Object Repository/GoAmlReport/08 Identitas Orang Mewakili Transaksi/01/09 NIK'

2020-09-02 12:51:50 - [MESSAGE][PASSED] - Text '31333' is set on object 'Object Repository/GoAmlReport/08 Identitas Orang Mewakili Transaksi/01/09 NIK'

2020-09-02 12:51:50 - [TEST_STEP][PASSED] - setText(findTestObject("GoAmlReport/08 Identitas Orang Mewakili Transaksi/01/10 No Passpor"), "123444"): Text '123444' is set on object 'Object Repository/GoAmlReport/08 Identitas Orang Mewakili Transaksi/01/10 No Passpor'

2020-09-02 12:51:51 - [MESSAGE][PASSED] - Text '123444' is set on object 'Object Repository/GoAmlReport/08 Identitas Orang Mewakili Transaksi/01/10 No Passpor'

2020-09-02 12:51:51 - [TEST_STEP][PASSED] - setText(findTestObject("GoAmlReport/08 Identitas Orang Mewakili Transaksi/01/11 Negara Penerbit Paspor"), "Indonesia"): Text 'Indonesia' is set on object 'Object Repository/GoAmlReport/08 Identitas Orang Mewakili Transaksi/01/11 Negara Penerbit Paspor'

2020-09-02 12:51:52 - [MESSAGE][PASSED] - Text 'Indonesia' is set on object 'Object Repository/GoAmlReport/08 Identitas Orang Mewakili Transaksi/01/11 Negara Penerbit Paspor'

2020-09-02 12:51:52 - [TEST_STEP][PASSED] - delay(3): Delayed 3 second(s)

2020-09-02 12:51:55 - [MESSAGE][PASSED] - Delayed 3 second(s)

2020-09-02 12:51:55 - [TEST_STEP][PASSED] - sendKeys(findTestObject("GoAmlReport/08 Identitas Orang Mewakili Transaksi/01/11 Negara Penerbit Paspor"), Keys.chord(ENTER)): Keys 'ENTER + ' sent to object: 'Object Repository/GoAmlReport/08 Identitas Orang Mewakili Transaksi/01/11 Negara Penerbit Paspor'

2020-09-02 12:51:55 - [MESSAGE][PASSED] - Keys 'ENTER + ' sent to object: 'Object Repository/GoAmlReport/08 Identitas Orang Mewakili Transaksi/01/11 Negara Penerbit Paspor'

2020-09-02 12:51:55 - [TEST_STEP][PASSED] - setText(findTestObject("GoAmlReport/08 Identitas Orang Mewakili Transaksi/01/12 No Identitas Lain"), "555555555"): Text '555555555' is set on object 'Object Repository/GoAmlReport/08 Identitas Orang Mewakili Transaksi/01/12 No Identitas Lain'

2020-09-02 12:51:56 - [MESSAGE][PASSED] - Text '555555555' is set on object 'Object Repository/GoAmlReport/08 Identitas Orang Mewakili Transaksi/01/12 No Identitas Lain'

2020-09-02 12:51:56 - [TEST_STEP][PASSED] - setText(findTestObject("GoAmlReport/08 Identitas Orang Mewakili Transaksi/04/01 Kwrg 1"), "ID - INDONESIA"): Text 'ID - INDONESIA' is set on object 'Object Repository/GoAmlReport/08 Identitas Orang Mewakili Transaksi/04/01 Kwrg 1'

2020-09-02 12:51:57 - [MESSAGE][PASSED] - Text 'ID - INDONESIA' is set on object 'Object Repository/GoAmlReport/08 Identitas Orang Mewakili Transaksi/04/01 Kwrg 1'

2020-09-02 12:51:57 - [TEST_STEP][PASSED] - delay(3): Delayed 3 second(s)

2020-09-02 12:52:00 - [MESSAGE][PASSED] - Delayed 3 second(s)

2020-09-02 12:52:00 - [TEST_STEP][PASSED] - sendKeys(findTestObject("GoAmlReport/08 Identitas Orang Mewakili Transaksi/04/01 Kwrg 1"), Keys.chord(ENTER)): Keys 'ENTER + ' sent to object: 'Object Repository/GoAmlReport/08 Identitas Orang Mewakili Transaksi/04/01 Kwrg 1'

2020-09-02 12:52:00 - [MESSAGE][PASSED] - Keys 'ENTER + ' sent to object: 'Object Repository/GoAmlReport/08 Identitas Orang Mewakili Transaksi/04/01 Kwrg 1'

2020-09-02 12:52:00 - [TEST_STEP][PASSED] - setText(findTestObject("GoAmlReport/08 Identitas Orang Mewakili Transaksi/04/02 Kwrg 2"), "ID - INDONESIA"): Text 'ID - INDONESIA' is set on object 'Object Repository/GoAmlReport/08 Identitas Orang Mewakili Transaksi/04/02 Kwrg 2'

2020-09-02 12:52:01 - [MESSAGE][PASSED] - Text 'ID - INDONESIA' is set on object 'Object Repository/GoAmlReport/08 Identitas Orang Mewakili Transaksi/04/02 Kwrg 2'

2020-09-02 12:52:01 - [TEST_STEP][PASSED] - delay(3): Delayed 3 second(s)

2020-09-02 12:52:04 - [MESSAGE][PASSED] - Delayed 3 second(s)

2020-09-02 12:52:04 - [TEST_STEP][PASSED] - sendKeys(findTestObject("GoAmlReport/08 Identitas Orang Mewakili Transaksi/04/02 Kwrg 2"), Keys.chord(ENTER)): Keys 'ENTER + ' sent to object: 'Object Repository/GoAmlReport/08 Identitas Orang Mewakili Transaksi/04/02 Kwrg 2'

2020-09-02 12:52:04 - [MESSAGE][PASSED] - Keys 'ENTER + ' sent to object: 'Object Repository/GoAmlReport/08 Identitas Orang Mewakili Transaksi/04/02 Kwrg 2'

2020-09-02 12:52:04 - [TEST_STEP][PASSED] - setText(findTestObject("GoAmlReport/08 Identitas Orang Mewakili Transaksi/04/03 Kwrg 3"), "ID - INDONESIA"): Text 'ID - INDONESIA' is set on object 'Object Repository/GoAmlReport/08 Identitas Orang Mewakili Transaksi/04/03 Kwrg 3'

2020-09-02 12:52:05 - [MESSAGE][PASSED] - Text 'ID - INDONESIA' is set on object 'Object Repository/GoAmlReport/08 Identitas Orang Mewakili Transaksi/04/03 Kwrg 3'

2020-09-02 12:52:05 - [TEST_STEP][PASSED] - delay(3): Delayed 3 second(s)

2020-09-02 12:52:08 - [MESSAGE][PASSED] - Delayed 3 second(s)

2020-09-02 12:52:08 - [TEST_STEP][PASSED] - sendKeys(findTestObject("GoAmlReport/08 Identitas Orang Mewakili Transaksi/04/03 Kwrg 3"), Keys.chord(ENTER)): Keys 'ENTER + ' sent to object: 'Object Repository/GoAmlReport/08 Identitas Orang Mewakili Transaksi/04/03 Kwrg 3'

2020-09-02 12:52:09 - [MESSAGE][PASSED] - Keys 'ENTER + ' sent to object: 'Object Repository/GoAmlReport/08 Identitas Orang Mewakili Transaksi/04/03 Kwrg 3'

2020-09-02 12:52:09 - [TEST_STEP][PASSED] - delay(3): Delayed 3 second(s)

2020-09-02 12:52:12 - [MESSAGE][PASSED] - Delayed 3 second(s)

2020-09-02 12:52:12 - [TEST_STEP][PASSED] - sendKeys(findTestObject("GoAmlReport/08 Identitas Orang Mewakili Transaksi/04/04 Negara Domisili"), "ID - INDONESIA"): Keys 'ID - INDONESIA' sent to object: 'Object Repository/GoAmlReport/08 Identitas Orang Mewakili Transaksi/04/04 Negara Domisili'

2020-09-02 12:52:12 - [MESSAGE][PASSED] - Keys 'ID - INDONESIA' sent to object: 'Object Repository/GoAmlReport/08 Identitas Orang Mewakili Transaksi/04/04 Negara Domisili'

2020-09-02 12:52:12 - [TEST_STEP][PASSED] - delay(3): Delayed 3 second(s)

2020-09-02 12:52:15 - [MESSAGE][PASSED] - Delayed 3 second(s)

2020-09-02 12:52:15 - [TEST_STEP][PASSED] - sendKeys(findTestObject("GoAmlReport/08 Identitas Orang Mewakili Transaksi/04/04 Negara Domisili"), Keys.chord(ENTER)): Keys 'ENTER + ' sent to object: 'Object Repository/GoAmlReport/08 Identitas Orang Mewakili Transaksi/04/04 Negara Domisili'

2020-09-02 12:52:16 - [MESSAGE][PASSED] - Keys 'ENTER + ' sent to object: 'Object Repository/GoAmlReport/08 Identitas Orang Mewakili Transaksi/04/04 Negara Domisili'

2020-09-02 12:52:16 - [TEST_STEP][PASSED] - scrollToElement(findTestObject("GoAmlReport/08 Identitas Orang Mewakili Transaksi/04/10 Pekerjaa"), 3): Scroll to object 'Object Repository/GoAmlReport/08 Identitas Orang Mewakili Transaksi/04/10 Pekerjaa' successfully

2020-09-02 12:52:16 - [MESSAGE][PASSED] - Scroll to object 'Object Repository/GoAmlReport/08 Identitas Orang Mewakili Transaksi/04/10 Pekerjaa' successfully

2020-09-02 12:52:16 - [TEST_STEP][PASSED] - setText(findTestObject("GoAmlReport/08 Identitas Orang Mewakili Transaksi/04/10 Pekerjaa"), "IT IT an"): Text 'IT IT an' is set on object 'Object Repository/GoAmlReport/08 Identitas Orang Mewakili Transaksi/04/10 Pekerjaa'

2020-09-02 12:52:17 - [MESSAGE][PASSED] - Text 'IT IT an' is set on object 'Object Repository/GoAmlReport/08 Identitas Orang Mewakili Transaksi/04/10 Pekerjaa'

2020-09-02 12:52:17 - [TEST_STEP][PASSED] - scrollToElement(findTestObject("GoAmlReport/08 Identitas Orang Mewakili Transaksi/04/11 Tempat Bekerja"), 3): Scroll to object 'Object Repository/GoAmlReport/08 Identitas Orang Mewakili Transaksi/04/11 Tempat Bekerja' successfully

2020-09-02 12:52:17 - [MESSAGE][PASSED] - Scroll to object 'Object Repository/GoAmlReport/08 Identitas Orang Mewakili Transaksi/04/11 Tempat Bekerja' successfully

2020-09-02 12:52:17 - [TEST_STEP][PASSED] - setText(findTestObject("GoAmlReport/08 Identitas Orang Mewakili Transaksi/04/11 Tempat Bekerja"), "JAKARTA"): Text 'JAKARTA' is set on object 'Object Repository/GoAmlReport/08 Identitas Orang Mewakili Transaksi/04/11 Tempat Bekerja'

2020-09-02 12:52:18 - [MESSAGE][PASSED] - Text 'JAKARTA' is set on object 'Object Repository/GoAmlReport/08 Identitas Orang Mewakili Transaksi/04/11 Tempat Bekerja'

2020-09-02 12:52:18 - [TEST_STEP][PASSED] - setText(findTestObject("GoAmlReport/08 Identitas Orang Mewakili Transaksi/07/10 Sumber Dana"), "Maling"): Text 'Maling' is set on object 'Object Repository/GoAmlReport/08 Identitas Orang Mewakili Transaksi/07/10 Sumber Dana'

2020-09-02 12:52:19 - [MESSAGE][PASSED] - Text 'Maling' is set on object 'Object Repository/GoAmlReport/08 Identitas Orang Mewakili Transaksi/07/10 Sumber Dana'

2020-09-02 12:52:19 - [TEST_STEP][PASSED] - setText(findTestObject("GoAmlReport/08 Identitas Orang Mewakili Transaksi/07/11 Catatan"), "tydacc addacc"): Text 'tydacc addacc' is set on object 'Object Repository/GoAmlReport/08 Identitas Orang Mewakili Transaksi/07/11 Catatan'

2020-09-02 12:52:19 - [MESSAGE][PASSED] - Text 'tydacc addacc' is set on object 'Object Repository/GoAmlReport/08 Identitas Orang Mewakili Transaksi/07/11 Catatan'

2020-09-02 12:52:19 - [TEST_STEP][PASSED] - scrollToElement(findTestObject("GoAmlReport/08 Identitas Orang Mewakili Transaksi/02/01 Add"), 3): Scroll to object 'Object Repository/GoAmlReport/08 Identitas Orang Mewakili Transaksi/02/01 Add' successfully

2020-09-02 12:52:20 - [MESSAGE][PASSED] - Scroll to object 'Object Repository/GoAmlReport/08 Identitas Orang Mewakili Transaksi/02/01 Add' successfully

2020-09-02 12:52:20 - [TEST_STEP][PASSED] - click(findTestObject("GoAmlReport/08 Identitas Orang Mewakili Transaksi/02/01 Add")): Object: 'Object Repository/GoAmlReport/08 Identitas Orang Mewakili Transaksi/02/01 Add' is clicked on

2020-09-02 12:52:20 - [MESSAGE][PASSED] - Object: 'Object Repository/GoAmlReport/08 Identitas Orang Mewakili Transaksi/02/01 Add' is clicked on

2020-09-02 12:52:20 - [TEST_STEP][PASSED] - delay(5): Delayed 5 second(s)

2020-09-02 12:52:25 - [MESSAGE][PASSED] - Delayed 5 second(s)

2020-09-02 12:52:25 - [TEST_STEP][PASSED] - setText(findTestObject("GoAmlReport/08 Identitas Orang Mewakili Transaksi/02/02 Kategori Kontak"), "D - Domisili"): Text 'D - Domisili' is set on object 'Object Repository/GoAmlReport/08 Identitas Orang Mewakili Transaksi/02/02 Kategori Kontak'

2020-09-02 12:52:26 - [MESSAGE][PASSED] - Text 'D - Domisili' is set on object 'Object Repository/GoAmlReport/08 Identitas Orang Mewakili Transaksi/02/02 Kategori Kontak'

2020-09-02 12:52:26 - [TEST_STEP][PASSED] - delay(3): Delayed 3 second(s)

2020-09-02 12:52:29 - [MESSAGE][PASSED] - Delayed 3 second(s)

2020-09-02 12:52:29 - [TEST_STEP][PASSED] - sendKeys(findTestObject("GoAmlReport/08 Identitas Orang Mewakili Transaksi/02/02 Kategori Kontak"), Keys.chord(ENTER)): Keys 'ENTER + ' sent to object: 'Object Repository/GoAmlReport/08 Identitas Orang Mewakili Transaksi/02/02 Kategori Kontak'

2020-09-02 12:52:30 - [MESSAGE][PASSED] - Keys 'ENTER + ' sent to object: 'Object Repository/GoAmlReport/08 Identitas Orang Mewakili Transaksi/02/02 Kategori Kontak'

2020-09-02 12:52:30 - [TEST_STEP][PASSED] - setText(findTestObject("GoAmlReport/08 Identitas Orang Mewakili Transaksi/02/03 Alat Komunikasi"), "PSTN - PSTN"): Text 'PSTN - PSTN' is set on object 'Object Repository/GoAmlReport/08 Identitas Orang Mewakili Transaksi/02/03 Alat Komunikasi'

2020-09-02 12:52:30 - [MESSAGE][PASSED] - Text 'PSTN - PSTN' is set on object 'Object Repository/GoAmlReport/08 Identitas Orang Mewakili Transaksi/02/03 Alat Komunikasi'

2020-09-02 12:52:30 - [TEST_STEP][PASSED] - delay(3): Delayed 3 second(s)

2020-09-02 12:52:33 - [MESSAGE][PASSED] - Delayed 3 second(s)

2020-09-02 12:52:33 - [TEST_STEP][PASSED] - sendKeys(findTestObject("GoAmlReport/08 Identitas Orang Mewakili Transaksi/02/03 Alat Komunikasi"), Keys.chord(ENTER)): Keys 'ENTER + ' sent to object: 'Object Repository/GoAmlReport/08 Identitas Orang Mewakili Transaksi/02/03 Alat Komunikasi'

2020-09-02 12:52:34 - [MESSAGE][PASSED] - Keys 'ENTER + ' sent to object: 'Object Repository/GoAmlReport/08 Identitas Orang Mewakili Transaksi/02/03 Alat Komunikasi'

2020-09-02 12:52:34 - [TEST_STEP][PASSED] - setText(findTestObject("GoAmlReport/08 Identitas Orang Mewakili Transaksi/02/05 Nomor Telepon"), "0986745632"): Text '0986745632' is set on object 'Object Repository/GoAmlReport/08 Identitas Orang Mewakili Transaksi/02/05 Nomor Telepon'

2020-09-02 12:52:34 - [MESSAGE][PASSED] - Text '0986745632' is set on object 'Object Repository/GoAmlReport/08 Identitas Orang Mewakili Transaksi/02/05 Nomor Telepon'

2020-09-02 12:52:34 - [TEST_STEP][PASSED] - delay(2): Delayed 2 second(s)

2020-09-02 12:52:36 - [MESSAGE][PASSED] - Delayed 2 second(s)

2020-09-02 12:52:36 - [TEST_STEP][PASSED] - scrollToElement(findTestObject("GoAmlReport/08 Identitas Orang Mewakili Transaksi/02/08 Save"), 3): Scroll to object 'Object Repository/GoAmlReport/08 Identitas Orang Mewakili Transaksi/02/08 Save' successfully

2020-09-02 12:52:37 - [MESSAGE][PASSED] - Scroll to object 'Object Repository/GoAmlReport/08 Identitas Orang Mewakili Transaksi/02/08 Save' successfully

2020-09-02 12:52:37 - [TEST_STEP][PASSED] - click(findTestObject("GoAmlReport/08 Identitas Orang Mewakili Transaksi/02/08 Save")): Object: 'Object Repository/GoAmlReport/08 Identitas Orang Mewakili Transaksi/02/08 Save' is clicked on

2020-09-02 12:52:37 - [MESSAGE][PASSED] - Object: 'Object Repository/GoAmlReport/08 Identitas Orang Mewakili Transaksi/02/08 Save' is clicked on

2020-09-02 12:52:38 - [TEST_STEP][PASSED] - delay(5): Delayed 5 second(s)

2020-09-02 12:52:43 - [MESSAGE][PASSED] - Delayed 5 second(s)

2020-09-02 12:52:43 - [TEST_STEP][PASSED] - scrollToElement(findTestObject("GoAmlReport/08 Identitas Orang Mewakili Transaksi/03/01 Add"), 3): Scroll to object 'Object Repository/GoAmlReport/08 Identitas Orang Mewakili Transaksi/03/01 Add' successfully

2020-09-02 12:52:43 - [MESSAGE][PASSED] - Scroll to object 'Object Repository/GoAmlReport/08 Identitas Orang Mewakili Transaksi/03/01 Add' successfully

2020-09-02 12:52:43 - [TEST_STEP][PASSED] - click(findTestObject("GoAmlReport/08 Identitas Orang Mewakili Transaksi/03/01 Add")): Object: 'Object Repository/GoAmlReport/08 Identitas Orang Mewakili Transaksi/03/01 Add' is clicked on

2020-09-02 12:52:43 - [MESSAGE][PASSED] - Object: 'Object Repository/GoAmlReport/08 Identitas Orang Mewakili Transaksi/03/01 Add' is clicked on

2020-09-02 12:52:43 - [TEST_STEP][PASSED] - delay(5): Delayed 5 second(s)

2020-09-02 12:52:48 - [MESSAGE][PASSED] - Delayed 5 second(s)

2020-09-02 12:52:48 - [TEST_STEP][PASSED] - setText(findTestObject("GoAmlReport/08 Identitas Orang Mewakili Transaksi/03/02 Tipe Alamat"), "D - Domisili"): Text 'D - Domisili' is set on object 'Object Repository/GoAmlReport/08 Identitas Orang Mewakili Transaksi/03/02 Tipe Alamat'

2020-09-02 12:52:49 - [MESSAGE][PASSED] - Text 'D - Domisili' is set on object 'Object Repository/GoAmlReport/08 Identitas Orang Mewakili Transaksi/03/02 Tipe Alamat'

2020-09-02 12:52:49 - [TEST_STEP][PASSED] - delay(5): Delayed 5 second(s)

2020-09-02 12:52:54 - [MESSAGE][PASSED] - Delayed 5 second(s)

2020-09-02 12:52:54 - [TEST_STEP][PASSED] - sendKeys(findTestObject("GoAmlReport/08 Identitas Orang Mewakili Transaksi/03/02 Tipe Alamat"), Keys.chord(ENTER)): Keys 'ENTER + ' sent to object: 'Object Repository/GoAmlReport/08 Identitas Orang Mewakili Transaksi/03/02 Tipe Alamat'

2020-09-02 12:52:55 - [MESSAGE][PASSED] - Keys 'ENTER + ' sent to object: 'Object Repository/GoAmlReport/08 Identitas Orang Mewakili Transaksi/03/02 Tipe Alamat'

2020-09-02 12:52:55 - [TEST_STEP][PASSED] - setText(findTestObject("GoAmlReport/08 Identitas Orang Mewakili Transaksi/03/03 Alamat"), "Jl. sdhjsadkjsnadklsandkjasd"): Text 'Jl. sdhjsadkjsnadklsandkjasd' is set on object 'Object Repository/GoAmlReport/08 Identitas Orang Mewakili Transaksi/03/03 Alamat'

2020-09-02 12:52:55 - [MESSAGE][PASSED] - Text 'Jl. sdhjsadkjsnadklsandkjasd' is set on object 'Object Repository/GoAmlReport/08 Identitas Orang Mewakili Transaksi/03/03 Alamat'

2020-09-02 12:52:55 - [TEST_STEP][PASSED] - setText(findTestObject("GoAmlReport/08 Identitas Orang Mewakili Transaksi/03/05 Kota"), "Jakarta"): Text 'Jakarta' is set on object 'Object Repository/GoAmlReport/08 Identitas Orang Mewakili Transaksi/03/05 Kota'

2020-09-02 12:52:56 - [MESSAGE][PASSED] - Text 'Jakarta' is set on object 'Object Repository/GoAmlReport/08 Identitas Orang Mewakili Transaksi/03/05 Kota'

2020-09-02 12:52:56 - [TEST_STEP][PASSED] - setText(findTestObject("GoAmlReport/08 Identitas Orang Mewakili Transaksi/03/07 Negara"), "ID - INDONESIA"): Text 'ID - INDONESIA' is set on object 'Object Repository/GoAmlReport/08 Identitas Orang Mewakili Transaksi/03/07 Negara'

2020-09-02 12:52:57 - [MESSAGE][PASSED] - Text 'ID - INDONESIA' is set on object 'Object Repository/GoAmlReport/08 Identitas Orang Mewakili Transaksi/03/07 Negara'

2020-09-02 12:52:57 - [TEST_STEP][PASSED] - delay(3): Delayed 3 second(s)

2020-09-02 12:53:00 - [MESSAGE][PASSED] - Delayed 3 second(s)

2020-09-02 12:53:00 - [TEST_STEP][PASSED] - sendKeys(findTestObject("GoAmlReport/08 Identitas Orang Mewakili Transaksi/03/07 Negara"), Keys.chord(ENTER)): Keys 'ENTER + ' sent to object: 'Object Repository/GoAmlReport/08 Identitas Orang Mewakili Transaksi/03/07 Negara'

2020-09-02 12:53:00 - [MESSAGE][PASSED] - Keys 'ENTER + ' sent to object: 'Object Repository/GoAmlReport/08 Identitas Orang Mewakili Transaksi/03/07 Negara'

2020-09-02 12:53:00 - [TEST_STEP][PASSED] - delay(2): Delayed 2 second(s)

2020-09-02 12:53:02 - [MESSAGE][PASSED] - Delayed 2 second(s)

2020-09-02 12:53:02 - [TEST_STEP][PASSED] - click(findTestObject("GoAmlReport/08 Identitas Orang Mewakili Transaksi/03/10 Save")): Object: 'Object Repository/GoAmlReport/08 Identitas Orang Mewakili Transaksi/03/10 Save' is clicked on

2020-09-02 12:53:03 - [MESSAGE][PASSED] - Object: 'Object Repository/GoAmlReport/08 Identitas Orang Mewakili Transaksi/03/10 Save' is clicked on

2020-09-02 12:53:03 - [TEST_STEP][PASSED] - delay(2): Delayed 2 second(s)

2020-09-02 12:53:05 - [MESSAGE][PASSED] - Delayed 2 second(s)

2020-09-02 12:53:05 - [TEST_STEP][PASSED] - scrollToElement(findTestObject("GoAmlReport/08 Identitas Orang Mewakili Transaksi/05/01 Add"), 3): Scroll to object 'Object Repository/GoAmlReport/08 Identitas Orang Mewakili Transaksi/05/01 Add' successfully

2020-09-02 12:53:05 - [MESSAGE][PASSED] - Scroll to object 'Object Repository/GoAmlReport/08 Identitas Orang Mewakili Transaksi/05/01 Add' successfully

2020-09-02 12:53:05 - [TEST_STEP][PASSED] - click(findTestObject("GoAmlReport/08 Identitas Orang Mewakili Transaksi/05/01 Add")): Object: 'Object Repository/GoAmlReport/08 Identitas Orang Mewakili Transaksi/05/01 Add' is clicked on

2020-09-02 12:53:06 - [MESSAGE][PASSED] - Object: 'Object Repository/GoAmlReport/08 Identitas Orang Mewakili Transaksi/05/01 Add' is clicked on

2020-09-02 12:53:06 - [TEST_STEP][PASSED] - delay(5): Delayed 5 second(s)

2020-09-02 12:53:11 - [MESSAGE][PASSED] - Delayed 5 second(s)

2020-09-02 12:53:11 - [TEST_STEP][PASSED] - setText(findTestObject("GoAmlReport/08 Identitas Orang Mewakili Transaksi/05/02 Tipe Alamat"), "K - Kantor"): Text 'K - Kantor' is set on object 'Object Repository/GoAmlReport/08 Identitas Orang Mewakili Transaksi/05/02 Tipe Alamat'

2020-09-02 12:53:12 - [MESSAGE][PASSED] - Text 'K - Kantor' is set on object 'Object Repository/GoAmlReport/08 Identitas Orang Mewakili Transaksi/05/02 Tipe Alamat'

2020-09-02 12:53:12 - [TEST_STEP][PASSED] - delay(3): Delayed 3 second(s)

2020-09-02 12:53:15 - [MESSAGE][PASSED] - Delayed 3 second(s)

2020-09-02 12:53:15 - [TEST_STEP][PASSED] - sendKeys(findTestObject("GoAmlReport/08 Identitas Orang Mewakili Transaksi/05/02 Tipe Alamat"), Keys.chord(ENTER)): Keys 'ENTER + ' sent to object: 'Object Repository/GoAmlReport/08 Identitas Orang Mewakili Transaksi/05/02 Tipe Alamat'

2020-09-02 12:53:15 - [MESSAGE][PASSED] - Keys 'ENTER + ' sent to object: 'Object Repository/GoAmlReport/08 Identitas Orang Mewakili Transaksi/05/02 Tipe Alamat'

2020-09-02 12:53:15 - [TEST_STEP][PASSED] - setText(findTestObject("GoAmlReport/08 Identitas Orang Mewakili Transaksi/05/03 Alamat"), "Tangerang"): Text 'Tangerang' is set on object 'Object Repository/GoAmlReport/08 Identitas Orang Mewakili Transaksi/05/03 Alamat'

2020-09-02 12:53:16 - [MESSAGE][PASSED] - Text 'Tangerang' is set on object 'Object Repository/GoAmlReport/08 Identitas Orang Mewakili Transaksi/05/03 Alamat'

2020-09-02 12:53:16 - [TEST_STEP][PASSED] - setText(findTestObject("GoAmlReport/08 Identitas Orang Mewakili Transaksi/05/05 Kota"), "Tgrng"): Text 'Tgrng' is set on object 'Object Repository/GoAmlReport/08 Identitas Orang Mewakili Transaksi/05/05 Kota'

2020-09-02 12:53:16 - [MESSAGE][PASSED] - Text 'Tgrng' is set on object 'Object Repository/GoAmlReport/08 Identitas Orang Mewakili Transaksi/05/05 Kota'

2020-09-02 12:53:16 - [TEST_STEP][PASSED] - setText(findTestObject("GoAmlReport/08 Identitas Orang Mewakili Transaksi/05/07 Negara"), "ID - INDONESIA"): Text 'ID - INDONESIA' is set on object 'Object Repository/GoAmlReport/08 Identitas Orang Mewakili Transaksi/05/07 Negara'

2020-09-02 12:53:17 - [MESSAGE][PASSED] - Text 'ID - INDONESIA' is set on object 'Object Repository/GoAmlReport/08 Identitas Orang Mewakili Transaksi/05/07 Negara'

2020-09-02 12:53:17 - [TEST_STEP][PASSED] - delay(3): Delayed 3 second(s)

2020-09-02 12:53:20 - [MESSAGE][PASSED] - Delayed 3 second(s)

2020-09-02 12:53:20 - [TEST_STEP][PASSED] - sendKeys(findTestObject("GoAmlReport/08 Identitas Orang Mewakili Transaksi/05/07 Negara"), Keys.chord(ENTER)): Keys 'ENTER + ' sent to object: 'Object Repository/GoAmlReport/08 Identitas Orang Mewakili Transaksi/05/07 Negara'

2020-09-02 12:53:20 - [MESSAGE][PASSED] - Keys 'ENTER + ' sent to object: 'Object Repository/GoAmlReport/08 Identitas Orang Mewakili Transaksi/05/07 Negara'

2020-09-02 12:53:20 - [TEST_STEP][PASSED] - click(findTestObject("GoAmlReport/08 Identitas Orang Mewakili Transaksi/05/10 Save")): Object: 'Object Repository/GoAmlReport/08 Identitas Orang Mewakili Transaksi/05/10 Save' is clicked on

2020-09-02 12:53:21 - [MESSAGE][PASSED] - Object: 'Object Repository/GoAmlReport/08 Identitas Orang Mewakili Transaksi/05/10 Save' is clicked on

2020-09-02 12:53:21 - [TEST_STEP][PASSED] - delay(3): Delayed 3 second(s)

2020-09-02 12:53:24 - [MESSAGE][PASSED] - Delayed 3 second(s)

2020-09-02 12:53:24 - [TEST_STEP][PASSED] - scrollToElement(findTestObject("GoAmlReport/08 Identitas Orang Mewakili Transaksi/06/01 Add"), 3): Scroll to object 'Object Repository/GoAmlReport/08 Identitas Orang Mewakili Transaksi/06/01 Add' successfully

2020-09-02 12:53:24 - [MESSAGE][PASSED] - Scroll to object 'Object Repository/GoAmlReport/08 Identitas Orang Mewakili Transaksi/06/01 Add' successfully

2020-09-02 12:53:24 - [TEST_STEP][PASSED] - click(findTestObject("GoAmlReport/08 Identitas Orang Mewakili Transaksi/06/01 Add")): Object: 'Object Repository/GoAmlReport/08 Identitas Orang Mewakili Transaksi/06/01 Add' is clicked on

2020-09-02 12:53:25 - [MESSAGE][PASSED] - Object: 'Object Repository/GoAmlReport/08 Identitas Orang Mewakili Transaksi/06/01 Add' is clicked on

2020-09-02 12:53:25 - [TEST_STEP][PASSED] - delay(3): Delayed 3 second(s)

2020-09-02 12:53:28 - [MESSAGE][PASSED] - Delayed 3 second(s)

2020-09-02 12:53:28 - [TEST_STEP][PASSED] - setText(findTestObject("GoAmlReport/08 Identitas Orang Mewakili Transaksi/06/02 Kategori Kontak"), "R - Rumah"): Text 'R - Rumah' is set on object 'Object Repository/GoAmlReport/08 Identitas Orang Mewakili Transaksi/06/02 Kategori Kontak'

2020-09-02 12:53:29 - [MESSAGE][PASSED] - Text 'R - Rumah' is set on object 'Object Repository/GoAmlReport/08 Identitas Orang Mewakili Transaksi/06/02 Kategori Kontak'

2020-09-02 12:53:29 - [TEST_STEP][PASSED] - delay(3): Delayed 3 second(s)

2020-09-02 12:53:32 - [MESSAGE][PASSED] - Delayed 3 second(s)

2020-09-02 12:53:32 - [TEST_STEP][PASSED] - sendKeys(findTestObject("GoAmlReport/08 Identitas Orang Mewakili Transaksi/06/02 Kategori Kontak"), Keys.chord(ENTER)): Keys 'ENTER + ' sent to object: 'Object Repository/GoAmlReport/08 Identitas Orang Mewakili Transaksi/06/02 Kategori Kontak'

2020-09-02 12:53:32 - [MESSAGE][PASSED] - Keys 'ENTER + ' sent to object: 'Object Repository/GoAmlReport/08 Identitas Orang Mewakili Transaksi/06/02 Kategori Kontak'

2020-09-02 12:53:32 - [TEST_STEP][PASSED] - setText(findTestObject("GoAmlReport/08 Identitas Orang Mewakili Transaksi/06/03 Alat Komunikasi"), "MOB - Mobile"): Text 'MOB - Mobile' is set on object 'Object Repository/GoAmlReport/08 Identitas Orang Mewakili Transaksi/06/03 Alat Komunikasi'

2020-09-02 12:53:33 - [MESSAGE][PASSED] - Text 'MOB - Mobile' is set on object 'Object Repository/GoAmlReport/08 Identitas Orang Mewakili Transaksi/06/03 Alat Komunikasi'

2020-09-02 12:53:33 - [TEST_STEP][PASSED] - delay(3): Delayed 3 second(s)

2020-09-02 12:53:36 - [MESSAGE][PASSED] - Delayed 3 second(s)

2020-09-02 12:53:36 - [TEST_STEP][PASSED] - sendKeys(findTestObject("GoAmlReport/08 Identitas Orang Mewakili Transaksi/06/03 Alat Komunikasi"), Keys.chord(ENTER)): Keys 'ENTER + ' sent to object: 'Object Repository/GoAmlReport/08 Identitas Orang Mewakili Transaksi/06/03 Alat Komunikasi'

2020-09-02 12:53:36 - [MESSAGE][PASSED] - Keys 'ENTER + ' sent to object: 'Object Repository/GoAmlReport/08 Identitas Orang Mewakili Transaksi/06/03 Alat Komunikasi'

2020-09-02 12:53:36 - [TEST_STEP][PASSED] - setText(findTestObject("GoAmlReport/08 Identitas Orang Mewakili Transaksi/06/04 Nomor Telepon"), "089234789233"): Text '089234789233' is set on object 'Object Repository/GoAmlReport/08 Identitas Orang Mewakili Transaksi/06/04 Nomor Telepon'

2020-09-02 12:53:37 - [MESSAGE][PASSED] - Text '089234789233' is set on object 'Object Repository/GoAmlReport/08 Identitas Orang Mewakili Transaksi/06/04 Nomor Telepon'

2020-09-02 12:53:37 - [TEST_STEP][PASSED] - click(findTestObject("GoAmlReport/08 Identitas Orang Mewakili Transaksi/06/07 Save"), STOP_ON_FAILURE): Object: 'Object Repository/GoAmlReport/08 Identitas Orang Mewakili Transaksi/06/07 Save' is clicked on

2020-09-02 12:53:38 - [MESSAGE][PASSED] - Object: 'Object Repository/GoAmlReport/08 Identitas Orang Mewakili Transaksi/06/07 Save' is clicked on

2020-09-02 12:53:38 - [TEST_STEP][PASSED] - delay(3): Delayed 3 second(s)

2020-09-02 12:53:41 - [MESSAGE][PASSED] - Delayed 3 second(s)

2020-09-02 12:53:41 - [TEST_STEP][PASSED] - scrollToElement(findTestObject("GoAmlReport/08 Identitas Orang Mewakili Transaksi/07/01 Add"), 3): Scroll to object 'Object Repository/GoAmlReport/08 Identitas Orang Mewakili Transaksi/07/01 Add' successfully

2020-09-02 12:53:41 - [MESSAGE][PASSED] - Scroll to object 'Object Repository/GoAmlReport/08 Identitas Orang Mewakili Transaksi/07/01 Add' successfully

2020-09-02 12:53:41 - [TEST_STEP][PASSED] - click(findTestObject("GoAmlReport/08 Identitas Orang Mewakili Transaksi/07/01 Add")): Object: 'Object Repository/GoAmlReport/08 Identitas Orang Mewakili Transaksi/07/01 Add' is clicked on

2020-09-02 12:53:42 - [MESSAGE][PASSED] - Object: 'Object Repository/GoAmlReport/08 Identitas Orang Mewakili Transaksi/07/01 Add' is clicked on

2020-09-02 12:53:42 - [TEST_STEP][PASSED] - delay(3): Delayed 3 second(s)

2020-09-02 12:53:45 - [MESSAGE][PASSED] - Delayed 3 second(s)

2020-09-02 12:53:45 - [TEST_STEP][PASSED] - setText(findTestObject("GoAmlReport/08 Identitas Orang Mewakili Transaksi/07/02 Jenis Dokumen Identitas"), "SUKET - Surat Keterangan Kependudukan"): Text 'SUKET - Surat Keterangan Kependudukan' is set on object 'Object Repository/GoAmlReport/08 Identitas Orang Mewakili Transaksi/07/02 Jenis Dokumen Identitas'

2020-09-02 12:53:46 - [MESSAGE][PASSED] - Text 'SUKET - Surat Keterangan Kependudukan' is set on object 'Object Repository/GoAmlReport/08 Identitas Orang Mewakili Transaksi/07/02 Jenis Dokumen Identitas'

2020-09-02 12:53:46 - [TEST_STEP][PASSED] - delay(3): Delayed 3 second(s)

2020-09-02 12:53:49 - [MESSAGE][PASSED] - Delayed 3 second(s)

2020-09-02 12:53:49 - [TEST_STEP][PASSED] - sendKeys(findTestObject("GoAmlReport/08 Identitas Orang Mewakili Transaksi/07/02 Jenis Dokumen Identitas"), Keys.chord(ENTER)): Keys 'ENTER + ' sent to object: 'Object Repository/GoAmlReport/08 Identitas Orang Mewakili Transaksi/07/02 Jenis Dokumen Identitas'

2020-09-02 12:53:49 - [MESSAGE][PASSED] - Keys 'ENTER + ' sent to object: 'Object Repository/GoAmlReport/08 Identitas Orang Mewakili Transaksi/07/02 Jenis Dokumen Identitas'

2020-09-02 12:53:49 - [TEST_STEP][PASSED] - setText(findTestObject("GoAmlReport/08 Identitas Orang Mewakili Transaksi/07/02 No Identitas"), "12321444"): Text '12321444' is set on object 'Object Repository/GoAmlReport/08 Identitas Orang Mewakili Transaksi/07/02 No Identitas'

2020-09-02 12:53:50 - [MESSAGE][PASSED] - Text '12321444' is set on object 'Object Repository/GoAmlReport/08 Identitas Orang Mewakili Transaksi/07/02 No Identitas'

2020-09-02 12:53:50 - [TEST_STEP][PASSED] - setText(findTestObject("GoAmlReport/08 Identitas Orang Mewakili Transaksi/07/06 Negara Penerbit Identitas"), "ID - INDONESIA"): Text 'ID - INDONESIA' is set on object 'Object Repository/GoAmlReport/08 Identitas Orang Mewakili Transaksi/07/06 Negara Penerbit Identitas'

2020-09-02 12:53:51 - [MESSAGE][PASSED] - Text 'ID - INDONESIA' is set on object 'Object Repository/GoAmlReport/08 Identitas Orang Mewakili Transaksi/07/06 Negara Penerbit Identitas'

2020-09-02 12:53:51 - [TEST_STEP][PASSED] - delay(3): Delayed 3 second(s)

2020-09-02 12:53:54 - [MESSAGE][PASSED] - Delayed 3 second(s)

2020-09-02 12:53:54 - [TEST_STEP][PASSED] - sendKeys(findTestObject("GoAmlReport/08 Identitas Orang Mewakili Transaksi/07/06 Negara Penerbit Identitas"), Keys.chord(ENTER)): Keys 'ENTER + ' sent to object: 'Object Repository/GoAmlReport/08 Identitas Orang Mewakili Transaksi/07/06 Negara Penerbit Identitas'

2020-09-02 12:53:54 - [MESSAGE][PASSED] - Keys 'ENTER + ' sent to object: 'Object Repository/GoAmlReport/08 Identitas Orang Mewakili Transaksi/07/06 Negara Penerbit Identitas'

2020-09-02 12:53:54 - [TEST_STEP][PASSED] - click(findTestObject("GoAmlReport/08 Identitas Orang Mewakili Transaksi/07/08 Save"), STOP_ON_FAILURE): Object: 'Object Repository/GoAmlReport/08 Identitas Orang Mewakili Transaksi/07/08 Save' is clicked on

2020-09-02 12:53:55 - [MESSAGE][PASSED] - Object: 'Object Repository/GoAmlReport/08 Identitas Orang Mewakili Transaksi/07/08 Save' is clicked on

2020-09-02 12:53:55 - [MESSAGE][PASSED] - Call Test Case 'Test Cases/Identitas Orang Mewakili Transaksi' successfully

2020-09-02 12:53:55 - [TEST_STEP][PASSED] - callTestCase(findTestCase("GoAML Report 4"), [:], STOP_ON_FAILURE): Call Test Case 'Test Cases/GoAML Report 4' successfully

2020-09-02 12:53:55 - [TEST_CASE][PASSED] - Test Cases/GoAML Report 4: Test Cases/GoAML Report 4

2020-09-02 12:53:55 - [TEST_STEP][PASSED] - for ([rowNum = 1, rowNum <= findTestData("GoAMLReport/Transaksi").getRowNumbers(), (rowNum++)]): Delayed 2 second(s)

2020-09-02 12:53:55 - [TEST_STEP][PASSED] - delay(6): Delayed 6 second(s)

2020-09-02 12:54:01 - [MESSAGE][PASSED] - Delayed 6 second(s)

2020-09-02 12:54:01 - [TEST_STEP][PASSED] - if (findTestData("GoAMLReport/Transaksi").getValue(1, rowNum) == "true"): Keys 'ENTER + ' sent to object: 'Object Repository/GoAmlReport/03 Identitas Pengirim/07 Negara Trx Asal'

2020-09-02 12:54:01 - [TEST_STEP][PASSED] - if (findTestData("GoAMLReport/Transaksi").getValue(6, rowNum) == "true"): null

2020-09-02 12:54:01 - [TEST_STEP][PASSED] - if (findTestData("GoAMLReport/Transaksi").getValue(7, rowNum) == "uang tunai"): Keys 'ENTER + ' sent to object: 'Object Repository/GoAmlReport/03 Identitas Pengirim/02 Ins Trx Asal'

2020-09-02 12:54:01 - [TEST_STEP][PASSED] - setText(findTestObject("GoAmlReport/03 Identitas Pengirim/02 Ins Trx Asal"), "Uang Tunai"): Text 'Uang Tunai' is set on object 'Object Repository/GoAmlReport/03 Identitas Pengirim/02 Ins Trx Asal'

2020-09-02 12:54:02 - [MESSAGE][PASSED] - Text 'Uang Tunai' is set on object 'Object Repository/GoAmlReport/03 Identitas Pengirim/02 Ins Trx Asal'

2020-09-02 12:54:02 - [TEST_STEP][PASSED] - delay(3): Delayed 3 second(s)

2020-09-02 12:54:05 - [MESSAGE][PASSED] - Delayed 3 second(s)

2020-09-02 12:54:05 - [TEST_STEP][PASSED] - sendKeys(findTestObject("GoAmlReport/03 Identitas Pengirim/02 Ins Trx Asal"), Keys.chord(ENTER)): Keys 'ENTER + ' sent to object: 'Object Repository/GoAmlReport/03 Identitas Pengirim/02 Ins Trx Asal'

2020-09-02 12:54:06 - [MESSAGE][PASSED] - Keys 'ENTER + ' sent to object: 'Object Repository/GoAmlReport/03 Identitas Pengirim/02 Ins Trx Asal'

2020-09-02 12:54:06 - [TEST_STEP][PASSED] - if (findTestData("GoAMLReport/Transaksi").getValue(7, rowNum) == "rekening"): null

2020-09-02 12:54:06 - [TEST_STEP][PASSED] - setText(findTestObject("GoAmlReport/03 Identitas Pengirim/05 Nominal Valas"), "500000"): Text '500000' is set on object 'Object Repository/GoAmlReport/03 Identitas Pengirim/05 Nominal Valas'

2020-09-02 12:54:06 - [MESSAGE][PASSED] - Text '500000' is set on object 'Object Repository/GoAmlReport/03 Identitas Pengirim/05 Nominal Valas'

2020-09-02 12:54:06 - [TEST_STEP][PASSED] - delay(3): Delayed 3 second(s)

2020-09-02 12:54:09 - [MESSAGE][PASSED] - Delayed 3 second(s)

2020-09-02 12:54:09 - [TEST_STEP][PASSED] - setText(findTestObject("GoAmlReport/03 Identitas Pengirim/06 Kurs"), "nope"): Text 'nope' is set on object 'Object Repository/GoAmlReport/03 Identitas Pengirim/06 Kurs'

2020-09-02 12:54:10 - [MESSAGE][PASSED] - Text 'nope' is set on object 'Object Repository/GoAmlReport/03 Identitas Pengirim/06 Kurs'

2020-09-02 12:54:10 - [TEST_STEP][PASSED] - setText(findTestObject("GoAmlReport/03 Identitas Pengirim/999 Mata Uang Asing"), "INR - Indian Rupee"): Text 'INR - Indian Rupee' is set on object 'Object Repository/GoAmlReport/03 Identitas Pengirim/999 Mata Uang Asing'

2020-09-02 12:54:11 - [MESSAGE][PASSED] - Text 'INR - Indian Rupee' is set on object 'Object Repository/GoAmlReport/03 Identitas Pengirim/999 Mata Uang Asing'

2020-09-02 12:54:11 - [TEST_STEP][PASSED] - delay(3): Delayed 3 second(s)

2020-09-02 12:54:14 - [MESSAGE][PASSED] - Delayed 3 second(s)

2020-09-02 12:54:14 - [TEST_STEP][PASSED] - sendKeys(findTestObject("GoAmlReport/03 Identitas Pengirim/999 Mata Uang Asing"), Keys.chord(ENTER)): Keys 'ENTER + ' sent to object: 'Object Repository/GoAmlReport/03 Identitas Pengirim/999 Mata Uang Asing'

2020-09-02 12:54:14 - [MESSAGE][PASSED] - Keys 'ENTER + ' sent to object: 'Object Repository/GoAmlReport/03 Identitas Pengirim/999 Mata Uang Asing'

2020-09-02 12:54:14 - [TEST_STEP][PASSED] - setText(findTestObject("GoAmlReport/03 Identitas Pengirim/07 Negara Trx Asal"), "INDONE"): Text 'INDONE' is set on object 'Object Repository/GoAmlReport/03 Identitas Pengirim/07 Negara Trx Asal'

2020-09-02 12:54:15 - [MESSAGE][PASSED] - Text 'INDONE' is set on object 'Object Repository/GoAmlReport/03 Identitas Pengirim/07 Negara Trx Asal'

2020-09-02 12:54:15 - [TEST_STEP][PASSED] - delay(3): Delayed 3 second(s)

2020-09-02 12:54:18 - [MESSAGE][PASSED] - Delayed 3 second(s)

2020-09-02 12:54:18 - [TEST_STEP][PASSED] - sendKeys(findTestObject("GoAmlReport/03 Identitas Pengirim/07 Negara Trx Asal"), Keys.chord(ENTER)): Keys 'ENTER + ' sent to object: 'Object Repository/GoAmlReport/03 Identitas Pengirim/07 Negara Trx Asal'

2020-09-02 12:54:18 - [MESSAGE][PASSED] - Keys 'ENTER + ' sent to object: 'Object Repository/GoAmlReport/03 Identitas Pengirim/07 Negara Trx Asal'

2020-09-02 12:54:18 - [TEST_STEP][PASSED] - if (findTestData("GoAMLReport/Transaksi").getValue(8, rowNum) == "person"): null

2020-09-02 12:54:18 - [TEST_STEP][PASSED] - if (findTestData("GoAMLReport/Transaksi").getValue(8, rowNum) == "account"): null

2020-09-02 12:54:18 - [TEST_STEP][PASSED] - if (findTestData("GoAMLReport/Transaksi").getValue(8, rowNum) == "entity"): Delayed 2 second(s)

2020-09-02 12:54:18 - [TEST_STEP][PASSED] - setText(findTestObject("GoAmlReport/03 Identitas Pengirim/09 Informasi Pengirim"), findTestData("GoAMLReport/Transaksi").getValue(8, rowNum)): Text 'entity' is set on object 'Object Repository/GoAmlReport/03 Identitas Pengirim/09 Informasi Pengirim'

2020-09-02 12:54:19 - [MESSAGE][PASSED] - Text 'entity' is set on object 'Object Repository/GoAmlReport/03 Identitas Pengirim/09 Informasi Pengirim'

2020-09-02 12:54:19 - [TEST_STEP][PASSED] - delay(8): Delayed 8 second(s)

2020-09-02 12:54:27 - [MESSAGE][PASSED] - Delayed 8 second(s)

2020-09-02 12:54:27 - [TEST_STEP][PASSED] - sendKeys(findTestObject("GoAmlReport/03 Identitas Pengirim/09 Informasi Pengirim"), Keys.chord(ENTER)): Keys 'ENTER + ' sent to object: 'Object Repository/GoAmlReport/03 Identitas Pengirim/09 Informasi Pengirim'

2020-09-02 12:54:28 - [MESSAGE][PASSED] - Keys 'ENTER + ' sent to object: 'Object Repository/GoAmlReport/03 Identitas Pengirim/09 Informasi Pengirim'

2020-09-02 12:54:28 - [TEST_STEP][PASSED] - delay(5): Delayed 5 second(s)

2020-09-02 12:54:33 - [MESSAGE][PASSED] - Delayed 5 second(s)

2020-09-02 12:54:33 - [TEST_STEP][PASSED] - setText(findTestObject("GoAmlReport/07 Entity/Account From/01 Nama Korporasi"), "Simpan Pinjam"): Text 'Simpan Pinjam' is set on object 'Object Repository/GoAmlReport/07 Entity/Account From/01 Nama Korporasi'

2020-09-02 12:54:33 - [MESSAGE][PASSED] - Text 'Simpan Pinjam' is set on object 'Object Repository/GoAmlReport/07 Entity/Account From/01 Nama Korporasi'

2020-09-02 12:54:33 - [TEST_STEP][PASSED] - setText(findTestObject("GoAmlReport/07 Entity/Account From/02 Bentuk Korporasi"), "PD - Perusahaan Daerah"): Text 'PD - Perusahaan Daerah' is set on object 'Object Repository/GoAmlReport/07 Entity/Account From/02 Bentuk Korporasi'

2020-09-02 12:54:34 - [MESSAGE][PASSED] - Text 'PD - Perusahaan Daerah' is set on object 'Object Repository/GoAmlReport/07 Entity/Account From/02 Bentuk Korporasi'

2020-09-02 12:54:34 - [TEST_STEP][PASSED] - delay(3): Delayed 3 second(s)

2020-09-02 12:54:37 - [MESSAGE][PASSED] - Delayed 3 second(s)

2020-09-02 12:54:37 - [TEST_STEP][PASSED] - sendKeys(findTestObject("GoAmlReport/07 Entity/Account From/02 Bentuk Korporasi"), Keys.chord(ENTER)): Keys 'ENTER + ' sent to object: 'Object Repository/GoAmlReport/07 Entity/Account From/02 Bentuk Korporasi'

2020-09-02 12:54:38 - [MESSAGE][PASSED] - Keys 'ENTER + ' sent to object: 'Object Repository/GoAmlReport/07 Entity/Account From/02 Bentuk Korporasi'

2020-09-02 12:54:38 - [TEST_STEP][PASSED] - setText(findTestObject("GoAmlReport/07 Entity/Account From/03 Bidang Usaha"), "Rentenir"): Text 'Rentenir' is set on object 'Object Repository/GoAmlReport/07 Entity/Account From/03 Bidang Usaha'

2020-09-02 12:54:39 - [MESSAGE][PASSED] - Text 'Rentenir' is set on object 'Object Repository/GoAmlReport/07 Entity/Account From/03 Bidang Usaha'

2020-09-02 12:54:39 - [TEST_STEP][PASSED] - setText(findTestObject("GoAmlReport/07 Entity/Account From/03 Negara"), "indone"): Text 'indone' is set on object 'Object Repository/GoAmlReport/07 Entity/Account From/03 Negara'

2020-09-02 12:54:39 - [MESSAGE][PASSED] - Text 'indone' is set on object 'Object Repository/GoAmlReport/07 Entity/Account From/03 Negara'

2020-09-02 12:54:39 - [TEST_STEP][PASSED] - delay(3): Delayed 3 second(s)

2020-09-02 12:54:42 - [MESSAGE][PASSED] - Delayed 3 second(s)

2020-09-02 12:54:42 - [TEST_STEP][PASSED] - sendKeys(findTestObject("GoAmlReport/07 Entity/Account From/03 Negara"), Keys.chord(ENTER)): Keys 'ENTER + ' sent to object: 'Object Repository/GoAmlReport/07 Entity/Account From/03 Negara'

2020-09-02 12:54:43 - [MESSAGE][PASSED] - Keys 'ENTER + ' sent to object: 'Object Repository/GoAmlReport/07 Entity/Account From/03 Negara'

2020-09-02 12:54:43 - [TEST_STEP][PASSED] - setText(findTestObject("GoAmlReport/07 Entity/Account From/04 NPWP"), "123213123"): Text '123213123' is set on object 'Object Repository/GoAmlReport/07 Entity/Account From/04 NPWP'

2020-09-02 12:54:43 - [MESSAGE][PASSED] - Text '123213123' is set on object 'Object Repository/GoAmlReport/07 Entity/Account From/04 NPWP'

2020-09-02 12:54:43 - [TEST_STEP][PASSED] - scrollToElement(findTestObject("GoAmlReport/07 Entity/Account Tab From/01 Telepon/Tambah Telepon"), 3): Scroll to object 'Object Repository/GoAmlReport/07 Entity/Account Tab From/01 Telepon/Tambah Telepon' successfully

2020-09-02 12:54:44 - [MESSAGE][PASSED] - Scroll to object 'Object Repository/GoAmlReport/07 Entity/Account Tab From/01 Telepon/Tambah Telepon' successfully

2020-09-02 12:54:44 - [TEST_STEP][PASSED] - click(findTestObject("GoAmlReport/07 Entity/Account Tab From/01 Telepon/Tambah Telepon")): Object: 'Object Repository/GoAmlReport/07 Entity/Account Tab From/01 Telepon/Tambah Telepon' is clicked on

2020-09-02 12:54:44 - [MESSAGE][PASSED] - Object: 'Object Repository/GoAmlReport/07 Entity/Account Tab From/01 Telepon/Tambah Telepon' is clicked on

2020-09-02 12:54:44 - [TEST_STEP][PASSED] - delay(5): Delayed 5 second(s)

2020-09-02 12:54:49 - [MESSAGE][PASSED] - Delayed 5 second(s)

2020-09-02 12:54:49 - [TEST_STEP][PASSED] - setText(findTestObject("GoAmlReport/07 Entity/Account Tab From/01 Telepon/01 Kategori Kontak"), "D - Domisili"): Text 'D - Domisili' is set on object 'Object Repository/GoAmlReport/07 Entity/Account Tab From/01 Telepon/01 Kategori Kontak'

2020-09-02 12:54:50 - [MESSAGE][PASSED] - Text 'D - Domisili' is set on object 'Object Repository/GoAmlReport/07 Entity/Account Tab From/01 Telepon/01 Kategori Kontak'

2020-09-02 12:54:50 - [TEST_STEP][PASSED] - delay(3): Delayed 3 second(s)

2020-09-02 12:54:53 - [MESSAGE][PASSED] - Delayed 3 second(s)

2020-09-02 12:54:53 - [TEST_STEP][PASSED] - sendKeys(findTestObject("GoAmlReport/07 Entity/Account Tab From/01 Telepon/01 Kategori Kontak"), Keys.chord(ENTER)): Keys 'ENTER + ' sent to object: 'Object Repository/GoAmlReport/07 Entity/Account Tab From/01 Telepon/01 Kategori Kontak'

2020-09-02 12:54:54 - [MESSAGE][PASSED] - Keys 'ENTER + ' sent to object: 'Object Repository/GoAmlReport/07 Entity/Account Tab From/01 Telepon/01 Kategori Kontak'

2020-09-02 12:54:54 - [TEST_STEP][PASSED] - setText(findTestObject("GoAmlReport/07 Entity/Account Tab From/01 Telepon/02 Alat Komunikasi"), "PSTN - PSTN"): Text 'PSTN - PSTN' is set on object 'Object Repository/GoAmlReport/07 Entity/Account Tab From/01 Telepon/02 Alat Komunikasi'

2020-09-02 12:54:54 - [MESSAGE][PASSED] - Text 'PSTN - PSTN' is set on object 'Object Repository/GoAmlReport/07 Entity/Account Tab From/01 Telepon/02 Alat Komunikasi'

2020-09-02 12:54:54 - [TEST_STEP][PASSED] - delay(3): Delayed 3 second(s)

2020-09-02 12:54:57 - [MESSAGE][PASSED] - Delayed 3 second(s)

2020-09-02 12:54:57 - [TEST_STEP][PASSED] - sendKeys(findTestObject("GoAmlReport/07 Entity/Account Tab From/01 Telepon/02 Alat Komunikasi"), Keys.chord(ENTER)): Keys 'ENTER + ' sent to object: 'Object Repository/GoAmlReport/07 Entity/Account Tab From/01 Telepon/02 Alat Komunikasi'

2020-09-02 12:54:58 - [MESSAGE][PASSED] - Keys 'ENTER + ' sent to object: 'Object Repository/GoAmlReport/07 Entity/Account Tab From/01 Telepon/02 Alat Komunikasi'

2020-09-02 12:54:58 - [TEST_STEP][PASSED] - setText(findTestObject("GoAmlReport/07 Entity/Account Tab From/01 Telepon/03 No Telepon"), "0986745632"): Text '0986745632' is set on object 'Object Repository/GoAmlReport/07 Entity/Account Tab From/01 Telepon/03 No Telepon'

2020-09-02 12:54:59 - [MESSAGE][PASSED] - Text '0986745632' is set on object 'Object Repository/GoAmlReport/07 Entity/Account Tab From/01 Telepon/03 No Telepon'

2020-09-02 12:54:59 - [TEST_STEP][PASSED] - delay(2): Delayed 2 second(s)

2020-09-02 12:55:01 - [MESSAGE][PASSED] - Delayed 2 second(s)

2020-09-02 12:55:01 - [TEST_STEP][PASSED] - scrollToElement(findTestObject("GoAmlReport/07 Entity/Account Tab From/01 Telepon/Save"), 3): Scroll to object 'Object Repository/GoAmlReport/07 Entity/Account Tab From/01 Telepon/Save' successfully

2020-09-02 12:55:01 - [MESSAGE][PASSED] - Scroll to object 'Object Repository/GoAmlReport/07 Entity/Account Tab From/01 Telepon/Save' successfully

2020-09-02 12:55:01 - [TEST_STEP][PASSED] - click(findTestObject("GoAmlReport/07 Entity/Account Tab From/01 Telepon/Save"), STOP_ON_FAILURE): Object: 'Object Repository/GoAmlReport/07 Entity/Account Tab From/01 Telepon/Save' is clicked on

2020-09-02 12:55:02 - [MESSAGE][PASSED] - Object: 'Object Repository/GoAmlReport/07 Entity/Account Tab From/01 Telepon/Save' is clicked on

2020-09-02 12:55:02 - [TEST_STEP][PASSED] - delay(3): Delayed 3 second(s)

2020-09-02 12:55:05 - [MESSAGE][PASSED] - Delayed 3 second(s)

2020-09-02 12:55:05 - [TEST_STEP][PASSED] - scrollToElement(findTestObject("GoAmlReport/07 Entity/Account Tab From/02 Alamat/span_Tambah Alamat"), 3): Scroll to object 'Object Repository/GoAmlReport/07 Entity/Account Tab From/02 Alamat/span_Tambah Alamat' successfully

2020-09-02 12:55:05 - [MESSAGE][PASSED] - Scroll to object 'Object Repository/GoAmlReport/07 Entity/Account Tab From/02 Alamat/span_Tambah Alamat' successfully

2020-09-02 12:55:05 - [TEST_STEP][PASSED] - click(findTestObject("GoAmlReport/07 Entity/Account Tab From/02 Alamat/span_Tambah Alamat")): Object: 'Object Repository/GoAmlReport/07 Entity/Account Tab From/02 Alamat/span_Tambah Alamat' is clicked on

2020-09-02 12:55:06 - [MESSAGE][PASSED] - Object: 'Object Repository/GoAmlReport/07 Entity/Account Tab From/02 Alamat/span_Tambah Alamat' is clicked on

2020-09-02 12:55:06 - [TEST_STEP][PASSED] - delay(5): Delayed 5 second(s)

2020-09-02 12:55:11 - [MESSAGE][PASSED] - Delayed 5 second(s)

2020-09-02 12:55:11 - [TEST_STEP][PASSED] - setText(findTestObject("GoAmlReport/07 Entity/Account Tab From/02 Alamat/01 Type Alamat"), "D - Domisili"): Text 'D - Domisili' is set on object 'Object Repository/GoAmlReport/07 Entity/Account Tab From/02 Alamat/01 Type Alamat'

2020-09-02 12:55:11 - [MESSAGE][PASSED] - Text 'D - Domisili' is set on object 'Object Repository/GoAmlReport/07 Entity/Account Tab From/02 Alamat/01 Type Alamat'

2020-09-02 12:55:11 - [TEST_STEP][PASSED] - delay(5): Delayed 5 second(s)

2020-09-02 12:55:16 - [MESSAGE][PASSED] - Delayed 5 second(s)

2020-09-02 12:55:16 - [TEST_STEP][PASSED] - sendKeys(findTestObject("GoAmlReport/07 Entity/Account Tab From/02 Alamat/01 Type Alamat"), Keys.chord(ENTER)): Keys 'ENTER + ' sent to object: 'Object Repository/GoAmlReport/07 Entity/Account Tab From/02 Alamat/01 Type Alamat'

2020-09-02 12:55:17 - [MESSAGE][PASSED] - Keys 'ENTER + ' sent to object: 'Object Repository/GoAmlReport/07 Entity/Account Tab From/02 Alamat/01 Type Alamat'

2020-09-02 12:55:17 - [TEST_STEP][PASSED] - setText(findTestObject("GoAmlReport/07 Entity/Account Tab From/02 Alamat/02 Alamat"), "Jl. sdhjsadkjsnadklsandkjasd"): Text 'Jl. sdhjsadkjsnadklsandkjasd' is set on object 'Object Repository/GoAmlReport/07 Entity/Account Tab From/02 Alamat/02 Alamat'

2020-09-02 12:55:18 - [MESSAGE][PASSED] - Text 'Jl. sdhjsadkjsnadklsandkjasd' is set on object 'Object Repository/GoAmlReport/07 Entity/Account Tab From/02 Alamat/02 Alamat'

2020-09-02 12:55:18 - [TEST_STEP][PASSED] - setText(findTestObject("GoAmlReport/07 Entity/Account Tab From/02 Alamat/03 Kota"), "Jakarta"): Text 'Jakarta' is set on object 'Object Repository/GoAmlReport/07 Entity/Account Tab From/02 Alamat/03 Kota'

2020-09-02 12:55:18 - [MESSAGE][PASSED] - Text 'Jakarta' is set on object 'Object Repository/GoAmlReport/07 Entity/Account Tab From/02 Alamat/03 Kota'

2020-09-02 12:55:18 - [TEST_STEP][PASSED] - setText(findTestObject("GoAmlReport/07 Entity/Account Tab From/02 Alamat/03 Negara"), "ID - INDONESIA"): Text 'ID - INDONESIA' is set on object 'Object Repository/GoAmlReport/07 Entity/Account Tab From/02 Alamat/03 Negara'

2020-09-02 12:55:19 - [MESSAGE][PASSED] - Text 'ID - INDONESIA' is set on object 'Object Repository/GoAmlReport/07 Entity/Account Tab From/02 Alamat/03 Negara'

2020-09-02 12:55:19 - [TEST_STEP][PASSED] - delay(3): Delayed 3 second(s)

2020-09-02 12:55:22 - [MESSAGE][PASSED] - Delayed 3 second(s)

2020-09-02 12:55:22 - [TEST_STEP][PASSED] - sendKeys(findTestObject("GoAmlReport/07 Entity/Account Tab From/02 Alamat/03 Negara"), Keys.chord(ENTER)): Keys 'ENTER + ' sent to object: 'Object Repository/GoAmlReport/07 Entity/Account Tab From/02 Alamat/03 Negara'

2020-09-02 12:55:22 - [MESSAGE][PASSED] - Keys 'ENTER + ' sent to object: 'Object Repository/GoAmlReport/07 Entity/Account Tab From/02 Alamat/03 Negara'

2020-09-02 12:55:23 - [TEST_STEP][PASSED] - delay(2): Delayed 2 second(s)

2020-09-02 12:55:25 - [MESSAGE][PASSED] - Delayed 2 second(s)

2020-09-02 12:55:25 - [TEST_STEP][PASSED] - click(findTestObject("GoAmlReport/07 Entity/Account Tab From/02 Alamat/save")): Object: 'Object Repository/GoAmlReport/07 Entity/Account Tab From/02 Alamat/save' is clicked on

2020-09-02 12:55:25 - [MESSAGE][PASSED] - Object: 'Object Repository/GoAmlReport/07 Entity/Account Tab From/02 Alamat/save' is clicked on

2020-09-02 12:55:25 - [TEST_STEP][PASSED] - scrollToElement(findTestObject("GoAmlReport/07 Entity/Account Tab From/03 Director/00 Add"), 3): Scroll to object 'Object Repository/GoAmlReport/07 Entity/Account Tab From/03 Director/00 Add' successfully

2020-09-02 12:55:26 - [MESSAGE][PASSED] - Scroll to object 'Object Repository/GoAmlReport/07 Entity/Account Tab From/03 Director/00 Add' successfully

2020-09-02 12:55:26 - [TEST_STEP][PASSED] - click(findTestObject("GoAmlReport/07 Entity/Account Tab From/03 Director/00 Add")): Object: 'Object Repository/GoAmlReport/07 Entity/Account Tab From/03 Director/00 Add' is clicked on

2020-09-02 12:55:27 - [MESSAGE][PASSED] - Object: 'Object Repository/GoAmlReport/07 Entity/Account Tab From/03 Director/00 Add' is clicked on

2020-09-02 12:55:27 - [TEST_STEP][PASSED] - delay(5): Delayed 5 second(s)

2020-09-02 12:55:32 - [MESSAGE][PASSED] - Delayed 5 second(s)

2020-09-02 12:55:32 - [TEST_STEP][PASSED] - setText(findTestObject("GoAmlReport/07 Entity/Account Tab From/03 Director/01 Jenis Kelamin"), "F - Female"): Text 'F - Female' is set on object 'Object Repository/GoAmlReport/07 Entity/Account Tab From/03 Director/01 Jenis Kelamin'

2020-09-02 12:55:32 - [MESSAGE][PASSED] - Text 'F - Female' is set on object 'Object Repository/GoAmlReport/07 Entity/Account Tab From/03 Director/01 Jenis Kelamin'

2020-09-02 12:55:32 - [TEST_STEP][PASSED] - delay(2): Delayed 2 second(s)

2020-09-02 12:55:34 - [MESSAGE][PASSED] - Delayed 2 second(s)

2020-09-02 12:55:34 - [TEST_STEP][PASSED] - sendKeys(findTestObject("GoAmlReport/07 Entity/Account Tab From/03 Director/01 Jenis Kelamin"), Keys.chord(ENTER)): Keys 'ENTER + ' sent to object: 'Object Repository/GoAmlReport/07 Entity/Account Tab From/03 Director/01 Jenis Kelamin'

2020-09-02 12:55:35 - [MESSAGE][PASSED] - Keys 'ENTER + ' sent to object: 'Object Repository/GoAmlReport/07 Entity/Account Tab From/03 Director/01 Jenis Kelamin'

2020-09-02 12:55:35 - [TEST_STEP][PASSED] - setText(findTestObject("GoAmlReport/07 Entity/Account Tab From/03 Director/10 Tanggal Lahir"), "01-Aug-96"): Text '01-Aug-96' is set on object 'Object Repository/GoAmlReport/07 Entity/Account Tab From/03 Director/10 Tanggal Lahir'

2020-09-02 12:55:36 - [MESSAGE][PASSED] - Text '01-Aug-96' is set on object 'Object Repository/GoAmlReport/07 Entity/Account Tab From/03 Director/10 Tanggal Lahir'

2020-09-02 12:55:36 - [TEST_STEP][PASSED] - delay(5): Delayed 5 second(s)

2020-09-02 12:55:41 - [MESSAGE][PASSED] - Delayed 5 second(s)

2020-09-02 12:55:41 - [TEST_STEP][PASSED] - sendKeys(findTestObject("GoAmlReport/07 Entity/Account Tab From/03 Director/10 Tanggal Lahir"), Keys.chord(ENTER)): Keys 'ENTER + ' sent to object: 'Object Repository/GoAmlReport/07 Entity/Account Tab From/03 Director/10 Tanggal Lahir'

2020-09-02 12:55:41 - [MESSAGE][PASSED] - Keys 'ENTER + ' sent to object: 'Object Repository/GoAmlReport/07 Entity/Account Tab From/03 Director/10 Tanggal Lahir'

2020-09-02 12:55:41 - [TEST_STEP][PASSED] - setText(findTestObject("GoAmlReport/07 Entity/Account Tab From/03 Director/12 Tempat Lahir"), "Jakarta"): Text 'Jakarta' is set on object 'Object Repository/GoAmlReport/07 Entity/Account Tab From/03 Director/12 Tempat Lahir'

2020-09-02 12:55:42 - [MESSAGE][PASSED] - Text 'Jakarta' is set on object 'Object Repository/GoAmlReport/07 Entity/Account Tab From/03 Director/12 Tempat Lahir'

2020-09-02 12:55:42 - [TEST_STEP][PASSED] - delay(5): Delayed 5 second(s)

2020-09-02 12:55:47 - [MESSAGE][PASSED] - Delayed 5 second(s)

2020-09-02 12:55:47 - [TEST_STEP][PASSED] - sendKeys(findTestObject("GoAmlReport/07 Entity/Account Tab From/03 Director/01 Jenis Kelamin"), Keys.chord(ENTER)): Keys 'ENTER + ' sent to object: 'Object Repository/GoAmlReport/07 Entity/Account Tab From/03 Director/01 Jenis Kelamin'

2020-09-02 12:55:48 - [MESSAGE][PASSED] - Keys 'ENTER + ' sent to object: 'Object Repository/GoAmlReport/07 Entity/Account Tab From/03 Director/01 Jenis Kelamin'

2020-09-02 12:55:48 - [TEST_STEP][PASSED] - setText(findTestObject("GoAmlReport/07 Entity/Account Tab From/03 Director/02 Nama Lengkap"), "Aman "): Text 'Aman ' is set on object 'Object Repository/GoAmlReport/07 Entity/Account Tab From/03 Director/02 Nama Lengkap'

2020-09-02 12:55:48 - [MESSAGE][PASSED] - Text 'Aman ' is set on object 'Object Repository/GoAmlReport/07 Entity/Account Tab From/03 Director/02 Nama Lengkap'

2020-09-02 12:55:48 - [TEST_STEP][PASSED] - setText(findTestObject("GoAmlReport/07 Entity/Account Tab From/03 Director/04 Kewarganegaraan"), "indone"): Text 'indone' is set on object 'Object Repository/GoAmlReport/07 Entity/Account Tab From/03 Director/04 Kewarganegaraan'

2020-09-02 12:55:49 - [MESSAGE][PASSED] - Text 'indone' is set on object 'Object Repository/GoAmlReport/07 Entity/Account Tab From/03 Director/04 Kewarganegaraan'

2020-09-02 12:55:49 - [TEST_STEP][PASSED] - delay(5): Delayed 5 second(s)

2020-09-02 12:55:54 - [MESSAGE][PASSED] - Delayed 5 second(s)

2020-09-02 12:55:54 - [TEST_STEP][PASSED] - sendKeys(findTestObject("GoAmlReport/07 Entity/Account Tab From/03 Director/04 Kewarganegaraan"), Keys.chord(ENTER)): Keys 'ENTER + ' sent to object: 'Object Repository/GoAmlReport/07 Entity/Account Tab From/03 Director/04 Kewarganegaraan'

2020-09-02 12:55:55 - [MESSAGE][PASSED] - Keys 'ENTER + ' sent to object: 'Object Repository/GoAmlReport/07 Entity/Account Tab From/03 Director/04 Kewarganegaraan'

2020-09-02 12:55:55 - [TEST_STEP][PASSED] - setText(findTestObject("GoAmlReport/07 Entity/Account Tab From/03 Director/05 Negara Domisili"), "ID - INDONESIA"): Text 'ID - INDONESIA' is set on object 'Object Repository/GoAmlReport/07 Entity/Account Tab From/03 Director/05 Negara Domisili'

2020-09-02 12:55:56 - [MESSAGE][PASSED] - Text 'ID - INDONESIA' is set on object 'Object Repository/GoAmlReport/07 Entity/Account Tab From/03 Director/05 Negara Domisili'

2020-09-02 12:55:56 - [TEST_STEP][PASSED] - delay(3): Delayed 3 second(s)

2020-09-02 12:55:59 - [MESSAGE][PASSED] - Delayed 3 second(s)

2020-09-02 12:55:59 - [TEST_STEP][PASSED] - sendKeys(findTestObject("GoAmlReport/07 Entity/Account Tab From/03 Director/05 Negara Domisili"), Keys.chord(ENTER)): Keys 'ENTER + ' sent to object: 'Object Repository/GoAmlReport/07 Entity/Account Tab From/03 Director/05 Negara Domisili'

2020-09-02 12:55:59 - [MESSAGE][PASSED] - Keys 'ENTER + ' sent to object: 'Object Repository/GoAmlReport/07 Entity/Account Tab From/03 Director/05 Negara Domisili'

2020-09-02 12:55:59 - [TEST_STEP][PASSED] - setText(findTestObject("GoAmlReport/07 Entity/Account Tab From/03 Director/06 Pekerjaan"), "Kerja Serabutan"): Text 'Kerja Serabutan' is set on object 'Object Repository/GoAmlReport/07 Entity/Account Tab From/03 Director/06 Pekerjaan'

2020-09-02 12:56:00 - [MESSAGE][PASSED] - Text 'Kerja Serabutan' is set on object 'Object Repository/GoAmlReport/07 Entity/Account Tab From/03 Director/06 Pekerjaan'

2020-09-02 12:56:00 - [TEST_STEP][PASSED] - setText(findTestObject("GoAmlReport/07 Entity/Account Tab From/03 Director/07 Sumber Dana"), "Maling"): Text 'Maling' is set on object 'Object Repository/GoAmlReport/07 Entity/Account Tab From/03 Director/07 Sumber Dana'

2020-09-02 12:56:01 - [MESSAGE][PASSED] - Text 'Maling' is set on object 'Object Repository/GoAmlReport/07 Entity/Account Tab From/03 Director/07 Sumber Dana'

2020-09-02 12:56:01 - [TEST_STEP][PASSED] - setText(findTestObject("GoAmlReport/07 Entity/Account Tab From/03 Director/08 Peran"), "UBO - Ultimate Beneficial Owner"): Text 'UBO - Ultimate Beneficial Owner' is set on object 'Object Repository/GoAmlReport/07 Entity/Account Tab From/03 Director/08 Peran'

2020-09-02 12:56:02 - [MESSAGE][PASSED] - Text 'UBO - Ultimate Beneficial Owner' is set on object 'Object Repository/GoAmlReport/07 Entity/Account Tab From/03 Director/08 Peran'

2020-09-02 12:56:02 - [TEST_STEP][PASSED] - delay(2): Delayed 2 second(s)

2020-09-02 12:56:04 - [MESSAGE][PASSED] - Delayed 2 second(s)

2020-09-02 12:56:04 - [TEST_STEP][PASSED] - sendKeys(findTestObject("GoAmlReport/07 Entity/Account Tab From/03 Director/08 Peran"), Keys.chord(ENTER)): Keys 'ENTER + ' sent to object: 'Object Repository/GoAmlReport/07 Entity/Account Tab From/03 Director/08 Peran'

2020-09-02 12:56:04 - [MESSAGE][PASSED] - Keys 'ENTER + ' sent to object: 'Object Repository/GoAmlReport/07 Entity/Account Tab From/03 Director/08 Peran'

2020-09-02 12:56:04 - [TEST_STEP][PASSED] - click(findTestObject("GoAmlReport/07 Entity/Account Tab From/03 Director/09 Telepon/Tambah Telepon")): Object: 'Object Repository/GoAmlReport/07 Entity/Account Tab From/03 Director/09 Telepon/Tambah Telepon' is clicked on

2020-09-02 12:56:05 - [MESSAGE][PASSED] - Object: 'Object Repository/GoAmlReport/07 Entity/Account Tab From/03 Director/09 Telepon/Tambah Telepon' is clicked on

2020-09-02 12:56:05 - [TEST_STEP][PASSED] - scrollToElement(findTestObject("GoAmlReport/07 Entity/Account Tab From/03 Director/09 Telepon/01 Kategori Kontak"), 3): Scroll to object 'Object Repository/GoAmlReport/07 Entity/Account Tab From/03 Director/09 Telepon/01 Kategori Kontak' successfully

2020-09-02 12:56:07 - [MESSAGE][PASSED] - Scroll to object 'Object Repository/GoAmlReport/07 Entity/Account Tab From/03 Director/09 Telepon/01 Kategori Kontak' successfully

2020-09-02 12:56:07 - [TEST_STEP][PASSED] - setText(findTestObject("GoAmlReport/07 Entity/Account Tab From/03 Director/09 Telepon/01 Kategori Kontak"), "K - Kantor"): Text 'K - Kantor' is set on object 'Object Repository/GoAmlReport/07 Entity/Account Tab From/03 Director/09 Telepon/01 Kategori Kontak'

2020-09-02 12:56:08 - [MESSAGE][PASSED] - Text 'K - Kantor' is set on object 'Object Repository/GoAmlReport/07 Entity/Account Tab From/03 Director/09 Telepon/01 Kategori Kontak'

2020-09-02 12:56:08 - [TEST_STEP][PASSED] - delay(3): Delayed 3 second(s)

2020-09-02 12:56:11 - [MESSAGE][PASSED] - Delayed 3 second(s)

2020-09-02 12:56:11 - [TEST_STEP][PASSED] - sendKeys(findTestObject("GoAmlReport/07 Entity/Account Tab From/03 Director/09 Telepon/01 Kategori Kontak"), Keys.chord(ENTER)): Keys 'ENTER + ' sent to object: 'Object Repository/GoAmlReport/07 Entity/Account Tab From/03 Director/09 Telepon/01 Kategori Kontak'

2020-09-02 12:56:12 - [MESSAGE][PASSED] - Keys 'ENTER + ' sent to object: 'Object Repository/GoAmlReport/07 Entity/Account Tab From/03 Director/09 Telepon/01 Kategori Kontak'

2020-09-02 12:56:12 - [TEST_STEP][PASSED] - setText(findTestObject("GoAmlReport/07 Entity/Account Tab From/03 Director/09 Telepon/02 Alat Komunikasi"), "PSTN - PSTN"): Text 'PSTN - PSTN' is set on object 'Object Repository/GoAmlReport/07 Entity/Account Tab From/03 Director/09 Telepon/02 Alat Komunikasi'

2020-09-02 12:56:13 - [MESSAGE][PASSED] - Text 'PSTN - PSTN' is set on object 'Object Repository/GoAmlReport/07 Entity/Account Tab From/03 Director/09 Telepon/02 Alat Komunikasi'

2020-09-02 12:56:13 - [TEST_STEP][PASSED] - delay(3): Delayed 3 second(s)

2020-09-02 12:56:16 - [MESSAGE][PASSED] - Delayed 3 second(s)

2020-09-02 12:56:16 - [TEST_STEP][PASSED] - sendKeys(findTestObject("GoAmlReport/07 Entity/Account Tab From/03 Director/09 Telepon/02 Alat Komunikasi"), Keys.chord(ENTER)): Keys 'ENTER + ' sent to object: 'Object Repository/GoAmlReport/07 Entity/Account Tab From/03 Director/09 Telepon/02 Alat Komunikasi'

2020-09-02 12:56:16 - [MESSAGE][PASSED] - Keys 'ENTER + ' sent to object: 'Object Repository/GoAmlReport/07 Entity/Account Tab From/03 Director/09 Telepon/02 Alat Komunikasi'

2020-09-02 12:56:16 - [TEST_STEP][PASSED] - setText(findTestObject("GoAmlReport/07 Entity/Account Tab From/03 Director/09 Telepon/03 No Telepon"), "222222222"): Text '222222222' is set on object 'Object Repository/GoAmlReport/07 Entity/Account Tab From/03 Director/09 Telepon/03 No Telepon'

2020-09-02 12:56:17 - [MESSAGE][PASSED] - Text '222222222' is set on object 'Object Repository/GoAmlReport/07 Entity/Account Tab From/03 Director/09 Telepon/03 No Telepon'

2020-09-02 12:56:17 - [TEST_STEP][PASSED] - click(findTestObject("GoAmlReport/07 Entity/Account Tab From/03 Director/09 Telepon/Save"), STOP_ON_FAILURE): Object: 'Object Repository/GoAmlReport/07 Entity/Account Tab From/03 Director/09 Telepon/Save' is clicked on

2020-09-02 12:56:17 - [MESSAGE][PASSED] - Object: 'Object Repository/GoAmlReport/07 Entity/Account Tab From/03 Director/09 Telepon/Save' is clicked on

2020-09-02 12:56:17 - [TEST_STEP][PASSED] - delay(4): Delayed 4 second(s)

2020-09-02 12:56:21 - [MESSAGE][PASSED] - Delayed 4 second(s)

2020-09-02 12:56:21 - [TEST_STEP][PASSED] - scrollToElement(findTestObject("GoAmlReport/07 Entity/Account Tab From/03 Director/10 Alamat/span_Tambah Alamat"), 3): Scroll to object 'Object Repository/GoAmlReport/07 Entity/Account Tab From/03 Director/10 Alamat/span_Tambah Alamat' successfully

2020-09-02 12:56:22 - [MESSAGE][PASSED] - Scroll to object 'Object Repository/GoAmlReport/07 Entity/Account Tab From/03 Director/10 Alamat/span_Tambah Alamat' successfully

2020-09-02 12:56:22 - [TEST_STEP][PASSED] - click(findTestObject("GoAmlReport/07 Entity/Account Tab From/03 Director/10 Alamat/span_Tambah Alamat")): Object: 'Object Repository/GoAmlReport/07 Entity/Account Tab From/03 Director/10 Alamat/span_Tambah Alamat' is clicked on

2020-09-02 12:56:22 - [MESSAGE][PASSED] - Object: 'Object Repository/GoAmlReport/07 Entity/Account Tab From/03 Director/10 Alamat/span_Tambah Alamat' is clicked on

2020-09-02 12:56:22 - [TEST_STEP][PASSED] - delay(3): Delayed 3 second(s)

2020-09-02 12:56:25 - [MESSAGE][PASSED] - Delayed 3 second(s)

2020-09-02 12:56:25 - [TEST_STEP][PASSED] - setText(findTestObject("GoAmlReport/07 Entity/Account Tab From/03 Director/10 Alamat/01 Type Alamat"), "R - Rumah"): Text 'R - Rumah' is set on object 'Object Repository/GoAmlReport/07 Entity/Account Tab From/03 Director/10 Alamat/01 Type Alamat'

2020-09-02 12:56:26 - [MESSAGE][PASSED] - Text 'R - Rumah' is set on object 'Object Repository/GoAmlReport/07 Entity/Account Tab From/03 Director/10 Alamat/01 Type Alamat'

2020-09-02 12:56:26 - [TEST_STEP][PASSED] - delay(3): Delayed 3 second(s)

2020-09-02 12:56:29 - [MESSAGE][PASSED] - Delayed 3 second(s)

2020-09-02 12:56:29 - [TEST_STEP][PASSED] - sendKeys(findTestObject("GoAmlReport/07 Entity/Account Tab From/03 Director/10 Alamat/01 Type Alamat"), Keys.chord(ENTER)): Keys 'ENTER + ' sent to object: 'Object Repository/GoAmlReport/07 Entity/Account Tab From/03 Director/10 Alamat/01 Type Alamat'

2020-09-02 12:56:30 - [MESSAGE][PASSED] - Keys 'ENTER + ' sent to object: 'Object Repository/GoAmlReport/07 Entity/Account Tab From/03 Director/10 Alamat/01 Type Alamat'

2020-09-02 12:56:30 - [TEST_STEP][PASSED] - setText(findTestObject("GoAmlReport/07 Entity/Account Tab From/03 Director/10 Alamat/02 Alamat"), "Jl Jalan Jln"): Text 'Jl Jalan Jln' is set on object 'Object Repository/GoAmlReport/07 Entity/Account Tab From/03 Director/10 Alamat/02 Alamat'

2020-09-02 12:56:30 - [MESSAGE][PASSED] - Text 'Jl Jalan Jln' is set on object 'Object Repository/GoAmlReport/07 Entity/Account Tab From/03 Director/10 Alamat/02 Alamat'

2020-09-02 12:56:30 - [TEST_STEP][PASSED] - setText(findTestObject("GoAmlReport/07 Entity/Account Tab From/03 Director/10 Alamat/03 Kota"), "Jakarte"): Text 'Jakarte' is set on object 'Object Repository/GoAmlReport/07 Entity/Account Tab From/03 Director/10 Alamat/03 Kota'

2020-09-02 12:56:31 - [MESSAGE][PASSED] - Text 'Jakarte' is set on object 'Object Repository/GoAmlReport/07 Entity/Account Tab From/03 Director/10 Alamat/03 Kota'

2020-09-02 12:56:31 - [TEST_STEP][PASSED] - setText(findTestObject("GoAmlReport/07 Entity/Account Tab From/03 Director/10 Alamat/03 Negara"), "Indonesi"): Text 'Indonesi' is set on object 'Object Repository/GoAmlReport/07 Entity/Account Tab From/03 Director/10 Alamat/03 Negara'

2020-09-02 12:56:32 - [MESSAGE][PASSED] - Text 'Indonesi' is set on object 'Object Repository/GoAmlReport/07 Entity/Account Tab From/03 Director/10 Alamat/03 Negara'

2020-09-02 12:56:32 - [TEST_STEP][PASSED] - delay(3): Delayed 3 second(s)

2020-09-02 12:56:35 - [MESSAGE][PASSED] - Delayed 3 second(s)

2020-09-02 12:56:35 - [TEST_STEP][PASSED] - sendKeys(findTestObject("GoAmlReport/07 Entity/Account Tab From/03 Director/10 Alamat/03 Negara"), Keys.chord(ENTER)): Keys 'ENTER + ' sent to object: 'Object Repository/GoAmlReport/07 Entity/Account Tab From/03 Director/10 Alamat/03 Negara'

2020-09-02 12:56:35 - [MESSAGE][PASSED] - Keys 'ENTER + ' sent to object: 'Object Repository/GoAmlReport/07 Entity/Account Tab From/03 Director/10 Alamat/03 Negara'

2020-09-02 12:56:35 - [TEST_STEP][PASSED] - click(findTestObject("GoAmlReport/07 Entity/Account Tab From/03 Director/10 Alamat/save"), STOP_ON_FAILURE): Object: 'Object Repository/GoAmlReport/07 Entity/Account Tab From/03 Director/10 Alamat/save' is clicked on

2020-09-02 12:56:36 - [MESSAGE][PASSED] - Object: 'Object Repository/GoAmlReport/07 Entity/Account Tab From/03 Director/10 Alamat/save' is clicked on

2020-09-02 12:56:36 - [TEST_STEP][PASSED] - scrollToElement(findTestObject("GoAmlReport/07 Entity/Account Tab From/03 Director/11 Dokumen Identitas/Tambah Dokumen Identitas"), 3): Scroll to object 'Object Repository/GoAmlReport/07 Entity/Account Tab From/03 Director/11 Dokumen Identitas/Tambah Dokumen Identitas' successfully

2020-09-02 12:56:36 - [MESSAGE][PASSED] - Scroll to object 'Object Repository/GoAmlReport/07 Entity/Account Tab From/03 Director/11 Dokumen Identitas/Tambah Dokumen Identitas' successfully

2020-09-02 12:56:36 - [TEST_STEP][PASSED] - click(findTestObject("GoAmlReport/07 Entity/Account Tab From/03 Director/11 Dokumen Identitas/Tambah Dokumen Identitas")): Object: 'Object Repository/GoAmlReport/07 Entity/Account Tab From/03 Director/11 Dokumen Identitas/Tambah Dokumen Identitas' is clicked on

2020-09-02 12:56:37 - [MESSAGE][PASSED] - Object: 'Object Repository/GoAmlReport/07 Entity/Account Tab From/03 Director/11 Dokumen Identitas/Tambah Dokumen Identitas' is clicked on

2020-09-02 12:56:37 - [TEST_STEP][PASSED] - delay(3): Delayed 3 second(s)

2020-09-02 12:56:40 - [MESSAGE][PASSED] - Delayed 3 second(s)

2020-09-02 12:56:40 - [TEST_STEP][PASSED] - setText(findTestObject("GoAmlReport/07 Entity/Account Tab From/03 Director/11 Dokumen Identitas/01 Jenis Dokumen Identitas"), "SUKET - Surat Keterangan Kependudukan"): Text 'SUKET - Surat Keterangan Kependudukan' is set on object 'Object Repository/GoAmlReport/07 Entity/Account Tab From/03 Director/11 Dokumen Identitas/01 Jenis Dokumen Identitas'

2020-09-02 12:56:42 - [MESSAGE][PASSED] - Text 'SUKET - Surat Keterangan Kependudukan' is set on object 'Object Repository/GoAmlReport/07 Entity/Account Tab From/03 Director/11 Dokumen Identitas/01 Jenis Dokumen Identitas'

2020-09-02 12:56:42 - [TEST_STEP][PASSED] - delay(3): Delayed 3 second(s)

2020-09-02 12:56:45 - [MESSAGE][PASSED] - Delayed 3 second(s)

2020-09-02 12:56:45 - [TEST_STEP][PASSED] - sendKeys(findTestObject("GoAmlReport/07 Entity/Account Tab From/03 Director/11 Dokumen Identitas/01 Jenis Dokumen Identitas"), Keys.chord(ENTER)): Keys 'ENTER + ' sent to object: 'Object Repository/GoAmlReport/07 Entity/Account Tab From/03 Director/11 Dokumen Identitas/01 Jenis Dokumen Identitas'

2020-09-02 12:56:45 - [MESSAGE][PASSED] - Keys 'ENTER + ' sent to object: 'Object Repository/GoAmlReport/07 Entity/Account Tab From/03 Director/11 Dokumen Identitas/01 Jenis Dokumen Identitas'

2020-09-02 12:56:45 - [TEST_STEP][PASSED] - setText(findTestObject("GoAmlReport/07 Entity/Account Tab From/03 Director/11 Dokumen Identitas/02 No Identitas"), "12321444"): Text '12321444' is set on object 'Object Repository/GoAmlReport/07 Entity/Account Tab From/03 Director/11 Dokumen Identitas/02 No Identitas'

2020-09-02 12:56:46 - [MESSAGE][PASSED] - Text '12321444' is set on object 'Object Repository/GoAmlReport/07 Entity/Account Tab From/03 Director/11 Dokumen Identitas/02 No Identitas'

2020-09-02 12:56:46 - [TEST_STEP][PASSED] - setText(findTestObject("GoAmlReport/07 Entity/Account Tab From/03 Director/11 Dokumen Identitas/03 Negara Penerbit"), "ID - INDONESIA"): Text 'ID - INDONESIA' is set on object 'Object Repository/GoAmlReport/07 Entity/Account Tab From/03 Director/11 Dokumen Identitas/03 Negara Penerbit'

2020-09-02 12:56:47 - [MESSAGE][PASSED] - Text 'ID - INDONESIA' is set on object 'Object Repository/GoAmlReport/07 Entity/Account Tab From/03 Director/11 Dokumen Identitas/03 Negara Penerbit'

2020-09-02 12:56:47 - [TEST_STEP][PASSED] - delay(3): Delayed 3 second(s)

2020-09-02 12:56:50 - [MESSAGE][PASSED] - Delayed 3 second(s)

2020-09-02 12:56:50 - [TEST_STEP][PASSED] - sendKeys(findTestObject("GoAmlReport/07 Entity/Account Tab From/03 Director/11 Dokumen Identitas/03 Negara Penerbit"), Keys.chord(ENTER)): Keys 'ENTER + ' sent to object: 'Object Repository/GoAmlReport/07 Entity/Account Tab From/03 Director/11 Dokumen Identitas/03 Negara Penerbit'

2020-09-02 12:56:50 - [MESSAGE][PASSED] - Keys 'ENTER + ' sent to object: 'Object Repository/GoAmlReport/07 Entity/Account Tab From/03 Director/11 Dokumen Identitas/03 Negara Penerbit'

2020-09-02 12:56:50 - [TEST_STEP][PASSED] - click(findTestObject("GoAmlReport/07 Entity/Account Tab From/03 Director/11 Dokumen Identitas/Save")): Object: 'Object Repository/GoAmlReport/07 Entity/Account Tab From/03 Director/11 Dokumen Identitas/Save' is clicked on

2020-09-02 12:56:51 - [MESSAGE][PASSED] - Object: 'Object Repository/GoAmlReport/07 Entity/Account Tab From/03 Director/11 Dokumen Identitas/Save' is clicked on

2020-09-02 12:56:51 - [TEST_STEP][PASSED] - click(findTestObject("GoAmlReport/07 Entity/Account Tab From/03 Director/99 Save")): Object: 'Object Repository/GoAmlReport/07 Entity/Account Tab From/03 Director/99 Save' is clicked on

2020-09-02 12:56:52 - [MESSAGE][PASSED] - Object: 'Object Repository/GoAmlReport/07 Entity/Account Tab From/03 Director/99 Save' is clicked on

2020-09-02 12:56:52 - [TEST_STEP][PASSED] - delay(2): Delayed 2 second(s)

2020-09-02 12:56:54 - [MESSAGE][PASSED] - Delayed 2 second(s)

2020-09-02 12:56:54 - [MESSAGE][PASSED] - Call Test Case 'Test Cases/GoAML Report 4' successfully

2020-09-02 12:56:54 - [TEST_STEP][PASSED] - callTestCase(findTestCase("GoAML Report 5"), [:], STOP_ON_FAILURE): Call Test Case 'Test Cases/GoAML Report 5' successfully

2020-09-02 12:56:54 - [TEST_CASE][PASSED] - Test Cases/GoAML Report 5: Test Cases/GoAML Report 5

2020-09-02 12:56:54 - [TEST_STEP][PASSED] - for ([rowNum = 1, rowNum <= findTestData("GoAMLReport/Transaksi").getRowNumbers(), (rowNum++)]): Delayed 2 second(s)

2020-09-02 12:56:54 - [TEST_STEP][PASSED] - delay(6): Delayed 6 second(s)

2020-09-02 12:57:00 - [MESSAGE][PASSED] - Delayed 6 second(s)

2020-09-02 12:57:00 - [TEST_STEP][PASSED] - if (findTestData("GoAMLReport/Transaksi").getValue(1, rowNum) == "true"): Keys 'ENTER + ' sent to object: 'Object Repository/GoAmlReport/04 Identitas Penerima/07 Negara Trx Tujuan'

2020-09-02 12:57:00 - [TEST_STEP][PASSED] - if (findTestData("GoAMLReport/Transaksi").getValue(9, rowNum) == "true"): null

2020-09-02 12:57:00 - [TEST_STEP][PASSED] - if (findTestData("GoAMLReport/Transaksi").getValue(10, rowNum) == "uang tunai"): Keys 'ENTER + ' sent to object: 'Object Repository/GoAmlReport/04 Identitas Penerima/02 Ins Trx Tujuan'

2020-09-02 12:57:00 - [TEST_STEP][PASSED] - scrollToElement(findTestObject("GoAmlReport/04 Identitas Penerima/02 Ins Trx Tujuan"), 3): Scroll to object 'Object Repository/GoAmlReport/04 Identitas Penerima/02 Ins Trx Tujuan' successfully

2020-09-02 12:57:01 - [MESSAGE][PASSED] - Scroll to object 'Object Repository/GoAmlReport/04 Identitas Penerima/02 Ins Trx Tujuan' successfully

2020-09-02 12:57:01 - [TEST_STEP][PASSED] - setText(findTestObject("GoAmlReport/04 Identitas Penerima/02 Ins Trx Tujuan"), "Uang Tunai"): Text 'Uang Tunai' is set on object 'Object Repository/GoAmlReport/04 Identitas Penerima/02 Ins Trx Tujuan'

2020-09-02 12:57:02 - [MESSAGE][PASSED] - Text 'Uang Tunai' is set on object 'Object Repository/GoAmlReport/04 Identitas Penerima/02 Ins Trx Tujuan'

2020-09-02 12:57:02 - [TEST_STEP][PASSED] - delay(3): Delayed 3 second(s)

2020-09-02 12:57:05 - [MESSAGE][PASSED] - Delayed 3 second(s)

2020-09-02 12:57:05 - [TEST_STEP][PASSED] - sendKeys(findTestObject("GoAmlReport/04 Identitas Penerima/02 Ins Trx Tujuan"), Keys.chord(ENTER)): Keys 'ENTER + ' sent to object: 'Object Repository/GoAmlReport/04 Identitas Penerima/02 Ins Trx Tujuan'

2020-09-02 12:57:05 - [MESSAGE][PASSED] - Keys 'ENTER + ' sent to object: 'Object Repository/GoAmlReport/04 Identitas Penerima/02 Ins Trx Tujuan'

2020-09-02 12:57:05 - [TEST_STEP][PASSED] - if (findTestData("GoAMLReport/Transaksi").getValue(10, rowNum) == "rekening"): null

2020-09-02 12:57:05 - [TEST_STEP][PASSED] - scrollToElement(findTestObject("GoAmlReport/04 Identitas Penerima/05 Nominal Valas"), 3): Scroll to object 'Object Repository/GoAmlReport/04 Identitas Penerima/05 Nominal Valas' successfully

2020-09-02 12:57:06 - [MESSAGE][PASSED] - Scroll to object 'Object Repository/GoAmlReport/04 Identitas Penerima/05 Nominal Valas' successfully

2020-09-02 12:57:06 - [TEST_STEP][PASSED] - setText(findTestObject("GoAmlReport/04 Identitas Penerima/05 Nominal Valas"), "500000"): Text '500000' is set on object 'Object Repository/GoAmlReport/04 Identitas Penerima/05 Nominal Valas'

2020-09-02 12:57:06 - [MESSAGE][PASSED] - Text '500000' is set on object 'Object Repository/GoAmlReport/04 Identitas Penerima/05 Nominal Valas'

2020-09-02 12:57:06 - [TEST_STEP][PASSED] - scrollToElement(findTestObject("GoAmlReport/04 Identitas Penerima/06 Kurs"), 3): Scroll to object 'Object Repository/GoAmlReport/04 Identitas Penerima/06 Kurs' successfully

2020-09-02 12:57:07 - [MESSAGE][PASSED] - Scroll to object 'Object Repository/GoAmlReport/04 Identitas Penerima/06 Kurs' successfully

2020-09-02 12:57:07 - [TEST_STEP][PASSED] - setText(findTestObject("GoAmlReport/04 Identitas Penerima/06 Kurs"), "nope"): Text 'nope' is set on object 'Object Repository/GoAmlReport/04 Identitas Penerima/06 Kurs'

2020-09-02 12:57:07 - [MESSAGE][PASSED] - Text 'nope' is set on object 'Object Repository/GoAmlReport/04 Identitas Penerima/06 Kurs'

2020-09-02 12:57:07 - [TEST_STEP][PASSED] - setText(findTestObject("GoAmlReport/04 Identitas Penerima/999 Mata Uang Tujuan"), "TWD - Taiwan Dollar"): Text 'TWD - Taiwan Dollar' is set on object 'Object Repository/GoAmlReport/04 Identitas Penerima/999 Mata Uang Tujuan'

2020-09-02 12:57:08 - [MESSAGE][PASSED] - Text 'TWD - Taiwan Dollar' is set on object 'Object Repository/GoAmlReport/04 Identitas Penerima/999 Mata Uang Tujuan'

2020-09-02 12:57:08 - [TEST_STEP][PASSED] - delay(3): Delayed 3 second(s)

2020-09-02 12:57:11 - [MESSAGE][PASSED] - Delayed 3 second(s)

2020-09-02 12:57:11 - [TEST_STEP][PASSED] - sendKeys(findTestObject("GoAmlReport/04 Identitas Penerima/999 Mata Uang Tujuan"), Keys.chord(ENTER)): Keys 'ENTER + ' sent to object: 'Object Repository/GoAmlReport/04 Identitas Penerima/999 Mata Uang Tujuan'

2020-09-02 12:57:12 - [MESSAGE][PASSED] - Keys 'ENTER + ' sent to object: 'Object Repository/GoAmlReport/04 Identitas Penerima/999 Mata Uang Tujuan'

2020-09-02 12:57:12 - [TEST_STEP][PASSED] - scrollToElement(findTestObject("GoAmlReport/04 Identitas Penerima/07 Negara Trx Tujuan"), 3): Scroll to object 'Object Repository/GoAmlReport/04 Identitas Penerima/07 Negara Trx Tujuan' successfully

2020-09-02 12:57:12 - [MESSAGE][PASSED] - Scroll to object 'Object Repository/GoAmlReport/04 Identitas Penerima/07 Negara Trx Tujuan' successfully

2020-09-02 12:57:12 - [TEST_STEP][PASSED] - setText(findTestObject("GoAmlReport/04 Identitas Penerima/07 Negara Trx Tujuan"), "ital"): Text 'ital' is set on object 'Object Repository/GoAmlReport/04 Identitas Penerima/07 Negara Trx Tujuan'

2020-09-02 12:57:13 - [MESSAGE][PASSED] - Text 'ital' is set on object 'Object Repository/GoAmlReport/04 Identitas Penerima/07 Negara Trx Tujuan'

2020-09-02 12:57:13 - [TEST_STEP][PASSED] - delay(3): Delayed 3 second(s)

2020-09-02 12:57:16 - [MESSAGE][PASSED] - Delayed 3 second(s)

2020-09-02 12:57:16 - [TEST_STEP][PASSED] - sendKeys(findTestObject("GoAmlReport/04 Identitas Penerima/07 Negara Trx Tujuan"), Keys.chord(ENTER)): Keys 'ENTER + ' sent to object: 'Object Repository/GoAmlReport/04 Identitas Penerima/07 Negara Trx Tujuan'

2020-09-02 12:57:17 - [MESSAGE][PASSED] - Keys 'ENTER + ' sent to object: 'Object Repository/GoAmlReport/04 Identitas Penerima/07 Negara Trx Tujuan'

2020-09-02 12:57:17 - [TEST_STEP][PASSED] - if (findTestData("GoAMLReport/Transaksi").getValue(11, rowNum) == "account"): null

2020-09-02 12:57:17 - [TEST_STEP][PASSED] - if (findTestData("GoAMLReport/Transaksi").getValue(11, rowNum) == "person"): null

2020-09-02 12:57:17 - [TEST_STEP][PASSED] - if (findTestData("GoAMLReport/Transaksi").getValue(11, rowNum) == "entity"): Delayed 2 second(s)

2020-09-02 12:57:17 - [TEST_STEP][PASSED] - setText(findTestObject("GoAmlReport/04 Identitas Penerima/08 Informasi Penerima"), findTestData("GoAMLReport/Transaksi").getValue(11, rowNum)): Text 'entity' is set on object 'Object Repository/GoAmlReport/04 Identitas Penerima/08 Informasi Penerima'

2020-09-02 12:57:17 - [MESSAGE][PASSED] - Text 'entity' is set on object 'Object Repository/GoAmlReport/04 Identitas Penerima/08 Informasi Penerima'

2020-09-02 12:57:17 - [TEST_STEP][PASSED] - delay(8): Delayed 8 second(s)

2020-09-02 12:57:25 - [MESSAGE][PASSED] - Delayed 8 second(s)

2020-09-02 12:57:25 - [TEST_STEP][PASSED] - sendKeys(findTestObject("GoAmlReport/04 Identitas Penerima/08 Informasi Penerima"), Keys.chord(ENTER)): Keys 'ENTER + ' sent to object: 'Object Repository/GoAmlReport/04 Identitas Penerima/08 Informasi Penerima'

2020-09-02 12:57:26 - [MESSAGE][PASSED] - Keys 'ENTER + ' sent to object: 'Object Repository/GoAmlReport/04 Identitas Penerima/08 Informasi Penerima'

2020-09-02 12:57:26 - [TEST_STEP][PASSED] - delay(5): Delayed 5 second(s)

2020-09-02 12:57:31 - [MESSAGE][PASSED] - Delayed 5 second(s)

2020-09-02 12:57:31 - [TEST_STEP][PASSED] - setText(findTestObject("GoAmlReport/07 Entity/Account To/01 Nama Korporasi"), "Simpan Pinjam"): Text 'Simpan Pinjam' is set on object 'Object Repository/GoAmlReport/07 Entity/Account To/01 Nama Korporasi'

2020-09-02 12:57:32 - [MESSAGE][PASSED] - Text 'Simpan Pinjam' is set on object 'Object Repository/GoAmlReport/07 Entity/Account To/01 Nama Korporasi'

2020-09-02 12:57:32 - [TEST_STEP][PASSED] - setText(findTestObject("GoAmlReport/07 Entity/Account To/02 Bentuk Korporasi"), "PD - Perusahaan Daerah"): Text 'PD - Perusahaan Daerah' is set on object 'Object Repository/GoAmlReport/07 Entity/Account To/02 Bentuk Korporasi'

2020-09-02 12:57:33 - [MESSAGE][PASSED] - Text 'PD - Perusahaan Daerah' is set on object 'Object Repository/GoAmlReport/07 Entity/Account To/02 Bentuk Korporasi'

2020-09-02 12:57:33 - [TEST_STEP][PASSED] - delay(3): Delayed 3 second(s)

2020-09-02 12:57:36 - [MESSAGE][PASSED] - Delayed 3 second(s)

2020-09-02 12:57:36 - [TEST_STEP][PASSED] - sendKeys(findTestObject("GoAmlReport/07 Entity/Account To/02 Bentuk Korporasi"), Keys.chord(ENTER)): Keys 'ENTER + ' sent to object: 'Object Repository/GoAmlReport/07 Entity/Account To/02 Bentuk Korporasi'

2020-09-02 12:57:36 - [MESSAGE][PASSED] - Keys 'ENTER + ' sent to object: 'Object Repository/GoAmlReport/07 Entity/Account To/02 Bentuk Korporasi'

2020-09-02 12:57:36 - [TEST_STEP][PASSED] - setText(findTestObject("GoAmlReport/07 Entity/Account To/03 Bidang Usaha"), "Rentenir"): Text 'Rentenir' is set on object 'Object Repository/GoAmlReport/07 Entity/Account To/03 Bidang Usaha'

2020-09-02 12:57:37 - [MESSAGE][PASSED] - Text 'Rentenir' is set on object 'Object Repository/GoAmlReport/07 Entity/Account To/03 Bidang Usaha'

2020-09-02 12:57:37 - [TEST_STEP][PASSED] - delay(3): Delayed 3 second(s)

2020-09-02 12:57:40 - [MESSAGE][PASSED] - Delayed 3 second(s)

2020-09-02 12:57:40 - [TEST_STEP][PASSED] - sendKeys(findTestObject("GoAmlReport/07 Entity/Account To/03 Negara"), Keys.chord(ENTER)): Keys 'ENTER + ' sent to object: 'Object Repository/GoAmlReport/07 Entity/Account To/03 Negara'

2020-09-02 12:57:41 - [MESSAGE][PASSED] - Keys 'ENTER + ' sent to object: 'Object Repository/GoAmlReport/07 Entity/Account To/03 Negara'

2020-09-02 12:57:41 - [TEST_STEP][PASSED] - delay(3): Delayed 3 second(s)

2020-09-02 12:57:44 - [MESSAGE][PASSED] - Delayed 3 second(s)

2020-09-02 12:57:44 - [TEST_STEP][PASSED] - setText(findTestObject("GoAmlReport/07 Entity/Account To/03 Negara"), "indone"): Text 'indone' is set on object 'Object Repository/GoAmlReport/07 Entity/Account To/03 Negara'

2020-09-02 12:57:44 - [MESSAGE][PASSED] - Text 'indone' is set on object 'Object Repository/GoAmlReport/07 Entity/Account To/03 Negara'

2020-09-02 12:57:44 - [TEST_STEP][PASSED] - delay(3): Delayed 3 second(s)

2020-09-02 12:57:47 - [MESSAGE][PASSED] - Delayed 3 second(s)

2020-09-02 12:57:47 - [TEST_STEP][PASSED] - sendKeys(findTestObject("GoAmlReport/07 Entity/Account To/03 Negara"), Keys.chord(ENTER)): Keys 'ENTER + ' sent to object: 'Object Repository/GoAmlReport/07 Entity/Account To/03 Negara'

2020-09-02 12:57:48 - [MESSAGE][PASSED] - Keys 'ENTER + ' sent to object: 'Object Repository/GoAmlReport/07 Entity/Account To/03 Negara'

2020-09-02 12:57:48 - [TEST_STEP][PASSED] - setText(findTestObject("GoAmlReport/07 Entity/Account To/04 NPWP"), "123213123"): Text '123213123' is set on object 'Object Repository/GoAmlReport/07 Entity/Account To/04 NPWP'

2020-09-02 12:57:48 - [MESSAGE][PASSED] - Text '123213123' is set on object 'Object Repository/GoAmlReport/07 Entity/Account To/04 NPWP'

2020-09-02 12:57:48 - [TEST_STEP][PASSED] - scrollToElement(findTestObject("GoAmlReport/07 Entity/Account Tab To/01 Telepon/Tambah Telepon"), 3): Scroll to object 'Object Repository/GoAmlReport/07 Entity/Account Tab To/01 Telepon/Tambah Telepon' successfully

2020-09-02 12:57:49 - [MESSAGE][PASSED] - Scroll to object 'Object Repository/GoAmlReport/07 Entity/Account Tab To/01 Telepon/Tambah Telepon' successfully

2020-09-02 12:57:49 - [TEST_STEP][PASSED] - click(findTestObject("GoAmlReport/07 Entity/Account Tab To/01 Telepon/Tambah Telepon")): Object: 'Object Repository/GoAmlReport/07 Entity/Account Tab To/01 Telepon/Tambah Telepon' is clicked on

2020-09-02 12:57:49 - [MESSAGE][PASSED] - Object: 'Object Repository/GoAmlReport/07 Entity/Account Tab To/01 Telepon/Tambah Telepon' is clicked on

2020-09-02 12:57:49 - [TEST_STEP][PASSED] - delay(5): Delayed 5 second(s)

2020-09-02 12:57:54 - [MESSAGE][PASSED] - Delayed 5 second(s)

2020-09-02 12:57:54 - [TEST_STEP][PASSED] - setText(findTestObject("GoAmlReport/07 Entity/Account Tab To/01 Telepon/01 Kategori Kontak"), "D - Domisili"): Text 'D - Domisili' is set on object 'Object Repository/GoAmlReport/07 Entity/Account Tab To/01 Telepon/01 Kategori Kontak'

2020-09-02 12:57:55 - [MESSAGE][PASSED] - Text 'D - Domisili' is set on object 'Object Repository/GoAmlReport/07 Entity/Account Tab To/01 Telepon/01 Kategori Kontak'

2020-09-02 12:57:55 - [TEST_STEP][PASSED] - delay(3): Delayed 3 second(s)

2020-09-02 12:57:58 - [MESSAGE][PASSED] - Delayed 3 second(s)

2020-09-02 12:57:58 - [TEST_STEP][PASSED] - sendKeys(findTestObject("GoAmlReport/07 Entity/Account Tab To/01 Telepon/01 Kategori Kontak"), Keys.chord(ENTER)): Keys 'ENTER + ' sent to object: 'Object Repository/GoAmlReport/07 Entity/Account Tab To/01 Telepon/01 Kategori Kontak'

2020-09-02 12:57:59 - [MESSAGE][PASSED] - Keys 'ENTER + ' sent to object: 'Object Repository/GoAmlReport/07 Entity/Account Tab To/01 Telepon/01 Kategori Kontak'

2020-09-02 12:57:59 - [TEST_STEP][PASSED] - setText(findTestObject("GoAmlReport/07 Entity/Account Tab To/01 Telepon/02 Alat Komunikasi"), "PSTN - PSTN"): Text 'PSTN - PSTN' is set on object 'Object Repository/GoAmlReport/07 Entity/Account Tab To/01 Telepon/02 Alat Komunikasi'

2020-09-02 12:58:00 - [MESSAGE][PASSED] - Text 'PSTN - PSTN' is set on object 'Object Repository/GoAmlReport/07 Entity/Account Tab To/01 Telepon/02 Alat Komunikasi'

2020-09-02 12:58:00 - [TEST_STEP][PASSED] - delay(3): Delayed 3 second(s)

2020-09-02 12:58:03 - [MESSAGE][PASSED] - Delayed 3 second(s)

2020-09-02 12:58:03 - [TEST_STEP][PASSED] - sendKeys(findTestObject("GoAmlReport/07 Entity/Account Tab To/01 Telepon/02 Alat Komunikasi"), Keys.chord(ENTER)): Keys 'ENTER + ' sent to object: 'Object Repository/GoAmlReport/07 Entity/Account Tab To/01 Telepon/02 Alat Komunikasi'

2020-09-02 12:58:03 - [MESSAGE][PASSED] - Keys 'ENTER + ' sent to object: 'Object Repository/GoAmlReport/07 Entity/Account Tab To/01 Telepon/02 Alat Komunikasi'

2020-09-02 12:58:03 - [TEST_STEP][PASSED] - setText(findTestObject("GoAmlReport/07 Entity/Account Tab To/01 Telepon/03 No Telepon"), "0986745632"): Text '0986745632' is set on object 'Object Repository/GoAmlReport/07 Entity/Account Tab To/01 Telepon/03 No Telepon'

2020-09-02 12:58:04 - [MESSAGE][PASSED] - Text '0986745632' is set on object 'Object Repository/GoAmlReport/07 Entity/Account Tab To/01 Telepon/03 No Telepon'

2020-09-02 12:58:04 - [TEST_STEP][PASSED] - delay(2): Delayed 2 second(s)

2020-09-02 12:58:06 - [MESSAGE][PASSED] - Delayed 2 second(s)

2020-09-02 12:58:06 - [TEST_STEP][PASSED] - scrollToElement(findTestObject("GoAmlReport/07 Entity/Account Tab To/01 Telepon/Save"), 3): Scroll to object 'Object Repository/GoAmlReport/07 Entity/Account Tab To/01 Telepon/Save' successfully

2020-09-02 12:58:06 - [MESSAGE][PASSED] - Scroll to object 'Object Repository/GoAmlReport/07 Entity/Account Tab To/01 Telepon/Save' successfully

2020-09-02 12:58:06 - [TEST_STEP][PASSED] - click(findTestObject("GoAmlReport/07 Entity/Account Tab To/01 Telepon/Save"), STOP_ON_FAILURE): Object: 'Object Repository/GoAmlReport/07 Entity/Account Tab To/01 Telepon/Save' is clicked on

2020-09-02 12:58:07 - [MESSAGE][PASSED] - Object: 'Object Repository/GoAmlReport/07 Entity/Account Tab To/01 Telepon/Save' is clicked on

2020-09-02 12:58:07 - [TEST_STEP][PASSED] - delay(3): Delayed 3 second(s)

2020-09-02 12:58:10 - [MESSAGE][PASSED] - Delayed 3 second(s)

2020-09-02 12:58:10 - [TEST_STEP][PASSED] - scrollToElement(findTestObject("GoAmlReport/07 Entity/Account Tab To/02 Alamat/span_Tambah Alamat"), 3): Scroll to object 'Object Repository/GoAmlReport/07 Entity/Account Tab To/02 Alamat/span_Tambah Alamat' successfully

2020-09-02 12:58:10 - [MESSAGE][PASSED] - Scroll to object 'Object Repository/GoAmlReport/07 Entity/Account Tab To/02 Alamat/span_Tambah Alamat' successfully

2020-09-02 12:58:10 - [TEST_STEP][PASSED] - click(findTestObject("GoAmlReport/07 Entity/Account Tab To/02 Alamat/span_Tambah Alamat")): Object: 'Object Repository/GoAmlReport/07 Entity/Account Tab To/02 Alamat/span_Tambah Alamat' is clicked on

2020-09-02 12:58:11 - [MESSAGE][PASSED] - Object: 'Object Repository/GoAmlReport/07 Entity/Account Tab To/02 Alamat/span_Tambah Alamat' is clicked on

2020-09-02 12:58:11 - [TEST_STEP][PASSED] - delay(5): Delayed 5 second(s)

2020-09-02 12:58:16 - [MESSAGE][PASSED] - Delayed 5 second(s)

2020-09-02 12:58:16 - [TEST_STEP][PASSED] - setText(findTestObject("GoAmlReport/07 Entity/Account Tab To/02 Alamat/01 Type Alamat"), "D - Domisili"): Text 'D - Domisili' is set on object 'Object Repository/GoAmlReport/07 Entity/Account Tab To/02 Alamat/01 Type Alamat'

2020-09-02 12:58:17 - [MESSAGE][PASSED] - Text 'D - Domisili' is set on object 'Object Repository/GoAmlReport/07 Entity/Account Tab To/02 Alamat/01 Type Alamat'

2020-09-02 12:58:17 - [TEST_STEP][PASSED] - delay(5): Delayed 5 second(s)

2020-09-02 12:58:22 - [MESSAGE][PASSED] - Delayed 5 second(s)

2020-09-02 12:58:22 - [TEST_STEP][PASSED] - sendKeys(findTestObject("GoAmlReport/07 Entity/Account Tab To/02 Alamat/01 Type Alamat"), Keys.chord(ENTER)): Keys 'ENTER + ' sent to object: 'Object Repository/GoAmlReport/07 Entity/Account Tab To/02 Alamat/01 Type Alamat'

2020-09-02 12:58:22 - [MESSAGE][PASSED] - Keys 'ENTER + ' sent to object: 'Object Repository/GoAmlReport/07 Entity/Account Tab To/02 Alamat/01 Type Alamat'

2020-09-02 12:58:22 - [TEST_STEP][PASSED] - setText(findTestObject("GoAmlReport/07 Entity/Account Tab To/02 Alamat/02 Alamat"), "Jl. sdhjsadkjsnadklsandkjasd"): Text 'Jl. sdhjsadkjsnadklsandkjasd' is set on object 'Object Repository/GoAmlReport/07 Entity/Account Tab To/02 Alamat/02 Alamat'

2020-09-02 12:58:23 - [MESSAGE][PASSED] - Text 'Jl. sdhjsadkjsnadklsandkjasd' is set on object 'Object Repository/GoAmlReport/07 Entity/Account Tab To/02 Alamat/02 Alamat'

2020-09-02 12:58:23 - [TEST_STEP][PASSED] - setText(findTestObject("GoAmlReport/07 Entity/Account Tab To/02 Alamat/03 Kota"), "Jakarta"): Text 'Jakarta' is set on object 'Object Repository/GoAmlReport/07 Entity/Account Tab To/02 Alamat/03 Kota'

2020-09-02 12:58:24 - [MESSAGE][PASSED] - Text 'Jakarta' is set on object 'Object Repository/GoAmlReport/07 Entity/Account Tab To/02 Alamat/03 Kota'

2020-09-02 12:58:24 - [TEST_STEP][PASSED] - setText(findTestObject("GoAmlReport/07 Entity/Account Tab To/02 Alamat/03 Negara"), "ID - INDONESIA"): Text 'ID - INDONESIA' is set on object 'Object Repository/GoAmlReport/07 Entity/Account Tab To/02 Alamat/03 Negara'

2020-09-02 12:58:25 - [MESSAGE][PASSED] - Text 'ID - INDONESIA' is set on object 'Object Repository/GoAmlReport/07 Entity/Account Tab To/02 Alamat/03 Negara'

2020-09-02 12:58:25 - [TEST_STEP][PASSED] - delay(3): Delayed 3 second(s)

2020-09-02 12:58:28 - [MESSAGE][PASSED] - Delayed 3 second(s)

2020-09-02 12:58:28 - [TEST_STEP][PASSED] - sendKeys(findTestObject("GoAmlReport/07 Entity/Account Tab To/02 Alamat/03 Negara"), Keys.chord(ENTER)): Keys 'ENTER + ' sent to object: 'Object Repository/GoAmlReport/07 Entity/Account Tab To/02 Alamat/03 Negara'

2020-09-02 12:58:28 - [MESSAGE][PASSED] - Keys 'ENTER + ' sent to object: 'Object Repository/GoAmlReport/07 Entity/Account Tab To/02 Alamat/03 Negara'

2020-09-02 12:58:28 - [TEST_STEP][PASSED] - delay(2): Delayed 2 second(s)

2020-09-02 12:58:30 - [MESSAGE][PASSED] - Delayed 2 second(s)

2020-09-02 12:58:30 - [TEST_STEP][PASSED] - click(findTestObject("GoAmlReport/07 Entity/Account Tab To/02 Alamat/save")): Object: 'Object Repository/GoAmlReport/07 Entity/Account Tab To/02 Alamat/save' is clicked on

2020-09-02 12:58:31 - [MESSAGE][PASSED] - Object: 'Object Repository/GoAmlReport/07 Entity/Account Tab To/02 Alamat/save' is clicked on

2020-09-02 12:58:31 - [TEST_STEP][PASSED] - click(findTestObject("GoAmlReport/07 Entity/Account Tab To/03 Director/00 Add")): Object: 'Object Repository/GoAmlReport/07 Entity/Account Tab To/03 Director/00 Add' is clicked on

2020-09-02 12:58:32 - [MESSAGE][PASSED] - Object: 'Object Repository/GoAmlReport/07 Entity/Account Tab To/03 Director/00 Add' is clicked on

2020-09-02 12:58:32 - [TEST_STEP][PASSED] - scrollToElement(findTestObject("GoAmlReport/07 Entity/Account Tab To/03 Director/00 Add"), 3): Scroll to object 'Object Repository/GoAmlReport/07 Entity/Account Tab To/03 Director/00 Add' successfully

2020-09-02 12:58:33 - [MESSAGE][PASSED] - Scroll to object 'Object Repository/GoAmlReport/07 Entity/Account Tab To/03 Director/00 Add' successfully

2020-09-02 12:58:33 - [TEST_STEP][PASSED] - delay(5): Delayed 5 second(s)

2020-09-02 12:58:38 - [MESSAGE][PASSED] - Delayed 5 second(s)

2020-09-02 12:58:38 - [TEST_STEP][PASSED] - setText(findTestObject("GoAmlReport/07 Entity/Account Tab To/03 Director/01 Jenis Kelamin"), "F - Female"): Text 'F - Female' is set on object 'Object Repository/GoAmlReport/07 Entity/Account Tab To/03 Director/01 Jenis Kelamin'

2020-09-02 12:58:39 - [MESSAGE][PASSED] - Text 'F - Female' is set on object 'Object Repository/GoAmlReport/07 Entity/Account Tab To/03 Director/01 Jenis Kelamin'

2020-09-02 12:58:39 - [TEST_STEP][PASSED] - delay(5): Delayed 5 second(s)

2020-09-02 12:58:44 - [MESSAGE][PASSED] - Delayed 5 second(s)

2020-09-02 12:58:44 - [TEST_STEP][PASSED] - sendKeys(findTestObject("GoAmlReport/07 Entity/Account Tab To/03 Director/01 Jenis Kelamin"), Keys.chord(ENTER)): Keys 'ENTER + ' sent to object: 'Object Repository/GoAmlReport/07 Entity/Account Tab To/03 Director/01 Jenis Kelamin'

2020-09-02 12:58:44 - [MESSAGE][PASSED] - Keys 'ENTER + ' sent to object: 'Object Repository/GoAmlReport/07 Entity/Account Tab To/03 Director/01 Jenis Kelamin'

2020-09-02 12:58:44 - [TEST_STEP][PASSED] - setText(findTestObject("GoAmlReport/07 Entity/Account Tab To/03 Director/02 Nama Lengkap"), "Aman "): Text 'Aman ' is set on object 'Object Repository/GoAmlReport/07 Entity/Account Tab To/03 Director/02 Nama Lengkap'

2020-09-02 12:58:45 - [MESSAGE][PASSED] - Text 'Aman ' is set on object 'Object Repository/GoAmlReport/07 Entity/Account Tab To/03 Director/02 Nama Lengkap'

2020-09-02 12:58:45 - [TEST_STEP][PASSED] - setText(findTestObject("GoAmlReport/07 Entity/Account Tab To/03 Director/10 Tanggal Lahir"), "01-Aug-96"): Text '01-Aug-96' is set on object 'Object Repository/GoAmlReport/07 Entity/Account Tab To/03 Director/10 Tanggal Lahir'

2020-09-02 12:58:46 - [MESSAGE][PASSED] - Text '01-Aug-96' is set on object 'Object Repository/GoAmlReport/07 Entity/Account Tab To/03 Director/10 Tanggal Lahir'

2020-09-02 12:58:46 - [TEST_STEP][PASSED] - delay(2): Delayed 2 second(s)

2020-09-02 12:58:48 - [MESSAGE][PASSED] - Delayed 2 second(s)

2020-09-02 12:58:48 - [TEST_STEP][PASSED] - setText(findTestObject("GoAmlReport/07 Entity/Account Tab To/03 Director/12 Tempat Lahir"), "Jakarta"): Text 'Jakarta' is set on object 'Object Repository/GoAmlReport/07 Entity/Account Tab To/03 Director/12 Tempat Lahir'

2020-09-02 12:58:48 - [MESSAGE][PASSED] - Text 'Jakarta' is set on object 'Object Repository/GoAmlReport/07 Entity/Account Tab To/03 Director/12 Tempat Lahir'

2020-09-02 12:58:48 - [TEST_STEP][PASSED] - setText(findTestObject("GoAmlReport/07 Entity/Account Tab To/03 Director/04 Kewarganegaraan"), "indone"): Text 'indone' is set on object 'Object Repository/GoAmlReport/07 Entity/Account Tab To/03 Director/04 Kewarganegaraan'

2020-09-02 12:58:49 - [MESSAGE][PASSED] - Text 'indone' is set on object 'Object Repository/GoAmlReport/07 Entity/Account Tab To/03 Director/04 Kewarganegaraan'

2020-09-02 12:58:49 - [TEST_STEP][PASSED] - delay(5): Delayed 5 second(s)

2020-09-02 12:58:54 - [MESSAGE][PASSED] - Delayed 5 second(s)

2020-09-02 12:58:54 - [TEST_STEP][PASSED] - sendKeys(findTestObject("GoAmlReport/07 Entity/Account Tab To/03 Director/04 Kewarganegaraan"), Keys.chord(ENTER)): Keys 'ENTER + ' sent to object: 'Object Repository/GoAmlReport/07 Entity/Account Tab To/03 Director/04 Kewarganegaraan'

2020-09-02 12:58:55 - [MESSAGE][PASSED] - Keys 'ENTER + ' sent to object: 'Object Repository/GoAmlReport/07 Entity/Account Tab To/03 Director/04 Kewarganegaraan'

2020-09-02 12:58:55 - [TEST_STEP][PASSED] - setText(findTestObject("GoAmlReport/07 Entity/Account Tab To/03 Director/05 Negara Domisili"), "ID - INDONESIA"): Text 'ID - INDONESIA' is set on object 'Object Repository/GoAmlReport/07 Entity/Account Tab To/03 Director/05 Negara Domisili'

2020-09-02 12:58:56 - [MESSAGE][PASSED] - Text 'ID - INDONESIA' is set on object 'Object Repository/GoAmlReport/07 Entity/Account Tab To/03 Director/05 Negara Domisili'

2020-09-02 12:58:56 - [TEST_STEP][PASSED] - delay(3): Delayed 3 second(s)

2020-09-02 12:58:59 - [MESSAGE][PASSED] - Delayed 3 second(s)

2020-09-02 12:58:59 - [TEST_STEP][PASSED] - sendKeys(findTestObject("GoAmlReport/07 Entity/Account Tab To/03 Director/05 Negara Domisili"), Keys.chord(ENTER)): Keys 'ENTER + ' sent to object: 'Object Repository/GoAmlReport/07 Entity/Account Tab To/03 Director/05 Negara Domisili'

2020-09-02 12:58:59 - [MESSAGE][PASSED] - Keys 'ENTER + ' sent to object: 'Object Repository/GoAmlReport/07 Entity/Account Tab To/03 Director/05 Negara Domisili'

2020-09-02 12:58:59 - [TEST_STEP][PASSED] - setText(findTestObject("GoAmlReport/07 Entity/Account Tab To/03 Director/06 Pekerjaan"), "Kerja Serabutan"): Text 'Kerja Serabutan' is set on object 'Object Repository/GoAmlReport/07 Entity/Account Tab To/03 Director/06 Pekerjaan'

2020-09-02 12:59:00 - [MESSAGE][PASSED] - Text 'Kerja Serabutan' is set on object 'Object Repository/GoAmlReport/07 Entity/Account Tab To/03 Director/06 Pekerjaan'

2020-09-02 12:59:00 - [TEST_STEP][PASSED] - setText(findTestObject("GoAmlReport/07 Entity/Account Tab To/03 Director/07 Sumber Dana"), "Maling"): Text 'Maling' is set on object 'Object Repository/GoAmlReport/07 Entity/Account Tab To/03 Director/07 Sumber Dana'

2020-09-02 12:59:01 - [MESSAGE][PASSED] - Text 'Maling' is set on object 'Object Repository/GoAmlReport/07 Entity/Account Tab To/03 Director/07 Sumber Dana'

2020-09-02 12:59:01 - [TEST_STEP][PASSED] - setText(findTestObject("GoAmlReport/07 Entity/Account Tab To/03 Director/08 Peran"), "UBO - Ultimate Beneficial Owner"): Text 'UBO - Ultimate Beneficial Owner' is set on object 'Object Repository/GoAmlReport/07 Entity/Account Tab To/03 Director/08 Peran'

2020-09-02 12:59:02 - [MESSAGE][PASSED] - Text 'UBO - Ultimate Beneficial Owner' is set on object 'Object Repository/GoAmlReport/07 Entity/Account Tab To/03 Director/08 Peran'

2020-09-02 12:59:02 - [TEST_STEP][PASSED] - delay(2): Delayed 2 second(s)

2020-09-02 12:59:04 - [MESSAGE][PASSED] - Delayed 2 second(s)

2020-09-02 12:59:04 - [TEST_STEP][PASSED] - sendKeys(findTestObject("GoAmlReport/07 Entity/Account Tab To/03 Director/08 Peran"), Keys.chord(ENTER)): Keys 'ENTER + ' sent to object: 'Object Repository/GoAmlReport/07 Entity/Account Tab To/03 Director/08 Peran'

2020-09-02 12:59:05 - [MESSAGE][PASSED] - Keys 'ENTER + ' sent to object: 'Object Repository/GoAmlReport/07 Entity/Account Tab To/03 Director/08 Peran'

2020-09-02 12:59:05 - [TEST_STEP][PASSED] - click(findTestObject("GoAmlReport/07 Entity/Account Tab To/03 Director/09 Telepon/Tambah Telepon")): Object: 'Object Repository/GoAmlReport/07 Entity/Account Tab To/03 Director/09 Telepon/Tambah Telepon' is clicked on

2020-09-02 12:59:05 - [MESSAGE][PASSED] - Object: 'Object Repository/GoAmlReport/07 Entity/Account Tab To/03 Director/09 Telepon/Tambah Telepon' is clicked on

2020-09-02 12:59:05 - [TEST_STEP][PASSED] - scrollToElement(findTestObject("GoAmlReport/07 Entity/Account Tab To/03 Director/09 Telepon/01 Kategori Kontak"), 3): Scroll to object 'Object Repository/GoAmlReport/07 Entity/Account Tab To/03 Director/09 Telepon/01 Kategori Kontak' successfully

2020-09-02 12:59:07 - [MESSAGE][PASSED] - Scroll to object 'Object Repository/GoAmlReport/07 Entity/Account Tab To/03 Director/09 Telepon/01 Kategori Kontak' successfully

2020-09-02 12:59:07 - [TEST_STEP][PASSED] - setText(findTestObject("GoAmlReport/07 Entity/Account Tab To/03 Director/09 Telepon/01 Kategori Kontak"), "K - Kantor"): Text 'K - Kantor' is set on object 'Object Repository/GoAmlReport/07 Entity/Account Tab To/03 Director/09 Telepon/01 Kategori Kontak'

2020-09-02 12:59:07 - [MESSAGE][PASSED] - Text 'K - Kantor' is set on object 'Object Repository/GoAmlReport/07 Entity/Account Tab To/03 Director/09 Telepon/01 Kategori Kontak'

2020-09-02 12:59:07 - [TEST_STEP][PASSED] - delay(3): Delayed 3 second(s)

2020-09-02 12:59:10 - [MESSAGE][PASSED] - Delayed 3 second(s)

2020-09-02 12:59:10 - [TEST_STEP][PASSED] - sendKeys(findTestObject("GoAmlReport/07 Entity/Account Tab To/03 Director/09 Telepon/01 Kategori Kontak"), Keys.chord(ENTER)): Keys 'ENTER + ' sent to object: 'Object Repository/GoAmlReport/07 Entity/Account Tab To/03 Director/09 Telepon/01 Kategori Kontak'

2020-09-02 12:59:11 - [MESSAGE][PASSED] - Keys 'ENTER + ' sent to object: 'Object Repository/GoAmlReport/07 Entity/Account Tab To/03 Director/09 Telepon/01 Kategori Kontak'

2020-09-02 12:59:11 - [TEST_STEP][PASSED] - setText(findTestObject("GoAmlReport/07 Entity/Account Tab To/03 Director/09 Telepon/02 Alat Komunikasi"), "PSTN - PSTN"): Text 'PSTN - PSTN' is set on object 'Object Repository/GoAmlReport/07 Entity/Account Tab To/03 Director/09 Telepon/02 Alat Komunikasi'

2020-09-02 12:59:12 - [MESSAGE][PASSED] - Text 'PSTN - PSTN' is set on object 'Object Repository/GoAmlReport/07 Entity/Account Tab To/03 Director/09 Telepon/02 Alat Komunikasi'

2020-09-02 12:59:12 - [TEST_STEP][PASSED] - delay(3): Delayed 3 second(s)

2020-09-02 12:59:15 - [MESSAGE][PASSED] - Delayed 3 second(s)

2020-09-02 12:59:15 - [TEST_STEP][PASSED] - sendKeys(findTestObject("GoAmlReport/07 Entity/Account Tab To/03 Director/09 Telepon/02 Alat Komunikasi"), Keys.chord(ENTER)): Keys 'ENTER + ' sent to object: 'Object Repository/GoAmlReport/07 Entity/Account Tab To/03 Director/09 Telepon/02 Alat Komunikasi'

2020-09-02 12:59:15 - [MESSAGE][PASSED] - Keys 'ENTER + ' sent to object: 'Object Repository/GoAmlReport/07 Entity/Account Tab To/03 Director/09 Telepon/02 Alat Komunikasi'

2020-09-02 12:59:15 - [TEST_STEP][PASSED] - setText(findTestObject("GoAmlReport/07 Entity/Account Tab To/03 Director/09 Telepon/03 No Telepon"), "222222222"): Text '222222222' is set on object 'Object Repository/GoAmlReport/07 Entity/Account Tab To/03 Director/09 Telepon/03 No Telepon'

2020-09-02 12:59:16 - [MESSAGE][PASSED] - Text '222222222' is set on object 'Object Repository/GoAmlReport/07 Entity/Account Tab To/03 Director/09 Telepon/03 No Telepon'

2020-09-02 12:59:16 - [TEST_STEP][PASSED] - click(findTestObject("GoAmlReport/07 Entity/Account Tab To/03 Director/09 Telepon/Save"), STOP_ON_FAILURE): Object: 'Object Repository/GoAmlReport/07 Entity/Account Tab To/03 Director/09 Telepon/Save' is clicked on

2020-09-02 12:59:17 - [MESSAGE][PASSED] - Object: 'Object Repository/GoAmlReport/07 Entity/Account Tab To/03 Director/09 Telepon/Save' is clicked on

2020-09-02 12:59:17 - [TEST_STEP][PASSED] - delay(4): Delayed 4 second(s)

2020-09-02 12:59:21 - [MESSAGE][PASSED] - Delayed 4 second(s)

2020-09-02 12:59:21 - [TEST_STEP][PASSED] - scrollToElement(findTestObject("GoAmlReport/07 Entity/Account Tab To/03 Director/10 Alamat/span_Tambah Alamat"), 3): Scroll to object 'Object Repository/GoAmlReport/07 Entity/Account Tab To/03 Director/10 Alamat/span_Tambah Alamat' successfully

2020-09-02 12:59:21 - [MESSAGE][PASSED] - Scroll to object 'Object Repository/GoAmlReport/07 Entity/Account Tab To/03 Director/10 Alamat/span_Tambah Alamat' successfully

2020-09-02 12:59:21 - [TEST_STEP][PASSED] - click(findTestObject("GoAmlReport/07 Entity/Account Tab To/03 Director/10 Alamat/span_Tambah Alamat")): Object: 'Object Repository/GoAmlReport/07 Entity/Account Tab To/03 Director/10 Alamat/span_Tambah Alamat' is clicked on

2020-09-02 12:59:21 - [MESSAGE][PASSED] - Object: 'Object Repository/GoAmlReport/07 Entity/Account Tab To/03 Director/10 Alamat/span_Tambah Alamat' is clicked on

2020-09-02 12:59:21 - [TEST_STEP][PASSED] - delay(3): Delayed 3 second(s)

2020-09-02 12:59:24 - [MESSAGE][PASSED] - Delayed 3 second(s)

2020-09-02 12:59:24 - [TEST_STEP][PASSED] - setText(findTestObject("GoAmlReport/07 Entity/Account Tab To/03 Director/10 Alamat/01 Type Alamat"), "R - Rumah"): Text 'R - Rumah' is set on object 'Object Repository/GoAmlReport/07 Entity/Account Tab To/03 Director/10 Alamat/01 Type Alamat'

2020-09-02 12:59:25 - [MESSAGE][PASSED] - Text 'R - Rumah' is set on object 'Object Repository/GoAmlReport/07 Entity/Account Tab To/03 Director/10 Alamat/01 Type Alamat'

2020-09-02 12:59:25 - [TEST_STEP][PASSED] - delay(3): Delayed 3 second(s)

2020-09-02 12:59:28 - [MESSAGE][PASSED] - Delayed 3 second(s)

2020-09-02 12:59:28 - [TEST_STEP][PASSED] - sendKeys(findTestObject("GoAmlReport/07 Entity/Account Tab To/03 Director/10 Alamat/01 Type Alamat"), Keys.chord(ENTER)): Keys 'ENTER + ' sent to object: 'Object Repository/GoAmlReport/07 Entity/Account Tab To/03 Director/10 Alamat/01 Type Alamat'

2020-09-02 12:59:29 - [MESSAGE][PASSED] - Keys 'ENTER + ' sent to object: 'Object Repository/GoAmlReport/07 Entity/Account Tab To/03 Director/10 Alamat/01 Type Alamat'

2020-09-02 12:59:29 - [TEST_STEP][PASSED] - setText(findTestObject("GoAmlReport/07 Entity/Account Tab To/03 Director/10 Alamat/02 Alamat"), "Jl Jalan Jln"): Text 'Jl Jalan Jln' is set on object 'Object Repository/GoAmlReport/07 Entity/Account Tab To/03 Director/10 Alamat/02 Alamat'

2020-09-02 12:59:29 - [MESSAGE][PASSED] - Text 'Jl Jalan Jln' is set on object 'Object Repository/GoAmlReport/07 Entity/Account Tab To/03 Director/10 Alamat/02 Alamat'

2020-09-02 12:59:29 - [TEST_STEP][PASSED] - setText(findTestObject("GoAmlReport/07 Entity/Account Tab To/03 Director/10 Alamat/03 Kota"), "Jakarte"): Text 'Jakarte' is set on object 'Object Repository/GoAmlReport/07 Entity/Account Tab To/03 Director/10 Alamat/03 Kota'

2020-09-02 12:59:30 - [MESSAGE][PASSED] - Text 'Jakarte' is set on object 'Object Repository/GoAmlReport/07 Entity/Account Tab To/03 Director/10 Alamat/03 Kota'

2020-09-02 12:59:30 - [TEST_STEP][PASSED] - setText(findTestObject("GoAmlReport/07 Entity/Account Tab To/03 Director/10 Alamat/03 Negara"), "Indonesi"): Text 'Indonesi' is set on object 'Object Repository/GoAmlReport/07 Entity/Account Tab To/03 Director/10 Alamat/03 Negara'

2020-09-02 12:59:31 - [MESSAGE][PASSED] - Text 'Indonesi' is set on object 'Object Repository/GoAmlReport/07 Entity/Account Tab To/03 Director/10 Alamat/03 Negara'

2020-09-02 12:59:31 - [TEST_STEP][PASSED] - delay(3): Delayed 3 second(s)

2020-09-02 12:59:34 - [MESSAGE][PASSED] - Delayed 3 second(s)

2020-09-02 12:59:34 - [TEST_STEP][PASSED] - sendKeys(findTestObject("GoAmlReport/07 Entity/Account Tab To/03 Director/10 Alamat/03 Negara"), Keys.chord(ENTER)): Keys 'ENTER + ' sent to object: 'Object Repository/GoAmlReport/07 Entity/Account Tab To/03 Director/10 Alamat/03 Negara'

2020-09-02 12:59:35 - [MESSAGE][PASSED] - Keys 'ENTER + ' sent to object: 'Object Repository/GoAmlReport/07 Entity/Account Tab To/03 Director/10 Alamat/03 Negara'

2020-09-02 12:59:35 - [TEST_STEP][PASSED] - click(findTestObject("GoAmlReport/07 Entity/Account Tab To/03 Director/10 Alamat/save"), STOP_ON_FAILURE): Object: 'Object Repository/GoAmlReport/07 Entity/Account Tab To/03 Director/10 Alamat/save' is clicked on

2020-09-02 12:59:35 - [MESSAGE][PASSED] - Object: 'Object Repository/GoAmlReport/07 Entity/Account Tab To/03 Director/10 Alamat/save' is clicked on

2020-09-02 12:59:35 - [TEST_STEP][PASSED] - scrollToElement(findTestObject("GoAmlReport/07 Entity/Account Tab To/03 Director/11 Dokumen Identitas/Tambah Dokumen Identitas"), 3): Scroll to object 'Object Repository/GoAmlReport/07 Entity/Account Tab To/03 Director/11 Dokumen Identitas/Tambah Dokumen Identitas' successfully

2020-09-02 12:59:36 - [MESSAGE][PASSED] - Scroll to object 'Object Repository/GoAmlReport/07 Entity/Account Tab To/03 Director/11 Dokumen Identitas/Tambah Dokumen Identitas' successfully

2020-09-02 12:59:36 - [TEST_STEP][PASSED] - click(findTestObject("GoAmlReport/07 Entity/Account Tab To/03 Director/11 Dokumen Identitas/Tambah Dokumen Identitas")): Object: 'Object Repository/GoAmlReport/07 Entity/Account Tab To/03 Director/11 Dokumen Identitas/Tambah Dokumen Identitas' is clicked on

2020-09-02 12:59:37 - [MESSAGE][PASSED] - Object: 'Object Repository/GoAmlReport/07 Entity/Account Tab To/03 Director/11 Dokumen Identitas/Tambah Dokumen Identitas' is clicked on

2020-09-02 12:59:37 - [TEST_STEP][PASSED] - delay(3): Delayed 3 second(s)

2020-09-02 12:59:40 - [MESSAGE][PASSED] - Delayed 3 second(s)

2020-09-02 12:59:40 - [TEST_STEP][PASSED] - setText(findTestObject("GoAmlReport/07 Entity/Account Tab To/03 Director/11 Dokumen Identitas/01 Jenis Dokumen Identitas"), "SUKET - Surat Keterangan Kependudukan"): Text 'SUKET - Surat Keterangan Kependudukan' is set on object 'Object Repository/GoAmlReport/07 Entity/Account Tab To/03 Director/11 Dokumen Identitas/01 Jenis Dokumen Identitas'

2020-09-02 12:59:41 - [MESSAGE][PASSED] - Text 'SUKET - Surat Keterangan Kependudukan' is set on object 'Object Repository/GoAmlReport/07 Entity/Account Tab To/03 Director/11 Dokumen Identitas/01 Jenis Dokumen Identitas'

2020-09-02 12:59:41 - [TEST_STEP][PASSED] - delay(3): Delayed 3 second(s)

2020-09-02 12:59:44 - [MESSAGE][PASSED] - Delayed 3 second(s)

2020-09-02 12:59:44 - [TEST_STEP][PASSED] - sendKeys(findTestObject("GoAmlReport/07 Entity/Account Tab To/03 Director/11 Dokumen Identitas/01 Jenis Dokumen Identitas"), Keys.chord(ENTER)): Keys 'ENTER + ' sent to object: 'Object Repository/GoAmlReport/07 Entity/Account Tab To/03 Director/11 Dokumen Identitas/01 Jenis Dokumen Identitas'

2020-09-02 12:59:45 - [MESSAGE][PASSED] - Keys 'ENTER + ' sent to object: 'Object Repository/GoAmlReport/07 Entity/Account Tab To/03 Director/11 Dokumen Identitas/01 Jenis Dokumen Identitas'

2020-09-02 12:59:45 - [TEST_STEP][PASSED] - setText(findTestObject("GoAmlReport/07 Entity/Account Tab To/03 Director/11 Dokumen Identitas/02 No Identitas"), "12321444"): Text '12321444' is set on object 'Object Repository/GoAmlReport/07 Entity/Account Tab To/03 Director/11 Dokumen Identitas/02 No Identitas'

2020-09-02 12:59:46 - [MESSAGE][PASSED] - Text '12321444' is set on object 'Object Repository/GoAmlReport/07 Entity/Account Tab To/03 Director/11 Dokumen Identitas/02 No Identitas'

2020-09-02 12:59:46 - [TEST_STEP][PASSED] - setText(findTestObject("GoAmlReport/07 Entity/Account Tab To/03 Director/11 Dokumen Identitas/03 Negara Penerbit"), "ID - INDONESIA"): Text 'ID - INDONESIA' is set on object 'Object Repository/GoAmlReport/07 Entity/Account Tab To/03 Director/11 Dokumen Identitas/03 Negara Penerbit'

2020-09-02 12:59:46 - [MESSAGE][PASSED] - Text 'ID - INDONESIA' is set on object 'Object Repository/GoAmlReport/07 Entity/Account Tab To/03 Director/11 Dokumen Identitas/03 Negara Penerbit'

2020-09-02 12:59:46 - [TEST_STEP][PASSED] - delay(3): Delayed 3 second(s)

2020-09-02 12:59:49 - [MESSAGE][PASSED] - Delayed 3 second(s)

2020-09-02 12:59:49 - [TEST_STEP][PASSED] - sendKeys(findTestObject("GoAmlReport/07 Entity/Account Tab To/03 Director/11 Dokumen Identitas/03 Negara Penerbit"), Keys.chord(ENTER)): Keys 'ENTER + ' sent to object: 'Object Repository/GoAmlReport/07 Entity/Account Tab To/03 Director/11 Dokumen Identitas/03 Negara Penerbit'

2020-09-02 12:59:50 - [MESSAGE][PASSED] - Keys 'ENTER + ' sent to object: 'Object Repository/GoAmlReport/07 Entity/Account Tab To/03 Director/11 Dokumen Identitas/03 Negara Penerbit'

2020-09-02 12:59:50 - [TEST_STEP][PASSED] - click(findTestObject("GoAmlReport/07 Entity/Account Tab To/03 Director/11 Dokumen Identitas/Save")): Object: 'Object Repository/GoAmlReport/07 Entity/Account Tab To/03 Director/11 Dokumen Identitas/Save' is clicked on

2020-09-02 12:59:50 - [MESSAGE][PASSED] - Object: 'Object Repository/GoAmlReport/07 Entity/Account Tab To/03 Director/11 Dokumen Identitas/Save' is clicked on

2020-09-02 12:59:50 - [TEST_STEP][PASSED] - click(findTestObject("GoAmlReport/07 Entity/Account Tab To/03 Director/99 Save")): Object: 'Object Repository/GoAmlReport/07 Entity/Account Tab To/03 Director/99 Save' is clicked on

2020-09-02 12:59:52 - [MESSAGE][PASSED] - Object: 'Object Repository/GoAmlReport/07 Entity/Account Tab To/03 Director/99 Save' is clicked on

2020-09-02 12:59:52 - [TEST_STEP][PASSED] - delay(2): Delayed 2 second(s)

2020-09-02 12:59:54 - [MESSAGE][PASSED] - Delayed 2 second(s)

2020-09-02 12:59:54 - [MESSAGE][PASSED] - Call Test Case 'Test Cases/GoAML Report 5' successfully

2020-09-02 12:59:56 - [TEST_STEP][PASSED] - Video: Video recording for test case 'Test Cases/GoAML Report 1' .

2020-09-02 12:59:56 - [MESSAGE][INFO] - Video recording for test case 'Test Cases/GoAML Report 1' .
[[ATTACHMENT|D:\\poject\\goaml2\\Katalon\\GoAML\\Reports\\20200902_112954\\New Test Suite (1)\\20200902_112954/videos\\test_8.avi]]]]></system-out>
         <system-err><![CDATA[]]></system-err>
      </testcase>
      <testcase name="Test Cases/GoAML Report 1" time="716.547" classname="Test Cases/GoAML Report 1" status="PASSED">
         <system-out><![CDATA[2020-09-02 12:59:56 - [TEST_CASE][PASSED] - Test Cases/GoAML Report 1: Test Cases/GoAML Report 1

2020-09-02 12:59:56 - [TEST_STEP][PASSED] - openBrowser("http://goaml.southeastasia.cloudapp.azure.com/goaml/Default.aspx"): Browser is opened with url: 'http://goaml.southeastasia.cloudapp.azure.com/goaml/Default.aspx'

2020-09-02 12:59:56 - [MESSAGE][WARNING] - A browser is already opened. Closing browser and opening a new one

2020-09-02 12:59:57 - [MESSAGE][INFO] - Starting 'Chrome' driver

2020-09-02 12:59:57 - [MESSAGE][INFO] - User set preference: ['property', '']

2020-09-02 13:00:11 - [MESSAGE][PASSED] - Browser is opened with url: 'http://goaml.southeastasia.cloudapp.azure.com/goaml/Default.aspx'

2020-09-02 13:00:11 - [TEST_STEP][PASSED] - maximizeWindow(): Current window maximized

2020-09-02 13:00:13 - [MESSAGE][PASSED] - Current window maximized

2020-09-02 13:00:13 - [TEST_STEP][PASSED] - setText(findTestObject("All/UserName"), "anggi1"): Text 'anggi1' is set on object 'Object Repository/All/UserName'

2020-09-02 13:00:13 - [MESSAGE][PASSED] - Text 'anggi1' is set on object 'Object Repository/All/UserName'

2020-09-02 13:00:13 - [TEST_STEP][PASSED] - setEncryptedText(findTestObject("All/password"), "iFGeFYmXIrWy72D5I5E8Dw=="): Text ****** has been set on object 'Object Repository/All/password'

2020-09-02 13:00:14 - [MESSAGE][PASSED] - Text ****** has been set on object 'Object Repository/All/password'

2020-09-02 13:00:14 - [TEST_STEP][PASSED] - click(findTestObject("All/Sign In")): Object: 'Object Repository/All/Sign In' is clicked on

2020-09-02 13:00:18 - [MESSAGE][PASSED] - Object: 'Object Repository/All/Sign In' is clicked on

2020-09-02 13:00:18 - [TEST_STEP][PASSED] - delay(3): Delayed 3 second(s)

2020-09-02 13:00:21 - [MESSAGE][PASSED] - Delayed 3 second(s)

2020-09-02 13:00:21 - [TEST_STEP][PASSED] - setText(findTestObject("All/filter"), "Report"): Text 'Report' is set on object 'Object Repository/All/filter'

2020-09-02 13:00:22 - [MESSAGE][PASSED] - Text 'Report' is set on object 'Object Repository/All/filter'

2020-09-02 13:00:22 - [TEST_STEP][PASSED] - delay(1): Delayed 1 second(s)

2020-09-02 13:00:23 - [MESSAGE][PASSED] - Delayed 1 second(s)

2020-09-02 13:00:23 - [TEST_STEP][PASSED] - scrollToElement(findTestObject("GoAmlReport/View"), 3): Scroll to object 'Object Repository/GoAmlReport/View' successfully

2020-09-02 13:00:23 - [MESSAGE][PASSED] - Scroll to object 'Object Repository/GoAmlReport/View' successfully

2020-09-02 13:00:23 - [TEST_STEP][PASSED] - click(findTestObject("GoAmlReport/View")): Object: 'Object Repository/GoAmlReport/View' is clicked on

2020-09-02 13:00:24 - [MESSAGE][PASSED] - Object: 'Object Repository/GoAmlReport/View' is clicked on

2020-09-02 13:00:24 - [TEST_STEP][PASSED] - delay(3): Delayed 3 second(s)

2020-09-02 13:00:27 - [MESSAGE][PASSED] - Delayed 3 second(s)

2020-09-02 13:00:27 - [TEST_STEP][PASSED] - click(findTestObject("All/New Record")): Object: 'Object Repository/All/New Record' is clicked on

2020-09-02 13:00:28 - [MESSAGE][PASSED] - Object: 'Object Repository/All/New Record' is clicked on

2020-09-02 13:00:28 - [TEST_STEP][PASSED] - callTestCase(findTestCase("GoAML Report 2"), [:], STOP_ON_FAILURE): Call Test Case 'Test Cases/GoAML Report 2' successfully

2020-09-02 13:00:28 - [TEST_CASE][PASSED] - Test Cases/GoAML Report 2: Test Cases/GoAML Report 2

2020-09-02 13:00:28 - [TEST_STEP][PASSED] - for ([rowNum = 1, rowNum <= findTestData("GoAMLReport/General Information").getRowNumbers(), (rowNum++)]): Object: 'Object Repository/GoAmlReport/save indikator' is clicked on

2020-09-02 13:00:28 - [TEST_STEP][PASSED] - delay(90): Delayed 90 second(s)

2020-09-02 13:01:58 - [MESSAGE][PASSED] - Delayed 90 second(s)

2020-09-02 13:01:58 - [TEST_STEP][PASSED] - click(findTestObject("GoAmlReport/01 General Information/01 Jenis Laporan"), STOP_ON_FAILURE): Object: 'Object Repository/GoAmlReport/01 General Information/01 Jenis Laporan' is clicked on

2020-09-02 13:01:59 - [MESSAGE][PASSED] - Object: 'Object Repository/GoAmlReport/01 General Information/01 Jenis Laporan' is clicked on

2020-09-02 13:01:59 - [TEST_STEP][PASSED] - delay(20): Delayed 20 second(s)

2020-09-02 13:02:19 - [MESSAGE][PASSED] - Delayed 20 second(s)

2020-09-02 13:02:19 - [TEST_STEP][PASSED] - if (findTestData("GoAMLReport/General Information").getValue(1, rowNum) == "LAPT - LTKM"): null

2020-09-02 13:02:19 - [TEST_STEP][PASSED] - if (findTestData("GoAMLReport/General Information").getValue(1, rowNum) == "LTKM - LTKM"): null

2020-09-02 13:02:19 - [TEST_STEP][PASSED] - click(findTestObject("GoAmlReport/01 General Information/Isi Jenis Laporan/2 LTKM - LTKM")): Object: 'Object Repository/GoAmlReport/01 General Information/Isi Jenis Laporan/2 LTKM - LTKM' is clicked on

2020-09-02 13:02:20 - [MESSAGE][PASSED] - Object: 'Object Repository/GoAmlReport/01 General Information/Isi Jenis Laporan/2 LTKM - LTKM' is clicked on

2020-09-02 13:02:20 - [TEST_STEP][PASSED] - if (findTestData("GoAMLReport/General Information").getValue(4, rowNum) == "CaseManagement ID"): Keys 'ENTER + ' sent to object: 'Object Repository/GoAmlReport/01 General Information/05 Type Report'

2020-09-02 13:02:20 - [TEST_STEP][PASSED] - setText(findTestObject("GoAmlReport/01 General Information/05 Type Report"), "transaksi unik"): Text 'transaksi unik' is set on object 'Object Repository/GoAmlReport/01 General Information/05 Type Report'

2020-09-02 13:02:21 - [MESSAGE][PASSED] - Text 'transaksi unik' is set on object 'Object Repository/GoAmlReport/01 General Information/05 Type Report'

2020-09-02 13:02:21 - [TEST_STEP][PASSED] - delay(10): Delayed 10 second(s)

2020-09-02 13:02:31 - [MESSAGE][PASSED] - Delayed 10 second(s)

2020-09-02 13:02:31 - [TEST_STEP][PASSED] - sendKeys(findTestObject("GoAmlReport/01 General Information/05 Type Report"), Keys.chord(ENTER)): Keys 'ENTER + ' sent to object: 'Object Repository/GoAmlReport/01 General Information/05 Type Report'

2020-09-02 13:02:31 - [MESSAGE][PASSED] - Keys 'ENTER + ' sent to object: 'Object Repository/GoAmlReport/01 General Information/05 Type Report'

2020-09-02 13:02:31 - [TEST_STEP][PASSED] - if (findTestData("GoAMLReport/General Information").getValue(4, rowNum) == "CIF"): null

2020-09-02 13:02:31 - [TEST_STEP][PASSED] - if (findTestData("GoAMLReport/General Information").getValue(1, rowNum) == "LTKMH - LTKM"): null

2020-09-02 13:02:31 - [TEST_STEP][PASSED] - if (findTestData("GoAMLReport/General Information").getValue(1, rowNum) == "LTKMP - LTKM"): null

2020-09-02 13:02:31 - [TEST_STEP][PASSED] - if (findTestData("GoAMLReport/General Information").getValue(1, rowNum) == "LTKMT - LTKM"): null

2020-09-02 13:02:31 - [TEST_STEP][PASSED] - if (findTestData("GoAMLReport/General Information").getValue(1, rowNum) == "LTKTK - LTKT"): null

2020-09-02 13:02:31 - [TEST_STEP][PASSED] - if (findTestData("GoAMLReport/General Information").getValue(1, rowNum) == "LTKTM - LTKT"): null

2020-09-02 13:02:31 - [TEST_STEP][PASSED] - if (findTestData("GoAMLReport/General Information").getValue(1, rowNum) == "TKLIB - LTKL"): null

2020-09-02 13:02:31 - [TEST_STEP][PASSED] - if (findTestData("GoAMLReport/General Information").getValue(1, rowNum) == "TKLOB - LTKL"): null

2020-09-02 13:02:31 - [TEST_STEP][PASSED] - setText(findTestObject("GoAmlReport/01 General Information/02 Tgl Laporan"), findTestData("GoAMLReport/General Information").getValue(3, 1)): Text '26-May-99' is set on object 'Object Repository/GoAmlReport/01 General Information/02 Tgl Laporan'

2020-09-02 13:02:32 - [MESSAGE][PASSED] - Text '26-May-99' is set on object 'Object Repository/GoAmlReport/01 General Information/02 Tgl Laporan'

2020-09-02 13:02:32 - [TEST_STEP][PASSED] - setText(findTestObject("GoAmlReport/01 General Information/03 Alasan"), "No Reason"): Text 'No Reason' is set on object 'Object Repository/GoAmlReport/01 General Information/03 Alasan'

2020-09-02 13:02:33 - [MESSAGE][PASSED] - Text 'No Reason' is set on object 'Object Repository/GoAmlReport/01 General Information/03 Alasan'

2020-09-02 13:02:33 - [TEST_STEP][PASSED] - setText(findTestObject("GoAmlReport/01 General Information/04 Tidakan Pelapor"), "Tidak Bertindak"): Text 'Tidak Bertindak' is set on object 'Object Repository/GoAmlReport/01 General Information/04 Tidakan Pelapor'

2020-09-02 13:02:34 - [MESSAGE][PASSED] - Text 'Tidak Bertindak' is set on object 'Object Repository/GoAmlReport/01 General Information/04 Tidakan Pelapor'

2020-09-02 13:02:34 - [TEST_STEP][PASSED] - setText(findTestObject("GoAmlReport/01 General Information/06 No Value Report"), "Testing Anggi 2906"): Text 'Testing Anggi 2906' is set on object 'Object Repository/GoAmlReport/01 General Information/06 No Value Report'

2020-09-02 13:02:35 - [MESSAGE][PASSED] - Text 'Testing Anggi 2906' is set on object 'Object Repository/GoAmlReport/01 General Information/06 No Value Report'

2020-09-02 13:02:35 - [TEST_STEP][PASSED] - if (findTestData("GoAMLReport/General Information").getValue(6, rowNum) == "true"): Object: 'Object Repository/GoAmlReport/save indikator' is clicked on

2020-09-02 13:02:35 - [TEST_STEP][PASSED] - click(findTestObject("GoAmlReport/Indikator")): Object: 'Object Repository/GoAmlReport/Indikator' is clicked on

2020-09-02 13:02:35 - [MESSAGE][PASSED] - Object: 'Object Repository/GoAmlReport/Indikator' is clicked on

2020-09-02 13:02:35 - [TEST_STEP][PASSED] - delay(5): Delayed 5 second(s)

2020-09-02 13:02:40 - [MESSAGE][PASSED] - Delayed 5 second(s)

2020-09-02 13:02:40 - [TEST_STEP][PASSED] - setText(findTestObject("GoAmlReport/Indikator 2"), findTestData("GoAMLReport/General Information").getValue(7, rowNum)): Text 'Korupsi' is set on object 'Object Repository/GoAmlReport/Indikator 2'

2020-09-02 13:02:41 - [MESSAGE][PASSED] - Text 'Korupsi' is set on object 'Object Repository/GoAmlReport/Indikator 2'

2020-09-02 13:02:41 - [TEST_STEP][PASSED] - delay(3): Delayed 3 second(s)

2020-09-02 13:02:44 - [MESSAGE][PASSED] - Delayed 3 second(s)

2020-09-02 13:02:44 - [TEST_STEP][PASSED] - sendKeys(findTestObject("GoAmlReport/Indikator 2"), Keys.chord(ENTER)): Keys 'ENTER + ' sent to object: 'Object Repository/GoAmlReport/Indikator 2'

2020-09-02 13:02:45 - [MESSAGE][PASSED] - Keys 'ENTER + ' sent to object: 'Object Repository/GoAmlReport/Indikator 2'

2020-09-02 13:02:45 - [TEST_STEP][PASSED] - delay(2): Delayed 2 second(s)

2020-09-02 13:02:47 - [MESSAGE][PASSED] - Delayed 2 second(s)

2020-09-02 13:02:47 - [TEST_STEP][PASSED] - click(findTestObject("GoAmlReport/save indikator")): Object: 'Object Repository/GoAmlReport/save indikator' is clicked on

2020-09-02 13:02:47 - [MESSAGE][PASSED] - Object: 'Object Repository/GoAmlReport/save indikator' is clicked on

2020-09-02 13:02:47 - [MESSAGE][PASSED] - Call Test Case 'Test Cases/GoAML Report 2' successfully

2020-09-02 13:02:47 - [TEST_STEP][PASSED] - callTestCase(findTestCase("GoAML Report 3"), [:], STOP_ON_FAILURE): Call Test Case 'Test Cases/GoAML Report 3' successfully

2020-09-02 13:02:47 - [TEST_CASE][PASSED] - Test Cases/GoAML Report 3: Test Cases/GoAML Report 3

2020-09-02 13:02:47 - [TEST_STEP][PASSED] - for ([rowNum = 1, rowNum <= findTestData("GoAMLReport/Transaksi").getRowNumbers(), (rowNum++)]): Keys 'ENTER + ' sent to object: 'Object Repository/GoAmlReport/02 Transaksi/11 Type Trx'

2020-09-02 13:02:47 - [TEST_STEP][PASSED] - delay(6): Delayed 6 second(s)

2020-09-02 13:02:53 - [MESSAGE][PASSED] - Delayed 6 second(s)

2020-09-02 13:02:53 - [TEST_STEP][PASSED] - if (findTestData("GoAMLReport/Transaksi").getValue(1, rowNum) == "true"): Keys 'ENTER + ' sent to object: 'Object Repository/GoAmlReport/02 Transaksi/11 Type Trx'

2020-09-02 13:02:53 - [TEST_STEP][PASSED] - click(findTestObject("GoAmlReport/01 General Information/07 Tambah Transaksi")): Object: 'Object Repository/GoAmlReport/01 General Information/07 Tambah Transaksi' is clicked on

2020-09-02 13:02:54 - [MESSAGE][PASSED] - Object: 'Object Repository/GoAmlReport/01 General Information/07 Tambah Transaksi' is clicked on

2020-09-02 13:02:54 - [TEST_STEP][PASSED] - delay(6): Delayed 6 second(s)

2020-09-02 13:03:00 - [MESSAGE][PASSED] - Delayed 6 second(s)

2020-09-02 13:03:00 - [TEST_STEP][PASSED] - setText(findTestObject("GoAmlReport/Nomor Transaksi"), findTestData("GoAMLReport/Transaksi").getValue(12, rowNum)): Text '999' is set on object 'Object Repository/GoAmlReport/Nomor Transaksi'

2020-09-02 13:03:00 - [MESSAGE][PASSED] - Text '999' is set on object 'Object Repository/GoAmlReport/Nomor Transaksi'

2020-09-02 13:03:00 - [TEST_STEP][PASSED] - setText(findTestObject("GoAmlReport/02 Transaksi/01 No Ref Transaksi"), "12133746"): Text '12133746' is set on object 'Object Repository/GoAmlReport/02 Transaksi/01 No Ref Transaksi'

2020-09-02 13:03:01 - [MESSAGE][PASSED] - Text '12133746' is set on object 'Object Repository/GoAmlReport/02 Transaksi/01 No Ref Transaksi'

2020-09-02 13:03:01 - [TEST_STEP][PASSED] - setText(findTestObject("GoAmlReport/02 Transaksi/02 Lokasi Transaksi"), "Jakarta"): Text 'Jakarta' is set on object 'Object Repository/GoAmlReport/02 Transaksi/02 Lokasi Transaksi'

2020-09-02 13:03:02 - [MESSAGE][PASSED] - Text 'Jakarta' is set on object 'Object Repository/GoAmlReport/02 Transaksi/02 Lokasi Transaksi'

2020-09-02 13:03:02 - [TEST_STEP][PASSED] - setText(findTestObject("GoAmlReport/02 Transaksi/03 Keterangan Transaksi"), "Noted"): Text 'Noted' is set on object 'Object Repository/GoAmlReport/02 Transaksi/03 Keterangan Transaksi'

2020-09-02 13:03:02 - [MESSAGE][PASSED] - Text 'Noted' is set on object 'Object Repository/GoAmlReport/02 Transaksi/03 Keterangan Transaksi'

2020-09-02 13:03:02 - [TEST_STEP][PASSED] - setText(findTestObject("GoAmlReport/02 Transaksi/04 Tgl Transaksi"), findTestData("GoAMLReport/Transaksi").getValue(2, rowNum)): Text '27-May-99' is set on object 'Object Repository/GoAmlReport/02 Transaksi/04 Tgl Transaksi'

2020-09-02 13:03:03 - [MESSAGE][PASSED] - Text '27-May-99' is set on object 'Object Repository/GoAmlReport/02 Transaksi/04 Tgl Transaksi'

2020-09-02 13:03:03 - [TEST_STEP][PASSED] - setText(findTestObject("GoAmlReport/02 Transaksi/05 Nama Teller"), "Miss Teller"): Text 'Miss Teller' is set on object 'Object Repository/GoAmlReport/02 Transaksi/05 Nama Teller'

2020-09-02 13:03:04 - [MESSAGE][PASSED] - Text 'Miss Teller' is set on object 'Object Repository/GoAmlReport/02 Transaksi/05 Nama Teller'

2020-09-02 13:03:04 - [TEST_STEP][PASSED] - setText(findTestObject("GoAmlReport/02 Transaksi/06 Nama Pejabat"), "Mr Pejabat"): Text 'Mr Pejabat' is set on object 'Object Repository/GoAmlReport/02 Transaksi/06 Nama Pejabat'

2020-09-02 13:03:04 - [MESSAGE][PASSED] - Text 'Mr Pejabat' is set on object 'Object Repository/GoAmlReport/02 Transaksi/06 Nama Pejabat'

2020-09-02 13:03:04 - [TEST_STEP][PASSED] - setText(findTestObject("GoAmlReport/02 Transaksi/07 Tgl Pembukuan"), "01-May-20"): Text '01-May-20' is set on object 'Object Repository/GoAmlReport/02 Transaksi/07 Tgl Pembukuan'

2020-09-02 13:03:05 - [MESSAGE][PASSED] - Text '01-May-20' is set on object 'Object Repository/GoAmlReport/02 Transaksi/07 Tgl Pembukuan'

2020-09-02 13:03:05 - [TEST_STEP][PASSED] - delay(3): Delayed 3 second(s)

2020-09-02 13:03:08 - [MESSAGE][PASSED] - Delayed 3 second(s)

2020-09-02 13:03:08 - [TEST_STEP][PASSED] - sendKeys(findTestObject("GoAmlReport/02 Transaksi/07 Tgl Pembukuan"), Keys.chord(ENTER)): Keys 'ENTER + ' sent to object: 'Object Repository/GoAmlReport/02 Transaksi/07 Tgl Pembukuan'

2020-09-02 13:03:09 - [MESSAGE][PASSED] - Keys 'ENTER + ' sent to object: 'Object Repository/GoAmlReport/02 Transaksi/07 Tgl Pembukuan'

2020-09-02 13:03:09 - [TEST_STEP][PASSED] - scrollToElement(findTestObject("GoAmlReport/02 Transaksi/08 Cara Trx Dilakukan"), 3): Scroll to object 'Object Repository/GoAmlReport/02 Transaksi/08 Cara Trx Dilakukan' successfully

2020-09-02 13:03:09 - [MESSAGE][PASSED] - Scroll to object 'Object Repository/GoAmlReport/02 Transaksi/08 Cara Trx Dilakukan' successfully

2020-09-02 13:03:09 - [TEST_STEP][PASSED] - setText(findTestObject("GoAmlReport/02 Transaksi/08 Cara Trx Dilakukan"), findTestData("GoAMLReport/Transaksi").getValue(3, rowNum)): Text 'KRM-Pengiriman Uang' is set on object 'Object Repository/GoAmlReport/02 Transaksi/08 Cara Trx Dilakukan'

2020-09-02 13:03:10 - [MESSAGE][PASSED] - Text 'KRM-Pengiriman Uang' is set on object 'Object Repository/GoAmlReport/02 Transaksi/08 Cara Trx Dilakukan'

2020-09-02 13:03:10 - [TEST_STEP][PASSED] - delay(3): Delayed 3 second(s)

2020-09-02 13:03:13 - [MESSAGE][PASSED] - Delayed 3 second(s)

2020-09-02 13:03:13 - [TEST_STEP][PASSED] - sendKeys(findTestObject("GoAmlReport/02 Transaksi/08 Cara Trx Dilakukan"), Keys.chord(ENTER)): Keys 'ENTER + ' sent to object: 'Object Repository/GoAmlReport/02 Transaksi/08 Cara Trx Dilakukan'

2020-09-02 13:03:13 - [MESSAGE][PASSED] - Keys 'ENTER + ' sent to object: 'Object Repository/GoAmlReport/02 Transaksi/08 Cara Trx Dilakukan'

2020-09-02 13:03:13 - [TEST_STEP][PASSED] - scrollToElement(findTestObject("GoAmlReport/02 Transaksi/09 Cara Trx Lain"), 3): Scroll to object 'Object Repository/GoAmlReport/02 Transaksi/09 Cara Trx Lain' successfully

2020-09-02 13:03:14 - [MESSAGE][PASSED] - Scroll to object 'Object Repository/GoAmlReport/02 Transaksi/09 Cara Trx Lain' successfully

2020-09-02 13:03:14 - [TEST_STEP][PASSED] - setText(findTestObject("GoAmlReport/02 Transaksi/09 Cara Trx Lain"), "Tidak-Ada"): Text 'Tidak-Ada' is set on object 'Object Repository/GoAmlReport/02 Transaksi/09 Cara Trx Lain'

2020-09-02 13:03:14 - [MESSAGE][PASSED] - Text 'Tidak-Ada' is set on object 'Object Repository/GoAmlReport/02 Transaksi/09 Cara Trx Lain'

2020-09-02 13:03:14 - [TEST_STEP][PASSED] - scrollToElement(findTestObject("GoAmlReport/02 Transaksi/10 Nilai Trx (IDR)"), 3): Scroll to object 'Object Repository/GoAmlReport/02 Transaksi/10 Nilai Trx (IDR)' successfully

2020-09-02 13:03:15 - [MESSAGE][PASSED] - Scroll to object 'Object Repository/GoAmlReport/02 Transaksi/10 Nilai Trx (IDR)' successfully

2020-09-02 13:03:15 - [TEST_STEP][PASSED] - setText(findTestObject("GoAmlReport/02 Transaksi/10 Nilai Trx (IDR)"), findTestData("GoAMLReport/Transaksi").getValue(4, rowNum)): Text '500000000' is set on object 'Object Repository/GoAmlReport/02 Transaksi/10 Nilai Trx (IDR)'

2020-09-02 13:03:15 - [MESSAGE][PASSED] - Text '500000000' is set on object 'Object Repository/GoAmlReport/02 Transaksi/10 Nilai Trx (IDR)'

2020-09-02 13:03:15 - [TEST_STEP][PASSED] - setText(findTestObject("GoAmlReport/02 Transaksi/11 Type Trx"), findTestData("GoAMLReport/Transaksi").getValue(5, rowNum)): Text 'Bi-Party' is set on object 'Object Repository/GoAmlReport/02 Transaksi/11 Type Trx'

2020-09-02 13:03:16 - [MESSAGE][PASSED] - Text 'Bi-Party' is set on object 'Object Repository/GoAmlReport/02 Transaksi/11 Type Trx'

2020-09-02 13:03:16 - [TEST_STEP][PASSED] - delay(3): Delayed 3 second(s)

2020-09-02 13:03:19 - [MESSAGE][PASSED] - Delayed 3 second(s)

2020-09-02 13:03:19 - [TEST_STEP][PASSED] - sendKeys(findTestObject("GoAmlReport/02 Transaksi/11 Type Trx"), Keys.chord(ENTER)): Keys 'ENTER + ' sent to object: 'Object Repository/GoAmlReport/02 Transaksi/11 Type Trx'

2020-09-02 13:03:20 - [MESSAGE][PASSED] - Keys 'ENTER + ' sent to object: 'Object Repository/GoAmlReport/02 Transaksi/11 Type Trx'

2020-09-02 13:03:20 - [MESSAGE][PASSED] - Call Test Case 'Test Cases/GoAML Report 3' successfully

2020-09-02 13:03:20 - [TEST_STEP][PASSED] - callTestCase(findTestCase("Identitas Orang Mewakili Transaksi"), [:], STOP_ON_FAILURE): Call Test Case 'Test Cases/Identitas Orang Mewakili Transaksi' successfully

2020-09-02 13:03:20 - [TEST_CASE][PASSED] - Test Cases/Identitas Orang Mewakili Transaksi: Test Cases/Identitas Orang Mewakili Transaksi

2020-09-02 13:03:20 - [TEST_STEP][PASSED] - for ([rowNum = 1, rowNum <= findTestData("GoAMLReport/Transaksi").getRowNumbers(), (rowNum++)]): Object: 'Object Repository/GoAmlReport/08 Identitas Orang Mewakili Transaksi/07/08 Save' is clicked on

2020-09-02 13:03:20 - [TEST_STEP][PASSED] - delay(6): Delayed 6 second(s)

2020-09-02 13:03:26 - [MESSAGE][PASSED] - Delayed 6 second(s)

2020-09-02 13:03:26 - [TEST_STEP][PASSED] - if (findTestData("GoAMLReport/Transaksi").getValue(13, rowNum) == "true"): Object: 'Object Repository/GoAmlReport/08 Identitas Orang Mewakili Transaksi/07/08 Save' is clicked on

2020-09-02 13:03:26 - [TEST_STEP][PASSED] - click(findTestObject("GoAmlReport/08 Identitas Orang Mewakili Transaksi/01/01 Yes")): Object: 'Object Repository/GoAmlReport/08 Identitas Orang Mewakili Transaksi/01/01 Yes' is clicked on

2020-09-02 13:03:26 - [MESSAGE][PASSED] - Object: 'Object Repository/GoAmlReport/08 Identitas Orang Mewakili Transaksi/01/01 Yes' is clicked on

2020-09-02 13:03:26 - [TEST_STEP][PASSED] - delay(8): Delayed 8 second(s)

2020-09-02 13:03:34 - [MESSAGE][PASSED] - Delayed 8 second(s)

2020-09-02 13:03:34 - [TEST_STEP][PASSED] - setText(findTestObject("GoAmlReport/08 Identitas Orang Mewakili Transaksi/01/02 Jenis Kelamin"), "F - Female"): Text 'F - Female' is set on object 'Object Repository/GoAmlReport/08 Identitas Orang Mewakili Transaksi/01/02 Jenis Kelamin'

2020-09-02 13:03:35 - [MESSAGE][PASSED] - Text 'F - Female' is set on object 'Object Repository/GoAmlReport/08 Identitas Orang Mewakili Transaksi/01/02 Jenis Kelamin'

2020-09-02 13:03:35 - [TEST_STEP][PASSED] - delay(3): Delayed 3 second(s)

2020-09-02 13:03:38 - [MESSAGE][PASSED] - Delayed 3 second(s)

2020-09-02 13:03:38 - [TEST_STEP][PASSED] - sendKeys(findTestObject("GoAmlReport/08 Identitas Orang Mewakili Transaksi/01/02 Jenis Kelamin"), Keys.chord(ENTER)): Keys 'ENTER + ' sent to object: 'Object Repository/GoAmlReport/08 Identitas Orang Mewakili Transaksi/01/02 Jenis Kelamin'

2020-09-02 13:03:38 - [MESSAGE][PASSED] - Keys 'ENTER + ' sent to object: 'Object Repository/GoAmlReport/08 Identitas Orang Mewakili Transaksi/01/02 Jenis Kelamin'

2020-09-02 13:03:38 - [TEST_STEP][PASSED] - setText(findTestObject("GoAmlReport/08 Identitas Orang Mewakili Transaksi/01/03 Gelar"), "Missfortune"): Text 'Missfortune' is set on object 'Object Repository/GoAmlReport/08 Identitas Orang Mewakili Transaksi/01/03 Gelar'

2020-09-02 13:03:40 - [MESSAGE][PASSED] - Text 'Missfortune' is set on object 'Object Repository/GoAmlReport/08 Identitas Orang Mewakili Transaksi/01/03 Gelar'

2020-09-02 13:03:40 - [TEST_STEP][PASSED] - setText(findTestObject("GoAmlReport/08 Identitas Orang Mewakili Transaksi/01/04 Nama Lengkap"), "Anggi Firmansah"): Text 'Anggi Firmansah' is set on object 'Object Repository/GoAmlReport/08 Identitas Orang Mewakili Transaksi/01/04 Nama Lengkap'

2020-09-02 13:03:40 - [MESSAGE][PASSED] - Text 'Anggi Firmansah' is set on object 'Object Repository/GoAmlReport/08 Identitas Orang Mewakili Transaksi/01/04 Nama Lengkap'

2020-09-02 13:03:40 - [TEST_STEP][PASSED] - setText(findTestObject("GoAmlReport/08 Identitas Orang Mewakili Transaksi/01/05 Tanggl Lahir"), "13-Mar-93"): Text '13-Mar-93' is set on object 'Object Repository/GoAmlReport/08 Identitas Orang Mewakili Transaksi/01/05 Tanggl Lahir'

2020-09-02 13:03:41 - [MESSAGE][PASSED] - Text '13-Mar-93' is set on object 'Object Repository/GoAmlReport/08 Identitas Orang Mewakili Transaksi/01/05 Tanggl Lahir'

2020-09-02 13:03:41 - [TEST_STEP][PASSED] - delay(3): Delayed 3 second(s)

2020-09-02 13:03:44 - [MESSAGE][PASSED] - Delayed 3 second(s)

2020-09-02 13:03:44 - [TEST_STEP][PASSED] - sendKeys(findTestObject("GoAmlReport/08 Identitas Orang Mewakili Transaksi/01/05 Tanggl Lahir"), Keys.chord(ENTER)): Keys 'ENTER + ' sent to object: 'Object Repository/GoAmlReport/08 Identitas Orang Mewakili Transaksi/01/05 Tanggl Lahir'

2020-09-02 13:03:45 - [MESSAGE][PASSED] - Keys 'ENTER + ' sent to object: 'Object Repository/GoAmlReport/08 Identitas Orang Mewakili Transaksi/01/05 Tanggl Lahir'

2020-09-02 13:03:45 - [TEST_STEP][PASSED] - setText(findTestObject("GoAmlReport/08 Identitas Orang Mewakili Transaksi/01/06 Tempat Lahir"), "Jakarta"): Text 'Jakarta' is set on object 'Object Repository/GoAmlReport/08 Identitas Orang Mewakili Transaksi/01/06 Tempat Lahir'

2020-09-02 13:03:46 - [MESSAGE][PASSED] - Text 'Jakarta' is set on object 'Object Repository/GoAmlReport/08 Identitas Orang Mewakili Transaksi/01/06 Tempat Lahir'

2020-09-02 13:03:46 - [TEST_STEP][PASSED] - setText(findTestObject("GoAmlReport/08 Identitas Orang Mewakili Transaksi/01/07 Nama Ibu Kandung"), "Ibu"): Text 'Ibu' is set on object 'Object Repository/GoAmlReport/08 Identitas Orang Mewakili Transaksi/01/07 Nama Ibu Kandung'

2020-09-02 13:03:46 - [MESSAGE][PASSED] - Text 'Ibu' is set on object 'Object Repository/GoAmlReport/08 Identitas Orang Mewakili Transaksi/01/07 Nama Ibu Kandung'

2020-09-02 13:03:46 - [TEST_STEP][PASSED] - setText(findTestObject("GoAmlReport/08 Identitas Orang Mewakili Transaksi/01/09 NIK"), "31333"): Text '31333' is set on object 'Object Repository/GoAmlReport/08 Identitas Orang Mewakili Transaksi/01/09 NIK'

2020-09-02 13:03:47 - [MESSAGE][PASSED] - Text '31333' is set on object 'Object Repository/GoAmlReport/08 Identitas Orang Mewakili Transaksi/01/09 NIK'

2020-09-02 13:03:47 - [TEST_STEP][PASSED] - setText(findTestObject("GoAmlReport/08 Identitas Orang Mewakili Transaksi/01/10 No Passpor"), "123444"): Text '123444' is set on object 'Object Repository/GoAmlReport/08 Identitas Orang Mewakili Transaksi/01/10 No Passpor'

2020-09-02 13:03:48 - [MESSAGE][PASSED] - Text '123444' is set on object 'Object Repository/GoAmlReport/08 Identitas Orang Mewakili Transaksi/01/10 No Passpor'

2020-09-02 13:03:48 - [TEST_STEP][PASSED] - setText(findTestObject("GoAmlReport/08 Identitas Orang Mewakili Transaksi/01/11 Negara Penerbit Paspor"), "Indonesia"): Text 'Indonesia' is set on object 'Object Repository/GoAmlReport/08 Identitas Orang Mewakili Transaksi/01/11 Negara Penerbit Paspor'

2020-09-02 13:03:48 - [MESSAGE][PASSED] - Text 'Indonesia' is set on object 'Object Repository/GoAmlReport/08 Identitas Orang Mewakili Transaksi/01/11 Negara Penerbit Paspor'

2020-09-02 13:03:48 - [TEST_STEP][PASSED] - delay(3): Delayed 3 second(s)

2020-09-02 13:03:51 - [MESSAGE][PASSED] - Delayed 3 second(s)

2020-09-02 13:03:51 - [TEST_STEP][PASSED] - sendKeys(findTestObject("GoAmlReport/08 Identitas Orang Mewakili Transaksi/01/11 Negara Penerbit Paspor"), Keys.chord(ENTER)): Keys 'ENTER + ' sent to object: 'Object Repository/GoAmlReport/08 Identitas Orang Mewakili Transaksi/01/11 Negara Penerbit Paspor'

2020-09-02 13:03:52 - [MESSAGE][PASSED] - Keys 'ENTER + ' sent to object: 'Object Repository/GoAmlReport/08 Identitas Orang Mewakili Transaksi/01/11 Negara Penerbit Paspor'

2020-09-02 13:03:52 - [TEST_STEP][PASSED] - setText(findTestObject("GoAmlReport/08 Identitas Orang Mewakili Transaksi/01/12 No Identitas Lain"), "555555555"): Text '555555555' is set on object 'Object Repository/GoAmlReport/08 Identitas Orang Mewakili Transaksi/01/12 No Identitas Lain'

2020-09-02 13:03:53 - [MESSAGE][PASSED] - Text '555555555' is set on object 'Object Repository/GoAmlReport/08 Identitas Orang Mewakili Transaksi/01/12 No Identitas Lain'

2020-09-02 13:03:53 - [TEST_STEP][PASSED] - setText(findTestObject("GoAmlReport/08 Identitas Orang Mewakili Transaksi/04/01 Kwrg 1"), "ID - INDONESIA"): Text 'ID - INDONESIA' is set on object 'Object Repository/GoAmlReport/08 Identitas Orang Mewakili Transaksi/04/01 Kwrg 1'

2020-09-02 13:03:54 - [MESSAGE][PASSED] - Text 'ID - INDONESIA' is set on object 'Object Repository/GoAmlReport/08 Identitas Orang Mewakili Transaksi/04/01 Kwrg 1'

2020-09-02 13:03:54 - [TEST_STEP][PASSED] - delay(3): Delayed 3 second(s)

2020-09-02 13:03:57 - [MESSAGE][PASSED] - Delayed 3 second(s)

2020-09-02 13:03:57 - [TEST_STEP][PASSED] - sendKeys(findTestObject("GoAmlReport/08 Identitas Orang Mewakili Transaksi/04/01 Kwrg 1"), Keys.chord(ENTER)): Keys 'ENTER + ' sent to object: 'Object Repository/GoAmlReport/08 Identitas Orang Mewakili Transaksi/04/01 Kwrg 1'

2020-09-02 13:03:57 - [MESSAGE][PASSED] - Keys 'ENTER + ' sent to object: 'Object Repository/GoAmlReport/08 Identitas Orang Mewakili Transaksi/04/01 Kwrg 1'

2020-09-02 13:03:57 - [TEST_STEP][PASSED] - setText(findTestObject("GoAmlReport/08 Identitas Orang Mewakili Transaksi/04/02 Kwrg 2"), "ID - INDONESIA"): Text 'ID - INDONESIA' is set on object 'Object Repository/GoAmlReport/08 Identitas Orang Mewakili Transaksi/04/02 Kwrg 2'

2020-09-02 13:03:58 - [MESSAGE][PASSED] - Text 'ID - INDONESIA' is set on object 'Object Repository/GoAmlReport/08 Identitas Orang Mewakili Transaksi/04/02 Kwrg 2'

2020-09-02 13:03:58 - [TEST_STEP][PASSED] - delay(3): Delayed 3 second(s)

2020-09-02 13:04:01 - [MESSAGE][PASSED] - Delayed 3 second(s)

2020-09-02 13:04:01 - [TEST_STEP][PASSED] - sendKeys(findTestObject("GoAmlReport/08 Identitas Orang Mewakili Transaksi/04/02 Kwrg 2"), Keys.chord(ENTER)): Keys 'ENTER + ' sent to object: 'Object Repository/GoAmlReport/08 Identitas Orang Mewakili Transaksi/04/02 Kwrg 2'

2020-09-02 13:04:01 - [MESSAGE][PASSED] - Keys 'ENTER + ' sent to object: 'Object Repository/GoAmlReport/08 Identitas Orang Mewakili Transaksi/04/02 Kwrg 2'

2020-09-02 13:04:01 - [TEST_STEP][PASSED] - setText(findTestObject("GoAmlReport/08 Identitas Orang Mewakili Transaksi/04/03 Kwrg 3"), "ID - INDONESIA"): Text 'ID - INDONESIA' is set on object 'Object Repository/GoAmlReport/08 Identitas Orang Mewakili Transaksi/04/03 Kwrg 3'

2020-09-02 13:04:02 - [MESSAGE][PASSED] - Text 'ID - INDONESIA' is set on object 'Object Repository/GoAmlReport/08 Identitas Orang Mewakili Transaksi/04/03 Kwrg 3'

2020-09-02 13:04:02 - [TEST_STEP][PASSED] - delay(3): Delayed 3 second(s)

2020-09-02 13:04:05 - [MESSAGE][PASSED] - Delayed 3 second(s)

2020-09-02 13:04:05 - [TEST_STEP][PASSED] - sendKeys(findTestObject("GoAmlReport/08 Identitas Orang Mewakili Transaksi/04/03 Kwrg 3"), Keys.chord(ENTER)): Keys 'ENTER + ' sent to object: 'Object Repository/GoAmlReport/08 Identitas Orang Mewakili Transaksi/04/03 Kwrg 3'

2020-09-02 13:04:05 - [MESSAGE][PASSED] - Keys 'ENTER + ' sent to object: 'Object Repository/GoAmlReport/08 Identitas Orang Mewakili Transaksi/04/03 Kwrg 3'

2020-09-02 13:04:05 - [TEST_STEP][PASSED] - delay(3): Delayed 3 second(s)

2020-09-02 13:04:08 - [MESSAGE][PASSED] - Delayed 3 second(s)

2020-09-02 13:04:08 - [TEST_STEP][PASSED] - sendKeys(findTestObject("GoAmlReport/08 Identitas Orang Mewakili Transaksi/04/04 Negara Domisili"), "ID - INDONESIA"): Keys 'ID - INDONESIA' sent to object: 'Object Repository/GoAmlReport/08 Identitas Orang Mewakili Transaksi/04/04 Negara Domisili'

2020-09-02 13:04:09 - [MESSAGE][PASSED] - Keys 'ID - INDONESIA' sent to object: 'Object Repository/GoAmlReport/08 Identitas Orang Mewakili Transaksi/04/04 Negara Domisili'

2020-09-02 13:04:09 - [TEST_STEP][PASSED] - delay(3): Delayed 3 second(s)

2020-09-02 13:04:12 - [MESSAGE][PASSED] - Delayed 3 second(s)

2020-09-02 13:04:12 - [TEST_STEP][PASSED] - sendKeys(findTestObject("GoAmlReport/08 Identitas Orang Mewakili Transaksi/04/04 Negara Domisili"), Keys.chord(ENTER)): Keys 'ENTER + ' sent to object: 'Object Repository/GoAmlReport/08 Identitas Orang Mewakili Transaksi/04/04 Negara Domisili'

2020-09-02 13:04:13 - [MESSAGE][PASSED] - Keys 'ENTER + ' sent to object: 'Object Repository/GoAmlReport/08 Identitas Orang Mewakili Transaksi/04/04 Negara Domisili'

2020-09-02 13:04:13 - [TEST_STEP][PASSED] - scrollToElement(findTestObject("GoAmlReport/08 Identitas Orang Mewakili Transaksi/04/10 Pekerjaa"), 3): Scroll to object 'Object Repository/GoAmlReport/08 Identitas Orang Mewakili Transaksi/04/10 Pekerjaa' successfully

2020-09-02 13:04:13 - [MESSAGE][PASSED] - Scroll to object 'Object Repository/GoAmlReport/08 Identitas Orang Mewakili Transaksi/04/10 Pekerjaa' successfully

2020-09-02 13:04:13 - [TEST_STEP][PASSED] - setText(findTestObject("GoAmlReport/08 Identitas Orang Mewakili Transaksi/04/10 Pekerjaa"), "IT IT an"): Text 'IT IT an' is set on object 'Object Repository/GoAmlReport/08 Identitas Orang Mewakili Transaksi/04/10 Pekerjaa'

2020-09-02 13:04:14 - [MESSAGE][PASSED] - Text 'IT IT an' is set on object 'Object Repository/GoAmlReport/08 Identitas Orang Mewakili Transaksi/04/10 Pekerjaa'

2020-09-02 13:04:14 - [TEST_STEP][PASSED] - scrollToElement(findTestObject("GoAmlReport/08 Identitas Orang Mewakili Transaksi/04/11 Tempat Bekerja"), 3): Scroll to object 'Object Repository/GoAmlReport/08 Identitas Orang Mewakili Transaksi/04/11 Tempat Bekerja' successfully

2020-09-02 13:04:14 - [MESSAGE][PASSED] - Scroll to object 'Object Repository/GoAmlReport/08 Identitas Orang Mewakili Transaksi/04/11 Tempat Bekerja' successfully

2020-09-02 13:04:14 - [TEST_STEP][PASSED] - setText(findTestObject("GoAmlReport/08 Identitas Orang Mewakili Transaksi/04/11 Tempat Bekerja"), "JAKARTA"): Text 'JAKARTA' is set on object 'Object Repository/GoAmlReport/08 Identitas Orang Mewakili Transaksi/04/11 Tempat Bekerja'

2020-09-02 13:04:15 - [MESSAGE][PASSED] - Text 'JAKARTA' is set on object 'Object Repository/GoAmlReport/08 Identitas Orang Mewakili Transaksi/04/11 Tempat Bekerja'

2020-09-02 13:04:15 - [TEST_STEP][PASSED] - setText(findTestObject("GoAmlReport/08 Identitas Orang Mewakili Transaksi/07/10 Sumber Dana"), "Maling"): Text 'Maling' is set on object 'Object Repository/GoAmlReport/08 Identitas Orang Mewakili Transaksi/07/10 Sumber Dana'

2020-09-02 13:04:15 - [MESSAGE][PASSED] - Text 'Maling' is set on object 'Object Repository/GoAmlReport/08 Identitas Orang Mewakili Transaksi/07/10 Sumber Dana'

2020-09-02 13:04:15 - [TEST_STEP][PASSED] - setText(findTestObject("GoAmlReport/08 Identitas Orang Mewakili Transaksi/07/11 Catatan"), "tydacc addacc"): Text 'tydacc addacc' is set on object 'Object Repository/GoAmlReport/08 Identitas Orang Mewakili Transaksi/07/11 Catatan'

2020-09-02 13:04:16 - [MESSAGE][PASSED] - Text 'tydacc addacc' is set on object 'Object Repository/GoAmlReport/08 Identitas Orang Mewakili Transaksi/07/11 Catatan'

2020-09-02 13:04:16 - [TEST_STEP][PASSED] - scrollToElement(findTestObject("GoAmlReport/08 Identitas Orang Mewakili Transaksi/02/01 Add"), 3): Scroll to object 'Object Repository/GoAmlReport/08 Identitas Orang Mewakili Transaksi/02/01 Add' successfully

2020-09-02 13:04:16 - [MESSAGE][PASSED] - Scroll to object 'Object Repository/GoAmlReport/08 Identitas Orang Mewakili Transaksi/02/01 Add' successfully

2020-09-02 13:04:16 - [TEST_STEP][PASSED] - click(findTestObject("GoAmlReport/08 Identitas Orang Mewakili Transaksi/02/01 Add")): Object: 'Object Repository/GoAmlReport/08 Identitas Orang Mewakili Transaksi/02/01 Add' is clicked on

2020-09-02 13:04:17 - [MESSAGE][PASSED] - Object: 'Object Repository/GoAmlReport/08 Identitas Orang Mewakili Transaksi/02/01 Add' is clicked on

2020-09-02 13:04:17 - [TEST_STEP][PASSED] - delay(5): Delayed 5 second(s)

2020-09-02 13:04:22 - [MESSAGE][PASSED] - Delayed 5 second(s)

2020-09-02 13:04:22 - [TEST_STEP][PASSED] - setText(findTestObject("GoAmlReport/08 Identitas Orang Mewakili Transaksi/02/02 Kategori Kontak"), "D - Domisili"): Text 'D - Domisili' is set on object 'Object Repository/GoAmlReport/08 Identitas Orang Mewakili Transaksi/02/02 Kategori Kontak'

2020-09-02 13:04:23 - [MESSAGE][PASSED] - Text 'D - Domisili' is set on object 'Object Repository/GoAmlReport/08 Identitas Orang Mewakili Transaksi/02/02 Kategori Kontak'

2020-09-02 13:04:23 - [TEST_STEP][PASSED] - delay(3): Delayed 3 second(s)

2020-09-02 13:04:26 - [MESSAGE][PASSED] - Delayed 3 second(s)

2020-09-02 13:04:26 - [TEST_STEP][PASSED] - sendKeys(findTestObject("GoAmlReport/08 Identitas Orang Mewakili Transaksi/02/02 Kategori Kontak"), Keys.chord(ENTER)): Keys 'ENTER + ' sent to object: 'Object Repository/GoAmlReport/08 Identitas Orang Mewakili Transaksi/02/02 Kategori Kontak'

2020-09-02 13:04:26 - [MESSAGE][PASSED] - Keys 'ENTER + ' sent to object: 'Object Repository/GoAmlReport/08 Identitas Orang Mewakili Transaksi/02/02 Kategori Kontak'

2020-09-02 13:04:26 - [TEST_STEP][PASSED] - setText(findTestObject("GoAmlReport/08 Identitas Orang Mewakili Transaksi/02/03 Alat Komunikasi"), "PSTN - PSTN"): Text 'PSTN - PSTN' is set on object 'Object Repository/GoAmlReport/08 Identitas Orang Mewakili Transaksi/02/03 Alat Komunikasi'

2020-09-02 13:04:27 - [MESSAGE][PASSED] - Text 'PSTN - PSTN' is set on object 'Object Repository/GoAmlReport/08 Identitas Orang Mewakili Transaksi/02/03 Alat Komunikasi'

2020-09-02 13:04:27 - [TEST_STEP][PASSED] - delay(3): Delayed 3 second(s)

2020-09-02 13:04:30 - [MESSAGE][PASSED] - Delayed 3 second(s)

2020-09-02 13:04:30 - [TEST_STEP][PASSED] - sendKeys(findTestObject("GoAmlReport/08 Identitas Orang Mewakili Transaksi/02/03 Alat Komunikasi"), Keys.chord(ENTER)): Keys 'ENTER + ' sent to object: 'Object Repository/GoAmlReport/08 Identitas Orang Mewakili Transaksi/02/03 Alat Komunikasi'

2020-09-02 13:04:31 - [MESSAGE][PASSED] - Keys 'ENTER + ' sent to object: 'Object Repository/GoAmlReport/08 Identitas Orang Mewakili Transaksi/02/03 Alat Komunikasi'

2020-09-02 13:04:31 - [TEST_STEP][PASSED] - setText(findTestObject("GoAmlReport/08 Identitas Orang Mewakili Transaksi/02/05 Nomor Telepon"), "0986745632"): Text '0986745632' is set on object 'Object Repository/GoAmlReport/08 Identitas Orang Mewakili Transaksi/02/05 Nomor Telepon'

2020-09-02 13:04:31 - [MESSAGE][PASSED] - Text '0986745632' is set on object 'Object Repository/GoAmlReport/08 Identitas Orang Mewakili Transaksi/02/05 Nomor Telepon'

2020-09-02 13:04:31 - [TEST_STEP][PASSED] - delay(2): Delayed 2 second(s)

2020-09-02 13:04:33 - [MESSAGE][PASSED] - Delayed 2 second(s)

2020-09-02 13:04:33 - [TEST_STEP][PASSED] - scrollToElement(findTestObject("GoAmlReport/08 Identitas Orang Mewakili Transaksi/02/08 Save"), 3): Scroll to object 'Object Repository/GoAmlReport/08 Identitas Orang Mewakili Transaksi/02/08 Save' successfully

2020-09-02 13:04:34 - [MESSAGE][PASSED] - Scroll to object 'Object Repository/GoAmlReport/08 Identitas Orang Mewakili Transaksi/02/08 Save' successfully

2020-09-02 13:04:34 - [TEST_STEP][PASSED] - click(findTestObject("GoAmlReport/08 Identitas Orang Mewakili Transaksi/02/08 Save")): Object: 'Object Repository/GoAmlReport/08 Identitas Orang Mewakili Transaksi/02/08 Save' is clicked on

2020-09-02 13:04:34 - [MESSAGE][PASSED] - Object: 'Object Repository/GoAmlReport/08 Identitas Orang Mewakili Transaksi/02/08 Save' is clicked on

2020-09-02 13:04:34 - [TEST_STEP][PASSED] - delay(5): Delayed 5 second(s)

2020-09-02 13:04:39 - [MESSAGE][PASSED] - Delayed 5 second(s)

2020-09-02 13:04:39 - [TEST_STEP][PASSED] - scrollToElement(findTestObject("GoAmlReport/08 Identitas Orang Mewakili Transaksi/03/01 Add"), 3): Scroll to object 'Object Repository/GoAmlReport/08 Identitas Orang Mewakili Transaksi/03/01 Add' successfully

2020-09-02 13:04:40 - [MESSAGE][PASSED] - Scroll to object 'Object Repository/GoAmlReport/08 Identitas Orang Mewakili Transaksi/03/01 Add' successfully

2020-09-02 13:04:40 - [TEST_STEP][PASSED] - click(findTestObject("GoAmlReport/08 Identitas Orang Mewakili Transaksi/03/01 Add")): Object: 'Object Repository/GoAmlReport/08 Identitas Orang Mewakili Transaksi/03/01 Add' is clicked on

2020-09-02 13:04:40 - [MESSAGE][PASSED] - Object: 'Object Repository/GoAmlReport/08 Identitas Orang Mewakili Transaksi/03/01 Add' is clicked on

2020-09-02 13:04:40 - [TEST_STEP][PASSED] - delay(5): Delayed 5 second(s)

2020-09-02 13:04:45 - [MESSAGE][PASSED] - Delayed 5 second(s)

2020-09-02 13:04:45 - [TEST_STEP][PASSED] - setText(findTestObject("GoAmlReport/08 Identitas Orang Mewakili Transaksi/03/02 Tipe Alamat"), "D - Domisili"): Text 'D - Domisili' is set on object 'Object Repository/GoAmlReport/08 Identitas Orang Mewakili Transaksi/03/02 Tipe Alamat'

2020-09-02 13:04:46 - [MESSAGE][PASSED] - Text 'D - Domisili' is set on object 'Object Repository/GoAmlReport/08 Identitas Orang Mewakili Transaksi/03/02 Tipe Alamat'

2020-09-02 13:04:46 - [TEST_STEP][PASSED] - delay(5): Delayed 5 second(s)

2020-09-02 13:04:51 - [MESSAGE][PASSED] - Delayed 5 second(s)

2020-09-02 13:04:51 - [TEST_STEP][PASSED] - sendKeys(findTestObject("GoAmlReport/08 Identitas Orang Mewakili Transaksi/03/02 Tipe Alamat"), Keys.chord(ENTER)): Keys 'ENTER + ' sent to object: 'Object Repository/GoAmlReport/08 Identitas Orang Mewakili Transaksi/03/02 Tipe Alamat'

2020-09-02 13:04:51 - [MESSAGE][PASSED] - Keys 'ENTER + ' sent to object: 'Object Repository/GoAmlReport/08 Identitas Orang Mewakili Transaksi/03/02 Tipe Alamat'

2020-09-02 13:04:51 - [TEST_STEP][PASSED] - setText(findTestObject("GoAmlReport/08 Identitas Orang Mewakili Transaksi/03/03 Alamat"), "Jl. sdhjsadkjsnadklsandkjasd"): Text 'Jl. sdhjsadkjsnadklsandkjasd' is set on object 'Object Repository/GoAmlReport/08 Identitas Orang Mewakili Transaksi/03/03 Alamat'

2020-09-02 13:04:52 - [MESSAGE][PASSED] - Text 'Jl. sdhjsadkjsnadklsandkjasd' is set on object 'Object Repository/GoAmlReport/08 Identitas Orang Mewakili Transaksi/03/03 Alamat'

2020-09-02 13:04:52 - [TEST_STEP][PASSED] - setText(findTestObject("GoAmlReport/08 Identitas Orang Mewakili Transaksi/03/05 Kota"), "Jakarta"): Text 'Jakarta' is set on object 'Object Repository/GoAmlReport/08 Identitas Orang Mewakili Transaksi/03/05 Kota'

2020-09-02 13:04:53 - [MESSAGE][PASSED] - Text 'Jakarta' is set on object 'Object Repository/GoAmlReport/08 Identitas Orang Mewakili Transaksi/03/05 Kota'

2020-09-02 13:04:53 - [TEST_STEP][PASSED] - setText(findTestObject("GoAmlReport/08 Identitas Orang Mewakili Transaksi/03/07 Negara"), "ID - INDONESIA"): Text 'ID - INDONESIA' is set on object 'Object Repository/GoAmlReport/08 Identitas Orang Mewakili Transaksi/03/07 Negara'

2020-09-02 13:04:54 - [MESSAGE][PASSED] - Text 'ID - INDONESIA' is set on object 'Object Repository/GoAmlReport/08 Identitas Orang Mewakili Transaksi/03/07 Negara'

2020-09-02 13:04:54 - [TEST_STEP][PASSED] - delay(3): Delayed 3 second(s)

2020-09-02 13:04:57 - [MESSAGE][PASSED] - Delayed 3 second(s)

2020-09-02 13:04:57 - [TEST_STEP][PASSED] - sendKeys(findTestObject("GoAmlReport/08 Identitas Orang Mewakili Transaksi/03/07 Negara"), Keys.chord(ENTER)): Keys 'ENTER + ' sent to object: 'Object Repository/GoAmlReport/08 Identitas Orang Mewakili Transaksi/03/07 Negara'

2020-09-02 13:04:57 - [MESSAGE][PASSED] - Keys 'ENTER + ' sent to object: 'Object Repository/GoAmlReport/08 Identitas Orang Mewakili Transaksi/03/07 Negara'

2020-09-02 13:04:57 - [TEST_STEP][PASSED] - delay(2): Delayed 2 second(s)

2020-09-02 13:04:59 - [MESSAGE][PASSED] - Delayed 2 second(s)

2020-09-02 13:04:59 - [TEST_STEP][PASSED] - click(findTestObject("GoAmlReport/08 Identitas Orang Mewakili Transaksi/03/10 Save")): Object: 'Object Repository/GoAmlReport/08 Identitas Orang Mewakili Transaksi/03/10 Save' is clicked on

2020-09-02 13:05:00 - [MESSAGE][PASSED] - Object: 'Object Repository/GoAmlReport/08 Identitas Orang Mewakili Transaksi/03/10 Save' is clicked on

2020-09-02 13:05:00 - [TEST_STEP][PASSED] - delay(2): Delayed 2 second(s)

2020-09-02 13:05:02 - [MESSAGE][PASSED] - Delayed 2 second(s)

2020-09-02 13:05:02 - [TEST_STEP][PASSED] - scrollToElement(findTestObject("GoAmlReport/08 Identitas Orang Mewakili Transaksi/05/01 Add"), 3): Scroll to object 'Object Repository/GoAmlReport/08 Identitas Orang Mewakili Transaksi/05/01 Add' successfully

2020-09-02 13:05:02 - [MESSAGE][PASSED] - Scroll to object 'Object Repository/GoAmlReport/08 Identitas Orang Mewakili Transaksi/05/01 Add' successfully

2020-09-02 13:05:02 - [TEST_STEP][PASSED] - click(findTestObject("GoAmlReport/08 Identitas Orang Mewakili Transaksi/05/01 Add")): Object: 'Object Repository/GoAmlReport/08 Identitas Orang Mewakili Transaksi/05/01 Add' is clicked on

2020-09-02 13:05:03 - [MESSAGE][PASSED] - Object: 'Object Repository/GoAmlReport/08 Identitas Orang Mewakili Transaksi/05/01 Add' is clicked on

2020-09-02 13:05:03 - [TEST_STEP][PASSED] - delay(5): Delayed 5 second(s)

2020-09-02 13:05:08 - [MESSAGE][PASSED] - Delayed 5 second(s)

2020-09-02 13:05:08 - [TEST_STEP][PASSED] - setText(findTestObject("GoAmlReport/08 Identitas Orang Mewakili Transaksi/05/02 Tipe Alamat"), "K - Kantor"): Text 'K - Kantor' is set on object 'Object Repository/GoAmlReport/08 Identitas Orang Mewakili Transaksi/05/02 Tipe Alamat'

2020-09-02 13:05:09 - [MESSAGE][PASSED] - Text 'K - Kantor' is set on object 'Object Repository/GoAmlReport/08 Identitas Orang Mewakili Transaksi/05/02 Tipe Alamat'

2020-09-02 13:05:09 - [TEST_STEP][PASSED] - delay(3): Delayed 3 second(s)

2020-09-02 13:05:12 - [MESSAGE][PASSED] - Delayed 3 second(s)

2020-09-02 13:05:12 - [TEST_STEP][PASSED] - sendKeys(findTestObject("GoAmlReport/08 Identitas Orang Mewakili Transaksi/05/02 Tipe Alamat"), Keys.chord(ENTER)): Keys 'ENTER + ' sent to object: 'Object Repository/GoAmlReport/08 Identitas Orang Mewakili Transaksi/05/02 Tipe Alamat'

2020-09-02 13:05:12 - [MESSAGE][PASSED] - Keys 'ENTER + ' sent to object: 'Object Repository/GoAmlReport/08 Identitas Orang Mewakili Transaksi/05/02 Tipe Alamat'

2020-09-02 13:05:12 - [TEST_STEP][PASSED] - setText(findTestObject("GoAmlReport/08 Identitas Orang Mewakili Transaksi/05/03 Alamat"), "Tangerang"): Text 'Tangerang' is set on object 'Object Repository/GoAmlReport/08 Identitas Orang Mewakili Transaksi/05/03 Alamat'

2020-09-02 13:05:13 - [MESSAGE][PASSED] - Text 'Tangerang' is set on object 'Object Repository/GoAmlReport/08 Identitas Orang Mewakili Transaksi/05/03 Alamat'

2020-09-02 13:05:13 - [TEST_STEP][PASSED] - setText(findTestObject("GoAmlReport/08 Identitas Orang Mewakili Transaksi/05/05 Kota"), "Tgrng"): Text 'Tgrng' is set on object 'Object Repository/GoAmlReport/08 Identitas Orang Mewakili Transaksi/05/05 Kota'

2020-09-02 13:05:13 - [MESSAGE][PASSED] - Text 'Tgrng' is set on object 'Object Repository/GoAmlReport/08 Identitas Orang Mewakili Transaksi/05/05 Kota'

2020-09-02 13:05:13 - [TEST_STEP][PASSED] - setText(findTestObject("GoAmlReport/08 Identitas Orang Mewakili Transaksi/05/07 Negara"), "ID - INDONESIA"): Text 'ID - INDONESIA' is set on object 'Object Repository/GoAmlReport/08 Identitas Orang Mewakili Transaksi/05/07 Negara'

2020-09-02 13:05:14 - [MESSAGE][PASSED] - Text 'ID - INDONESIA' is set on object 'Object Repository/GoAmlReport/08 Identitas Orang Mewakili Transaksi/05/07 Negara'

2020-09-02 13:05:14 - [TEST_STEP][PASSED] - delay(3): Delayed 3 second(s)

2020-09-02 13:05:17 - [MESSAGE][PASSED] - Delayed 3 second(s)

2020-09-02 13:05:17 - [TEST_STEP][PASSED] - sendKeys(findTestObject("GoAmlReport/08 Identitas Orang Mewakili Transaksi/05/07 Negara"), Keys.chord(ENTER)): Keys 'ENTER + ' sent to object: 'Object Repository/GoAmlReport/08 Identitas Orang Mewakili Transaksi/05/07 Negara'

2020-09-02 13:05:18 - [MESSAGE][PASSED] - Keys 'ENTER + ' sent to object: 'Object Repository/GoAmlReport/08 Identitas Orang Mewakili Transaksi/05/07 Negara'

2020-09-02 13:05:18 - [TEST_STEP][PASSED] - click(findTestObject("GoAmlReport/08 Identitas Orang Mewakili Transaksi/05/10 Save")): Object: 'Object Repository/GoAmlReport/08 Identitas Orang Mewakili Transaksi/05/10 Save' is clicked on

2020-09-02 13:05:18 - [MESSAGE][PASSED] - Object: 'Object Repository/GoAmlReport/08 Identitas Orang Mewakili Transaksi/05/10 Save' is clicked on

2020-09-02 13:05:18 - [TEST_STEP][PASSED] - delay(3): Delayed 3 second(s)

2020-09-02 13:05:21 - [MESSAGE][PASSED] - Delayed 3 second(s)

2020-09-02 13:05:21 - [TEST_STEP][PASSED] - scrollToElement(findTestObject("GoAmlReport/08 Identitas Orang Mewakili Transaksi/06/01 Add"), 3): Scroll to object 'Object Repository/GoAmlReport/08 Identitas Orang Mewakili Transaksi/06/01 Add' successfully

2020-09-02 13:05:22 - [MESSAGE][PASSED] - Scroll to object 'Object Repository/GoAmlReport/08 Identitas Orang Mewakili Transaksi/06/01 Add' successfully

2020-09-02 13:05:22 - [TEST_STEP][PASSED] - click(findTestObject("GoAmlReport/08 Identitas Orang Mewakili Transaksi/06/01 Add")): Object: 'Object Repository/GoAmlReport/08 Identitas Orang Mewakili Transaksi/06/01 Add' is clicked on

2020-09-02 13:05:22 - [MESSAGE][PASSED] - Object: 'Object Repository/GoAmlReport/08 Identitas Orang Mewakili Transaksi/06/01 Add' is clicked on

2020-09-02 13:05:22 - [TEST_STEP][PASSED] - delay(3): Delayed 3 second(s)

2020-09-02 13:05:25 - [MESSAGE][PASSED] - Delayed 3 second(s)

2020-09-02 13:05:25 - [TEST_STEP][PASSED] - setText(findTestObject("GoAmlReport/08 Identitas Orang Mewakili Transaksi/06/02 Kategori Kontak"), "R - Rumah"): Text 'R - Rumah' is set on object 'Object Repository/GoAmlReport/08 Identitas Orang Mewakili Transaksi/06/02 Kategori Kontak'

2020-09-02 13:05:26 - [MESSAGE][PASSED] - Text 'R - Rumah' is set on object 'Object Repository/GoAmlReport/08 Identitas Orang Mewakili Transaksi/06/02 Kategori Kontak'

2020-09-02 13:05:26 - [TEST_STEP][PASSED] - delay(3): Delayed 3 second(s)

2020-09-02 13:05:29 - [MESSAGE][PASSED] - Delayed 3 second(s)

2020-09-02 13:05:29 - [TEST_STEP][PASSED] - sendKeys(findTestObject("GoAmlReport/08 Identitas Orang Mewakili Transaksi/06/02 Kategori Kontak"), Keys.chord(ENTER)): Keys 'ENTER + ' sent to object: 'Object Repository/GoAmlReport/08 Identitas Orang Mewakili Transaksi/06/02 Kategori Kontak'

2020-09-02 13:05:29 - [MESSAGE][PASSED] - Keys 'ENTER + ' sent to object: 'Object Repository/GoAmlReport/08 Identitas Orang Mewakili Transaksi/06/02 Kategori Kontak'

2020-09-02 13:05:29 - [TEST_STEP][PASSED] - setText(findTestObject("GoAmlReport/08 Identitas Orang Mewakili Transaksi/06/03 Alat Komunikasi"), "MOB - Mobile"): Text 'MOB - Mobile' is set on object 'Object Repository/GoAmlReport/08 Identitas Orang Mewakili Transaksi/06/03 Alat Komunikasi'

2020-09-02 13:05:30 - [MESSAGE][PASSED] - Text 'MOB - Mobile' is set on object 'Object Repository/GoAmlReport/08 Identitas Orang Mewakili Transaksi/06/03 Alat Komunikasi'

2020-09-02 13:05:30 - [TEST_STEP][PASSED] - delay(3): Delayed 3 second(s)

2020-09-02 13:05:33 - [MESSAGE][PASSED] - Delayed 3 second(s)

2020-09-02 13:05:33 - [TEST_STEP][PASSED] - sendKeys(findTestObject("GoAmlReport/08 Identitas Orang Mewakili Transaksi/06/03 Alat Komunikasi"), Keys.chord(ENTER)): Keys 'ENTER + ' sent to object: 'Object Repository/GoAmlReport/08 Identitas Orang Mewakili Transaksi/06/03 Alat Komunikasi'

2020-09-02 13:05:34 - [MESSAGE][PASSED] - Keys 'ENTER + ' sent to object: 'Object Repository/GoAmlReport/08 Identitas Orang Mewakili Transaksi/06/03 Alat Komunikasi'

2020-09-02 13:05:34 - [TEST_STEP][PASSED] - setText(findTestObject("GoAmlReport/08 Identitas Orang Mewakili Transaksi/06/04 Nomor Telepon"), "089234789233"): Text '089234789233' is set on object 'Object Repository/GoAmlReport/08 Identitas Orang Mewakili Transaksi/06/04 Nomor Telepon'

2020-09-02 13:05:34 - [MESSAGE][PASSED] - Text '089234789233' is set on object 'Object Repository/GoAmlReport/08 Identitas Orang Mewakili Transaksi/06/04 Nomor Telepon'

2020-09-02 13:05:34 - [TEST_STEP][PASSED] - click(findTestObject("GoAmlReport/08 Identitas Orang Mewakili Transaksi/06/07 Save"), STOP_ON_FAILURE): Object: 'Object Repository/GoAmlReport/08 Identitas Orang Mewakili Transaksi/06/07 Save' is clicked on

2020-09-02 13:05:35 - [MESSAGE][PASSED] - Object: 'Object Repository/GoAmlReport/08 Identitas Orang Mewakili Transaksi/06/07 Save' is clicked on

2020-09-02 13:05:35 - [TEST_STEP][PASSED] - delay(3): Delayed 3 second(s)

2020-09-02 13:05:38 - [MESSAGE][PASSED] - Delayed 3 second(s)

2020-09-02 13:05:38 - [TEST_STEP][PASSED] - scrollToElement(findTestObject("GoAmlReport/08 Identitas Orang Mewakili Transaksi/07/01 Add"), 3): Scroll to object 'Object Repository/GoAmlReport/08 Identitas Orang Mewakili Transaksi/07/01 Add' successfully

2020-09-02 13:05:38 - [MESSAGE][PASSED] - Scroll to object 'Object Repository/GoAmlReport/08 Identitas Orang Mewakili Transaksi/07/01 Add' successfully

2020-09-02 13:05:38 - [TEST_STEP][PASSED] - click(findTestObject("GoAmlReport/08 Identitas Orang Mewakili Transaksi/07/01 Add")): Object: 'Object Repository/GoAmlReport/08 Identitas Orang Mewakili Transaksi/07/01 Add' is clicked on

2020-09-02 13:05:39 - [MESSAGE][PASSED] - Object: 'Object Repository/GoAmlReport/08 Identitas Orang Mewakili Transaksi/07/01 Add' is clicked on

2020-09-02 13:05:39 - [TEST_STEP][PASSED] - delay(3): Delayed 3 second(s)

2020-09-02 13:05:42 - [MESSAGE][PASSED] - Delayed 3 second(s)

2020-09-02 13:05:42 - [TEST_STEP][PASSED] - setText(findTestObject("GoAmlReport/08 Identitas Orang Mewakili Transaksi/07/02 Jenis Dokumen Identitas"), "SUKET - Surat Keterangan Kependudukan"): Text 'SUKET - Surat Keterangan Kependudukan' is set on object 'Object Repository/GoAmlReport/08 Identitas Orang Mewakili Transaksi/07/02 Jenis Dokumen Identitas'

2020-09-02 13:05:43 - [MESSAGE][PASSED] - Text 'SUKET - Surat Keterangan Kependudukan' is set on object 'Object Repository/GoAmlReport/08 Identitas Orang Mewakili Transaksi/07/02 Jenis Dokumen Identitas'

2020-09-02 13:05:43 - [TEST_STEP][PASSED] - delay(3): Delayed 3 second(s)

2020-09-02 13:05:46 - [MESSAGE][PASSED] - Delayed 3 second(s)

2020-09-02 13:05:46 - [TEST_STEP][PASSED] - sendKeys(findTestObject("GoAmlReport/08 Identitas Orang Mewakili Transaksi/07/02 Jenis Dokumen Identitas"), Keys.chord(ENTER)): Keys 'ENTER + ' sent to object: 'Object Repository/GoAmlReport/08 Identitas Orang Mewakili Transaksi/07/02 Jenis Dokumen Identitas'

2020-09-02 13:05:46 - [MESSAGE][PASSED] - Keys 'ENTER + ' sent to object: 'Object Repository/GoAmlReport/08 Identitas Orang Mewakili Transaksi/07/02 Jenis Dokumen Identitas'

2020-09-02 13:05:46 - [TEST_STEP][PASSED] - setText(findTestObject("GoAmlReport/08 Identitas Orang Mewakili Transaksi/07/02 No Identitas"), "12321444"): Text '12321444' is set on object 'Object Repository/GoAmlReport/08 Identitas Orang Mewakili Transaksi/07/02 No Identitas'

2020-09-02 13:05:47 - [MESSAGE][PASSED] - Text '12321444' is set on object 'Object Repository/GoAmlReport/08 Identitas Orang Mewakili Transaksi/07/02 No Identitas'

2020-09-02 13:05:47 - [TEST_STEP][PASSED] - setText(findTestObject("GoAmlReport/08 Identitas Orang Mewakili Transaksi/07/06 Negara Penerbit Identitas"), "ID - INDONESIA"): Text 'ID - INDONESIA' is set on object 'Object Repository/GoAmlReport/08 Identitas Orang Mewakili Transaksi/07/06 Negara Penerbit Identitas'

2020-09-02 13:05:48 - [MESSAGE][PASSED] - Text 'ID - INDONESIA' is set on object 'Object Repository/GoAmlReport/08 Identitas Orang Mewakili Transaksi/07/06 Negara Penerbit Identitas'

2020-09-02 13:05:48 - [TEST_STEP][PASSED] - delay(3): Delayed 3 second(s)

2020-09-02 13:05:51 - [MESSAGE][PASSED] - Delayed 3 second(s)

2020-09-02 13:05:51 - [TEST_STEP][PASSED] - sendKeys(findTestObject("GoAmlReport/08 Identitas Orang Mewakili Transaksi/07/06 Negara Penerbit Identitas"), Keys.chord(ENTER)): Keys 'ENTER + ' sent to object: 'Object Repository/GoAmlReport/08 Identitas Orang Mewakili Transaksi/07/06 Negara Penerbit Identitas'

2020-09-02 13:05:51 - [MESSAGE][PASSED] - Keys 'ENTER + ' sent to object: 'Object Repository/GoAmlReport/08 Identitas Orang Mewakili Transaksi/07/06 Negara Penerbit Identitas'

2020-09-02 13:05:51 - [TEST_STEP][PASSED] - click(findTestObject("GoAmlReport/08 Identitas Orang Mewakili Transaksi/07/08 Save"), STOP_ON_FAILURE): Object: 'Object Repository/GoAmlReport/08 Identitas Orang Mewakili Transaksi/07/08 Save' is clicked on

2020-09-02 13:05:52 - [MESSAGE][PASSED] - Object: 'Object Repository/GoAmlReport/08 Identitas Orang Mewakili Transaksi/07/08 Save' is clicked on

2020-09-02 13:05:52 - [MESSAGE][PASSED] - Call Test Case 'Test Cases/Identitas Orang Mewakili Transaksi' successfully

2020-09-02 13:05:52 - [TEST_STEP][PASSED] - callTestCase(findTestCase("GoAML Report 4"), [:], STOP_ON_FAILURE): Call Test Case 'Test Cases/GoAML Report 4' successfully

2020-09-02 13:05:52 - [TEST_CASE][PASSED] - Test Cases/GoAML Report 4: Test Cases/GoAML Report 4

2020-09-02 13:05:52 - [TEST_STEP][PASSED] - for ([rowNum = 1, rowNum <= findTestData("GoAMLReport/Transaksi").getRowNumbers(), (rowNum++)]): Delayed 2 second(s)

2020-09-02 13:05:52 - [TEST_STEP][PASSED] - delay(6): Delayed 6 second(s)

2020-09-02 13:05:58 - [MESSAGE][PASSED] - Delayed 6 second(s)

2020-09-02 13:05:58 - [TEST_STEP][PASSED] - if (findTestData("GoAMLReport/Transaksi").getValue(1, rowNum) == "true"): Keys 'ENTER + ' sent to object: 'Object Repository/GoAmlReport/03 Identitas Pengirim/07 Negara Trx Asal'

2020-09-02 13:05:58 - [TEST_STEP][PASSED] - if (findTestData("GoAMLReport/Transaksi").getValue(6, rowNum) == "true"): null

2020-09-02 13:05:58 - [TEST_STEP][PASSED] - if (findTestData("GoAMLReport/Transaksi").getValue(7, rowNum) == "uang tunai"): Keys 'ENTER + ' sent to object: 'Object Repository/GoAmlReport/03 Identitas Pengirim/02 Ins Trx Asal'

2020-09-02 13:05:58 - [TEST_STEP][PASSED] - setText(findTestObject("GoAmlReport/03 Identitas Pengirim/02 Ins Trx Asal"), "Uang Tunai"): Text 'Uang Tunai' is set on object 'Object Repository/GoAmlReport/03 Identitas Pengirim/02 Ins Trx Asal'

2020-09-02 13:05:59 - [MESSAGE][PASSED] - Text 'Uang Tunai' is set on object 'Object Repository/GoAmlReport/03 Identitas Pengirim/02 Ins Trx Asal'

2020-09-02 13:05:59 - [TEST_STEP][PASSED] - delay(3): Delayed 3 second(s)

2020-09-02 13:06:02 - [MESSAGE][PASSED] - Delayed 3 second(s)

2020-09-02 13:06:02 - [TEST_STEP][PASSED] - sendKeys(findTestObject("GoAmlReport/03 Identitas Pengirim/02 Ins Trx Asal"), Keys.chord(ENTER)): Keys 'ENTER + ' sent to object: 'Object Repository/GoAmlReport/03 Identitas Pengirim/02 Ins Trx Asal'

2020-09-02 13:06:02 - [MESSAGE][PASSED] - Keys 'ENTER + ' sent to object: 'Object Repository/GoAmlReport/03 Identitas Pengirim/02 Ins Trx Asal'

2020-09-02 13:06:02 - [TEST_STEP][PASSED] - if (findTestData("GoAMLReport/Transaksi").getValue(7, rowNum) == "rekening"): null

2020-09-02 13:06:02 - [TEST_STEP][PASSED] - setText(findTestObject("GoAmlReport/03 Identitas Pengirim/05 Nominal Valas"), "500000"): Text '500000' is set on object 'Object Repository/GoAmlReport/03 Identitas Pengirim/05 Nominal Valas'

2020-09-02 13:06:03 - [MESSAGE][PASSED] - Text '500000' is set on object 'Object Repository/GoAmlReport/03 Identitas Pengirim/05 Nominal Valas'

2020-09-02 13:06:03 - [TEST_STEP][PASSED] - delay(3): Delayed 3 second(s)

2020-09-02 13:06:06 - [MESSAGE][PASSED] - Delayed 3 second(s)

2020-09-02 13:06:06 - [TEST_STEP][PASSED] - setText(findTestObject("GoAmlReport/03 Identitas Pengirim/06 Kurs"), "nope"): Text 'nope' is set on object 'Object Repository/GoAmlReport/03 Identitas Pengirim/06 Kurs'

2020-09-02 13:06:07 - [MESSAGE][PASSED] - Text 'nope' is set on object 'Object Repository/GoAmlReport/03 Identitas Pengirim/06 Kurs'

2020-09-02 13:06:07 - [TEST_STEP][PASSED] - setText(findTestObject("GoAmlReport/03 Identitas Pengirim/999 Mata Uang Asing"), "INR - Indian Rupee"): Text 'INR - Indian Rupee' is set on object 'Object Repository/GoAmlReport/03 Identitas Pengirim/999 Mata Uang Asing'

2020-09-02 13:06:08 - [MESSAGE][PASSED] - Text 'INR - Indian Rupee' is set on object 'Object Repository/GoAmlReport/03 Identitas Pengirim/999 Mata Uang Asing'

2020-09-02 13:06:08 - [TEST_STEP][PASSED] - delay(3): Delayed 3 second(s)

2020-09-02 13:06:11 - [MESSAGE][PASSED] - Delayed 3 second(s)

2020-09-02 13:06:11 - [TEST_STEP][PASSED] - sendKeys(findTestObject("GoAmlReport/03 Identitas Pengirim/999 Mata Uang Asing"), Keys.chord(ENTER)): Keys 'ENTER + ' sent to object: 'Object Repository/GoAmlReport/03 Identitas Pengirim/999 Mata Uang Asing'

2020-09-02 13:06:11 - [MESSAGE][PASSED] - Keys 'ENTER + ' sent to object: 'Object Repository/GoAmlReport/03 Identitas Pengirim/999 Mata Uang Asing'

2020-09-02 13:06:11 - [TEST_STEP][PASSED] - setText(findTestObject("GoAmlReport/03 Identitas Pengirim/07 Negara Trx Asal"), "INDONE"): Text 'INDONE' is set on object 'Object Repository/GoAmlReport/03 Identitas Pengirim/07 Negara Trx Asal'

2020-09-02 13:06:12 - [MESSAGE][PASSED] - Text 'INDONE' is set on object 'Object Repository/GoAmlReport/03 Identitas Pengirim/07 Negara Trx Asal'

2020-09-02 13:06:12 - [TEST_STEP][PASSED] - delay(3): Delayed 3 second(s)

2020-09-02 13:06:15 - [MESSAGE][PASSED] - Delayed 3 second(s)

2020-09-02 13:06:15 - [TEST_STEP][PASSED] - sendKeys(findTestObject("GoAmlReport/03 Identitas Pengirim/07 Negara Trx Asal"), Keys.chord(ENTER)): Keys 'ENTER + ' sent to object: 'Object Repository/GoAmlReport/03 Identitas Pengirim/07 Negara Trx Asal'

2020-09-02 13:06:15 - [MESSAGE][PASSED] - Keys 'ENTER + ' sent to object: 'Object Repository/GoAmlReport/03 Identitas Pengirim/07 Negara Trx Asal'

2020-09-02 13:06:15 - [TEST_STEP][PASSED] - if (findTestData("GoAMLReport/Transaksi").getValue(8, rowNum) == "person"): null

2020-09-02 13:06:15 - [TEST_STEP][PASSED] - if (findTestData("GoAMLReport/Transaksi").getValue(8, rowNum) == "account"): null

2020-09-02 13:06:15 - [TEST_STEP][PASSED] - if (findTestData("GoAMLReport/Transaksi").getValue(8, rowNum) == "entity"): Delayed 2 second(s)

2020-09-02 13:06:15 - [TEST_STEP][PASSED] - setText(findTestObject("GoAmlReport/03 Identitas Pengirim/09 Informasi Pengirim"), findTestData("GoAMLReport/Transaksi").getValue(8, rowNum)): Text 'entity' is set on object 'Object Repository/GoAmlReport/03 Identitas Pengirim/09 Informasi Pengirim'

2020-09-02 13:06:16 - [MESSAGE][PASSED] - Text 'entity' is set on object 'Object Repository/GoAmlReport/03 Identitas Pengirim/09 Informasi Pengirim'

2020-09-02 13:06:16 - [TEST_STEP][PASSED] - delay(8): Delayed 8 second(s)

2020-09-02 13:06:24 - [MESSAGE][PASSED] - Delayed 8 second(s)

2020-09-02 13:06:24 - [TEST_STEP][PASSED] - sendKeys(findTestObject("GoAmlReport/03 Identitas Pengirim/09 Informasi Pengirim"), Keys.chord(ENTER)): Keys 'ENTER + ' sent to object: 'Object Repository/GoAmlReport/03 Identitas Pengirim/09 Informasi Pengirim'

2020-09-02 13:06:24 - [MESSAGE][PASSED] - Keys 'ENTER + ' sent to object: 'Object Repository/GoAmlReport/03 Identitas Pengirim/09 Informasi Pengirim'

2020-09-02 13:06:24 - [TEST_STEP][PASSED] - delay(5): Delayed 5 second(s)

2020-09-02 13:06:29 - [MESSAGE][PASSED] - Delayed 5 second(s)

2020-09-02 13:06:29 - [TEST_STEP][PASSED] - setText(findTestObject("GoAmlReport/07 Entity/Account From/01 Nama Korporasi"), "Simpan Pinjam"): Text 'Simpan Pinjam' is set on object 'Object Repository/GoAmlReport/07 Entity/Account From/01 Nama Korporasi'

2020-09-02 13:06:30 - [MESSAGE][PASSED] - Text 'Simpan Pinjam' is set on object 'Object Repository/GoAmlReport/07 Entity/Account From/01 Nama Korporasi'

2020-09-02 13:06:30 - [TEST_STEP][PASSED] - setText(findTestObject("GoAmlReport/07 Entity/Account From/02 Bentuk Korporasi"), "PD - Perusahaan Daerah"): Text 'PD - Perusahaan Daerah' is set on object 'Object Repository/GoAmlReport/07 Entity/Account From/02 Bentuk Korporasi'

2020-09-02 13:06:31 - [MESSAGE][PASSED] - Text 'PD - Perusahaan Daerah' is set on object 'Object Repository/GoAmlReport/07 Entity/Account From/02 Bentuk Korporasi'

2020-09-02 13:06:31 - [TEST_STEP][PASSED] - delay(3): Delayed 3 second(s)

2020-09-02 13:06:34 - [MESSAGE][PASSED] - Delayed 3 second(s)

2020-09-02 13:06:34 - [TEST_STEP][PASSED] - sendKeys(findTestObject("GoAmlReport/07 Entity/Account From/02 Bentuk Korporasi"), Keys.chord(ENTER)): Keys 'ENTER + ' sent to object: 'Object Repository/GoAmlReport/07 Entity/Account From/02 Bentuk Korporasi'

2020-09-02 13:06:35 - [MESSAGE][PASSED] - Keys 'ENTER + ' sent to object: 'Object Repository/GoAmlReport/07 Entity/Account From/02 Bentuk Korporasi'

2020-09-02 13:06:35 - [TEST_STEP][PASSED] - setText(findTestObject("GoAmlReport/07 Entity/Account From/03 Bidang Usaha"), "Rentenir"): Text 'Rentenir' is set on object 'Object Repository/GoAmlReport/07 Entity/Account From/03 Bidang Usaha'

2020-09-02 13:06:35 - [MESSAGE][PASSED] - Text 'Rentenir' is set on object 'Object Repository/GoAmlReport/07 Entity/Account From/03 Bidang Usaha'

2020-09-02 13:06:35 - [TEST_STEP][PASSED] - setText(findTestObject("GoAmlReport/07 Entity/Account From/03 Negara"), "indone"): Text 'indone' is set on object 'Object Repository/GoAmlReport/07 Entity/Account From/03 Negara'

2020-09-02 13:06:36 - [MESSAGE][PASSED] - Text 'indone' is set on object 'Object Repository/GoAmlReport/07 Entity/Account From/03 Negara'

2020-09-02 13:06:36 - [TEST_STEP][PASSED] - delay(3): Delayed 3 second(s)

2020-09-02 13:06:39 - [MESSAGE][PASSED] - Delayed 3 second(s)

2020-09-02 13:06:39 - [TEST_STEP][PASSED] - sendKeys(findTestObject("GoAmlReport/07 Entity/Account From/03 Negara"), Keys.chord(ENTER)): Keys 'ENTER + ' sent to object: 'Object Repository/GoAmlReport/07 Entity/Account From/03 Negara'

2020-09-02 13:06:40 - [MESSAGE][PASSED] - Keys 'ENTER + ' sent to object: 'Object Repository/GoAmlReport/07 Entity/Account From/03 Negara'

2020-09-02 13:06:40 - [TEST_STEP][PASSED] - setText(findTestObject("GoAmlReport/07 Entity/Account From/04 NPWP"), "123213123"): Text '123213123' is set on object 'Object Repository/GoAmlReport/07 Entity/Account From/04 NPWP'

2020-09-02 13:06:40 - [MESSAGE][PASSED] - Text '123213123' is set on object 'Object Repository/GoAmlReport/07 Entity/Account From/04 NPWP'

2020-09-02 13:06:40 - [TEST_STEP][PASSED] - scrollToElement(findTestObject("GoAmlReport/07 Entity/Account Tab From/01 Telepon/Tambah Telepon"), 3): Scroll to object 'Object Repository/GoAmlReport/07 Entity/Account Tab From/01 Telepon/Tambah Telepon' successfully

2020-09-02 13:06:41 - [MESSAGE][PASSED] - Scroll to object 'Object Repository/GoAmlReport/07 Entity/Account Tab From/01 Telepon/Tambah Telepon' successfully

2020-09-02 13:06:41 - [TEST_STEP][PASSED] - click(findTestObject("GoAmlReport/07 Entity/Account Tab From/01 Telepon/Tambah Telepon")): Object: 'Object Repository/GoAmlReport/07 Entity/Account Tab From/01 Telepon/Tambah Telepon' is clicked on

2020-09-02 13:06:41 - [MESSAGE][PASSED] - Object: 'Object Repository/GoAmlReport/07 Entity/Account Tab From/01 Telepon/Tambah Telepon' is clicked on

2020-09-02 13:06:41 - [TEST_STEP][PASSED] - delay(5): Delayed 5 second(s)

2020-09-02 13:06:46 - [MESSAGE][PASSED] - Delayed 5 second(s)

2020-09-02 13:06:46 - [TEST_STEP][PASSED] - setText(findTestObject("GoAmlReport/07 Entity/Account Tab From/01 Telepon/01 Kategori Kontak"), "D - Domisili"): Text 'D - Domisili' is set on object 'Object Repository/GoAmlReport/07 Entity/Account Tab From/01 Telepon/01 Kategori Kontak'

2020-09-02 13:06:47 - [MESSAGE][PASSED] - Text 'D - Domisili' is set on object 'Object Repository/GoAmlReport/07 Entity/Account Tab From/01 Telepon/01 Kategori Kontak'

2020-09-02 13:06:47 - [TEST_STEP][PASSED] - delay(3): Delayed 3 second(s)

2020-09-02 13:06:50 - [MESSAGE][PASSED] - Delayed 3 second(s)

2020-09-02 13:06:50 - [TEST_STEP][PASSED] - sendKeys(findTestObject("GoAmlReport/07 Entity/Account Tab From/01 Telepon/01 Kategori Kontak"), Keys.chord(ENTER)): Keys 'ENTER + ' sent to object: 'Object Repository/GoAmlReport/07 Entity/Account Tab From/01 Telepon/01 Kategori Kontak'

2020-09-02 13:06:51 - [MESSAGE][PASSED] - Keys 'ENTER + ' sent to object: 'Object Repository/GoAmlReport/07 Entity/Account Tab From/01 Telepon/01 Kategori Kontak'

2020-09-02 13:06:51 - [TEST_STEP][PASSED] - setText(findTestObject("GoAmlReport/07 Entity/Account Tab From/01 Telepon/02 Alat Komunikasi"), "PSTN - PSTN"): Text 'PSTN - PSTN' is set on object 'Object Repository/GoAmlReport/07 Entity/Account Tab From/01 Telepon/02 Alat Komunikasi'

2020-09-02 13:06:51 - [MESSAGE][PASSED] - Text 'PSTN - PSTN' is set on object 'Object Repository/GoAmlReport/07 Entity/Account Tab From/01 Telepon/02 Alat Komunikasi'

2020-09-02 13:06:51 - [TEST_STEP][PASSED] - delay(3): Delayed 3 second(s)

2020-09-02 13:06:54 - [MESSAGE][PASSED] - Delayed 3 second(s)

2020-09-02 13:06:54 - [TEST_STEP][PASSED] - sendKeys(findTestObject("GoAmlReport/07 Entity/Account Tab From/01 Telepon/02 Alat Komunikasi"), Keys.chord(ENTER)): Keys 'ENTER + ' sent to object: 'Object Repository/GoAmlReport/07 Entity/Account Tab From/01 Telepon/02 Alat Komunikasi'

2020-09-02 13:06:55 - [MESSAGE][PASSED] - Keys 'ENTER + ' sent to object: 'Object Repository/GoAmlReport/07 Entity/Account Tab From/01 Telepon/02 Alat Komunikasi'

2020-09-02 13:06:55 - [TEST_STEP][PASSED] - setText(findTestObject("GoAmlReport/07 Entity/Account Tab From/01 Telepon/03 No Telepon"), "0986745632"): Text '0986745632' is set on object 'Object Repository/GoAmlReport/07 Entity/Account Tab From/01 Telepon/03 No Telepon'

2020-09-02 13:06:56 - [MESSAGE][PASSED] - Text '0986745632' is set on object 'Object Repository/GoAmlReport/07 Entity/Account Tab From/01 Telepon/03 No Telepon'

2020-09-02 13:06:56 - [TEST_STEP][PASSED] - delay(2): Delayed 2 second(s)

2020-09-02 13:06:58 - [MESSAGE][PASSED] - Delayed 2 second(s)

2020-09-02 13:06:58 - [TEST_STEP][PASSED] - scrollToElement(findTestObject("GoAmlReport/07 Entity/Account Tab From/01 Telepon/Save"), 3): Scroll to object 'Object Repository/GoAmlReport/07 Entity/Account Tab From/01 Telepon/Save' successfully

2020-09-02 13:06:58 - [MESSAGE][PASSED] - Scroll to object 'Object Repository/GoAmlReport/07 Entity/Account Tab From/01 Telepon/Save' successfully

2020-09-02 13:06:58 - [TEST_STEP][PASSED] - click(findTestObject("GoAmlReport/07 Entity/Account Tab From/01 Telepon/Save"), STOP_ON_FAILURE): Object: 'Object Repository/GoAmlReport/07 Entity/Account Tab From/01 Telepon/Save' is clicked on

2020-09-02 13:06:59 - [MESSAGE][PASSED] - Object: 'Object Repository/GoAmlReport/07 Entity/Account Tab From/01 Telepon/Save' is clicked on

2020-09-02 13:06:59 - [TEST_STEP][PASSED] - delay(3): Delayed 3 second(s)

2020-09-02 13:07:02 - [MESSAGE][PASSED] - Delayed 3 second(s)

2020-09-02 13:07:02 - [TEST_STEP][PASSED] - scrollToElement(findTestObject("GoAmlReport/07 Entity/Account Tab From/02 Alamat/span_Tambah Alamat"), 3): Scroll to object 'Object Repository/GoAmlReport/07 Entity/Account Tab From/02 Alamat/span_Tambah Alamat' successfully

2020-09-02 13:07:02 - [MESSAGE][PASSED] - Scroll to object 'Object Repository/GoAmlReport/07 Entity/Account Tab From/02 Alamat/span_Tambah Alamat' successfully

2020-09-02 13:07:02 - [TEST_STEP][PASSED] - click(findTestObject("GoAmlReport/07 Entity/Account Tab From/02 Alamat/span_Tambah Alamat")): Object: 'Object Repository/GoAmlReport/07 Entity/Account Tab From/02 Alamat/span_Tambah Alamat' is clicked on

2020-09-02 13:07:03 - [MESSAGE][PASSED] - Object: 'Object Repository/GoAmlReport/07 Entity/Account Tab From/02 Alamat/span_Tambah Alamat' is clicked on

2020-09-02 13:07:03 - [TEST_STEP][PASSED] - delay(5): Delayed 5 second(s)

2020-09-02 13:07:08 - [MESSAGE][PASSED] - Delayed 5 second(s)

2020-09-02 13:07:08 - [TEST_STEP][PASSED] - setText(findTestObject("GoAmlReport/07 Entity/Account Tab From/02 Alamat/01 Type Alamat"), "D - Domisili"): Text 'D - Domisili' is set on object 'Object Repository/GoAmlReport/07 Entity/Account Tab From/02 Alamat/01 Type Alamat'

2020-09-02 13:07:08 - [MESSAGE][PASSED] - Text 'D - Domisili' is set on object 'Object Repository/GoAmlReport/07 Entity/Account Tab From/02 Alamat/01 Type Alamat'

2020-09-02 13:07:08 - [TEST_STEP][PASSED] - delay(5): Delayed 5 second(s)

2020-09-02 13:07:13 - [MESSAGE][PASSED] - Delayed 5 second(s)

2020-09-02 13:07:13 - [TEST_STEP][PASSED] - sendKeys(findTestObject("GoAmlReport/07 Entity/Account Tab From/02 Alamat/01 Type Alamat"), Keys.chord(ENTER)): Keys 'ENTER + ' sent to object: 'Object Repository/GoAmlReport/07 Entity/Account Tab From/02 Alamat/01 Type Alamat'

2020-09-02 13:07:14 - [MESSAGE][PASSED] - Keys 'ENTER + ' sent to object: 'Object Repository/GoAmlReport/07 Entity/Account Tab From/02 Alamat/01 Type Alamat'

2020-09-02 13:07:14 - [TEST_STEP][PASSED] - setText(findTestObject("GoAmlReport/07 Entity/Account Tab From/02 Alamat/02 Alamat"), "Jl. sdhjsadkjsnadklsandkjasd"): Text 'Jl. sdhjsadkjsnadklsandkjasd' is set on object 'Object Repository/GoAmlReport/07 Entity/Account Tab From/02 Alamat/02 Alamat'

2020-09-02 13:07:15 - [MESSAGE][PASSED] - Text 'Jl. sdhjsadkjsnadklsandkjasd' is set on object 'Object Repository/GoAmlReport/07 Entity/Account Tab From/02 Alamat/02 Alamat'

2020-09-02 13:07:15 - [TEST_STEP][PASSED] - setText(findTestObject("GoAmlReport/07 Entity/Account Tab From/02 Alamat/03 Kota"), "Jakarta"): Text 'Jakarta' is set on object 'Object Repository/GoAmlReport/07 Entity/Account Tab From/02 Alamat/03 Kota'

2020-09-02 13:07:15 - [MESSAGE][PASSED] - Text 'Jakarta' is set on object 'Object Repository/GoAmlReport/07 Entity/Account Tab From/02 Alamat/03 Kota'

2020-09-02 13:07:15 - [TEST_STEP][PASSED] - setText(findTestObject("GoAmlReport/07 Entity/Account Tab From/02 Alamat/03 Negara"), "ID - INDONESIA"): Text 'ID - INDONESIA' is set on object 'Object Repository/GoAmlReport/07 Entity/Account Tab From/02 Alamat/03 Negara'

2020-09-02 13:07:16 - [MESSAGE][PASSED] - Text 'ID - INDONESIA' is set on object 'Object Repository/GoAmlReport/07 Entity/Account Tab From/02 Alamat/03 Negara'

2020-09-02 13:07:16 - [TEST_STEP][PASSED] - delay(3): Delayed 3 second(s)

2020-09-02 13:07:19 - [MESSAGE][PASSED] - Delayed 3 second(s)

2020-09-02 13:07:19 - [TEST_STEP][PASSED] - sendKeys(findTestObject("GoAmlReport/07 Entity/Account Tab From/02 Alamat/03 Negara"), Keys.chord(ENTER)): Keys 'ENTER + ' sent to object: 'Object Repository/GoAmlReport/07 Entity/Account Tab From/02 Alamat/03 Negara'

2020-09-02 13:07:20 - [MESSAGE][PASSED] - Keys 'ENTER + ' sent to object: 'Object Repository/GoAmlReport/07 Entity/Account Tab From/02 Alamat/03 Negara'

2020-09-02 13:07:20 - [TEST_STEP][PASSED] - delay(2): Delayed 2 second(s)

2020-09-02 13:07:22 - [MESSAGE][PASSED] - Delayed 2 second(s)

2020-09-02 13:07:22 - [TEST_STEP][PASSED] - click(findTestObject("GoAmlReport/07 Entity/Account Tab From/02 Alamat/save")): Object: 'Object Repository/GoAmlReport/07 Entity/Account Tab From/02 Alamat/save' is clicked on

2020-09-02 13:07:22 - [MESSAGE][PASSED] - Object: 'Object Repository/GoAmlReport/07 Entity/Account Tab From/02 Alamat/save' is clicked on

2020-09-02 13:07:22 - [TEST_STEP][PASSED] - scrollToElement(findTestObject("GoAmlReport/07 Entity/Account Tab From/03 Director/00 Add"), 3): Scroll to object 'Object Repository/GoAmlReport/07 Entity/Account Tab From/03 Director/00 Add' successfully

2020-09-02 13:07:23 - [MESSAGE][PASSED] - Scroll to object 'Object Repository/GoAmlReport/07 Entity/Account Tab From/03 Director/00 Add' successfully

2020-09-02 13:07:23 - [TEST_STEP][PASSED] - click(findTestObject("GoAmlReport/07 Entity/Account Tab From/03 Director/00 Add")): Object: 'Object Repository/GoAmlReport/07 Entity/Account Tab From/03 Director/00 Add' is clicked on

2020-09-02 13:07:24 - [MESSAGE][PASSED] - Object: 'Object Repository/GoAmlReport/07 Entity/Account Tab From/03 Director/00 Add' is clicked on

2020-09-02 13:07:24 - [TEST_STEP][PASSED] - delay(5): Delayed 5 second(s)

2020-09-02 13:07:29 - [MESSAGE][PASSED] - Delayed 5 second(s)

2020-09-02 13:07:29 - [TEST_STEP][PASSED] - setText(findTestObject("GoAmlReport/07 Entity/Account Tab From/03 Director/01 Jenis Kelamin"), "F - Female"): Text 'F - Female' is set on object 'Object Repository/GoAmlReport/07 Entity/Account Tab From/03 Director/01 Jenis Kelamin'

2020-09-02 13:07:29 - [MESSAGE][PASSED] - Text 'F - Female' is set on object 'Object Repository/GoAmlReport/07 Entity/Account Tab From/03 Director/01 Jenis Kelamin'

2020-09-02 13:07:29 - [TEST_STEP][PASSED] - delay(2): Delayed 2 second(s)

2020-09-02 13:07:31 - [MESSAGE][PASSED] - Delayed 2 second(s)

2020-09-02 13:07:31 - [TEST_STEP][PASSED] - sendKeys(findTestObject("GoAmlReport/07 Entity/Account Tab From/03 Director/01 Jenis Kelamin"), Keys.chord(ENTER)): Keys 'ENTER + ' sent to object: 'Object Repository/GoAmlReport/07 Entity/Account Tab From/03 Director/01 Jenis Kelamin'

2020-09-02 13:07:32 - [MESSAGE][PASSED] - Keys 'ENTER + ' sent to object: 'Object Repository/GoAmlReport/07 Entity/Account Tab From/03 Director/01 Jenis Kelamin'

2020-09-02 13:07:32 - [TEST_STEP][PASSED] - setText(findTestObject("GoAmlReport/07 Entity/Account Tab From/03 Director/10 Tanggal Lahir"), "01-Aug-96"): Text '01-Aug-96' is set on object 'Object Repository/GoAmlReport/07 Entity/Account Tab From/03 Director/10 Tanggal Lahir'

2020-09-02 13:07:33 - [MESSAGE][PASSED] - Text '01-Aug-96' is set on object 'Object Repository/GoAmlReport/07 Entity/Account Tab From/03 Director/10 Tanggal Lahir'

2020-09-02 13:07:33 - [TEST_STEP][PASSED] - delay(5): Delayed 5 second(s)

2020-09-02 13:07:38 - [MESSAGE][PASSED] - Delayed 5 second(s)

2020-09-02 13:07:38 - [TEST_STEP][PASSED] - sendKeys(findTestObject("GoAmlReport/07 Entity/Account Tab From/03 Director/10 Tanggal Lahir"), Keys.chord(ENTER)): Keys 'ENTER + ' sent to object: 'Object Repository/GoAmlReport/07 Entity/Account Tab From/03 Director/10 Tanggal Lahir'

2020-09-02 13:07:38 - [MESSAGE][PASSED] - Keys 'ENTER + ' sent to object: 'Object Repository/GoAmlReport/07 Entity/Account Tab From/03 Director/10 Tanggal Lahir'

2020-09-02 13:07:38 - [TEST_STEP][PASSED] - setText(findTestObject("GoAmlReport/07 Entity/Account Tab From/03 Director/12 Tempat Lahir"), "Jakarta"): Text 'Jakarta' is set on object 'Object Repository/GoAmlReport/07 Entity/Account Tab From/03 Director/12 Tempat Lahir'

2020-09-02 13:07:39 - [MESSAGE][PASSED] - Text 'Jakarta' is set on object 'Object Repository/GoAmlReport/07 Entity/Account Tab From/03 Director/12 Tempat Lahir'

2020-09-02 13:07:39 - [TEST_STEP][PASSED] - delay(5): Delayed 5 second(s)

2020-09-02 13:07:44 - [MESSAGE][PASSED] - Delayed 5 second(s)

2020-09-02 13:07:44 - [TEST_STEP][PASSED] - sendKeys(findTestObject("GoAmlReport/07 Entity/Account Tab From/03 Director/01 Jenis Kelamin"), Keys.chord(ENTER)): Keys 'ENTER + ' sent to object: 'Object Repository/GoAmlReport/07 Entity/Account Tab From/03 Director/01 Jenis Kelamin'

2020-09-02 13:07:44 - [MESSAGE][PASSED] - Keys 'ENTER + ' sent to object: 'Object Repository/GoAmlReport/07 Entity/Account Tab From/03 Director/01 Jenis Kelamin'

2020-09-02 13:07:44 - [TEST_STEP][PASSED] - setText(findTestObject("GoAmlReport/07 Entity/Account Tab From/03 Director/02 Nama Lengkap"), "Aman "): Text 'Aman ' is set on object 'Object Repository/GoAmlReport/07 Entity/Account Tab From/03 Director/02 Nama Lengkap'

2020-09-02 13:07:45 - [MESSAGE][PASSED] - Text 'Aman ' is set on object 'Object Repository/GoAmlReport/07 Entity/Account Tab From/03 Director/02 Nama Lengkap'

2020-09-02 13:07:45 - [TEST_STEP][PASSED] - setText(findTestObject("GoAmlReport/07 Entity/Account Tab From/03 Director/04 Kewarganegaraan"), "indone"): Text 'indone' is set on object 'Object Repository/GoAmlReport/07 Entity/Account Tab From/03 Director/04 Kewarganegaraan'

2020-09-02 13:07:46 - [MESSAGE][PASSED] - Text 'indone' is set on object 'Object Repository/GoAmlReport/07 Entity/Account Tab From/03 Director/04 Kewarganegaraan'

2020-09-02 13:07:46 - [TEST_STEP][PASSED] - delay(5): Delayed 5 second(s)

2020-09-02 13:07:51 - [MESSAGE][PASSED] - Delayed 5 second(s)

2020-09-02 13:07:51 - [TEST_STEP][PASSED] - sendKeys(findTestObject("GoAmlReport/07 Entity/Account Tab From/03 Director/04 Kewarganegaraan"), Keys.chord(ENTER)): Keys 'ENTER + ' sent to object: 'Object Repository/GoAmlReport/07 Entity/Account Tab From/03 Director/04 Kewarganegaraan'

2020-09-02 13:07:51 - [MESSAGE][PASSED] - Keys 'ENTER + ' sent to object: 'Object Repository/GoAmlReport/07 Entity/Account Tab From/03 Director/04 Kewarganegaraan'

2020-09-02 13:07:51 - [TEST_STEP][PASSED] - setText(findTestObject("GoAmlReport/07 Entity/Account Tab From/03 Director/05 Negara Domisili"), "ID - INDONESIA"): Text 'ID - INDONESIA' is set on object 'Object Repository/GoAmlReport/07 Entity/Account Tab From/03 Director/05 Negara Domisili'

2020-09-02 13:07:52 - [MESSAGE][PASSED] - Text 'ID - INDONESIA' is set on object 'Object Repository/GoAmlReport/07 Entity/Account Tab From/03 Director/05 Negara Domisili'

2020-09-02 13:07:52 - [TEST_STEP][PASSED] - delay(3): Delayed 3 second(s)

2020-09-02 13:07:55 - [MESSAGE][PASSED] - Delayed 3 second(s)

2020-09-02 13:07:55 - [TEST_STEP][PASSED] - sendKeys(findTestObject("GoAmlReport/07 Entity/Account Tab From/03 Director/05 Negara Domisili"), Keys.chord(ENTER)): Keys 'ENTER + ' sent to object: 'Object Repository/GoAmlReport/07 Entity/Account Tab From/03 Director/05 Negara Domisili'

2020-09-02 13:07:56 - [MESSAGE][PASSED] - Keys 'ENTER + ' sent to object: 'Object Repository/GoAmlReport/07 Entity/Account Tab From/03 Director/05 Negara Domisili'

2020-09-02 13:07:56 - [TEST_STEP][PASSED] - setText(findTestObject("GoAmlReport/07 Entity/Account Tab From/03 Director/06 Pekerjaan"), "Kerja Serabutan"): Text 'Kerja Serabutan' is set on object 'Object Repository/GoAmlReport/07 Entity/Account Tab From/03 Director/06 Pekerjaan'

2020-09-02 13:07:57 - [MESSAGE][PASSED] - Text 'Kerja Serabutan' is set on object 'Object Repository/GoAmlReport/07 Entity/Account Tab From/03 Director/06 Pekerjaan'

2020-09-02 13:07:57 - [TEST_STEP][PASSED] - setText(findTestObject("GoAmlReport/07 Entity/Account Tab From/03 Director/07 Sumber Dana"), "Maling"): Text 'Maling' is set on object 'Object Repository/GoAmlReport/07 Entity/Account Tab From/03 Director/07 Sumber Dana'

2020-09-02 13:07:58 - [MESSAGE][PASSED] - Text 'Maling' is set on object 'Object Repository/GoAmlReport/07 Entity/Account Tab From/03 Director/07 Sumber Dana'

2020-09-02 13:07:58 - [TEST_STEP][PASSED] - setText(findTestObject("GoAmlReport/07 Entity/Account Tab From/03 Director/08 Peran"), "UBO - Ultimate Beneficial Owner"): Text 'UBO - Ultimate Beneficial Owner' is set on object 'Object Repository/GoAmlReport/07 Entity/Account Tab From/03 Director/08 Peran'

2020-09-02 13:07:59 - [MESSAGE][PASSED] - Text 'UBO - Ultimate Beneficial Owner' is set on object 'Object Repository/GoAmlReport/07 Entity/Account Tab From/03 Director/08 Peran'

2020-09-02 13:07:59 - [TEST_STEP][PASSED] - delay(2): Delayed 2 second(s)

2020-09-02 13:08:01 - [MESSAGE][PASSED] - Delayed 2 second(s)

2020-09-02 13:08:01 - [TEST_STEP][PASSED] - sendKeys(findTestObject("GoAmlReport/07 Entity/Account Tab From/03 Director/08 Peran"), Keys.chord(ENTER)): Keys 'ENTER + ' sent to object: 'Object Repository/GoAmlReport/07 Entity/Account Tab From/03 Director/08 Peran'

2020-09-02 13:08:01 - [MESSAGE][PASSED] - Keys 'ENTER + ' sent to object: 'Object Repository/GoAmlReport/07 Entity/Account Tab From/03 Director/08 Peran'

2020-09-02 13:08:01 - [TEST_STEP][PASSED] - click(findTestObject("GoAmlReport/07 Entity/Account Tab From/03 Director/09 Telepon/Tambah Telepon")): Object: 'Object Repository/GoAmlReport/07 Entity/Account Tab From/03 Director/09 Telepon/Tambah Telepon' is clicked on

2020-09-02 13:08:02 - [MESSAGE][PASSED] - Object: 'Object Repository/GoAmlReport/07 Entity/Account Tab From/03 Director/09 Telepon/Tambah Telepon' is clicked on

2020-09-02 13:08:02 - [TEST_STEP][PASSED] - scrollToElement(findTestObject("GoAmlReport/07 Entity/Account Tab From/03 Director/09 Telepon/01 Kategori Kontak"), 3): Scroll to object 'Object Repository/GoAmlReport/07 Entity/Account Tab From/03 Director/09 Telepon/01 Kategori Kontak' successfully

2020-09-02 13:08:03 - [MESSAGE][PASSED] - Scroll to object 'Object Repository/GoAmlReport/07 Entity/Account Tab From/03 Director/09 Telepon/01 Kategori Kontak' successfully

2020-09-02 13:08:03 - [TEST_STEP][PASSED] - setText(findTestObject("GoAmlReport/07 Entity/Account Tab From/03 Director/09 Telepon/01 Kategori Kontak"), "K - Kantor"): Text 'K - Kantor' is set on object 'Object Repository/GoAmlReport/07 Entity/Account Tab From/03 Director/09 Telepon/01 Kategori Kontak'

2020-09-02 13:08:04 - [MESSAGE][PASSED] - Text 'K - Kantor' is set on object 'Object Repository/GoAmlReport/07 Entity/Account Tab From/03 Director/09 Telepon/01 Kategori Kontak'

2020-09-02 13:08:04 - [TEST_STEP][PASSED] - delay(3): Delayed 3 second(s)

2020-09-02 13:08:07 - [MESSAGE][PASSED] - Delayed 3 second(s)

2020-09-02 13:08:07 - [TEST_STEP][PASSED] - sendKeys(findTestObject("GoAmlReport/07 Entity/Account Tab From/03 Director/09 Telepon/01 Kategori Kontak"), Keys.chord(ENTER)): Keys 'ENTER + ' sent to object: 'Object Repository/GoAmlReport/07 Entity/Account Tab From/03 Director/09 Telepon/01 Kategori Kontak'

2020-09-02 13:08:08 - [MESSAGE][PASSED] - Keys 'ENTER + ' sent to object: 'Object Repository/GoAmlReport/07 Entity/Account Tab From/03 Director/09 Telepon/01 Kategori Kontak'

2020-09-02 13:08:08 - [TEST_STEP][PASSED] - setText(findTestObject("GoAmlReport/07 Entity/Account Tab From/03 Director/09 Telepon/02 Alat Komunikasi"), "PSTN - PSTN"): Text 'PSTN - PSTN' is set on object 'Object Repository/GoAmlReport/07 Entity/Account Tab From/03 Director/09 Telepon/02 Alat Komunikasi'

2020-09-02 13:08:09 - [MESSAGE][PASSED] - Text 'PSTN - PSTN' is set on object 'Object Repository/GoAmlReport/07 Entity/Account Tab From/03 Director/09 Telepon/02 Alat Komunikasi'

2020-09-02 13:08:09 - [TEST_STEP][PASSED] - delay(3): Delayed 3 second(s)

2020-09-02 13:08:12 - [MESSAGE][PASSED] - Delayed 3 second(s)

2020-09-02 13:08:12 - [TEST_STEP][PASSED] - sendKeys(findTestObject("GoAmlReport/07 Entity/Account Tab From/03 Director/09 Telepon/02 Alat Komunikasi"), Keys.chord(ENTER)): Keys 'ENTER + ' sent to object: 'Object Repository/GoAmlReport/07 Entity/Account Tab From/03 Director/09 Telepon/02 Alat Komunikasi'

2020-09-02 13:08:12 - [MESSAGE][PASSED] - Keys 'ENTER + ' sent to object: 'Object Repository/GoAmlReport/07 Entity/Account Tab From/03 Director/09 Telepon/02 Alat Komunikasi'

2020-09-02 13:08:12 - [TEST_STEP][PASSED] - setText(findTestObject("GoAmlReport/07 Entity/Account Tab From/03 Director/09 Telepon/03 No Telepon"), "222222222"): Text '222222222' is set on object 'Object Repository/GoAmlReport/07 Entity/Account Tab From/03 Director/09 Telepon/03 No Telepon'

2020-09-02 13:08:13 - [MESSAGE][PASSED] - Text '222222222' is set on object 'Object Repository/GoAmlReport/07 Entity/Account Tab From/03 Director/09 Telepon/03 No Telepon'

2020-09-02 13:08:13 - [TEST_STEP][PASSED] - click(findTestObject("GoAmlReport/07 Entity/Account Tab From/03 Director/09 Telepon/Save"), STOP_ON_FAILURE): Object: 'Object Repository/GoAmlReport/07 Entity/Account Tab From/03 Director/09 Telepon/Save' is clicked on

2020-09-02 13:08:13 - [MESSAGE][PASSED] - Object: 'Object Repository/GoAmlReport/07 Entity/Account Tab From/03 Director/09 Telepon/Save' is clicked on

2020-09-02 13:08:13 - [TEST_STEP][PASSED] - delay(4): Delayed 4 second(s)

2020-09-02 13:08:17 - [MESSAGE][PASSED] - Delayed 4 second(s)

2020-09-02 13:08:17 - [TEST_STEP][PASSED] - scrollToElement(findTestObject("GoAmlReport/07 Entity/Account Tab From/03 Director/10 Alamat/span_Tambah Alamat"), 3): Scroll to object 'Object Repository/GoAmlReport/07 Entity/Account Tab From/03 Director/10 Alamat/span_Tambah Alamat' successfully

2020-09-02 13:08:18 - [MESSAGE][PASSED] - Scroll to object 'Object Repository/GoAmlReport/07 Entity/Account Tab From/03 Director/10 Alamat/span_Tambah Alamat' successfully

2020-09-02 13:08:18 - [TEST_STEP][PASSED] - click(findTestObject("GoAmlReport/07 Entity/Account Tab From/03 Director/10 Alamat/span_Tambah Alamat")): Object: 'Object Repository/GoAmlReport/07 Entity/Account Tab From/03 Director/10 Alamat/span_Tambah Alamat' is clicked on

2020-09-02 13:08:18 - [MESSAGE][PASSED] - Object: 'Object Repository/GoAmlReport/07 Entity/Account Tab From/03 Director/10 Alamat/span_Tambah Alamat' is clicked on

2020-09-02 13:08:18 - [TEST_STEP][PASSED] - delay(3): Delayed 3 second(s)

2020-09-02 13:08:21 - [MESSAGE][PASSED] - Delayed 3 second(s)

2020-09-02 13:08:21 - [TEST_STEP][PASSED] - setText(findTestObject("GoAmlReport/07 Entity/Account Tab From/03 Director/10 Alamat/01 Type Alamat"), "R - Rumah"): Text 'R - Rumah' is set on object 'Object Repository/GoAmlReport/07 Entity/Account Tab From/03 Director/10 Alamat/01 Type Alamat'

2020-09-02 13:08:22 - [MESSAGE][PASSED] - Text 'R - Rumah' is set on object 'Object Repository/GoAmlReport/07 Entity/Account Tab From/03 Director/10 Alamat/01 Type Alamat'

2020-09-02 13:08:22 - [TEST_STEP][PASSED] - delay(3): Delayed 3 second(s)

2020-09-02 13:08:25 - [MESSAGE][PASSED] - Delayed 3 second(s)

2020-09-02 13:08:25 - [TEST_STEP][PASSED] - sendKeys(findTestObject("GoAmlReport/07 Entity/Account Tab From/03 Director/10 Alamat/01 Type Alamat"), Keys.chord(ENTER)): Keys 'ENTER + ' sent to object: 'Object Repository/GoAmlReport/07 Entity/Account Tab From/03 Director/10 Alamat/01 Type Alamat'

2020-09-02 13:08:26 - [MESSAGE][PASSED] - Keys 'ENTER + ' sent to object: 'Object Repository/GoAmlReport/07 Entity/Account Tab From/03 Director/10 Alamat/01 Type Alamat'

2020-09-02 13:08:26 - [TEST_STEP][PASSED] - setText(findTestObject("GoAmlReport/07 Entity/Account Tab From/03 Director/10 Alamat/02 Alamat"), "Jl Jalan Jln"): Text 'Jl Jalan Jln' is set on object 'Object Repository/GoAmlReport/07 Entity/Account Tab From/03 Director/10 Alamat/02 Alamat'

2020-09-02 13:08:26 - [MESSAGE][PASSED] - Text 'Jl Jalan Jln' is set on object 'Object Repository/GoAmlReport/07 Entity/Account Tab From/03 Director/10 Alamat/02 Alamat'

2020-09-02 13:08:26 - [TEST_STEP][PASSED] - setText(findTestObject("GoAmlReport/07 Entity/Account Tab From/03 Director/10 Alamat/03 Kota"), "Jakarte"): Text 'Jakarte' is set on object 'Object Repository/GoAmlReport/07 Entity/Account Tab From/03 Director/10 Alamat/03 Kota'

2020-09-02 13:08:27 - [MESSAGE][PASSED] - Text 'Jakarte' is set on object 'Object Repository/GoAmlReport/07 Entity/Account Tab From/03 Director/10 Alamat/03 Kota'

2020-09-02 13:08:27 - [TEST_STEP][PASSED] - setText(findTestObject("GoAmlReport/07 Entity/Account Tab From/03 Director/10 Alamat/03 Negara"), "Indonesi"): Text 'Indonesi' is set on object 'Object Repository/GoAmlReport/07 Entity/Account Tab From/03 Director/10 Alamat/03 Negara'

2020-09-02 13:08:28 - [MESSAGE][PASSED] - Text 'Indonesi' is set on object 'Object Repository/GoAmlReport/07 Entity/Account Tab From/03 Director/10 Alamat/03 Negara'

2020-09-02 13:08:28 - [TEST_STEP][PASSED] - delay(3): Delayed 3 second(s)

2020-09-02 13:08:31 - [MESSAGE][PASSED] - Delayed 3 second(s)

2020-09-02 13:08:31 - [TEST_STEP][PASSED] - sendKeys(findTestObject("GoAmlReport/07 Entity/Account Tab From/03 Director/10 Alamat/03 Negara"), Keys.chord(ENTER)): Keys 'ENTER + ' sent to object: 'Object Repository/GoAmlReport/07 Entity/Account Tab From/03 Director/10 Alamat/03 Negara'

2020-09-02 13:08:31 - [MESSAGE][PASSED] - Keys 'ENTER + ' sent to object: 'Object Repository/GoAmlReport/07 Entity/Account Tab From/03 Director/10 Alamat/03 Negara'

2020-09-02 13:08:31 - [TEST_STEP][PASSED] - click(findTestObject("GoAmlReport/07 Entity/Account Tab From/03 Director/10 Alamat/save"), STOP_ON_FAILURE): Object: 'Object Repository/GoAmlReport/07 Entity/Account Tab From/03 Director/10 Alamat/save' is clicked on

2020-09-02 13:08:32 - [MESSAGE][PASSED] - Object: 'Object Repository/GoAmlReport/07 Entity/Account Tab From/03 Director/10 Alamat/save' is clicked on

2020-09-02 13:08:32 - [TEST_STEP][PASSED] - scrollToElement(findTestObject("GoAmlReport/07 Entity/Account Tab From/03 Director/11 Dokumen Identitas/Tambah Dokumen Identitas"), 3): Scroll to object 'Object Repository/GoAmlReport/07 Entity/Account Tab From/03 Director/11 Dokumen Identitas/Tambah Dokumen Identitas' successfully

2020-09-02 13:08:32 - [MESSAGE][PASSED] - Scroll to object 'Object Repository/GoAmlReport/07 Entity/Account Tab From/03 Director/11 Dokumen Identitas/Tambah Dokumen Identitas' successfully

2020-09-02 13:08:32 - [TEST_STEP][PASSED] - click(findTestObject("GoAmlReport/07 Entity/Account Tab From/03 Director/11 Dokumen Identitas/Tambah Dokumen Identitas")): Object: 'Object Repository/GoAmlReport/07 Entity/Account Tab From/03 Director/11 Dokumen Identitas/Tambah Dokumen Identitas' is clicked on

2020-09-02 13:08:33 - [MESSAGE][PASSED] - Object: 'Object Repository/GoAmlReport/07 Entity/Account Tab From/03 Director/11 Dokumen Identitas/Tambah Dokumen Identitas' is clicked on

2020-09-02 13:08:33 - [TEST_STEP][PASSED] - delay(3): Delayed 3 second(s)

2020-09-02 13:08:36 - [MESSAGE][PASSED] - Delayed 3 second(s)

2020-09-02 13:08:36 - [TEST_STEP][PASSED] - setText(findTestObject("GoAmlReport/07 Entity/Account Tab From/03 Director/11 Dokumen Identitas/01 Jenis Dokumen Identitas"), "SUKET - Surat Keterangan Kependudukan"): Text 'SUKET - Surat Keterangan Kependudukan' is set on object 'Object Repository/GoAmlReport/07 Entity/Account Tab From/03 Director/11 Dokumen Identitas/01 Jenis Dokumen Identitas'

2020-09-02 13:08:38 - [MESSAGE][PASSED] - Text 'SUKET - Surat Keterangan Kependudukan' is set on object 'Object Repository/GoAmlReport/07 Entity/Account Tab From/03 Director/11 Dokumen Identitas/01 Jenis Dokumen Identitas'

2020-09-02 13:08:38 - [TEST_STEP][PASSED] - delay(3): Delayed 3 second(s)

2020-09-02 13:08:41 - [MESSAGE][PASSED] - Delayed 3 second(s)

2020-09-02 13:08:41 - [TEST_STEP][PASSED] - sendKeys(findTestObject("GoAmlReport/07 Entity/Account Tab From/03 Director/11 Dokumen Identitas/01 Jenis Dokumen Identitas"), Keys.chord(ENTER)): Keys 'ENTER + ' sent to object: 'Object Repository/GoAmlReport/07 Entity/Account Tab From/03 Director/11 Dokumen Identitas/01 Jenis Dokumen Identitas'

2020-09-02 13:08:41 - [MESSAGE][PASSED] - Keys 'ENTER + ' sent to object: 'Object Repository/GoAmlReport/07 Entity/Account Tab From/03 Director/11 Dokumen Identitas/01 Jenis Dokumen Identitas'

2020-09-02 13:08:41 - [TEST_STEP][PASSED] - setText(findTestObject("GoAmlReport/07 Entity/Account Tab From/03 Director/11 Dokumen Identitas/02 No Identitas"), "12321444"): Text '12321444' is set on object 'Object Repository/GoAmlReport/07 Entity/Account Tab From/03 Director/11 Dokumen Identitas/02 No Identitas'

2020-09-02 13:08:42 - [MESSAGE][PASSED] - Text '12321444' is set on object 'Object Repository/GoAmlReport/07 Entity/Account Tab From/03 Director/11 Dokumen Identitas/02 No Identitas'

2020-09-02 13:08:42 - [TEST_STEP][PASSED] - setText(findTestObject("GoAmlReport/07 Entity/Account Tab From/03 Director/11 Dokumen Identitas/03 Negara Penerbit"), "ID - INDONESIA"): Text 'ID - INDONESIA' is set on object 'Object Repository/GoAmlReport/07 Entity/Account Tab From/03 Director/11 Dokumen Identitas/03 Negara Penerbit'

2020-09-02 13:08:43 - [MESSAGE][PASSED] - Text 'ID - INDONESIA' is set on object 'Object Repository/GoAmlReport/07 Entity/Account Tab From/03 Director/11 Dokumen Identitas/03 Negara Penerbit'

2020-09-02 13:08:43 - [TEST_STEP][PASSED] - delay(3): Delayed 3 second(s)

2020-09-02 13:08:46 - [MESSAGE][PASSED] - Delayed 3 second(s)

2020-09-02 13:08:46 - [TEST_STEP][PASSED] - sendKeys(findTestObject("GoAmlReport/07 Entity/Account Tab From/03 Director/11 Dokumen Identitas/03 Negara Penerbit"), Keys.chord(ENTER)): Keys 'ENTER + ' sent to object: 'Object Repository/GoAmlReport/07 Entity/Account Tab From/03 Director/11 Dokumen Identitas/03 Negara Penerbit'

2020-09-02 13:08:46 - [MESSAGE][PASSED] - Keys 'ENTER + ' sent to object: 'Object Repository/GoAmlReport/07 Entity/Account Tab From/03 Director/11 Dokumen Identitas/03 Negara Penerbit'

2020-09-02 13:08:46 - [TEST_STEP][PASSED] - click(findTestObject("GoAmlReport/07 Entity/Account Tab From/03 Director/11 Dokumen Identitas/Save")): Object: 'Object Repository/GoAmlReport/07 Entity/Account Tab From/03 Director/11 Dokumen Identitas/Save' is clicked on

2020-09-02 13:08:47 - [MESSAGE][PASSED] - Object: 'Object Repository/GoAmlReport/07 Entity/Account Tab From/03 Director/11 Dokumen Identitas/Save' is clicked on

2020-09-02 13:08:47 - [TEST_STEP][PASSED] - click(findTestObject("GoAmlReport/07 Entity/Account Tab From/03 Director/99 Save")): Object: 'Object Repository/GoAmlReport/07 Entity/Account Tab From/03 Director/99 Save' is clicked on

2020-09-02 13:08:48 - [MESSAGE][PASSED] - Object: 'Object Repository/GoAmlReport/07 Entity/Account Tab From/03 Director/99 Save' is clicked on

2020-09-02 13:08:48 - [TEST_STEP][PASSED] - delay(2): Delayed 2 second(s)

2020-09-02 13:08:50 - [MESSAGE][PASSED] - Delayed 2 second(s)

2020-09-02 13:08:50 - [MESSAGE][PASSED] - Call Test Case 'Test Cases/GoAML Report 4' successfully

2020-09-02 13:08:50 - [TEST_STEP][PASSED] - callTestCase(findTestCase("GoAML Report 5"), [:], STOP_ON_FAILURE): Call Test Case 'Test Cases/GoAML Report 5' successfully

2020-09-02 13:08:50 - [TEST_CASE][PASSED] - Test Cases/GoAML Report 5: Test Cases/GoAML Report 5

2020-09-02 13:08:50 - [TEST_STEP][PASSED] - for ([rowNum = 1, rowNum <= findTestData("GoAMLReport/Transaksi").getRowNumbers(), (rowNum++)]): Delayed 2 second(s)

2020-09-02 13:08:50 - [TEST_STEP][PASSED] - delay(6): Delayed 6 second(s)

2020-09-02 13:08:56 - [MESSAGE][PASSED] - Delayed 6 second(s)

2020-09-02 13:08:56 - [TEST_STEP][PASSED] - if (findTestData("GoAMLReport/Transaksi").getValue(1, rowNum) == "true"): Keys 'ENTER + ' sent to object: 'Object Repository/GoAmlReport/04 Identitas Penerima/07 Negara Trx Tujuan'

2020-09-02 13:08:57 - [TEST_STEP][PASSED] - if (findTestData("GoAMLReport/Transaksi").getValue(9, rowNum) == "true"): null

2020-09-02 13:08:57 - [TEST_STEP][PASSED] - if (findTestData("GoAMLReport/Transaksi").getValue(10, rowNum) == "uang tunai"): Keys 'ENTER + ' sent to object: 'Object Repository/GoAmlReport/04 Identitas Penerima/02 Ins Trx Tujuan'

2020-09-02 13:08:57 - [TEST_STEP][PASSED] - scrollToElement(findTestObject("GoAmlReport/04 Identitas Penerima/02 Ins Trx Tujuan"), 3): Scroll to object 'Object Repository/GoAmlReport/04 Identitas Penerima/02 Ins Trx Tujuan' successfully

2020-09-02 13:08:57 - [MESSAGE][PASSED] - Scroll to object 'Object Repository/GoAmlReport/04 Identitas Penerima/02 Ins Trx Tujuan' successfully

2020-09-02 13:08:57 - [TEST_STEP][PASSED] - setText(findTestObject("GoAmlReport/04 Identitas Penerima/02 Ins Trx Tujuan"), "Uang Tunai"): Text 'Uang Tunai' is set on object 'Object Repository/GoAmlReport/04 Identitas Penerima/02 Ins Trx Tujuan'

2020-09-02 13:08:58 - [MESSAGE][PASSED] - Text 'Uang Tunai' is set on object 'Object Repository/GoAmlReport/04 Identitas Penerima/02 Ins Trx Tujuan'

2020-09-02 13:08:58 - [TEST_STEP][PASSED] - delay(3): Delayed 3 second(s)

2020-09-02 13:09:01 - [MESSAGE][PASSED] - Delayed 3 second(s)

2020-09-02 13:09:01 - [TEST_STEP][PASSED] - sendKeys(findTestObject("GoAmlReport/04 Identitas Penerima/02 Ins Trx Tujuan"), Keys.chord(ENTER)): Keys 'ENTER + ' sent to object: 'Object Repository/GoAmlReport/04 Identitas Penerima/02 Ins Trx Tujuan'

2020-09-02 13:09:01 - [MESSAGE][PASSED] - Keys 'ENTER + ' sent to object: 'Object Repository/GoAmlReport/04 Identitas Penerima/02 Ins Trx Tujuan'

2020-09-02 13:09:01 - [TEST_STEP][PASSED] - if (findTestData("GoAMLReport/Transaksi").getValue(10, rowNum) == "rekening"): null

2020-09-02 13:09:01 - [TEST_STEP][PASSED] - scrollToElement(findTestObject("GoAmlReport/04 Identitas Penerima/05 Nominal Valas"), 3): Scroll to object 'Object Repository/GoAmlReport/04 Identitas Penerima/05 Nominal Valas' successfully

2020-09-02 13:09:02 - [MESSAGE][PASSED] - Scroll to object 'Object Repository/GoAmlReport/04 Identitas Penerima/05 Nominal Valas' successfully

2020-09-02 13:09:02 - [TEST_STEP][PASSED] - setText(findTestObject("GoAmlReport/04 Identitas Penerima/05 Nominal Valas"), "500000"): Text '500000' is set on object 'Object Repository/GoAmlReport/04 Identitas Penerima/05 Nominal Valas'

2020-09-02 13:09:03 - [MESSAGE][PASSED] - Text '500000' is set on object 'Object Repository/GoAmlReport/04 Identitas Penerima/05 Nominal Valas'

2020-09-02 13:09:03 - [TEST_STEP][PASSED] - scrollToElement(findTestObject("GoAmlReport/04 Identitas Penerima/06 Kurs"), 3): Scroll to object 'Object Repository/GoAmlReport/04 Identitas Penerima/06 Kurs' successfully

2020-09-02 13:09:03 - [MESSAGE][PASSED] - Scroll to object 'Object Repository/GoAmlReport/04 Identitas Penerima/06 Kurs' successfully

2020-09-02 13:09:03 - [TEST_STEP][PASSED] - setText(findTestObject("GoAmlReport/04 Identitas Penerima/06 Kurs"), "nope"): Text 'nope' is set on object 'Object Repository/GoAmlReport/04 Identitas Penerima/06 Kurs'

2020-09-02 13:09:04 - [MESSAGE][PASSED] - Text 'nope' is set on object 'Object Repository/GoAmlReport/04 Identitas Penerima/06 Kurs'

2020-09-02 13:09:04 - [TEST_STEP][PASSED] - setText(findTestObject("GoAmlReport/04 Identitas Penerima/999 Mata Uang Tujuan"), "TWD - Taiwan Dollar"): Text 'TWD - Taiwan Dollar' is set on object 'Object Repository/GoAmlReport/04 Identitas Penerima/999 Mata Uang Tujuan'

2020-09-02 13:09:05 - [MESSAGE][PASSED] - Text 'TWD - Taiwan Dollar' is set on object 'Object Repository/GoAmlReport/04 Identitas Penerima/999 Mata Uang Tujuan'

2020-09-02 13:09:05 - [TEST_STEP][PASSED] - delay(3): Delayed 3 second(s)

2020-09-02 13:09:08 - [MESSAGE][PASSED] - Delayed 3 second(s)

2020-09-02 13:09:08 - [TEST_STEP][PASSED] - sendKeys(findTestObject("GoAmlReport/04 Identitas Penerima/999 Mata Uang Tujuan"), Keys.chord(ENTER)): Keys 'ENTER + ' sent to object: 'Object Repository/GoAmlReport/04 Identitas Penerima/999 Mata Uang Tujuan'

2020-09-02 13:09:08 - [MESSAGE][PASSED] - Keys 'ENTER + ' sent to object: 'Object Repository/GoAmlReport/04 Identitas Penerima/999 Mata Uang Tujuan'

2020-09-02 13:09:08 - [TEST_STEP][PASSED] - scrollToElement(findTestObject("GoAmlReport/04 Identitas Penerima/07 Negara Trx Tujuan"), 3): Scroll to object 'Object Repository/GoAmlReport/04 Identitas Penerima/07 Negara Trx Tujuan' successfully

2020-09-02 13:09:09 - [MESSAGE][PASSED] - Scroll to object 'Object Repository/GoAmlReport/04 Identitas Penerima/07 Negara Trx Tujuan' successfully

2020-09-02 13:09:09 - [TEST_STEP][PASSED] - setText(findTestObject("GoAmlReport/04 Identitas Penerima/07 Negara Trx Tujuan"), "ital"): Text 'ital' is set on object 'Object Repository/GoAmlReport/04 Identitas Penerima/07 Negara Trx Tujuan'

2020-09-02 13:09:09 - [MESSAGE][PASSED] - Text 'ital' is set on object 'Object Repository/GoAmlReport/04 Identitas Penerima/07 Negara Trx Tujuan'

2020-09-02 13:09:09 - [TEST_STEP][PASSED] - delay(3): Delayed 3 second(s)

2020-09-02 13:09:12 - [MESSAGE][PASSED] - Delayed 3 second(s)

2020-09-02 13:09:12 - [TEST_STEP][PASSED] - sendKeys(findTestObject("GoAmlReport/04 Identitas Penerima/07 Negara Trx Tujuan"), Keys.chord(ENTER)): Keys 'ENTER + ' sent to object: 'Object Repository/GoAmlReport/04 Identitas Penerima/07 Negara Trx Tujuan'

2020-09-02 13:09:13 - [MESSAGE][PASSED] - Keys 'ENTER + ' sent to object: 'Object Repository/GoAmlReport/04 Identitas Penerima/07 Negara Trx Tujuan'

2020-09-02 13:09:13 - [TEST_STEP][PASSED] - if (findTestData("GoAMLReport/Transaksi").getValue(11, rowNum) == "account"): null

2020-09-02 13:09:13 - [TEST_STEP][PASSED] - if (findTestData("GoAMLReport/Transaksi").getValue(11, rowNum) == "person"): null

2020-09-02 13:09:13 - [TEST_STEP][PASSED] - if (findTestData("GoAMLReport/Transaksi").getValue(11, rowNum) == "entity"): Delayed 2 second(s)

2020-09-02 13:09:13 - [TEST_STEP][PASSED] - setText(findTestObject("GoAmlReport/04 Identitas Penerima/08 Informasi Penerima"), findTestData("GoAMLReport/Transaksi").getValue(11, rowNum)): Text 'entity' is set on object 'Object Repository/GoAmlReport/04 Identitas Penerima/08 Informasi Penerima'

2020-09-02 13:09:13 - [MESSAGE][PASSED] - Text 'entity' is set on object 'Object Repository/GoAmlReport/04 Identitas Penerima/08 Informasi Penerima'

2020-09-02 13:09:13 - [TEST_STEP][PASSED] - delay(8): Delayed 8 second(s)

2020-09-02 13:09:21 - [MESSAGE][PASSED] - Delayed 8 second(s)

2020-09-02 13:09:21 - [TEST_STEP][PASSED] - sendKeys(findTestObject("GoAmlReport/04 Identitas Penerima/08 Informasi Penerima"), Keys.chord(ENTER)): Keys 'ENTER + ' sent to object: 'Object Repository/GoAmlReport/04 Identitas Penerima/08 Informasi Penerima'

2020-09-02 13:09:22 - [MESSAGE][PASSED] - Keys 'ENTER + ' sent to object: 'Object Repository/GoAmlReport/04 Identitas Penerima/08 Informasi Penerima'

2020-09-02 13:09:22 - [TEST_STEP][PASSED] - delay(5): Delayed 5 second(s)

2020-09-02 13:09:27 - [MESSAGE][PASSED] - Delayed 5 second(s)

2020-09-02 13:09:27 - [TEST_STEP][PASSED] - setText(findTestObject("GoAmlReport/07 Entity/Account To/01 Nama Korporasi"), "Simpan Pinjam"): Text 'Simpan Pinjam' is set on object 'Object Repository/GoAmlReport/07 Entity/Account To/01 Nama Korporasi'

2020-09-02 13:09:28 - [MESSAGE][PASSED] - Text 'Simpan Pinjam' is set on object 'Object Repository/GoAmlReport/07 Entity/Account To/01 Nama Korporasi'

2020-09-02 13:09:28 - [TEST_STEP][PASSED] - setText(findTestObject("GoAmlReport/07 Entity/Account To/02 Bentuk Korporasi"), "PD - Perusahaan Daerah"): Text 'PD - Perusahaan Daerah' is set on object 'Object Repository/GoAmlReport/07 Entity/Account To/02 Bentuk Korporasi'

2020-09-02 13:09:29 - [MESSAGE][PASSED] - Text 'PD - Perusahaan Daerah' is set on object 'Object Repository/GoAmlReport/07 Entity/Account To/02 Bentuk Korporasi'

2020-09-02 13:09:29 - [TEST_STEP][PASSED] - delay(3): Delayed 3 second(s)

2020-09-02 13:09:32 - [MESSAGE][PASSED] - Delayed 3 second(s)

2020-09-02 13:09:32 - [TEST_STEP][PASSED] - sendKeys(findTestObject("GoAmlReport/07 Entity/Account To/02 Bentuk Korporasi"), Keys.chord(ENTER)): Keys 'ENTER + ' sent to object: 'Object Repository/GoAmlReport/07 Entity/Account To/02 Bentuk Korporasi'

2020-09-02 13:09:33 - [MESSAGE][PASSED] - Keys 'ENTER + ' sent to object: 'Object Repository/GoAmlReport/07 Entity/Account To/02 Bentuk Korporasi'

2020-09-02 13:09:33 - [TEST_STEP][PASSED] - setText(findTestObject("GoAmlReport/07 Entity/Account To/03 Bidang Usaha"), "Rentenir"): Text 'Rentenir' is set on object 'Object Repository/GoAmlReport/07 Entity/Account To/03 Bidang Usaha'

2020-09-02 13:09:33 - [MESSAGE][PASSED] - Text 'Rentenir' is set on object 'Object Repository/GoAmlReport/07 Entity/Account To/03 Bidang Usaha'

2020-09-02 13:09:33 - [TEST_STEP][PASSED] - delay(3): Delayed 3 second(s)

2020-09-02 13:09:36 - [MESSAGE][PASSED] - Delayed 3 second(s)

2020-09-02 13:09:36 - [TEST_STEP][PASSED] - sendKeys(findTestObject("GoAmlReport/07 Entity/Account To/03 Negara"), Keys.chord(ENTER)): Keys 'ENTER + ' sent to object: 'Object Repository/GoAmlReport/07 Entity/Account To/03 Negara'

2020-09-02 13:09:37 - [MESSAGE][PASSED] - Keys 'ENTER + ' sent to object: 'Object Repository/GoAmlReport/07 Entity/Account To/03 Negara'

2020-09-02 13:09:37 - [TEST_STEP][PASSED] - delay(3): Delayed 3 second(s)

2020-09-02 13:09:40 - [MESSAGE][PASSED] - Delayed 3 second(s)

2020-09-02 13:09:40 - [TEST_STEP][PASSED] - setText(findTestObject("GoAmlReport/07 Entity/Account To/03 Negara"), "indone"): Text 'indone' is set on object 'Object Repository/GoAmlReport/07 Entity/Account To/03 Negara'

2020-09-02 13:09:40 - [MESSAGE][PASSED] - Text 'indone' is set on object 'Object Repository/GoAmlReport/07 Entity/Account To/03 Negara'

2020-09-02 13:09:40 - [TEST_STEP][PASSED] - delay(3): Delayed 3 second(s)

2020-09-02 13:09:43 - [MESSAGE][PASSED] - Delayed 3 second(s)

2020-09-02 13:09:43 - [TEST_STEP][PASSED] - sendKeys(findTestObject("GoAmlReport/07 Entity/Account To/03 Negara"), Keys.chord(ENTER)): Keys 'ENTER + ' sent to object: 'Object Repository/GoAmlReport/07 Entity/Account To/03 Negara'

2020-09-02 13:09:44 - [MESSAGE][PASSED] - Keys 'ENTER + ' sent to object: 'Object Repository/GoAmlReport/07 Entity/Account To/03 Negara'

2020-09-02 13:09:44 - [TEST_STEP][PASSED] - setText(findTestObject("GoAmlReport/07 Entity/Account To/04 NPWP"), "123213123"): Text '123213123' is set on object 'Object Repository/GoAmlReport/07 Entity/Account To/04 NPWP'

2020-09-02 13:09:45 - [MESSAGE][PASSED] - Text '123213123' is set on object 'Object Repository/GoAmlReport/07 Entity/Account To/04 NPWP'

2020-09-02 13:09:45 - [TEST_STEP][PASSED] - scrollToElement(findTestObject("GoAmlReport/07 Entity/Account Tab To/01 Telepon/Tambah Telepon"), 3): Scroll to object 'Object Repository/GoAmlReport/07 Entity/Account Tab To/01 Telepon/Tambah Telepon' successfully

2020-09-02 13:09:45 - [MESSAGE][PASSED] - Scroll to object 'Object Repository/GoAmlReport/07 Entity/Account Tab To/01 Telepon/Tambah Telepon' successfully

2020-09-02 13:09:45 - [TEST_STEP][PASSED] - click(findTestObject("GoAmlReport/07 Entity/Account Tab To/01 Telepon/Tambah Telepon")): Object: 'Object Repository/GoAmlReport/07 Entity/Account Tab To/01 Telepon/Tambah Telepon' is clicked on

2020-09-02 13:09:46 - [MESSAGE][PASSED] - Object: 'Object Repository/GoAmlReport/07 Entity/Account Tab To/01 Telepon/Tambah Telepon' is clicked on

2020-09-02 13:09:46 - [TEST_STEP][PASSED] - delay(5): Delayed 5 second(s)

2020-09-02 13:09:51 - [MESSAGE][PASSED] - Delayed 5 second(s)

2020-09-02 13:09:51 - [TEST_STEP][PASSED] - setText(findTestObject("GoAmlReport/07 Entity/Account Tab To/01 Telepon/01 Kategori Kontak"), "D - Domisili"): Text 'D - Domisili' is set on object 'Object Repository/GoAmlReport/07 Entity/Account Tab To/01 Telepon/01 Kategori Kontak'

2020-09-02 13:09:52 - [MESSAGE][PASSED] - Text 'D - Domisili' is set on object 'Object Repository/GoAmlReport/07 Entity/Account Tab To/01 Telepon/01 Kategori Kontak'

2020-09-02 13:09:52 - [TEST_STEP][PASSED] - delay(3): Delayed 3 second(s)

2020-09-02 13:09:55 - [MESSAGE][PASSED] - Delayed 3 second(s)

2020-09-02 13:09:55 - [TEST_STEP][PASSED] - sendKeys(findTestObject("GoAmlReport/07 Entity/Account Tab To/01 Telepon/01 Kategori Kontak"), Keys.chord(ENTER)): Keys 'ENTER + ' sent to object: 'Object Repository/GoAmlReport/07 Entity/Account Tab To/01 Telepon/01 Kategori Kontak'

2020-09-02 13:09:55 - [MESSAGE][PASSED] - Keys 'ENTER + ' sent to object: 'Object Repository/GoAmlReport/07 Entity/Account Tab To/01 Telepon/01 Kategori Kontak'

2020-09-02 13:09:55 - [TEST_STEP][PASSED] - setText(findTestObject("GoAmlReport/07 Entity/Account Tab To/01 Telepon/02 Alat Komunikasi"), "PSTN - PSTN"): Text 'PSTN - PSTN' is set on object 'Object Repository/GoAmlReport/07 Entity/Account Tab To/01 Telepon/02 Alat Komunikasi'

2020-09-02 13:09:56 - [MESSAGE][PASSED] - Text 'PSTN - PSTN' is set on object 'Object Repository/GoAmlReport/07 Entity/Account Tab To/01 Telepon/02 Alat Komunikasi'

2020-09-02 13:09:56 - [TEST_STEP][PASSED] - delay(3): Delayed 3 second(s)

2020-09-02 13:09:59 - [MESSAGE][PASSED] - Delayed 3 second(s)

2020-09-02 13:09:59 - [TEST_STEP][PASSED] - sendKeys(findTestObject("GoAmlReport/07 Entity/Account Tab To/01 Telepon/02 Alat Komunikasi"), Keys.chord(ENTER)): Keys 'ENTER + ' sent to object: 'Object Repository/GoAmlReport/07 Entity/Account Tab To/01 Telepon/02 Alat Komunikasi'

2020-09-02 13:10:00 - [MESSAGE][PASSED] - Keys 'ENTER + ' sent to object: 'Object Repository/GoAmlReport/07 Entity/Account Tab To/01 Telepon/02 Alat Komunikasi'

2020-09-02 13:10:00 - [TEST_STEP][PASSED] - setText(findTestObject("GoAmlReport/07 Entity/Account Tab To/01 Telepon/03 No Telepon"), "0986745632"): Text '0986745632' is set on object 'Object Repository/GoAmlReport/07 Entity/Account Tab To/01 Telepon/03 No Telepon'

2020-09-02 13:10:00 - [MESSAGE][PASSED] - Text '0986745632' is set on object 'Object Repository/GoAmlReport/07 Entity/Account Tab To/01 Telepon/03 No Telepon'

2020-09-02 13:10:00 - [TEST_STEP][PASSED] - delay(2): Delayed 2 second(s)

2020-09-02 13:10:02 - [MESSAGE][PASSED] - Delayed 2 second(s)

2020-09-02 13:10:02 - [TEST_STEP][PASSED] - scrollToElement(findTestObject("GoAmlReport/07 Entity/Account Tab To/01 Telepon/Save"), 3): Scroll to object 'Object Repository/GoAmlReport/07 Entity/Account Tab To/01 Telepon/Save' successfully

2020-09-02 13:10:03 - [MESSAGE][PASSED] - Scroll to object 'Object Repository/GoAmlReport/07 Entity/Account Tab To/01 Telepon/Save' successfully

2020-09-02 13:10:03 - [TEST_STEP][PASSED] - click(findTestObject("GoAmlReport/07 Entity/Account Tab To/01 Telepon/Save"), STOP_ON_FAILURE): Object: 'Object Repository/GoAmlReport/07 Entity/Account Tab To/01 Telepon/Save' is clicked on

2020-09-02 13:10:03 - [MESSAGE][PASSED] - Object: 'Object Repository/GoAmlReport/07 Entity/Account Tab To/01 Telepon/Save' is clicked on

2020-09-02 13:10:03 - [TEST_STEP][PASSED] - delay(3): Delayed 3 second(s)

2020-09-02 13:10:06 - [MESSAGE][PASSED] - Delayed 3 second(s)

2020-09-02 13:10:06 - [TEST_STEP][PASSED] - scrollToElement(findTestObject("GoAmlReport/07 Entity/Account Tab To/02 Alamat/span_Tambah Alamat"), 3): Scroll to object 'Object Repository/GoAmlReport/07 Entity/Account Tab To/02 Alamat/span_Tambah Alamat' successfully

2020-09-02 13:10:07 - [MESSAGE][PASSED] - Scroll to object 'Object Repository/GoAmlReport/07 Entity/Account Tab To/02 Alamat/span_Tambah Alamat' successfully

2020-09-02 13:10:07 - [TEST_STEP][PASSED] - click(findTestObject("GoAmlReport/07 Entity/Account Tab To/02 Alamat/span_Tambah Alamat")): Object: 'Object Repository/GoAmlReport/07 Entity/Account Tab To/02 Alamat/span_Tambah Alamat' is clicked on

2020-09-02 13:10:07 - [MESSAGE][PASSED] - Object: 'Object Repository/GoAmlReport/07 Entity/Account Tab To/02 Alamat/span_Tambah Alamat' is clicked on

2020-09-02 13:10:07 - [TEST_STEP][PASSED] - delay(5): Delayed 5 second(s)

2020-09-02 13:10:12 - [MESSAGE][PASSED] - Delayed 5 second(s)

2020-09-02 13:10:12 - [TEST_STEP][PASSED] - setText(findTestObject("GoAmlReport/07 Entity/Account Tab To/02 Alamat/01 Type Alamat"), "D - Domisili"): Text 'D - Domisili' is set on object 'Object Repository/GoAmlReport/07 Entity/Account Tab To/02 Alamat/01 Type Alamat'

2020-09-02 13:10:13 - [MESSAGE][PASSED] - Text 'D - Domisili' is set on object 'Object Repository/GoAmlReport/07 Entity/Account Tab To/02 Alamat/01 Type Alamat'

2020-09-02 13:10:13 - [TEST_STEP][PASSED] - delay(5): Delayed 5 second(s)

2020-09-02 13:10:18 - [MESSAGE][PASSED] - Delayed 5 second(s)

2020-09-02 13:10:18 - [TEST_STEP][PASSED] - sendKeys(findTestObject("GoAmlReport/07 Entity/Account Tab To/02 Alamat/01 Type Alamat"), Keys.chord(ENTER)): Keys 'ENTER + ' sent to object: 'Object Repository/GoAmlReport/07 Entity/Account Tab To/02 Alamat/01 Type Alamat'

2020-09-02 13:10:18 - [MESSAGE][PASSED] - Keys 'ENTER + ' sent to object: 'Object Repository/GoAmlReport/07 Entity/Account Tab To/02 Alamat/01 Type Alamat'

2020-09-02 13:10:18 - [TEST_STEP][PASSED] - setText(findTestObject("GoAmlReport/07 Entity/Account Tab To/02 Alamat/02 Alamat"), "Jl. sdhjsadkjsnadklsandkjasd"): Text 'Jl. sdhjsadkjsnadklsandkjasd' is set on object 'Object Repository/GoAmlReport/07 Entity/Account Tab To/02 Alamat/02 Alamat'

2020-09-02 13:10:19 - [MESSAGE][PASSED] - Text 'Jl. sdhjsadkjsnadklsandkjasd' is set on object 'Object Repository/GoAmlReport/07 Entity/Account Tab To/02 Alamat/02 Alamat'

2020-09-02 13:10:19 - [TEST_STEP][PASSED] - setText(findTestObject("GoAmlReport/07 Entity/Account Tab To/02 Alamat/03 Kota"), "Jakarta"): Text 'Jakarta' is set on object 'Object Repository/GoAmlReport/07 Entity/Account Tab To/02 Alamat/03 Kota'

2020-09-02 13:10:20 - [MESSAGE][PASSED] - Text 'Jakarta' is set on object 'Object Repository/GoAmlReport/07 Entity/Account Tab To/02 Alamat/03 Kota'

2020-09-02 13:10:20 - [TEST_STEP][PASSED] - setText(findTestObject("GoAmlReport/07 Entity/Account Tab To/02 Alamat/03 Negara"), "ID - INDONESIA"): Text 'ID - INDONESIA' is set on object 'Object Repository/GoAmlReport/07 Entity/Account Tab To/02 Alamat/03 Negara'

2020-09-02 13:10:21 - [MESSAGE][PASSED] - Text 'ID - INDONESIA' is set on object 'Object Repository/GoAmlReport/07 Entity/Account Tab To/02 Alamat/03 Negara'

2020-09-02 13:10:21 - [TEST_STEP][PASSED] - delay(3): Delayed 3 second(s)

2020-09-02 13:10:24 - [MESSAGE][PASSED] - Delayed 3 second(s)

2020-09-02 13:10:24 - [TEST_STEP][PASSED] - sendKeys(findTestObject("GoAmlReport/07 Entity/Account Tab To/02 Alamat/03 Negara"), Keys.chord(ENTER)): Keys 'ENTER + ' sent to object: 'Object Repository/GoAmlReport/07 Entity/Account Tab To/02 Alamat/03 Negara'

2020-09-02 13:10:25 - [MESSAGE][PASSED] - Keys 'ENTER + ' sent to object: 'Object Repository/GoAmlReport/07 Entity/Account Tab To/02 Alamat/03 Negara'

2020-09-02 13:10:25 - [TEST_STEP][PASSED] - delay(2): Delayed 2 second(s)

2020-09-02 13:10:27 - [MESSAGE][PASSED] - Delayed 2 second(s)

2020-09-02 13:10:27 - [TEST_STEP][PASSED] - click(findTestObject("GoAmlReport/07 Entity/Account Tab To/02 Alamat/save")): Object: 'Object Repository/GoAmlReport/07 Entity/Account Tab To/02 Alamat/save' is clicked on

2020-09-02 13:10:27 - [MESSAGE][PASSED] - Object: 'Object Repository/GoAmlReport/07 Entity/Account Tab To/02 Alamat/save' is clicked on

2020-09-02 13:10:27 - [TEST_STEP][PASSED] - click(findTestObject("GoAmlReport/07 Entity/Account Tab To/03 Director/00 Add")): Object: 'Object Repository/GoAmlReport/07 Entity/Account Tab To/03 Director/00 Add' is clicked on

2020-09-02 13:10:29 - [MESSAGE][PASSED] - Object: 'Object Repository/GoAmlReport/07 Entity/Account Tab To/03 Director/00 Add' is clicked on

2020-09-02 13:10:29 - [TEST_STEP][PASSED] - scrollToElement(findTestObject("GoAmlReport/07 Entity/Account Tab To/03 Director/00 Add"), 3): Scroll to object 'Object Repository/GoAmlReport/07 Entity/Account Tab To/03 Director/00 Add' successfully

2020-09-02 13:10:29 - [MESSAGE][PASSED] - Scroll to object 'Object Repository/GoAmlReport/07 Entity/Account Tab To/03 Director/00 Add' successfully

2020-09-02 13:10:29 - [TEST_STEP][PASSED] - delay(5): Delayed 5 second(s)

2020-09-02 13:10:34 - [MESSAGE][PASSED] - Delayed 5 second(s)

2020-09-02 13:10:34 - [TEST_STEP][PASSED] - setText(findTestObject("GoAmlReport/07 Entity/Account Tab To/03 Director/01 Jenis Kelamin"), "F - Female"): Text 'F - Female' is set on object 'Object Repository/GoAmlReport/07 Entity/Account Tab To/03 Director/01 Jenis Kelamin'

2020-09-02 13:10:35 - [MESSAGE][PASSED] - Text 'F - Female' is set on object 'Object Repository/GoAmlReport/07 Entity/Account Tab To/03 Director/01 Jenis Kelamin'

2020-09-02 13:10:35 - [TEST_STEP][PASSED] - delay(5): Delayed 5 second(s)

2020-09-02 13:10:40 - [MESSAGE][PASSED] - Delayed 5 second(s)

2020-09-02 13:10:40 - [TEST_STEP][PASSED] - sendKeys(findTestObject("GoAmlReport/07 Entity/Account Tab To/03 Director/01 Jenis Kelamin"), Keys.chord(ENTER)): Keys 'ENTER + ' sent to object: 'Object Repository/GoAmlReport/07 Entity/Account Tab To/03 Director/01 Jenis Kelamin'

2020-09-02 13:10:40 - [MESSAGE][PASSED] - Keys 'ENTER + ' sent to object: 'Object Repository/GoAmlReport/07 Entity/Account Tab To/03 Director/01 Jenis Kelamin'

2020-09-02 13:10:40 - [TEST_STEP][PASSED] - setText(findTestObject("GoAmlReport/07 Entity/Account Tab To/03 Director/02 Nama Lengkap"), "Aman "): Text 'Aman ' is set on object 'Object Repository/GoAmlReport/07 Entity/Account Tab To/03 Director/02 Nama Lengkap'

2020-09-02 13:10:41 - [MESSAGE][PASSED] - Text 'Aman ' is set on object 'Object Repository/GoAmlReport/07 Entity/Account Tab To/03 Director/02 Nama Lengkap'

2020-09-02 13:10:41 - [TEST_STEP][PASSED] - setText(findTestObject("GoAmlReport/07 Entity/Account Tab To/03 Director/10 Tanggal Lahir"), "01-Aug-96"): Text '01-Aug-96' is set on object 'Object Repository/GoAmlReport/07 Entity/Account Tab To/03 Director/10 Tanggal Lahir'

2020-09-02 13:10:42 - [MESSAGE][PASSED] - Text '01-Aug-96' is set on object 'Object Repository/GoAmlReport/07 Entity/Account Tab To/03 Director/10 Tanggal Lahir'

2020-09-02 13:10:42 - [TEST_STEP][PASSED] - delay(2): Delayed 2 second(s)

2020-09-02 13:10:44 - [MESSAGE][PASSED] - Delayed 2 second(s)

2020-09-02 13:10:44 - [TEST_STEP][PASSED] - setText(findTestObject("GoAmlReport/07 Entity/Account Tab To/03 Director/12 Tempat Lahir"), "Jakarta"): Text 'Jakarta' is set on object 'Object Repository/GoAmlReport/07 Entity/Account Tab To/03 Director/12 Tempat Lahir'

2020-09-02 13:10:45 - [MESSAGE][PASSED] - Text 'Jakarta' is set on object 'Object Repository/GoAmlReport/07 Entity/Account Tab To/03 Director/12 Tempat Lahir'

2020-09-02 13:10:45 - [TEST_STEP][PASSED] - setText(findTestObject("GoAmlReport/07 Entity/Account Tab To/03 Director/04 Kewarganegaraan"), "indone"): Text 'indone' is set on object 'Object Repository/GoAmlReport/07 Entity/Account Tab To/03 Director/04 Kewarganegaraan'

2020-09-02 13:10:45 - [MESSAGE][PASSED] - Text 'indone' is set on object 'Object Repository/GoAmlReport/07 Entity/Account Tab To/03 Director/04 Kewarganegaraan'

2020-09-02 13:10:45 - [TEST_STEP][PASSED] - delay(5): Delayed 5 second(s)

2020-09-02 13:10:50 - [MESSAGE][PASSED] - Delayed 5 second(s)

2020-09-02 13:10:50 - [TEST_STEP][PASSED] - sendKeys(findTestObject("GoAmlReport/07 Entity/Account Tab To/03 Director/04 Kewarganegaraan"), Keys.chord(ENTER)): Keys 'ENTER + ' sent to object: 'Object Repository/GoAmlReport/07 Entity/Account Tab To/03 Director/04 Kewarganegaraan'

2020-09-02 13:10:51 - [MESSAGE][PASSED] - Keys 'ENTER + ' sent to object: 'Object Repository/GoAmlReport/07 Entity/Account Tab To/03 Director/04 Kewarganegaraan'

2020-09-02 13:10:51 - [TEST_STEP][PASSED] - setText(findTestObject("GoAmlReport/07 Entity/Account Tab To/03 Director/05 Negara Domisili"), "ID - INDONESIA"): Text 'ID - INDONESIA' is set on object 'Object Repository/GoAmlReport/07 Entity/Account Tab To/03 Director/05 Negara Domisili'

2020-09-02 13:10:52 - [MESSAGE][PASSED] - Text 'ID - INDONESIA' is set on object 'Object Repository/GoAmlReport/07 Entity/Account Tab To/03 Director/05 Negara Domisili'

2020-09-02 13:10:52 - [TEST_STEP][PASSED] - delay(3): Delayed 3 second(s)

2020-09-02 13:10:55 - [MESSAGE][PASSED] - Delayed 3 second(s)

2020-09-02 13:10:55 - [TEST_STEP][PASSED] - sendKeys(findTestObject("GoAmlReport/07 Entity/Account Tab To/03 Director/05 Negara Domisili"), Keys.chord(ENTER)): Keys 'ENTER + ' sent to object: 'Object Repository/GoAmlReport/07 Entity/Account Tab To/03 Director/05 Negara Domisili'

2020-09-02 13:10:55 - [MESSAGE][PASSED] - Keys 'ENTER + ' sent to object: 'Object Repository/GoAmlReport/07 Entity/Account Tab To/03 Director/05 Negara Domisili'

2020-09-02 13:10:55 - [TEST_STEP][PASSED] - setText(findTestObject("GoAmlReport/07 Entity/Account Tab To/03 Director/06 Pekerjaan"), "Kerja Serabutan"): Text 'Kerja Serabutan' is set on object 'Object Repository/GoAmlReport/07 Entity/Account Tab To/03 Director/06 Pekerjaan'

2020-09-02 13:10:56 - [MESSAGE][PASSED] - Text 'Kerja Serabutan' is set on object 'Object Repository/GoAmlReport/07 Entity/Account Tab To/03 Director/06 Pekerjaan'

2020-09-02 13:10:56 - [TEST_STEP][PASSED] - setText(findTestObject("GoAmlReport/07 Entity/Account Tab To/03 Director/07 Sumber Dana"), "Maling"): Text 'Maling' is set on object 'Object Repository/GoAmlReport/07 Entity/Account Tab To/03 Director/07 Sumber Dana'

2020-09-02 13:10:57 - [MESSAGE][PASSED] - Text 'Maling' is set on object 'Object Repository/GoAmlReport/07 Entity/Account Tab To/03 Director/07 Sumber Dana'

2020-09-02 13:10:57 - [TEST_STEP][PASSED] - setText(findTestObject("GoAmlReport/07 Entity/Account Tab To/03 Director/08 Peran"), "UBO - Ultimate Beneficial Owner"): Text 'UBO - Ultimate Beneficial Owner' is set on object 'Object Repository/GoAmlReport/07 Entity/Account Tab To/03 Director/08 Peran'

2020-09-02 13:10:58 - [MESSAGE][PASSED] - Text 'UBO - Ultimate Beneficial Owner' is set on object 'Object Repository/GoAmlReport/07 Entity/Account Tab To/03 Director/08 Peran'

2020-09-02 13:10:58 - [TEST_STEP][PASSED] - delay(2): Delayed 2 second(s)

2020-09-02 13:11:00 - [MESSAGE][PASSED] - Delayed 2 second(s)

2020-09-02 13:11:00 - [TEST_STEP][PASSED] - sendKeys(findTestObject("GoAmlReport/07 Entity/Account Tab To/03 Director/08 Peran"), Keys.chord(ENTER)): Keys 'ENTER + ' sent to object: 'Object Repository/GoAmlReport/07 Entity/Account Tab To/03 Director/08 Peran'

2020-09-02 13:11:01 - [MESSAGE][PASSED] - Keys 'ENTER + ' sent to object: 'Object Repository/GoAmlReport/07 Entity/Account Tab To/03 Director/08 Peran'

2020-09-02 13:11:01 - [TEST_STEP][PASSED] - click(findTestObject("GoAmlReport/07 Entity/Account Tab To/03 Director/09 Telepon/Tambah Telepon")): Object: 'Object Repository/GoAmlReport/07 Entity/Account Tab To/03 Director/09 Telepon/Tambah Telepon' is clicked on

2020-09-02 13:11:01 - [MESSAGE][PASSED] - Object: 'Object Repository/GoAmlReport/07 Entity/Account Tab To/03 Director/09 Telepon/Tambah Telepon' is clicked on

2020-09-02 13:11:01 - [TEST_STEP][PASSED] - scrollToElement(findTestObject("GoAmlReport/07 Entity/Account Tab To/03 Director/09 Telepon/01 Kategori Kontak"), 3): Scroll to object 'Object Repository/GoAmlReport/07 Entity/Account Tab To/03 Director/09 Telepon/01 Kategori Kontak' successfully

2020-09-02 13:11:03 - [MESSAGE][PASSED] - Scroll to object 'Object Repository/GoAmlReport/07 Entity/Account Tab To/03 Director/09 Telepon/01 Kategori Kontak' successfully

2020-09-02 13:11:03 - [TEST_STEP][PASSED] - setText(findTestObject("GoAmlReport/07 Entity/Account Tab To/03 Director/09 Telepon/01 Kategori Kontak"), "K - Kantor"): Text 'K - Kantor' is set on object 'Object Repository/GoAmlReport/07 Entity/Account Tab To/03 Director/09 Telepon/01 Kategori Kontak'

2020-09-02 13:11:04 - [MESSAGE][PASSED] - Text 'K - Kantor' is set on object 'Object Repository/GoAmlReport/07 Entity/Account Tab To/03 Director/09 Telepon/01 Kategori Kontak'

2020-09-02 13:11:04 - [TEST_STEP][PASSED] - delay(3): Delayed 3 second(s)

2020-09-02 13:11:07 - [MESSAGE][PASSED] - Delayed 3 second(s)

2020-09-02 13:11:07 - [TEST_STEP][PASSED] - sendKeys(findTestObject("GoAmlReport/07 Entity/Account Tab To/03 Director/09 Telepon/01 Kategori Kontak"), Keys.chord(ENTER)): Keys 'ENTER + ' sent to object: 'Object Repository/GoAmlReport/07 Entity/Account Tab To/03 Director/09 Telepon/01 Kategori Kontak'

2020-09-02 13:11:07 - [MESSAGE][PASSED] - Keys 'ENTER + ' sent to object: 'Object Repository/GoAmlReport/07 Entity/Account Tab To/03 Director/09 Telepon/01 Kategori Kontak'

2020-09-02 13:11:07 - [TEST_STEP][PASSED] - setText(findTestObject("GoAmlReport/07 Entity/Account Tab To/03 Director/09 Telepon/02 Alat Komunikasi"), "PSTN - PSTN"): Text 'PSTN - PSTN' is set on object 'Object Repository/GoAmlReport/07 Entity/Account Tab To/03 Director/09 Telepon/02 Alat Komunikasi'

2020-09-02 13:11:08 - [MESSAGE][PASSED] - Text 'PSTN - PSTN' is set on object 'Object Repository/GoAmlReport/07 Entity/Account Tab To/03 Director/09 Telepon/02 Alat Komunikasi'

2020-09-02 13:11:08 - [TEST_STEP][PASSED] - delay(3): Delayed 3 second(s)

2020-09-02 13:11:11 - [MESSAGE][PASSED] - Delayed 3 second(s)

2020-09-02 13:11:11 - [TEST_STEP][PASSED] - sendKeys(findTestObject("GoAmlReport/07 Entity/Account Tab To/03 Director/09 Telepon/02 Alat Komunikasi"), Keys.chord(ENTER)): Keys 'ENTER + ' sent to object: 'Object Repository/GoAmlReport/07 Entity/Account Tab To/03 Director/09 Telepon/02 Alat Komunikasi'

2020-09-02 13:11:12 - [MESSAGE][PASSED] - Keys 'ENTER + ' sent to object: 'Object Repository/GoAmlReport/07 Entity/Account Tab To/03 Director/09 Telepon/02 Alat Komunikasi'

2020-09-02 13:11:12 - [TEST_STEP][PASSED] - setText(findTestObject("GoAmlReport/07 Entity/Account Tab To/03 Director/09 Telepon/03 No Telepon"), "222222222"): Text '222222222' is set on object 'Object Repository/GoAmlReport/07 Entity/Account Tab To/03 Director/09 Telepon/03 No Telepon'

2020-09-02 13:11:12 - [MESSAGE][PASSED] - Text '222222222' is set on object 'Object Repository/GoAmlReport/07 Entity/Account Tab To/03 Director/09 Telepon/03 No Telepon'

2020-09-02 13:11:12 - [TEST_STEP][PASSED] - click(findTestObject("GoAmlReport/07 Entity/Account Tab To/03 Director/09 Telepon/Save"), STOP_ON_FAILURE): Object: 'Object Repository/GoAmlReport/07 Entity/Account Tab To/03 Director/09 Telepon/Save' is clicked on

2020-09-02 13:11:13 - [MESSAGE][PASSED] - Object: 'Object Repository/GoAmlReport/07 Entity/Account Tab To/03 Director/09 Telepon/Save' is clicked on

2020-09-02 13:11:13 - [TEST_STEP][PASSED] - delay(4): Delayed 4 second(s)

2020-09-02 13:11:17 - [MESSAGE][PASSED] - Delayed 4 second(s)

2020-09-02 13:11:17 - [TEST_STEP][PASSED] - scrollToElement(findTestObject("GoAmlReport/07 Entity/Account Tab To/03 Director/10 Alamat/span_Tambah Alamat"), 3): Scroll to object 'Object Repository/GoAmlReport/07 Entity/Account Tab To/03 Director/10 Alamat/span_Tambah Alamat' successfully

2020-09-02 13:11:17 - [MESSAGE][PASSED] - Scroll to object 'Object Repository/GoAmlReport/07 Entity/Account Tab To/03 Director/10 Alamat/span_Tambah Alamat' successfully

2020-09-02 13:11:17 - [TEST_STEP][PASSED] - click(findTestObject("GoAmlReport/07 Entity/Account Tab To/03 Director/10 Alamat/span_Tambah Alamat")): Object: 'Object Repository/GoAmlReport/07 Entity/Account Tab To/03 Director/10 Alamat/span_Tambah Alamat' is clicked on

2020-09-02 13:11:18 - [MESSAGE][PASSED] - Object: 'Object Repository/GoAmlReport/07 Entity/Account Tab To/03 Director/10 Alamat/span_Tambah Alamat' is clicked on

2020-09-02 13:11:18 - [TEST_STEP][PASSED] - delay(3): Delayed 3 second(s)

2020-09-02 13:11:21 - [MESSAGE][PASSED] - Delayed 3 second(s)

2020-09-02 13:11:21 - [TEST_STEP][PASSED] - setText(findTestObject("GoAmlReport/07 Entity/Account Tab To/03 Director/10 Alamat/01 Type Alamat"), "R - Rumah"): Text 'R - Rumah' is set on object 'Object Repository/GoAmlReport/07 Entity/Account Tab To/03 Director/10 Alamat/01 Type Alamat'

2020-09-02 13:11:22 - [MESSAGE][PASSED] - Text 'R - Rumah' is set on object 'Object Repository/GoAmlReport/07 Entity/Account Tab To/03 Director/10 Alamat/01 Type Alamat'

2020-09-02 13:11:22 - [TEST_STEP][PASSED] - delay(3): Delayed 3 second(s)

2020-09-02 13:11:25 - [MESSAGE][PASSED] - Delayed 3 second(s)

2020-09-02 13:11:25 - [TEST_STEP][PASSED] - sendKeys(findTestObject("GoAmlReport/07 Entity/Account Tab To/03 Director/10 Alamat/01 Type Alamat"), Keys.chord(ENTER)): Keys 'ENTER + ' sent to object: 'Object Repository/GoAmlReport/07 Entity/Account Tab To/03 Director/10 Alamat/01 Type Alamat'

2020-09-02 13:11:25 - [MESSAGE][PASSED] - Keys 'ENTER + ' sent to object: 'Object Repository/GoAmlReport/07 Entity/Account Tab To/03 Director/10 Alamat/01 Type Alamat'

2020-09-02 13:11:25 - [TEST_STEP][PASSED] - setText(findTestObject("GoAmlReport/07 Entity/Account Tab To/03 Director/10 Alamat/02 Alamat"), "Jl Jalan Jln"): Text 'Jl Jalan Jln' is set on object 'Object Repository/GoAmlReport/07 Entity/Account Tab To/03 Director/10 Alamat/02 Alamat'

2020-09-02 13:11:26 - [MESSAGE][PASSED] - Text 'Jl Jalan Jln' is set on object 'Object Repository/GoAmlReport/07 Entity/Account Tab To/03 Director/10 Alamat/02 Alamat'

2020-09-02 13:11:26 - [TEST_STEP][PASSED] - setText(findTestObject("GoAmlReport/07 Entity/Account Tab To/03 Director/10 Alamat/03 Kota"), "Jakarte"): Text 'Jakarte' is set on object 'Object Repository/GoAmlReport/07 Entity/Account Tab To/03 Director/10 Alamat/03 Kota'

2020-09-02 13:11:27 - [MESSAGE][PASSED] - Text 'Jakarte' is set on object 'Object Repository/GoAmlReport/07 Entity/Account Tab To/03 Director/10 Alamat/03 Kota'

2020-09-02 13:11:27 - [TEST_STEP][PASSED] - setText(findTestObject("GoAmlReport/07 Entity/Account Tab To/03 Director/10 Alamat/03 Negara"), "Indonesi"): Text 'Indonesi' is set on object 'Object Repository/GoAmlReport/07 Entity/Account Tab To/03 Director/10 Alamat/03 Negara'

2020-09-02 13:11:28 - [MESSAGE][PASSED] - Text 'Indonesi' is set on object 'Object Repository/GoAmlReport/07 Entity/Account Tab To/03 Director/10 Alamat/03 Negara'

2020-09-02 13:11:28 - [TEST_STEP][PASSED] - delay(3): Delayed 3 second(s)

2020-09-02 13:11:31 - [MESSAGE][PASSED] - Delayed 3 second(s)

2020-09-02 13:11:31 - [TEST_STEP][PASSED] - sendKeys(findTestObject("GoAmlReport/07 Entity/Account Tab To/03 Director/10 Alamat/03 Negara"), Keys.chord(ENTER)): Keys 'ENTER + ' sent to object: 'Object Repository/GoAmlReport/07 Entity/Account Tab To/03 Director/10 Alamat/03 Negara'

2020-09-02 13:11:31 - [MESSAGE][PASSED] - Keys 'ENTER + ' sent to object: 'Object Repository/GoAmlReport/07 Entity/Account Tab To/03 Director/10 Alamat/03 Negara'

2020-09-02 13:11:31 - [TEST_STEP][PASSED] - click(findTestObject("GoAmlReport/07 Entity/Account Tab To/03 Director/10 Alamat/save"), STOP_ON_FAILURE): Object: 'Object Repository/GoAmlReport/07 Entity/Account Tab To/03 Director/10 Alamat/save' is clicked on

2020-09-02 13:11:32 - [MESSAGE][PASSED] - Object: 'Object Repository/GoAmlReport/07 Entity/Account Tab To/03 Director/10 Alamat/save' is clicked on

2020-09-02 13:11:32 - [TEST_STEP][PASSED] - scrollToElement(findTestObject("GoAmlReport/07 Entity/Account Tab To/03 Director/11 Dokumen Identitas/Tambah Dokumen Identitas"), 3): Scroll to object 'Object Repository/GoAmlReport/07 Entity/Account Tab To/03 Director/11 Dokumen Identitas/Tambah Dokumen Identitas' successfully

2020-09-02 13:11:32 - [MESSAGE][PASSED] - Scroll to object 'Object Repository/GoAmlReport/07 Entity/Account Tab To/03 Director/11 Dokumen Identitas/Tambah Dokumen Identitas' successfully

2020-09-02 13:11:32 - [TEST_STEP][PASSED] - click(findTestObject("GoAmlReport/07 Entity/Account Tab To/03 Director/11 Dokumen Identitas/Tambah Dokumen Identitas")): Object: 'Object Repository/GoAmlReport/07 Entity/Account Tab To/03 Director/11 Dokumen Identitas/Tambah Dokumen Identitas' is clicked on

2020-09-02 13:11:33 - [MESSAGE][PASSED] - Object: 'Object Repository/GoAmlReport/07 Entity/Account Tab To/03 Director/11 Dokumen Identitas/Tambah Dokumen Identitas' is clicked on

2020-09-02 13:11:33 - [TEST_STEP][PASSED] - delay(3): Delayed 3 second(s)

2020-09-02 13:11:36 - [MESSAGE][PASSED] - Delayed 3 second(s)

2020-09-02 13:11:36 - [TEST_STEP][PASSED] - setText(findTestObject("GoAmlReport/07 Entity/Account Tab To/03 Director/11 Dokumen Identitas/01 Jenis Dokumen Identitas"), "SUKET - Surat Keterangan Kependudukan"): Text 'SUKET - Surat Keterangan Kependudukan' is set on object 'Object Repository/GoAmlReport/07 Entity/Account Tab To/03 Director/11 Dokumen Identitas/01 Jenis Dokumen Identitas'

2020-09-02 13:11:38 - [MESSAGE][PASSED] - Text 'SUKET - Surat Keterangan Kependudukan' is set on object 'Object Repository/GoAmlReport/07 Entity/Account Tab To/03 Director/11 Dokumen Identitas/01 Jenis Dokumen Identitas'

2020-09-02 13:11:38 - [TEST_STEP][PASSED] - delay(3): Delayed 3 second(s)

2020-09-02 13:11:41 - [MESSAGE][PASSED] - Delayed 3 second(s)

2020-09-02 13:11:41 - [TEST_STEP][PASSED] - sendKeys(findTestObject("GoAmlReport/07 Entity/Account Tab To/03 Director/11 Dokumen Identitas/01 Jenis Dokumen Identitas"), Keys.chord(ENTER)): Keys 'ENTER + ' sent to object: 'Object Repository/GoAmlReport/07 Entity/Account Tab To/03 Director/11 Dokumen Identitas/01 Jenis Dokumen Identitas'

2020-09-02 13:11:41 - [MESSAGE][PASSED] - Keys 'ENTER + ' sent to object: 'Object Repository/GoAmlReport/07 Entity/Account Tab To/03 Director/11 Dokumen Identitas/01 Jenis Dokumen Identitas'

2020-09-02 13:11:41 - [TEST_STEP][PASSED] - setText(findTestObject("GoAmlReport/07 Entity/Account Tab To/03 Director/11 Dokumen Identitas/02 No Identitas"), "12321444"): Text '12321444' is set on object 'Object Repository/GoAmlReport/07 Entity/Account Tab To/03 Director/11 Dokumen Identitas/02 No Identitas'

2020-09-02 13:11:42 - [MESSAGE][PASSED] - Text '12321444' is set on object 'Object Repository/GoAmlReport/07 Entity/Account Tab To/03 Director/11 Dokumen Identitas/02 No Identitas'

2020-09-02 13:11:42 - [TEST_STEP][PASSED] - setText(findTestObject("GoAmlReport/07 Entity/Account Tab To/03 Director/11 Dokumen Identitas/03 Negara Penerbit"), "ID - INDONESIA"): Text 'ID - INDONESIA' is set on object 'Object Repository/GoAmlReport/07 Entity/Account Tab To/03 Director/11 Dokumen Identitas/03 Negara Penerbit'

2020-09-02 13:11:43 - [MESSAGE][PASSED] - Text 'ID - INDONESIA' is set on object 'Object Repository/GoAmlReport/07 Entity/Account Tab To/03 Director/11 Dokumen Identitas/03 Negara Penerbit'

2020-09-02 13:11:43 - [TEST_STEP][PASSED] - delay(3): Delayed 3 second(s)

2020-09-02 13:11:46 - [MESSAGE][PASSED] - Delayed 3 second(s)

2020-09-02 13:11:46 - [TEST_STEP][PASSED] - sendKeys(findTestObject("GoAmlReport/07 Entity/Account Tab To/03 Director/11 Dokumen Identitas/03 Negara Penerbit"), Keys.chord(ENTER)): Keys 'ENTER + ' sent to object: 'Object Repository/GoAmlReport/07 Entity/Account Tab To/03 Director/11 Dokumen Identitas/03 Negara Penerbit'

2020-09-02 13:11:46 - [MESSAGE][PASSED] - Keys 'ENTER + ' sent to object: 'Object Repository/GoAmlReport/07 Entity/Account Tab To/03 Director/11 Dokumen Identitas/03 Negara Penerbit'

2020-09-02 13:11:46 - [TEST_STEP][PASSED] - click(findTestObject("GoAmlReport/07 Entity/Account Tab To/03 Director/11 Dokumen Identitas/Save")): Object: 'Object Repository/GoAmlReport/07 Entity/Account Tab To/03 Director/11 Dokumen Identitas/Save' is clicked on

2020-09-02 13:11:47 - [MESSAGE][PASSED] - Object: 'Object Repository/GoAmlReport/07 Entity/Account Tab To/03 Director/11 Dokumen Identitas/Save' is clicked on

2020-09-02 13:11:47 - [TEST_STEP][PASSED] - click(findTestObject("GoAmlReport/07 Entity/Account Tab To/03 Director/99 Save")): Object: 'Object Repository/GoAmlReport/07 Entity/Account Tab To/03 Director/99 Save' is clicked on

2020-09-02 13:11:48 - [MESSAGE][PASSED] - Object: 'Object Repository/GoAmlReport/07 Entity/Account Tab To/03 Director/99 Save' is clicked on

2020-09-02 13:11:48 - [TEST_STEP][PASSED] - delay(2): Delayed 2 second(s)

2020-09-02 13:11:50 - [MESSAGE][PASSED] - Delayed 2 second(s)

2020-09-02 13:11:50 - [MESSAGE][PASSED] - Call Test Case 'Test Cases/GoAML Report 5' successfully

2020-09-02 13:11:53 - [TEST_STEP][PASSED] - Video: Video recording for test case 'Test Cases/GoAML Report 1' .

2020-09-02 13:11:53 - [MESSAGE][INFO] - Video recording for test case 'Test Cases/GoAML Report 1' .
[[ATTACHMENT|D:\\poject\\goaml2\\Katalon\\GoAML\\Reports\\20200902_112954\\New Test Suite (1)\\20200902_112954/videos\\test_9.avi]]]]></system-out>
         <system-err><![CDATA[]]></system-err>
      </testcase>
      <testcase name="Test Cases/GoAML Report 1" time="203.007" classname="Test Cases/GoAML Report 1" status="FAILED">
         <failure type="FAILED" message="Test Cases/GoAML Report 1 FAILED.
Reason:
com.kms.katalon.core.exception.StepFailedException: Call Test Case 'Test Cases/GoAML Report 2' failed
	at com.kms.katalon.core.keyword.builtin.CallTestCaseKeyword$_callTestCase_closure1.doCall(CallTestCaseKeyword.groovy:63)
	at com.kms.katalon.core.keyword.builtin.CallTestCaseKeyword$_callTestCase_closure1.call(CallTestCaseKeyword.groovy)
	at com.kms.katalon.core.keyword.internal.KeywordMain.runKeyword(KeywordMain.groovy:68)
	at com.kms.katalon.core.keyword.builtin.CallTestCaseKeyword.callTestCase(CallTestCaseKeyword.groovy:81)
	at com.kms.katalon.core.keyword.builtin.CallTestCaseKeyword.execute(CallTestCaseKeyword.groovy:44)
	at com.kms.katalon.core.keyword.internal.KeywordExecutor.executeKeywordForPlatform(KeywordExecutor.groovy:72)
	at com.kms.katalon.core.keyword.BuiltinKeywords.callTestCase(BuiltinKeywords.groovy:334)
	at GoAML Report 1.run(GoAML Report 1:45)
	at com.kms.katalon.core.main.ScriptEngine.run(ScriptEngine.java:194)
	at com.kms.katalon.core.main.ScriptEngine.runScriptAsRawText(ScriptEngine.java:119)
	at com.kms.katalon.core.main.TestCaseExecutor.runScript(TestCaseExecutor.java:337)
	at com.kms.katalon.core.main.TestCaseExecutor.doExecute(TestCaseExecutor.java:328)
	at com.kms.katalon.core.main.TestCaseExecutor.processExecutionPhase(TestCaseExecutor.java:307)
	at com.kms.katalon.core.main.TestCaseExecutor.accessMainPhase(TestCaseExecutor.java:299)
	at com.kms.katalon.core.main.TestCaseExecutor.execute(TestCaseExecutor.java:233)
	at com.kms.katalon.core.main.TestSuiteExecutor.accessTestCaseMainPhase(TestSuiteExecutor.java:169)
	at com.kms.katalon.core.main.TestSuiteExecutor.accessTestSuiteMainPhase(TestSuiteExecutor.java:142)
	at com.kms.katalon.core.main.TestSuiteExecutor.execute(TestSuiteExecutor.java:91)
	at com.kms.katalon.core.main.TestCaseMain.startTestSuite(TestCaseMain.java:157)
	at com.kms.katalon.core.main.TestCaseMain$startTestSuite$0.call(Unknown Source)
	at TempTestSuite1599020994386.run(TempTestSuite1599020994386.groovy:36)
Caused by: com.kms.katalon.core.exception.StepFailedException: Unable to click on object 'Object Repository/GoAmlReport/01 General Information/Isi Jenis Laporan/2 LTKM - LTKM'
	at com.kms.katalon.core.webui.keyword.internal.WebUIKeywordMain.stepFailed(WebUIKeywordMain.groovy:64)
	at com.kms.katalon.core.webui.keyword.internal.WebUIKeywordMain.runKeyword(WebUIKeywordMain.groovy:26)
	at com.kms.katalon.core.webui.keyword.builtin.ClickKeyword.click(ClickKeyword.groovy:102)
	at com.kms.katalon.core.webui.keyword.builtin.ClickKeyword.execute(ClickKeyword.groovy:43)
	at com.kms.katalon.core.keyword.internal.KeywordExecutor.executeKeywordForPlatform(KeywordExecutor.groovy:72)
	at com.kms.katalon.core.webui.keyword.WebUiBuiltInKeywords.click(WebUiBuiltInKeywords.groovy:616)
	at com.kms.katalon.core.webui.keyword.WebUiBuiltInKeywords$click$3.call(Unknown Source)
	at GoAML Report 2.run(GoAML Report 2:51)
	at com.kms.katalon.core.main.ScriptEngine.run(ScriptEngine.java:194)
	at com.kms.katalon.core.main.ScriptEngine.runScriptAsRawText(ScriptEngine.java:119)
	at com.kms.katalon.core.main.TestCaseExecutor.runScript(TestCaseExecutor.java:337)
	at com.kms.katalon.core.main.TestCaseExecutor.doExecute(TestCaseExecutor.java:328)
	at com.kms.katalon.core.main.TestCaseExecutor.processExecutionPhase(TestCaseExecutor.java:307)
	at com.kms.katalon.core.main.TestCaseExecutor.accessMainPhase(TestCaseExecutor.java:299)
	at com.kms.katalon.core.main.TestCaseExecutor.execute(TestCaseExecutor.java:233)
	at com.kms.katalon.core.main.TestCaseMain.runTestCase(TestCaseMain.java:114)
	at com.kms.katalon.core.keyword.builtin.CallTestCaseKeyword$_callTestCase_closure1.doCall(CallTestCaseKeyword.groovy:59)
	... 20 more
Caused by: com.kms.katalon.core.webui.exception.WebElementNotFoundException: Web element with id: 'Object Repository/GoAmlReport/01 General Information/Isi Jenis Laporan/2 LTKM - LTKM' located by 'By.xpath: //*[@id=&quot;ContentPlaceHolder1_Cmb_jenisLaporan-picker-listEl&quot;]/li[2]' not found
	at com.kms.katalon.core.webui.common.WebUiCommonHelper.findWebElement(WebUiCommonHelper.java:1154)
	at com.kms.katalon.core.webui.keyword.internal.WebUIAbstractKeyword.findWebElement(WebUIAbstractKeyword.groovy:27)
	at com.kms.katalon.core.webui.keyword.internal.WebUIAbstractKeyword.findWebElement(WebUIAbstractKeyword.groovy:26)
	at com.kms.katalon.core.webui.keyword.builtin.ClickKeyword$_click_closure1.doCall(ClickKeyword.groovy:67)
	at com.kms.katalon.core.webui.keyword.builtin.ClickKeyword$_click_closure1.call(ClickKeyword.groovy)
	at com.kms.katalon.core.webui.keyword.internal.WebUIKeywordMain.runKeyword(WebUIKeywordMain.groovy:20)
	... 35 more
"/>
         <system-out><![CDATA[2020-09-02 13:11:53 - [TEST_CASE][FAILED] - Test Cases/GoAML Report 1: Test Cases/GoAML Report 1 FAILED.
Reason:
com.kms.katalon.core.exception.StepFailedException: Call Test Case 'Test Cases/GoAML Report 2' failed
	at com.kms.katalon.core.keyword.builtin.CallTestCaseKeyword$_callTestCase_closure1.doCall(CallTestCaseKeyword.groovy:63)
	at com.kms.katalon.core.keyword.builtin.CallTestCaseKeyword$_callTestCase_closure1.call(CallTestCaseKeyword.groovy)
	at com.kms.katalon.core.keyword.internal.KeywordMain.runKeyword(KeywordMain.groovy:68)
	at com.kms.katalon.core.keyword.builtin.CallTestCaseKeyword.callTestCase(CallTestCaseKeyword.groovy:81)
	at com.kms.katalon.core.keyword.builtin.CallTestCaseKeyword.execute(CallTestCaseKeyword.groovy:44)
	at com.kms.katalon.core.keyword.internal.KeywordExecutor.executeKeywordForPlatform(KeywordExecutor.groovy:72)
	at com.kms.katalon.core.keyword.BuiltinKeywords.callTestCase(BuiltinKeywords.groovy:334)
	at GoAML Report 1.run(GoAML Report 1:45)
	at com.kms.katalon.core.main.ScriptEngine.run(ScriptEngine.java:194)
	at com.kms.katalon.core.main.ScriptEngine.runScriptAsRawText(ScriptEngine.java:119)
	at com.kms.katalon.core.main.TestCaseExecutor.runScript(TestCaseExecutor.java:337)
	at com.kms.katalon.core.main.TestCaseExecutor.doExecute(TestCaseExecutor.java:328)
	at com.kms.katalon.core.main.TestCaseExecutor.processExecutionPhase(TestCaseExecutor.java:307)
	at com.kms.katalon.core.main.TestCaseExecutor.accessMainPhase(TestCaseExecutor.java:299)
	at com.kms.katalon.core.main.TestCaseExecutor.execute(TestCaseExecutor.java:233)
	at com.kms.katalon.core.main.TestSuiteExecutor.accessTestCaseMainPhase(TestSuiteExecutor.java:169)
	at com.kms.katalon.core.main.TestSuiteExecutor.accessTestSuiteMainPhase(TestSuiteExecutor.java:142)
	at com.kms.katalon.core.main.TestSuiteExecutor.execute(TestSuiteExecutor.java:91)
	at com.kms.katalon.core.main.TestCaseMain.startTestSuite(TestCaseMain.java:157)
	at com.kms.katalon.core.main.TestCaseMain$startTestSuite$0.call(Unknown Source)
	at TempTestSuite1599020994386.run(TempTestSuite1599020994386.groovy:36)
Caused by: com.kms.katalon.core.exception.StepFailedException: Unable to click on object 'Object Repository/GoAmlReport/01 General Information/Isi Jenis Laporan/2 LTKM - LTKM'
	at com.kms.katalon.core.webui.keyword.internal.WebUIKeywordMain.stepFailed(WebUIKeywordMain.groovy:64)
	at com.kms.katalon.core.webui.keyword.internal.WebUIKeywordMain.runKeyword(WebUIKeywordMain.groovy:26)
	at com.kms.katalon.core.webui.keyword.builtin.ClickKeyword.click(ClickKeyword.groovy:102)
	at com.kms.katalon.core.webui.keyword.builtin.ClickKeyword.execute(ClickKeyword.groovy:43)
	at com.kms.katalon.core.keyword.internal.KeywordExecutor.executeKeywordForPlatform(KeywordExecutor.groovy:72)
	at com.kms.katalon.core.webui.keyword.WebUiBuiltInKeywords.click(WebUiBuiltInKeywords.groovy:616)
	at com.kms.katalon.core.webui.keyword.WebUiBuiltInKeywords$click$3.call(Unknown Source)
	at GoAML Report 2.run(GoAML Report 2:51)
	at com.kms.katalon.core.main.ScriptEngine.run(ScriptEngine.java:194)
	at com.kms.katalon.core.main.ScriptEngine.runScriptAsRawText(ScriptEngine.java:119)
	at com.kms.katalon.core.main.TestCaseExecutor.runScript(TestCaseExecutor.java:337)
	at com.kms.katalon.core.main.TestCaseExecutor.doExecute(TestCaseExecutor.java:328)
	at com.kms.katalon.core.main.TestCaseExecutor.processExecutionPhase(TestCaseExecutor.java:307)
	at com.kms.katalon.core.main.TestCaseExecutor.accessMainPhase(TestCaseExecutor.java:299)
	at com.kms.katalon.core.main.TestCaseExecutor.execute(TestCaseExecutor.java:233)
	at com.kms.katalon.core.main.TestCaseMain.runTestCase(TestCaseMain.java:114)
	at com.kms.katalon.core.keyword.builtin.CallTestCaseKeyword$_callTestCase_closure1.doCall(CallTestCaseKeyword.groovy:59)
	... 20 more
Caused by: com.kms.katalon.core.webui.exception.WebElementNotFoundException: Web element with id: 'Object Repository/GoAmlReport/01 General Information/Isi Jenis Laporan/2 LTKM - LTKM' located by 'By.xpath: //*[@id="ContentPlaceHolder1_Cmb_jenisLaporan-picker-listEl"]/li[2]' not found
	at com.kms.katalon.core.webui.common.WebUiCommonHelper.findWebElement(WebUiCommonHelper.java:1154)
	at com.kms.katalon.core.webui.keyword.internal.WebUIAbstractKeyword.findWebElement(WebUIAbstractKeyword.groovy:27)
	at com.kms.katalon.core.webui.keyword.internal.WebUIAbstractKeyword.findWebElement(WebUIAbstractKeyword.groovy:26)
	at com.kms.katalon.core.webui.keyword.builtin.ClickKeyword$_click_closure1.doCall(ClickKeyword.groovy:67)
	at com.kms.katalon.core.webui.keyword.builtin.ClickKeyword$_click_closure1.call(ClickKeyword.groovy)
	at com.kms.katalon.core.webui.keyword.internal.WebUIKeywordMain.runKeyword(WebUIKeywordMain.groovy:20)
	... 35 more


2020-09-02 13:11:53 - [TEST_STEP][PASSED] - openBrowser("http://goaml.southeastasia.cloudapp.azure.com/goaml/Default.aspx"): Browser is opened with url: 'http://goaml.southeastasia.cloudapp.azure.com/goaml/Default.aspx'

2020-09-02 13:11:53 - [MESSAGE][WARNING] - A browser is already opened. Closing browser and opening a new one

2020-09-02 13:11:54 - [MESSAGE][INFO] - Starting 'Chrome' driver

2020-09-02 13:11:54 - [MESSAGE][INFO] - User set preference: ['property', '']

2020-09-02 13:12:00 - [MESSAGE][PASSED] - Browser is opened with url: 'http://goaml.southeastasia.cloudapp.azure.com/goaml/Default.aspx'

2020-09-02 13:12:00 - [TEST_STEP][PASSED] - maximizeWindow(): Current window maximized

2020-09-02 13:12:03 - [MESSAGE][PASSED] - Current window maximized

2020-09-02 13:12:03 - [TEST_STEP][PASSED] - setText(findTestObject("All/UserName"), "anggi1"): Text 'anggi1' is set on object 'Object Repository/All/UserName'

2020-09-02 13:12:03 - [MESSAGE][PASSED] - Text 'anggi1' is set on object 'Object Repository/All/UserName'

2020-09-02 13:12:03 - [TEST_STEP][PASSED] - setEncryptedText(findTestObject("All/password"), "iFGeFYmXIrWy72D5I5E8Dw=="): Text ****** has been set on object 'Object Repository/All/password'

2020-09-02 13:12:04 - [MESSAGE][PASSED] - Text ****** has been set on object 'Object Repository/All/password'

2020-09-02 13:12:04 - [TEST_STEP][PASSED] - click(findTestObject("All/Sign In")): Object: 'Object Repository/All/Sign In' is clicked on

2020-09-02 13:12:51 - [MESSAGE][PASSED] - Object: 'Object Repository/All/Sign In' is clicked on

2020-09-02 13:12:51 - [TEST_STEP][PASSED] - delay(3): Delayed 3 second(s)

2020-09-02 13:12:54 - [MESSAGE][PASSED] - Delayed 3 second(s)

2020-09-02 13:12:54 - [TEST_STEP][PASSED] - setText(findTestObject("All/filter"), "Report"): Text 'Report' is set on object 'Object Repository/All/filter'

2020-09-02 13:12:55 - [MESSAGE][PASSED] - Text 'Report' is set on object 'Object Repository/All/filter'

2020-09-02 13:12:55 - [TEST_STEP][PASSED] - delay(1): Delayed 1 second(s)

2020-09-02 13:12:56 - [MESSAGE][PASSED] - Delayed 1 second(s)

2020-09-02 13:12:56 - [TEST_STEP][PASSED] - scrollToElement(findTestObject("GoAmlReport/View"), 3): Scroll to object 'Object Repository/GoAmlReport/View' successfully

2020-09-02 13:12:56 - [MESSAGE][PASSED] - Scroll to object 'Object Repository/GoAmlReport/View' successfully

2020-09-02 13:12:56 - [TEST_STEP][PASSED] - click(findTestObject("GoAmlReport/View")): Object: 'Object Repository/GoAmlReport/View' is clicked on

2020-09-02 13:12:57 - [MESSAGE][PASSED] - Object: 'Object Repository/GoAmlReport/View' is clicked on

2020-09-02 13:12:57 - [TEST_STEP][PASSED] - delay(3): Delayed 3 second(s)

2020-09-02 13:13:00 - [MESSAGE][PASSED] - Delayed 3 second(s)

2020-09-02 13:13:00 - [TEST_STEP][PASSED] - click(findTestObject("All/New Record")): Object: 'Object Repository/All/New Record' is clicked on

2020-09-02 13:13:00 - [MESSAGE][PASSED] - Object: 'Object Repository/All/New Record' is clicked on

2020-09-02 13:13:00 - [TEST_STEP][FAILED] - callTestCase(findTestCase("GoAML Report 2"), [:], STOP_ON_FAILURE): Unable to call Test Case 'Test Cases/GoAML Report 2' (Root cause: com.kms.katalon.core.exception.StepFailedException: Call Test Case 'Test Cases/GoAML Report 2' failed
	at com.kms.katalon.core.keyword.builtin.CallTestCaseKeyword$_callTestCase_closure1.doCall(CallTestCaseKeyword.groovy:63)
	at com.kms.katalon.core.keyword.builtin.CallTestCaseKeyword$_callTestCase_closure1.call(CallTestCaseKeyword.groovy)
	at com.kms.katalon.core.keyword.internal.KeywordMain.runKeyword(KeywordMain.groovy:68)
	at com.kms.katalon.core.keyword.builtin.CallTestCaseKeyword.callTestCase(CallTestCaseKeyword.groovy:81)
	at com.kms.katalon.core.keyword.builtin.CallTestCaseKeyword.execute(CallTestCaseKeyword.groovy:44)
	at com.kms.katalon.core.keyword.internal.KeywordExecutor.executeKeywordForPlatform(KeywordExecutor.groovy:72)
	at com.kms.katalon.core.keyword.BuiltinKeywords.callTestCase(BuiltinKeywords.groovy:334)
	at GoAML Report 1.run(GoAML Report 1:45)
	at com.kms.katalon.core.main.ScriptEngine.run(ScriptEngine.java:194)
	at com.kms.katalon.core.main.ScriptEngine.runScriptAsRawText(ScriptEngine.java:119)
	at com.kms.katalon.core.main.TestCaseExecutor.runScript(TestCaseExecutor.java:337)
	at com.kms.katalon.core.main.TestCaseExecutor.doExecute(TestCaseExecutor.java:328)
	at com.kms.katalon.core.main.TestCaseExecutor.processExecutionPhase(TestCaseExecutor.java:307)
	at com.kms.katalon.core.main.TestCaseExecutor.accessMainPhase(TestCaseExecutor.java:299)
	at com.kms.katalon.core.main.TestCaseExecutor.execute(TestCaseExecutor.java:233)
	at com.kms.katalon.core.main.TestSuiteExecutor.accessTestCaseMainPhase(TestSuiteExecutor.java:169)
	at com.kms.katalon.core.main.TestSuiteExecutor.accessTestSuiteMainPhase(TestSuiteExecutor.java:142)
	at com.kms.katalon.core.main.TestSuiteExecutor.execute(TestSuiteExecutor.java:91)
	at com.kms.katalon.core.main.TestCaseMain.startTestSuite(TestCaseMain.java:157)
	at com.kms.katalon.core.main.TestCaseMain$startTestSuite$0.call(Unknown Source)
	at TempTestSuite1599020994386.run(TempTestSuite1599020994386.groovy:36)
Caused by: com.kms.katalon.core.exception.StepFailedException: Unable to click on object 'Object Repository/GoAmlReport/01 General Information/Isi Jenis Laporan/2 LTKM - LTKM'
	at com.kms.katalon.core.webui.keyword.internal.WebUIKeywordMain.stepFailed(WebUIKeywordMain.groovy:64)
	at com.kms.katalon.core.webui.keyword.internal.WebUIKeywordMain.runKeyword(WebUIKeywordMain.groovy:26)
	at com.kms.katalon.core.webui.keyword.builtin.ClickKeyword.click(ClickKeyword.groovy:102)
	at com.kms.katalon.core.webui.keyword.builtin.ClickKeyword.execute(ClickKeyword.groovy:43)
	at com.kms.katalon.core.keyword.internal.KeywordExecutor.executeKeywordForPlatform(KeywordExecutor.groovy:72)
	at com.kms.katalon.core.webui.keyword.WebUiBuiltInKeywords.click(WebUiBuiltInKeywords.groovy:616)
	at com.kms.katalon.core.webui.keyword.WebUiBuiltInKeywords$click$3.call(Unknown Source)
	at GoAML Report 2.run(GoAML Report 2:51)
	at com.kms.katalon.core.main.ScriptEngine.run(ScriptEngine.java:194)
	at com.kms.katalon.core.main.ScriptEngine.runScriptAsRawText(ScriptEngine.java:119)
	at com.kms.katalon.core.main.TestCaseExecutor.runScript(TestCaseExecutor.java:337)
	at com.kms.katalon.core.main.TestCaseExecutor.doExecute(TestCaseExecutor.java:328)
	at com.kms.katalon.core.main.TestCaseExecutor.processExecutionPhase(TestCaseExecutor.java:307)
	at com.kms.katalon.core.main.TestCaseExecutor.accessMainPhase(TestCaseExecutor.java:299)
	at com.kms.katalon.core.main.TestCaseExecutor.execute(TestCaseExecutor.java:233)
	at com.kms.katalon.core.main.TestCaseMain.runTestCase(TestCaseMain.java:114)
	at com.kms.katalon.core.keyword.builtin.CallTestCaseKeyword$_callTestCase_closure1.doCall(CallTestCaseKeyword.groovy:59)
	... 20 more
Caused by: com.kms.katalon.core.webui.exception.WebElementNotFoundException: Web element with id: 'Object Repository/GoAmlReport/01 General Information/Isi Jenis Laporan/2 LTKM - LTKM' located by 'By.xpath: //*[@id="ContentPlaceHolder1_Cmb_jenisLaporan-picker-listEl"]/li[2]' not found
	at com.kms.katalon.core.webui.common.WebUiCommonHelper.findWebElement(WebUiCommonHelper.java:1154)
	at com.kms.katalon.core.webui.keyword.internal.WebUIAbstractKeyword.findWebElement(WebUIAbstractKeyword.groovy:27)
	at com.kms.katalon.core.webui.keyword.internal.WebUIAbstractKeyword.findWebElement(WebUIAbstractKeyword.groovy:26)
	at com.kms.katalon.core.webui.keyword.builtin.ClickKeyword$_click_closure1.doCall(ClickKeyword.groovy:67)
	at com.kms.katalon.core.webui.keyword.builtin.ClickKeyword$_click_closure1.call(ClickKeyword.groovy)
	at com.kms.katalon.core.webui.keyword.internal.WebUIKeywordMain.runKeyword(WebUIKeywordMain.groovy:20)
	... 35 more
)

2020-09-02 13:13:01 - [TEST_CASE][FAILED] - Test Cases/GoAML Report 2: Test Cases/GoAML Report 2 FAILED.
Reason:
com.kms.katalon.core.exception.StepFailedException: Unable to click on object 'Object Repository/GoAmlReport/01 General Information/Isi Jenis Laporan/2 LTKM - LTKM'
	at com.kms.katalon.core.webui.keyword.internal.WebUIKeywordMain.stepFailed(WebUIKeywordMain.groovy:64)
	at com.kms.katalon.core.webui.keyword.internal.WebUIKeywordMain.runKeyword(WebUIKeywordMain.groovy:26)
	at com.kms.katalon.core.webui.keyword.builtin.ClickKeyword.click(ClickKeyword.groovy:102)
	at com.kms.katalon.core.webui.keyword.builtin.ClickKeyword.execute(ClickKeyword.groovy:43)
	at com.kms.katalon.core.keyword.internal.KeywordExecutor.executeKeywordForPlatform(KeywordExecutor.groovy:72)
	at com.kms.katalon.core.webui.keyword.WebUiBuiltInKeywords.click(WebUiBuiltInKeywords.groovy:616)
	at com.kms.katalon.core.webui.keyword.WebUiBuiltInKeywords$click$3.call(Unknown Source)
	at GoAML Report 2.run(GoAML Report 2:51)
	at com.kms.katalon.core.main.ScriptEngine.run(ScriptEngine.java:194)
	at com.kms.katalon.core.main.ScriptEngine.runScriptAsRawText(ScriptEngine.java:119)
	at com.kms.katalon.core.main.TestCaseExecutor.runScript(TestCaseExecutor.java:337)
	at com.kms.katalon.core.main.TestCaseExecutor.doExecute(TestCaseExecutor.java:328)
	at com.kms.katalon.core.main.TestCaseExecutor.processExecutionPhase(TestCaseExecutor.java:307)
	at com.kms.katalon.core.main.TestCaseExecutor.accessMainPhase(TestCaseExecutor.java:299)
	at com.kms.katalon.core.main.TestCaseExecutor.execute(TestCaseExecutor.java:233)
	at com.kms.katalon.core.main.TestCaseMain.runTestCase(TestCaseMain.java:114)
	at com.kms.katalon.core.keyword.builtin.CallTestCaseKeyword$_callTestCase_closure1.doCall(CallTestCaseKeyword.groovy:59)
	at com.kms.katalon.core.keyword.builtin.CallTestCaseKeyword$_callTestCase_closure1.call(CallTestCaseKeyword.groovy)
	at com.kms.katalon.core.keyword.internal.KeywordMain.runKeyword(KeywordMain.groovy:68)
	at com.kms.katalon.core.keyword.builtin.CallTestCaseKeyword.callTestCase(CallTestCaseKeyword.groovy:81)
	at com.kms.katalon.core.keyword.builtin.CallTestCaseKeyword.execute(CallTestCaseKeyword.groovy:44)
	at com.kms.katalon.core.keyword.internal.KeywordExecutor.executeKeywordForPlatform(KeywordExecutor.groovy:72)
	at com.kms.katalon.core.keyword.BuiltinKeywords.callTestCase(BuiltinKeywords.groovy:334)
	at GoAML Report 1.run(GoAML Report 1:45)
	at com.kms.katalon.core.main.ScriptEngine.run(ScriptEngine.java:194)
	at com.kms.katalon.core.main.ScriptEngine.runScriptAsRawText(ScriptEngine.java:119)
	at com.kms.katalon.core.main.TestCaseExecutor.runScript(TestCaseExecutor.java:337)
	at com.kms.katalon.core.main.TestCaseExecutor.doExecute(TestCaseExecutor.java:328)
	at com.kms.katalon.core.main.TestCaseExecutor.processExecutionPhase(TestCaseExecutor.java:307)
	at com.kms.katalon.core.main.TestCaseExecutor.accessMainPhase(TestCaseExecutor.java:299)
	at com.kms.katalon.core.main.TestCaseExecutor.execute(TestCaseExecutor.java:233)
	at com.kms.katalon.core.main.TestSuiteExecutor.accessTestCaseMainPhase(TestSuiteExecutor.java:169)
	at com.kms.katalon.core.main.TestSuiteExecutor.accessTestSuiteMainPhase(TestSuiteExecutor.java:142)
	at com.kms.katalon.core.main.TestSuiteExecutor.execute(TestSuiteExecutor.java:91)
	at com.kms.katalon.core.main.TestCaseMain.startTestSuite(TestCaseMain.java:157)
	at com.kms.katalon.core.main.TestCaseMain$startTestSuite$0.call(Unknown Source)
	at TempTestSuite1599020994386.run(TempTestSuite1599020994386.groovy:36)
Caused by: com.kms.katalon.core.webui.exception.WebElementNotFoundException: Web element with id: 'Object Repository/GoAmlReport/01 General Information/Isi Jenis Laporan/2 LTKM - LTKM' located by 'By.xpath: //*[@id="ContentPlaceHolder1_Cmb_jenisLaporan-picker-listEl"]/li[2]' not found
	at com.kms.katalon.core.webui.common.WebUiCommonHelper.findWebElement(WebUiCommonHelper.java:1154)
	at com.kms.katalon.core.webui.keyword.internal.WebUIAbstractKeyword.findWebElement(WebUIAbstractKeyword.groovy:27)
	at com.kms.katalon.core.webui.keyword.internal.WebUIAbstractKeyword.findWebElement(WebUIAbstractKeyword.groovy:26)
	at com.kms.katalon.core.webui.keyword.builtin.ClickKeyword$_click_closure1.doCall(ClickKeyword.groovy:67)
	at com.kms.katalon.core.webui.keyword.builtin.ClickKeyword$_click_closure1.call(ClickKeyword.groovy)
	at com.kms.katalon.core.webui.keyword.internal.WebUIKeywordMain.runKeyword(WebUIKeywordMain.groovy:20)
	... 35 more


2020-09-02 13:13:01 - [TEST_STEP][FAILED] - for ([rowNum = 1, rowNum <= findTestData("GoAMLReport/General Information").getRowNumbers(), (rowNum++)]): Unable to click on object 'Object Repository/GoAmlReport/01 General Information/Isi Jenis Laporan/2 LTKM - LTKM' (Root cause: com.kms.katalon.core.exception.StepFailedException: Unable to click on object 'Object Repository/GoAmlReport/01 General Information/Isi Jenis Laporan/2 LTKM - LTKM'
	at com.kms.katalon.core.webui.keyword.internal.WebUIKeywordMain.stepFailed(WebUIKeywordMain.groovy:64)
	at com.kms.katalon.core.webui.keyword.internal.WebUIKeywordMain.runKeyword(WebUIKeywordMain.groovy:26)
	at com.kms.katalon.core.webui.keyword.builtin.ClickKeyword.click(ClickKeyword.groovy:102)
	at com.kms.katalon.core.webui.keyword.builtin.ClickKeyword.execute(ClickKeyword.groovy:43)
	at com.kms.katalon.core.keyword.internal.KeywordExecutor.executeKeywordForPlatform(KeywordExecutor.groovy:72)
	at com.kms.katalon.core.webui.keyword.WebUiBuiltInKeywords.click(WebUiBuiltInKeywords.groovy:616)
	at com.kms.katalon.core.webui.keyword.WebUiBuiltInKeywords$click$3.call(Unknown Source)
	at GoAML Report 2.run(GoAML Report 2:51)
	at com.kms.katalon.core.main.ScriptEngine.run(ScriptEngine.java:194)
	at com.kms.katalon.core.main.ScriptEngine.runScriptAsRawText(ScriptEngine.java:119)
	at com.kms.katalon.core.main.TestCaseExecutor.runScript(TestCaseExecutor.java:337)
	at com.kms.katalon.core.main.TestCaseExecutor.doExecute(TestCaseExecutor.java:328)
	at com.kms.katalon.core.main.TestCaseExecutor.processExecutionPhase(TestCaseExecutor.java:307)
	at com.kms.katalon.core.main.TestCaseExecutor.accessMainPhase(TestCaseExecutor.java:299)
	at com.kms.katalon.core.main.TestCaseExecutor.execute(TestCaseExecutor.java:233)
	at com.kms.katalon.core.main.TestCaseMain.runTestCase(TestCaseMain.java:114)
	at com.kms.katalon.core.keyword.builtin.CallTestCaseKeyword$_callTestCase_closure1.doCall(CallTestCaseKeyword.groovy:59)
	at com.kms.katalon.core.keyword.builtin.CallTestCaseKeyword$_callTestCase_closure1.call(CallTestCaseKeyword.groovy)
	at com.kms.katalon.core.keyword.internal.KeywordMain.runKeyword(KeywordMain.groovy:68)
	at com.kms.katalon.core.keyword.builtin.CallTestCaseKeyword.callTestCase(CallTestCaseKeyword.groovy:81)
	at com.kms.katalon.core.keyword.builtin.CallTestCaseKeyword.execute(CallTestCaseKeyword.groovy:44)
	at com.kms.katalon.core.keyword.internal.KeywordExecutor.executeKeywordForPlatform(KeywordExecutor.groovy:72)
	at com.kms.katalon.core.keyword.BuiltinKeywords.callTestCase(BuiltinKeywords.groovy:334)
	at GoAML Report 1.run(GoAML Report 1:45)
	at com.kms.katalon.core.main.ScriptEngine.run(ScriptEngine.java:194)
	at com.kms.katalon.core.main.ScriptEngine.runScriptAsRawText(ScriptEngine.java:119)
	at com.kms.katalon.core.main.TestCaseExecutor.runScript(TestCaseExecutor.java:337)
	at com.kms.katalon.core.main.TestCaseExecutor.doExecute(TestCaseExecutor.java:328)
	at com.kms.katalon.core.main.TestCaseExecutor.processExecutionPhase(TestCaseExecutor.java:307)
	at com.kms.katalon.core.main.TestCaseExecutor.accessMainPhase(TestCaseExecutor.java:299)
	at com.kms.katalon.core.main.TestCaseExecutor.execute(TestCaseExecutor.java:233)
	at com.kms.katalon.core.main.TestSuiteExecutor.accessTestCaseMainPhase(TestSuiteExecutor.java:169)
	at com.kms.katalon.core.main.TestSuiteExecutor.accessTestSuiteMainPhase(TestSuiteExecutor.java:142)
	at com.kms.katalon.core.main.TestSuiteExecutor.execute(TestSuiteExecutor.java:91)
	at com.kms.katalon.core.main.TestCaseMain.startTestSuite(TestCaseMain.java:157)
	at com.kms.katalon.core.main.TestCaseMain$startTestSuite$0.call(Unknown Source)
	at TempTestSuite1599020994386.run(TempTestSuite1599020994386.groovy:36)
Caused by: com.kms.katalon.core.webui.exception.WebElementNotFoundException: Web element with id: 'Object Repository/GoAmlReport/01 General Information/Isi Jenis Laporan/2 LTKM - LTKM' located by 'By.xpath: //*[@id="ContentPlaceHolder1_Cmb_jenisLaporan-picker-listEl"]/li[2]' not found
	at com.kms.katalon.core.webui.common.WebUiCommonHelper.findWebElement(WebUiCommonHelper.java:1154)
	at com.kms.katalon.core.webui.keyword.internal.WebUIAbstractKeyword.findWebElement(WebUIAbstractKeyword.groovy:27)
	at com.kms.katalon.core.webui.keyword.internal.WebUIAbstractKeyword.findWebElement(WebUIAbstractKeyword.groovy:26)
	at com.kms.katalon.core.webui.keyword.builtin.ClickKeyword$_click_closure1.doCall(ClickKeyword.groovy:67)
	at com.kms.katalon.core.webui.keyword.builtin.ClickKeyword$_click_closure1.call(ClickKeyword.groovy)
	at com.kms.katalon.core.webui.keyword.internal.WebUIKeywordMain.runKeyword(WebUIKeywordMain.groovy:20)
	at com.kms.katalon.core.webui.keyword.builtin.ClickKeyword.click(ClickKeyword.groovy:102)
	at com.kms.katalon.core.webui.keyword.builtin.ClickKeyword.execute(ClickKeyword.groovy:43)
	at com.kms.katalon.core.keyword.internal.KeywordExecutor.executeKeywordForPlatform(KeywordExecutor.groovy:72)
	at com.kms.katalon.core.webui.keyword.WebUiBuiltInKeywords.click(WebUiBuiltInKeywords.groovy:616)
	at com.kms.katalon.core.webui.keyword.WebUiBuiltInKeywords$click$3.call(Unknown Source)
	at Script1590734900299.run(Script1590734900299.groovy:51)
	at com.kms.katalon.core.main.ScriptEngine.run(ScriptEngine.java:194)
	at com.kms.katalon.core.main.ScriptEngine.runScriptAsRawText(ScriptEngine.java:119)
	at com.kms.katalon.core.main.TestCaseExecutor.runScript(TestCaseExecutor.java:337)
	at com.kms.katalon.core.main.TestCaseExecutor.doExecute(TestCaseExecutor.java:328)
	at com.kms.katalon.core.main.TestCaseExecutor.processExecutionPhase(TestCaseExecutor.java:307)
	at com.kms.katalon.core.main.TestCaseExecutor.accessMainPhase(TestCaseExecutor.java:299)
	at com.kms.katalon.core.main.TestCaseExecutor.execute(TestCaseExecutor.java:233)
	at com.kms.katalon.core.main.TestCaseMain.runTestCase(TestCaseMain.java:114)
	at com.kms.katalon.core.keyword.builtin.CallTestCaseKeyword$_callTestCase_closure1.doCall(CallTestCaseKeyword.groovy:59)
	at com.kms.katalon.core.keyword.builtin.CallTestCaseKeyword$_callTestCase_closure1.call(CallTestCaseKeyword.groovy)
	at com.kms.katalon.core.keyword.internal.KeywordMain.runKeyword(KeywordMain.groovy:68)
	at com.kms.katalon.core.keyword.builtin.CallTestCaseKeyword.callTestCase(CallTestCaseKeyword.groovy:81)
	at com.kms.katalon.core.keyword.builtin.CallTestCaseKeyword.execute(CallTestCaseKeyword.groovy:44)
	at com.kms.katalon.core.keyword.internal.KeywordExecutor.executeKeywordForPlatform(KeywordExecutor.groovy:72)
	at com.kms.katalon.core.keyword.BuiltinKeywords.callTestCase(BuiltinKeywords.groovy:334)
	at Script1590734929315.run(Script1590734929315.groovy:45)
	... 13 more
)

2020-09-02 13:13:01 - [TEST_STEP][PASSED] - delay(90): Delayed 90 second(s)

2020-09-02 13:14:31 - [MESSAGE][PASSED] - Delayed 90 second(s)

2020-09-02 13:14:31 - [TEST_STEP][PASSED] - click(findTestObject("GoAmlReport/01 General Information/01 Jenis Laporan"), STOP_ON_FAILURE): Object: 'Object Repository/GoAmlReport/01 General Information/01 Jenis Laporan' is clicked on

2020-09-02 13:14:31 - [MESSAGE][PASSED] - Object: 'Object Repository/GoAmlReport/01 General Information/01 Jenis Laporan' is clicked on

2020-09-02 13:14:31 - [TEST_STEP][PASSED] - delay(20): Delayed 20 second(s)

2020-09-02 13:14:51 - [MESSAGE][PASSED] - Delayed 20 second(s)

2020-09-02 13:14:51 - [TEST_STEP][PASSED] - if (findTestData("GoAMLReport/General Information").getValue(1, rowNum) == "LAPT - LTKM"): null

2020-09-02 13:14:51 - [TEST_STEP][FAILED] - if (findTestData("GoAMLReport/General Information").getValue(1, rowNum) == "LTKM - LTKM"): Unable to click on object 'Object Repository/GoAmlReport/01 General Information/Isi Jenis Laporan/2 LTKM - LTKM' (Root cause: com.kms.katalon.core.exception.StepFailedException: Unable to click on object 'Object Repository/GoAmlReport/01 General Information/Isi Jenis Laporan/2 LTKM - LTKM'
	at com.kms.katalon.core.webui.keyword.internal.WebUIKeywordMain.stepFailed(WebUIKeywordMain.groovy:64)
	at com.kms.katalon.core.webui.keyword.internal.WebUIKeywordMain.runKeyword(WebUIKeywordMain.groovy:26)
	at com.kms.katalon.core.webui.keyword.builtin.ClickKeyword.click(ClickKeyword.groovy:102)
	at com.kms.katalon.core.webui.keyword.builtin.ClickKeyword.execute(ClickKeyword.groovy:43)
	at com.kms.katalon.core.keyword.internal.KeywordExecutor.executeKeywordForPlatform(KeywordExecutor.groovy:72)
	at com.kms.katalon.core.webui.keyword.WebUiBuiltInKeywords.click(WebUiBuiltInKeywords.groovy:616)
	at com.kms.katalon.core.webui.keyword.WebUiBuiltInKeywords$click$3.call(Unknown Source)
	at GoAML Report 2.run(GoAML Report 2:51)
	at com.kms.katalon.core.main.ScriptEngine.run(ScriptEngine.java:194)
	at com.kms.katalon.core.main.ScriptEngine.runScriptAsRawText(ScriptEngine.java:119)
	at com.kms.katalon.core.main.TestCaseExecutor.runScript(TestCaseExecutor.java:337)
	at com.kms.katalon.core.main.TestCaseExecutor.doExecute(TestCaseExecutor.java:328)
	at com.kms.katalon.core.main.TestCaseExecutor.processExecutionPhase(TestCaseExecutor.java:307)
	at com.kms.katalon.core.main.TestCaseExecutor.accessMainPhase(TestCaseExecutor.java:299)
	at com.kms.katalon.core.main.TestCaseExecutor.execute(TestCaseExecutor.java:233)
	at com.kms.katalon.core.main.TestCaseMain.runTestCase(TestCaseMain.java:114)
	at com.kms.katalon.core.keyword.builtin.CallTestCaseKeyword$_callTestCase_closure1.doCall(CallTestCaseKeyword.groovy:59)
	at com.kms.katalon.core.keyword.builtin.CallTestCaseKeyword$_callTestCase_closure1.call(CallTestCaseKeyword.groovy)
	at com.kms.katalon.core.keyword.internal.KeywordMain.runKeyword(KeywordMain.groovy:68)
	at com.kms.katalon.core.keyword.builtin.CallTestCaseKeyword.callTestCase(CallTestCaseKeyword.groovy:81)
	at com.kms.katalon.core.keyword.builtin.CallTestCaseKeyword.execute(CallTestCaseKeyword.groovy:44)
	at com.kms.katalon.core.keyword.internal.KeywordExecutor.executeKeywordForPlatform(KeywordExecutor.groovy:72)
	at com.kms.katalon.core.keyword.BuiltinKeywords.callTestCase(BuiltinKeywords.groovy:334)
	at GoAML Report 1.run(GoAML Report 1:45)
	at com.kms.katalon.core.main.ScriptEngine.run(ScriptEngine.java:194)
	at com.kms.katalon.core.main.ScriptEngine.runScriptAsRawText(ScriptEngine.java:119)
	at com.kms.katalon.core.main.TestCaseExecutor.runScript(TestCaseExecutor.java:337)
	at com.kms.katalon.core.main.TestCaseExecutor.doExecute(TestCaseExecutor.java:328)
	at com.kms.katalon.core.main.TestCaseExecutor.processExecutionPhase(TestCaseExecutor.java:307)
	at com.kms.katalon.core.main.TestCaseExecutor.accessMainPhase(TestCaseExecutor.java:299)
	at com.kms.katalon.core.main.TestCaseExecutor.execute(TestCaseExecutor.java:233)
	at com.kms.katalon.core.main.TestSuiteExecutor.accessTestCaseMainPhase(TestSuiteExecutor.java:169)
	at com.kms.katalon.core.main.TestSuiteExecutor.accessTestSuiteMainPhase(TestSuiteExecutor.java:142)
	at com.kms.katalon.core.main.TestSuiteExecutor.execute(TestSuiteExecutor.java:91)
	at com.kms.katalon.core.main.TestCaseMain.startTestSuite(TestCaseMain.java:157)
	at com.kms.katalon.core.main.TestCaseMain$startTestSuite$0.call(Unknown Source)
	at TempTestSuite1599020994386.run(TempTestSuite1599020994386.groovy:36)
Caused by: com.kms.katalon.core.webui.exception.WebElementNotFoundException: Web element with id: 'Object Repository/GoAmlReport/01 General Information/Isi Jenis Laporan/2 LTKM - LTKM' located by 'By.xpath: //*[@id="ContentPlaceHolder1_Cmb_jenisLaporan-picker-listEl"]/li[2]' not found
	at com.kms.katalon.core.webui.common.WebUiCommonHelper.findWebElement(WebUiCommonHelper.java:1154)
	at com.kms.katalon.core.webui.keyword.internal.WebUIAbstractKeyword.findWebElement(WebUIAbstractKeyword.groovy:27)
	at com.kms.katalon.core.webui.keyword.internal.WebUIAbstractKeyword.findWebElement(WebUIAbstractKeyword.groovy:26)
	at com.kms.katalon.core.webui.keyword.builtin.ClickKeyword$_click_closure1.doCall(ClickKeyword.groovy:67)
	at com.kms.katalon.core.webui.keyword.builtin.ClickKeyword$_click_closure1.call(ClickKeyword.groovy)
	at com.kms.katalon.core.webui.keyword.internal.WebUIKeywordMain.runKeyword(WebUIKeywordMain.groovy:20)
	at com.kms.katalon.core.webui.keyword.builtin.ClickKeyword.click(ClickKeyword.groovy:102)
	at com.kms.katalon.core.webui.keyword.builtin.ClickKeyword.execute(ClickKeyword.groovy:43)
	at com.kms.katalon.core.keyword.internal.KeywordExecutor.executeKeywordForPlatform(KeywordExecutor.groovy:72)
	at com.kms.katalon.core.webui.keyword.WebUiBuiltInKeywords.click(WebUiBuiltInKeywords.groovy:616)
	at com.kms.katalon.core.webui.keyword.WebUiBuiltInKeywords$click$3.call(Unknown Source)
	at Script1590734900299.run(Script1590734900299.groovy:51)
	at com.kms.katalon.core.main.ScriptEngine.run(ScriptEngine.java:194)
	at com.kms.katalon.core.main.ScriptEngine.runScriptAsRawText(ScriptEngine.java:119)
	at com.kms.katalon.core.main.TestCaseExecutor.runScript(TestCaseExecutor.java:337)
	at com.kms.katalon.core.main.TestCaseExecutor.doExecute(TestCaseExecutor.java:328)
	at com.kms.katalon.core.main.TestCaseExecutor.processExecutionPhase(TestCaseExecutor.java:307)
	at com.kms.katalon.core.main.TestCaseExecutor.accessMainPhase(TestCaseExecutor.java:299)
	at com.kms.katalon.core.main.TestCaseExecutor.execute(TestCaseExecutor.java:233)
	at com.kms.katalon.core.main.TestCaseMain.runTestCase(TestCaseMain.java:114)
	at com.kms.katalon.core.keyword.builtin.CallTestCaseKeyword$_callTestCase_closure1.doCall(CallTestCaseKeyword.groovy:59)
	at com.kms.katalon.core.keyword.builtin.CallTestCaseKeyword$_callTestCase_closure1.call(CallTestCaseKeyword.groovy)
	at com.kms.katalon.core.keyword.internal.KeywordMain.runKeyword(KeywordMain.groovy:68)
	at com.kms.katalon.core.keyword.builtin.CallTestCaseKeyword.callTestCase(CallTestCaseKeyword.groovy:81)
	at com.kms.katalon.core.keyword.builtin.CallTestCaseKeyword.execute(CallTestCaseKeyword.groovy:44)
	at com.kms.katalon.core.keyword.internal.KeywordExecutor.executeKeywordForPlatform(KeywordExecutor.groovy:72)
	at com.kms.katalon.core.keyword.BuiltinKeywords.callTestCase(BuiltinKeywords.groovy:334)
	at Script1590734929315.run(Script1590734929315.groovy:45)
	... 13 more
)

2020-09-02 13:14:51 - [TEST_STEP][FAILED] - click(findTestObject("GoAmlReport/01 General Information/Isi Jenis Laporan/2 LTKM - LTKM")): Unable to click on object 'Object Repository/GoAmlReport/01 General Information/Isi Jenis Laporan/2 LTKM - LTKM' (Root cause: com.kms.katalon.core.exception.StepFailedException: Unable to click on object 'Object Repository/GoAmlReport/01 General Information/Isi Jenis Laporan/2 LTKM - LTKM'
	at com.kms.katalon.core.webui.keyword.internal.WebUIKeywordMain.stepFailed(WebUIKeywordMain.groovy:64)
	at com.kms.katalon.core.webui.keyword.internal.WebUIKeywordMain.runKeyword(WebUIKeywordMain.groovy:26)
	at com.kms.katalon.core.webui.keyword.builtin.ClickKeyword.click(ClickKeyword.groovy:102)
	at com.kms.katalon.core.webui.keyword.builtin.ClickKeyword.execute(ClickKeyword.groovy:43)
	at com.kms.katalon.core.keyword.internal.KeywordExecutor.executeKeywordForPlatform(KeywordExecutor.groovy:72)
	at com.kms.katalon.core.webui.keyword.WebUiBuiltInKeywords.click(WebUiBuiltInKeywords.groovy:616)
	at com.kms.katalon.core.webui.keyword.WebUiBuiltInKeywords$click$3.call(Unknown Source)
	at GoAML Report 2.run(GoAML Report 2:51)
	at com.kms.katalon.core.main.ScriptEngine.run(ScriptEngine.java:194)
	at com.kms.katalon.core.main.ScriptEngine.runScriptAsRawText(ScriptEngine.java:119)
	at com.kms.katalon.core.main.TestCaseExecutor.runScript(TestCaseExecutor.java:337)
	at com.kms.katalon.core.main.TestCaseExecutor.doExecute(TestCaseExecutor.java:328)
	at com.kms.katalon.core.main.TestCaseExecutor.processExecutionPhase(TestCaseExecutor.java:307)
	at com.kms.katalon.core.main.TestCaseExecutor.accessMainPhase(TestCaseExecutor.java:299)
	at com.kms.katalon.core.main.TestCaseExecutor.execute(TestCaseExecutor.java:233)
	at com.kms.katalon.core.main.TestCaseMain.runTestCase(TestCaseMain.java:114)
	at com.kms.katalon.core.keyword.builtin.CallTestCaseKeyword$_callTestCase_closure1.doCall(CallTestCaseKeyword.groovy:59)
	at com.kms.katalon.core.keyword.builtin.CallTestCaseKeyword$_callTestCase_closure1.call(CallTestCaseKeyword.groovy)
	at com.kms.katalon.core.keyword.internal.KeywordMain.runKeyword(KeywordMain.groovy:68)
	at com.kms.katalon.core.keyword.builtin.CallTestCaseKeyword.callTestCase(CallTestCaseKeyword.groovy:81)
	at com.kms.katalon.core.keyword.builtin.CallTestCaseKeyword.execute(CallTestCaseKeyword.groovy:44)
	at com.kms.katalon.core.keyword.internal.KeywordExecutor.executeKeywordForPlatform(KeywordExecutor.groovy:72)
	at com.kms.katalon.core.keyword.BuiltinKeywords.callTestCase(BuiltinKeywords.groovy:334)
	at GoAML Report 1.run(GoAML Report 1:45)
	at com.kms.katalon.core.main.ScriptEngine.run(ScriptEngine.java:194)
	at com.kms.katalon.core.main.ScriptEngine.runScriptAsRawText(ScriptEngine.java:119)
	at com.kms.katalon.core.main.TestCaseExecutor.runScript(TestCaseExecutor.java:337)
	at com.kms.katalon.core.main.TestCaseExecutor.doExecute(TestCaseExecutor.java:328)
	at com.kms.katalon.core.main.TestCaseExecutor.processExecutionPhase(TestCaseExecutor.java:307)
	at com.kms.katalon.core.main.TestCaseExecutor.accessMainPhase(TestCaseExecutor.java:299)
	at com.kms.katalon.core.main.TestCaseExecutor.execute(TestCaseExecutor.java:233)
	at com.kms.katalon.core.main.TestSuiteExecutor.accessTestCaseMainPhase(TestSuiteExecutor.java:169)
	at com.kms.katalon.core.main.TestSuiteExecutor.accessTestSuiteMainPhase(TestSuiteExecutor.java:142)
	at com.kms.katalon.core.main.TestSuiteExecutor.execute(TestSuiteExecutor.java:91)
	at com.kms.katalon.core.main.TestCaseMain.startTestSuite(TestCaseMain.java:157)
	at com.kms.katalon.core.main.TestCaseMain$startTestSuite$0.call(Unknown Source)
	at TempTestSuite1599020994386.run(TempTestSuite1599020994386.groovy:36)
Caused by: com.kms.katalon.core.webui.exception.WebElementNotFoundException: Web element with id: 'Object Repository/GoAmlReport/01 General Information/Isi Jenis Laporan/2 LTKM - LTKM' located by 'By.xpath: //*[@id="ContentPlaceHolder1_Cmb_jenisLaporan-picker-listEl"]/li[2]' not found
	at com.kms.katalon.core.webui.common.WebUiCommonHelper.findWebElement(WebUiCommonHelper.java:1154)
	at com.kms.katalon.core.webui.keyword.internal.WebUIAbstractKeyword.findWebElement(WebUIAbstractKeyword.groovy:27)
	at com.kms.katalon.core.webui.keyword.internal.WebUIAbstractKeyword.findWebElement(WebUIAbstractKeyword.groovy:26)
	at com.kms.katalon.core.webui.keyword.builtin.ClickKeyword$_click_closure1.doCall(ClickKeyword.groovy:67)
	at com.kms.katalon.core.webui.keyword.builtin.ClickKeyword$_click_closure1.call(ClickKeyword.groovy)
	at com.kms.katalon.core.webui.keyword.internal.WebUIKeywordMain.runKeyword(WebUIKeywordMain.groovy:20)
	at com.kms.katalon.core.webui.keyword.builtin.ClickKeyword.click(ClickKeyword.groovy:102)
	at com.kms.katalon.core.webui.keyword.builtin.ClickKeyword.execute(ClickKeyword.groovy:43)
	at com.kms.katalon.core.keyword.internal.KeywordExecutor.executeKeywordForPlatform(KeywordExecutor.groovy:72)
	at com.kms.katalon.core.webui.keyword.WebUiBuiltInKeywords.click(WebUiBuiltInKeywords.groovy:616)
	at com.kms.katalon.core.webui.keyword.WebUiBuiltInKeywords$click$3.call(Unknown Source)
	at Script1590734900299.run(Script1590734900299.groovy:51)
	at com.kms.katalon.core.main.ScriptEngine.run(ScriptEngine.java:194)
	at com.kms.katalon.core.main.ScriptEngine.runScriptAsRawText(ScriptEngine.java:119)
	at com.kms.katalon.core.main.TestCaseExecutor.runScript(TestCaseExecutor.java:337)
	at com.kms.katalon.core.main.TestCaseExecutor.doExecute(TestCaseExecutor.java:328)
	at com.kms.katalon.core.main.TestCaseExecutor.processExecutionPhase(TestCaseExecutor.java:307)
	at com.kms.katalon.core.main.TestCaseExecutor.accessMainPhase(TestCaseExecutor.java:299)
	at com.kms.katalon.core.main.TestCaseExecutor.execute(TestCaseExecutor.java:233)
	at com.kms.katalon.core.main.TestCaseMain.runTestCase(TestCaseMain.java:114)
	at com.kms.katalon.core.keyword.builtin.CallTestCaseKeyword$_callTestCase_closure1.doCall(CallTestCaseKeyword.groovy:59)
	at com.kms.katalon.core.keyword.builtin.CallTestCaseKeyword$_callTestCase_closure1.call(CallTestCaseKeyword.groovy)
	at com.kms.katalon.core.keyword.internal.KeywordMain.runKeyword(KeywordMain.groovy:68)
	at com.kms.katalon.core.keyword.builtin.CallTestCaseKeyword.callTestCase(CallTestCaseKeyword.groovy:81)
	at com.kms.katalon.core.keyword.builtin.CallTestCaseKeyword.execute(CallTestCaseKeyword.groovy:44)
	at com.kms.katalon.core.keyword.internal.KeywordExecutor.executeKeywordForPlatform(KeywordExecutor.groovy:72)
	at com.kms.katalon.core.keyword.BuiltinKeywords.callTestCase(BuiltinKeywords.groovy:334)
	at Script1590734929315.run(Script1590734929315.groovy:45)
	... 13 more
)

2020-09-02 13:15:13 - [MESSAGE][INFO] - Unable to find the element located by 'By.xpath: //*[@id="ContentPlaceHolder1_Cmb_jenisLaporan-picker-listEl"]/li[2]'. Please recheck the objects properties to make sure the desired element is located. 

2020-09-02 13:15:14 - [MESSAGE][FAILED] - Unable to click on object 'Object Repository/GoAmlReport/01 General Information/Isi Jenis Laporan/2 LTKM - LTKM' (Root cause: com.kms.katalon.core.exception.StepFailedException: Unable to click on object 'Object Repository/GoAmlReport/01 General Information/Isi Jenis Laporan/2 LTKM - LTKM'
	at com.kms.katalon.core.webui.keyword.internal.WebUIKeywordMain.stepFailed(WebUIKeywordMain.groovy:64)
	at com.kms.katalon.core.webui.keyword.internal.WebUIKeywordMain.runKeyword(WebUIKeywordMain.groovy:26)
	at com.kms.katalon.core.webui.keyword.builtin.ClickKeyword.click(ClickKeyword.groovy:102)
	at com.kms.katalon.core.webui.keyword.builtin.ClickKeyword.execute(ClickKeyword.groovy:43)
	at com.kms.katalon.core.keyword.internal.KeywordExecutor.executeKeywordForPlatform(KeywordExecutor.groovy:72)
	at com.kms.katalon.core.webui.keyword.WebUiBuiltInKeywords.click(WebUiBuiltInKeywords.groovy:616)
	at com.kms.katalon.core.webui.keyword.WebUiBuiltInKeywords$click$3.call(Unknown Source)
	at GoAML Report 2.run(GoAML Report 2:51)
	at com.kms.katalon.core.main.ScriptEngine.run(ScriptEngine.java:194)
	at com.kms.katalon.core.main.ScriptEngine.runScriptAsRawText(ScriptEngine.java:119)
	at com.kms.katalon.core.main.TestCaseExecutor.runScript(TestCaseExecutor.java:337)
	at com.kms.katalon.core.main.TestCaseExecutor.doExecute(TestCaseExecutor.java:328)
	at com.kms.katalon.core.main.TestCaseExecutor.processExecutionPhase(TestCaseExecutor.java:307)
	at com.kms.katalon.core.main.TestCaseExecutor.accessMainPhase(TestCaseExecutor.java:299)
	at com.kms.katalon.core.main.TestCaseExecutor.execute(TestCaseExecutor.java:233)
	at com.kms.katalon.core.main.TestCaseMain.runTestCase(TestCaseMain.java:114)
	at com.kms.katalon.core.keyword.builtin.CallTestCaseKeyword$_callTestCase_closure1.doCall(CallTestCaseKeyword.groovy:59)
	at com.kms.katalon.core.keyword.builtin.CallTestCaseKeyword$_callTestCase_closure1.call(CallTestCaseKeyword.groovy)
	at com.kms.katalon.core.keyword.internal.KeywordMain.runKeyword(KeywordMain.groovy:68)
	at com.kms.katalon.core.keyword.builtin.CallTestCaseKeyword.callTestCase(CallTestCaseKeyword.groovy:81)
	at com.kms.katalon.core.keyword.builtin.CallTestCaseKeyword.execute(CallTestCaseKeyword.groovy:44)
	at com.kms.katalon.core.keyword.internal.KeywordExecutor.executeKeywordForPlatform(KeywordExecutor.groovy:72)
	at com.kms.katalon.core.keyword.BuiltinKeywords.callTestCase(BuiltinKeywords.groovy:334)
	at GoAML Report 1.run(GoAML Report 1:45)
	at com.kms.katalon.core.main.ScriptEngine.run(ScriptEngine.java:194)
	at com.kms.katalon.core.main.ScriptEngine.runScriptAsRawText(ScriptEngine.java:119)
	at com.kms.katalon.core.main.TestCaseExecutor.runScript(TestCaseExecutor.java:337)
	at com.kms.katalon.core.main.TestCaseExecutor.doExecute(TestCaseExecutor.java:328)
	at com.kms.katalon.core.main.TestCaseExecutor.processExecutionPhase(TestCaseExecutor.java:307)
	at com.kms.katalon.core.main.TestCaseExecutor.accessMainPhase(TestCaseExecutor.java:299)
	at com.kms.katalon.core.main.TestCaseExecutor.execute(TestCaseExecutor.java:233)
	at com.kms.katalon.core.main.TestSuiteExecutor.accessTestCaseMainPhase(TestSuiteExecutor.java:169)
	at com.kms.katalon.core.main.TestSuiteExecutor.accessTestSuiteMainPhase(TestSuiteExecutor.java:142)
	at com.kms.katalon.core.main.TestSuiteExecutor.execute(TestSuiteExecutor.java:91)
	at com.kms.katalon.core.main.TestCaseMain.startTestSuite(TestCaseMain.java:157)
	at com.kms.katalon.core.main.TestCaseMain$startTestSuite$0.call(Unknown Source)
	at TempTestSuite1599020994386.run(TempTestSuite1599020994386.groovy:36)
Caused by: com.kms.katalon.core.webui.exception.WebElementNotFoundException: Web element with id: 'Object Repository/GoAmlReport/01 General Information/Isi Jenis Laporan/2 LTKM - LTKM' located by 'By.xpath: //*[@id="ContentPlaceHolder1_Cmb_jenisLaporan-picker-listEl"]/li[2]' not found
	at com.kms.katalon.core.webui.common.WebUiCommonHelper.findWebElement(WebUiCommonHelper.java:1154)
	at com.kms.katalon.core.webui.keyword.internal.WebUIAbstractKeyword.findWebElement(WebUIAbstractKeyword.groovy:27)
	at com.kms.katalon.core.webui.keyword.internal.WebUIAbstractKeyword.findWebElement(WebUIAbstractKeyword.groovy:26)
	at com.kms.katalon.core.webui.keyword.builtin.ClickKeyword$_click_closure1.doCall(ClickKeyword.groovy:67)
	at com.kms.katalon.core.webui.keyword.builtin.ClickKeyword$_click_closure1.call(ClickKeyword.groovy)
	at com.kms.katalon.core.webui.keyword.internal.WebUIKeywordMain.runKeyword(WebUIKeywordMain.groovy:20)
	at com.kms.katalon.core.webui.keyword.builtin.ClickKeyword.click(ClickKeyword.groovy:102)
	at com.kms.katalon.core.webui.keyword.builtin.ClickKeyword.execute(ClickKeyword.groovy:43)
	at com.kms.katalon.core.keyword.internal.KeywordExecutor.executeKeywordForPlatform(KeywordExecutor.groovy:72)
	at com.kms.katalon.core.webui.keyword.WebUiBuiltInKeywords.click(WebUiBuiltInKeywords.groovy:616)
	at com.kms.katalon.core.webui.keyword.WebUiBuiltInKeywords$click$3.call(Unknown Source)
	at Script1590734900299.run(Script1590734900299.groovy:51)
	at com.kms.katalon.core.main.ScriptEngine.run(ScriptEngine.java:194)
	at com.kms.katalon.core.main.ScriptEngine.runScriptAsRawText(ScriptEngine.java:119)
	at com.kms.katalon.core.main.TestCaseExecutor.runScript(TestCaseExecutor.java:337)
	at com.kms.katalon.core.main.TestCaseExecutor.doExecute(TestCaseExecutor.java:328)
	at com.kms.katalon.core.main.TestCaseExecutor.processExecutionPhase(TestCaseExecutor.java:307)
	at com.kms.katalon.core.main.TestCaseExecutor.accessMainPhase(TestCaseExecutor.java:299)
	at com.kms.katalon.core.main.TestCaseExecutor.execute(TestCaseExecutor.java:233)
	at com.kms.katalon.core.main.TestCaseMain.runTestCase(TestCaseMain.java:114)
	at com.kms.katalon.core.keyword.builtin.CallTestCaseKeyword$_callTestCase_closure1.doCall(CallTestCaseKeyword.groovy:59)
	at com.kms.katalon.core.keyword.builtin.CallTestCaseKeyword$_callTestCase_closure1.call(CallTestCaseKeyword.groovy)
	at com.kms.katalon.core.keyword.internal.KeywordMain.runKeyword(KeywordMain.groovy:68)
	at com.kms.katalon.core.keyword.builtin.CallTestCaseKeyword.callTestCase(CallTestCaseKeyword.groovy:81)
	at com.kms.katalon.core.keyword.builtin.CallTestCaseKeyword.execute(CallTestCaseKeyword.groovy:44)
	at com.kms.katalon.core.keyword.internal.KeywordExecutor.executeKeywordForPlatform(KeywordExecutor.groovy:72)
	at com.kms.katalon.core.keyword.BuiltinKeywords.callTestCase(BuiltinKeywords.groovy:334)
	at Script1590734929315.run(Script1590734929315.groovy:45)
	... 13 more
)
[[ATTACHMENT|D:\\poject\\goaml2\\Katalon\\GoAML\\Reports\\20200902_112954\\New Test Suite (1)\\20200902_112954\\1599027313849.png]]

2020-09-02 13:15:14 - [MESSAGE][FAILED] - Unable to call Test Case 'Test Cases/GoAML Report 2' (Root cause: com.kms.katalon.core.exception.StepFailedException: Call Test Case 'Test Cases/GoAML Report 2' failed
	at com.kms.katalon.core.keyword.builtin.CallTestCaseKeyword$_callTestCase_closure1.doCall(CallTestCaseKeyword.groovy:63)
	at com.kms.katalon.core.keyword.builtin.CallTestCaseKeyword$_callTestCase_closure1.call(CallTestCaseKeyword.groovy)
	at com.kms.katalon.core.keyword.internal.KeywordMain.runKeyword(KeywordMain.groovy:68)
	at com.kms.katalon.core.keyword.builtin.CallTestCaseKeyword.callTestCase(CallTestCaseKeyword.groovy:81)
	at com.kms.katalon.core.keyword.builtin.CallTestCaseKeyword.execute(CallTestCaseKeyword.groovy:44)
	at com.kms.katalon.core.keyword.internal.KeywordExecutor.executeKeywordForPlatform(KeywordExecutor.groovy:72)
	at com.kms.katalon.core.keyword.BuiltinKeywords.callTestCase(BuiltinKeywords.groovy:334)
	at GoAML Report 1.run(GoAML Report 1:45)
	at com.kms.katalon.core.main.ScriptEngine.run(ScriptEngine.java:194)
	at com.kms.katalon.core.main.ScriptEngine.runScriptAsRawText(ScriptEngine.java:119)
	at com.kms.katalon.core.main.TestCaseExecutor.runScript(TestCaseExecutor.java:337)
	at com.kms.katalon.core.main.TestCaseExecutor.doExecute(TestCaseExecutor.java:328)
	at com.kms.katalon.core.main.TestCaseExecutor.processExecutionPhase(TestCaseExecutor.java:307)
	at com.kms.katalon.core.main.TestCaseExecutor.accessMainPhase(TestCaseExecutor.java:299)
	at com.kms.katalon.core.main.TestCaseExecutor.execute(TestCaseExecutor.java:233)
	at com.kms.katalon.core.main.TestSuiteExecutor.accessTestCaseMainPhase(TestSuiteExecutor.java:169)
	at com.kms.katalon.core.main.TestSuiteExecutor.accessTestSuiteMainPhase(TestSuiteExecutor.java:142)
	at com.kms.katalon.core.main.TestSuiteExecutor.execute(TestSuiteExecutor.java:91)
	at com.kms.katalon.core.main.TestCaseMain.startTestSuite(TestCaseMain.java:157)
	at com.kms.katalon.core.main.TestCaseMain$startTestSuite$0.call(Unknown Source)
	at TempTestSuite1599020994386.run(TempTestSuite1599020994386.groovy:36)
Caused by: com.kms.katalon.core.exception.StepFailedException: Unable to click on object 'Object Repository/GoAmlReport/01 General Information/Isi Jenis Laporan/2 LTKM - LTKM'
	at com.kms.katalon.core.webui.keyword.internal.WebUIKeywordMain.stepFailed(WebUIKeywordMain.groovy:64)
	at com.kms.katalon.core.webui.keyword.internal.WebUIKeywordMain.runKeyword(WebUIKeywordMain.groovy:26)
	at com.kms.katalon.core.webui.keyword.builtin.ClickKeyword.click(ClickKeyword.groovy:102)
	at com.kms.katalon.core.webui.keyword.builtin.ClickKeyword.execute(ClickKeyword.groovy:43)
	at com.kms.katalon.core.keyword.internal.KeywordExecutor.executeKeywordForPlatform(KeywordExecutor.groovy:72)
	at com.kms.katalon.core.webui.keyword.WebUiBuiltInKeywords.click(WebUiBuiltInKeywords.groovy:616)
	at com.kms.katalon.core.webui.keyword.WebUiBuiltInKeywords$click$3.call(Unknown Source)
	at GoAML Report 2.run(GoAML Report 2:51)
	at com.kms.katalon.core.main.ScriptEngine.run(ScriptEngine.java:194)
	at com.kms.katalon.core.main.ScriptEngine.runScriptAsRawText(ScriptEngine.java:119)
	at com.kms.katalon.core.main.TestCaseExecutor.runScript(TestCaseExecutor.java:337)
	at com.kms.katalon.core.main.TestCaseExecutor.doExecute(TestCaseExecutor.java:328)
	at com.kms.katalon.core.main.TestCaseExecutor.processExecutionPhase(TestCaseExecutor.java:307)
	at com.kms.katalon.core.main.TestCaseExecutor.accessMainPhase(TestCaseExecutor.java:299)
	at com.kms.katalon.core.main.TestCaseExecutor.execute(TestCaseExecutor.java:233)
	at com.kms.katalon.core.main.TestCaseMain.runTestCase(TestCaseMain.java:114)
	at com.kms.katalon.core.keyword.builtin.CallTestCaseKeyword$_callTestCase_closure1.doCall(CallTestCaseKeyword.groovy:59)
	... 20 more
Caused by: com.kms.katalon.core.webui.exception.WebElementNotFoundException: Web element with id: 'Object Repository/GoAmlReport/01 General Information/Isi Jenis Laporan/2 LTKM - LTKM' located by 'By.xpath: //*[@id="ContentPlaceHolder1_Cmb_jenisLaporan-picker-listEl"]/li[2]' not found
	at com.kms.katalon.core.webui.common.WebUiCommonHelper.findWebElement(WebUiCommonHelper.java:1154)
	at com.kms.katalon.core.webui.keyword.internal.WebUIAbstractKeyword.findWebElement(WebUIAbstractKeyword.groovy:27)
	at com.kms.katalon.core.webui.keyword.internal.WebUIAbstractKeyword.findWebElement(WebUIAbstractKeyword.groovy:26)
	at com.kms.katalon.core.webui.keyword.builtin.ClickKeyword$_click_closure1.doCall(ClickKeyword.groovy:67)
	at com.kms.katalon.core.webui.keyword.builtin.ClickKeyword$_click_closure1.call(ClickKeyword.groovy)
	at com.kms.katalon.core.webui.keyword.internal.WebUIKeywordMain.runKeyword(WebUIKeywordMain.groovy:20)
	... 35 more
)]]></system-out>
         <system-err><![CDATA[2020-09-02 13:11:53 - [TEST_CASE][FAILED] - Test Cases/GoAML Report 1: Test Cases/GoAML Report 1 FAILED.
Reason:
com.kms.katalon.core.exception.StepFailedException: Call Test Case 'Test Cases/GoAML Report 2' failed
	at com.kms.katalon.core.keyword.builtin.CallTestCaseKeyword$_callTestCase_closure1.doCall(CallTestCaseKeyword.groovy:63)
	at com.kms.katalon.core.keyword.builtin.CallTestCaseKeyword$_callTestCase_closure1.call(CallTestCaseKeyword.groovy)
	at com.kms.katalon.core.keyword.internal.KeywordMain.runKeyword(KeywordMain.groovy:68)
	at com.kms.katalon.core.keyword.builtin.CallTestCaseKeyword.callTestCase(CallTestCaseKeyword.groovy:81)
	at com.kms.katalon.core.keyword.builtin.CallTestCaseKeyword.execute(CallTestCaseKeyword.groovy:44)
	at com.kms.katalon.core.keyword.internal.KeywordExecutor.executeKeywordForPlatform(KeywordExecutor.groovy:72)
	at com.kms.katalon.core.keyword.BuiltinKeywords.callTestCase(BuiltinKeywords.groovy:334)
	at GoAML Report 1.run(GoAML Report 1:45)
	at com.kms.katalon.core.main.ScriptEngine.run(ScriptEngine.java:194)
	at com.kms.katalon.core.main.ScriptEngine.runScriptAsRawText(ScriptEngine.java:119)
	at com.kms.katalon.core.main.TestCaseExecutor.runScript(TestCaseExecutor.java:337)
	at com.kms.katalon.core.main.TestCaseExecutor.doExecute(TestCaseExecutor.java:328)
	at com.kms.katalon.core.main.TestCaseExecutor.processExecutionPhase(TestCaseExecutor.java:307)
	at com.kms.katalon.core.main.TestCaseExecutor.accessMainPhase(TestCaseExecutor.java:299)
	at com.kms.katalon.core.main.TestCaseExecutor.execute(TestCaseExecutor.java:233)
	at com.kms.katalon.core.main.TestSuiteExecutor.accessTestCaseMainPhase(TestSuiteExecutor.java:169)
	at com.kms.katalon.core.main.TestSuiteExecutor.accessTestSuiteMainPhase(TestSuiteExecutor.java:142)
	at com.kms.katalon.core.main.TestSuiteExecutor.execute(TestSuiteExecutor.java:91)
	at com.kms.katalon.core.main.TestCaseMain.startTestSuite(TestCaseMain.java:157)
	at com.kms.katalon.core.main.TestCaseMain$startTestSuite$0.call(Unknown Source)
	at TempTestSuite1599020994386.run(TempTestSuite1599020994386.groovy:36)
Caused by: com.kms.katalon.core.exception.StepFailedException: Unable to click on object 'Object Repository/GoAmlReport/01 General Information/Isi Jenis Laporan/2 LTKM - LTKM'
	at com.kms.katalon.core.webui.keyword.internal.WebUIKeywordMain.stepFailed(WebUIKeywordMain.groovy:64)
	at com.kms.katalon.core.webui.keyword.internal.WebUIKeywordMain.runKeyword(WebUIKeywordMain.groovy:26)
	at com.kms.katalon.core.webui.keyword.builtin.ClickKeyword.click(ClickKeyword.groovy:102)
	at com.kms.katalon.core.webui.keyword.builtin.ClickKeyword.execute(ClickKeyword.groovy:43)
	at com.kms.katalon.core.keyword.internal.KeywordExecutor.executeKeywordForPlatform(KeywordExecutor.groovy:72)
	at com.kms.katalon.core.webui.keyword.WebUiBuiltInKeywords.click(WebUiBuiltInKeywords.groovy:616)
	at com.kms.katalon.core.webui.keyword.WebUiBuiltInKeywords$click$3.call(Unknown Source)
	at GoAML Report 2.run(GoAML Report 2:51)
	at com.kms.katalon.core.main.ScriptEngine.run(ScriptEngine.java:194)
	at com.kms.katalon.core.main.ScriptEngine.runScriptAsRawText(ScriptEngine.java:119)
	at com.kms.katalon.core.main.TestCaseExecutor.runScript(TestCaseExecutor.java:337)
	at com.kms.katalon.core.main.TestCaseExecutor.doExecute(TestCaseExecutor.java:328)
	at com.kms.katalon.core.main.TestCaseExecutor.processExecutionPhase(TestCaseExecutor.java:307)
	at com.kms.katalon.core.main.TestCaseExecutor.accessMainPhase(TestCaseExecutor.java:299)
	at com.kms.katalon.core.main.TestCaseExecutor.execute(TestCaseExecutor.java:233)
	at com.kms.katalon.core.main.TestCaseMain.runTestCase(TestCaseMain.java:114)
	at com.kms.katalon.core.keyword.builtin.CallTestCaseKeyword$_callTestCase_closure1.doCall(CallTestCaseKeyword.groovy:59)
	... 20 more
Caused by: com.kms.katalon.core.webui.exception.WebElementNotFoundException: Web element with id: 'Object Repository/GoAmlReport/01 General Information/Isi Jenis Laporan/2 LTKM - LTKM' located by 'By.xpath: //*[@id="ContentPlaceHolder1_Cmb_jenisLaporan-picker-listEl"]/li[2]' not found
	at com.kms.katalon.core.webui.common.WebUiCommonHelper.findWebElement(WebUiCommonHelper.java:1154)
	at com.kms.katalon.core.webui.keyword.internal.WebUIAbstractKeyword.findWebElement(WebUIAbstractKeyword.groovy:27)
	at com.kms.katalon.core.webui.keyword.internal.WebUIAbstractKeyword.findWebElement(WebUIAbstractKeyword.groovy:26)
	at com.kms.katalon.core.webui.keyword.builtin.ClickKeyword$_click_closure1.doCall(ClickKeyword.groovy:67)
	at com.kms.katalon.core.webui.keyword.builtin.ClickKeyword$_click_closure1.call(ClickKeyword.groovy)
	at com.kms.katalon.core.webui.keyword.internal.WebUIKeywordMain.runKeyword(WebUIKeywordMain.groovy:20)
	... 35 more]]></system-err>
      </testcase>
      <testcase name="Test Cases/GoAML Report 1" time="49.532" classname="Test Cases/GoAML Report 1" status="FAILED">
         <failure type="FAILED" message="Test Cases/GoAML Report 1 FAILED.
Reason:
com.kms.katalon.core.exception.StepFailedException: Unable to set text 'anggi1' of object 'Object Repository/All/UserName'
	at com.kms.katalon.core.webui.keyword.internal.WebUIKeywordMain.stepFailed(WebUIKeywordMain.groovy:64)
	at com.kms.katalon.core.webui.keyword.internal.WebUIKeywordMain.runKeyword(WebUIKeywordMain.groovy:26)
	at com.kms.katalon.core.webui.keyword.builtin.SetTextKeyword.setText(SetTextKeyword.groovy:66)
	at com.kms.katalon.core.webui.keyword.builtin.SetTextKeyword.execute(SetTextKeyword.groovy:37)
	at com.kms.katalon.core.keyword.internal.KeywordExecutor.executeKeywordForPlatform(KeywordExecutor.groovy:72)
	at com.kms.katalon.core.webui.keyword.WebUiBuiltInKeywords.setText(WebUiBuiltInKeywords.groovy:950)
	at com.kms.katalon.core.webui.keyword.WebUiBuiltInKeywords$setText$1.call(Unknown Source)
	at GoAML Report 1.run(GoAML Report 1:25)
	at com.kms.katalon.core.main.ScriptEngine.run(ScriptEngine.java:194)
	at com.kms.katalon.core.main.ScriptEngine.runScriptAsRawText(ScriptEngine.java:119)
	at com.kms.katalon.core.main.TestCaseExecutor.runScript(TestCaseExecutor.java:337)
	at com.kms.katalon.core.main.TestCaseExecutor.doExecute(TestCaseExecutor.java:328)
	at com.kms.katalon.core.main.TestCaseExecutor.processExecutionPhase(TestCaseExecutor.java:307)
	at com.kms.katalon.core.main.TestCaseExecutor.accessMainPhase(TestCaseExecutor.java:299)
	at com.kms.katalon.core.main.TestCaseExecutor.execute(TestCaseExecutor.java:233)
	at com.kms.katalon.core.main.TestSuiteExecutor.accessTestCaseMainPhase(TestSuiteExecutor.java:169)
	at com.kms.katalon.core.main.TestSuiteExecutor.accessTestSuiteMainPhase(TestSuiteExecutor.java:142)
	at com.kms.katalon.core.main.TestSuiteExecutor.execute(TestSuiteExecutor.java:91)
	at com.kms.katalon.core.main.TestCaseMain.startTestSuite(TestCaseMain.java:157)
	at com.kms.katalon.core.main.TestCaseMain$startTestSuite$0.call(Unknown Source)
	at TempTestSuite1599020994386.run(TempTestSuite1599020994386.groovy:36)
Caused by: com.kms.katalon.core.webui.exception.WebElementNotFoundException: Web element with id: 'Object Repository/All/UserName' located by 'By.xpath: //*[@id=&quot;txtUsername&quot;]' not found
	at com.kms.katalon.core.webui.common.WebUiCommonHelper.findWebElement(WebUiCommonHelper.java:1154)
	at com.kms.katalon.core.webui.keyword.internal.WebUIAbstractKeyword.findWebElement(WebUIAbstractKeyword.groovy:27)
	at com.kms.katalon.core.webui.keyword.internal.WebUIAbstractKeyword.findWebElement(WebUIAbstractKeyword.groovy:26)
	at com.kms.katalon.core.webui.keyword.builtin.SetTextKeyword$_setText_closure1.doCall(SetTextKeyword.groovy:51)
	at com.kms.katalon.core.webui.keyword.builtin.SetTextKeyword$_setText_closure1.call(SetTextKeyword.groovy)
	at com.kms.katalon.core.webui.keyword.internal.WebUIKeywordMain.runKeyword(WebUIKeywordMain.groovy:20)
	... 19 more
"/>
         <system-out><![CDATA[2020-09-02 13:15:16 - [TEST_CASE][FAILED] - Test Cases/GoAML Report 1: Test Cases/GoAML Report 1 FAILED.
Reason:
com.kms.katalon.core.exception.StepFailedException: Unable to set text 'anggi1' of object 'Object Repository/All/UserName'
	at com.kms.katalon.core.webui.keyword.internal.WebUIKeywordMain.stepFailed(WebUIKeywordMain.groovy:64)
	at com.kms.katalon.core.webui.keyword.internal.WebUIKeywordMain.runKeyword(WebUIKeywordMain.groovy:26)
	at com.kms.katalon.core.webui.keyword.builtin.SetTextKeyword.setText(SetTextKeyword.groovy:66)
	at com.kms.katalon.core.webui.keyword.builtin.SetTextKeyword.execute(SetTextKeyword.groovy:37)
	at com.kms.katalon.core.keyword.internal.KeywordExecutor.executeKeywordForPlatform(KeywordExecutor.groovy:72)
	at com.kms.katalon.core.webui.keyword.WebUiBuiltInKeywords.setText(WebUiBuiltInKeywords.groovy:950)
	at com.kms.katalon.core.webui.keyword.WebUiBuiltInKeywords$setText$1.call(Unknown Source)
	at GoAML Report 1.run(GoAML Report 1:25)
	at com.kms.katalon.core.main.ScriptEngine.run(ScriptEngine.java:194)
	at com.kms.katalon.core.main.ScriptEngine.runScriptAsRawText(ScriptEngine.java:119)
	at com.kms.katalon.core.main.TestCaseExecutor.runScript(TestCaseExecutor.java:337)
	at com.kms.katalon.core.main.TestCaseExecutor.doExecute(TestCaseExecutor.java:328)
	at com.kms.katalon.core.main.TestCaseExecutor.processExecutionPhase(TestCaseExecutor.java:307)
	at com.kms.katalon.core.main.TestCaseExecutor.accessMainPhase(TestCaseExecutor.java:299)
	at com.kms.katalon.core.main.TestCaseExecutor.execute(TestCaseExecutor.java:233)
	at com.kms.katalon.core.main.TestSuiteExecutor.accessTestCaseMainPhase(TestSuiteExecutor.java:169)
	at com.kms.katalon.core.main.TestSuiteExecutor.accessTestSuiteMainPhase(TestSuiteExecutor.java:142)
	at com.kms.katalon.core.main.TestSuiteExecutor.execute(TestSuiteExecutor.java:91)
	at com.kms.katalon.core.main.TestCaseMain.startTestSuite(TestCaseMain.java:157)
	at com.kms.katalon.core.main.TestCaseMain$startTestSuite$0.call(Unknown Source)
	at TempTestSuite1599020994386.run(TempTestSuite1599020994386.groovy:36)
Caused by: com.kms.katalon.core.webui.exception.WebElementNotFoundException: Web element with id: 'Object Repository/All/UserName' located by 'By.xpath: //*[@id="txtUsername"]' not found
	at com.kms.katalon.core.webui.common.WebUiCommonHelper.findWebElement(WebUiCommonHelper.java:1154)
	at com.kms.katalon.core.webui.keyword.internal.WebUIAbstractKeyword.findWebElement(WebUIAbstractKeyword.groovy:27)
	at com.kms.katalon.core.webui.keyword.internal.WebUIAbstractKeyword.findWebElement(WebUIAbstractKeyword.groovy:26)
	at com.kms.katalon.core.webui.keyword.builtin.SetTextKeyword$_setText_closure1.doCall(SetTextKeyword.groovy:51)
	at com.kms.katalon.core.webui.keyword.builtin.SetTextKeyword$_setText_closure1.call(SetTextKeyword.groovy)
	at com.kms.katalon.core.webui.keyword.internal.WebUIKeywordMain.runKeyword(WebUIKeywordMain.groovy:20)
	... 19 more


2020-09-02 13:15:16 - [TEST_STEP][PASSED] - openBrowser("http://goaml.southeastasia.cloudapp.azure.com/goaml/Default.aspx"): Browser is opened with url: 'http://goaml.southeastasia.cloudapp.azure.com/goaml/Default.aspx'

2020-09-02 13:15:16 - [MESSAGE][WARNING] - A browser is already opened. Closing browser and opening a new one

2020-09-02 13:15:17 - [MESSAGE][INFO] - Starting 'Chrome' driver

2020-09-02 13:15:17 - [MESSAGE][INFO] - User set preference: ['property', '']

2020-09-02 13:15:40 - [MESSAGE][PASSED] - Browser is opened with url: 'http://goaml.southeastasia.cloudapp.azure.com/goaml/Default.aspx'

2020-09-02 13:15:40 - [TEST_STEP][PASSED] - maximizeWindow(): Current window maximized

2020-09-02 13:15:42 - [MESSAGE][PASSED] - Current window maximized

2020-09-02 13:15:42 - [TEST_STEP][FAILED] - setText(findTestObject("All/UserName"), "anggi1"): Unable to set text 'anggi1' of object 'Object Repository/All/UserName' (Root cause: com.kms.katalon.core.exception.StepFailedException: Unable to set text 'anggi1' of object 'Object Repository/All/UserName'
	at com.kms.katalon.core.webui.keyword.internal.WebUIKeywordMain.stepFailed(WebUIKeywordMain.groovy:64)
	at com.kms.katalon.core.webui.keyword.internal.WebUIKeywordMain.runKeyword(WebUIKeywordMain.groovy:26)
	at com.kms.katalon.core.webui.keyword.builtin.SetTextKeyword.setText(SetTextKeyword.groovy:66)
	at com.kms.katalon.core.webui.keyword.builtin.SetTextKeyword.execute(SetTextKeyword.groovy:37)
	at com.kms.katalon.core.keyword.internal.KeywordExecutor.executeKeywordForPlatform(KeywordExecutor.groovy:72)
	at com.kms.katalon.core.webui.keyword.WebUiBuiltInKeywords.setText(WebUiBuiltInKeywords.groovy:950)
	at com.kms.katalon.core.webui.keyword.WebUiBuiltInKeywords$setText$1.call(Unknown Source)
	at GoAML Report 1.run(GoAML Report 1:25)
	at com.kms.katalon.core.main.ScriptEngine.run(ScriptEngine.java:194)
	at com.kms.katalon.core.main.ScriptEngine.runScriptAsRawText(ScriptEngine.java:119)
	at com.kms.katalon.core.main.TestCaseExecutor.runScript(TestCaseExecutor.java:337)
	at com.kms.katalon.core.main.TestCaseExecutor.doExecute(TestCaseExecutor.java:328)
	at com.kms.katalon.core.main.TestCaseExecutor.processExecutionPhase(TestCaseExecutor.java:307)
	at com.kms.katalon.core.main.TestCaseExecutor.accessMainPhase(TestCaseExecutor.java:299)
	at com.kms.katalon.core.main.TestCaseExecutor.execute(TestCaseExecutor.java:233)
	at com.kms.katalon.core.main.TestSuiteExecutor.accessTestCaseMainPhase(TestSuiteExecutor.java:169)
	at com.kms.katalon.core.main.TestSuiteExecutor.accessTestSuiteMainPhase(TestSuiteExecutor.java:142)
	at com.kms.katalon.core.main.TestSuiteExecutor.execute(TestSuiteExecutor.java:91)
	at com.kms.katalon.core.main.TestCaseMain.startTestSuite(TestCaseMain.java:157)
	at com.kms.katalon.core.main.TestCaseMain$startTestSuite$0.call(Unknown Source)
	at TempTestSuite1599020994386.run(TempTestSuite1599020994386.groovy:36)
Caused by: com.kms.katalon.core.webui.exception.WebElementNotFoundException: Web element with id: 'Object Repository/All/UserName' located by 'By.xpath: //*[@id="txtUsername"]' not found
	at com.kms.katalon.core.webui.common.WebUiCommonHelper.findWebElement(WebUiCommonHelper.java:1154)
	at com.kms.katalon.core.webui.keyword.internal.WebUIAbstractKeyword.findWebElement(WebUIAbstractKeyword.groovy:27)
	at com.kms.katalon.core.webui.keyword.internal.WebUIAbstractKeyword.findWebElement(WebUIAbstractKeyword.groovy:26)
	at com.kms.katalon.core.webui.keyword.builtin.SetTextKeyword$_setText_closure1.doCall(SetTextKeyword.groovy:51)
	at com.kms.katalon.core.webui.keyword.builtin.SetTextKeyword$_setText_closure1.call(SetTextKeyword.groovy)
	at com.kms.katalon.core.webui.keyword.internal.WebUIKeywordMain.runKeyword(WebUIKeywordMain.groovy:20)
	at com.kms.katalon.core.webui.keyword.builtin.SetTextKeyword.setText(SetTextKeyword.groovy:66)
	at com.kms.katalon.core.webui.keyword.builtin.SetTextKeyword.execute(SetTextKeyword.groovy:37)
	at com.kms.katalon.core.keyword.internal.KeywordExecutor.executeKeywordForPlatform(KeywordExecutor.groovy:72)
	at com.kms.katalon.core.webui.keyword.WebUiBuiltInKeywords.setText(WebUiBuiltInKeywords.groovy:950)
	at com.kms.katalon.core.webui.keyword.WebUiBuiltInKeywords$setText$1.call(Unknown Source)
	at Script1590734929315.run(Script1590734929315.groovy:25)
	... 13 more
)

2020-09-02 13:16:03 - [MESSAGE][INFO] - Unable to find the element located by 'By.xpath: //*[@id="txtUsername"]'. Please recheck the objects properties to make sure the desired element is located. 

2020-09-02 13:16:03 - [MESSAGE][FAILED] - Unable to set text 'anggi1' of object 'Object Repository/All/UserName' (Root cause: com.kms.katalon.core.exception.StepFailedException: Unable to set text 'anggi1' of object 'Object Repository/All/UserName'
	at com.kms.katalon.core.webui.keyword.internal.WebUIKeywordMain.stepFailed(WebUIKeywordMain.groovy:64)
	at com.kms.katalon.core.webui.keyword.internal.WebUIKeywordMain.runKeyword(WebUIKeywordMain.groovy:26)
	at com.kms.katalon.core.webui.keyword.builtin.SetTextKeyword.setText(SetTextKeyword.groovy:66)
	at com.kms.katalon.core.webui.keyword.builtin.SetTextKeyword.execute(SetTextKeyword.groovy:37)
	at com.kms.katalon.core.keyword.internal.KeywordExecutor.executeKeywordForPlatform(KeywordExecutor.groovy:72)
	at com.kms.katalon.core.webui.keyword.WebUiBuiltInKeywords.setText(WebUiBuiltInKeywords.groovy:950)
	at com.kms.katalon.core.webui.keyword.WebUiBuiltInKeywords$setText$1.call(Unknown Source)
	at GoAML Report 1.run(GoAML Report 1:25)
	at com.kms.katalon.core.main.ScriptEngine.run(ScriptEngine.java:194)
	at com.kms.katalon.core.main.ScriptEngine.runScriptAsRawText(ScriptEngine.java:119)
	at com.kms.katalon.core.main.TestCaseExecutor.runScript(TestCaseExecutor.java:337)
	at com.kms.katalon.core.main.TestCaseExecutor.doExecute(TestCaseExecutor.java:328)
	at com.kms.katalon.core.main.TestCaseExecutor.processExecutionPhase(TestCaseExecutor.java:307)
	at com.kms.katalon.core.main.TestCaseExecutor.accessMainPhase(TestCaseExecutor.java:299)
	at com.kms.katalon.core.main.TestCaseExecutor.execute(TestCaseExecutor.java:233)
	at com.kms.katalon.core.main.TestSuiteExecutor.accessTestCaseMainPhase(TestSuiteExecutor.java:169)
	at com.kms.katalon.core.main.TestSuiteExecutor.accessTestSuiteMainPhase(TestSuiteExecutor.java:142)
	at com.kms.katalon.core.main.TestSuiteExecutor.execute(TestSuiteExecutor.java:91)
	at com.kms.katalon.core.main.TestCaseMain.startTestSuite(TestCaseMain.java:157)
	at com.kms.katalon.core.main.TestCaseMain$startTestSuite$0.call(Unknown Source)
	at TempTestSuite1599020994386.run(TempTestSuite1599020994386.groovy:36)
Caused by: com.kms.katalon.core.webui.exception.WebElementNotFoundException: Web element with id: 'Object Repository/All/UserName' located by 'By.xpath: //*[@id="txtUsername"]' not found
	at com.kms.katalon.core.webui.common.WebUiCommonHelper.findWebElement(WebUiCommonHelper.java:1154)
	at com.kms.katalon.core.webui.keyword.internal.WebUIAbstractKeyword.findWebElement(WebUIAbstractKeyword.groovy:27)
	at com.kms.katalon.core.webui.keyword.internal.WebUIAbstractKeyword.findWebElement(WebUIAbstractKeyword.groovy:26)
	at com.kms.katalon.core.webui.keyword.builtin.SetTextKeyword$_setText_closure1.doCall(SetTextKeyword.groovy:51)
	at com.kms.katalon.core.webui.keyword.builtin.SetTextKeyword$_setText_closure1.call(SetTextKeyword.groovy)
	at com.kms.katalon.core.webui.keyword.internal.WebUIKeywordMain.runKeyword(WebUIKeywordMain.groovy:20)
	at com.kms.katalon.core.webui.keyword.builtin.SetTextKeyword.setText(SetTextKeyword.groovy:66)
	at com.kms.katalon.core.webui.keyword.builtin.SetTextKeyword.execute(SetTextKeyword.groovy:37)
	at com.kms.katalon.core.keyword.internal.KeywordExecutor.executeKeywordForPlatform(KeywordExecutor.groovy:72)
	at com.kms.katalon.core.webui.keyword.WebUiBuiltInKeywords.setText(WebUiBuiltInKeywords.groovy:950)
	at com.kms.katalon.core.webui.keyword.WebUiBuiltInKeywords$setText$1.call(Unknown Source)
	at Script1590734929315.run(Script1590734929315.groovy:25)
	... 13 more
)
[[ATTACHMENT|D:\\poject\\goaml2\\Katalon\\GoAML\\Reports\\20200902_112954\\New Test Suite (1)\\20200902_112954\\1599027363504.png]]]]></system-out>
         <system-err><![CDATA[2020-09-02 13:15:16 - [TEST_CASE][FAILED] - Test Cases/GoAML Report 1: Test Cases/GoAML Report 1 FAILED.
Reason:
com.kms.katalon.core.exception.StepFailedException: Unable to set text 'anggi1' of object 'Object Repository/All/UserName'
	at com.kms.katalon.core.webui.keyword.internal.WebUIKeywordMain.stepFailed(WebUIKeywordMain.groovy:64)
	at com.kms.katalon.core.webui.keyword.internal.WebUIKeywordMain.runKeyword(WebUIKeywordMain.groovy:26)
	at com.kms.katalon.core.webui.keyword.builtin.SetTextKeyword.setText(SetTextKeyword.groovy:66)
	at com.kms.katalon.core.webui.keyword.builtin.SetTextKeyword.execute(SetTextKeyword.groovy:37)
	at com.kms.katalon.core.keyword.internal.KeywordExecutor.executeKeywordForPlatform(KeywordExecutor.groovy:72)
	at com.kms.katalon.core.webui.keyword.WebUiBuiltInKeywords.setText(WebUiBuiltInKeywords.groovy:950)
	at com.kms.katalon.core.webui.keyword.WebUiBuiltInKeywords$setText$1.call(Unknown Source)
	at GoAML Report 1.run(GoAML Report 1:25)
	at com.kms.katalon.core.main.ScriptEngine.run(ScriptEngine.java:194)
	at com.kms.katalon.core.main.ScriptEngine.runScriptAsRawText(ScriptEngine.java:119)
	at com.kms.katalon.core.main.TestCaseExecutor.runScript(TestCaseExecutor.java:337)
	at com.kms.katalon.core.main.TestCaseExecutor.doExecute(TestCaseExecutor.java:328)
	at com.kms.katalon.core.main.TestCaseExecutor.processExecutionPhase(TestCaseExecutor.java:307)
	at com.kms.katalon.core.main.TestCaseExecutor.accessMainPhase(TestCaseExecutor.java:299)
	at com.kms.katalon.core.main.TestCaseExecutor.execute(TestCaseExecutor.java:233)
	at com.kms.katalon.core.main.TestSuiteExecutor.accessTestCaseMainPhase(TestSuiteExecutor.java:169)
	at com.kms.katalon.core.main.TestSuiteExecutor.accessTestSuiteMainPhase(TestSuiteExecutor.java:142)
	at com.kms.katalon.core.main.TestSuiteExecutor.execute(TestSuiteExecutor.java:91)
	at com.kms.katalon.core.main.TestCaseMain.startTestSuite(TestCaseMain.java:157)
	at com.kms.katalon.core.main.TestCaseMain$startTestSuite$0.call(Unknown Source)
	at TempTestSuite1599020994386.run(TempTestSuite1599020994386.groovy:36)
Caused by: com.kms.katalon.core.webui.exception.WebElementNotFoundException: Web element with id: 'Object Repository/All/UserName' located by 'By.xpath: //*[@id="txtUsername"]' not found
	at com.kms.katalon.core.webui.common.WebUiCommonHelper.findWebElement(WebUiCommonHelper.java:1154)
	at com.kms.katalon.core.webui.keyword.internal.WebUIAbstractKeyword.findWebElement(WebUIAbstractKeyword.groovy:27)
	at com.kms.katalon.core.webui.keyword.internal.WebUIAbstractKeyword.findWebElement(WebUIAbstractKeyword.groovy:26)
	at com.kms.katalon.core.webui.keyword.builtin.SetTextKeyword$_setText_closure1.doCall(SetTextKeyword.groovy:51)
	at com.kms.katalon.core.webui.keyword.builtin.SetTextKeyword$_setText_closure1.call(SetTextKeyword.groovy)
	at com.kms.katalon.core.webui.keyword.internal.WebUIKeywordMain.runKeyword(WebUIKeywordMain.groovy:20)
	... 19 more]]></system-err>
      </testcase>
      <testcase name="Test Cases/GoAML Report 1" time="49.265" classname="Test Cases/GoAML Report 1" status="FAILED">
         <failure type="FAILED" message="Test Cases/GoAML Report 1 FAILED.
Reason:
com.kms.katalon.core.exception.StepFailedException: Unable to set text 'anggi1' of object 'Object Repository/All/UserName'
	at com.kms.katalon.core.webui.keyword.internal.WebUIKeywordMain.stepFailed(WebUIKeywordMain.groovy:64)
	at com.kms.katalon.core.webui.keyword.internal.WebUIKeywordMain.runKeyword(WebUIKeywordMain.groovy:26)
	at com.kms.katalon.core.webui.keyword.builtin.SetTextKeyword.setText(SetTextKeyword.groovy:66)
	at com.kms.katalon.core.webui.keyword.builtin.SetTextKeyword.execute(SetTextKeyword.groovy:37)
	at com.kms.katalon.core.keyword.internal.KeywordExecutor.executeKeywordForPlatform(KeywordExecutor.groovy:72)
	at com.kms.katalon.core.webui.keyword.WebUiBuiltInKeywords.setText(WebUiBuiltInKeywords.groovy:950)
	at com.kms.katalon.core.webui.keyword.WebUiBuiltInKeywords$setText$1.call(Unknown Source)
	at GoAML Report 1.run(GoAML Report 1:25)
	at com.kms.katalon.core.main.ScriptEngine.run(ScriptEngine.java:194)
	at com.kms.katalon.core.main.ScriptEngine.runScriptAsRawText(ScriptEngine.java:119)
	at com.kms.katalon.core.main.TestCaseExecutor.runScript(TestCaseExecutor.java:337)
	at com.kms.katalon.core.main.TestCaseExecutor.doExecute(TestCaseExecutor.java:328)
	at com.kms.katalon.core.main.TestCaseExecutor.processExecutionPhase(TestCaseExecutor.java:307)
	at com.kms.katalon.core.main.TestCaseExecutor.accessMainPhase(TestCaseExecutor.java:299)
	at com.kms.katalon.core.main.TestCaseExecutor.execute(TestCaseExecutor.java:233)
	at com.kms.katalon.core.main.TestSuiteExecutor.accessTestCaseMainPhase(TestSuiteExecutor.java:169)
	at com.kms.katalon.core.main.TestSuiteExecutor.accessTestSuiteMainPhase(TestSuiteExecutor.java:142)
	at com.kms.katalon.core.main.TestSuiteExecutor.execute(TestSuiteExecutor.java:91)
	at com.kms.katalon.core.main.TestCaseMain.startTestSuite(TestCaseMain.java:157)
	at com.kms.katalon.core.main.TestCaseMain$startTestSuite$0.call(Unknown Source)
	at TempTestSuite1599020994386.run(TempTestSuite1599020994386.groovy:36)
Caused by: com.kms.katalon.core.webui.exception.WebElementNotFoundException: Web element with id: 'Object Repository/All/UserName' located by 'By.xpath: //*[@id=&quot;txtUsername&quot;]' not found
	at com.kms.katalon.core.webui.common.WebUiCommonHelper.findWebElement(WebUiCommonHelper.java:1154)
	at com.kms.katalon.core.webui.keyword.internal.WebUIAbstractKeyword.findWebElement(WebUIAbstractKeyword.groovy:27)
	at com.kms.katalon.core.webui.keyword.internal.WebUIAbstractKeyword.findWebElement(WebUIAbstractKeyword.groovy:26)
	at com.kms.katalon.core.webui.keyword.builtin.SetTextKeyword$_setText_closure1.doCall(SetTextKeyword.groovy:51)
	at com.kms.katalon.core.webui.keyword.builtin.SetTextKeyword$_setText_closure1.call(SetTextKeyword.groovy)
	at com.kms.katalon.core.webui.keyword.internal.WebUIKeywordMain.runKeyword(WebUIKeywordMain.groovy:20)
	... 19 more
"/>
         <system-out><![CDATA[2020-09-02 13:16:05 - [TEST_CASE][FAILED] - Test Cases/GoAML Report 1: Test Cases/GoAML Report 1 FAILED.
Reason:
com.kms.katalon.core.exception.StepFailedException: Unable to set text 'anggi1' of object 'Object Repository/All/UserName'
	at com.kms.katalon.core.webui.keyword.internal.WebUIKeywordMain.stepFailed(WebUIKeywordMain.groovy:64)
	at com.kms.katalon.core.webui.keyword.internal.WebUIKeywordMain.runKeyword(WebUIKeywordMain.groovy:26)
	at com.kms.katalon.core.webui.keyword.builtin.SetTextKeyword.setText(SetTextKeyword.groovy:66)
	at com.kms.katalon.core.webui.keyword.builtin.SetTextKeyword.execute(SetTextKeyword.groovy:37)
	at com.kms.katalon.core.keyword.internal.KeywordExecutor.executeKeywordForPlatform(KeywordExecutor.groovy:72)
	at com.kms.katalon.core.webui.keyword.WebUiBuiltInKeywords.setText(WebUiBuiltInKeywords.groovy:950)
	at com.kms.katalon.core.webui.keyword.WebUiBuiltInKeywords$setText$1.call(Unknown Source)
	at GoAML Report 1.run(GoAML Report 1:25)
	at com.kms.katalon.core.main.ScriptEngine.run(ScriptEngine.java:194)
	at com.kms.katalon.core.main.ScriptEngine.runScriptAsRawText(ScriptEngine.java:119)
	at com.kms.katalon.core.main.TestCaseExecutor.runScript(TestCaseExecutor.java:337)
	at com.kms.katalon.core.main.TestCaseExecutor.doExecute(TestCaseExecutor.java:328)
	at com.kms.katalon.core.main.TestCaseExecutor.processExecutionPhase(TestCaseExecutor.java:307)
	at com.kms.katalon.core.main.TestCaseExecutor.accessMainPhase(TestCaseExecutor.java:299)
	at com.kms.katalon.core.main.TestCaseExecutor.execute(TestCaseExecutor.java:233)
	at com.kms.katalon.core.main.TestSuiteExecutor.accessTestCaseMainPhase(TestSuiteExecutor.java:169)
	at com.kms.katalon.core.main.TestSuiteExecutor.accessTestSuiteMainPhase(TestSuiteExecutor.java:142)
	at com.kms.katalon.core.main.TestSuiteExecutor.execute(TestSuiteExecutor.java:91)
	at com.kms.katalon.core.main.TestCaseMain.startTestSuite(TestCaseMain.java:157)
	at com.kms.katalon.core.main.TestCaseMain$startTestSuite$0.call(Unknown Source)
	at TempTestSuite1599020994386.run(TempTestSuite1599020994386.groovy:36)
Caused by: com.kms.katalon.core.webui.exception.WebElementNotFoundException: Web element with id: 'Object Repository/All/UserName' located by 'By.xpath: //*[@id="txtUsername"]' not found
	at com.kms.katalon.core.webui.common.WebUiCommonHelper.findWebElement(WebUiCommonHelper.java:1154)
	at com.kms.katalon.core.webui.keyword.internal.WebUIAbstractKeyword.findWebElement(WebUIAbstractKeyword.groovy:27)
	at com.kms.katalon.core.webui.keyword.internal.WebUIAbstractKeyword.findWebElement(WebUIAbstractKeyword.groovy:26)
	at com.kms.katalon.core.webui.keyword.builtin.SetTextKeyword$_setText_closure1.doCall(SetTextKeyword.groovy:51)
	at com.kms.katalon.core.webui.keyword.builtin.SetTextKeyword$_setText_closure1.call(SetTextKeyword.groovy)
	at com.kms.katalon.core.webui.keyword.internal.WebUIKeywordMain.runKeyword(WebUIKeywordMain.groovy:20)
	... 19 more


2020-09-02 13:16:05 - [TEST_STEP][PASSED] - openBrowser("http://goaml.southeastasia.cloudapp.azure.com/goaml/Default.aspx"): Browser is opened with url: 'http://goaml.southeastasia.cloudapp.azure.com/goaml/Default.aspx'

2020-09-02 13:16:05 - [MESSAGE][WARNING] - A browser is already opened. Closing browser and opening a new one

2020-09-02 13:16:06 - [MESSAGE][INFO] - Starting 'Chrome' driver

2020-09-02 13:16:06 - [MESSAGE][INFO] - User set preference: ['property', '']

2020-09-02 13:16:29 - [MESSAGE][PASSED] - Browser is opened with url: 'http://goaml.southeastasia.cloudapp.azure.com/goaml/Default.aspx'

2020-09-02 13:16:29 - [TEST_STEP][PASSED] - maximizeWindow(): Current window maximized

2020-09-02 13:16:31 - [MESSAGE][PASSED] - Current window maximized

2020-09-02 13:16:31 - [TEST_STEP][FAILED] - setText(findTestObject("All/UserName"), "anggi1"): Unable to set text 'anggi1' of object 'Object Repository/All/UserName' (Root cause: com.kms.katalon.core.exception.StepFailedException: Unable to set text 'anggi1' of object 'Object Repository/All/UserName'
	at com.kms.katalon.core.webui.keyword.internal.WebUIKeywordMain.stepFailed(WebUIKeywordMain.groovy:64)
	at com.kms.katalon.core.webui.keyword.internal.WebUIKeywordMain.runKeyword(WebUIKeywordMain.groovy:26)
	at com.kms.katalon.core.webui.keyword.builtin.SetTextKeyword.setText(SetTextKeyword.groovy:66)
	at com.kms.katalon.core.webui.keyword.builtin.SetTextKeyword.execute(SetTextKeyword.groovy:37)
	at com.kms.katalon.core.keyword.internal.KeywordExecutor.executeKeywordForPlatform(KeywordExecutor.groovy:72)
	at com.kms.katalon.core.webui.keyword.WebUiBuiltInKeywords.setText(WebUiBuiltInKeywords.groovy:950)
	at com.kms.katalon.core.webui.keyword.WebUiBuiltInKeywords$setText$1.call(Unknown Source)
	at GoAML Report 1.run(GoAML Report 1:25)
	at com.kms.katalon.core.main.ScriptEngine.run(ScriptEngine.java:194)
	at com.kms.katalon.core.main.ScriptEngine.runScriptAsRawText(ScriptEngine.java:119)
	at com.kms.katalon.core.main.TestCaseExecutor.runScript(TestCaseExecutor.java:337)
	at com.kms.katalon.core.main.TestCaseExecutor.doExecute(TestCaseExecutor.java:328)
	at com.kms.katalon.core.main.TestCaseExecutor.processExecutionPhase(TestCaseExecutor.java:307)
	at com.kms.katalon.core.main.TestCaseExecutor.accessMainPhase(TestCaseExecutor.java:299)
	at com.kms.katalon.core.main.TestCaseExecutor.execute(TestCaseExecutor.java:233)
	at com.kms.katalon.core.main.TestSuiteExecutor.accessTestCaseMainPhase(TestSuiteExecutor.java:169)
	at com.kms.katalon.core.main.TestSuiteExecutor.accessTestSuiteMainPhase(TestSuiteExecutor.java:142)
	at com.kms.katalon.core.main.TestSuiteExecutor.execute(TestSuiteExecutor.java:91)
	at com.kms.katalon.core.main.TestCaseMain.startTestSuite(TestCaseMain.java:157)
	at com.kms.katalon.core.main.TestCaseMain$startTestSuite$0.call(Unknown Source)
	at TempTestSuite1599020994386.run(TempTestSuite1599020994386.groovy:36)
Caused by: com.kms.katalon.core.webui.exception.WebElementNotFoundException: Web element with id: 'Object Repository/All/UserName' located by 'By.xpath: //*[@id="txtUsername"]' not found
	at com.kms.katalon.core.webui.common.WebUiCommonHelper.findWebElement(WebUiCommonHelper.java:1154)
	at com.kms.katalon.core.webui.keyword.internal.WebUIAbstractKeyword.findWebElement(WebUIAbstractKeyword.groovy:27)
	at com.kms.katalon.core.webui.keyword.internal.WebUIAbstractKeyword.findWebElement(WebUIAbstractKeyword.groovy:26)
	at com.kms.katalon.core.webui.keyword.builtin.SetTextKeyword$_setText_closure1.doCall(SetTextKeyword.groovy:51)
	at com.kms.katalon.core.webui.keyword.builtin.SetTextKeyword$_setText_closure1.call(SetTextKeyword.groovy)
	at com.kms.katalon.core.webui.keyword.internal.WebUIKeywordMain.runKeyword(WebUIKeywordMain.groovy:20)
	at com.kms.katalon.core.webui.keyword.builtin.SetTextKeyword.setText(SetTextKeyword.groovy:66)
	at com.kms.katalon.core.webui.keyword.builtin.SetTextKeyword.execute(SetTextKeyword.groovy:37)
	at com.kms.katalon.core.keyword.internal.KeywordExecutor.executeKeywordForPlatform(KeywordExecutor.groovy:72)
	at com.kms.katalon.core.webui.keyword.WebUiBuiltInKeywords.setText(WebUiBuiltInKeywords.groovy:950)
	at com.kms.katalon.core.webui.keyword.WebUiBuiltInKeywords$setText$1.call(Unknown Source)
	at Script1590734929315.run(Script1590734929315.groovy:25)
	... 13 more
)

2020-09-02 13:16:52 - [MESSAGE][INFO] - Unable to find the element located by 'By.xpath: //*[@id="txtUsername"]'. Please recheck the objects properties to make sure the desired element is located. 

2020-09-02 13:16:53 - [MESSAGE][FAILED] - Unable to set text 'anggi1' of object 'Object Repository/All/UserName' (Root cause: com.kms.katalon.core.exception.StepFailedException: Unable to set text 'anggi1' of object 'Object Repository/All/UserName'
	at com.kms.katalon.core.webui.keyword.internal.WebUIKeywordMain.stepFailed(WebUIKeywordMain.groovy:64)
	at com.kms.katalon.core.webui.keyword.internal.WebUIKeywordMain.runKeyword(WebUIKeywordMain.groovy:26)
	at com.kms.katalon.core.webui.keyword.builtin.SetTextKeyword.setText(SetTextKeyword.groovy:66)
	at com.kms.katalon.core.webui.keyword.builtin.SetTextKeyword.execute(SetTextKeyword.groovy:37)
	at com.kms.katalon.core.keyword.internal.KeywordExecutor.executeKeywordForPlatform(KeywordExecutor.groovy:72)
	at com.kms.katalon.core.webui.keyword.WebUiBuiltInKeywords.setText(WebUiBuiltInKeywords.groovy:950)
	at com.kms.katalon.core.webui.keyword.WebUiBuiltInKeywords$setText$1.call(Unknown Source)
	at GoAML Report 1.run(GoAML Report 1:25)
	at com.kms.katalon.core.main.ScriptEngine.run(ScriptEngine.java:194)
	at com.kms.katalon.core.main.ScriptEngine.runScriptAsRawText(ScriptEngine.java:119)
	at com.kms.katalon.core.main.TestCaseExecutor.runScript(TestCaseExecutor.java:337)
	at com.kms.katalon.core.main.TestCaseExecutor.doExecute(TestCaseExecutor.java:328)
	at com.kms.katalon.core.main.TestCaseExecutor.processExecutionPhase(TestCaseExecutor.java:307)
	at com.kms.katalon.core.main.TestCaseExecutor.accessMainPhase(TestCaseExecutor.java:299)
	at com.kms.katalon.core.main.TestCaseExecutor.execute(TestCaseExecutor.java:233)
	at com.kms.katalon.core.main.TestSuiteExecutor.accessTestCaseMainPhase(TestSuiteExecutor.java:169)
	at com.kms.katalon.core.main.TestSuiteExecutor.accessTestSuiteMainPhase(TestSuiteExecutor.java:142)
	at com.kms.katalon.core.main.TestSuiteExecutor.execute(TestSuiteExecutor.java:91)
	at com.kms.katalon.core.main.TestCaseMain.startTestSuite(TestCaseMain.java:157)
	at com.kms.katalon.core.main.TestCaseMain$startTestSuite$0.call(Unknown Source)
	at TempTestSuite1599020994386.run(TempTestSuite1599020994386.groovy:36)
Caused by: com.kms.katalon.core.webui.exception.WebElementNotFoundException: Web element with id: 'Object Repository/All/UserName' located by 'By.xpath: //*[@id="txtUsername"]' not found
	at com.kms.katalon.core.webui.common.WebUiCommonHelper.findWebElement(WebUiCommonHelper.java:1154)
	at com.kms.katalon.core.webui.keyword.internal.WebUIAbstractKeyword.findWebElement(WebUIAbstractKeyword.groovy:27)
	at com.kms.katalon.core.webui.keyword.internal.WebUIAbstractKeyword.findWebElement(WebUIAbstractKeyword.groovy:26)
	at com.kms.katalon.core.webui.keyword.builtin.SetTextKeyword$_setText_closure1.doCall(SetTextKeyword.groovy:51)
	at com.kms.katalon.core.webui.keyword.builtin.SetTextKeyword$_setText_closure1.call(SetTextKeyword.groovy)
	at com.kms.katalon.core.webui.keyword.internal.WebUIKeywordMain.runKeyword(WebUIKeywordMain.groovy:20)
	at com.kms.katalon.core.webui.keyword.builtin.SetTextKeyword.setText(SetTextKeyword.groovy:66)
	at com.kms.katalon.core.webui.keyword.builtin.SetTextKeyword.execute(SetTextKeyword.groovy:37)
	at com.kms.katalon.core.keyword.internal.KeywordExecutor.executeKeywordForPlatform(KeywordExecutor.groovy:72)
	at com.kms.katalon.core.webui.keyword.WebUiBuiltInKeywords.setText(WebUiBuiltInKeywords.groovy:950)
	at com.kms.katalon.core.webui.keyword.WebUiBuiltInKeywords$setText$1.call(Unknown Source)
	at Script1590734929315.run(Script1590734929315.groovy:25)
	... 13 more
)
[[ATTACHMENT|D:\\poject\\goaml2\\Katalon\\GoAML\\Reports\\20200902_112954\\New Test Suite (1)\\20200902_112954\\1599027412789.png]]]]></system-out>
         <system-err><![CDATA[2020-09-02 13:16:05 - [TEST_CASE][FAILED] - Test Cases/GoAML Report 1: Test Cases/GoAML Report 1 FAILED.
Reason:
com.kms.katalon.core.exception.StepFailedException: Unable to set text 'anggi1' of object 'Object Repository/All/UserName'
	at com.kms.katalon.core.webui.keyword.internal.WebUIKeywordMain.stepFailed(WebUIKeywordMain.groovy:64)
	at com.kms.katalon.core.webui.keyword.internal.WebUIKeywordMain.runKeyword(WebUIKeywordMain.groovy:26)
	at com.kms.katalon.core.webui.keyword.builtin.SetTextKeyword.setText(SetTextKeyword.groovy:66)
	at com.kms.katalon.core.webui.keyword.builtin.SetTextKeyword.execute(SetTextKeyword.groovy:37)
	at com.kms.katalon.core.keyword.internal.KeywordExecutor.executeKeywordForPlatform(KeywordExecutor.groovy:72)
	at com.kms.katalon.core.webui.keyword.WebUiBuiltInKeywords.setText(WebUiBuiltInKeywords.groovy:950)
	at com.kms.katalon.core.webui.keyword.WebUiBuiltInKeywords$setText$1.call(Unknown Source)
	at GoAML Report 1.run(GoAML Report 1:25)
	at com.kms.katalon.core.main.ScriptEngine.run(ScriptEngine.java:194)
	at com.kms.katalon.core.main.ScriptEngine.runScriptAsRawText(ScriptEngine.java:119)
	at com.kms.katalon.core.main.TestCaseExecutor.runScript(TestCaseExecutor.java:337)
	at com.kms.katalon.core.main.TestCaseExecutor.doExecute(TestCaseExecutor.java:328)
	at com.kms.katalon.core.main.TestCaseExecutor.processExecutionPhase(TestCaseExecutor.java:307)
	at com.kms.katalon.core.main.TestCaseExecutor.accessMainPhase(TestCaseExecutor.java:299)
	at com.kms.katalon.core.main.TestCaseExecutor.execute(TestCaseExecutor.java:233)
	at com.kms.katalon.core.main.TestSuiteExecutor.accessTestCaseMainPhase(TestSuiteExecutor.java:169)
	at com.kms.katalon.core.main.TestSuiteExecutor.accessTestSuiteMainPhase(TestSuiteExecutor.java:142)
	at com.kms.katalon.core.main.TestSuiteExecutor.execute(TestSuiteExecutor.java:91)
	at com.kms.katalon.core.main.TestCaseMain.startTestSuite(TestCaseMain.java:157)
	at com.kms.katalon.core.main.TestCaseMain$startTestSuite$0.call(Unknown Source)
	at TempTestSuite1599020994386.run(TempTestSuite1599020994386.groovy:36)
Caused by: com.kms.katalon.core.webui.exception.WebElementNotFoundException: Web element with id: 'Object Repository/All/UserName' located by 'By.xpath: //*[@id="txtUsername"]' not found
	at com.kms.katalon.core.webui.common.WebUiCommonHelper.findWebElement(WebUiCommonHelper.java:1154)
	at com.kms.katalon.core.webui.keyword.internal.WebUIAbstractKeyword.findWebElement(WebUIAbstractKeyword.groovy:27)
	at com.kms.katalon.core.webui.keyword.internal.WebUIAbstractKeyword.findWebElement(WebUIAbstractKeyword.groovy:26)
	at com.kms.katalon.core.webui.keyword.builtin.SetTextKeyword$_setText_closure1.doCall(SetTextKeyword.groovy:51)
	at com.kms.katalon.core.webui.keyword.builtin.SetTextKeyword$_setText_closure1.call(SetTextKeyword.groovy)
	at com.kms.katalon.core.webui.keyword.internal.WebUIKeywordMain.runKeyword(WebUIKeywordMain.groovy:20)
	... 19 more]]></system-err>
      </testcase>
      <testcase name="Test Cases/GoAML Report 1" time="49.726" classname="Test Cases/GoAML Report 1" status="FAILED">
         <failure type="FAILED" message="Test Cases/GoAML Report 1 FAILED.
Reason:
com.kms.katalon.core.exception.StepFailedException: Unable to set text 'anggi1' of object 'Object Repository/All/UserName'
	at com.kms.katalon.core.webui.keyword.internal.WebUIKeywordMain.stepFailed(WebUIKeywordMain.groovy:64)
	at com.kms.katalon.core.webui.keyword.internal.WebUIKeywordMain.runKeyword(WebUIKeywordMain.groovy:26)
	at com.kms.katalon.core.webui.keyword.builtin.SetTextKeyword.setText(SetTextKeyword.groovy:66)
	at com.kms.katalon.core.webui.keyword.builtin.SetTextKeyword.execute(SetTextKeyword.groovy:37)
	at com.kms.katalon.core.keyword.internal.KeywordExecutor.executeKeywordForPlatform(KeywordExecutor.groovy:72)
	at com.kms.katalon.core.webui.keyword.WebUiBuiltInKeywords.setText(WebUiBuiltInKeywords.groovy:950)
	at com.kms.katalon.core.webui.keyword.WebUiBuiltInKeywords$setText$1.call(Unknown Source)
	at GoAML Report 1.run(GoAML Report 1:25)
	at com.kms.katalon.core.main.ScriptEngine.run(ScriptEngine.java:194)
	at com.kms.katalon.core.main.ScriptEngine.runScriptAsRawText(ScriptEngine.java:119)
	at com.kms.katalon.core.main.TestCaseExecutor.runScript(TestCaseExecutor.java:337)
	at com.kms.katalon.core.main.TestCaseExecutor.doExecute(TestCaseExecutor.java:328)
	at com.kms.katalon.core.main.TestCaseExecutor.processExecutionPhase(TestCaseExecutor.java:307)
	at com.kms.katalon.core.main.TestCaseExecutor.accessMainPhase(TestCaseExecutor.java:299)
	at com.kms.katalon.core.main.TestCaseExecutor.execute(TestCaseExecutor.java:233)
	at com.kms.katalon.core.main.TestSuiteExecutor.accessTestCaseMainPhase(TestSuiteExecutor.java:169)
	at com.kms.katalon.core.main.TestSuiteExecutor.accessTestSuiteMainPhase(TestSuiteExecutor.java:142)
	at com.kms.katalon.core.main.TestSuiteExecutor.execute(TestSuiteExecutor.java:91)
	at com.kms.katalon.core.main.TestCaseMain.startTestSuite(TestCaseMain.java:157)
	at com.kms.katalon.core.main.TestCaseMain$startTestSuite$0.call(Unknown Source)
	at TempTestSuite1599020994386.run(TempTestSuite1599020994386.groovy:36)
Caused by: com.kms.katalon.core.webui.exception.WebElementNotFoundException: Web element with id: 'Object Repository/All/UserName' located by 'By.xpath: //*[@id=&quot;txtUsername&quot;]' not found
	at com.kms.katalon.core.webui.common.WebUiCommonHelper.findWebElement(WebUiCommonHelper.java:1154)
	at com.kms.katalon.core.webui.keyword.internal.WebUIAbstractKeyword.findWebElement(WebUIAbstractKeyword.groovy:27)
	at com.kms.katalon.core.webui.keyword.internal.WebUIAbstractKeyword.findWebElement(WebUIAbstractKeyword.groovy:26)
	at com.kms.katalon.core.webui.keyword.builtin.SetTextKeyword$_setText_closure1.doCall(SetTextKeyword.groovy:51)
	at com.kms.katalon.core.webui.keyword.builtin.SetTextKeyword$_setText_closure1.call(SetTextKeyword.groovy)
	at com.kms.katalon.core.webui.keyword.internal.WebUIKeywordMain.runKeyword(WebUIKeywordMain.groovy:20)
	... 19 more
"/>
         <system-out><![CDATA[2020-09-02 13:16:55 - [TEST_CASE][FAILED] - Test Cases/GoAML Report 1: Test Cases/GoAML Report 1 FAILED.
Reason:
com.kms.katalon.core.exception.StepFailedException: Unable to set text 'anggi1' of object 'Object Repository/All/UserName'
	at com.kms.katalon.core.webui.keyword.internal.WebUIKeywordMain.stepFailed(WebUIKeywordMain.groovy:64)
	at com.kms.katalon.core.webui.keyword.internal.WebUIKeywordMain.runKeyword(WebUIKeywordMain.groovy:26)
	at com.kms.katalon.core.webui.keyword.builtin.SetTextKeyword.setText(SetTextKeyword.groovy:66)
	at com.kms.katalon.core.webui.keyword.builtin.SetTextKeyword.execute(SetTextKeyword.groovy:37)
	at com.kms.katalon.core.keyword.internal.KeywordExecutor.executeKeywordForPlatform(KeywordExecutor.groovy:72)
	at com.kms.katalon.core.webui.keyword.WebUiBuiltInKeywords.setText(WebUiBuiltInKeywords.groovy:950)
	at com.kms.katalon.core.webui.keyword.WebUiBuiltInKeywords$setText$1.call(Unknown Source)
	at GoAML Report 1.run(GoAML Report 1:25)
	at com.kms.katalon.core.main.ScriptEngine.run(ScriptEngine.java:194)
	at com.kms.katalon.core.main.ScriptEngine.runScriptAsRawText(ScriptEngine.java:119)
	at com.kms.katalon.core.main.TestCaseExecutor.runScript(TestCaseExecutor.java:337)
	at com.kms.katalon.core.main.TestCaseExecutor.doExecute(TestCaseExecutor.java:328)
	at com.kms.katalon.core.main.TestCaseExecutor.processExecutionPhase(TestCaseExecutor.java:307)
	at com.kms.katalon.core.main.TestCaseExecutor.accessMainPhase(TestCaseExecutor.java:299)
	at com.kms.katalon.core.main.TestCaseExecutor.execute(TestCaseExecutor.java:233)
	at com.kms.katalon.core.main.TestSuiteExecutor.accessTestCaseMainPhase(TestSuiteExecutor.java:169)
	at com.kms.katalon.core.main.TestSuiteExecutor.accessTestSuiteMainPhase(TestSuiteExecutor.java:142)
	at com.kms.katalon.core.main.TestSuiteExecutor.execute(TestSuiteExecutor.java:91)
	at com.kms.katalon.core.main.TestCaseMain.startTestSuite(TestCaseMain.java:157)
	at com.kms.katalon.core.main.TestCaseMain$startTestSuite$0.call(Unknown Source)
	at TempTestSuite1599020994386.run(TempTestSuite1599020994386.groovy:36)
Caused by: com.kms.katalon.core.webui.exception.WebElementNotFoundException: Web element with id: 'Object Repository/All/UserName' located by 'By.xpath: //*[@id="txtUsername"]' not found
	at com.kms.katalon.core.webui.common.WebUiCommonHelper.findWebElement(WebUiCommonHelper.java:1154)
	at com.kms.katalon.core.webui.keyword.internal.WebUIAbstractKeyword.findWebElement(WebUIAbstractKeyword.groovy:27)
	at com.kms.katalon.core.webui.keyword.internal.WebUIAbstractKeyword.findWebElement(WebUIAbstractKeyword.groovy:26)
	at com.kms.katalon.core.webui.keyword.builtin.SetTextKeyword$_setText_closure1.doCall(SetTextKeyword.groovy:51)
	at com.kms.katalon.core.webui.keyword.builtin.SetTextKeyword$_setText_closure1.call(SetTextKeyword.groovy)
	at com.kms.katalon.core.webui.keyword.internal.WebUIKeywordMain.runKeyword(WebUIKeywordMain.groovy:20)
	... 19 more


2020-09-02 13:16:55 - [TEST_STEP][PASSED] - openBrowser("http://goaml.southeastasia.cloudapp.azure.com/goaml/Default.aspx"): Browser is opened with url: 'http://goaml.southeastasia.cloudapp.azure.com/goaml/Default.aspx'

2020-09-02 13:16:55 - [MESSAGE][WARNING] - A browser is already opened. Closing browser and opening a new one

2020-09-02 13:16:56 - [MESSAGE][INFO] - Starting 'Chrome' driver

2020-09-02 13:16:56 - [MESSAGE][INFO] - User set preference: ['property', '']

2020-09-02 13:17:19 - [MESSAGE][PASSED] - Browser is opened with url: 'http://goaml.southeastasia.cloudapp.azure.com/goaml/Default.aspx'

2020-09-02 13:17:19 - [TEST_STEP][PASSED] - maximizeWindow(): Current window maximized

2020-09-02 13:17:21 - [MESSAGE][PASSED] - Current window maximized

2020-09-02 13:17:21 - [TEST_STEP][FAILED] - setText(findTestObject("All/UserName"), "anggi1"): Unable to set text 'anggi1' of object 'Object Repository/All/UserName' (Root cause: com.kms.katalon.core.exception.StepFailedException: Unable to set text 'anggi1' of object 'Object Repository/All/UserName'
	at com.kms.katalon.core.webui.keyword.internal.WebUIKeywordMain.stepFailed(WebUIKeywordMain.groovy:64)
	at com.kms.katalon.core.webui.keyword.internal.WebUIKeywordMain.runKeyword(WebUIKeywordMain.groovy:26)
	at com.kms.katalon.core.webui.keyword.builtin.SetTextKeyword.setText(SetTextKeyword.groovy:66)
	at com.kms.katalon.core.webui.keyword.builtin.SetTextKeyword.execute(SetTextKeyword.groovy:37)
	at com.kms.katalon.core.keyword.internal.KeywordExecutor.executeKeywordForPlatform(KeywordExecutor.groovy:72)
	at com.kms.katalon.core.webui.keyword.WebUiBuiltInKeywords.setText(WebUiBuiltInKeywords.groovy:950)
	at com.kms.katalon.core.webui.keyword.WebUiBuiltInKeywords$setText$1.call(Unknown Source)
	at GoAML Report 1.run(GoAML Report 1:25)
	at com.kms.katalon.core.main.ScriptEngine.run(ScriptEngine.java:194)
	at com.kms.katalon.core.main.ScriptEngine.runScriptAsRawText(ScriptEngine.java:119)
	at com.kms.katalon.core.main.TestCaseExecutor.runScript(TestCaseExecutor.java:337)
	at com.kms.katalon.core.main.TestCaseExecutor.doExecute(TestCaseExecutor.java:328)
	at com.kms.katalon.core.main.TestCaseExecutor.processExecutionPhase(TestCaseExecutor.java:307)
	at com.kms.katalon.core.main.TestCaseExecutor.accessMainPhase(TestCaseExecutor.java:299)
	at com.kms.katalon.core.main.TestCaseExecutor.execute(TestCaseExecutor.java:233)
	at com.kms.katalon.core.main.TestSuiteExecutor.accessTestCaseMainPhase(TestSuiteExecutor.java:169)
	at com.kms.katalon.core.main.TestSuiteExecutor.accessTestSuiteMainPhase(TestSuiteExecutor.java:142)
	at com.kms.katalon.core.main.TestSuiteExecutor.execute(TestSuiteExecutor.java:91)
	at com.kms.katalon.core.main.TestCaseMain.startTestSuite(TestCaseMain.java:157)
	at com.kms.katalon.core.main.TestCaseMain$startTestSuite$0.call(Unknown Source)
	at TempTestSuite1599020994386.run(TempTestSuite1599020994386.groovy:36)
Caused by: com.kms.katalon.core.webui.exception.WebElementNotFoundException: Web element with id: 'Object Repository/All/UserName' located by 'By.xpath: //*[@id="txtUsername"]' not found
	at com.kms.katalon.core.webui.common.WebUiCommonHelper.findWebElement(WebUiCommonHelper.java:1154)
	at com.kms.katalon.core.webui.keyword.internal.WebUIAbstractKeyword.findWebElement(WebUIAbstractKeyword.groovy:27)
	at com.kms.katalon.core.webui.keyword.internal.WebUIAbstractKeyword.findWebElement(WebUIAbstractKeyword.groovy:26)
	at com.kms.katalon.core.webui.keyword.builtin.SetTextKeyword$_setText_closure1.doCall(SetTextKeyword.groovy:51)
	at com.kms.katalon.core.webui.keyword.builtin.SetTextKeyword$_setText_closure1.call(SetTextKeyword.groovy)
	at com.kms.katalon.core.webui.keyword.internal.WebUIKeywordMain.runKeyword(WebUIKeywordMain.groovy:20)
	at com.kms.katalon.core.webui.keyword.builtin.SetTextKeyword.setText(SetTextKeyword.groovy:66)
	at com.kms.katalon.core.webui.keyword.builtin.SetTextKeyword.execute(SetTextKeyword.groovy:37)
	at com.kms.katalon.core.keyword.internal.KeywordExecutor.executeKeywordForPlatform(KeywordExecutor.groovy:72)
	at com.kms.katalon.core.webui.keyword.WebUiBuiltInKeywords.setText(WebUiBuiltInKeywords.groovy:950)
	at com.kms.katalon.core.webui.keyword.WebUiBuiltInKeywords$setText$1.call(Unknown Source)
	at Script1590734929315.run(Script1590734929315.groovy:25)
	... 13 more
)

2020-09-02 13:17:42 - [MESSAGE][INFO] - Unable to find the element located by 'By.xpath: //*[@id="txtUsername"]'. Please recheck the objects properties to make sure the desired element is located. 

2020-09-02 13:17:42 - [MESSAGE][FAILED] - Unable to set text 'anggi1' of object 'Object Repository/All/UserName' (Root cause: com.kms.katalon.core.exception.StepFailedException: Unable to set text 'anggi1' of object 'Object Repository/All/UserName'
	at com.kms.katalon.core.webui.keyword.internal.WebUIKeywordMain.stepFailed(WebUIKeywordMain.groovy:64)
	at com.kms.katalon.core.webui.keyword.internal.WebUIKeywordMain.runKeyword(WebUIKeywordMain.groovy:26)
	at com.kms.katalon.core.webui.keyword.builtin.SetTextKeyword.setText(SetTextKeyword.groovy:66)
	at com.kms.katalon.core.webui.keyword.builtin.SetTextKeyword.execute(SetTextKeyword.groovy:37)
	at com.kms.katalon.core.keyword.internal.KeywordExecutor.executeKeywordForPlatform(KeywordExecutor.groovy:72)
	at com.kms.katalon.core.webui.keyword.WebUiBuiltInKeywords.setText(WebUiBuiltInKeywords.groovy:950)
	at com.kms.katalon.core.webui.keyword.WebUiBuiltInKeywords$setText$1.call(Unknown Source)
	at GoAML Report 1.run(GoAML Report 1:25)
	at com.kms.katalon.core.main.ScriptEngine.run(ScriptEngine.java:194)
	at com.kms.katalon.core.main.ScriptEngine.runScriptAsRawText(ScriptEngine.java:119)
	at com.kms.katalon.core.main.TestCaseExecutor.runScript(TestCaseExecutor.java:337)
	at com.kms.katalon.core.main.TestCaseExecutor.doExecute(TestCaseExecutor.java:328)
	at com.kms.katalon.core.main.TestCaseExecutor.processExecutionPhase(TestCaseExecutor.java:307)
	at com.kms.katalon.core.main.TestCaseExecutor.accessMainPhase(TestCaseExecutor.java:299)
	at com.kms.katalon.core.main.TestCaseExecutor.execute(TestCaseExecutor.java:233)
	at com.kms.katalon.core.main.TestSuiteExecutor.accessTestCaseMainPhase(TestSuiteExecutor.java:169)
	at com.kms.katalon.core.main.TestSuiteExecutor.accessTestSuiteMainPhase(TestSuiteExecutor.java:142)
	at com.kms.katalon.core.main.TestSuiteExecutor.execute(TestSuiteExecutor.java:91)
	at com.kms.katalon.core.main.TestCaseMain.startTestSuite(TestCaseMain.java:157)
	at com.kms.katalon.core.main.TestCaseMain$startTestSuite$0.call(Unknown Source)
	at TempTestSuite1599020994386.run(TempTestSuite1599020994386.groovy:36)
Caused by: com.kms.katalon.core.webui.exception.WebElementNotFoundException: Web element with id: 'Object Repository/All/UserName' located by 'By.xpath: //*[@id="txtUsername"]' not found
	at com.kms.katalon.core.webui.common.WebUiCommonHelper.findWebElement(WebUiCommonHelper.java:1154)
	at com.kms.katalon.core.webui.keyword.internal.WebUIAbstractKeyword.findWebElement(WebUIAbstractKeyword.groovy:27)
	at com.kms.katalon.core.webui.keyword.internal.WebUIAbstractKeyword.findWebElement(WebUIAbstractKeyword.groovy:26)
	at com.kms.katalon.core.webui.keyword.builtin.SetTextKeyword$_setText_closure1.doCall(SetTextKeyword.groovy:51)
	at com.kms.katalon.core.webui.keyword.builtin.SetTextKeyword$_setText_closure1.call(SetTextKeyword.groovy)
	at com.kms.katalon.core.webui.keyword.internal.WebUIKeywordMain.runKeyword(WebUIKeywordMain.groovy:20)
	at com.kms.katalon.core.webui.keyword.builtin.SetTextKeyword.setText(SetTextKeyword.groovy:66)
	at com.kms.katalon.core.webui.keyword.builtin.SetTextKeyword.execute(SetTextKeyword.groovy:37)
	at com.kms.katalon.core.keyword.internal.KeywordExecutor.executeKeywordForPlatform(KeywordExecutor.groovy:72)
	at com.kms.katalon.core.webui.keyword.WebUiBuiltInKeywords.setText(WebUiBuiltInKeywords.groovy:950)
	at com.kms.katalon.core.webui.keyword.WebUiBuiltInKeywords$setText$1.call(Unknown Source)
	at Script1590734929315.run(Script1590734929315.groovy:25)
	... 13 more
)
[[ATTACHMENT|D:\\poject\\goaml2\\Katalon\\GoAML\\Reports\\20200902_112954\\New Test Suite (1)\\20200902_112954\\1599027462542.png]]]]></system-out>
         <system-err><![CDATA[2020-09-02 13:16:55 - [TEST_CASE][FAILED] - Test Cases/GoAML Report 1: Test Cases/GoAML Report 1 FAILED.
Reason:
com.kms.katalon.core.exception.StepFailedException: Unable to set text 'anggi1' of object 'Object Repository/All/UserName'
	at com.kms.katalon.core.webui.keyword.internal.WebUIKeywordMain.stepFailed(WebUIKeywordMain.groovy:64)
	at com.kms.katalon.core.webui.keyword.internal.WebUIKeywordMain.runKeyword(WebUIKeywordMain.groovy:26)
	at com.kms.katalon.core.webui.keyword.builtin.SetTextKeyword.setText(SetTextKeyword.groovy:66)
	at com.kms.katalon.core.webui.keyword.builtin.SetTextKeyword.execute(SetTextKeyword.groovy:37)
	at com.kms.katalon.core.keyword.internal.KeywordExecutor.executeKeywordForPlatform(KeywordExecutor.groovy:72)
	at com.kms.katalon.core.webui.keyword.WebUiBuiltInKeywords.setText(WebUiBuiltInKeywords.groovy:950)
	at com.kms.katalon.core.webui.keyword.WebUiBuiltInKeywords$setText$1.call(Unknown Source)
	at GoAML Report 1.run(GoAML Report 1:25)
	at com.kms.katalon.core.main.ScriptEngine.run(ScriptEngine.java:194)
	at com.kms.katalon.core.main.ScriptEngine.runScriptAsRawText(ScriptEngine.java:119)
	at com.kms.katalon.core.main.TestCaseExecutor.runScript(TestCaseExecutor.java:337)
	at com.kms.katalon.core.main.TestCaseExecutor.doExecute(TestCaseExecutor.java:328)
	at com.kms.katalon.core.main.TestCaseExecutor.processExecutionPhase(TestCaseExecutor.java:307)
	at com.kms.katalon.core.main.TestCaseExecutor.accessMainPhase(TestCaseExecutor.java:299)
	at com.kms.katalon.core.main.TestCaseExecutor.execute(TestCaseExecutor.java:233)
	at com.kms.katalon.core.main.TestSuiteExecutor.accessTestCaseMainPhase(TestSuiteExecutor.java:169)
	at com.kms.katalon.core.main.TestSuiteExecutor.accessTestSuiteMainPhase(TestSuiteExecutor.java:142)
	at com.kms.katalon.core.main.TestSuiteExecutor.execute(TestSuiteExecutor.java:91)
	at com.kms.katalon.core.main.TestCaseMain.startTestSuite(TestCaseMain.java:157)
	at com.kms.katalon.core.main.TestCaseMain$startTestSuite$0.call(Unknown Source)
	at TempTestSuite1599020994386.run(TempTestSuite1599020994386.groovy:36)
Caused by: com.kms.katalon.core.webui.exception.WebElementNotFoundException: Web element with id: 'Object Repository/All/UserName' located by 'By.xpath: //*[@id="txtUsername"]' not found
	at com.kms.katalon.core.webui.common.WebUiCommonHelper.findWebElement(WebUiCommonHelper.java:1154)
	at com.kms.katalon.core.webui.keyword.internal.WebUIAbstractKeyword.findWebElement(WebUIAbstractKeyword.groovy:27)
	at com.kms.katalon.core.webui.keyword.internal.WebUIAbstractKeyword.findWebElement(WebUIAbstractKeyword.groovy:26)
	at com.kms.katalon.core.webui.keyword.builtin.SetTextKeyword$_setText_closure1.doCall(SetTextKeyword.groovy:51)
	at com.kms.katalon.core.webui.keyword.builtin.SetTextKeyword$_setText_closure1.call(SetTextKeyword.groovy)
	at com.kms.katalon.core.webui.keyword.internal.WebUIKeywordMain.runKeyword(WebUIKeywordMain.groovy:20)
	... 19 more]]></system-err>
      </testcase>
      <testcase name="Test Cases/GoAML Report 1" time="49.475" classname="Test Cases/GoAML Report 1" status="FAILED">
         <failure type="FAILED" message="Test Cases/GoAML Report 1 FAILED.
Reason:
com.kms.katalon.core.exception.StepFailedException: Unable to set text 'anggi1' of object 'Object Repository/All/UserName'
	at com.kms.katalon.core.webui.keyword.internal.WebUIKeywordMain.stepFailed(WebUIKeywordMain.groovy:64)
	at com.kms.katalon.core.webui.keyword.internal.WebUIKeywordMain.runKeyword(WebUIKeywordMain.groovy:26)
	at com.kms.katalon.core.webui.keyword.builtin.SetTextKeyword.setText(SetTextKeyword.groovy:66)
	at com.kms.katalon.core.webui.keyword.builtin.SetTextKeyword.execute(SetTextKeyword.groovy:37)
	at com.kms.katalon.core.keyword.internal.KeywordExecutor.executeKeywordForPlatform(KeywordExecutor.groovy:72)
	at com.kms.katalon.core.webui.keyword.WebUiBuiltInKeywords.setText(WebUiBuiltInKeywords.groovy:950)
	at com.kms.katalon.core.webui.keyword.WebUiBuiltInKeywords$setText$1.call(Unknown Source)
	at GoAML Report 1.run(GoAML Report 1:25)
	at com.kms.katalon.core.main.ScriptEngine.run(ScriptEngine.java:194)
	at com.kms.katalon.core.main.ScriptEngine.runScriptAsRawText(ScriptEngine.java:119)
	at com.kms.katalon.core.main.TestCaseExecutor.runScript(TestCaseExecutor.java:337)
	at com.kms.katalon.core.main.TestCaseExecutor.doExecute(TestCaseExecutor.java:328)
	at com.kms.katalon.core.main.TestCaseExecutor.processExecutionPhase(TestCaseExecutor.java:307)
	at com.kms.katalon.core.main.TestCaseExecutor.accessMainPhase(TestCaseExecutor.java:299)
	at com.kms.katalon.core.main.TestCaseExecutor.execute(TestCaseExecutor.java:233)
	at com.kms.katalon.core.main.TestSuiteExecutor.accessTestCaseMainPhase(TestSuiteExecutor.java:169)
	at com.kms.katalon.core.main.TestSuiteExecutor.accessTestSuiteMainPhase(TestSuiteExecutor.java:142)
	at com.kms.katalon.core.main.TestSuiteExecutor.execute(TestSuiteExecutor.java:91)
	at com.kms.katalon.core.main.TestCaseMain.startTestSuite(TestCaseMain.java:157)
	at com.kms.katalon.core.main.TestCaseMain$startTestSuite$0.call(Unknown Source)
	at TempTestSuite1599020994386.run(TempTestSuite1599020994386.groovy:36)
Caused by: com.kms.katalon.core.webui.exception.WebElementNotFoundException: Web element with id: 'Object Repository/All/UserName' located by 'By.xpath: //*[@id=&quot;txtUsername&quot;]' not found
	at com.kms.katalon.core.webui.common.WebUiCommonHelper.findWebElement(WebUiCommonHelper.java:1154)
	at com.kms.katalon.core.webui.keyword.internal.WebUIAbstractKeyword.findWebElement(WebUIAbstractKeyword.groovy:27)
	at com.kms.katalon.core.webui.keyword.internal.WebUIAbstractKeyword.findWebElement(WebUIAbstractKeyword.groovy:26)
	at com.kms.katalon.core.webui.keyword.builtin.SetTextKeyword$_setText_closure1.doCall(SetTextKeyword.groovy:51)
	at com.kms.katalon.core.webui.keyword.builtin.SetTextKeyword$_setText_closure1.call(SetTextKeyword.groovy)
	at com.kms.katalon.core.webui.keyword.internal.WebUIKeywordMain.runKeyword(WebUIKeywordMain.groovy:20)
	... 19 more
"/>
         <system-out><![CDATA[2020-09-02 13:17:44 - [TEST_CASE][FAILED] - Test Cases/GoAML Report 1: Test Cases/GoAML Report 1 FAILED.
Reason:
com.kms.katalon.core.exception.StepFailedException: Unable to set text 'anggi1' of object 'Object Repository/All/UserName'
	at com.kms.katalon.core.webui.keyword.internal.WebUIKeywordMain.stepFailed(WebUIKeywordMain.groovy:64)
	at com.kms.katalon.core.webui.keyword.internal.WebUIKeywordMain.runKeyword(WebUIKeywordMain.groovy:26)
	at com.kms.katalon.core.webui.keyword.builtin.SetTextKeyword.setText(SetTextKeyword.groovy:66)
	at com.kms.katalon.core.webui.keyword.builtin.SetTextKeyword.execute(SetTextKeyword.groovy:37)
	at com.kms.katalon.core.keyword.internal.KeywordExecutor.executeKeywordForPlatform(KeywordExecutor.groovy:72)
	at com.kms.katalon.core.webui.keyword.WebUiBuiltInKeywords.setText(WebUiBuiltInKeywords.groovy:950)
	at com.kms.katalon.core.webui.keyword.WebUiBuiltInKeywords$setText$1.call(Unknown Source)
	at GoAML Report 1.run(GoAML Report 1:25)
	at com.kms.katalon.core.main.ScriptEngine.run(ScriptEngine.java:194)
	at com.kms.katalon.core.main.ScriptEngine.runScriptAsRawText(ScriptEngine.java:119)
	at com.kms.katalon.core.main.TestCaseExecutor.runScript(TestCaseExecutor.java:337)
	at com.kms.katalon.core.main.TestCaseExecutor.doExecute(TestCaseExecutor.java:328)
	at com.kms.katalon.core.main.TestCaseExecutor.processExecutionPhase(TestCaseExecutor.java:307)
	at com.kms.katalon.core.main.TestCaseExecutor.accessMainPhase(TestCaseExecutor.java:299)
	at com.kms.katalon.core.main.TestCaseExecutor.execute(TestCaseExecutor.java:233)
	at com.kms.katalon.core.main.TestSuiteExecutor.accessTestCaseMainPhase(TestSuiteExecutor.java:169)
	at com.kms.katalon.core.main.TestSuiteExecutor.accessTestSuiteMainPhase(TestSuiteExecutor.java:142)
	at com.kms.katalon.core.main.TestSuiteExecutor.execute(TestSuiteExecutor.java:91)
	at com.kms.katalon.core.main.TestCaseMain.startTestSuite(TestCaseMain.java:157)
	at com.kms.katalon.core.main.TestCaseMain$startTestSuite$0.call(Unknown Source)
	at TempTestSuite1599020994386.run(TempTestSuite1599020994386.groovy:36)
Caused by: com.kms.katalon.core.webui.exception.WebElementNotFoundException: Web element with id: 'Object Repository/All/UserName' located by 'By.xpath: //*[@id="txtUsername"]' not found
	at com.kms.katalon.core.webui.common.WebUiCommonHelper.findWebElement(WebUiCommonHelper.java:1154)
	at com.kms.katalon.core.webui.keyword.internal.WebUIAbstractKeyword.findWebElement(WebUIAbstractKeyword.groovy:27)
	at com.kms.katalon.core.webui.keyword.internal.WebUIAbstractKeyword.findWebElement(WebUIAbstractKeyword.groovy:26)
	at com.kms.katalon.core.webui.keyword.builtin.SetTextKeyword$_setText_closure1.doCall(SetTextKeyword.groovy:51)
	at com.kms.katalon.core.webui.keyword.builtin.SetTextKeyword$_setText_closure1.call(SetTextKeyword.groovy)
	at com.kms.katalon.core.webui.keyword.internal.WebUIKeywordMain.runKeyword(WebUIKeywordMain.groovy:20)
	... 19 more


2020-09-02 13:17:44 - [TEST_STEP][PASSED] - openBrowser("http://goaml.southeastasia.cloudapp.azure.com/goaml/Default.aspx"): Browser is opened with url: 'http://goaml.southeastasia.cloudapp.azure.com/goaml/Default.aspx'

2020-09-02 13:17:44 - [MESSAGE][WARNING] - A browser is already opened. Closing browser and opening a new one

2020-09-02 13:17:45 - [MESSAGE][INFO] - Starting 'Chrome' driver

2020-09-02 13:17:45 - [MESSAGE][INFO] - User set preference: ['property', '']

2020-09-02 13:18:08 - [MESSAGE][PASSED] - Browser is opened with url: 'http://goaml.southeastasia.cloudapp.azure.com/goaml/Default.aspx'

2020-09-02 13:18:08 - [TEST_STEP][PASSED] - maximizeWindow(): Current window maximized

2020-09-02 13:18:11 - [MESSAGE][PASSED] - Current window maximized

2020-09-02 13:18:11 - [TEST_STEP][FAILED] - setText(findTestObject("All/UserName"), "anggi1"): Unable to set text 'anggi1' of object 'Object Repository/All/UserName' (Root cause: com.kms.katalon.core.exception.StepFailedException: Unable to set text 'anggi1' of object 'Object Repository/All/UserName'
	at com.kms.katalon.core.webui.keyword.internal.WebUIKeywordMain.stepFailed(WebUIKeywordMain.groovy:64)
	at com.kms.katalon.core.webui.keyword.internal.WebUIKeywordMain.runKeyword(WebUIKeywordMain.groovy:26)
	at com.kms.katalon.core.webui.keyword.builtin.SetTextKeyword.setText(SetTextKeyword.groovy:66)
	at com.kms.katalon.core.webui.keyword.builtin.SetTextKeyword.execute(SetTextKeyword.groovy:37)
	at com.kms.katalon.core.keyword.internal.KeywordExecutor.executeKeywordForPlatform(KeywordExecutor.groovy:72)
	at com.kms.katalon.core.webui.keyword.WebUiBuiltInKeywords.setText(WebUiBuiltInKeywords.groovy:950)
	at com.kms.katalon.core.webui.keyword.WebUiBuiltInKeywords$setText$1.call(Unknown Source)
	at GoAML Report 1.run(GoAML Report 1:25)
	at com.kms.katalon.core.main.ScriptEngine.run(ScriptEngine.java:194)
	at com.kms.katalon.core.main.ScriptEngine.runScriptAsRawText(ScriptEngine.java:119)
	at com.kms.katalon.core.main.TestCaseExecutor.runScript(TestCaseExecutor.java:337)
	at com.kms.katalon.core.main.TestCaseExecutor.doExecute(TestCaseExecutor.java:328)
	at com.kms.katalon.core.main.TestCaseExecutor.processExecutionPhase(TestCaseExecutor.java:307)
	at com.kms.katalon.core.main.TestCaseExecutor.accessMainPhase(TestCaseExecutor.java:299)
	at com.kms.katalon.core.main.TestCaseExecutor.execute(TestCaseExecutor.java:233)
	at com.kms.katalon.core.main.TestSuiteExecutor.accessTestCaseMainPhase(TestSuiteExecutor.java:169)
	at com.kms.katalon.core.main.TestSuiteExecutor.accessTestSuiteMainPhase(TestSuiteExecutor.java:142)
	at com.kms.katalon.core.main.TestSuiteExecutor.execute(TestSuiteExecutor.java:91)
	at com.kms.katalon.core.main.TestCaseMain.startTestSuite(TestCaseMain.java:157)
	at com.kms.katalon.core.main.TestCaseMain$startTestSuite$0.call(Unknown Source)
	at TempTestSuite1599020994386.run(TempTestSuite1599020994386.groovy:36)
Caused by: com.kms.katalon.core.webui.exception.WebElementNotFoundException: Web element with id: 'Object Repository/All/UserName' located by 'By.xpath: //*[@id="txtUsername"]' not found
	at com.kms.katalon.core.webui.common.WebUiCommonHelper.findWebElement(WebUiCommonHelper.java:1154)
	at com.kms.katalon.core.webui.keyword.internal.WebUIAbstractKeyword.findWebElement(WebUIAbstractKeyword.groovy:27)
	at com.kms.katalon.core.webui.keyword.internal.WebUIAbstractKeyword.findWebElement(WebUIAbstractKeyword.groovy:26)
	at com.kms.katalon.core.webui.keyword.builtin.SetTextKeyword$_setText_closure1.doCall(SetTextKeyword.groovy:51)
	at com.kms.katalon.core.webui.keyword.builtin.SetTextKeyword$_setText_closure1.call(SetTextKeyword.groovy)
	at com.kms.katalon.core.webui.keyword.internal.WebUIKeywordMain.runKeyword(WebUIKeywordMain.groovy:20)
	at com.kms.katalon.core.webui.keyword.builtin.SetTextKeyword.setText(SetTextKeyword.groovy:66)
	at com.kms.katalon.core.webui.keyword.builtin.SetTextKeyword.execute(SetTextKeyword.groovy:37)
	at com.kms.katalon.core.keyword.internal.KeywordExecutor.executeKeywordForPlatform(KeywordExecutor.groovy:72)
	at com.kms.katalon.core.webui.keyword.WebUiBuiltInKeywords.setText(WebUiBuiltInKeywords.groovy:950)
	at com.kms.katalon.core.webui.keyword.WebUiBuiltInKeywords$setText$1.call(Unknown Source)
	at Script1590734929315.run(Script1590734929315.groovy:25)
	... 13 more
)

2020-09-02 13:18:32 - [MESSAGE][INFO] - Unable to find the element located by 'By.xpath: //*[@id="txtUsername"]'. Please recheck the objects properties to make sure the desired element is located. 

2020-09-02 13:18:32 - [MESSAGE][FAILED] - Unable to set text 'anggi1' of object 'Object Repository/All/UserName' (Root cause: com.kms.katalon.core.exception.StepFailedException: Unable to set text 'anggi1' of object 'Object Repository/All/UserName'
	at com.kms.katalon.core.webui.keyword.internal.WebUIKeywordMain.stepFailed(WebUIKeywordMain.groovy:64)
	at com.kms.katalon.core.webui.keyword.internal.WebUIKeywordMain.runKeyword(WebUIKeywordMain.groovy:26)
	at com.kms.katalon.core.webui.keyword.builtin.SetTextKeyword.setText(SetTextKeyword.groovy:66)
	at com.kms.katalon.core.webui.keyword.builtin.SetTextKeyword.execute(SetTextKeyword.groovy:37)
	at com.kms.katalon.core.keyword.internal.KeywordExecutor.executeKeywordForPlatform(KeywordExecutor.groovy:72)
	at com.kms.katalon.core.webui.keyword.WebUiBuiltInKeywords.setText(WebUiBuiltInKeywords.groovy:950)
	at com.kms.katalon.core.webui.keyword.WebUiBuiltInKeywords$setText$1.call(Unknown Source)
	at GoAML Report 1.run(GoAML Report 1:25)
	at com.kms.katalon.core.main.ScriptEngine.run(ScriptEngine.java:194)
	at com.kms.katalon.core.main.ScriptEngine.runScriptAsRawText(ScriptEngine.java:119)
	at com.kms.katalon.core.main.TestCaseExecutor.runScript(TestCaseExecutor.java:337)
	at com.kms.katalon.core.main.TestCaseExecutor.doExecute(TestCaseExecutor.java:328)
	at com.kms.katalon.core.main.TestCaseExecutor.processExecutionPhase(TestCaseExecutor.java:307)
	at com.kms.katalon.core.main.TestCaseExecutor.accessMainPhase(TestCaseExecutor.java:299)
	at com.kms.katalon.core.main.TestCaseExecutor.execute(TestCaseExecutor.java:233)
	at com.kms.katalon.core.main.TestSuiteExecutor.accessTestCaseMainPhase(TestSuiteExecutor.java:169)
	at com.kms.katalon.core.main.TestSuiteExecutor.accessTestSuiteMainPhase(TestSuiteExecutor.java:142)
	at com.kms.katalon.core.main.TestSuiteExecutor.execute(TestSuiteExecutor.java:91)
	at com.kms.katalon.core.main.TestCaseMain.startTestSuite(TestCaseMain.java:157)
	at com.kms.katalon.core.main.TestCaseMain$startTestSuite$0.call(Unknown Source)
	at TempTestSuite1599020994386.run(TempTestSuite1599020994386.groovy:36)
Caused by: com.kms.katalon.core.webui.exception.WebElementNotFoundException: Web element with id: 'Object Repository/All/UserName' located by 'By.xpath: //*[@id="txtUsername"]' not found
	at com.kms.katalon.core.webui.common.WebUiCommonHelper.findWebElement(WebUiCommonHelper.java:1154)
	at com.kms.katalon.core.webui.keyword.internal.WebUIAbstractKeyword.findWebElement(WebUIAbstractKeyword.groovy:27)
	at com.kms.katalon.core.webui.keyword.internal.WebUIAbstractKeyword.findWebElement(WebUIAbstractKeyword.groovy:26)
	at com.kms.katalon.core.webui.keyword.builtin.SetTextKeyword$_setText_closure1.doCall(SetTextKeyword.groovy:51)
	at com.kms.katalon.core.webui.keyword.builtin.SetTextKeyword$_setText_closure1.call(SetTextKeyword.groovy)
	at com.kms.katalon.core.webui.keyword.internal.WebUIKeywordMain.runKeyword(WebUIKeywordMain.groovy:20)
	at com.kms.katalon.core.webui.keyword.builtin.SetTextKeyword.setText(SetTextKeyword.groovy:66)
	at com.kms.katalon.core.webui.keyword.builtin.SetTextKeyword.execute(SetTextKeyword.groovy:37)
	at com.kms.katalon.core.keyword.internal.KeywordExecutor.executeKeywordForPlatform(KeywordExecutor.groovy:72)
	at com.kms.katalon.core.webui.keyword.WebUiBuiltInKeywords.setText(WebUiBuiltInKeywords.groovy:950)
	at com.kms.katalon.core.webui.keyword.WebUiBuiltInKeywords$setText$1.call(Unknown Source)
	at Script1590734929315.run(Script1590734929315.groovy:25)
	... 13 more
)
[[ATTACHMENT|D:\\poject\\goaml2\\Katalon\\GoAML\\Reports\\20200902_112954\\New Test Suite (1)\\20200902_112954\\1599027512030.png]]]]></system-out>
         <system-err><![CDATA[2020-09-02 13:17:44 - [TEST_CASE][FAILED] - Test Cases/GoAML Report 1: Test Cases/GoAML Report 1 FAILED.
Reason:
com.kms.katalon.core.exception.StepFailedException: Unable to set text 'anggi1' of object 'Object Repository/All/UserName'
	at com.kms.katalon.core.webui.keyword.internal.WebUIKeywordMain.stepFailed(WebUIKeywordMain.groovy:64)
	at com.kms.katalon.core.webui.keyword.internal.WebUIKeywordMain.runKeyword(WebUIKeywordMain.groovy:26)
	at com.kms.katalon.core.webui.keyword.builtin.SetTextKeyword.setText(SetTextKeyword.groovy:66)
	at com.kms.katalon.core.webui.keyword.builtin.SetTextKeyword.execute(SetTextKeyword.groovy:37)
	at com.kms.katalon.core.keyword.internal.KeywordExecutor.executeKeywordForPlatform(KeywordExecutor.groovy:72)
	at com.kms.katalon.core.webui.keyword.WebUiBuiltInKeywords.setText(WebUiBuiltInKeywords.groovy:950)
	at com.kms.katalon.core.webui.keyword.WebUiBuiltInKeywords$setText$1.call(Unknown Source)
	at GoAML Report 1.run(GoAML Report 1:25)
	at com.kms.katalon.core.main.ScriptEngine.run(ScriptEngine.java:194)
	at com.kms.katalon.core.main.ScriptEngine.runScriptAsRawText(ScriptEngine.java:119)
	at com.kms.katalon.core.main.TestCaseExecutor.runScript(TestCaseExecutor.java:337)
	at com.kms.katalon.core.main.TestCaseExecutor.doExecute(TestCaseExecutor.java:328)
	at com.kms.katalon.core.main.TestCaseExecutor.processExecutionPhase(TestCaseExecutor.java:307)
	at com.kms.katalon.core.main.TestCaseExecutor.accessMainPhase(TestCaseExecutor.java:299)
	at com.kms.katalon.core.main.TestCaseExecutor.execute(TestCaseExecutor.java:233)
	at com.kms.katalon.core.main.TestSuiteExecutor.accessTestCaseMainPhase(TestSuiteExecutor.java:169)
	at com.kms.katalon.core.main.TestSuiteExecutor.accessTestSuiteMainPhase(TestSuiteExecutor.java:142)
	at com.kms.katalon.core.main.TestSuiteExecutor.execute(TestSuiteExecutor.java:91)
	at com.kms.katalon.core.main.TestCaseMain.startTestSuite(TestCaseMain.java:157)
	at com.kms.katalon.core.main.TestCaseMain$startTestSuite$0.call(Unknown Source)
	at TempTestSuite1599020994386.run(TempTestSuite1599020994386.groovy:36)
Caused by: com.kms.katalon.core.webui.exception.WebElementNotFoundException: Web element with id: 'Object Repository/All/UserName' located by 'By.xpath: //*[@id="txtUsername"]' not found
	at com.kms.katalon.core.webui.common.WebUiCommonHelper.findWebElement(WebUiCommonHelper.java:1154)
	at com.kms.katalon.core.webui.keyword.internal.WebUIAbstractKeyword.findWebElement(WebUIAbstractKeyword.groovy:27)
	at com.kms.katalon.core.webui.keyword.internal.WebUIAbstractKeyword.findWebElement(WebUIAbstractKeyword.groovy:26)
	at com.kms.katalon.core.webui.keyword.builtin.SetTextKeyword$_setText_closure1.doCall(SetTextKeyword.groovy:51)
	at com.kms.katalon.core.webui.keyword.builtin.SetTextKeyword$_setText_closure1.call(SetTextKeyword.groovy)
	at com.kms.katalon.core.webui.keyword.internal.WebUIKeywordMain.runKeyword(WebUIKeywordMain.groovy:20)
	... 19 more]]></system-err>
      </testcase>
      <testcase name="Test Cases/GoAML Report 1" time="49.065" classname="Test Cases/GoAML Report 1" status="FAILED">
         <failure type="FAILED" message="Test Cases/GoAML Report 1 FAILED.
Reason:
com.kms.katalon.core.exception.StepFailedException: Unable to set text 'anggi1' of object 'Object Repository/All/UserName'
	at com.kms.katalon.core.webui.keyword.internal.WebUIKeywordMain.stepFailed(WebUIKeywordMain.groovy:64)
	at com.kms.katalon.core.webui.keyword.internal.WebUIKeywordMain.runKeyword(WebUIKeywordMain.groovy:26)
	at com.kms.katalon.core.webui.keyword.builtin.SetTextKeyword.setText(SetTextKeyword.groovy:66)
	at com.kms.katalon.core.webui.keyword.builtin.SetTextKeyword.execute(SetTextKeyword.groovy:37)
	at com.kms.katalon.core.keyword.internal.KeywordExecutor.executeKeywordForPlatform(KeywordExecutor.groovy:72)
	at com.kms.katalon.core.webui.keyword.WebUiBuiltInKeywords.setText(WebUiBuiltInKeywords.groovy:950)
	at com.kms.katalon.core.webui.keyword.WebUiBuiltInKeywords$setText$1.call(Unknown Source)
	at GoAML Report 1.run(GoAML Report 1:25)
	at com.kms.katalon.core.main.ScriptEngine.run(ScriptEngine.java:194)
	at com.kms.katalon.core.main.ScriptEngine.runScriptAsRawText(ScriptEngine.java:119)
	at com.kms.katalon.core.main.TestCaseExecutor.runScript(TestCaseExecutor.java:337)
	at com.kms.katalon.core.main.TestCaseExecutor.doExecute(TestCaseExecutor.java:328)
	at com.kms.katalon.core.main.TestCaseExecutor.processExecutionPhase(TestCaseExecutor.java:307)
	at com.kms.katalon.core.main.TestCaseExecutor.accessMainPhase(TestCaseExecutor.java:299)
	at com.kms.katalon.core.main.TestCaseExecutor.execute(TestCaseExecutor.java:233)
	at com.kms.katalon.core.main.TestSuiteExecutor.accessTestCaseMainPhase(TestSuiteExecutor.java:169)
	at com.kms.katalon.core.main.TestSuiteExecutor.accessTestSuiteMainPhase(TestSuiteExecutor.java:142)
	at com.kms.katalon.core.main.TestSuiteExecutor.execute(TestSuiteExecutor.java:91)
	at com.kms.katalon.core.main.TestCaseMain.startTestSuite(TestCaseMain.java:157)
	at com.kms.katalon.core.main.TestCaseMain$startTestSuite$0.call(Unknown Source)
	at TempTestSuite1599020994386.run(TempTestSuite1599020994386.groovy:36)
Caused by: com.kms.katalon.core.webui.exception.WebElementNotFoundException: Web element with id: 'Object Repository/All/UserName' located by 'By.xpath: //*[@id=&quot;txtUsername&quot;]' not found
	at com.kms.katalon.core.webui.common.WebUiCommonHelper.findWebElement(WebUiCommonHelper.java:1154)
	at com.kms.katalon.core.webui.keyword.internal.WebUIAbstractKeyword.findWebElement(WebUIAbstractKeyword.groovy:27)
	at com.kms.katalon.core.webui.keyword.internal.WebUIAbstractKeyword.findWebElement(WebUIAbstractKeyword.groovy:26)
	at com.kms.katalon.core.webui.keyword.builtin.SetTextKeyword$_setText_closure1.doCall(SetTextKeyword.groovy:51)
	at com.kms.katalon.core.webui.keyword.builtin.SetTextKeyword$_setText_closure1.call(SetTextKeyword.groovy)
	at com.kms.katalon.core.webui.keyword.internal.WebUIKeywordMain.runKeyword(WebUIKeywordMain.groovy:20)
	... 19 more
"/>
         <system-out><![CDATA[2020-09-02 13:18:34 - [TEST_CASE][FAILED] - Test Cases/GoAML Report 1: Test Cases/GoAML Report 1 FAILED.
Reason:
com.kms.katalon.core.exception.StepFailedException: Unable to set text 'anggi1' of object 'Object Repository/All/UserName'
	at com.kms.katalon.core.webui.keyword.internal.WebUIKeywordMain.stepFailed(WebUIKeywordMain.groovy:64)
	at com.kms.katalon.core.webui.keyword.internal.WebUIKeywordMain.runKeyword(WebUIKeywordMain.groovy:26)
	at com.kms.katalon.core.webui.keyword.builtin.SetTextKeyword.setText(SetTextKeyword.groovy:66)
	at com.kms.katalon.core.webui.keyword.builtin.SetTextKeyword.execute(SetTextKeyword.groovy:37)
	at com.kms.katalon.core.keyword.internal.KeywordExecutor.executeKeywordForPlatform(KeywordExecutor.groovy:72)
	at com.kms.katalon.core.webui.keyword.WebUiBuiltInKeywords.setText(WebUiBuiltInKeywords.groovy:950)
	at com.kms.katalon.core.webui.keyword.WebUiBuiltInKeywords$setText$1.call(Unknown Source)
	at GoAML Report 1.run(GoAML Report 1:25)
	at com.kms.katalon.core.main.ScriptEngine.run(ScriptEngine.java:194)
	at com.kms.katalon.core.main.ScriptEngine.runScriptAsRawText(ScriptEngine.java:119)
	at com.kms.katalon.core.main.TestCaseExecutor.runScript(TestCaseExecutor.java:337)
	at com.kms.katalon.core.main.TestCaseExecutor.doExecute(TestCaseExecutor.java:328)
	at com.kms.katalon.core.main.TestCaseExecutor.processExecutionPhase(TestCaseExecutor.java:307)
	at com.kms.katalon.core.main.TestCaseExecutor.accessMainPhase(TestCaseExecutor.java:299)
	at com.kms.katalon.core.main.TestCaseExecutor.execute(TestCaseExecutor.java:233)
	at com.kms.katalon.core.main.TestSuiteExecutor.accessTestCaseMainPhase(TestSuiteExecutor.java:169)
	at com.kms.katalon.core.main.TestSuiteExecutor.accessTestSuiteMainPhase(TestSuiteExecutor.java:142)
	at com.kms.katalon.core.main.TestSuiteExecutor.execute(TestSuiteExecutor.java:91)
	at com.kms.katalon.core.main.TestCaseMain.startTestSuite(TestCaseMain.java:157)
	at com.kms.katalon.core.main.TestCaseMain$startTestSuite$0.call(Unknown Source)
	at TempTestSuite1599020994386.run(TempTestSuite1599020994386.groovy:36)
Caused by: com.kms.katalon.core.webui.exception.WebElementNotFoundException: Web element with id: 'Object Repository/All/UserName' located by 'By.xpath: //*[@id="txtUsername"]' not found
	at com.kms.katalon.core.webui.common.WebUiCommonHelper.findWebElement(WebUiCommonHelper.java:1154)
	at com.kms.katalon.core.webui.keyword.internal.WebUIAbstractKeyword.findWebElement(WebUIAbstractKeyword.groovy:27)
	at com.kms.katalon.core.webui.keyword.internal.WebUIAbstractKeyword.findWebElement(WebUIAbstractKeyword.groovy:26)
	at com.kms.katalon.core.webui.keyword.builtin.SetTextKeyword$_setText_closure1.doCall(SetTextKeyword.groovy:51)
	at com.kms.katalon.core.webui.keyword.builtin.SetTextKeyword$_setText_closure1.call(SetTextKeyword.groovy)
	at com.kms.katalon.core.webui.keyword.internal.WebUIKeywordMain.runKeyword(WebUIKeywordMain.groovy:20)
	... 19 more


2020-09-02 13:18:34 - [TEST_STEP][PASSED] - openBrowser("http://goaml.southeastasia.cloudapp.azure.com/goaml/Default.aspx"): Browser is opened with url: 'http://goaml.southeastasia.cloudapp.azure.com/goaml/Default.aspx'

2020-09-02 13:18:34 - [MESSAGE][WARNING] - A browser is already opened. Closing browser and opening a new one

2020-09-02 13:18:35 - [MESSAGE][INFO] - Starting 'Chrome' driver

2020-09-02 13:18:35 - [MESSAGE][INFO] - User set preference: ['property', '']

2020-09-02 13:18:58 - [MESSAGE][PASSED] - Browser is opened with url: 'http://goaml.southeastasia.cloudapp.azure.com/goaml/Default.aspx'

2020-09-02 13:18:58 - [TEST_STEP][PASSED] - maximizeWindow(): Current window maximized

2020-09-02 13:19:00 - [MESSAGE][PASSED] - Current window maximized

2020-09-02 13:19:00 - [TEST_STEP][FAILED] - setText(findTestObject("All/UserName"), "anggi1"): Unable to set text 'anggi1' of object 'Object Repository/All/UserName' (Root cause: com.kms.katalon.core.exception.StepFailedException: Unable to set text 'anggi1' of object 'Object Repository/All/UserName'
	at com.kms.katalon.core.webui.keyword.internal.WebUIKeywordMain.stepFailed(WebUIKeywordMain.groovy:64)
	at com.kms.katalon.core.webui.keyword.internal.WebUIKeywordMain.runKeyword(WebUIKeywordMain.groovy:26)
	at com.kms.katalon.core.webui.keyword.builtin.SetTextKeyword.setText(SetTextKeyword.groovy:66)
	at com.kms.katalon.core.webui.keyword.builtin.SetTextKeyword.execute(SetTextKeyword.groovy:37)
	at com.kms.katalon.core.keyword.internal.KeywordExecutor.executeKeywordForPlatform(KeywordExecutor.groovy:72)
	at com.kms.katalon.core.webui.keyword.WebUiBuiltInKeywords.setText(WebUiBuiltInKeywords.groovy:950)
	at com.kms.katalon.core.webui.keyword.WebUiBuiltInKeywords$setText$1.call(Unknown Source)
	at GoAML Report 1.run(GoAML Report 1:25)
	at com.kms.katalon.core.main.ScriptEngine.run(ScriptEngine.java:194)
	at com.kms.katalon.core.main.ScriptEngine.runScriptAsRawText(ScriptEngine.java:119)
	at com.kms.katalon.core.main.TestCaseExecutor.runScript(TestCaseExecutor.java:337)
	at com.kms.katalon.core.main.TestCaseExecutor.doExecute(TestCaseExecutor.java:328)
	at com.kms.katalon.core.main.TestCaseExecutor.processExecutionPhase(TestCaseExecutor.java:307)
	at com.kms.katalon.core.main.TestCaseExecutor.accessMainPhase(TestCaseExecutor.java:299)
	at com.kms.katalon.core.main.TestCaseExecutor.execute(TestCaseExecutor.java:233)
	at com.kms.katalon.core.main.TestSuiteExecutor.accessTestCaseMainPhase(TestSuiteExecutor.java:169)
	at com.kms.katalon.core.main.TestSuiteExecutor.accessTestSuiteMainPhase(TestSuiteExecutor.java:142)
	at com.kms.katalon.core.main.TestSuiteExecutor.execute(TestSuiteExecutor.java:91)
	at com.kms.katalon.core.main.TestCaseMain.startTestSuite(TestCaseMain.java:157)
	at com.kms.katalon.core.main.TestCaseMain$startTestSuite$0.call(Unknown Source)
	at TempTestSuite1599020994386.run(TempTestSuite1599020994386.groovy:36)
Caused by: com.kms.katalon.core.webui.exception.WebElementNotFoundException: Web element with id: 'Object Repository/All/UserName' located by 'By.xpath: //*[@id="txtUsername"]' not found
	at com.kms.katalon.core.webui.common.WebUiCommonHelper.findWebElement(WebUiCommonHelper.java:1154)
	at com.kms.katalon.core.webui.keyword.internal.WebUIAbstractKeyword.findWebElement(WebUIAbstractKeyword.groovy:27)
	at com.kms.katalon.core.webui.keyword.internal.WebUIAbstractKeyword.findWebElement(WebUIAbstractKeyword.groovy:26)
	at com.kms.katalon.core.webui.keyword.builtin.SetTextKeyword$_setText_closure1.doCall(SetTextKeyword.groovy:51)
	at com.kms.katalon.core.webui.keyword.builtin.SetTextKeyword$_setText_closure1.call(SetTextKeyword.groovy)
	at com.kms.katalon.core.webui.keyword.internal.WebUIKeywordMain.runKeyword(WebUIKeywordMain.groovy:20)
	at com.kms.katalon.core.webui.keyword.builtin.SetTextKeyword.setText(SetTextKeyword.groovy:66)
	at com.kms.katalon.core.webui.keyword.builtin.SetTextKeyword.execute(SetTextKeyword.groovy:37)
	at com.kms.katalon.core.keyword.internal.KeywordExecutor.executeKeywordForPlatform(KeywordExecutor.groovy:72)
	at com.kms.katalon.core.webui.keyword.WebUiBuiltInKeywords.setText(WebUiBuiltInKeywords.groovy:950)
	at com.kms.katalon.core.webui.keyword.WebUiBuiltInKeywords$setText$1.call(Unknown Source)
	at Script1590734929315.run(Script1590734929315.groovy:25)
	... 13 more
)

2020-09-02 13:19:21 - [MESSAGE][INFO] - Unable to find the element located by 'By.xpath: //*[@id="txtUsername"]'. Please recheck the objects properties to make sure the desired element is located. 

2020-09-02 13:19:21 - [MESSAGE][FAILED] - Unable to set text 'anggi1' of object 'Object Repository/All/UserName' (Root cause: com.kms.katalon.core.exception.StepFailedException: Unable to set text 'anggi1' of object 'Object Repository/All/UserName'
	at com.kms.katalon.core.webui.keyword.internal.WebUIKeywordMain.stepFailed(WebUIKeywordMain.groovy:64)
	at com.kms.katalon.core.webui.keyword.internal.WebUIKeywordMain.runKeyword(WebUIKeywordMain.groovy:26)
	at com.kms.katalon.core.webui.keyword.builtin.SetTextKeyword.setText(SetTextKeyword.groovy:66)
	at com.kms.katalon.core.webui.keyword.builtin.SetTextKeyword.execute(SetTextKeyword.groovy:37)
	at com.kms.katalon.core.keyword.internal.KeywordExecutor.executeKeywordForPlatform(KeywordExecutor.groovy:72)
	at com.kms.katalon.core.webui.keyword.WebUiBuiltInKeywords.setText(WebUiBuiltInKeywords.groovy:950)
	at com.kms.katalon.core.webui.keyword.WebUiBuiltInKeywords$setText$1.call(Unknown Source)
	at GoAML Report 1.run(GoAML Report 1:25)
	at com.kms.katalon.core.main.ScriptEngine.run(ScriptEngine.java:194)
	at com.kms.katalon.core.main.ScriptEngine.runScriptAsRawText(ScriptEngine.java:119)
	at com.kms.katalon.core.main.TestCaseExecutor.runScript(TestCaseExecutor.java:337)
	at com.kms.katalon.core.main.TestCaseExecutor.doExecute(TestCaseExecutor.java:328)
	at com.kms.katalon.core.main.TestCaseExecutor.processExecutionPhase(TestCaseExecutor.java:307)
	at com.kms.katalon.core.main.TestCaseExecutor.accessMainPhase(TestCaseExecutor.java:299)
	at com.kms.katalon.core.main.TestCaseExecutor.execute(TestCaseExecutor.java:233)
	at com.kms.katalon.core.main.TestSuiteExecutor.accessTestCaseMainPhase(TestSuiteExecutor.java:169)
	at com.kms.katalon.core.main.TestSuiteExecutor.accessTestSuiteMainPhase(TestSuiteExecutor.java:142)
	at com.kms.katalon.core.main.TestSuiteExecutor.execute(TestSuiteExecutor.java:91)
	at com.kms.katalon.core.main.TestCaseMain.startTestSuite(TestCaseMain.java:157)
	at com.kms.katalon.core.main.TestCaseMain$startTestSuite$0.call(Unknown Source)
	at TempTestSuite1599020994386.run(TempTestSuite1599020994386.groovy:36)
Caused by: com.kms.katalon.core.webui.exception.WebElementNotFoundException: Web element with id: 'Object Repository/All/UserName' located by 'By.xpath: //*[@id="txtUsername"]' not found
	at com.kms.katalon.core.webui.common.WebUiCommonHelper.findWebElement(WebUiCommonHelper.java:1154)
	at com.kms.katalon.core.webui.keyword.internal.WebUIAbstractKeyword.findWebElement(WebUIAbstractKeyword.groovy:27)
	at com.kms.katalon.core.webui.keyword.internal.WebUIAbstractKeyword.findWebElement(WebUIAbstractKeyword.groovy:26)
	at com.kms.katalon.core.webui.keyword.builtin.SetTextKeyword$_setText_closure1.doCall(SetTextKeyword.groovy:51)
	at com.kms.katalon.core.webui.keyword.builtin.SetTextKeyword$_setText_closure1.call(SetTextKeyword.groovy)
	at com.kms.katalon.core.webui.keyword.internal.WebUIKeywordMain.runKeyword(WebUIKeywordMain.groovy:20)
	at com.kms.katalon.core.webui.keyword.builtin.SetTextKeyword.setText(SetTextKeyword.groovy:66)
	at com.kms.katalon.core.webui.keyword.builtin.SetTextKeyword.execute(SetTextKeyword.groovy:37)
	at com.kms.katalon.core.keyword.internal.KeywordExecutor.executeKeywordForPlatform(KeywordExecutor.groovy:72)
	at com.kms.katalon.core.webui.keyword.WebUiBuiltInKeywords.setText(WebUiBuiltInKeywords.groovy:950)
	at com.kms.katalon.core.webui.keyword.WebUiBuiltInKeywords$setText$1.call(Unknown Source)
	at Script1590734929315.run(Script1590734929315.groovy:25)
	... 13 more
)
[[ATTACHMENT|D:\\poject\\goaml2\\Katalon\\GoAML\\Reports\\20200902_112954\\New Test Suite (1)\\20200902_112954\\1599027561093.png]]]]></system-out>
         <system-err><![CDATA[2020-09-02 13:18:34 - [TEST_CASE][FAILED] - Test Cases/GoAML Report 1: Test Cases/GoAML Report 1 FAILED.
Reason:
com.kms.katalon.core.exception.StepFailedException: Unable to set text 'anggi1' of object 'Object Repository/All/UserName'
	at com.kms.katalon.core.webui.keyword.internal.WebUIKeywordMain.stepFailed(WebUIKeywordMain.groovy:64)
	at com.kms.katalon.core.webui.keyword.internal.WebUIKeywordMain.runKeyword(WebUIKeywordMain.groovy:26)
	at com.kms.katalon.core.webui.keyword.builtin.SetTextKeyword.setText(SetTextKeyword.groovy:66)
	at com.kms.katalon.core.webui.keyword.builtin.SetTextKeyword.execute(SetTextKeyword.groovy:37)
	at com.kms.katalon.core.keyword.internal.KeywordExecutor.executeKeywordForPlatform(KeywordExecutor.groovy:72)
	at com.kms.katalon.core.webui.keyword.WebUiBuiltInKeywords.setText(WebUiBuiltInKeywords.groovy:950)
	at com.kms.katalon.core.webui.keyword.WebUiBuiltInKeywords$setText$1.call(Unknown Source)
	at GoAML Report 1.run(GoAML Report 1:25)
	at com.kms.katalon.core.main.ScriptEngine.run(ScriptEngine.java:194)
	at com.kms.katalon.core.main.ScriptEngine.runScriptAsRawText(ScriptEngine.java:119)
	at com.kms.katalon.core.main.TestCaseExecutor.runScript(TestCaseExecutor.java:337)
	at com.kms.katalon.core.main.TestCaseExecutor.doExecute(TestCaseExecutor.java:328)
	at com.kms.katalon.core.main.TestCaseExecutor.processExecutionPhase(TestCaseExecutor.java:307)
	at com.kms.katalon.core.main.TestCaseExecutor.accessMainPhase(TestCaseExecutor.java:299)
	at com.kms.katalon.core.main.TestCaseExecutor.execute(TestCaseExecutor.java:233)
	at com.kms.katalon.core.main.TestSuiteExecutor.accessTestCaseMainPhase(TestSuiteExecutor.java:169)
	at com.kms.katalon.core.main.TestSuiteExecutor.accessTestSuiteMainPhase(TestSuiteExecutor.java:142)
	at com.kms.katalon.core.main.TestSuiteExecutor.execute(TestSuiteExecutor.java:91)
	at com.kms.katalon.core.main.TestCaseMain.startTestSuite(TestCaseMain.java:157)
	at com.kms.katalon.core.main.TestCaseMain$startTestSuite$0.call(Unknown Source)
	at TempTestSuite1599020994386.run(TempTestSuite1599020994386.groovy:36)
Caused by: com.kms.katalon.core.webui.exception.WebElementNotFoundException: Web element with id: 'Object Repository/All/UserName' located by 'By.xpath: //*[@id="txtUsername"]' not found
	at com.kms.katalon.core.webui.common.WebUiCommonHelper.findWebElement(WebUiCommonHelper.java:1154)
	at com.kms.katalon.core.webui.keyword.internal.WebUIAbstractKeyword.findWebElement(WebUIAbstractKeyword.groovy:27)
	at com.kms.katalon.core.webui.keyword.internal.WebUIAbstractKeyword.findWebElement(WebUIAbstractKeyword.groovy:26)
	at com.kms.katalon.core.webui.keyword.builtin.SetTextKeyword$_setText_closure1.doCall(SetTextKeyword.groovy:51)
	at com.kms.katalon.core.webui.keyword.builtin.SetTextKeyword$_setText_closure1.call(SetTextKeyword.groovy)
	at com.kms.katalon.core.webui.keyword.internal.WebUIKeywordMain.runKeyword(WebUIKeywordMain.groovy:20)
	... 19 more]]></system-err>
      </testcase>
      <testcase name="Test Cases/GoAML Report 1" time="49.647" classname="Test Cases/GoAML Report 1" status="FAILED">
         <failure type="FAILED" message="Test Cases/GoAML Report 1 FAILED.
Reason:
com.kms.katalon.core.exception.StepFailedException: Unable to set text 'anggi1' of object 'Object Repository/All/UserName'
	at com.kms.katalon.core.webui.keyword.internal.WebUIKeywordMain.stepFailed(WebUIKeywordMain.groovy:64)
	at com.kms.katalon.core.webui.keyword.internal.WebUIKeywordMain.runKeyword(WebUIKeywordMain.groovy:26)
	at com.kms.katalon.core.webui.keyword.builtin.SetTextKeyword.setText(SetTextKeyword.groovy:66)
	at com.kms.katalon.core.webui.keyword.builtin.SetTextKeyword.execute(SetTextKeyword.groovy:37)
	at com.kms.katalon.core.keyword.internal.KeywordExecutor.executeKeywordForPlatform(KeywordExecutor.groovy:72)
	at com.kms.katalon.core.webui.keyword.WebUiBuiltInKeywords.setText(WebUiBuiltInKeywords.groovy:950)
	at com.kms.katalon.core.webui.keyword.WebUiBuiltInKeywords$setText$1.call(Unknown Source)
	at GoAML Report 1.run(GoAML Report 1:25)
	at com.kms.katalon.core.main.ScriptEngine.run(ScriptEngine.java:194)
	at com.kms.katalon.core.main.ScriptEngine.runScriptAsRawText(ScriptEngine.java:119)
	at com.kms.katalon.core.main.TestCaseExecutor.runScript(TestCaseExecutor.java:337)
	at com.kms.katalon.core.main.TestCaseExecutor.doExecute(TestCaseExecutor.java:328)
	at com.kms.katalon.core.main.TestCaseExecutor.processExecutionPhase(TestCaseExecutor.java:307)
	at com.kms.katalon.core.main.TestCaseExecutor.accessMainPhase(TestCaseExecutor.java:299)
	at com.kms.katalon.core.main.TestCaseExecutor.execute(TestCaseExecutor.java:233)
	at com.kms.katalon.core.main.TestSuiteExecutor.accessTestCaseMainPhase(TestSuiteExecutor.java:169)
	at com.kms.katalon.core.main.TestSuiteExecutor.accessTestSuiteMainPhase(TestSuiteExecutor.java:142)
	at com.kms.katalon.core.main.TestSuiteExecutor.execute(TestSuiteExecutor.java:91)
	at com.kms.katalon.core.main.TestCaseMain.startTestSuite(TestCaseMain.java:157)
	at com.kms.katalon.core.main.TestCaseMain$startTestSuite$0.call(Unknown Source)
	at TempTestSuite1599020994386.run(TempTestSuite1599020994386.groovy:36)
Caused by: com.kms.katalon.core.webui.exception.WebElementNotFoundException: Web element with id: 'Object Repository/All/UserName' located by 'By.xpath: //*[@id=&quot;txtUsername&quot;]' not found
	at com.kms.katalon.core.webui.common.WebUiCommonHelper.findWebElement(WebUiCommonHelper.java:1154)
	at com.kms.katalon.core.webui.keyword.internal.WebUIAbstractKeyword.findWebElement(WebUIAbstractKeyword.groovy:27)
	at com.kms.katalon.core.webui.keyword.internal.WebUIAbstractKeyword.findWebElement(WebUIAbstractKeyword.groovy:26)
	at com.kms.katalon.core.webui.keyword.builtin.SetTextKeyword$_setText_closure1.doCall(SetTextKeyword.groovy:51)
	at com.kms.katalon.core.webui.keyword.builtin.SetTextKeyword$_setText_closure1.call(SetTextKeyword.groovy)
	at com.kms.katalon.core.webui.keyword.internal.WebUIKeywordMain.runKeyword(WebUIKeywordMain.groovy:20)
	... 19 more
"/>
         <system-out><![CDATA[2020-09-02 13:19:23 - [TEST_CASE][FAILED] - Test Cases/GoAML Report 1: Test Cases/GoAML Report 1 FAILED.
Reason:
com.kms.katalon.core.exception.StepFailedException: Unable to set text 'anggi1' of object 'Object Repository/All/UserName'
	at com.kms.katalon.core.webui.keyword.internal.WebUIKeywordMain.stepFailed(WebUIKeywordMain.groovy:64)
	at com.kms.katalon.core.webui.keyword.internal.WebUIKeywordMain.runKeyword(WebUIKeywordMain.groovy:26)
	at com.kms.katalon.core.webui.keyword.builtin.SetTextKeyword.setText(SetTextKeyword.groovy:66)
	at com.kms.katalon.core.webui.keyword.builtin.SetTextKeyword.execute(SetTextKeyword.groovy:37)
	at com.kms.katalon.core.keyword.internal.KeywordExecutor.executeKeywordForPlatform(KeywordExecutor.groovy:72)
	at com.kms.katalon.core.webui.keyword.WebUiBuiltInKeywords.setText(WebUiBuiltInKeywords.groovy:950)
	at com.kms.katalon.core.webui.keyword.WebUiBuiltInKeywords$setText$1.call(Unknown Source)
	at GoAML Report 1.run(GoAML Report 1:25)
	at com.kms.katalon.core.main.ScriptEngine.run(ScriptEngine.java:194)
	at com.kms.katalon.core.main.ScriptEngine.runScriptAsRawText(ScriptEngine.java:119)
	at com.kms.katalon.core.main.TestCaseExecutor.runScript(TestCaseExecutor.java:337)
	at com.kms.katalon.core.main.TestCaseExecutor.doExecute(TestCaseExecutor.java:328)
	at com.kms.katalon.core.main.TestCaseExecutor.processExecutionPhase(TestCaseExecutor.java:307)
	at com.kms.katalon.core.main.TestCaseExecutor.accessMainPhase(TestCaseExecutor.java:299)
	at com.kms.katalon.core.main.TestCaseExecutor.execute(TestCaseExecutor.java:233)
	at com.kms.katalon.core.main.TestSuiteExecutor.accessTestCaseMainPhase(TestSuiteExecutor.java:169)
	at com.kms.katalon.core.main.TestSuiteExecutor.accessTestSuiteMainPhase(TestSuiteExecutor.java:142)
	at com.kms.katalon.core.main.TestSuiteExecutor.execute(TestSuiteExecutor.java:91)
	at com.kms.katalon.core.main.TestCaseMain.startTestSuite(TestCaseMain.java:157)
	at com.kms.katalon.core.main.TestCaseMain$startTestSuite$0.call(Unknown Source)
	at TempTestSuite1599020994386.run(TempTestSuite1599020994386.groovy:36)
Caused by: com.kms.katalon.core.webui.exception.WebElementNotFoundException: Web element with id: 'Object Repository/All/UserName' located by 'By.xpath: //*[@id="txtUsername"]' not found
	at com.kms.katalon.core.webui.common.WebUiCommonHelper.findWebElement(WebUiCommonHelper.java:1154)
	at com.kms.katalon.core.webui.keyword.internal.WebUIAbstractKeyword.findWebElement(WebUIAbstractKeyword.groovy:27)
	at com.kms.katalon.core.webui.keyword.internal.WebUIAbstractKeyword.findWebElement(WebUIAbstractKeyword.groovy:26)
	at com.kms.katalon.core.webui.keyword.builtin.SetTextKeyword$_setText_closure1.doCall(SetTextKeyword.groovy:51)
	at com.kms.katalon.core.webui.keyword.builtin.SetTextKeyword$_setText_closure1.call(SetTextKeyword.groovy)
	at com.kms.katalon.core.webui.keyword.internal.WebUIKeywordMain.runKeyword(WebUIKeywordMain.groovy:20)
	... 19 more


2020-09-02 13:19:23 - [TEST_STEP][PASSED] - openBrowser("http://goaml.southeastasia.cloudapp.azure.com/goaml/Default.aspx"): Browser is opened with url: 'http://goaml.southeastasia.cloudapp.azure.com/goaml/Default.aspx'

2020-09-02 13:19:23 - [MESSAGE][WARNING] - A browser is already opened. Closing browser and opening a new one

2020-09-02 13:19:24 - [MESSAGE][INFO] - Starting 'Chrome' driver

2020-09-02 13:19:24 - [MESSAGE][INFO] - User set preference: ['property', '']

2020-09-02 13:19:47 - [MESSAGE][PASSED] - Browser is opened with url: 'http://goaml.southeastasia.cloudapp.azure.com/goaml/Default.aspx'

2020-09-02 13:19:47 - [TEST_STEP][PASSED] - maximizeWindow(): Current window maximized

2020-09-02 13:19:49 - [MESSAGE][PASSED] - Current window maximized

2020-09-02 13:19:49 - [TEST_STEP][FAILED] - setText(findTestObject("All/UserName"), "anggi1"): Unable to set text 'anggi1' of object 'Object Repository/All/UserName' (Root cause: com.kms.katalon.core.exception.StepFailedException: Unable to set text 'anggi1' of object 'Object Repository/All/UserName'
	at com.kms.katalon.core.webui.keyword.internal.WebUIKeywordMain.stepFailed(WebUIKeywordMain.groovy:64)
	at com.kms.katalon.core.webui.keyword.internal.WebUIKeywordMain.runKeyword(WebUIKeywordMain.groovy:26)
	at com.kms.katalon.core.webui.keyword.builtin.SetTextKeyword.setText(SetTextKeyword.groovy:66)
	at com.kms.katalon.core.webui.keyword.builtin.SetTextKeyword.execute(SetTextKeyword.groovy:37)
	at com.kms.katalon.core.keyword.internal.KeywordExecutor.executeKeywordForPlatform(KeywordExecutor.groovy:72)
	at com.kms.katalon.core.webui.keyword.WebUiBuiltInKeywords.setText(WebUiBuiltInKeywords.groovy:950)
	at com.kms.katalon.core.webui.keyword.WebUiBuiltInKeywords$setText$1.call(Unknown Source)
	at GoAML Report 1.run(GoAML Report 1:25)
	at com.kms.katalon.core.main.ScriptEngine.run(ScriptEngine.java:194)
	at com.kms.katalon.core.main.ScriptEngine.runScriptAsRawText(ScriptEngine.java:119)
	at com.kms.katalon.core.main.TestCaseExecutor.runScript(TestCaseExecutor.java:337)
	at com.kms.katalon.core.main.TestCaseExecutor.doExecute(TestCaseExecutor.java:328)
	at com.kms.katalon.core.main.TestCaseExecutor.processExecutionPhase(TestCaseExecutor.java:307)
	at com.kms.katalon.core.main.TestCaseExecutor.accessMainPhase(TestCaseExecutor.java:299)
	at com.kms.katalon.core.main.TestCaseExecutor.execute(TestCaseExecutor.java:233)
	at com.kms.katalon.core.main.TestSuiteExecutor.accessTestCaseMainPhase(TestSuiteExecutor.java:169)
	at com.kms.katalon.core.main.TestSuiteExecutor.accessTestSuiteMainPhase(TestSuiteExecutor.java:142)
	at com.kms.katalon.core.main.TestSuiteExecutor.execute(TestSuiteExecutor.java:91)
	at com.kms.katalon.core.main.TestCaseMain.startTestSuite(TestCaseMain.java:157)
	at com.kms.katalon.core.main.TestCaseMain$startTestSuite$0.call(Unknown Source)
	at TempTestSuite1599020994386.run(TempTestSuite1599020994386.groovy:36)
Caused by: com.kms.katalon.core.webui.exception.WebElementNotFoundException: Web element with id: 'Object Repository/All/UserName' located by 'By.xpath: //*[@id="txtUsername"]' not found
	at com.kms.katalon.core.webui.common.WebUiCommonHelper.findWebElement(WebUiCommonHelper.java:1154)
	at com.kms.katalon.core.webui.keyword.internal.WebUIAbstractKeyword.findWebElement(WebUIAbstractKeyword.groovy:27)
	at com.kms.katalon.core.webui.keyword.internal.WebUIAbstractKeyword.findWebElement(WebUIAbstractKeyword.groovy:26)
	at com.kms.katalon.core.webui.keyword.builtin.SetTextKeyword$_setText_closure1.doCall(SetTextKeyword.groovy:51)
	at com.kms.katalon.core.webui.keyword.builtin.SetTextKeyword$_setText_closure1.call(SetTextKeyword.groovy)
	at com.kms.katalon.core.webui.keyword.internal.WebUIKeywordMain.runKeyword(WebUIKeywordMain.groovy:20)
	at com.kms.katalon.core.webui.keyword.builtin.SetTextKeyword.setText(SetTextKeyword.groovy:66)
	at com.kms.katalon.core.webui.keyword.builtin.SetTextKeyword.execute(SetTextKeyword.groovy:37)
	at com.kms.katalon.core.keyword.internal.KeywordExecutor.executeKeywordForPlatform(KeywordExecutor.groovy:72)
	at com.kms.katalon.core.webui.keyword.WebUiBuiltInKeywords.setText(WebUiBuiltInKeywords.groovy:950)
	at com.kms.katalon.core.webui.keyword.WebUiBuiltInKeywords$setText$1.call(Unknown Source)
	at Script1590734929315.run(Script1590734929315.groovy:25)
	... 13 more
)

2020-09-02 13:20:10 - [MESSAGE][INFO] - Unable to find the element located by 'By.xpath: //*[@id="txtUsername"]'. Please recheck the objects properties to make sure the desired element is located. 

2020-09-02 13:20:11 - [MESSAGE][FAILED] - Unable to set text 'anggi1' of object 'Object Repository/All/UserName' (Root cause: com.kms.katalon.core.exception.StepFailedException: Unable to set text 'anggi1' of object 'Object Repository/All/UserName'
	at com.kms.katalon.core.webui.keyword.internal.WebUIKeywordMain.stepFailed(WebUIKeywordMain.groovy:64)
	at com.kms.katalon.core.webui.keyword.internal.WebUIKeywordMain.runKeyword(WebUIKeywordMain.groovy:26)
	at com.kms.katalon.core.webui.keyword.builtin.SetTextKeyword.setText(SetTextKeyword.groovy:66)
	at com.kms.katalon.core.webui.keyword.builtin.SetTextKeyword.execute(SetTextKeyword.groovy:37)
	at com.kms.katalon.core.keyword.internal.KeywordExecutor.executeKeywordForPlatform(KeywordExecutor.groovy:72)
	at com.kms.katalon.core.webui.keyword.WebUiBuiltInKeywords.setText(WebUiBuiltInKeywords.groovy:950)
	at com.kms.katalon.core.webui.keyword.WebUiBuiltInKeywords$setText$1.call(Unknown Source)
	at GoAML Report 1.run(GoAML Report 1:25)
	at com.kms.katalon.core.main.ScriptEngine.run(ScriptEngine.java:194)
	at com.kms.katalon.core.main.ScriptEngine.runScriptAsRawText(ScriptEngine.java:119)
	at com.kms.katalon.core.main.TestCaseExecutor.runScript(TestCaseExecutor.java:337)
	at com.kms.katalon.core.main.TestCaseExecutor.doExecute(TestCaseExecutor.java:328)
	at com.kms.katalon.core.main.TestCaseExecutor.processExecutionPhase(TestCaseExecutor.java:307)
	at com.kms.katalon.core.main.TestCaseExecutor.accessMainPhase(TestCaseExecutor.java:299)
	at com.kms.katalon.core.main.TestCaseExecutor.execute(TestCaseExecutor.java:233)
	at com.kms.katalon.core.main.TestSuiteExecutor.accessTestCaseMainPhase(TestSuiteExecutor.java:169)
	at com.kms.katalon.core.main.TestSuiteExecutor.accessTestSuiteMainPhase(TestSuiteExecutor.java:142)
	at com.kms.katalon.core.main.TestSuiteExecutor.execute(TestSuiteExecutor.java:91)
	at com.kms.katalon.core.main.TestCaseMain.startTestSuite(TestCaseMain.java:157)
	at com.kms.katalon.core.main.TestCaseMain$startTestSuite$0.call(Unknown Source)
	at TempTestSuite1599020994386.run(TempTestSuite1599020994386.groovy:36)
Caused by: com.kms.katalon.core.webui.exception.WebElementNotFoundException: Web element with id: 'Object Repository/All/UserName' located by 'By.xpath: //*[@id="txtUsername"]' not found
	at com.kms.katalon.core.webui.common.WebUiCommonHelper.findWebElement(WebUiCommonHelper.java:1154)
	at com.kms.katalon.core.webui.keyword.internal.WebUIAbstractKeyword.findWebElement(WebUIAbstractKeyword.groovy:27)
	at com.kms.katalon.core.webui.keyword.internal.WebUIAbstractKeyword.findWebElement(WebUIAbstractKeyword.groovy:26)
	at com.kms.katalon.core.webui.keyword.builtin.SetTextKeyword$_setText_closure1.doCall(SetTextKeyword.groovy:51)
	at com.kms.katalon.core.webui.keyword.builtin.SetTextKeyword$_setText_closure1.call(SetTextKeyword.groovy)
	at com.kms.katalon.core.webui.keyword.internal.WebUIKeywordMain.runKeyword(WebUIKeywordMain.groovy:20)
	at com.kms.katalon.core.webui.keyword.builtin.SetTextKeyword.setText(SetTextKeyword.groovy:66)
	at com.kms.katalon.core.webui.keyword.builtin.SetTextKeyword.execute(SetTextKeyword.groovy:37)
	at com.kms.katalon.core.keyword.internal.KeywordExecutor.executeKeywordForPlatform(KeywordExecutor.groovy:72)
	at com.kms.katalon.core.webui.keyword.WebUiBuiltInKeywords.setText(WebUiBuiltInKeywords.groovy:950)
	at com.kms.katalon.core.webui.keyword.WebUiBuiltInKeywords$setText$1.call(Unknown Source)
	at Script1590734929315.run(Script1590734929315.groovy:25)
	... 13 more
)
[[ATTACHMENT|D:\\poject\\goaml2\\Katalon\\GoAML\\Reports\\20200902_112954\\New Test Suite (1)\\20200902_112954\\1599027610672.png]]]]></system-out>
         <system-err><![CDATA[2020-09-02 13:19:23 - [TEST_CASE][FAILED] - Test Cases/GoAML Report 1: Test Cases/GoAML Report 1 FAILED.
Reason:
com.kms.katalon.core.exception.StepFailedException: Unable to set text 'anggi1' of object 'Object Repository/All/UserName'
	at com.kms.katalon.core.webui.keyword.internal.WebUIKeywordMain.stepFailed(WebUIKeywordMain.groovy:64)
	at com.kms.katalon.core.webui.keyword.internal.WebUIKeywordMain.runKeyword(WebUIKeywordMain.groovy:26)
	at com.kms.katalon.core.webui.keyword.builtin.SetTextKeyword.setText(SetTextKeyword.groovy:66)
	at com.kms.katalon.core.webui.keyword.builtin.SetTextKeyword.execute(SetTextKeyword.groovy:37)
	at com.kms.katalon.core.keyword.internal.KeywordExecutor.executeKeywordForPlatform(KeywordExecutor.groovy:72)
	at com.kms.katalon.core.webui.keyword.WebUiBuiltInKeywords.setText(WebUiBuiltInKeywords.groovy:950)
	at com.kms.katalon.core.webui.keyword.WebUiBuiltInKeywords$setText$1.call(Unknown Source)
	at GoAML Report 1.run(GoAML Report 1:25)
	at com.kms.katalon.core.main.ScriptEngine.run(ScriptEngine.java:194)
	at com.kms.katalon.core.main.ScriptEngine.runScriptAsRawText(ScriptEngine.java:119)
	at com.kms.katalon.core.main.TestCaseExecutor.runScript(TestCaseExecutor.java:337)
	at com.kms.katalon.core.main.TestCaseExecutor.doExecute(TestCaseExecutor.java:328)
	at com.kms.katalon.core.main.TestCaseExecutor.processExecutionPhase(TestCaseExecutor.java:307)
	at com.kms.katalon.core.main.TestCaseExecutor.accessMainPhase(TestCaseExecutor.java:299)
	at com.kms.katalon.core.main.TestCaseExecutor.execute(TestCaseExecutor.java:233)
	at com.kms.katalon.core.main.TestSuiteExecutor.accessTestCaseMainPhase(TestSuiteExecutor.java:169)
	at com.kms.katalon.core.main.TestSuiteExecutor.accessTestSuiteMainPhase(TestSuiteExecutor.java:142)
	at com.kms.katalon.core.main.TestSuiteExecutor.execute(TestSuiteExecutor.java:91)
	at com.kms.katalon.core.main.TestCaseMain.startTestSuite(TestCaseMain.java:157)
	at com.kms.katalon.core.main.TestCaseMain$startTestSuite$0.call(Unknown Source)
	at TempTestSuite1599020994386.run(TempTestSuite1599020994386.groovy:36)
Caused by: com.kms.katalon.core.webui.exception.WebElementNotFoundException: Web element with id: 'Object Repository/All/UserName' located by 'By.xpath: //*[@id="txtUsername"]' not found
	at com.kms.katalon.core.webui.common.WebUiCommonHelper.findWebElement(WebUiCommonHelper.java:1154)
	at com.kms.katalon.core.webui.keyword.internal.WebUIAbstractKeyword.findWebElement(WebUIAbstractKeyword.groovy:27)
	at com.kms.katalon.core.webui.keyword.internal.WebUIAbstractKeyword.findWebElement(WebUIAbstractKeyword.groovy:26)
	at com.kms.katalon.core.webui.keyword.builtin.SetTextKeyword$_setText_closure1.doCall(SetTextKeyword.groovy:51)
	at com.kms.katalon.core.webui.keyword.builtin.SetTextKeyword$_setText_closure1.call(SetTextKeyword.groovy)
	at com.kms.katalon.core.webui.keyword.internal.WebUIKeywordMain.runKeyword(WebUIKeywordMain.groovy:20)
	... 19 more]]></system-err>
      </testcase>
      <testcase name="Test Cases/GoAML Report 1" time="49.519" classname="Test Cases/GoAML Report 1" status="FAILED">
         <failure type="FAILED" message="Test Cases/GoAML Report 1 FAILED.
Reason:
com.kms.katalon.core.exception.StepFailedException: Unable to set text 'anggi1' of object 'Object Repository/All/UserName'
	at com.kms.katalon.core.webui.keyword.internal.WebUIKeywordMain.stepFailed(WebUIKeywordMain.groovy:64)
	at com.kms.katalon.core.webui.keyword.internal.WebUIKeywordMain.runKeyword(WebUIKeywordMain.groovy:26)
	at com.kms.katalon.core.webui.keyword.builtin.SetTextKeyword.setText(SetTextKeyword.groovy:66)
	at com.kms.katalon.core.webui.keyword.builtin.SetTextKeyword.execute(SetTextKeyword.groovy:37)
	at com.kms.katalon.core.keyword.internal.KeywordExecutor.executeKeywordForPlatform(KeywordExecutor.groovy:72)
	at com.kms.katalon.core.webui.keyword.WebUiBuiltInKeywords.setText(WebUiBuiltInKeywords.groovy:950)
	at com.kms.katalon.core.webui.keyword.WebUiBuiltInKeywords$setText$1.call(Unknown Source)
	at GoAML Report 1.run(GoAML Report 1:25)
	at com.kms.katalon.core.main.ScriptEngine.run(ScriptEngine.java:194)
	at com.kms.katalon.core.main.ScriptEngine.runScriptAsRawText(ScriptEngine.java:119)
	at com.kms.katalon.core.main.TestCaseExecutor.runScript(TestCaseExecutor.java:337)
	at com.kms.katalon.core.main.TestCaseExecutor.doExecute(TestCaseExecutor.java:328)
	at com.kms.katalon.core.main.TestCaseExecutor.processExecutionPhase(TestCaseExecutor.java:307)
	at com.kms.katalon.core.main.TestCaseExecutor.accessMainPhase(TestCaseExecutor.java:299)
	at com.kms.katalon.core.main.TestCaseExecutor.execute(TestCaseExecutor.java:233)
	at com.kms.katalon.core.main.TestSuiteExecutor.accessTestCaseMainPhase(TestSuiteExecutor.java:169)
	at com.kms.katalon.core.main.TestSuiteExecutor.accessTestSuiteMainPhase(TestSuiteExecutor.java:142)
	at com.kms.katalon.core.main.TestSuiteExecutor.execute(TestSuiteExecutor.java:91)
	at com.kms.katalon.core.main.TestCaseMain.startTestSuite(TestCaseMain.java:157)
	at com.kms.katalon.core.main.TestCaseMain$startTestSuite$0.call(Unknown Source)
	at TempTestSuite1599020994386.run(TempTestSuite1599020994386.groovy:36)
Caused by: com.kms.katalon.core.webui.exception.WebElementNotFoundException: Web element with id: 'Object Repository/All/UserName' located by 'By.xpath: //*[@id=&quot;txtUsername&quot;]' not found
	at com.kms.katalon.core.webui.common.WebUiCommonHelper.findWebElement(WebUiCommonHelper.java:1154)
	at com.kms.katalon.core.webui.keyword.internal.WebUIAbstractKeyword.findWebElement(WebUIAbstractKeyword.groovy:27)
	at com.kms.katalon.core.webui.keyword.internal.WebUIAbstractKeyword.findWebElement(WebUIAbstractKeyword.groovy:26)
	at com.kms.katalon.core.webui.keyword.builtin.SetTextKeyword$_setText_closure1.doCall(SetTextKeyword.groovy:51)
	at com.kms.katalon.core.webui.keyword.builtin.SetTextKeyword$_setText_closure1.call(SetTextKeyword.groovy)
	at com.kms.katalon.core.webui.keyword.internal.WebUIKeywordMain.runKeyword(WebUIKeywordMain.groovy:20)
	... 19 more
"/>
         <system-out><![CDATA[2020-09-02 13:20:13 - [TEST_CASE][FAILED] - Test Cases/GoAML Report 1: Test Cases/GoAML Report 1 FAILED.
Reason:
com.kms.katalon.core.exception.StepFailedException: Unable to set text 'anggi1' of object 'Object Repository/All/UserName'
	at com.kms.katalon.core.webui.keyword.internal.WebUIKeywordMain.stepFailed(WebUIKeywordMain.groovy:64)
	at com.kms.katalon.core.webui.keyword.internal.WebUIKeywordMain.runKeyword(WebUIKeywordMain.groovy:26)
	at com.kms.katalon.core.webui.keyword.builtin.SetTextKeyword.setText(SetTextKeyword.groovy:66)
	at com.kms.katalon.core.webui.keyword.builtin.SetTextKeyword.execute(SetTextKeyword.groovy:37)
	at com.kms.katalon.core.keyword.internal.KeywordExecutor.executeKeywordForPlatform(KeywordExecutor.groovy:72)
	at com.kms.katalon.core.webui.keyword.WebUiBuiltInKeywords.setText(WebUiBuiltInKeywords.groovy:950)
	at com.kms.katalon.core.webui.keyword.WebUiBuiltInKeywords$setText$1.call(Unknown Source)
	at GoAML Report 1.run(GoAML Report 1:25)
	at com.kms.katalon.core.main.ScriptEngine.run(ScriptEngine.java:194)
	at com.kms.katalon.core.main.ScriptEngine.runScriptAsRawText(ScriptEngine.java:119)
	at com.kms.katalon.core.main.TestCaseExecutor.runScript(TestCaseExecutor.java:337)
	at com.kms.katalon.core.main.TestCaseExecutor.doExecute(TestCaseExecutor.java:328)
	at com.kms.katalon.core.main.TestCaseExecutor.processExecutionPhase(TestCaseExecutor.java:307)
	at com.kms.katalon.core.main.TestCaseExecutor.accessMainPhase(TestCaseExecutor.java:299)
	at com.kms.katalon.core.main.TestCaseExecutor.execute(TestCaseExecutor.java:233)
	at com.kms.katalon.core.main.TestSuiteExecutor.accessTestCaseMainPhase(TestSuiteExecutor.java:169)
	at com.kms.katalon.core.main.TestSuiteExecutor.accessTestSuiteMainPhase(TestSuiteExecutor.java:142)
	at com.kms.katalon.core.main.TestSuiteExecutor.execute(TestSuiteExecutor.java:91)
	at com.kms.katalon.core.main.TestCaseMain.startTestSuite(TestCaseMain.java:157)
	at com.kms.katalon.core.main.TestCaseMain$startTestSuite$0.call(Unknown Source)
	at TempTestSuite1599020994386.run(TempTestSuite1599020994386.groovy:36)
Caused by: com.kms.katalon.core.webui.exception.WebElementNotFoundException: Web element with id: 'Object Repository/All/UserName' located by 'By.xpath: //*[@id="txtUsername"]' not found
	at com.kms.katalon.core.webui.common.WebUiCommonHelper.findWebElement(WebUiCommonHelper.java:1154)
	at com.kms.katalon.core.webui.keyword.internal.WebUIAbstractKeyword.findWebElement(WebUIAbstractKeyword.groovy:27)
	at com.kms.katalon.core.webui.keyword.internal.WebUIAbstractKeyword.findWebElement(WebUIAbstractKeyword.groovy:26)
	at com.kms.katalon.core.webui.keyword.builtin.SetTextKeyword$_setText_closure1.doCall(SetTextKeyword.groovy:51)
	at com.kms.katalon.core.webui.keyword.builtin.SetTextKeyword$_setText_closure1.call(SetTextKeyword.groovy)
	at com.kms.katalon.core.webui.keyword.internal.WebUIKeywordMain.runKeyword(WebUIKeywordMain.groovy:20)
	... 19 more


2020-09-02 13:20:13 - [TEST_STEP][PASSED] - openBrowser("http://goaml.southeastasia.cloudapp.azure.com/goaml/Default.aspx"): Browser is opened with url: 'http://goaml.southeastasia.cloudapp.azure.com/goaml/Default.aspx'

2020-09-02 13:20:13 - [MESSAGE][WARNING] - A browser is already opened. Closing browser and opening a new one

2020-09-02 13:20:14 - [MESSAGE][INFO] - Starting 'Chrome' driver

2020-09-02 13:20:14 - [MESSAGE][INFO] - User set preference: ['property', '']

2020-09-02 13:20:37 - [MESSAGE][PASSED] - Browser is opened with url: 'http://goaml.southeastasia.cloudapp.azure.com/goaml/Default.aspx'

2020-09-02 13:20:37 - [TEST_STEP][PASSED] - maximizeWindow(): Current window maximized

2020-09-02 13:20:39 - [MESSAGE][PASSED] - Current window maximized

2020-09-02 13:20:39 - [TEST_STEP][FAILED] - setText(findTestObject("All/UserName"), "anggi1"): Unable to set text 'anggi1' of object 'Object Repository/All/UserName' (Root cause: com.kms.katalon.core.exception.StepFailedException: Unable to set text 'anggi1' of object 'Object Repository/All/UserName'
	at com.kms.katalon.core.webui.keyword.internal.WebUIKeywordMain.stepFailed(WebUIKeywordMain.groovy:64)
	at com.kms.katalon.core.webui.keyword.internal.WebUIKeywordMain.runKeyword(WebUIKeywordMain.groovy:26)
	at com.kms.katalon.core.webui.keyword.builtin.SetTextKeyword.setText(SetTextKeyword.groovy:66)
	at com.kms.katalon.core.webui.keyword.builtin.SetTextKeyword.execute(SetTextKeyword.groovy:37)
	at com.kms.katalon.core.keyword.internal.KeywordExecutor.executeKeywordForPlatform(KeywordExecutor.groovy:72)
	at com.kms.katalon.core.webui.keyword.WebUiBuiltInKeywords.setText(WebUiBuiltInKeywords.groovy:950)
	at com.kms.katalon.core.webui.keyword.WebUiBuiltInKeywords$setText$1.call(Unknown Source)
	at GoAML Report 1.run(GoAML Report 1:25)
	at com.kms.katalon.core.main.ScriptEngine.run(ScriptEngine.java:194)
	at com.kms.katalon.core.main.ScriptEngine.runScriptAsRawText(ScriptEngine.java:119)
	at com.kms.katalon.core.main.TestCaseExecutor.runScript(TestCaseExecutor.java:337)
	at com.kms.katalon.core.main.TestCaseExecutor.doExecute(TestCaseExecutor.java:328)
	at com.kms.katalon.core.main.TestCaseExecutor.processExecutionPhase(TestCaseExecutor.java:307)
	at com.kms.katalon.core.main.TestCaseExecutor.accessMainPhase(TestCaseExecutor.java:299)
	at com.kms.katalon.core.main.TestCaseExecutor.execute(TestCaseExecutor.java:233)
	at com.kms.katalon.core.main.TestSuiteExecutor.accessTestCaseMainPhase(TestSuiteExecutor.java:169)
	at com.kms.katalon.core.main.TestSuiteExecutor.accessTestSuiteMainPhase(TestSuiteExecutor.java:142)
	at com.kms.katalon.core.main.TestSuiteExecutor.execute(TestSuiteExecutor.java:91)
	at com.kms.katalon.core.main.TestCaseMain.startTestSuite(TestCaseMain.java:157)
	at com.kms.katalon.core.main.TestCaseMain$startTestSuite$0.call(Unknown Source)
	at TempTestSuite1599020994386.run(TempTestSuite1599020994386.groovy:36)
Caused by: com.kms.katalon.core.webui.exception.WebElementNotFoundException: Web element with id: 'Object Repository/All/UserName' located by 'By.xpath: //*[@id="txtUsername"]' not found
	at com.kms.katalon.core.webui.common.WebUiCommonHelper.findWebElement(WebUiCommonHelper.java:1154)
	at com.kms.katalon.core.webui.keyword.internal.WebUIAbstractKeyword.findWebElement(WebUIAbstractKeyword.groovy:27)
	at com.kms.katalon.core.webui.keyword.internal.WebUIAbstractKeyword.findWebElement(WebUIAbstractKeyword.groovy:26)
	at com.kms.katalon.core.webui.keyword.builtin.SetTextKeyword$_setText_closure1.doCall(SetTextKeyword.groovy:51)
	at com.kms.katalon.core.webui.keyword.builtin.SetTextKeyword$_setText_closure1.call(SetTextKeyword.groovy)
	at com.kms.katalon.core.webui.keyword.internal.WebUIKeywordMain.runKeyword(WebUIKeywordMain.groovy:20)
	at com.kms.katalon.core.webui.keyword.builtin.SetTextKeyword.setText(SetTextKeyword.groovy:66)
	at com.kms.katalon.core.webui.keyword.builtin.SetTextKeyword.execute(SetTextKeyword.groovy:37)
	at com.kms.katalon.core.keyword.internal.KeywordExecutor.executeKeywordForPlatform(KeywordExecutor.groovy:72)
	at com.kms.katalon.core.webui.keyword.WebUiBuiltInKeywords.setText(WebUiBuiltInKeywords.groovy:950)
	at com.kms.katalon.core.webui.keyword.WebUiBuiltInKeywords$setText$1.call(Unknown Source)
	at Script1590734929315.run(Script1590734929315.groovy:25)
	... 13 more
)

2020-09-02 13:21:00 - [MESSAGE][INFO] - Unable to find the element located by 'By.xpath: //*[@id="txtUsername"]'. Please recheck the objects properties to make sure the desired element is located. 

2020-09-02 13:21:00 - [MESSAGE][FAILED] - Unable to set text 'anggi1' of object 'Object Repository/All/UserName' (Root cause: com.kms.katalon.core.exception.StepFailedException: Unable to set text 'anggi1' of object 'Object Repository/All/UserName'
	at com.kms.katalon.core.webui.keyword.internal.WebUIKeywordMain.stepFailed(WebUIKeywordMain.groovy:64)
	at com.kms.katalon.core.webui.keyword.internal.WebUIKeywordMain.runKeyword(WebUIKeywordMain.groovy:26)
	at com.kms.katalon.core.webui.keyword.builtin.SetTextKeyword.setText(SetTextKeyword.groovy:66)
	at com.kms.katalon.core.webui.keyword.builtin.SetTextKeyword.execute(SetTextKeyword.groovy:37)
	at com.kms.katalon.core.keyword.internal.KeywordExecutor.executeKeywordForPlatform(KeywordExecutor.groovy:72)
	at com.kms.katalon.core.webui.keyword.WebUiBuiltInKeywords.setText(WebUiBuiltInKeywords.groovy:950)
	at com.kms.katalon.core.webui.keyword.WebUiBuiltInKeywords$setText$1.call(Unknown Source)
	at GoAML Report 1.run(GoAML Report 1:25)
	at com.kms.katalon.core.main.ScriptEngine.run(ScriptEngine.java:194)
	at com.kms.katalon.core.main.ScriptEngine.runScriptAsRawText(ScriptEngine.java:119)
	at com.kms.katalon.core.main.TestCaseExecutor.runScript(TestCaseExecutor.java:337)
	at com.kms.katalon.core.main.TestCaseExecutor.doExecute(TestCaseExecutor.java:328)
	at com.kms.katalon.core.main.TestCaseExecutor.processExecutionPhase(TestCaseExecutor.java:307)
	at com.kms.katalon.core.main.TestCaseExecutor.accessMainPhase(TestCaseExecutor.java:299)
	at com.kms.katalon.core.main.TestCaseExecutor.execute(TestCaseExecutor.java:233)
	at com.kms.katalon.core.main.TestSuiteExecutor.accessTestCaseMainPhase(TestSuiteExecutor.java:169)
	at com.kms.katalon.core.main.TestSuiteExecutor.accessTestSuiteMainPhase(TestSuiteExecutor.java:142)
	at com.kms.katalon.core.main.TestSuiteExecutor.execute(TestSuiteExecutor.java:91)
	at com.kms.katalon.core.main.TestCaseMain.startTestSuite(TestCaseMain.java:157)
	at com.kms.katalon.core.main.TestCaseMain$startTestSuite$0.call(Unknown Source)
	at TempTestSuite1599020994386.run(TempTestSuite1599020994386.groovy:36)
Caused by: com.kms.katalon.core.webui.exception.WebElementNotFoundException: Web element with id: 'Object Repository/All/UserName' located by 'By.xpath: //*[@id="txtUsername"]' not found
	at com.kms.katalon.core.webui.common.WebUiCommonHelper.findWebElement(WebUiCommonHelper.java:1154)
	at com.kms.katalon.core.webui.keyword.internal.WebUIAbstractKeyword.findWebElement(WebUIAbstractKeyword.groovy:27)
	at com.kms.katalon.core.webui.keyword.internal.WebUIAbstractKeyword.findWebElement(WebUIAbstractKeyword.groovy:26)
	at com.kms.katalon.core.webui.keyword.builtin.SetTextKeyword$_setText_closure1.doCall(SetTextKeyword.groovy:51)
	at com.kms.katalon.core.webui.keyword.builtin.SetTextKeyword$_setText_closure1.call(SetTextKeyword.groovy)
	at com.kms.katalon.core.webui.keyword.internal.WebUIKeywordMain.runKeyword(WebUIKeywordMain.groovy:20)
	at com.kms.katalon.core.webui.keyword.builtin.SetTextKeyword.setText(SetTextKeyword.groovy:66)
	at com.kms.katalon.core.webui.keyword.builtin.SetTextKeyword.execute(SetTextKeyword.groovy:37)
	at com.kms.katalon.core.keyword.internal.KeywordExecutor.executeKeywordForPlatform(KeywordExecutor.groovy:72)
	at com.kms.katalon.core.webui.keyword.WebUiBuiltInKeywords.setText(WebUiBuiltInKeywords.groovy:950)
	at com.kms.katalon.core.webui.keyword.WebUiBuiltInKeywords$setText$1.call(Unknown Source)
	at Script1590734929315.run(Script1590734929315.groovy:25)
	... 13 more
)
[[ATTACHMENT|D:\\poject\\goaml2\\Katalon\\GoAML\\Reports\\20200902_112954\\New Test Suite (1)\\20200902_112954\\1599027660240.png]]]]></system-out>
         <system-err><![CDATA[2020-09-02 13:20:13 - [TEST_CASE][FAILED] - Test Cases/GoAML Report 1: Test Cases/GoAML Report 1 FAILED.
Reason:
com.kms.katalon.core.exception.StepFailedException: Unable to set text 'anggi1' of object 'Object Repository/All/UserName'
	at com.kms.katalon.core.webui.keyword.internal.WebUIKeywordMain.stepFailed(WebUIKeywordMain.groovy:64)
	at com.kms.katalon.core.webui.keyword.internal.WebUIKeywordMain.runKeyword(WebUIKeywordMain.groovy:26)
	at com.kms.katalon.core.webui.keyword.builtin.SetTextKeyword.setText(SetTextKeyword.groovy:66)
	at com.kms.katalon.core.webui.keyword.builtin.SetTextKeyword.execute(SetTextKeyword.groovy:37)
	at com.kms.katalon.core.keyword.internal.KeywordExecutor.executeKeywordForPlatform(KeywordExecutor.groovy:72)
	at com.kms.katalon.core.webui.keyword.WebUiBuiltInKeywords.setText(WebUiBuiltInKeywords.groovy:950)
	at com.kms.katalon.core.webui.keyword.WebUiBuiltInKeywords$setText$1.call(Unknown Source)
	at GoAML Report 1.run(GoAML Report 1:25)
	at com.kms.katalon.core.main.ScriptEngine.run(ScriptEngine.java:194)
	at com.kms.katalon.core.main.ScriptEngine.runScriptAsRawText(ScriptEngine.java:119)
	at com.kms.katalon.core.main.TestCaseExecutor.runScript(TestCaseExecutor.java:337)
	at com.kms.katalon.core.main.TestCaseExecutor.doExecute(TestCaseExecutor.java:328)
	at com.kms.katalon.core.main.TestCaseExecutor.processExecutionPhase(TestCaseExecutor.java:307)
	at com.kms.katalon.core.main.TestCaseExecutor.accessMainPhase(TestCaseExecutor.java:299)
	at com.kms.katalon.core.main.TestCaseExecutor.execute(TestCaseExecutor.java:233)
	at com.kms.katalon.core.main.TestSuiteExecutor.accessTestCaseMainPhase(TestSuiteExecutor.java:169)
	at com.kms.katalon.core.main.TestSuiteExecutor.accessTestSuiteMainPhase(TestSuiteExecutor.java:142)
	at com.kms.katalon.core.main.TestSuiteExecutor.execute(TestSuiteExecutor.java:91)
	at com.kms.katalon.core.main.TestCaseMain.startTestSuite(TestCaseMain.java:157)
	at com.kms.katalon.core.main.TestCaseMain$startTestSuite$0.call(Unknown Source)
	at TempTestSuite1599020994386.run(TempTestSuite1599020994386.groovy:36)
Caused by: com.kms.katalon.core.webui.exception.WebElementNotFoundException: Web element with id: 'Object Repository/All/UserName' located by 'By.xpath: //*[@id="txtUsername"]' not found
	at com.kms.katalon.core.webui.common.WebUiCommonHelper.findWebElement(WebUiCommonHelper.java:1154)
	at com.kms.katalon.core.webui.keyword.internal.WebUIAbstractKeyword.findWebElement(WebUIAbstractKeyword.groovy:27)
	at com.kms.katalon.core.webui.keyword.internal.WebUIAbstractKeyword.findWebElement(WebUIAbstractKeyword.groovy:26)
	at com.kms.katalon.core.webui.keyword.builtin.SetTextKeyword$_setText_closure1.doCall(SetTextKeyword.groovy:51)
	at com.kms.katalon.core.webui.keyword.builtin.SetTextKeyword$_setText_closure1.call(SetTextKeyword.groovy)
	at com.kms.katalon.core.webui.keyword.internal.WebUIKeywordMain.runKeyword(WebUIKeywordMain.groovy:20)
	... 19 more]]></system-err>
      </testcase>
      <testcase name="Test Cases/GoAML Report 1" time="49.66" classname="Test Cases/GoAML Report 1" status="FAILED">
         <failure type="FAILED" message="Test Cases/GoAML Report 1 FAILED.
Reason:
com.kms.katalon.core.exception.StepFailedException: Unable to set text 'anggi1' of object 'Object Repository/All/UserName'
	at com.kms.katalon.core.webui.keyword.internal.WebUIKeywordMain.stepFailed(WebUIKeywordMain.groovy:64)
	at com.kms.katalon.core.webui.keyword.internal.WebUIKeywordMain.runKeyword(WebUIKeywordMain.groovy:26)
	at com.kms.katalon.core.webui.keyword.builtin.SetTextKeyword.setText(SetTextKeyword.groovy:66)
	at com.kms.katalon.core.webui.keyword.builtin.SetTextKeyword.execute(SetTextKeyword.groovy:37)
	at com.kms.katalon.core.keyword.internal.KeywordExecutor.executeKeywordForPlatform(KeywordExecutor.groovy:72)
	at com.kms.katalon.core.webui.keyword.WebUiBuiltInKeywords.setText(WebUiBuiltInKeywords.groovy:950)
	at com.kms.katalon.core.webui.keyword.WebUiBuiltInKeywords$setText$1.call(Unknown Source)
	at GoAML Report 1.run(GoAML Report 1:25)
	at com.kms.katalon.core.main.ScriptEngine.run(ScriptEngine.java:194)
	at com.kms.katalon.core.main.ScriptEngine.runScriptAsRawText(ScriptEngine.java:119)
	at com.kms.katalon.core.main.TestCaseExecutor.runScript(TestCaseExecutor.java:337)
	at com.kms.katalon.core.main.TestCaseExecutor.doExecute(TestCaseExecutor.java:328)
	at com.kms.katalon.core.main.TestCaseExecutor.processExecutionPhase(TestCaseExecutor.java:307)
	at com.kms.katalon.core.main.TestCaseExecutor.accessMainPhase(TestCaseExecutor.java:299)
	at com.kms.katalon.core.main.TestCaseExecutor.execute(TestCaseExecutor.java:233)
	at com.kms.katalon.core.main.TestSuiteExecutor.accessTestCaseMainPhase(TestSuiteExecutor.java:169)
	at com.kms.katalon.core.main.TestSuiteExecutor.accessTestSuiteMainPhase(TestSuiteExecutor.java:142)
	at com.kms.katalon.core.main.TestSuiteExecutor.execute(TestSuiteExecutor.java:91)
	at com.kms.katalon.core.main.TestCaseMain.startTestSuite(TestCaseMain.java:157)
	at com.kms.katalon.core.main.TestCaseMain$startTestSuite$0.call(Unknown Source)
	at TempTestSuite1599020994386.run(TempTestSuite1599020994386.groovy:36)
Caused by: com.kms.katalon.core.webui.exception.WebElementNotFoundException: Web element with id: 'Object Repository/All/UserName' located by 'By.xpath: //*[@id=&quot;txtUsername&quot;]' not found
	at com.kms.katalon.core.webui.common.WebUiCommonHelper.findWebElement(WebUiCommonHelper.java:1154)
	at com.kms.katalon.core.webui.keyword.internal.WebUIAbstractKeyword.findWebElement(WebUIAbstractKeyword.groovy:27)
	at com.kms.katalon.core.webui.keyword.internal.WebUIAbstractKeyword.findWebElement(WebUIAbstractKeyword.groovy:26)
	at com.kms.katalon.core.webui.keyword.builtin.SetTextKeyword$_setText_closure1.doCall(SetTextKeyword.groovy:51)
	at com.kms.katalon.core.webui.keyword.builtin.SetTextKeyword$_setText_closure1.call(SetTextKeyword.groovy)
	at com.kms.katalon.core.webui.keyword.internal.WebUIKeywordMain.runKeyword(WebUIKeywordMain.groovy:20)
	... 19 more
"/>
         <system-out><![CDATA[2020-09-02 13:21:02 - [TEST_CASE][FAILED] - Test Cases/GoAML Report 1: Test Cases/GoAML Report 1 FAILED.
Reason:
com.kms.katalon.core.exception.StepFailedException: Unable to set text 'anggi1' of object 'Object Repository/All/UserName'
	at com.kms.katalon.core.webui.keyword.internal.WebUIKeywordMain.stepFailed(WebUIKeywordMain.groovy:64)
	at com.kms.katalon.core.webui.keyword.internal.WebUIKeywordMain.runKeyword(WebUIKeywordMain.groovy:26)
	at com.kms.katalon.core.webui.keyword.builtin.SetTextKeyword.setText(SetTextKeyword.groovy:66)
	at com.kms.katalon.core.webui.keyword.builtin.SetTextKeyword.execute(SetTextKeyword.groovy:37)
	at com.kms.katalon.core.keyword.internal.KeywordExecutor.executeKeywordForPlatform(KeywordExecutor.groovy:72)
	at com.kms.katalon.core.webui.keyword.WebUiBuiltInKeywords.setText(WebUiBuiltInKeywords.groovy:950)
	at com.kms.katalon.core.webui.keyword.WebUiBuiltInKeywords$setText$1.call(Unknown Source)
	at GoAML Report 1.run(GoAML Report 1:25)
	at com.kms.katalon.core.main.ScriptEngine.run(ScriptEngine.java:194)
	at com.kms.katalon.core.main.ScriptEngine.runScriptAsRawText(ScriptEngine.java:119)
	at com.kms.katalon.core.main.TestCaseExecutor.runScript(TestCaseExecutor.java:337)
	at com.kms.katalon.core.main.TestCaseExecutor.doExecute(TestCaseExecutor.java:328)
	at com.kms.katalon.core.main.TestCaseExecutor.processExecutionPhase(TestCaseExecutor.java:307)
	at com.kms.katalon.core.main.TestCaseExecutor.accessMainPhase(TestCaseExecutor.java:299)
	at com.kms.katalon.core.main.TestCaseExecutor.execute(TestCaseExecutor.java:233)
	at com.kms.katalon.core.main.TestSuiteExecutor.accessTestCaseMainPhase(TestSuiteExecutor.java:169)
	at com.kms.katalon.core.main.TestSuiteExecutor.accessTestSuiteMainPhase(TestSuiteExecutor.java:142)
	at com.kms.katalon.core.main.TestSuiteExecutor.execute(TestSuiteExecutor.java:91)
	at com.kms.katalon.core.main.TestCaseMain.startTestSuite(TestCaseMain.java:157)
	at com.kms.katalon.core.main.TestCaseMain$startTestSuite$0.call(Unknown Source)
	at TempTestSuite1599020994386.run(TempTestSuite1599020994386.groovy:36)
Caused by: com.kms.katalon.core.webui.exception.WebElementNotFoundException: Web element with id: 'Object Repository/All/UserName' located by 'By.xpath: //*[@id="txtUsername"]' not found
	at com.kms.katalon.core.webui.common.WebUiCommonHelper.findWebElement(WebUiCommonHelper.java:1154)
	at com.kms.katalon.core.webui.keyword.internal.WebUIAbstractKeyword.findWebElement(WebUIAbstractKeyword.groovy:27)
	at com.kms.katalon.core.webui.keyword.internal.WebUIAbstractKeyword.findWebElement(WebUIAbstractKeyword.groovy:26)
	at com.kms.katalon.core.webui.keyword.builtin.SetTextKeyword$_setText_closure1.doCall(SetTextKeyword.groovy:51)
	at com.kms.katalon.core.webui.keyword.builtin.SetTextKeyword$_setText_closure1.call(SetTextKeyword.groovy)
	at com.kms.katalon.core.webui.keyword.internal.WebUIKeywordMain.runKeyword(WebUIKeywordMain.groovy:20)
	... 19 more


2020-09-02 13:21:02 - [TEST_STEP][PASSED] - openBrowser("http://goaml.southeastasia.cloudapp.azure.com/goaml/Default.aspx"): Browser is opened with url: 'http://goaml.southeastasia.cloudapp.azure.com/goaml/Default.aspx'

2020-09-02 13:21:02 - [MESSAGE][WARNING] - A browser is already opened. Closing browser and opening a new one

2020-09-02 13:21:03 - [MESSAGE][INFO] - Starting 'Chrome' driver

2020-09-02 13:21:03 - [MESSAGE][INFO] - User set preference: ['property', '']

2020-09-02 13:21:26 - [MESSAGE][PASSED] - Browser is opened with url: 'http://goaml.southeastasia.cloudapp.azure.com/goaml/Default.aspx'

2020-09-02 13:21:26 - [TEST_STEP][PASSED] - maximizeWindow(): Current window maximized

2020-09-02 13:21:28 - [MESSAGE][PASSED] - Current window maximized

2020-09-02 13:21:28 - [TEST_STEP][FAILED] - setText(findTestObject("All/UserName"), "anggi1"): Unable to set text 'anggi1' of object 'Object Repository/All/UserName' (Root cause: com.kms.katalon.core.exception.StepFailedException: Unable to set text 'anggi1' of object 'Object Repository/All/UserName'
	at com.kms.katalon.core.webui.keyword.internal.WebUIKeywordMain.stepFailed(WebUIKeywordMain.groovy:64)
	at com.kms.katalon.core.webui.keyword.internal.WebUIKeywordMain.runKeyword(WebUIKeywordMain.groovy:26)
	at com.kms.katalon.core.webui.keyword.builtin.SetTextKeyword.setText(SetTextKeyword.groovy:66)
	at com.kms.katalon.core.webui.keyword.builtin.SetTextKeyword.execute(SetTextKeyword.groovy:37)
	at com.kms.katalon.core.keyword.internal.KeywordExecutor.executeKeywordForPlatform(KeywordExecutor.groovy:72)
	at com.kms.katalon.core.webui.keyword.WebUiBuiltInKeywords.setText(WebUiBuiltInKeywords.groovy:950)
	at com.kms.katalon.core.webui.keyword.WebUiBuiltInKeywords$setText$1.call(Unknown Source)
	at GoAML Report 1.run(GoAML Report 1:25)
	at com.kms.katalon.core.main.ScriptEngine.run(ScriptEngine.java:194)
	at com.kms.katalon.core.main.ScriptEngine.runScriptAsRawText(ScriptEngine.java:119)
	at com.kms.katalon.core.main.TestCaseExecutor.runScript(TestCaseExecutor.java:337)
	at com.kms.katalon.core.main.TestCaseExecutor.doExecute(TestCaseExecutor.java:328)
	at com.kms.katalon.core.main.TestCaseExecutor.processExecutionPhase(TestCaseExecutor.java:307)
	at com.kms.katalon.core.main.TestCaseExecutor.accessMainPhase(TestCaseExecutor.java:299)
	at com.kms.katalon.core.main.TestCaseExecutor.execute(TestCaseExecutor.java:233)
	at com.kms.katalon.core.main.TestSuiteExecutor.accessTestCaseMainPhase(TestSuiteExecutor.java:169)
	at com.kms.katalon.core.main.TestSuiteExecutor.accessTestSuiteMainPhase(TestSuiteExecutor.java:142)
	at com.kms.katalon.core.main.TestSuiteExecutor.execute(TestSuiteExecutor.java:91)
	at com.kms.katalon.core.main.TestCaseMain.startTestSuite(TestCaseMain.java:157)
	at com.kms.katalon.core.main.TestCaseMain$startTestSuite$0.call(Unknown Source)
	at TempTestSuite1599020994386.run(TempTestSuite1599020994386.groovy:36)
Caused by: com.kms.katalon.core.webui.exception.WebElementNotFoundException: Web element with id: 'Object Repository/All/UserName' located by 'By.xpath: //*[@id="txtUsername"]' not found
	at com.kms.katalon.core.webui.common.WebUiCommonHelper.findWebElement(WebUiCommonHelper.java:1154)
	at com.kms.katalon.core.webui.keyword.internal.WebUIAbstractKeyword.findWebElement(WebUIAbstractKeyword.groovy:27)
	at com.kms.katalon.core.webui.keyword.internal.WebUIAbstractKeyword.findWebElement(WebUIAbstractKeyword.groovy:26)
	at com.kms.katalon.core.webui.keyword.builtin.SetTextKeyword$_setText_closure1.doCall(SetTextKeyword.groovy:51)
	at com.kms.katalon.core.webui.keyword.builtin.SetTextKeyword$_setText_closure1.call(SetTextKeyword.groovy)
	at com.kms.katalon.core.webui.keyword.internal.WebUIKeywordMain.runKeyword(WebUIKeywordMain.groovy:20)
	at com.kms.katalon.core.webui.keyword.builtin.SetTextKeyword.setText(SetTextKeyword.groovy:66)
	at com.kms.katalon.core.webui.keyword.builtin.SetTextKeyword.execute(SetTextKeyword.groovy:37)
	at com.kms.katalon.core.keyword.internal.KeywordExecutor.executeKeywordForPlatform(KeywordExecutor.groovy:72)
	at com.kms.katalon.core.webui.keyword.WebUiBuiltInKeywords.setText(WebUiBuiltInKeywords.groovy:950)
	at com.kms.katalon.core.webui.keyword.WebUiBuiltInKeywords$setText$1.call(Unknown Source)
	at Script1590734929315.run(Script1590734929315.groovy:25)
	... 13 more
)

2020-09-02 13:21:49 - [MESSAGE][INFO] - Unable to find the element located by 'By.xpath: //*[@id="txtUsername"]'. Please recheck the objects properties to make sure the desired element is located. 

2020-09-02 13:21:50 - [MESSAGE][FAILED] - Unable to set text 'anggi1' of object 'Object Repository/All/UserName' (Root cause: com.kms.katalon.core.exception.StepFailedException: Unable to set text 'anggi1' of object 'Object Repository/All/UserName'
	at com.kms.katalon.core.webui.keyword.internal.WebUIKeywordMain.stepFailed(WebUIKeywordMain.groovy:64)
	at com.kms.katalon.core.webui.keyword.internal.WebUIKeywordMain.runKeyword(WebUIKeywordMain.groovy:26)
	at com.kms.katalon.core.webui.keyword.builtin.SetTextKeyword.setText(SetTextKeyword.groovy:66)
	at com.kms.katalon.core.webui.keyword.builtin.SetTextKeyword.execute(SetTextKeyword.groovy:37)
	at com.kms.katalon.core.keyword.internal.KeywordExecutor.executeKeywordForPlatform(KeywordExecutor.groovy:72)
	at com.kms.katalon.core.webui.keyword.WebUiBuiltInKeywords.setText(WebUiBuiltInKeywords.groovy:950)
	at com.kms.katalon.core.webui.keyword.WebUiBuiltInKeywords$setText$1.call(Unknown Source)
	at GoAML Report 1.run(GoAML Report 1:25)
	at com.kms.katalon.core.main.ScriptEngine.run(ScriptEngine.java:194)
	at com.kms.katalon.core.main.ScriptEngine.runScriptAsRawText(ScriptEngine.java:119)
	at com.kms.katalon.core.main.TestCaseExecutor.runScript(TestCaseExecutor.java:337)
	at com.kms.katalon.core.main.TestCaseExecutor.doExecute(TestCaseExecutor.java:328)
	at com.kms.katalon.core.main.TestCaseExecutor.processExecutionPhase(TestCaseExecutor.java:307)
	at com.kms.katalon.core.main.TestCaseExecutor.accessMainPhase(TestCaseExecutor.java:299)
	at com.kms.katalon.core.main.TestCaseExecutor.execute(TestCaseExecutor.java:233)
	at com.kms.katalon.core.main.TestSuiteExecutor.accessTestCaseMainPhase(TestSuiteExecutor.java:169)
	at com.kms.katalon.core.main.TestSuiteExecutor.accessTestSuiteMainPhase(TestSuiteExecutor.java:142)
	at com.kms.katalon.core.main.TestSuiteExecutor.execute(TestSuiteExecutor.java:91)
	at com.kms.katalon.core.main.TestCaseMain.startTestSuite(TestCaseMain.java:157)
	at com.kms.katalon.core.main.TestCaseMain$startTestSuite$0.call(Unknown Source)
	at TempTestSuite1599020994386.run(TempTestSuite1599020994386.groovy:36)
Caused by: com.kms.katalon.core.webui.exception.WebElementNotFoundException: Web element with id: 'Object Repository/All/UserName' located by 'By.xpath: //*[@id="txtUsername"]' not found
	at com.kms.katalon.core.webui.common.WebUiCommonHelper.findWebElement(WebUiCommonHelper.java:1154)
	at com.kms.katalon.core.webui.keyword.internal.WebUIAbstractKeyword.findWebElement(WebUIAbstractKeyword.groovy:27)
	at com.kms.katalon.core.webui.keyword.internal.WebUIAbstractKeyword.findWebElement(WebUIAbstractKeyword.groovy:26)
	at com.kms.katalon.core.webui.keyword.builtin.SetTextKeyword$_setText_closure1.doCall(SetTextKeyword.groovy:51)
	at com.kms.katalon.core.webui.keyword.builtin.SetTextKeyword$_setText_closure1.call(SetTextKeyword.groovy)
	at com.kms.katalon.core.webui.keyword.internal.WebUIKeywordMain.runKeyword(WebUIKeywordMain.groovy:20)
	at com.kms.katalon.core.webui.keyword.builtin.SetTextKeyword.setText(SetTextKeyword.groovy:66)
	at com.kms.katalon.core.webui.keyword.builtin.SetTextKeyword.execute(SetTextKeyword.groovy:37)
	at com.kms.katalon.core.keyword.internal.KeywordExecutor.executeKeywordForPlatform(KeywordExecutor.groovy:72)
	at com.kms.katalon.core.webui.keyword.WebUiBuiltInKeywords.setText(WebUiBuiltInKeywords.groovy:950)
	at com.kms.katalon.core.webui.keyword.WebUiBuiltInKeywords$setText$1.call(Unknown Source)
	at Script1590734929315.run(Script1590734929315.groovy:25)
	... 13 more
)
[[ATTACHMENT|D:\\poject\\goaml2\\Katalon\\GoAML\\Reports\\20200902_112954\\New Test Suite (1)\\20200902_112954\\1599027709930.png]]]]></system-out>
         <system-err><![CDATA[2020-09-02 13:21:02 - [TEST_CASE][FAILED] - Test Cases/GoAML Report 1: Test Cases/GoAML Report 1 FAILED.
Reason:
com.kms.katalon.core.exception.StepFailedException: Unable to set text 'anggi1' of object 'Object Repository/All/UserName'
	at com.kms.katalon.core.webui.keyword.internal.WebUIKeywordMain.stepFailed(WebUIKeywordMain.groovy:64)
	at com.kms.katalon.core.webui.keyword.internal.WebUIKeywordMain.runKeyword(WebUIKeywordMain.groovy:26)
	at com.kms.katalon.core.webui.keyword.builtin.SetTextKeyword.setText(SetTextKeyword.groovy:66)
	at com.kms.katalon.core.webui.keyword.builtin.SetTextKeyword.execute(SetTextKeyword.groovy:37)
	at com.kms.katalon.core.keyword.internal.KeywordExecutor.executeKeywordForPlatform(KeywordExecutor.groovy:72)
	at com.kms.katalon.core.webui.keyword.WebUiBuiltInKeywords.setText(WebUiBuiltInKeywords.groovy:950)
	at com.kms.katalon.core.webui.keyword.WebUiBuiltInKeywords$setText$1.call(Unknown Source)
	at GoAML Report 1.run(GoAML Report 1:25)
	at com.kms.katalon.core.main.ScriptEngine.run(ScriptEngine.java:194)
	at com.kms.katalon.core.main.ScriptEngine.runScriptAsRawText(ScriptEngine.java:119)
	at com.kms.katalon.core.main.TestCaseExecutor.runScript(TestCaseExecutor.java:337)
	at com.kms.katalon.core.main.TestCaseExecutor.doExecute(TestCaseExecutor.java:328)
	at com.kms.katalon.core.main.TestCaseExecutor.processExecutionPhase(TestCaseExecutor.java:307)
	at com.kms.katalon.core.main.TestCaseExecutor.accessMainPhase(TestCaseExecutor.java:299)
	at com.kms.katalon.core.main.TestCaseExecutor.execute(TestCaseExecutor.java:233)
	at com.kms.katalon.core.main.TestSuiteExecutor.accessTestCaseMainPhase(TestSuiteExecutor.java:169)
	at com.kms.katalon.core.main.TestSuiteExecutor.accessTestSuiteMainPhase(TestSuiteExecutor.java:142)
	at com.kms.katalon.core.main.TestSuiteExecutor.execute(TestSuiteExecutor.java:91)
	at com.kms.katalon.core.main.TestCaseMain.startTestSuite(TestCaseMain.java:157)
	at com.kms.katalon.core.main.TestCaseMain$startTestSuite$0.call(Unknown Source)
	at TempTestSuite1599020994386.run(TempTestSuite1599020994386.groovy:36)
Caused by: com.kms.katalon.core.webui.exception.WebElementNotFoundException: Web element with id: 'Object Repository/All/UserName' located by 'By.xpath: //*[@id="txtUsername"]' not found
	at com.kms.katalon.core.webui.common.WebUiCommonHelper.findWebElement(WebUiCommonHelper.java:1154)
	at com.kms.katalon.core.webui.keyword.internal.WebUIAbstractKeyword.findWebElement(WebUIAbstractKeyword.groovy:27)
	at com.kms.katalon.core.webui.keyword.internal.WebUIAbstractKeyword.findWebElement(WebUIAbstractKeyword.groovy:26)
	at com.kms.katalon.core.webui.keyword.builtin.SetTextKeyword$_setText_closure1.doCall(SetTextKeyword.groovy:51)
	at com.kms.katalon.core.webui.keyword.builtin.SetTextKeyword$_setText_closure1.call(SetTextKeyword.groovy)
	at com.kms.katalon.core.webui.keyword.internal.WebUIKeywordMain.runKeyword(WebUIKeywordMain.groovy:20)
	... 19 more]]></system-err>
      </testcase>
      <testcase name="Test Cases/GoAML Report 1" time="49.538" classname="Test Cases/GoAML Report 1" status="FAILED">
         <failure type="FAILED" message="Test Cases/GoAML Report 1 FAILED.
Reason:
com.kms.katalon.core.exception.StepFailedException: Unable to set text 'anggi1' of object 'Object Repository/All/UserName'
	at com.kms.katalon.core.webui.keyword.internal.WebUIKeywordMain.stepFailed(WebUIKeywordMain.groovy:64)
	at com.kms.katalon.core.webui.keyword.internal.WebUIKeywordMain.runKeyword(WebUIKeywordMain.groovy:26)
	at com.kms.katalon.core.webui.keyword.builtin.SetTextKeyword.setText(SetTextKeyword.groovy:66)
	at com.kms.katalon.core.webui.keyword.builtin.SetTextKeyword.execute(SetTextKeyword.groovy:37)
	at com.kms.katalon.core.keyword.internal.KeywordExecutor.executeKeywordForPlatform(KeywordExecutor.groovy:72)
	at com.kms.katalon.core.webui.keyword.WebUiBuiltInKeywords.setText(WebUiBuiltInKeywords.groovy:950)
	at com.kms.katalon.core.webui.keyword.WebUiBuiltInKeywords$setText$1.call(Unknown Source)
	at GoAML Report 1.run(GoAML Report 1:25)
	at com.kms.katalon.core.main.ScriptEngine.run(ScriptEngine.java:194)
	at com.kms.katalon.core.main.ScriptEngine.runScriptAsRawText(ScriptEngine.java:119)
	at com.kms.katalon.core.main.TestCaseExecutor.runScript(TestCaseExecutor.java:337)
	at com.kms.katalon.core.main.TestCaseExecutor.doExecute(TestCaseExecutor.java:328)
	at com.kms.katalon.core.main.TestCaseExecutor.processExecutionPhase(TestCaseExecutor.java:307)
	at com.kms.katalon.core.main.TestCaseExecutor.accessMainPhase(TestCaseExecutor.java:299)
	at com.kms.katalon.core.main.TestCaseExecutor.execute(TestCaseExecutor.java:233)
	at com.kms.katalon.core.main.TestSuiteExecutor.accessTestCaseMainPhase(TestSuiteExecutor.java:169)
	at com.kms.katalon.core.main.TestSuiteExecutor.accessTestSuiteMainPhase(TestSuiteExecutor.java:142)
	at com.kms.katalon.core.main.TestSuiteExecutor.execute(TestSuiteExecutor.java:91)
	at com.kms.katalon.core.main.TestCaseMain.startTestSuite(TestCaseMain.java:157)
	at com.kms.katalon.core.main.TestCaseMain$startTestSuite$0.call(Unknown Source)
	at TempTestSuite1599020994386.run(TempTestSuite1599020994386.groovy:36)
Caused by: com.kms.katalon.core.webui.exception.WebElementNotFoundException: Web element with id: 'Object Repository/All/UserName' located by 'By.xpath: //*[@id=&quot;txtUsername&quot;]' not found
	at com.kms.katalon.core.webui.common.WebUiCommonHelper.findWebElement(WebUiCommonHelper.java:1154)
	at com.kms.katalon.core.webui.keyword.internal.WebUIAbstractKeyword.findWebElement(WebUIAbstractKeyword.groovy:27)
	at com.kms.katalon.core.webui.keyword.internal.WebUIAbstractKeyword.findWebElement(WebUIAbstractKeyword.groovy:26)
	at com.kms.katalon.core.webui.keyword.builtin.SetTextKeyword$_setText_closure1.doCall(SetTextKeyword.groovy:51)
	at com.kms.katalon.core.webui.keyword.builtin.SetTextKeyword$_setText_closure1.call(SetTextKeyword.groovy)
	at com.kms.katalon.core.webui.keyword.internal.WebUIKeywordMain.runKeyword(WebUIKeywordMain.groovy:20)
	... 19 more
"/>
         <system-out><![CDATA[2020-09-02 13:21:52 - [TEST_CASE][FAILED] - Test Cases/GoAML Report 1: Test Cases/GoAML Report 1 FAILED.
Reason:
com.kms.katalon.core.exception.StepFailedException: Unable to set text 'anggi1' of object 'Object Repository/All/UserName'
	at com.kms.katalon.core.webui.keyword.internal.WebUIKeywordMain.stepFailed(WebUIKeywordMain.groovy:64)
	at com.kms.katalon.core.webui.keyword.internal.WebUIKeywordMain.runKeyword(WebUIKeywordMain.groovy:26)
	at com.kms.katalon.core.webui.keyword.builtin.SetTextKeyword.setText(SetTextKeyword.groovy:66)
	at com.kms.katalon.core.webui.keyword.builtin.SetTextKeyword.execute(SetTextKeyword.groovy:37)
	at com.kms.katalon.core.keyword.internal.KeywordExecutor.executeKeywordForPlatform(KeywordExecutor.groovy:72)
	at com.kms.katalon.core.webui.keyword.WebUiBuiltInKeywords.setText(WebUiBuiltInKeywords.groovy:950)
	at com.kms.katalon.core.webui.keyword.WebUiBuiltInKeywords$setText$1.call(Unknown Source)
	at GoAML Report 1.run(GoAML Report 1:25)
	at com.kms.katalon.core.main.ScriptEngine.run(ScriptEngine.java:194)
	at com.kms.katalon.core.main.ScriptEngine.runScriptAsRawText(ScriptEngine.java:119)
	at com.kms.katalon.core.main.TestCaseExecutor.runScript(TestCaseExecutor.java:337)
	at com.kms.katalon.core.main.TestCaseExecutor.doExecute(TestCaseExecutor.java:328)
	at com.kms.katalon.core.main.TestCaseExecutor.processExecutionPhase(TestCaseExecutor.java:307)
	at com.kms.katalon.core.main.TestCaseExecutor.accessMainPhase(TestCaseExecutor.java:299)
	at com.kms.katalon.core.main.TestCaseExecutor.execute(TestCaseExecutor.java:233)
	at com.kms.katalon.core.main.TestSuiteExecutor.accessTestCaseMainPhase(TestSuiteExecutor.java:169)
	at com.kms.katalon.core.main.TestSuiteExecutor.accessTestSuiteMainPhase(TestSuiteExecutor.java:142)
	at com.kms.katalon.core.main.TestSuiteExecutor.execute(TestSuiteExecutor.java:91)
	at com.kms.katalon.core.main.TestCaseMain.startTestSuite(TestCaseMain.java:157)
	at com.kms.katalon.core.main.TestCaseMain$startTestSuite$0.call(Unknown Source)
	at TempTestSuite1599020994386.run(TempTestSuite1599020994386.groovy:36)
Caused by: com.kms.katalon.core.webui.exception.WebElementNotFoundException: Web element with id: 'Object Repository/All/UserName' located by 'By.xpath: //*[@id="txtUsername"]' not found
	at com.kms.katalon.core.webui.common.WebUiCommonHelper.findWebElement(WebUiCommonHelper.java:1154)
	at com.kms.katalon.core.webui.keyword.internal.WebUIAbstractKeyword.findWebElement(WebUIAbstractKeyword.groovy:27)
	at com.kms.katalon.core.webui.keyword.internal.WebUIAbstractKeyword.findWebElement(WebUIAbstractKeyword.groovy:26)
	at com.kms.katalon.core.webui.keyword.builtin.SetTextKeyword$_setText_closure1.doCall(SetTextKeyword.groovy:51)
	at com.kms.katalon.core.webui.keyword.builtin.SetTextKeyword$_setText_closure1.call(SetTextKeyword.groovy)
	at com.kms.katalon.core.webui.keyword.internal.WebUIKeywordMain.runKeyword(WebUIKeywordMain.groovy:20)
	... 19 more


2020-09-02 13:21:52 - [TEST_STEP][PASSED] - openBrowser("http://goaml.southeastasia.cloudapp.azure.com/goaml/Default.aspx"): Browser is opened with url: 'http://goaml.southeastasia.cloudapp.azure.com/goaml/Default.aspx'

2020-09-02 13:21:52 - [MESSAGE][WARNING] - A browser is already opened. Closing browser and opening a new one

2020-09-02 13:21:52 - [MESSAGE][INFO] - Starting 'Chrome' driver

2020-09-02 13:21:52 - [MESSAGE][INFO] - User set preference: ['property', '']

2020-09-02 13:22:16 - [MESSAGE][PASSED] - Browser is opened with url: 'http://goaml.southeastasia.cloudapp.azure.com/goaml/Default.aspx'

2020-09-02 13:22:16 - [TEST_STEP][PASSED] - maximizeWindow(): Current window maximized

2020-09-02 13:22:18 - [MESSAGE][PASSED] - Current window maximized

2020-09-02 13:22:18 - [TEST_STEP][FAILED] - setText(findTestObject("All/UserName"), "anggi1"): Unable to set text 'anggi1' of object 'Object Repository/All/UserName' (Root cause: com.kms.katalon.core.exception.StepFailedException: Unable to set text 'anggi1' of object 'Object Repository/All/UserName'
	at com.kms.katalon.core.webui.keyword.internal.WebUIKeywordMain.stepFailed(WebUIKeywordMain.groovy:64)
	at com.kms.katalon.core.webui.keyword.internal.WebUIKeywordMain.runKeyword(WebUIKeywordMain.groovy:26)
	at com.kms.katalon.core.webui.keyword.builtin.SetTextKeyword.setText(SetTextKeyword.groovy:66)
	at com.kms.katalon.core.webui.keyword.builtin.SetTextKeyword.execute(SetTextKeyword.groovy:37)
	at com.kms.katalon.core.keyword.internal.KeywordExecutor.executeKeywordForPlatform(KeywordExecutor.groovy:72)
	at com.kms.katalon.core.webui.keyword.WebUiBuiltInKeywords.setText(WebUiBuiltInKeywords.groovy:950)
	at com.kms.katalon.core.webui.keyword.WebUiBuiltInKeywords$setText$1.call(Unknown Source)
	at GoAML Report 1.run(GoAML Report 1:25)
	at com.kms.katalon.core.main.ScriptEngine.run(ScriptEngine.java:194)
	at com.kms.katalon.core.main.ScriptEngine.runScriptAsRawText(ScriptEngine.java:119)
	at com.kms.katalon.core.main.TestCaseExecutor.runScript(TestCaseExecutor.java:337)
	at com.kms.katalon.core.main.TestCaseExecutor.doExecute(TestCaseExecutor.java:328)
	at com.kms.katalon.core.main.TestCaseExecutor.processExecutionPhase(TestCaseExecutor.java:307)
	at com.kms.katalon.core.main.TestCaseExecutor.accessMainPhase(TestCaseExecutor.java:299)
	at com.kms.katalon.core.main.TestCaseExecutor.execute(TestCaseExecutor.java:233)
	at com.kms.katalon.core.main.TestSuiteExecutor.accessTestCaseMainPhase(TestSuiteExecutor.java:169)
	at com.kms.katalon.core.main.TestSuiteExecutor.accessTestSuiteMainPhase(TestSuiteExecutor.java:142)
	at com.kms.katalon.core.main.TestSuiteExecutor.execute(TestSuiteExecutor.java:91)
	at com.kms.katalon.core.main.TestCaseMain.startTestSuite(TestCaseMain.java:157)
	at com.kms.katalon.core.main.TestCaseMain$startTestSuite$0.call(Unknown Source)
	at TempTestSuite1599020994386.run(TempTestSuite1599020994386.groovy:36)
Caused by: com.kms.katalon.core.webui.exception.WebElementNotFoundException: Web element with id: 'Object Repository/All/UserName' located by 'By.xpath: //*[@id="txtUsername"]' not found
	at com.kms.katalon.core.webui.common.WebUiCommonHelper.findWebElement(WebUiCommonHelper.java:1154)
	at com.kms.katalon.core.webui.keyword.internal.WebUIAbstractKeyword.findWebElement(WebUIAbstractKeyword.groovy:27)
	at com.kms.katalon.core.webui.keyword.internal.WebUIAbstractKeyword.findWebElement(WebUIAbstractKeyword.groovy:26)
	at com.kms.katalon.core.webui.keyword.builtin.SetTextKeyword$_setText_closure1.doCall(SetTextKeyword.groovy:51)
	at com.kms.katalon.core.webui.keyword.builtin.SetTextKeyword$_setText_closure1.call(SetTextKeyword.groovy)
	at com.kms.katalon.core.webui.keyword.internal.WebUIKeywordMain.runKeyword(WebUIKeywordMain.groovy:20)
	at com.kms.katalon.core.webui.keyword.builtin.SetTextKeyword.setText(SetTextKeyword.groovy:66)
	at com.kms.katalon.core.webui.keyword.builtin.SetTextKeyword.execute(SetTextKeyword.groovy:37)
	at com.kms.katalon.core.keyword.internal.KeywordExecutor.executeKeywordForPlatform(KeywordExecutor.groovy:72)
	at com.kms.katalon.core.webui.keyword.WebUiBuiltInKeywords.setText(WebUiBuiltInKeywords.groovy:950)
	at com.kms.katalon.core.webui.keyword.WebUiBuiltInKeywords$setText$1.call(Unknown Source)
	at Script1590734929315.run(Script1590734929315.groovy:25)
	... 13 more
)

2020-09-02 13:22:39 - [MESSAGE][INFO] - Unable to find the element located by 'By.xpath: //*[@id="txtUsername"]'. Please recheck the objects properties to make sure the desired element is located. 

2020-09-02 13:22:39 - [MESSAGE][FAILED] - Unable to set text 'anggi1' of object 'Object Repository/All/UserName' (Root cause: com.kms.katalon.core.exception.StepFailedException: Unable to set text 'anggi1' of object 'Object Repository/All/UserName'
	at com.kms.katalon.core.webui.keyword.internal.WebUIKeywordMain.stepFailed(WebUIKeywordMain.groovy:64)
	at com.kms.katalon.core.webui.keyword.internal.WebUIKeywordMain.runKeyword(WebUIKeywordMain.groovy:26)
	at com.kms.katalon.core.webui.keyword.builtin.SetTextKeyword.setText(SetTextKeyword.groovy:66)
	at com.kms.katalon.core.webui.keyword.builtin.SetTextKeyword.execute(SetTextKeyword.groovy:37)
	at com.kms.katalon.core.keyword.internal.KeywordExecutor.executeKeywordForPlatform(KeywordExecutor.groovy:72)
	at com.kms.katalon.core.webui.keyword.WebUiBuiltInKeywords.setText(WebUiBuiltInKeywords.groovy:950)
	at com.kms.katalon.core.webui.keyword.WebUiBuiltInKeywords$setText$1.call(Unknown Source)
	at GoAML Report 1.run(GoAML Report 1:25)
	at com.kms.katalon.core.main.ScriptEngine.run(ScriptEngine.java:194)
	at com.kms.katalon.core.main.ScriptEngine.runScriptAsRawText(ScriptEngine.java:119)
	at com.kms.katalon.core.main.TestCaseExecutor.runScript(TestCaseExecutor.java:337)
	at com.kms.katalon.core.main.TestCaseExecutor.doExecute(TestCaseExecutor.java:328)
	at com.kms.katalon.core.main.TestCaseExecutor.processExecutionPhase(TestCaseExecutor.java:307)
	at com.kms.katalon.core.main.TestCaseExecutor.accessMainPhase(TestCaseExecutor.java:299)
	at com.kms.katalon.core.main.TestCaseExecutor.execute(TestCaseExecutor.java:233)
	at com.kms.katalon.core.main.TestSuiteExecutor.accessTestCaseMainPhase(TestSuiteExecutor.java:169)
	at com.kms.katalon.core.main.TestSuiteExecutor.accessTestSuiteMainPhase(TestSuiteExecutor.java:142)
	at com.kms.katalon.core.main.TestSuiteExecutor.execute(TestSuiteExecutor.java:91)
	at com.kms.katalon.core.main.TestCaseMain.startTestSuite(TestCaseMain.java:157)
	at com.kms.katalon.core.main.TestCaseMain$startTestSuite$0.call(Unknown Source)
	at TempTestSuite1599020994386.run(TempTestSuite1599020994386.groovy:36)
Caused by: com.kms.katalon.core.webui.exception.WebElementNotFoundException: Web element with id: 'Object Repository/All/UserName' located by 'By.xpath: //*[@id="txtUsername"]' not found
	at com.kms.katalon.core.webui.common.WebUiCommonHelper.findWebElement(WebUiCommonHelper.java:1154)
	at com.kms.katalon.core.webui.keyword.internal.WebUIAbstractKeyword.findWebElement(WebUIAbstractKeyword.groovy:27)
	at com.kms.katalon.core.webui.keyword.internal.WebUIAbstractKeyword.findWebElement(WebUIAbstractKeyword.groovy:26)
	at com.kms.katalon.core.webui.keyword.builtin.SetTextKeyword$_setText_closure1.doCall(SetTextKeyword.groovy:51)
	at com.kms.katalon.core.webui.keyword.builtin.SetTextKeyword$_setText_closure1.call(SetTextKeyword.groovy)
	at com.kms.katalon.core.webui.keyword.internal.WebUIKeywordMain.runKeyword(WebUIKeywordMain.groovy:20)
	at com.kms.katalon.core.webui.keyword.builtin.SetTextKeyword.setText(SetTextKeyword.groovy:66)
	at com.kms.katalon.core.webui.keyword.builtin.SetTextKeyword.execute(SetTextKeyword.groovy:37)
	at com.kms.katalon.core.keyword.internal.KeywordExecutor.executeKeywordForPlatform(KeywordExecutor.groovy:72)
	at com.kms.katalon.core.webui.keyword.WebUiBuiltInKeywords.setText(WebUiBuiltInKeywords.groovy:950)
	at com.kms.katalon.core.webui.keyword.WebUiBuiltInKeywords$setText$1.call(Unknown Source)
	at Script1590734929315.run(Script1590734929315.groovy:25)
	... 13 more
)
[[ATTACHMENT|D:\\poject\\goaml2\\Katalon\\GoAML\\Reports\\20200902_112954\\New Test Suite (1)\\20200902_112954\\1599027759373.png]]]]></system-out>
         <system-err><![CDATA[2020-09-02 13:21:52 - [TEST_CASE][FAILED] - Test Cases/GoAML Report 1: Test Cases/GoAML Report 1 FAILED.
Reason:
com.kms.katalon.core.exception.StepFailedException: Unable to set text 'anggi1' of object 'Object Repository/All/UserName'
	at com.kms.katalon.core.webui.keyword.internal.WebUIKeywordMain.stepFailed(WebUIKeywordMain.groovy:64)
	at com.kms.katalon.core.webui.keyword.internal.WebUIKeywordMain.runKeyword(WebUIKeywordMain.groovy:26)
	at com.kms.katalon.core.webui.keyword.builtin.SetTextKeyword.setText(SetTextKeyword.groovy:66)
	at com.kms.katalon.core.webui.keyword.builtin.SetTextKeyword.execute(SetTextKeyword.groovy:37)
	at com.kms.katalon.core.keyword.internal.KeywordExecutor.executeKeywordForPlatform(KeywordExecutor.groovy:72)
	at com.kms.katalon.core.webui.keyword.WebUiBuiltInKeywords.setText(WebUiBuiltInKeywords.groovy:950)
	at com.kms.katalon.core.webui.keyword.WebUiBuiltInKeywords$setText$1.call(Unknown Source)
	at GoAML Report 1.run(GoAML Report 1:25)
	at com.kms.katalon.core.main.ScriptEngine.run(ScriptEngine.java:194)
	at com.kms.katalon.core.main.ScriptEngine.runScriptAsRawText(ScriptEngine.java:119)
	at com.kms.katalon.core.main.TestCaseExecutor.runScript(TestCaseExecutor.java:337)
	at com.kms.katalon.core.main.TestCaseExecutor.doExecute(TestCaseExecutor.java:328)
	at com.kms.katalon.core.main.TestCaseExecutor.processExecutionPhase(TestCaseExecutor.java:307)
	at com.kms.katalon.core.main.TestCaseExecutor.accessMainPhase(TestCaseExecutor.java:299)
	at com.kms.katalon.core.main.TestCaseExecutor.execute(TestCaseExecutor.java:233)
	at com.kms.katalon.core.main.TestSuiteExecutor.accessTestCaseMainPhase(TestSuiteExecutor.java:169)
	at com.kms.katalon.core.main.TestSuiteExecutor.accessTestSuiteMainPhase(TestSuiteExecutor.java:142)
	at com.kms.katalon.core.main.TestSuiteExecutor.execute(TestSuiteExecutor.java:91)
	at com.kms.katalon.core.main.TestCaseMain.startTestSuite(TestCaseMain.java:157)
	at com.kms.katalon.core.main.TestCaseMain$startTestSuite$0.call(Unknown Source)
	at TempTestSuite1599020994386.run(TempTestSuite1599020994386.groovy:36)
Caused by: com.kms.katalon.core.webui.exception.WebElementNotFoundException: Web element with id: 'Object Repository/All/UserName' located by 'By.xpath: //*[@id="txtUsername"]' not found
	at com.kms.katalon.core.webui.common.WebUiCommonHelper.findWebElement(WebUiCommonHelper.java:1154)
	at com.kms.katalon.core.webui.keyword.internal.WebUIAbstractKeyword.findWebElement(WebUIAbstractKeyword.groovy:27)
	at com.kms.katalon.core.webui.keyword.internal.WebUIAbstractKeyword.findWebElement(WebUIAbstractKeyword.groovy:26)
	at com.kms.katalon.core.webui.keyword.builtin.SetTextKeyword$_setText_closure1.doCall(SetTextKeyword.groovy:51)
	at com.kms.katalon.core.webui.keyword.builtin.SetTextKeyword$_setText_closure1.call(SetTextKeyword.groovy)
	at com.kms.katalon.core.webui.keyword.internal.WebUIKeywordMain.runKeyword(WebUIKeywordMain.groovy:20)
	... 19 more]]></system-err>
      </testcase>
      <testcase name="Test Cases/GoAML Report 1" time="49.326" classname="Test Cases/GoAML Report 1" status="FAILED">
         <failure type="FAILED" message="Test Cases/GoAML Report 1 FAILED.
Reason:
com.kms.katalon.core.exception.StepFailedException: Unable to set text 'anggi1' of object 'Object Repository/All/UserName'
	at com.kms.katalon.core.webui.keyword.internal.WebUIKeywordMain.stepFailed(WebUIKeywordMain.groovy:64)
	at com.kms.katalon.core.webui.keyword.internal.WebUIKeywordMain.runKeyword(WebUIKeywordMain.groovy:26)
	at com.kms.katalon.core.webui.keyword.builtin.SetTextKeyword.setText(SetTextKeyword.groovy:66)
	at com.kms.katalon.core.webui.keyword.builtin.SetTextKeyword.execute(SetTextKeyword.groovy:37)
	at com.kms.katalon.core.keyword.internal.KeywordExecutor.executeKeywordForPlatform(KeywordExecutor.groovy:72)
	at com.kms.katalon.core.webui.keyword.WebUiBuiltInKeywords.setText(WebUiBuiltInKeywords.groovy:950)
	at com.kms.katalon.core.webui.keyword.WebUiBuiltInKeywords$setText$1.call(Unknown Source)
	at GoAML Report 1.run(GoAML Report 1:25)
	at com.kms.katalon.core.main.ScriptEngine.run(ScriptEngine.java:194)
	at com.kms.katalon.core.main.ScriptEngine.runScriptAsRawText(ScriptEngine.java:119)
	at com.kms.katalon.core.main.TestCaseExecutor.runScript(TestCaseExecutor.java:337)
	at com.kms.katalon.core.main.TestCaseExecutor.doExecute(TestCaseExecutor.java:328)
	at com.kms.katalon.core.main.TestCaseExecutor.processExecutionPhase(TestCaseExecutor.java:307)
	at com.kms.katalon.core.main.TestCaseExecutor.accessMainPhase(TestCaseExecutor.java:299)
	at com.kms.katalon.core.main.TestCaseExecutor.execute(TestCaseExecutor.java:233)
	at com.kms.katalon.core.main.TestSuiteExecutor.accessTestCaseMainPhase(TestSuiteExecutor.java:169)
	at com.kms.katalon.core.main.TestSuiteExecutor.accessTestSuiteMainPhase(TestSuiteExecutor.java:142)
	at com.kms.katalon.core.main.TestSuiteExecutor.execute(TestSuiteExecutor.java:91)
	at com.kms.katalon.core.main.TestCaseMain.startTestSuite(TestCaseMain.java:157)
	at com.kms.katalon.core.main.TestCaseMain$startTestSuite$0.call(Unknown Source)
	at TempTestSuite1599020994386.run(TempTestSuite1599020994386.groovy:36)
Caused by: com.kms.katalon.core.webui.exception.WebElementNotFoundException: Web element with id: 'Object Repository/All/UserName' located by 'By.xpath: //*[@id=&quot;txtUsername&quot;]' not found
	at com.kms.katalon.core.webui.common.WebUiCommonHelper.findWebElement(WebUiCommonHelper.java:1154)
	at com.kms.katalon.core.webui.keyword.internal.WebUIAbstractKeyword.findWebElement(WebUIAbstractKeyword.groovy:27)
	at com.kms.katalon.core.webui.keyword.internal.WebUIAbstractKeyword.findWebElement(WebUIAbstractKeyword.groovy:26)
	at com.kms.katalon.core.webui.keyword.builtin.SetTextKeyword$_setText_closure1.doCall(SetTextKeyword.groovy:51)
	at com.kms.katalon.core.webui.keyword.builtin.SetTextKeyword$_setText_closure1.call(SetTextKeyword.groovy)
	at com.kms.katalon.core.webui.keyword.internal.WebUIKeywordMain.runKeyword(WebUIKeywordMain.groovy:20)
	... 19 more
"/>
         <system-out><![CDATA[2020-09-02 13:22:41 - [TEST_CASE][FAILED] - Test Cases/GoAML Report 1: Test Cases/GoAML Report 1 FAILED.
Reason:
com.kms.katalon.core.exception.StepFailedException: Unable to set text 'anggi1' of object 'Object Repository/All/UserName'
	at com.kms.katalon.core.webui.keyword.internal.WebUIKeywordMain.stepFailed(WebUIKeywordMain.groovy:64)
	at com.kms.katalon.core.webui.keyword.internal.WebUIKeywordMain.runKeyword(WebUIKeywordMain.groovy:26)
	at com.kms.katalon.core.webui.keyword.builtin.SetTextKeyword.setText(SetTextKeyword.groovy:66)
	at com.kms.katalon.core.webui.keyword.builtin.SetTextKeyword.execute(SetTextKeyword.groovy:37)
	at com.kms.katalon.core.keyword.internal.KeywordExecutor.executeKeywordForPlatform(KeywordExecutor.groovy:72)
	at com.kms.katalon.core.webui.keyword.WebUiBuiltInKeywords.setText(WebUiBuiltInKeywords.groovy:950)
	at com.kms.katalon.core.webui.keyword.WebUiBuiltInKeywords$setText$1.call(Unknown Source)
	at GoAML Report 1.run(GoAML Report 1:25)
	at com.kms.katalon.core.main.ScriptEngine.run(ScriptEngine.java:194)
	at com.kms.katalon.core.main.ScriptEngine.runScriptAsRawText(ScriptEngine.java:119)
	at com.kms.katalon.core.main.TestCaseExecutor.runScript(TestCaseExecutor.java:337)
	at com.kms.katalon.core.main.TestCaseExecutor.doExecute(TestCaseExecutor.java:328)
	at com.kms.katalon.core.main.TestCaseExecutor.processExecutionPhase(TestCaseExecutor.java:307)
	at com.kms.katalon.core.main.TestCaseExecutor.accessMainPhase(TestCaseExecutor.java:299)
	at com.kms.katalon.core.main.TestCaseExecutor.execute(TestCaseExecutor.java:233)
	at com.kms.katalon.core.main.TestSuiteExecutor.accessTestCaseMainPhase(TestSuiteExecutor.java:169)
	at com.kms.katalon.core.main.TestSuiteExecutor.accessTestSuiteMainPhase(TestSuiteExecutor.java:142)
	at com.kms.katalon.core.main.TestSuiteExecutor.execute(TestSuiteExecutor.java:91)
	at com.kms.katalon.core.main.TestCaseMain.startTestSuite(TestCaseMain.java:157)
	at com.kms.katalon.core.main.TestCaseMain$startTestSuite$0.call(Unknown Source)
	at TempTestSuite1599020994386.run(TempTestSuite1599020994386.groovy:36)
Caused by: com.kms.katalon.core.webui.exception.WebElementNotFoundException: Web element with id: 'Object Repository/All/UserName' located by 'By.xpath: //*[@id="txtUsername"]' not found
	at com.kms.katalon.core.webui.common.WebUiCommonHelper.findWebElement(WebUiCommonHelper.java:1154)
	at com.kms.katalon.core.webui.keyword.internal.WebUIAbstractKeyword.findWebElement(WebUIAbstractKeyword.groovy:27)
	at com.kms.katalon.core.webui.keyword.internal.WebUIAbstractKeyword.findWebElement(WebUIAbstractKeyword.groovy:26)
	at com.kms.katalon.core.webui.keyword.builtin.SetTextKeyword$_setText_closure1.doCall(SetTextKeyword.groovy:51)
	at com.kms.katalon.core.webui.keyword.builtin.SetTextKeyword$_setText_closure1.call(SetTextKeyword.groovy)
	at com.kms.katalon.core.webui.keyword.internal.WebUIKeywordMain.runKeyword(WebUIKeywordMain.groovy:20)
	... 19 more


2020-09-02 13:22:41 - [TEST_STEP][PASSED] - openBrowser("http://goaml.southeastasia.cloudapp.azure.com/goaml/Default.aspx"): Browser is opened with url: 'http://goaml.southeastasia.cloudapp.azure.com/goaml/Default.aspx'

2020-09-02 13:22:41 - [MESSAGE][WARNING] - A browser is already opened. Closing browser and opening a new one

2020-09-02 13:22:42 - [MESSAGE][INFO] - Starting 'Chrome' driver

2020-09-02 13:22:42 - [MESSAGE][INFO] - User set preference: ['property', '']

2020-09-02 13:23:05 - [MESSAGE][PASSED] - Browser is opened with url: 'http://goaml.southeastasia.cloudapp.azure.com/goaml/Default.aspx'

2020-09-02 13:23:05 - [TEST_STEP][PASSED] - maximizeWindow(): Current window maximized

2020-09-02 13:23:07 - [MESSAGE][PASSED] - Current window maximized

2020-09-02 13:23:07 - [TEST_STEP][FAILED] - setText(findTestObject("All/UserName"), "anggi1"): Unable to set text 'anggi1' of object 'Object Repository/All/UserName' (Root cause: com.kms.katalon.core.exception.StepFailedException: Unable to set text 'anggi1' of object 'Object Repository/All/UserName'
	at com.kms.katalon.core.webui.keyword.internal.WebUIKeywordMain.stepFailed(WebUIKeywordMain.groovy:64)
	at com.kms.katalon.core.webui.keyword.internal.WebUIKeywordMain.runKeyword(WebUIKeywordMain.groovy:26)
	at com.kms.katalon.core.webui.keyword.builtin.SetTextKeyword.setText(SetTextKeyword.groovy:66)
	at com.kms.katalon.core.webui.keyword.builtin.SetTextKeyword.execute(SetTextKeyword.groovy:37)
	at com.kms.katalon.core.keyword.internal.KeywordExecutor.executeKeywordForPlatform(KeywordExecutor.groovy:72)
	at com.kms.katalon.core.webui.keyword.WebUiBuiltInKeywords.setText(WebUiBuiltInKeywords.groovy:950)
	at com.kms.katalon.core.webui.keyword.WebUiBuiltInKeywords$setText$1.call(Unknown Source)
	at GoAML Report 1.run(GoAML Report 1:25)
	at com.kms.katalon.core.main.ScriptEngine.run(ScriptEngine.java:194)
	at com.kms.katalon.core.main.ScriptEngine.runScriptAsRawText(ScriptEngine.java:119)
	at com.kms.katalon.core.main.TestCaseExecutor.runScript(TestCaseExecutor.java:337)
	at com.kms.katalon.core.main.TestCaseExecutor.doExecute(TestCaseExecutor.java:328)
	at com.kms.katalon.core.main.TestCaseExecutor.processExecutionPhase(TestCaseExecutor.java:307)
	at com.kms.katalon.core.main.TestCaseExecutor.accessMainPhase(TestCaseExecutor.java:299)
	at com.kms.katalon.core.main.TestCaseExecutor.execute(TestCaseExecutor.java:233)
	at com.kms.katalon.core.main.TestSuiteExecutor.accessTestCaseMainPhase(TestSuiteExecutor.java:169)
	at com.kms.katalon.core.main.TestSuiteExecutor.accessTestSuiteMainPhase(TestSuiteExecutor.java:142)
	at com.kms.katalon.core.main.TestSuiteExecutor.execute(TestSuiteExecutor.java:91)
	at com.kms.katalon.core.main.TestCaseMain.startTestSuite(TestCaseMain.java:157)
	at com.kms.katalon.core.main.TestCaseMain$startTestSuite$0.call(Unknown Source)
	at TempTestSuite1599020994386.run(TempTestSuite1599020994386.groovy:36)
Caused by: com.kms.katalon.core.webui.exception.WebElementNotFoundException: Web element with id: 'Object Repository/All/UserName' located by 'By.xpath: //*[@id="txtUsername"]' not found
	at com.kms.katalon.core.webui.common.WebUiCommonHelper.findWebElement(WebUiCommonHelper.java:1154)
	at com.kms.katalon.core.webui.keyword.internal.WebUIAbstractKeyword.findWebElement(WebUIAbstractKeyword.groovy:27)
	at com.kms.katalon.core.webui.keyword.internal.WebUIAbstractKeyword.findWebElement(WebUIAbstractKeyword.groovy:26)
	at com.kms.katalon.core.webui.keyword.builtin.SetTextKeyword$_setText_closure1.doCall(SetTextKeyword.groovy:51)
	at com.kms.katalon.core.webui.keyword.builtin.SetTextKeyword$_setText_closure1.call(SetTextKeyword.groovy)
	at com.kms.katalon.core.webui.keyword.internal.WebUIKeywordMain.runKeyword(WebUIKeywordMain.groovy:20)
	at com.kms.katalon.core.webui.keyword.builtin.SetTextKeyword.setText(SetTextKeyword.groovy:66)
	at com.kms.katalon.core.webui.keyword.builtin.SetTextKeyword.execute(SetTextKeyword.groovy:37)
	at com.kms.katalon.core.keyword.internal.KeywordExecutor.executeKeywordForPlatform(KeywordExecutor.groovy:72)
	at com.kms.katalon.core.webui.keyword.WebUiBuiltInKeywords.setText(WebUiBuiltInKeywords.groovy:950)
	at com.kms.katalon.core.webui.keyword.WebUiBuiltInKeywords$setText$1.call(Unknown Source)
	at Script1590734929315.run(Script1590734929315.groovy:25)
	... 13 more
)

2020-09-02 13:23:28 - [MESSAGE][INFO] - Unable to find the element located by 'By.xpath: //*[@id="txtUsername"]'. Please recheck the objects properties to make sure the desired element is located. 

2020-09-02 13:23:29 - [MESSAGE][FAILED] - Unable to set text 'anggi1' of object 'Object Repository/All/UserName' (Root cause: com.kms.katalon.core.exception.StepFailedException: Unable to set text 'anggi1' of object 'Object Repository/All/UserName'
	at com.kms.katalon.core.webui.keyword.internal.WebUIKeywordMain.stepFailed(WebUIKeywordMain.groovy:64)
	at com.kms.katalon.core.webui.keyword.internal.WebUIKeywordMain.runKeyword(WebUIKeywordMain.groovy:26)
	at com.kms.katalon.core.webui.keyword.builtin.SetTextKeyword.setText(SetTextKeyword.groovy:66)
	at com.kms.katalon.core.webui.keyword.builtin.SetTextKeyword.execute(SetTextKeyword.groovy:37)
	at com.kms.katalon.core.keyword.internal.KeywordExecutor.executeKeywordForPlatform(KeywordExecutor.groovy:72)
	at com.kms.katalon.core.webui.keyword.WebUiBuiltInKeywords.setText(WebUiBuiltInKeywords.groovy:950)
	at com.kms.katalon.core.webui.keyword.WebUiBuiltInKeywords$setText$1.call(Unknown Source)
	at GoAML Report 1.run(GoAML Report 1:25)
	at com.kms.katalon.core.main.ScriptEngine.run(ScriptEngine.java:194)
	at com.kms.katalon.core.main.ScriptEngine.runScriptAsRawText(ScriptEngine.java:119)
	at com.kms.katalon.core.main.TestCaseExecutor.runScript(TestCaseExecutor.java:337)
	at com.kms.katalon.core.main.TestCaseExecutor.doExecute(TestCaseExecutor.java:328)
	at com.kms.katalon.core.main.TestCaseExecutor.processExecutionPhase(TestCaseExecutor.java:307)
	at com.kms.katalon.core.main.TestCaseExecutor.accessMainPhase(TestCaseExecutor.java:299)
	at com.kms.katalon.core.main.TestCaseExecutor.execute(TestCaseExecutor.java:233)
	at com.kms.katalon.core.main.TestSuiteExecutor.accessTestCaseMainPhase(TestSuiteExecutor.java:169)
	at com.kms.katalon.core.main.TestSuiteExecutor.accessTestSuiteMainPhase(TestSuiteExecutor.java:142)
	at com.kms.katalon.core.main.TestSuiteExecutor.execute(TestSuiteExecutor.java:91)
	at com.kms.katalon.core.main.TestCaseMain.startTestSuite(TestCaseMain.java:157)
	at com.kms.katalon.core.main.TestCaseMain$startTestSuite$0.call(Unknown Source)
	at TempTestSuite1599020994386.run(TempTestSuite1599020994386.groovy:36)
Caused by: com.kms.katalon.core.webui.exception.WebElementNotFoundException: Web element with id: 'Object Repository/All/UserName' located by 'By.xpath: //*[@id="txtUsername"]' not found
	at com.kms.katalon.core.webui.common.WebUiCommonHelper.findWebElement(WebUiCommonHelper.java:1154)
	at com.kms.katalon.core.webui.keyword.internal.WebUIAbstractKeyword.findWebElement(WebUIAbstractKeyword.groovy:27)
	at com.kms.katalon.core.webui.keyword.internal.WebUIAbstractKeyword.findWebElement(WebUIAbstractKeyword.groovy:26)
	at com.kms.katalon.core.webui.keyword.builtin.SetTextKeyword$_setText_closure1.doCall(SetTextKeyword.groovy:51)
	at com.kms.katalon.core.webui.keyword.builtin.SetTextKeyword$_setText_closure1.call(SetTextKeyword.groovy)
	at com.kms.katalon.core.webui.keyword.internal.WebUIKeywordMain.runKeyword(WebUIKeywordMain.groovy:20)
	at com.kms.katalon.core.webui.keyword.builtin.SetTextKeyword.setText(SetTextKeyword.groovy:66)
	at com.kms.katalon.core.webui.keyword.builtin.SetTextKeyword.execute(SetTextKeyword.groovy:37)
	at com.kms.katalon.core.keyword.internal.KeywordExecutor.executeKeywordForPlatform(KeywordExecutor.groovy:72)
	at com.kms.katalon.core.webui.keyword.WebUiBuiltInKeywords.setText(WebUiBuiltInKeywords.groovy:950)
	at com.kms.katalon.core.webui.keyword.WebUiBuiltInKeywords$setText$1.call(Unknown Source)
	at Script1590734929315.run(Script1590734929315.groovy:25)
	... 13 more
)
[[ATTACHMENT|D:\\poject\\goaml2\\Katalon\\GoAML\\Reports\\20200902_112954\\New Test Suite (1)\\20200902_112954\\1599027808748.png]]]]></system-out>
         <system-err><![CDATA[2020-09-02 13:22:41 - [TEST_CASE][FAILED] - Test Cases/GoAML Report 1: Test Cases/GoAML Report 1 FAILED.
Reason:
com.kms.katalon.core.exception.StepFailedException: Unable to set text 'anggi1' of object 'Object Repository/All/UserName'
	at com.kms.katalon.core.webui.keyword.internal.WebUIKeywordMain.stepFailed(WebUIKeywordMain.groovy:64)
	at com.kms.katalon.core.webui.keyword.internal.WebUIKeywordMain.runKeyword(WebUIKeywordMain.groovy:26)
	at com.kms.katalon.core.webui.keyword.builtin.SetTextKeyword.setText(SetTextKeyword.groovy:66)
	at com.kms.katalon.core.webui.keyword.builtin.SetTextKeyword.execute(SetTextKeyword.groovy:37)
	at com.kms.katalon.core.keyword.internal.KeywordExecutor.executeKeywordForPlatform(KeywordExecutor.groovy:72)
	at com.kms.katalon.core.webui.keyword.WebUiBuiltInKeywords.setText(WebUiBuiltInKeywords.groovy:950)
	at com.kms.katalon.core.webui.keyword.WebUiBuiltInKeywords$setText$1.call(Unknown Source)
	at GoAML Report 1.run(GoAML Report 1:25)
	at com.kms.katalon.core.main.ScriptEngine.run(ScriptEngine.java:194)
	at com.kms.katalon.core.main.ScriptEngine.runScriptAsRawText(ScriptEngine.java:119)
	at com.kms.katalon.core.main.TestCaseExecutor.runScript(TestCaseExecutor.java:337)
	at com.kms.katalon.core.main.TestCaseExecutor.doExecute(TestCaseExecutor.java:328)
	at com.kms.katalon.core.main.TestCaseExecutor.processExecutionPhase(TestCaseExecutor.java:307)
	at com.kms.katalon.core.main.TestCaseExecutor.accessMainPhase(TestCaseExecutor.java:299)
	at com.kms.katalon.core.main.TestCaseExecutor.execute(TestCaseExecutor.java:233)
	at com.kms.katalon.core.main.TestSuiteExecutor.accessTestCaseMainPhase(TestSuiteExecutor.java:169)
	at com.kms.katalon.core.main.TestSuiteExecutor.accessTestSuiteMainPhase(TestSuiteExecutor.java:142)
	at com.kms.katalon.core.main.TestSuiteExecutor.execute(TestSuiteExecutor.java:91)
	at com.kms.katalon.core.main.TestCaseMain.startTestSuite(TestCaseMain.java:157)
	at com.kms.katalon.core.main.TestCaseMain$startTestSuite$0.call(Unknown Source)
	at TempTestSuite1599020994386.run(TempTestSuite1599020994386.groovy:36)
Caused by: com.kms.katalon.core.webui.exception.WebElementNotFoundException: Web element with id: 'Object Repository/All/UserName' located by 'By.xpath: //*[@id="txtUsername"]' not found
	at com.kms.katalon.core.webui.common.WebUiCommonHelper.findWebElement(WebUiCommonHelper.java:1154)
	at com.kms.katalon.core.webui.keyword.internal.WebUIAbstractKeyword.findWebElement(WebUIAbstractKeyword.groovy:27)
	at com.kms.katalon.core.webui.keyword.internal.WebUIAbstractKeyword.findWebElement(WebUIAbstractKeyword.groovy:26)
	at com.kms.katalon.core.webui.keyword.builtin.SetTextKeyword$_setText_closure1.doCall(SetTextKeyword.groovy:51)
	at com.kms.katalon.core.webui.keyword.builtin.SetTextKeyword$_setText_closure1.call(SetTextKeyword.groovy)
	at com.kms.katalon.core.webui.keyword.internal.WebUIKeywordMain.runKeyword(WebUIKeywordMain.groovy:20)
	... 19 more]]></system-err>
      </testcase>
      <testcase name="Test Cases/GoAML Report 1" time="49.067" classname="Test Cases/GoAML Report 1" status="FAILED">
         <failure type="FAILED" message="Test Cases/GoAML Report 1 FAILED.
Reason:
com.kms.katalon.core.exception.StepFailedException: Unable to set text 'anggi1' of object 'Object Repository/All/UserName'
	at com.kms.katalon.core.webui.keyword.internal.WebUIKeywordMain.stepFailed(WebUIKeywordMain.groovy:64)
	at com.kms.katalon.core.webui.keyword.internal.WebUIKeywordMain.runKeyword(WebUIKeywordMain.groovy:26)
	at com.kms.katalon.core.webui.keyword.builtin.SetTextKeyword.setText(SetTextKeyword.groovy:66)
	at com.kms.katalon.core.webui.keyword.builtin.SetTextKeyword.execute(SetTextKeyword.groovy:37)
	at com.kms.katalon.core.keyword.internal.KeywordExecutor.executeKeywordForPlatform(KeywordExecutor.groovy:72)
	at com.kms.katalon.core.webui.keyword.WebUiBuiltInKeywords.setText(WebUiBuiltInKeywords.groovy:950)
	at com.kms.katalon.core.webui.keyword.WebUiBuiltInKeywords$setText$1.call(Unknown Source)
	at GoAML Report 1.run(GoAML Report 1:25)
	at com.kms.katalon.core.main.ScriptEngine.run(ScriptEngine.java:194)
	at com.kms.katalon.core.main.ScriptEngine.runScriptAsRawText(ScriptEngine.java:119)
	at com.kms.katalon.core.main.TestCaseExecutor.runScript(TestCaseExecutor.java:337)
	at com.kms.katalon.core.main.TestCaseExecutor.doExecute(TestCaseExecutor.java:328)
	at com.kms.katalon.core.main.TestCaseExecutor.processExecutionPhase(TestCaseExecutor.java:307)
	at com.kms.katalon.core.main.TestCaseExecutor.accessMainPhase(TestCaseExecutor.java:299)
	at com.kms.katalon.core.main.TestCaseExecutor.execute(TestCaseExecutor.java:233)
	at com.kms.katalon.core.main.TestSuiteExecutor.accessTestCaseMainPhase(TestSuiteExecutor.java:169)
	at com.kms.katalon.core.main.TestSuiteExecutor.accessTestSuiteMainPhase(TestSuiteExecutor.java:142)
	at com.kms.katalon.core.main.TestSuiteExecutor.execute(TestSuiteExecutor.java:91)
	at com.kms.katalon.core.main.TestCaseMain.startTestSuite(TestCaseMain.java:157)
	at com.kms.katalon.core.main.TestCaseMain$startTestSuite$0.call(Unknown Source)
	at TempTestSuite1599020994386.run(TempTestSuite1599020994386.groovy:36)
Caused by: com.kms.katalon.core.webui.exception.WebElementNotFoundException: Web element with id: 'Object Repository/All/UserName' located by 'By.xpath: //*[@id=&quot;txtUsername&quot;]' not found
	at com.kms.katalon.core.webui.common.WebUiCommonHelper.findWebElement(WebUiCommonHelper.java:1154)
	at com.kms.katalon.core.webui.keyword.internal.WebUIAbstractKeyword.findWebElement(WebUIAbstractKeyword.groovy:27)
	at com.kms.katalon.core.webui.keyword.internal.WebUIAbstractKeyword.findWebElement(WebUIAbstractKeyword.groovy:26)
	at com.kms.katalon.core.webui.keyword.builtin.SetTextKeyword$_setText_closure1.doCall(SetTextKeyword.groovy:51)
	at com.kms.katalon.core.webui.keyword.builtin.SetTextKeyword$_setText_closure1.call(SetTextKeyword.groovy)
	at com.kms.katalon.core.webui.keyword.internal.WebUIKeywordMain.runKeyword(WebUIKeywordMain.groovy:20)
	... 19 more
"/>
         <system-out><![CDATA[2020-09-02 13:23:31 - [TEST_CASE][FAILED] - Test Cases/GoAML Report 1: Test Cases/GoAML Report 1 FAILED.
Reason:
com.kms.katalon.core.exception.StepFailedException: Unable to set text 'anggi1' of object 'Object Repository/All/UserName'
	at com.kms.katalon.core.webui.keyword.internal.WebUIKeywordMain.stepFailed(WebUIKeywordMain.groovy:64)
	at com.kms.katalon.core.webui.keyword.internal.WebUIKeywordMain.runKeyword(WebUIKeywordMain.groovy:26)
	at com.kms.katalon.core.webui.keyword.builtin.SetTextKeyword.setText(SetTextKeyword.groovy:66)
	at com.kms.katalon.core.webui.keyword.builtin.SetTextKeyword.execute(SetTextKeyword.groovy:37)
	at com.kms.katalon.core.keyword.internal.KeywordExecutor.executeKeywordForPlatform(KeywordExecutor.groovy:72)
	at com.kms.katalon.core.webui.keyword.WebUiBuiltInKeywords.setText(WebUiBuiltInKeywords.groovy:950)
	at com.kms.katalon.core.webui.keyword.WebUiBuiltInKeywords$setText$1.call(Unknown Source)
	at GoAML Report 1.run(GoAML Report 1:25)
	at com.kms.katalon.core.main.ScriptEngine.run(ScriptEngine.java:194)
	at com.kms.katalon.core.main.ScriptEngine.runScriptAsRawText(ScriptEngine.java:119)
	at com.kms.katalon.core.main.TestCaseExecutor.runScript(TestCaseExecutor.java:337)
	at com.kms.katalon.core.main.TestCaseExecutor.doExecute(TestCaseExecutor.java:328)
	at com.kms.katalon.core.main.TestCaseExecutor.processExecutionPhase(TestCaseExecutor.java:307)
	at com.kms.katalon.core.main.TestCaseExecutor.accessMainPhase(TestCaseExecutor.java:299)
	at com.kms.katalon.core.main.TestCaseExecutor.execute(TestCaseExecutor.java:233)
	at com.kms.katalon.core.main.TestSuiteExecutor.accessTestCaseMainPhase(TestSuiteExecutor.java:169)
	at com.kms.katalon.core.main.TestSuiteExecutor.accessTestSuiteMainPhase(TestSuiteExecutor.java:142)
	at com.kms.katalon.core.main.TestSuiteExecutor.execute(TestSuiteExecutor.java:91)
	at com.kms.katalon.core.main.TestCaseMain.startTestSuite(TestCaseMain.java:157)
	at com.kms.katalon.core.main.TestCaseMain$startTestSuite$0.call(Unknown Source)
	at TempTestSuite1599020994386.run(TempTestSuite1599020994386.groovy:36)
Caused by: com.kms.katalon.core.webui.exception.WebElementNotFoundException: Web element with id: 'Object Repository/All/UserName' located by 'By.xpath: //*[@id="txtUsername"]' not found
	at com.kms.katalon.core.webui.common.WebUiCommonHelper.findWebElement(WebUiCommonHelper.java:1154)
	at com.kms.katalon.core.webui.keyword.internal.WebUIAbstractKeyword.findWebElement(WebUIAbstractKeyword.groovy:27)
	at com.kms.katalon.core.webui.keyword.internal.WebUIAbstractKeyword.findWebElement(WebUIAbstractKeyword.groovy:26)
	at com.kms.katalon.core.webui.keyword.builtin.SetTextKeyword$_setText_closure1.doCall(SetTextKeyword.groovy:51)
	at com.kms.katalon.core.webui.keyword.builtin.SetTextKeyword$_setText_closure1.call(SetTextKeyword.groovy)
	at com.kms.katalon.core.webui.keyword.internal.WebUIKeywordMain.runKeyword(WebUIKeywordMain.groovy:20)
	... 19 more


2020-09-02 13:23:31 - [TEST_STEP][PASSED] - openBrowser("http://goaml.southeastasia.cloudapp.azure.com/goaml/Default.aspx"): Browser is opened with url: 'http://goaml.southeastasia.cloudapp.azure.com/goaml/Default.aspx'

2020-09-02 13:23:31 - [MESSAGE][WARNING] - A browser is already opened. Closing browser and opening a new one

2020-09-02 13:23:31 - [MESSAGE][INFO] - Starting 'Chrome' driver

2020-09-02 13:23:31 - [MESSAGE][INFO] - User set preference: ['property', '']

2020-09-02 13:23:54 - [MESSAGE][PASSED] - Browser is opened with url: 'http://goaml.southeastasia.cloudapp.azure.com/goaml/Default.aspx'

2020-09-02 13:23:54 - [TEST_STEP][PASSED] - maximizeWindow(): Current window maximized

2020-09-02 13:23:56 - [MESSAGE][PASSED] - Current window maximized

2020-09-02 13:23:56 - [TEST_STEP][FAILED] - setText(findTestObject("All/UserName"), "anggi1"): Unable to set text 'anggi1' of object 'Object Repository/All/UserName' (Root cause: com.kms.katalon.core.exception.StepFailedException: Unable to set text 'anggi1' of object 'Object Repository/All/UserName'
	at com.kms.katalon.core.webui.keyword.internal.WebUIKeywordMain.stepFailed(WebUIKeywordMain.groovy:64)
	at com.kms.katalon.core.webui.keyword.internal.WebUIKeywordMain.runKeyword(WebUIKeywordMain.groovy:26)
	at com.kms.katalon.core.webui.keyword.builtin.SetTextKeyword.setText(SetTextKeyword.groovy:66)
	at com.kms.katalon.core.webui.keyword.builtin.SetTextKeyword.execute(SetTextKeyword.groovy:37)
	at com.kms.katalon.core.keyword.internal.KeywordExecutor.executeKeywordForPlatform(KeywordExecutor.groovy:72)
	at com.kms.katalon.core.webui.keyword.WebUiBuiltInKeywords.setText(WebUiBuiltInKeywords.groovy:950)
	at com.kms.katalon.core.webui.keyword.WebUiBuiltInKeywords$setText$1.call(Unknown Source)
	at GoAML Report 1.run(GoAML Report 1:25)
	at com.kms.katalon.core.main.ScriptEngine.run(ScriptEngine.java:194)
	at com.kms.katalon.core.main.ScriptEngine.runScriptAsRawText(ScriptEngine.java:119)
	at com.kms.katalon.core.main.TestCaseExecutor.runScript(TestCaseExecutor.java:337)
	at com.kms.katalon.core.main.TestCaseExecutor.doExecute(TestCaseExecutor.java:328)
	at com.kms.katalon.core.main.TestCaseExecutor.processExecutionPhase(TestCaseExecutor.java:307)
	at com.kms.katalon.core.main.TestCaseExecutor.accessMainPhase(TestCaseExecutor.java:299)
	at com.kms.katalon.core.main.TestCaseExecutor.execute(TestCaseExecutor.java:233)
	at com.kms.katalon.core.main.TestSuiteExecutor.accessTestCaseMainPhase(TestSuiteExecutor.java:169)
	at com.kms.katalon.core.main.TestSuiteExecutor.accessTestSuiteMainPhase(TestSuiteExecutor.java:142)
	at com.kms.katalon.core.main.TestSuiteExecutor.execute(TestSuiteExecutor.java:91)
	at com.kms.katalon.core.main.TestCaseMain.startTestSuite(TestCaseMain.java:157)
	at com.kms.katalon.core.main.TestCaseMain$startTestSuite$0.call(Unknown Source)
	at TempTestSuite1599020994386.run(TempTestSuite1599020994386.groovy:36)
Caused by: com.kms.katalon.core.webui.exception.WebElementNotFoundException: Web element with id: 'Object Repository/All/UserName' located by 'By.xpath: //*[@id="txtUsername"]' not found
	at com.kms.katalon.core.webui.common.WebUiCommonHelper.findWebElement(WebUiCommonHelper.java:1154)
	at com.kms.katalon.core.webui.keyword.internal.WebUIAbstractKeyword.findWebElement(WebUIAbstractKeyword.groovy:27)
	at com.kms.katalon.core.webui.keyword.internal.WebUIAbstractKeyword.findWebElement(WebUIAbstractKeyword.groovy:26)
	at com.kms.katalon.core.webui.keyword.builtin.SetTextKeyword$_setText_closure1.doCall(SetTextKeyword.groovy:51)
	at com.kms.katalon.core.webui.keyword.builtin.SetTextKeyword$_setText_closure1.call(SetTextKeyword.groovy)
	at com.kms.katalon.core.webui.keyword.internal.WebUIKeywordMain.runKeyword(WebUIKeywordMain.groovy:20)
	at com.kms.katalon.core.webui.keyword.builtin.SetTextKeyword.setText(SetTextKeyword.groovy:66)
	at com.kms.katalon.core.webui.keyword.builtin.SetTextKeyword.execute(SetTextKeyword.groovy:37)
	at com.kms.katalon.core.keyword.internal.KeywordExecutor.executeKeywordForPlatform(KeywordExecutor.groovy:72)
	at com.kms.katalon.core.webui.keyword.WebUiBuiltInKeywords.setText(WebUiBuiltInKeywords.groovy:950)
	at com.kms.katalon.core.webui.keyword.WebUiBuiltInKeywords$setText$1.call(Unknown Source)
	at Script1590734929315.run(Script1590734929315.groovy:25)
	... 13 more
)

2020-09-02 13:24:17 - [MESSAGE][INFO] - Unable to find the element located by 'By.xpath: //*[@id="txtUsername"]'. Please recheck the objects properties to make sure the desired element is located. 

2020-09-02 13:24:18 - [MESSAGE][FAILED] - Unable to set text 'anggi1' of object 'Object Repository/All/UserName' (Root cause: com.kms.katalon.core.exception.StepFailedException: Unable to set text 'anggi1' of object 'Object Repository/All/UserName'
	at com.kms.katalon.core.webui.keyword.internal.WebUIKeywordMain.stepFailed(WebUIKeywordMain.groovy:64)
	at com.kms.katalon.core.webui.keyword.internal.WebUIKeywordMain.runKeyword(WebUIKeywordMain.groovy:26)
	at com.kms.katalon.core.webui.keyword.builtin.SetTextKeyword.setText(SetTextKeyword.groovy:66)
	at com.kms.katalon.core.webui.keyword.builtin.SetTextKeyword.execute(SetTextKeyword.groovy:37)
	at com.kms.katalon.core.keyword.internal.KeywordExecutor.executeKeywordForPlatform(KeywordExecutor.groovy:72)
	at com.kms.katalon.core.webui.keyword.WebUiBuiltInKeywords.setText(WebUiBuiltInKeywords.groovy:950)
	at com.kms.katalon.core.webui.keyword.WebUiBuiltInKeywords$setText$1.call(Unknown Source)
	at GoAML Report 1.run(GoAML Report 1:25)
	at com.kms.katalon.core.main.ScriptEngine.run(ScriptEngine.java:194)
	at com.kms.katalon.core.main.ScriptEngine.runScriptAsRawText(ScriptEngine.java:119)
	at com.kms.katalon.core.main.TestCaseExecutor.runScript(TestCaseExecutor.java:337)
	at com.kms.katalon.core.main.TestCaseExecutor.doExecute(TestCaseExecutor.java:328)
	at com.kms.katalon.core.main.TestCaseExecutor.processExecutionPhase(TestCaseExecutor.java:307)
	at com.kms.katalon.core.main.TestCaseExecutor.accessMainPhase(TestCaseExecutor.java:299)
	at com.kms.katalon.core.main.TestCaseExecutor.execute(TestCaseExecutor.java:233)
	at com.kms.katalon.core.main.TestSuiteExecutor.accessTestCaseMainPhase(TestSuiteExecutor.java:169)
	at com.kms.katalon.core.main.TestSuiteExecutor.accessTestSuiteMainPhase(TestSuiteExecutor.java:142)
	at com.kms.katalon.core.main.TestSuiteExecutor.execute(TestSuiteExecutor.java:91)
	at com.kms.katalon.core.main.TestCaseMain.startTestSuite(TestCaseMain.java:157)
	at com.kms.katalon.core.main.TestCaseMain$startTestSuite$0.call(Unknown Source)
	at TempTestSuite1599020994386.run(TempTestSuite1599020994386.groovy:36)
Caused by: com.kms.katalon.core.webui.exception.WebElementNotFoundException: Web element with id: 'Object Repository/All/UserName' located by 'By.xpath: //*[@id="txtUsername"]' not found
	at com.kms.katalon.core.webui.common.WebUiCommonHelper.findWebElement(WebUiCommonHelper.java:1154)
	at com.kms.katalon.core.webui.keyword.internal.WebUIAbstractKeyword.findWebElement(WebUIAbstractKeyword.groovy:27)
	at com.kms.katalon.core.webui.keyword.internal.WebUIAbstractKeyword.findWebElement(WebUIAbstractKeyword.groovy:26)
	at com.kms.katalon.core.webui.keyword.builtin.SetTextKeyword$_setText_closure1.doCall(SetTextKeyword.groovy:51)
	at com.kms.katalon.core.webui.keyword.builtin.SetTextKeyword$_setText_closure1.call(SetTextKeyword.groovy)
	at com.kms.katalon.core.webui.keyword.internal.WebUIKeywordMain.runKeyword(WebUIKeywordMain.groovy:20)
	at com.kms.katalon.core.webui.keyword.builtin.SetTextKeyword.setText(SetTextKeyword.groovy:66)
	at com.kms.katalon.core.webui.keyword.builtin.SetTextKeyword.execute(SetTextKeyword.groovy:37)
	at com.kms.katalon.core.keyword.internal.KeywordExecutor.executeKeywordForPlatform(KeywordExecutor.groovy:72)
	at com.kms.katalon.core.webui.keyword.WebUiBuiltInKeywords.setText(WebUiBuiltInKeywords.groovy:950)
	at com.kms.katalon.core.webui.keyword.WebUiBuiltInKeywords$setText$1.call(Unknown Source)
	at Script1590734929315.run(Script1590734929315.groovy:25)
	... 13 more
)
[[ATTACHMENT|D:\\poject\\goaml2\\Katalon\\GoAML\\Reports\\20200902_112954\\New Test Suite (1)\\20200902_112954\\1599027857882.png]]]]></system-out>
         <system-err><![CDATA[2020-09-02 13:23:31 - [TEST_CASE][FAILED] - Test Cases/GoAML Report 1: Test Cases/GoAML Report 1 FAILED.
Reason:
com.kms.katalon.core.exception.StepFailedException: Unable to set text 'anggi1' of object 'Object Repository/All/UserName'
	at com.kms.katalon.core.webui.keyword.internal.WebUIKeywordMain.stepFailed(WebUIKeywordMain.groovy:64)
	at com.kms.katalon.core.webui.keyword.internal.WebUIKeywordMain.runKeyword(WebUIKeywordMain.groovy:26)
	at com.kms.katalon.core.webui.keyword.builtin.SetTextKeyword.setText(SetTextKeyword.groovy:66)
	at com.kms.katalon.core.webui.keyword.builtin.SetTextKeyword.execute(SetTextKeyword.groovy:37)
	at com.kms.katalon.core.keyword.internal.KeywordExecutor.executeKeywordForPlatform(KeywordExecutor.groovy:72)
	at com.kms.katalon.core.webui.keyword.WebUiBuiltInKeywords.setText(WebUiBuiltInKeywords.groovy:950)
	at com.kms.katalon.core.webui.keyword.WebUiBuiltInKeywords$setText$1.call(Unknown Source)
	at GoAML Report 1.run(GoAML Report 1:25)
	at com.kms.katalon.core.main.ScriptEngine.run(ScriptEngine.java:194)
	at com.kms.katalon.core.main.ScriptEngine.runScriptAsRawText(ScriptEngine.java:119)
	at com.kms.katalon.core.main.TestCaseExecutor.runScript(TestCaseExecutor.java:337)
	at com.kms.katalon.core.main.TestCaseExecutor.doExecute(TestCaseExecutor.java:328)
	at com.kms.katalon.core.main.TestCaseExecutor.processExecutionPhase(TestCaseExecutor.java:307)
	at com.kms.katalon.core.main.TestCaseExecutor.accessMainPhase(TestCaseExecutor.java:299)
	at com.kms.katalon.core.main.TestCaseExecutor.execute(TestCaseExecutor.java:233)
	at com.kms.katalon.core.main.TestSuiteExecutor.accessTestCaseMainPhase(TestSuiteExecutor.java:169)
	at com.kms.katalon.core.main.TestSuiteExecutor.accessTestSuiteMainPhase(TestSuiteExecutor.java:142)
	at com.kms.katalon.core.main.TestSuiteExecutor.execute(TestSuiteExecutor.java:91)
	at com.kms.katalon.core.main.TestCaseMain.startTestSuite(TestCaseMain.java:157)
	at com.kms.katalon.core.main.TestCaseMain$startTestSuite$0.call(Unknown Source)
	at TempTestSuite1599020994386.run(TempTestSuite1599020994386.groovy:36)
Caused by: com.kms.katalon.core.webui.exception.WebElementNotFoundException: Web element with id: 'Object Repository/All/UserName' located by 'By.xpath: //*[@id="txtUsername"]' not found
	at com.kms.katalon.core.webui.common.WebUiCommonHelper.findWebElement(WebUiCommonHelper.java:1154)
	at com.kms.katalon.core.webui.keyword.internal.WebUIAbstractKeyword.findWebElement(WebUIAbstractKeyword.groovy:27)
	at com.kms.katalon.core.webui.keyword.internal.WebUIAbstractKeyword.findWebElement(WebUIAbstractKeyword.groovy:26)
	at com.kms.katalon.core.webui.keyword.builtin.SetTextKeyword$_setText_closure1.doCall(SetTextKeyword.groovy:51)
	at com.kms.katalon.core.webui.keyword.builtin.SetTextKeyword$_setText_closure1.call(SetTextKeyword.groovy)
	at com.kms.katalon.core.webui.keyword.internal.WebUIKeywordMain.runKeyword(WebUIKeywordMain.groovy:20)
	... 19 more]]></system-err>
      </testcase>
      <testcase name="Test Cases/GoAML Report 1" time="49.123" classname="Test Cases/GoAML Report 1" status="FAILED">
         <failure type="FAILED" message="Test Cases/GoAML Report 1 FAILED.
Reason:
com.kms.katalon.core.exception.StepFailedException: Unable to set text 'anggi1' of object 'Object Repository/All/UserName'
	at com.kms.katalon.core.webui.keyword.internal.WebUIKeywordMain.stepFailed(WebUIKeywordMain.groovy:64)
	at com.kms.katalon.core.webui.keyword.internal.WebUIKeywordMain.runKeyword(WebUIKeywordMain.groovy:26)
	at com.kms.katalon.core.webui.keyword.builtin.SetTextKeyword.setText(SetTextKeyword.groovy:66)
	at com.kms.katalon.core.webui.keyword.builtin.SetTextKeyword.execute(SetTextKeyword.groovy:37)
	at com.kms.katalon.core.keyword.internal.KeywordExecutor.executeKeywordForPlatform(KeywordExecutor.groovy:72)
	at com.kms.katalon.core.webui.keyword.WebUiBuiltInKeywords.setText(WebUiBuiltInKeywords.groovy:950)
	at com.kms.katalon.core.webui.keyword.WebUiBuiltInKeywords$setText$1.call(Unknown Source)
	at GoAML Report 1.run(GoAML Report 1:25)
	at com.kms.katalon.core.main.ScriptEngine.run(ScriptEngine.java:194)
	at com.kms.katalon.core.main.ScriptEngine.runScriptAsRawText(ScriptEngine.java:119)
	at com.kms.katalon.core.main.TestCaseExecutor.runScript(TestCaseExecutor.java:337)
	at com.kms.katalon.core.main.TestCaseExecutor.doExecute(TestCaseExecutor.java:328)
	at com.kms.katalon.core.main.TestCaseExecutor.processExecutionPhase(TestCaseExecutor.java:307)
	at com.kms.katalon.core.main.TestCaseExecutor.accessMainPhase(TestCaseExecutor.java:299)
	at com.kms.katalon.core.main.TestCaseExecutor.execute(TestCaseExecutor.java:233)
	at com.kms.katalon.core.main.TestSuiteExecutor.accessTestCaseMainPhase(TestSuiteExecutor.java:169)
	at com.kms.katalon.core.main.TestSuiteExecutor.accessTestSuiteMainPhase(TestSuiteExecutor.java:142)
	at com.kms.katalon.core.main.TestSuiteExecutor.execute(TestSuiteExecutor.java:91)
	at com.kms.katalon.core.main.TestCaseMain.startTestSuite(TestCaseMain.java:157)
	at com.kms.katalon.core.main.TestCaseMain$startTestSuite$0.call(Unknown Source)
	at TempTestSuite1599020994386.run(TempTestSuite1599020994386.groovy:36)
Caused by: com.kms.katalon.core.webui.exception.WebElementNotFoundException: Web element with id: 'Object Repository/All/UserName' located by 'By.xpath: //*[@id=&quot;txtUsername&quot;]' not found
	at com.kms.katalon.core.webui.common.WebUiCommonHelper.findWebElement(WebUiCommonHelper.java:1154)
	at com.kms.katalon.core.webui.keyword.internal.WebUIAbstractKeyword.findWebElement(WebUIAbstractKeyword.groovy:27)
	at com.kms.katalon.core.webui.keyword.internal.WebUIAbstractKeyword.findWebElement(WebUIAbstractKeyword.groovy:26)
	at com.kms.katalon.core.webui.keyword.builtin.SetTextKeyword$_setText_closure1.doCall(SetTextKeyword.groovy:51)
	at com.kms.katalon.core.webui.keyword.builtin.SetTextKeyword$_setText_closure1.call(SetTextKeyword.groovy)
	at com.kms.katalon.core.webui.keyword.internal.WebUIKeywordMain.runKeyword(WebUIKeywordMain.groovy:20)
	... 19 more
"/>
         <system-out><![CDATA[2020-09-02 13:24:20 - [TEST_CASE][FAILED] - Test Cases/GoAML Report 1: Test Cases/GoAML Report 1 FAILED.
Reason:
com.kms.katalon.core.exception.StepFailedException: Unable to set text 'anggi1' of object 'Object Repository/All/UserName'
	at com.kms.katalon.core.webui.keyword.internal.WebUIKeywordMain.stepFailed(WebUIKeywordMain.groovy:64)
	at com.kms.katalon.core.webui.keyword.internal.WebUIKeywordMain.runKeyword(WebUIKeywordMain.groovy:26)
	at com.kms.katalon.core.webui.keyword.builtin.SetTextKeyword.setText(SetTextKeyword.groovy:66)
	at com.kms.katalon.core.webui.keyword.builtin.SetTextKeyword.execute(SetTextKeyword.groovy:37)
	at com.kms.katalon.core.keyword.internal.KeywordExecutor.executeKeywordForPlatform(KeywordExecutor.groovy:72)
	at com.kms.katalon.core.webui.keyword.WebUiBuiltInKeywords.setText(WebUiBuiltInKeywords.groovy:950)
	at com.kms.katalon.core.webui.keyword.WebUiBuiltInKeywords$setText$1.call(Unknown Source)
	at GoAML Report 1.run(GoAML Report 1:25)
	at com.kms.katalon.core.main.ScriptEngine.run(ScriptEngine.java:194)
	at com.kms.katalon.core.main.ScriptEngine.runScriptAsRawText(ScriptEngine.java:119)
	at com.kms.katalon.core.main.TestCaseExecutor.runScript(TestCaseExecutor.java:337)
	at com.kms.katalon.core.main.TestCaseExecutor.doExecute(TestCaseExecutor.java:328)
	at com.kms.katalon.core.main.TestCaseExecutor.processExecutionPhase(TestCaseExecutor.java:307)
	at com.kms.katalon.core.main.TestCaseExecutor.accessMainPhase(TestCaseExecutor.java:299)
	at com.kms.katalon.core.main.TestCaseExecutor.execute(TestCaseExecutor.java:233)
	at com.kms.katalon.core.main.TestSuiteExecutor.accessTestCaseMainPhase(TestSuiteExecutor.java:169)
	at com.kms.katalon.core.main.TestSuiteExecutor.accessTestSuiteMainPhase(TestSuiteExecutor.java:142)
	at com.kms.katalon.core.main.TestSuiteExecutor.execute(TestSuiteExecutor.java:91)
	at com.kms.katalon.core.main.TestCaseMain.startTestSuite(TestCaseMain.java:157)
	at com.kms.katalon.core.main.TestCaseMain$startTestSuite$0.call(Unknown Source)
	at TempTestSuite1599020994386.run(TempTestSuite1599020994386.groovy:36)
Caused by: com.kms.katalon.core.webui.exception.WebElementNotFoundException: Web element with id: 'Object Repository/All/UserName' located by 'By.xpath: //*[@id="txtUsername"]' not found
	at com.kms.katalon.core.webui.common.WebUiCommonHelper.findWebElement(WebUiCommonHelper.java:1154)
	at com.kms.katalon.core.webui.keyword.internal.WebUIAbstractKeyword.findWebElement(WebUIAbstractKeyword.groovy:27)
	at com.kms.katalon.core.webui.keyword.internal.WebUIAbstractKeyword.findWebElement(WebUIAbstractKeyword.groovy:26)
	at com.kms.katalon.core.webui.keyword.builtin.SetTextKeyword$_setText_closure1.doCall(SetTextKeyword.groovy:51)
	at com.kms.katalon.core.webui.keyword.builtin.SetTextKeyword$_setText_closure1.call(SetTextKeyword.groovy)
	at com.kms.katalon.core.webui.keyword.internal.WebUIKeywordMain.runKeyword(WebUIKeywordMain.groovy:20)
	... 19 more


2020-09-02 13:24:20 - [TEST_STEP][PASSED] - openBrowser("http://goaml.southeastasia.cloudapp.azure.com/goaml/Default.aspx"): Browser is opened with url: 'http://goaml.southeastasia.cloudapp.azure.com/goaml/Default.aspx'

2020-09-02 13:24:20 - [MESSAGE][WARNING] - A browser is already opened. Closing browser and opening a new one

2020-09-02 13:24:20 - [MESSAGE][INFO] - Starting 'Chrome' driver

2020-09-02 13:24:20 - [MESSAGE][INFO] - User set preference: ['property', '']

2020-09-02 13:24:43 - [MESSAGE][PASSED] - Browser is opened with url: 'http://goaml.southeastasia.cloudapp.azure.com/goaml/Default.aspx'

2020-09-02 13:24:43 - [TEST_STEP][PASSED] - maximizeWindow(): Current window maximized

2020-09-02 13:24:46 - [MESSAGE][PASSED] - Current window maximized

2020-09-02 13:24:46 - [TEST_STEP][FAILED] - setText(findTestObject("All/UserName"), "anggi1"): Unable to set text 'anggi1' of object 'Object Repository/All/UserName' (Root cause: com.kms.katalon.core.exception.StepFailedException: Unable to set text 'anggi1' of object 'Object Repository/All/UserName'
	at com.kms.katalon.core.webui.keyword.internal.WebUIKeywordMain.stepFailed(WebUIKeywordMain.groovy:64)
	at com.kms.katalon.core.webui.keyword.internal.WebUIKeywordMain.runKeyword(WebUIKeywordMain.groovy:26)
	at com.kms.katalon.core.webui.keyword.builtin.SetTextKeyword.setText(SetTextKeyword.groovy:66)
	at com.kms.katalon.core.webui.keyword.builtin.SetTextKeyword.execute(SetTextKeyword.groovy:37)
	at com.kms.katalon.core.keyword.internal.KeywordExecutor.executeKeywordForPlatform(KeywordExecutor.groovy:72)
	at com.kms.katalon.core.webui.keyword.WebUiBuiltInKeywords.setText(WebUiBuiltInKeywords.groovy:950)
	at com.kms.katalon.core.webui.keyword.WebUiBuiltInKeywords$setText$1.call(Unknown Source)
	at GoAML Report 1.run(GoAML Report 1:25)
	at com.kms.katalon.core.main.ScriptEngine.run(ScriptEngine.java:194)
	at com.kms.katalon.core.main.ScriptEngine.runScriptAsRawText(ScriptEngine.java:119)
	at com.kms.katalon.core.main.TestCaseExecutor.runScript(TestCaseExecutor.java:337)
	at com.kms.katalon.core.main.TestCaseExecutor.doExecute(TestCaseExecutor.java:328)
	at com.kms.katalon.core.main.TestCaseExecutor.processExecutionPhase(TestCaseExecutor.java:307)
	at com.kms.katalon.core.main.TestCaseExecutor.accessMainPhase(TestCaseExecutor.java:299)
	at com.kms.katalon.core.main.TestCaseExecutor.execute(TestCaseExecutor.java:233)
	at com.kms.katalon.core.main.TestSuiteExecutor.accessTestCaseMainPhase(TestSuiteExecutor.java:169)
	at com.kms.katalon.core.main.TestSuiteExecutor.accessTestSuiteMainPhase(TestSuiteExecutor.java:142)
	at com.kms.katalon.core.main.TestSuiteExecutor.execute(TestSuiteExecutor.java:91)
	at com.kms.katalon.core.main.TestCaseMain.startTestSuite(TestCaseMain.java:157)
	at com.kms.katalon.core.main.TestCaseMain$startTestSuite$0.call(Unknown Source)
	at TempTestSuite1599020994386.run(TempTestSuite1599020994386.groovy:36)
Caused by: com.kms.katalon.core.webui.exception.WebElementNotFoundException: Web element with id: 'Object Repository/All/UserName' located by 'By.xpath: //*[@id="txtUsername"]' not found
	at com.kms.katalon.core.webui.common.WebUiCommonHelper.findWebElement(WebUiCommonHelper.java:1154)
	at com.kms.katalon.core.webui.keyword.internal.WebUIAbstractKeyword.findWebElement(WebUIAbstractKeyword.groovy:27)
	at com.kms.katalon.core.webui.keyword.internal.WebUIAbstractKeyword.findWebElement(WebUIAbstractKeyword.groovy:26)
	at com.kms.katalon.core.webui.keyword.builtin.SetTextKeyword$_setText_closure1.doCall(SetTextKeyword.groovy:51)
	at com.kms.katalon.core.webui.keyword.builtin.SetTextKeyword$_setText_closure1.call(SetTextKeyword.groovy)
	at com.kms.katalon.core.webui.keyword.internal.WebUIKeywordMain.runKeyword(WebUIKeywordMain.groovy:20)
	at com.kms.katalon.core.webui.keyword.builtin.SetTextKeyword.setText(SetTextKeyword.groovy:66)
	at com.kms.katalon.core.webui.keyword.builtin.SetTextKeyword.execute(SetTextKeyword.groovy:37)
	at com.kms.katalon.core.keyword.internal.KeywordExecutor.executeKeywordForPlatform(KeywordExecutor.groovy:72)
	at com.kms.katalon.core.webui.keyword.WebUiBuiltInKeywords.setText(WebUiBuiltInKeywords.groovy:950)
	at com.kms.katalon.core.webui.keyword.WebUiBuiltInKeywords$setText$1.call(Unknown Source)
	at Script1590734929315.run(Script1590734929315.groovy:25)
	... 13 more
)

2020-09-02 13:25:06 - [MESSAGE][INFO] - Unable to find the element located by 'By.xpath: //*[@id="txtUsername"]'. Please recheck the objects properties to make sure the desired element is located. 

2020-09-02 13:25:07 - [MESSAGE][FAILED] - Unable to set text 'anggi1' of object 'Object Repository/All/UserName' (Root cause: com.kms.katalon.core.exception.StepFailedException: Unable to set text 'anggi1' of object 'Object Repository/All/UserName'
	at com.kms.katalon.core.webui.keyword.internal.WebUIKeywordMain.stepFailed(WebUIKeywordMain.groovy:64)
	at com.kms.katalon.core.webui.keyword.internal.WebUIKeywordMain.runKeyword(WebUIKeywordMain.groovy:26)
	at com.kms.katalon.core.webui.keyword.builtin.SetTextKeyword.setText(SetTextKeyword.groovy:66)
	at com.kms.katalon.core.webui.keyword.builtin.SetTextKeyword.execute(SetTextKeyword.groovy:37)
	at com.kms.katalon.core.keyword.internal.KeywordExecutor.executeKeywordForPlatform(KeywordExecutor.groovy:72)
	at com.kms.katalon.core.webui.keyword.WebUiBuiltInKeywords.setText(WebUiBuiltInKeywords.groovy:950)
	at com.kms.katalon.core.webui.keyword.WebUiBuiltInKeywords$setText$1.call(Unknown Source)
	at GoAML Report 1.run(GoAML Report 1:25)
	at com.kms.katalon.core.main.ScriptEngine.run(ScriptEngine.java:194)
	at com.kms.katalon.core.main.ScriptEngine.runScriptAsRawText(ScriptEngine.java:119)
	at com.kms.katalon.core.main.TestCaseExecutor.runScript(TestCaseExecutor.java:337)
	at com.kms.katalon.core.main.TestCaseExecutor.doExecute(TestCaseExecutor.java:328)
	at com.kms.katalon.core.main.TestCaseExecutor.processExecutionPhase(TestCaseExecutor.java:307)
	at com.kms.katalon.core.main.TestCaseExecutor.accessMainPhase(TestCaseExecutor.java:299)
	at com.kms.katalon.core.main.TestCaseExecutor.execute(TestCaseExecutor.java:233)
	at com.kms.katalon.core.main.TestSuiteExecutor.accessTestCaseMainPhase(TestSuiteExecutor.java:169)
	at com.kms.katalon.core.main.TestSuiteExecutor.accessTestSuiteMainPhase(TestSuiteExecutor.java:142)
	at com.kms.katalon.core.main.TestSuiteExecutor.execute(TestSuiteExecutor.java:91)
	at com.kms.katalon.core.main.TestCaseMain.startTestSuite(TestCaseMain.java:157)
	at com.kms.katalon.core.main.TestCaseMain$startTestSuite$0.call(Unknown Source)
	at TempTestSuite1599020994386.run(TempTestSuite1599020994386.groovy:36)
Caused by: com.kms.katalon.core.webui.exception.WebElementNotFoundException: Web element with id: 'Object Repository/All/UserName' located by 'By.xpath: //*[@id="txtUsername"]' not found
	at com.kms.katalon.core.webui.common.WebUiCommonHelper.findWebElement(WebUiCommonHelper.java:1154)
	at com.kms.katalon.core.webui.keyword.internal.WebUIAbstractKeyword.findWebElement(WebUIAbstractKeyword.groovy:27)
	at com.kms.katalon.core.webui.keyword.internal.WebUIAbstractKeyword.findWebElement(WebUIAbstractKeyword.groovy:26)
	at com.kms.katalon.core.webui.keyword.builtin.SetTextKeyword$_setText_closure1.doCall(SetTextKeyword.groovy:51)
	at com.kms.katalon.core.webui.keyword.builtin.SetTextKeyword$_setText_closure1.call(SetTextKeyword.groovy)
	at com.kms.katalon.core.webui.keyword.internal.WebUIKeywordMain.runKeyword(WebUIKeywordMain.groovy:20)
	at com.kms.katalon.core.webui.keyword.builtin.SetTextKeyword.setText(SetTextKeyword.groovy:66)
	at com.kms.katalon.core.webui.keyword.builtin.SetTextKeyword.execute(SetTextKeyword.groovy:37)
	at com.kms.katalon.core.keyword.internal.KeywordExecutor.executeKeywordForPlatform(KeywordExecutor.groovy:72)
	at com.kms.katalon.core.webui.keyword.WebUiBuiltInKeywords.setText(WebUiBuiltInKeywords.groovy:950)
	at com.kms.katalon.core.webui.keyword.WebUiBuiltInKeywords$setText$1.call(Unknown Source)
	at Script1590734929315.run(Script1590734929315.groovy:25)
	... 13 more
)
[[ATTACHMENT|D:\\poject\\goaml2\\Katalon\\GoAML\\Reports\\20200902_112954\\New Test Suite (1)\\20200902_112954\\1599027906993.png]]]]></system-out>
         <system-err><![CDATA[2020-09-02 13:24:20 - [TEST_CASE][FAILED] - Test Cases/GoAML Report 1: Test Cases/GoAML Report 1 FAILED.
Reason:
com.kms.katalon.core.exception.StepFailedException: Unable to set text 'anggi1' of object 'Object Repository/All/UserName'
	at com.kms.katalon.core.webui.keyword.internal.WebUIKeywordMain.stepFailed(WebUIKeywordMain.groovy:64)
	at com.kms.katalon.core.webui.keyword.internal.WebUIKeywordMain.runKeyword(WebUIKeywordMain.groovy:26)
	at com.kms.katalon.core.webui.keyword.builtin.SetTextKeyword.setText(SetTextKeyword.groovy:66)
	at com.kms.katalon.core.webui.keyword.builtin.SetTextKeyword.execute(SetTextKeyword.groovy:37)
	at com.kms.katalon.core.keyword.internal.KeywordExecutor.executeKeywordForPlatform(KeywordExecutor.groovy:72)
	at com.kms.katalon.core.webui.keyword.WebUiBuiltInKeywords.setText(WebUiBuiltInKeywords.groovy:950)
	at com.kms.katalon.core.webui.keyword.WebUiBuiltInKeywords$setText$1.call(Unknown Source)
	at GoAML Report 1.run(GoAML Report 1:25)
	at com.kms.katalon.core.main.ScriptEngine.run(ScriptEngine.java:194)
	at com.kms.katalon.core.main.ScriptEngine.runScriptAsRawText(ScriptEngine.java:119)
	at com.kms.katalon.core.main.TestCaseExecutor.runScript(TestCaseExecutor.java:337)
	at com.kms.katalon.core.main.TestCaseExecutor.doExecute(TestCaseExecutor.java:328)
	at com.kms.katalon.core.main.TestCaseExecutor.processExecutionPhase(TestCaseExecutor.java:307)
	at com.kms.katalon.core.main.TestCaseExecutor.accessMainPhase(TestCaseExecutor.java:299)
	at com.kms.katalon.core.main.TestCaseExecutor.execute(TestCaseExecutor.java:233)
	at com.kms.katalon.core.main.TestSuiteExecutor.accessTestCaseMainPhase(TestSuiteExecutor.java:169)
	at com.kms.katalon.core.main.TestSuiteExecutor.accessTestSuiteMainPhase(TestSuiteExecutor.java:142)
	at com.kms.katalon.core.main.TestSuiteExecutor.execute(TestSuiteExecutor.java:91)
	at com.kms.katalon.core.main.TestCaseMain.startTestSuite(TestCaseMain.java:157)
	at com.kms.katalon.core.main.TestCaseMain$startTestSuite$0.call(Unknown Source)
	at TempTestSuite1599020994386.run(TempTestSuite1599020994386.groovy:36)
Caused by: com.kms.katalon.core.webui.exception.WebElementNotFoundException: Web element with id: 'Object Repository/All/UserName' located by 'By.xpath: //*[@id="txtUsername"]' not found
	at com.kms.katalon.core.webui.common.WebUiCommonHelper.findWebElement(WebUiCommonHelper.java:1154)
	at com.kms.katalon.core.webui.keyword.internal.WebUIAbstractKeyword.findWebElement(WebUIAbstractKeyword.groovy:27)
	at com.kms.katalon.core.webui.keyword.internal.WebUIAbstractKeyword.findWebElement(WebUIAbstractKeyword.groovy:26)
	at com.kms.katalon.core.webui.keyword.builtin.SetTextKeyword$_setText_closure1.doCall(SetTextKeyword.groovy:51)
	at com.kms.katalon.core.webui.keyword.builtin.SetTextKeyword$_setText_closure1.call(SetTextKeyword.groovy)
	at com.kms.katalon.core.webui.keyword.internal.WebUIKeywordMain.runKeyword(WebUIKeywordMain.groovy:20)
	... 19 more]]></system-err>
      </testcase>
      <testcase name="Test Cases/GoAML Report 1" time="49.542" classname="Test Cases/GoAML Report 1" status="FAILED">
         <failure type="FAILED" message="Test Cases/GoAML Report 1 FAILED.
Reason:
com.kms.katalon.core.exception.StepFailedException: Unable to set text 'anggi1' of object 'Object Repository/All/UserName'
	at com.kms.katalon.core.webui.keyword.internal.WebUIKeywordMain.stepFailed(WebUIKeywordMain.groovy:64)
	at com.kms.katalon.core.webui.keyword.internal.WebUIKeywordMain.runKeyword(WebUIKeywordMain.groovy:26)
	at com.kms.katalon.core.webui.keyword.builtin.SetTextKeyword.setText(SetTextKeyword.groovy:66)
	at com.kms.katalon.core.webui.keyword.builtin.SetTextKeyword.execute(SetTextKeyword.groovy:37)
	at com.kms.katalon.core.keyword.internal.KeywordExecutor.executeKeywordForPlatform(KeywordExecutor.groovy:72)
	at com.kms.katalon.core.webui.keyword.WebUiBuiltInKeywords.setText(WebUiBuiltInKeywords.groovy:950)
	at com.kms.katalon.core.webui.keyword.WebUiBuiltInKeywords$setText$1.call(Unknown Source)
	at GoAML Report 1.run(GoAML Report 1:25)
	at com.kms.katalon.core.main.ScriptEngine.run(ScriptEngine.java:194)
	at com.kms.katalon.core.main.ScriptEngine.runScriptAsRawText(ScriptEngine.java:119)
	at com.kms.katalon.core.main.TestCaseExecutor.runScript(TestCaseExecutor.java:337)
	at com.kms.katalon.core.main.TestCaseExecutor.doExecute(TestCaseExecutor.java:328)
	at com.kms.katalon.core.main.TestCaseExecutor.processExecutionPhase(TestCaseExecutor.java:307)
	at com.kms.katalon.core.main.TestCaseExecutor.accessMainPhase(TestCaseExecutor.java:299)
	at com.kms.katalon.core.main.TestCaseExecutor.execute(TestCaseExecutor.java:233)
	at com.kms.katalon.core.main.TestSuiteExecutor.accessTestCaseMainPhase(TestSuiteExecutor.java:169)
	at com.kms.katalon.core.main.TestSuiteExecutor.accessTestSuiteMainPhase(TestSuiteExecutor.java:142)
	at com.kms.katalon.core.main.TestSuiteExecutor.execute(TestSuiteExecutor.java:91)
	at com.kms.katalon.core.main.TestCaseMain.startTestSuite(TestCaseMain.java:157)
	at com.kms.katalon.core.main.TestCaseMain$startTestSuite$0.call(Unknown Source)
	at TempTestSuite1599020994386.run(TempTestSuite1599020994386.groovy:36)
Caused by: com.kms.katalon.core.webui.exception.WebElementNotFoundException: Web element with id: 'Object Repository/All/UserName' located by 'By.xpath: //*[@id=&quot;txtUsername&quot;]' not found
	at com.kms.katalon.core.webui.common.WebUiCommonHelper.findWebElement(WebUiCommonHelper.java:1154)
	at com.kms.katalon.core.webui.keyword.internal.WebUIAbstractKeyword.findWebElement(WebUIAbstractKeyword.groovy:27)
	at com.kms.katalon.core.webui.keyword.internal.WebUIAbstractKeyword.findWebElement(WebUIAbstractKeyword.groovy:26)
	at com.kms.katalon.core.webui.keyword.builtin.SetTextKeyword$_setText_closure1.doCall(SetTextKeyword.groovy:51)
	at com.kms.katalon.core.webui.keyword.builtin.SetTextKeyword$_setText_closure1.call(SetTextKeyword.groovy)
	at com.kms.katalon.core.webui.keyword.internal.WebUIKeywordMain.runKeyword(WebUIKeywordMain.groovy:20)
	... 19 more
"/>
         <system-out><![CDATA[2020-09-02 13:25:09 - [TEST_CASE][FAILED] - Test Cases/GoAML Report 1: Test Cases/GoAML Report 1 FAILED.
Reason:
com.kms.katalon.core.exception.StepFailedException: Unable to set text 'anggi1' of object 'Object Repository/All/UserName'
	at com.kms.katalon.core.webui.keyword.internal.WebUIKeywordMain.stepFailed(WebUIKeywordMain.groovy:64)
	at com.kms.katalon.core.webui.keyword.internal.WebUIKeywordMain.runKeyword(WebUIKeywordMain.groovy:26)
	at com.kms.katalon.core.webui.keyword.builtin.SetTextKeyword.setText(SetTextKeyword.groovy:66)
	at com.kms.katalon.core.webui.keyword.builtin.SetTextKeyword.execute(SetTextKeyword.groovy:37)
	at com.kms.katalon.core.keyword.internal.KeywordExecutor.executeKeywordForPlatform(KeywordExecutor.groovy:72)
	at com.kms.katalon.core.webui.keyword.WebUiBuiltInKeywords.setText(WebUiBuiltInKeywords.groovy:950)
	at com.kms.katalon.core.webui.keyword.WebUiBuiltInKeywords$setText$1.call(Unknown Source)
	at GoAML Report 1.run(GoAML Report 1:25)
	at com.kms.katalon.core.main.ScriptEngine.run(ScriptEngine.java:194)
	at com.kms.katalon.core.main.ScriptEngine.runScriptAsRawText(ScriptEngine.java:119)
	at com.kms.katalon.core.main.TestCaseExecutor.runScript(TestCaseExecutor.java:337)
	at com.kms.katalon.core.main.TestCaseExecutor.doExecute(TestCaseExecutor.java:328)
	at com.kms.katalon.core.main.TestCaseExecutor.processExecutionPhase(TestCaseExecutor.java:307)
	at com.kms.katalon.core.main.TestCaseExecutor.accessMainPhase(TestCaseExecutor.java:299)
	at com.kms.katalon.core.main.TestCaseExecutor.execute(TestCaseExecutor.java:233)
	at com.kms.katalon.core.main.TestSuiteExecutor.accessTestCaseMainPhase(TestSuiteExecutor.java:169)
	at com.kms.katalon.core.main.TestSuiteExecutor.accessTestSuiteMainPhase(TestSuiteExecutor.java:142)
	at com.kms.katalon.core.main.TestSuiteExecutor.execute(TestSuiteExecutor.java:91)
	at com.kms.katalon.core.main.TestCaseMain.startTestSuite(TestCaseMain.java:157)
	at com.kms.katalon.core.main.TestCaseMain$startTestSuite$0.call(Unknown Source)
	at TempTestSuite1599020994386.run(TempTestSuite1599020994386.groovy:36)
Caused by: com.kms.katalon.core.webui.exception.WebElementNotFoundException: Web element with id: 'Object Repository/All/UserName' located by 'By.xpath: //*[@id="txtUsername"]' not found
	at com.kms.katalon.core.webui.common.WebUiCommonHelper.findWebElement(WebUiCommonHelper.java:1154)
	at com.kms.katalon.core.webui.keyword.internal.WebUIAbstractKeyword.findWebElement(WebUIAbstractKeyword.groovy:27)
	at com.kms.katalon.core.webui.keyword.internal.WebUIAbstractKeyword.findWebElement(WebUIAbstractKeyword.groovy:26)
	at com.kms.katalon.core.webui.keyword.builtin.SetTextKeyword$_setText_closure1.doCall(SetTextKeyword.groovy:51)
	at com.kms.katalon.core.webui.keyword.builtin.SetTextKeyword$_setText_closure1.call(SetTextKeyword.groovy)
	at com.kms.katalon.core.webui.keyword.internal.WebUIKeywordMain.runKeyword(WebUIKeywordMain.groovy:20)
	... 19 more


2020-09-02 13:25:09 - [TEST_STEP][PASSED] - openBrowser("http://goaml.southeastasia.cloudapp.azure.com/goaml/Default.aspx"): Browser is opened with url: 'http://goaml.southeastasia.cloudapp.azure.com/goaml/Default.aspx'

2020-09-02 13:25:09 - [MESSAGE][WARNING] - A browser is already opened. Closing browser and opening a new one

2020-09-02 13:25:10 - [MESSAGE][INFO] - Starting 'Chrome' driver

2020-09-02 13:25:10 - [MESSAGE][INFO] - User set preference: ['property', '']

2020-09-02 13:25:33 - [MESSAGE][PASSED] - Browser is opened with url: 'http://goaml.southeastasia.cloudapp.azure.com/goaml/Default.aspx'

2020-09-02 13:25:33 - [TEST_STEP][PASSED] - maximizeWindow(): Current window maximized

2020-09-02 13:25:35 - [MESSAGE][PASSED] - Current window maximized

2020-09-02 13:25:35 - [TEST_STEP][FAILED] - setText(findTestObject("All/UserName"), "anggi1"): Unable to set text 'anggi1' of object 'Object Repository/All/UserName' (Root cause: com.kms.katalon.core.exception.StepFailedException: Unable to set text 'anggi1' of object 'Object Repository/All/UserName'
	at com.kms.katalon.core.webui.keyword.internal.WebUIKeywordMain.stepFailed(WebUIKeywordMain.groovy:64)
	at com.kms.katalon.core.webui.keyword.internal.WebUIKeywordMain.runKeyword(WebUIKeywordMain.groovy:26)
	at com.kms.katalon.core.webui.keyword.builtin.SetTextKeyword.setText(SetTextKeyword.groovy:66)
	at com.kms.katalon.core.webui.keyword.builtin.SetTextKeyword.execute(SetTextKeyword.groovy:37)
	at com.kms.katalon.core.keyword.internal.KeywordExecutor.executeKeywordForPlatform(KeywordExecutor.groovy:72)
	at com.kms.katalon.core.webui.keyword.WebUiBuiltInKeywords.setText(WebUiBuiltInKeywords.groovy:950)
	at com.kms.katalon.core.webui.keyword.WebUiBuiltInKeywords$setText$1.call(Unknown Source)
	at GoAML Report 1.run(GoAML Report 1:25)
	at com.kms.katalon.core.main.ScriptEngine.run(ScriptEngine.java:194)
	at com.kms.katalon.core.main.ScriptEngine.runScriptAsRawText(ScriptEngine.java:119)
	at com.kms.katalon.core.main.TestCaseExecutor.runScript(TestCaseExecutor.java:337)
	at com.kms.katalon.core.main.TestCaseExecutor.doExecute(TestCaseExecutor.java:328)
	at com.kms.katalon.core.main.TestCaseExecutor.processExecutionPhase(TestCaseExecutor.java:307)
	at com.kms.katalon.core.main.TestCaseExecutor.accessMainPhase(TestCaseExecutor.java:299)
	at com.kms.katalon.core.main.TestCaseExecutor.execute(TestCaseExecutor.java:233)
	at com.kms.katalon.core.main.TestSuiteExecutor.accessTestCaseMainPhase(TestSuiteExecutor.java:169)
	at com.kms.katalon.core.main.TestSuiteExecutor.accessTestSuiteMainPhase(TestSuiteExecutor.java:142)
	at com.kms.katalon.core.main.TestSuiteExecutor.execute(TestSuiteExecutor.java:91)
	at com.kms.katalon.core.main.TestCaseMain.startTestSuite(TestCaseMain.java:157)
	at com.kms.katalon.core.main.TestCaseMain$startTestSuite$0.call(Unknown Source)
	at TempTestSuite1599020994386.run(TempTestSuite1599020994386.groovy:36)
Caused by: com.kms.katalon.core.webui.exception.WebElementNotFoundException: Web element with id: 'Object Repository/All/UserName' located by 'By.xpath: //*[@id="txtUsername"]' not found
	at com.kms.katalon.core.webui.common.WebUiCommonHelper.findWebElement(WebUiCommonHelper.java:1154)
	at com.kms.katalon.core.webui.keyword.internal.WebUIAbstractKeyword.findWebElement(WebUIAbstractKeyword.groovy:27)
	at com.kms.katalon.core.webui.keyword.internal.WebUIAbstractKeyword.findWebElement(WebUIAbstractKeyword.groovy:26)
	at com.kms.katalon.core.webui.keyword.builtin.SetTextKeyword$_setText_closure1.doCall(SetTextKeyword.groovy:51)
	at com.kms.katalon.core.webui.keyword.builtin.SetTextKeyword$_setText_closure1.call(SetTextKeyword.groovy)
	at com.kms.katalon.core.webui.keyword.internal.WebUIKeywordMain.runKeyword(WebUIKeywordMain.groovy:20)
	at com.kms.katalon.core.webui.keyword.builtin.SetTextKeyword.setText(SetTextKeyword.groovy:66)
	at com.kms.katalon.core.webui.keyword.builtin.SetTextKeyword.execute(SetTextKeyword.groovy:37)
	at com.kms.katalon.core.keyword.internal.KeywordExecutor.executeKeywordForPlatform(KeywordExecutor.groovy:72)
	at com.kms.katalon.core.webui.keyword.WebUiBuiltInKeywords.setText(WebUiBuiltInKeywords.groovy:950)
	at com.kms.katalon.core.webui.keyword.WebUiBuiltInKeywords$setText$1.call(Unknown Source)
	at Script1590734929315.run(Script1590734929315.groovy:25)
	... 13 more
)

2020-09-02 13:25:56 - [MESSAGE][INFO] - Unable to find the element located by 'By.xpath: //*[@id="txtUsername"]'. Please recheck the objects properties to make sure the desired element is located. 

2020-09-02 13:25:56 - [MESSAGE][FAILED] - Unable to set text 'anggi1' of object 'Object Repository/All/UserName' (Root cause: com.kms.katalon.core.exception.StepFailedException: Unable to set text 'anggi1' of object 'Object Repository/All/UserName'
	at com.kms.katalon.core.webui.keyword.internal.WebUIKeywordMain.stepFailed(WebUIKeywordMain.groovy:64)
	at com.kms.katalon.core.webui.keyword.internal.WebUIKeywordMain.runKeyword(WebUIKeywordMain.groovy:26)
	at com.kms.katalon.core.webui.keyword.builtin.SetTextKeyword.setText(SetTextKeyword.groovy:66)
	at com.kms.katalon.core.webui.keyword.builtin.SetTextKeyword.execute(SetTextKeyword.groovy:37)
	at com.kms.katalon.core.keyword.internal.KeywordExecutor.executeKeywordForPlatform(KeywordExecutor.groovy:72)
	at com.kms.katalon.core.webui.keyword.WebUiBuiltInKeywords.setText(WebUiBuiltInKeywords.groovy:950)
	at com.kms.katalon.core.webui.keyword.WebUiBuiltInKeywords$setText$1.call(Unknown Source)
	at GoAML Report 1.run(GoAML Report 1:25)
	at com.kms.katalon.core.main.ScriptEngine.run(ScriptEngine.java:194)
	at com.kms.katalon.core.main.ScriptEngine.runScriptAsRawText(ScriptEngine.java:119)
	at com.kms.katalon.core.main.TestCaseExecutor.runScript(TestCaseExecutor.java:337)
	at com.kms.katalon.core.main.TestCaseExecutor.doExecute(TestCaseExecutor.java:328)
	at com.kms.katalon.core.main.TestCaseExecutor.processExecutionPhase(TestCaseExecutor.java:307)
	at com.kms.katalon.core.main.TestCaseExecutor.accessMainPhase(TestCaseExecutor.java:299)
	at com.kms.katalon.core.main.TestCaseExecutor.execute(TestCaseExecutor.java:233)
	at com.kms.katalon.core.main.TestSuiteExecutor.accessTestCaseMainPhase(TestSuiteExecutor.java:169)
	at com.kms.katalon.core.main.TestSuiteExecutor.accessTestSuiteMainPhase(TestSuiteExecutor.java:142)
	at com.kms.katalon.core.main.TestSuiteExecutor.execute(TestSuiteExecutor.java:91)
	at com.kms.katalon.core.main.TestCaseMain.startTestSuite(TestCaseMain.java:157)
	at com.kms.katalon.core.main.TestCaseMain$startTestSuite$0.call(Unknown Source)
	at TempTestSuite1599020994386.run(TempTestSuite1599020994386.groovy:36)
Caused by: com.kms.katalon.core.webui.exception.WebElementNotFoundException: Web element with id: 'Object Repository/All/UserName' located by 'By.xpath: //*[@id="txtUsername"]' not found
	at com.kms.katalon.core.webui.common.WebUiCommonHelper.findWebElement(WebUiCommonHelper.java:1154)
	at com.kms.katalon.core.webui.keyword.internal.WebUIAbstractKeyword.findWebElement(WebUIAbstractKeyword.groovy:27)
	at com.kms.katalon.core.webui.keyword.internal.WebUIAbstractKeyword.findWebElement(WebUIAbstractKeyword.groovy:26)
	at com.kms.katalon.core.webui.keyword.builtin.SetTextKeyword$_setText_closure1.doCall(SetTextKeyword.groovy:51)
	at com.kms.katalon.core.webui.keyword.builtin.SetTextKeyword$_setText_closure1.call(SetTextKeyword.groovy)
	at com.kms.katalon.core.webui.keyword.internal.WebUIKeywordMain.runKeyword(WebUIKeywordMain.groovy:20)
	at com.kms.katalon.core.webui.keyword.builtin.SetTextKeyword.setText(SetTextKeyword.groovy:66)
	at com.kms.katalon.core.webui.keyword.builtin.SetTextKeyword.execute(SetTextKeyword.groovy:37)
	at com.kms.katalon.core.keyword.internal.KeywordExecutor.executeKeywordForPlatform(KeywordExecutor.groovy:72)
	at com.kms.katalon.core.webui.keyword.WebUiBuiltInKeywords.setText(WebUiBuiltInKeywords.groovy:950)
	at com.kms.katalon.core.webui.keyword.WebUiBuiltInKeywords$setText$1.call(Unknown Source)
	at Script1590734929315.run(Script1590734929315.groovy:25)
	... 13 more
)
[[ATTACHMENT|D:\\poject\\goaml2\\Katalon\\GoAML\\Reports\\20200902_112954\\New Test Suite (1)\\20200902_112954\\1599027956525.png]]]]></system-out>
         <system-err><![CDATA[2020-09-02 13:25:09 - [TEST_CASE][FAILED] - Test Cases/GoAML Report 1: Test Cases/GoAML Report 1 FAILED.
Reason:
com.kms.katalon.core.exception.StepFailedException: Unable to set text 'anggi1' of object 'Object Repository/All/UserName'
	at com.kms.katalon.core.webui.keyword.internal.WebUIKeywordMain.stepFailed(WebUIKeywordMain.groovy:64)
	at com.kms.katalon.core.webui.keyword.internal.WebUIKeywordMain.runKeyword(WebUIKeywordMain.groovy:26)
	at com.kms.katalon.core.webui.keyword.builtin.SetTextKeyword.setText(SetTextKeyword.groovy:66)
	at com.kms.katalon.core.webui.keyword.builtin.SetTextKeyword.execute(SetTextKeyword.groovy:37)
	at com.kms.katalon.core.keyword.internal.KeywordExecutor.executeKeywordForPlatform(KeywordExecutor.groovy:72)
	at com.kms.katalon.core.webui.keyword.WebUiBuiltInKeywords.setText(WebUiBuiltInKeywords.groovy:950)
	at com.kms.katalon.core.webui.keyword.WebUiBuiltInKeywords$setText$1.call(Unknown Source)
	at GoAML Report 1.run(GoAML Report 1:25)
	at com.kms.katalon.core.main.ScriptEngine.run(ScriptEngine.java:194)
	at com.kms.katalon.core.main.ScriptEngine.runScriptAsRawText(ScriptEngine.java:119)
	at com.kms.katalon.core.main.TestCaseExecutor.runScript(TestCaseExecutor.java:337)
	at com.kms.katalon.core.main.TestCaseExecutor.doExecute(TestCaseExecutor.java:328)
	at com.kms.katalon.core.main.TestCaseExecutor.processExecutionPhase(TestCaseExecutor.java:307)
	at com.kms.katalon.core.main.TestCaseExecutor.accessMainPhase(TestCaseExecutor.java:299)
	at com.kms.katalon.core.main.TestCaseExecutor.execute(TestCaseExecutor.java:233)
	at com.kms.katalon.core.main.TestSuiteExecutor.accessTestCaseMainPhase(TestSuiteExecutor.java:169)
	at com.kms.katalon.core.main.TestSuiteExecutor.accessTestSuiteMainPhase(TestSuiteExecutor.java:142)
	at com.kms.katalon.core.main.TestSuiteExecutor.execute(TestSuiteExecutor.java:91)
	at com.kms.katalon.core.main.TestCaseMain.startTestSuite(TestCaseMain.java:157)
	at com.kms.katalon.core.main.TestCaseMain$startTestSuite$0.call(Unknown Source)
	at TempTestSuite1599020994386.run(TempTestSuite1599020994386.groovy:36)
Caused by: com.kms.katalon.core.webui.exception.WebElementNotFoundException: Web element with id: 'Object Repository/All/UserName' located by 'By.xpath: //*[@id="txtUsername"]' not found
	at com.kms.katalon.core.webui.common.WebUiCommonHelper.findWebElement(WebUiCommonHelper.java:1154)
	at com.kms.katalon.core.webui.keyword.internal.WebUIAbstractKeyword.findWebElement(WebUIAbstractKeyword.groovy:27)
	at com.kms.katalon.core.webui.keyword.internal.WebUIAbstractKeyword.findWebElement(WebUIAbstractKeyword.groovy:26)
	at com.kms.katalon.core.webui.keyword.builtin.SetTextKeyword$_setText_closure1.doCall(SetTextKeyword.groovy:51)
	at com.kms.katalon.core.webui.keyword.builtin.SetTextKeyword$_setText_closure1.call(SetTextKeyword.groovy)
	at com.kms.katalon.core.webui.keyword.internal.WebUIKeywordMain.runKeyword(WebUIKeywordMain.groovy:20)
	... 19 more]]></system-err>
      </testcase>
      <testcase name="Test Cases/GoAML Report 1" time="48.879" classname="Test Cases/GoAML Report 1" status="FAILED">
         <failure type="FAILED" message="Test Cases/GoAML Report 1 FAILED.
Reason:
com.kms.katalon.core.exception.StepFailedException: Unable to set text 'anggi1' of object 'Object Repository/All/UserName'
	at com.kms.katalon.core.webui.keyword.internal.WebUIKeywordMain.stepFailed(WebUIKeywordMain.groovy:64)
	at com.kms.katalon.core.webui.keyword.internal.WebUIKeywordMain.runKeyword(WebUIKeywordMain.groovy:26)
	at com.kms.katalon.core.webui.keyword.builtin.SetTextKeyword.setText(SetTextKeyword.groovy:66)
	at com.kms.katalon.core.webui.keyword.builtin.SetTextKeyword.execute(SetTextKeyword.groovy:37)
	at com.kms.katalon.core.keyword.internal.KeywordExecutor.executeKeywordForPlatform(KeywordExecutor.groovy:72)
	at com.kms.katalon.core.webui.keyword.WebUiBuiltInKeywords.setText(WebUiBuiltInKeywords.groovy:950)
	at com.kms.katalon.core.webui.keyword.WebUiBuiltInKeywords$setText$1.call(Unknown Source)
	at GoAML Report 1.run(GoAML Report 1:25)
	at com.kms.katalon.core.main.ScriptEngine.run(ScriptEngine.java:194)
	at com.kms.katalon.core.main.ScriptEngine.runScriptAsRawText(ScriptEngine.java:119)
	at com.kms.katalon.core.main.TestCaseExecutor.runScript(TestCaseExecutor.java:337)
	at com.kms.katalon.core.main.TestCaseExecutor.doExecute(TestCaseExecutor.java:328)
	at com.kms.katalon.core.main.TestCaseExecutor.processExecutionPhase(TestCaseExecutor.java:307)
	at com.kms.katalon.core.main.TestCaseExecutor.accessMainPhase(TestCaseExecutor.java:299)
	at com.kms.katalon.core.main.TestCaseExecutor.execute(TestCaseExecutor.java:233)
	at com.kms.katalon.core.main.TestSuiteExecutor.accessTestCaseMainPhase(TestSuiteExecutor.java:169)
	at com.kms.katalon.core.main.TestSuiteExecutor.accessTestSuiteMainPhase(TestSuiteExecutor.java:142)
	at com.kms.katalon.core.main.TestSuiteExecutor.execute(TestSuiteExecutor.java:91)
	at com.kms.katalon.core.main.TestCaseMain.startTestSuite(TestCaseMain.java:157)
	at com.kms.katalon.core.main.TestCaseMain$startTestSuite$0.call(Unknown Source)
	at TempTestSuite1599020994386.run(TempTestSuite1599020994386.groovy:36)
Caused by: com.kms.katalon.core.webui.exception.WebElementNotFoundException: Web element with id: 'Object Repository/All/UserName' located by 'By.xpath: //*[@id=&quot;txtUsername&quot;]' not found
	at com.kms.katalon.core.webui.common.WebUiCommonHelper.findWebElement(WebUiCommonHelper.java:1154)
	at com.kms.katalon.core.webui.keyword.internal.WebUIAbstractKeyword.findWebElement(WebUIAbstractKeyword.groovy:27)
	at com.kms.katalon.core.webui.keyword.internal.WebUIAbstractKeyword.findWebElement(WebUIAbstractKeyword.groovy:26)
	at com.kms.katalon.core.webui.keyword.builtin.SetTextKeyword$_setText_closure1.doCall(SetTextKeyword.groovy:51)
	at com.kms.katalon.core.webui.keyword.builtin.SetTextKeyword$_setText_closure1.call(SetTextKeyword.groovy)
	at com.kms.katalon.core.webui.keyword.internal.WebUIKeywordMain.runKeyword(WebUIKeywordMain.groovy:20)
	... 19 more
"/>
         <system-out><![CDATA[2020-09-02 13:25:58 - [TEST_CASE][FAILED] - Test Cases/GoAML Report 1: Test Cases/GoAML Report 1 FAILED.
Reason:
com.kms.katalon.core.exception.StepFailedException: Unable to set text 'anggi1' of object 'Object Repository/All/UserName'
	at com.kms.katalon.core.webui.keyword.internal.WebUIKeywordMain.stepFailed(WebUIKeywordMain.groovy:64)
	at com.kms.katalon.core.webui.keyword.internal.WebUIKeywordMain.runKeyword(WebUIKeywordMain.groovy:26)
	at com.kms.katalon.core.webui.keyword.builtin.SetTextKeyword.setText(SetTextKeyword.groovy:66)
	at com.kms.katalon.core.webui.keyword.builtin.SetTextKeyword.execute(SetTextKeyword.groovy:37)
	at com.kms.katalon.core.keyword.internal.KeywordExecutor.executeKeywordForPlatform(KeywordExecutor.groovy:72)
	at com.kms.katalon.core.webui.keyword.WebUiBuiltInKeywords.setText(WebUiBuiltInKeywords.groovy:950)
	at com.kms.katalon.core.webui.keyword.WebUiBuiltInKeywords$setText$1.call(Unknown Source)
	at GoAML Report 1.run(GoAML Report 1:25)
	at com.kms.katalon.core.main.ScriptEngine.run(ScriptEngine.java:194)
	at com.kms.katalon.core.main.ScriptEngine.runScriptAsRawText(ScriptEngine.java:119)
	at com.kms.katalon.core.main.TestCaseExecutor.runScript(TestCaseExecutor.java:337)
	at com.kms.katalon.core.main.TestCaseExecutor.doExecute(TestCaseExecutor.java:328)
	at com.kms.katalon.core.main.TestCaseExecutor.processExecutionPhase(TestCaseExecutor.java:307)
	at com.kms.katalon.core.main.TestCaseExecutor.accessMainPhase(TestCaseExecutor.java:299)
	at com.kms.katalon.core.main.TestCaseExecutor.execute(TestCaseExecutor.java:233)
	at com.kms.katalon.core.main.TestSuiteExecutor.accessTestCaseMainPhase(TestSuiteExecutor.java:169)
	at com.kms.katalon.core.main.TestSuiteExecutor.accessTestSuiteMainPhase(TestSuiteExecutor.java:142)
	at com.kms.katalon.core.main.TestSuiteExecutor.execute(TestSuiteExecutor.java:91)
	at com.kms.katalon.core.main.TestCaseMain.startTestSuite(TestCaseMain.java:157)
	at com.kms.katalon.core.main.TestCaseMain$startTestSuite$0.call(Unknown Source)
	at TempTestSuite1599020994386.run(TempTestSuite1599020994386.groovy:36)
Caused by: com.kms.katalon.core.webui.exception.WebElementNotFoundException: Web element with id: 'Object Repository/All/UserName' located by 'By.xpath: //*[@id="txtUsername"]' not found
	at com.kms.katalon.core.webui.common.WebUiCommonHelper.findWebElement(WebUiCommonHelper.java:1154)
	at com.kms.katalon.core.webui.keyword.internal.WebUIAbstractKeyword.findWebElement(WebUIAbstractKeyword.groovy:27)
	at com.kms.katalon.core.webui.keyword.internal.WebUIAbstractKeyword.findWebElement(WebUIAbstractKeyword.groovy:26)
	at com.kms.katalon.core.webui.keyword.builtin.SetTextKeyword$_setText_closure1.doCall(SetTextKeyword.groovy:51)
	at com.kms.katalon.core.webui.keyword.builtin.SetTextKeyword$_setText_closure1.call(SetTextKeyword.groovy)
	at com.kms.katalon.core.webui.keyword.internal.WebUIKeywordMain.runKeyword(WebUIKeywordMain.groovy:20)
	... 19 more


2020-09-02 13:25:58 - [TEST_STEP][PASSED] - openBrowser("http://goaml.southeastasia.cloudapp.azure.com/goaml/Default.aspx"): Browser is opened with url: 'http://goaml.southeastasia.cloudapp.azure.com/goaml/Default.aspx'

2020-09-02 13:25:58 - [MESSAGE][WARNING] - A browser is already opened. Closing browser and opening a new one

2020-09-02 13:25:59 - [MESSAGE][INFO] - Starting 'Chrome' driver

2020-09-02 13:25:59 - [MESSAGE][INFO] - User set preference: ['property', '']

2020-09-02 13:26:22 - [MESSAGE][PASSED] - Browser is opened with url: 'http://goaml.southeastasia.cloudapp.azure.com/goaml/Default.aspx'

2020-09-02 13:26:22 - [TEST_STEP][PASSED] - maximizeWindow(): Current window maximized

2020-09-02 13:26:24 - [MESSAGE][PASSED] - Current window maximized

2020-09-02 13:26:24 - [TEST_STEP][FAILED] - setText(findTestObject("All/UserName"), "anggi1"): Unable to set text 'anggi1' of object 'Object Repository/All/UserName' (Root cause: com.kms.katalon.core.exception.StepFailedException: Unable to set text 'anggi1' of object 'Object Repository/All/UserName'
	at com.kms.katalon.core.webui.keyword.internal.WebUIKeywordMain.stepFailed(WebUIKeywordMain.groovy:64)
	at com.kms.katalon.core.webui.keyword.internal.WebUIKeywordMain.runKeyword(WebUIKeywordMain.groovy:26)
	at com.kms.katalon.core.webui.keyword.builtin.SetTextKeyword.setText(SetTextKeyword.groovy:66)
	at com.kms.katalon.core.webui.keyword.builtin.SetTextKeyword.execute(SetTextKeyword.groovy:37)
	at com.kms.katalon.core.keyword.internal.KeywordExecutor.executeKeywordForPlatform(KeywordExecutor.groovy:72)
	at com.kms.katalon.core.webui.keyword.WebUiBuiltInKeywords.setText(WebUiBuiltInKeywords.groovy:950)
	at com.kms.katalon.core.webui.keyword.WebUiBuiltInKeywords$setText$1.call(Unknown Source)
	at GoAML Report 1.run(GoAML Report 1:25)
	at com.kms.katalon.core.main.ScriptEngine.run(ScriptEngine.java:194)
	at com.kms.katalon.core.main.ScriptEngine.runScriptAsRawText(ScriptEngine.java:119)
	at com.kms.katalon.core.main.TestCaseExecutor.runScript(TestCaseExecutor.java:337)
	at com.kms.katalon.core.main.TestCaseExecutor.doExecute(TestCaseExecutor.java:328)
	at com.kms.katalon.core.main.TestCaseExecutor.processExecutionPhase(TestCaseExecutor.java:307)
	at com.kms.katalon.core.main.TestCaseExecutor.accessMainPhase(TestCaseExecutor.java:299)
	at com.kms.katalon.core.main.TestCaseExecutor.execute(TestCaseExecutor.java:233)
	at com.kms.katalon.core.main.TestSuiteExecutor.accessTestCaseMainPhase(TestSuiteExecutor.java:169)
	at com.kms.katalon.core.main.TestSuiteExecutor.accessTestSuiteMainPhase(TestSuiteExecutor.java:142)
	at com.kms.katalon.core.main.TestSuiteExecutor.execute(TestSuiteExecutor.java:91)
	at com.kms.katalon.core.main.TestCaseMain.startTestSuite(TestCaseMain.java:157)
	at com.kms.katalon.core.main.TestCaseMain$startTestSuite$0.call(Unknown Source)
	at TempTestSuite1599020994386.run(TempTestSuite1599020994386.groovy:36)
Caused by: com.kms.katalon.core.webui.exception.WebElementNotFoundException: Web element with id: 'Object Repository/All/UserName' located by 'By.xpath: //*[@id="txtUsername"]' not found
	at com.kms.katalon.core.webui.common.WebUiCommonHelper.findWebElement(WebUiCommonHelper.java:1154)
	at com.kms.katalon.core.webui.keyword.internal.WebUIAbstractKeyword.findWebElement(WebUIAbstractKeyword.groovy:27)
	at com.kms.katalon.core.webui.keyword.internal.WebUIAbstractKeyword.findWebElement(WebUIAbstractKeyword.groovy:26)
	at com.kms.katalon.core.webui.keyword.builtin.SetTextKeyword$_setText_closure1.doCall(SetTextKeyword.groovy:51)
	at com.kms.katalon.core.webui.keyword.builtin.SetTextKeyword$_setText_closure1.call(SetTextKeyword.groovy)
	at com.kms.katalon.core.webui.keyword.internal.WebUIKeywordMain.runKeyword(WebUIKeywordMain.groovy:20)
	at com.kms.katalon.core.webui.keyword.builtin.SetTextKeyword.setText(SetTextKeyword.groovy:66)
	at com.kms.katalon.core.webui.keyword.builtin.SetTextKeyword.execute(SetTextKeyword.groovy:37)
	at com.kms.katalon.core.keyword.internal.KeywordExecutor.executeKeywordForPlatform(KeywordExecutor.groovy:72)
	at com.kms.katalon.core.webui.keyword.WebUiBuiltInKeywords.setText(WebUiBuiltInKeywords.groovy:950)
	at com.kms.katalon.core.webui.keyword.WebUiBuiltInKeywords$setText$1.call(Unknown Source)
	at Script1590734929315.run(Script1590734929315.groovy:25)
	... 13 more
)

2020-09-02 13:26:45 - [MESSAGE][INFO] - Unable to find the element located by 'By.xpath: //*[@id="txtUsername"]'. Please recheck the objects properties to make sure the desired element is located. 

2020-09-02 13:26:45 - [MESSAGE][FAILED] - Unable to set text 'anggi1' of object 'Object Repository/All/UserName' (Root cause: com.kms.katalon.core.exception.StepFailedException: Unable to set text 'anggi1' of object 'Object Repository/All/UserName'
	at com.kms.katalon.core.webui.keyword.internal.WebUIKeywordMain.stepFailed(WebUIKeywordMain.groovy:64)
	at com.kms.katalon.core.webui.keyword.internal.WebUIKeywordMain.runKeyword(WebUIKeywordMain.groovy:26)
	at com.kms.katalon.core.webui.keyword.builtin.SetTextKeyword.setText(SetTextKeyword.groovy:66)
	at com.kms.katalon.core.webui.keyword.builtin.SetTextKeyword.execute(SetTextKeyword.groovy:37)
	at com.kms.katalon.core.keyword.internal.KeywordExecutor.executeKeywordForPlatform(KeywordExecutor.groovy:72)
	at com.kms.katalon.core.webui.keyword.WebUiBuiltInKeywords.setText(WebUiBuiltInKeywords.groovy:950)
	at com.kms.katalon.core.webui.keyword.WebUiBuiltInKeywords$setText$1.call(Unknown Source)
	at GoAML Report 1.run(GoAML Report 1:25)
	at com.kms.katalon.core.main.ScriptEngine.run(ScriptEngine.java:194)
	at com.kms.katalon.core.main.ScriptEngine.runScriptAsRawText(ScriptEngine.java:119)
	at com.kms.katalon.core.main.TestCaseExecutor.runScript(TestCaseExecutor.java:337)
	at com.kms.katalon.core.main.TestCaseExecutor.doExecute(TestCaseExecutor.java:328)
	at com.kms.katalon.core.main.TestCaseExecutor.processExecutionPhase(TestCaseExecutor.java:307)
	at com.kms.katalon.core.main.TestCaseExecutor.accessMainPhase(TestCaseExecutor.java:299)
	at com.kms.katalon.core.main.TestCaseExecutor.execute(TestCaseExecutor.java:233)
	at com.kms.katalon.core.main.TestSuiteExecutor.accessTestCaseMainPhase(TestSuiteExecutor.java:169)
	at com.kms.katalon.core.main.TestSuiteExecutor.accessTestSuiteMainPhase(TestSuiteExecutor.java:142)
	at com.kms.katalon.core.main.TestSuiteExecutor.execute(TestSuiteExecutor.java:91)
	at com.kms.katalon.core.main.TestCaseMain.startTestSuite(TestCaseMain.java:157)
	at com.kms.katalon.core.main.TestCaseMain$startTestSuite$0.call(Unknown Source)
	at TempTestSuite1599020994386.run(TempTestSuite1599020994386.groovy:36)
Caused by: com.kms.katalon.core.webui.exception.WebElementNotFoundException: Web element with id: 'Object Repository/All/UserName' located by 'By.xpath: //*[@id="txtUsername"]' not found
	at com.kms.katalon.core.webui.common.WebUiCommonHelper.findWebElement(WebUiCommonHelper.java:1154)
	at com.kms.katalon.core.webui.keyword.internal.WebUIAbstractKeyword.findWebElement(WebUIAbstractKeyword.groovy:27)
	at com.kms.katalon.core.webui.keyword.internal.WebUIAbstractKeyword.findWebElement(WebUIAbstractKeyword.groovy:26)
	at com.kms.katalon.core.webui.keyword.builtin.SetTextKeyword$_setText_closure1.doCall(SetTextKeyword.groovy:51)
	at com.kms.katalon.core.webui.keyword.builtin.SetTextKeyword$_setText_closure1.call(SetTextKeyword.groovy)
	at com.kms.katalon.core.webui.keyword.internal.WebUIKeywordMain.runKeyword(WebUIKeywordMain.groovy:20)
	at com.kms.katalon.core.webui.keyword.builtin.SetTextKeyword.setText(SetTextKeyword.groovy:66)
	at com.kms.katalon.core.webui.keyword.builtin.SetTextKeyword.execute(SetTextKeyword.groovy:37)
	at com.kms.katalon.core.keyword.internal.KeywordExecutor.executeKeywordForPlatform(KeywordExecutor.groovy:72)
	at com.kms.katalon.core.webui.keyword.WebUiBuiltInKeywords.setText(WebUiBuiltInKeywords.groovy:950)
	at com.kms.katalon.core.webui.keyword.WebUiBuiltInKeywords$setText$1.call(Unknown Source)
	at Script1590734929315.run(Script1590734929315.groovy:25)
	... 13 more
)
[[ATTACHMENT|D:\\poject\\goaml2\\Katalon\\GoAML\\Reports\\20200902_112954\\New Test Suite (1)\\20200902_112954\\1599028005352.png]]]]></system-out>
         <system-err><![CDATA[2020-09-02 13:25:58 - [TEST_CASE][FAILED] - Test Cases/GoAML Report 1: Test Cases/GoAML Report 1 FAILED.
Reason:
com.kms.katalon.core.exception.StepFailedException: Unable to set text 'anggi1' of object 'Object Repository/All/UserName'
	at com.kms.katalon.core.webui.keyword.internal.WebUIKeywordMain.stepFailed(WebUIKeywordMain.groovy:64)
	at com.kms.katalon.core.webui.keyword.internal.WebUIKeywordMain.runKeyword(WebUIKeywordMain.groovy:26)
	at com.kms.katalon.core.webui.keyword.builtin.SetTextKeyword.setText(SetTextKeyword.groovy:66)
	at com.kms.katalon.core.webui.keyword.builtin.SetTextKeyword.execute(SetTextKeyword.groovy:37)
	at com.kms.katalon.core.keyword.internal.KeywordExecutor.executeKeywordForPlatform(KeywordExecutor.groovy:72)
	at com.kms.katalon.core.webui.keyword.WebUiBuiltInKeywords.setText(WebUiBuiltInKeywords.groovy:950)
	at com.kms.katalon.core.webui.keyword.WebUiBuiltInKeywords$setText$1.call(Unknown Source)
	at GoAML Report 1.run(GoAML Report 1:25)
	at com.kms.katalon.core.main.ScriptEngine.run(ScriptEngine.java:194)
	at com.kms.katalon.core.main.ScriptEngine.runScriptAsRawText(ScriptEngine.java:119)
	at com.kms.katalon.core.main.TestCaseExecutor.runScript(TestCaseExecutor.java:337)
	at com.kms.katalon.core.main.TestCaseExecutor.doExecute(TestCaseExecutor.java:328)
	at com.kms.katalon.core.main.TestCaseExecutor.processExecutionPhase(TestCaseExecutor.java:307)
	at com.kms.katalon.core.main.TestCaseExecutor.accessMainPhase(TestCaseExecutor.java:299)
	at com.kms.katalon.core.main.TestCaseExecutor.execute(TestCaseExecutor.java:233)
	at com.kms.katalon.core.main.TestSuiteExecutor.accessTestCaseMainPhase(TestSuiteExecutor.java:169)
	at com.kms.katalon.core.main.TestSuiteExecutor.accessTestSuiteMainPhase(TestSuiteExecutor.java:142)
	at com.kms.katalon.core.main.TestSuiteExecutor.execute(TestSuiteExecutor.java:91)
	at com.kms.katalon.core.main.TestCaseMain.startTestSuite(TestCaseMain.java:157)
	at com.kms.katalon.core.main.TestCaseMain$startTestSuite$0.call(Unknown Source)
	at TempTestSuite1599020994386.run(TempTestSuite1599020994386.groovy:36)
Caused by: com.kms.katalon.core.webui.exception.WebElementNotFoundException: Web element with id: 'Object Repository/All/UserName' located by 'By.xpath: //*[@id="txtUsername"]' not found
	at com.kms.katalon.core.webui.common.WebUiCommonHelper.findWebElement(WebUiCommonHelper.java:1154)
	at com.kms.katalon.core.webui.keyword.internal.WebUIAbstractKeyword.findWebElement(WebUIAbstractKeyword.groovy:27)
	at com.kms.katalon.core.webui.keyword.internal.WebUIAbstractKeyword.findWebElement(WebUIAbstractKeyword.groovy:26)
	at com.kms.katalon.core.webui.keyword.builtin.SetTextKeyword$_setText_closure1.doCall(SetTextKeyword.groovy:51)
	at com.kms.katalon.core.webui.keyword.builtin.SetTextKeyword$_setText_closure1.call(SetTextKeyword.groovy)
	at com.kms.katalon.core.webui.keyword.internal.WebUIKeywordMain.runKeyword(WebUIKeywordMain.groovy:20)
	... 19 more]]></system-err>
      </testcase>
      <testcase name="Test Cases/GoAML Report 1" time="49.08" classname="Test Cases/GoAML Report 1" status="FAILED">
         <failure type="FAILED" message="Test Cases/GoAML Report 1 FAILED.
Reason:
com.kms.katalon.core.exception.StepFailedException: Unable to set text 'anggi1' of object 'Object Repository/All/UserName'
	at com.kms.katalon.core.webui.keyword.internal.WebUIKeywordMain.stepFailed(WebUIKeywordMain.groovy:64)
	at com.kms.katalon.core.webui.keyword.internal.WebUIKeywordMain.runKeyword(WebUIKeywordMain.groovy:26)
	at com.kms.katalon.core.webui.keyword.builtin.SetTextKeyword.setText(SetTextKeyword.groovy:66)
	at com.kms.katalon.core.webui.keyword.builtin.SetTextKeyword.execute(SetTextKeyword.groovy:37)
	at com.kms.katalon.core.keyword.internal.KeywordExecutor.executeKeywordForPlatform(KeywordExecutor.groovy:72)
	at com.kms.katalon.core.webui.keyword.WebUiBuiltInKeywords.setText(WebUiBuiltInKeywords.groovy:950)
	at com.kms.katalon.core.webui.keyword.WebUiBuiltInKeywords$setText$1.call(Unknown Source)
	at GoAML Report 1.run(GoAML Report 1:25)
	at com.kms.katalon.core.main.ScriptEngine.run(ScriptEngine.java:194)
	at com.kms.katalon.core.main.ScriptEngine.runScriptAsRawText(ScriptEngine.java:119)
	at com.kms.katalon.core.main.TestCaseExecutor.runScript(TestCaseExecutor.java:337)
	at com.kms.katalon.core.main.TestCaseExecutor.doExecute(TestCaseExecutor.java:328)
	at com.kms.katalon.core.main.TestCaseExecutor.processExecutionPhase(TestCaseExecutor.java:307)
	at com.kms.katalon.core.main.TestCaseExecutor.accessMainPhase(TestCaseExecutor.java:299)
	at com.kms.katalon.core.main.TestCaseExecutor.execute(TestCaseExecutor.java:233)
	at com.kms.katalon.core.main.TestSuiteExecutor.accessTestCaseMainPhase(TestSuiteExecutor.java:169)
	at com.kms.katalon.core.main.TestSuiteExecutor.accessTestSuiteMainPhase(TestSuiteExecutor.java:142)
	at com.kms.katalon.core.main.TestSuiteExecutor.execute(TestSuiteExecutor.java:91)
	at com.kms.katalon.core.main.TestCaseMain.startTestSuite(TestCaseMain.java:157)
	at com.kms.katalon.core.main.TestCaseMain$startTestSuite$0.call(Unknown Source)
	at TempTestSuite1599020994386.run(TempTestSuite1599020994386.groovy:36)
Caused by: com.kms.katalon.core.webui.exception.WebElementNotFoundException: Web element with id: 'Object Repository/All/UserName' located by 'By.xpath: //*[@id=&quot;txtUsername&quot;]' not found
	at com.kms.katalon.core.webui.common.WebUiCommonHelper.findWebElement(WebUiCommonHelper.java:1154)
	at com.kms.katalon.core.webui.keyword.internal.WebUIAbstractKeyword.findWebElement(WebUIAbstractKeyword.groovy:27)
	at com.kms.katalon.core.webui.keyword.internal.WebUIAbstractKeyword.findWebElement(WebUIAbstractKeyword.groovy:26)
	at com.kms.katalon.core.webui.keyword.builtin.SetTextKeyword$_setText_closure1.doCall(SetTextKeyword.groovy:51)
	at com.kms.katalon.core.webui.keyword.builtin.SetTextKeyword$_setText_closure1.call(SetTextKeyword.groovy)
	at com.kms.katalon.core.webui.keyword.internal.WebUIKeywordMain.runKeyword(WebUIKeywordMain.groovy:20)
	... 19 more
"/>
         <system-out><![CDATA[2020-09-02 13:26:47 - [TEST_CASE][FAILED] - Test Cases/GoAML Report 1: Test Cases/GoAML Report 1 FAILED.
Reason:
com.kms.katalon.core.exception.StepFailedException: Unable to set text 'anggi1' of object 'Object Repository/All/UserName'
	at com.kms.katalon.core.webui.keyword.internal.WebUIKeywordMain.stepFailed(WebUIKeywordMain.groovy:64)
	at com.kms.katalon.core.webui.keyword.internal.WebUIKeywordMain.runKeyword(WebUIKeywordMain.groovy:26)
	at com.kms.katalon.core.webui.keyword.builtin.SetTextKeyword.setText(SetTextKeyword.groovy:66)
	at com.kms.katalon.core.webui.keyword.builtin.SetTextKeyword.execute(SetTextKeyword.groovy:37)
	at com.kms.katalon.core.keyword.internal.KeywordExecutor.executeKeywordForPlatform(KeywordExecutor.groovy:72)
	at com.kms.katalon.core.webui.keyword.WebUiBuiltInKeywords.setText(WebUiBuiltInKeywords.groovy:950)
	at com.kms.katalon.core.webui.keyword.WebUiBuiltInKeywords$setText$1.call(Unknown Source)
	at GoAML Report 1.run(GoAML Report 1:25)
	at com.kms.katalon.core.main.ScriptEngine.run(ScriptEngine.java:194)
	at com.kms.katalon.core.main.ScriptEngine.runScriptAsRawText(ScriptEngine.java:119)
	at com.kms.katalon.core.main.TestCaseExecutor.runScript(TestCaseExecutor.java:337)
	at com.kms.katalon.core.main.TestCaseExecutor.doExecute(TestCaseExecutor.java:328)
	at com.kms.katalon.core.main.TestCaseExecutor.processExecutionPhase(TestCaseExecutor.java:307)
	at com.kms.katalon.core.main.TestCaseExecutor.accessMainPhase(TestCaseExecutor.java:299)
	at com.kms.katalon.core.main.TestCaseExecutor.execute(TestCaseExecutor.java:233)
	at com.kms.katalon.core.main.TestSuiteExecutor.accessTestCaseMainPhase(TestSuiteExecutor.java:169)
	at com.kms.katalon.core.main.TestSuiteExecutor.accessTestSuiteMainPhase(TestSuiteExecutor.java:142)
	at com.kms.katalon.core.main.TestSuiteExecutor.execute(TestSuiteExecutor.java:91)
	at com.kms.katalon.core.main.TestCaseMain.startTestSuite(TestCaseMain.java:157)
	at com.kms.katalon.core.main.TestCaseMain$startTestSuite$0.call(Unknown Source)
	at TempTestSuite1599020994386.run(TempTestSuite1599020994386.groovy:36)
Caused by: com.kms.katalon.core.webui.exception.WebElementNotFoundException: Web element with id: 'Object Repository/All/UserName' located by 'By.xpath: //*[@id="txtUsername"]' not found
	at com.kms.katalon.core.webui.common.WebUiCommonHelper.findWebElement(WebUiCommonHelper.java:1154)
	at com.kms.katalon.core.webui.keyword.internal.WebUIAbstractKeyword.findWebElement(WebUIAbstractKeyword.groovy:27)
	at com.kms.katalon.core.webui.keyword.internal.WebUIAbstractKeyword.findWebElement(WebUIAbstractKeyword.groovy:26)
	at com.kms.katalon.core.webui.keyword.builtin.SetTextKeyword$_setText_closure1.doCall(SetTextKeyword.groovy:51)
	at com.kms.katalon.core.webui.keyword.builtin.SetTextKeyword$_setText_closure1.call(SetTextKeyword.groovy)
	at com.kms.katalon.core.webui.keyword.internal.WebUIKeywordMain.runKeyword(WebUIKeywordMain.groovy:20)
	... 19 more


2020-09-02 13:26:47 - [TEST_STEP][PASSED] - openBrowser("http://goaml.southeastasia.cloudapp.azure.com/goaml/Default.aspx"): Browser is opened with url: 'http://goaml.southeastasia.cloudapp.azure.com/goaml/Default.aspx'

2020-09-02 13:26:47 - [MESSAGE][WARNING] - A browser is already opened. Closing browser and opening a new one

2020-09-02 13:26:48 - [MESSAGE][INFO] - Starting 'Chrome' driver

2020-09-02 13:26:48 - [MESSAGE][INFO] - User set preference: ['property', '']

2020-09-02 13:27:11 - [MESSAGE][PASSED] - Browser is opened with url: 'http://goaml.southeastasia.cloudapp.azure.com/goaml/Default.aspx'

2020-09-02 13:27:11 - [TEST_STEP][PASSED] - maximizeWindow(): Current window maximized

2020-09-02 13:27:13 - [MESSAGE][PASSED] - Current window maximized

2020-09-02 13:27:13 - [TEST_STEP][FAILED] - setText(findTestObject("All/UserName"), "anggi1"): Unable to set text 'anggi1' of object 'Object Repository/All/UserName' (Root cause: com.kms.katalon.core.exception.StepFailedException: Unable to set text 'anggi1' of object 'Object Repository/All/UserName'
	at com.kms.katalon.core.webui.keyword.internal.WebUIKeywordMain.stepFailed(WebUIKeywordMain.groovy:64)
	at com.kms.katalon.core.webui.keyword.internal.WebUIKeywordMain.runKeyword(WebUIKeywordMain.groovy:26)
	at com.kms.katalon.core.webui.keyword.builtin.SetTextKeyword.setText(SetTextKeyword.groovy:66)
	at com.kms.katalon.core.webui.keyword.builtin.SetTextKeyword.execute(SetTextKeyword.groovy:37)
	at com.kms.katalon.core.keyword.internal.KeywordExecutor.executeKeywordForPlatform(KeywordExecutor.groovy:72)
	at com.kms.katalon.core.webui.keyword.WebUiBuiltInKeywords.setText(WebUiBuiltInKeywords.groovy:950)
	at com.kms.katalon.core.webui.keyword.WebUiBuiltInKeywords$setText$1.call(Unknown Source)
	at GoAML Report 1.run(GoAML Report 1:25)
	at com.kms.katalon.core.main.ScriptEngine.run(ScriptEngine.java:194)
	at com.kms.katalon.core.main.ScriptEngine.runScriptAsRawText(ScriptEngine.java:119)
	at com.kms.katalon.core.main.TestCaseExecutor.runScript(TestCaseExecutor.java:337)
	at com.kms.katalon.core.main.TestCaseExecutor.doExecute(TestCaseExecutor.java:328)
	at com.kms.katalon.core.main.TestCaseExecutor.processExecutionPhase(TestCaseExecutor.java:307)
	at com.kms.katalon.core.main.TestCaseExecutor.accessMainPhase(TestCaseExecutor.java:299)
	at com.kms.katalon.core.main.TestCaseExecutor.execute(TestCaseExecutor.java:233)
	at com.kms.katalon.core.main.TestSuiteExecutor.accessTestCaseMainPhase(TestSuiteExecutor.java:169)
	at com.kms.katalon.core.main.TestSuiteExecutor.accessTestSuiteMainPhase(TestSuiteExecutor.java:142)
	at com.kms.katalon.core.main.TestSuiteExecutor.execute(TestSuiteExecutor.java:91)
	at com.kms.katalon.core.main.TestCaseMain.startTestSuite(TestCaseMain.java:157)
	at com.kms.katalon.core.main.TestCaseMain$startTestSuite$0.call(Unknown Source)
	at TempTestSuite1599020994386.run(TempTestSuite1599020994386.groovy:36)
Caused by: com.kms.katalon.core.webui.exception.WebElementNotFoundException: Web element with id: 'Object Repository/All/UserName' located by 'By.xpath: //*[@id="txtUsername"]' not found
	at com.kms.katalon.core.webui.common.WebUiCommonHelper.findWebElement(WebUiCommonHelper.java:1154)
	at com.kms.katalon.core.webui.keyword.internal.WebUIAbstractKeyword.findWebElement(WebUIAbstractKeyword.groovy:27)
	at com.kms.katalon.core.webui.keyword.internal.WebUIAbstractKeyword.findWebElement(WebUIAbstractKeyword.groovy:26)
	at com.kms.katalon.core.webui.keyword.builtin.SetTextKeyword$_setText_closure1.doCall(SetTextKeyword.groovy:51)
	at com.kms.katalon.core.webui.keyword.builtin.SetTextKeyword$_setText_closure1.call(SetTextKeyword.groovy)
	at com.kms.katalon.core.webui.keyword.internal.WebUIKeywordMain.runKeyword(WebUIKeywordMain.groovy:20)
	at com.kms.katalon.core.webui.keyword.builtin.SetTextKeyword.setText(SetTextKeyword.groovy:66)
	at com.kms.katalon.core.webui.keyword.builtin.SetTextKeyword.execute(SetTextKeyword.groovy:37)
	at com.kms.katalon.core.keyword.internal.KeywordExecutor.executeKeywordForPlatform(KeywordExecutor.groovy:72)
	at com.kms.katalon.core.webui.keyword.WebUiBuiltInKeywords.setText(WebUiBuiltInKeywords.groovy:950)
	at com.kms.katalon.core.webui.keyword.WebUiBuiltInKeywords$setText$1.call(Unknown Source)
	at Script1590734929315.run(Script1590734929315.groovy:25)
	... 13 more
)

2020-09-02 13:27:34 - [MESSAGE][INFO] - Unable to find the element located by 'By.xpath: //*[@id="txtUsername"]'. Please recheck the objects properties to make sure the desired element is located. 

2020-09-02 13:27:34 - [MESSAGE][FAILED] - Unable to set text 'anggi1' of object 'Object Repository/All/UserName' (Root cause: com.kms.katalon.core.exception.StepFailedException: Unable to set text 'anggi1' of object 'Object Repository/All/UserName'
	at com.kms.katalon.core.webui.keyword.internal.WebUIKeywordMain.stepFailed(WebUIKeywordMain.groovy:64)
	at com.kms.katalon.core.webui.keyword.internal.WebUIKeywordMain.runKeyword(WebUIKeywordMain.groovy:26)
	at com.kms.katalon.core.webui.keyword.builtin.SetTextKeyword.setText(SetTextKeyword.groovy:66)
	at com.kms.katalon.core.webui.keyword.builtin.SetTextKeyword.execute(SetTextKeyword.groovy:37)
	at com.kms.katalon.core.keyword.internal.KeywordExecutor.executeKeywordForPlatform(KeywordExecutor.groovy:72)
	at com.kms.katalon.core.webui.keyword.WebUiBuiltInKeywords.setText(WebUiBuiltInKeywords.groovy:950)
	at com.kms.katalon.core.webui.keyword.WebUiBuiltInKeywords$setText$1.call(Unknown Source)
	at GoAML Report 1.run(GoAML Report 1:25)
	at com.kms.katalon.core.main.ScriptEngine.run(ScriptEngine.java:194)
	at com.kms.katalon.core.main.ScriptEngine.runScriptAsRawText(ScriptEngine.java:119)
	at com.kms.katalon.core.main.TestCaseExecutor.runScript(TestCaseExecutor.java:337)
	at com.kms.katalon.core.main.TestCaseExecutor.doExecute(TestCaseExecutor.java:328)
	at com.kms.katalon.core.main.TestCaseExecutor.processExecutionPhase(TestCaseExecutor.java:307)
	at com.kms.katalon.core.main.TestCaseExecutor.accessMainPhase(TestCaseExecutor.java:299)
	at com.kms.katalon.core.main.TestCaseExecutor.execute(TestCaseExecutor.java:233)
	at com.kms.katalon.core.main.TestSuiteExecutor.accessTestCaseMainPhase(TestSuiteExecutor.java:169)
	at com.kms.katalon.core.main.TestSuiteExecutor.accessTestSuiteMainPhase(TestSuiteExecutor.java:142)
	at com.kms.katalon.core.main.TestSuiteExecutor.execute(TestSuiteExecutor.java:91)
	at com.kms.katalon.core.main.TestCaseMain.startTestSuite(TestCaseMain.java:157)
	at com.kms.katalon.core.main.TestCaseMain$startTestSuite$0.call(Unknown Source)
	at TempTestSuite1599020994386.run(TempTestSuite1599020994386.groovy:36)
Caused by: com.kms.katalon.core.webui.exception.WebElementNotFoundException: Web element with id: 'Object Repository/All/UserName' located by 'By.xpath: //*[@id="txtUsername"]' not found
	at com.kms.katalon.core.webui.common.WebUiCommonHelper.findWebElement(WebUiCommonHelper.java:1154)
	at com.kms.katalon.core.webui.keyword.internal.WebUIAbstractKeyword.findWebElement(WebUIAbstractKeyword.groovy:27)
	at com.kms.katalon.core.webui.keyword.internal.WebUIAbstractKeyword.findWebElement(WebUIAbstractKeyword.groovy:26)
	at com.kms.katalon.core.webui.keyword.builtin.SetTextKeyword$_setText_closure1.doCall(SetTextKeyword.groovy:51)
	at com.kms.katalon.core.webui.keyword.builtin.SetTextKeyword$_setText_closure1.call(SetTextKeyword.groovy)
	at com.kms.katalon.core.webui.keyword.internal.WebUIKeywordMain.runKeyword(WebUIKeywordMain.groovy:20)
	at com.kms.katalon.core.webui.keyword.builtin.SetTextKeyword.setText(SetTextKeyword.groovy:66)
	at com.kms.katalon.core.webui.keyword.builtin.SetTextKeyword.execute(SetTextKeyword.groovy:37)
	at com.kms.katalon.core.keyword.internal.KeywordExecutor.executeKeywordForPlatform(KeywordExecutor.groovy:72)
	at com.kms.katalon.core.webui.keyword.WebUiBuiltInKeywords.setText(WebUiBuiltInKeywords.groovy:950)
	at com.kms.katalon.core.webui.keyword.WebUiBuiltInKeywords$setText$1.call(Unknown Source)
	at Script1590734929315.run(Script1590734929315.groovy:25)
	... 13 more
)
[[ATTACHMENT|D:\\poject\\goaml2\\Katalon\\GoAML\\Reports\\20200902_112954\\New Test Suite (1)\\20200902_112954\\1599028054509.png]]]]></system-out>
         <system-err><![CDATA[2020-09-02 13:26:47 - [TEST_CASE][FAILED] - Test Cases/GoAML Report 1: Test Cases/GoAML Report 1 FAILED.
Reason:
com.kms.katalon.core.exception.StepFailedException: Unable to set text 'anggi1' of object 'Object Repository/All/UserName'
	at com.kms.katalon.core.webui.keyword.internal.WebUIKeywordMain.stepFailed(WebUIKeywordMain.groovy:64)
	at com.kms.katalon.core.webui.keyword.internal.WebUIKeywordMain.runKeyword(WebUIKeywordMain.groovy:26)
	at com.kms.katalon.core.webui.keyword.builtin.SetTextKeyword.setText(SetTextKeyword.groovy:66)
	at com.kms.katalon.core.webui.keyword.builtin.SetTextKeyword.execute(SetTextKeyword.groovy:37)
	at com.kms.katalon.core.keyword.internal.KeywordExecutor.executeKeywordForPlatform(KeywordExecutor.groovy:72)
	at com.kms.katalon.core.webui.keyword.WebUiBuiltInKeywords.setText(WebUiBuiltInKeywords.groovy:950)
	at com.kms.katalon.core.webui.keyword.WebUiBuiltInKeywords$setText$1.call(Unknown Source)
	at GoAML Report 1.run(GoAML Report 1:25)
	at com.kms.katalon.core.main.ScriptEngine.run(ScriptEngine.java:194)
	at com.kms.katalon.core.main.ScriptEngine.runScriptAsRawText(ScriptEngine.java:119)
	at com.kms.katalon.core.main.TestCaseExecutor.runScript(TestCaseExecutor.java:337)
	at com.kms.katalon.core.main.TestCaseExecutor.doExecute(TestCaseExecutor.java:328)
	at com.kms.katalon.core.main.TestCaseExecutor.processExecutionPhase(TestCaseExecutor.java:307)
	at com.kms.katalon.core.main.TestCaseExecutor.accessMainPhase(TestCaseExecutor.java:299)
	at com.kms.katalon.core.main.TestCaseExecutor.execute(TestCaseExecutor.java:233)
	at com.kms.katalon.core.main.TestSuiteExecutor.accessTestCaseMainPhase(TestSuiteExecutor.java:169)
	at com.kms.katalon.core.main.TestSuiteExecutor.accessTestSuiteMainPhase(TestSuiteExecutor.java:142)
	at com.kms.katalon.core.main.TestSuiteExecutor.execute(TestSuiteExecutor.java:91)
	at com.kms.katalon.core.main.TestCaseMain.startTestSuite(TestCaseMain.java:157)
	at com.kms.katalon.core.main.TestCaseMain$startTestSuite$0.call(Unknown Source)
	at TempTestSuite1599020994386.run(TempTestSuite1599020994386.groovy:36)
Caused by: com.kms.katalon.core.webui.exception.WebElementNotFoundException: Web element with id: 'Object Repository/All/UserName' located by 'By.xpath: //*[@id="txtUsername"]' not found
	at com.kms.katalon.core.webui.common.WebUiCommonHelper.findWebElement(WebUiCommonHelper.java:1154)
	at com.kms.katalon.core.webui.keyword.internal.WebUIAbstractKeyword.findWebElement(WebUIAbstractKeyword.groovy:27)
	at com.kms.katalon.core.webui.keyword.internal.WebUIAbstractKeyword.findWebElement(WebUIAbstractKeyword.groovy:26)
	at com.kms.katalon.core.webui.keyword.builtin.SetTextKeyword$_setText_closure1.doCall(SetTextKeyword.groovy:51)
	at com.kms.katalon.core.webui.keyword.builtin.SetTextKeyword$_setText_closure1.call(SetTextKeyword.groovy)
	at com.kms.katalon.core.webui.keyword.internal.WebUIKeywordMain.runKeyword(WebUIKeywordMain.groovy:20)
	... 19 more]]></system-err>
      </testcase>
      <testcase name="Test Cases/GoAML Report 1" time="49.058" classname="Test Cases/GoAML Report 1" status="FAILED">
         <failure type="FAILED" message="Test Cases/GoAML Report 1 FAILED.
Reason:
com.kms.katalon.core.exception.StepFailedException: Unable to set text 'anggi1' of object 'Object Repository/All/UserName'
	at com.kms.katalon.core.webui.keyword.internal.WebUIKeywordMain.stepFailed(WebUIKeywordMain.groovy:64)
	at com.kms.katalon.core.webui.keyword.internal.WebUIKeywordMain.runKeyword(WebUIKeywordMain.groovy:26)
	at com.kms.katalon.core.webui.keyword.builtin.SetTextKeyword.setText(SetTextKeyword.groovy:66)
	at com.kms.katalon.core.webui.keyword.builtin.SetTextKeyword.execute(SetTextKeyword.groovy:37)
	at com.kms.katalon.core.keyword.internal.KeywordExecutor.executeKeywordForPlatform(KeywordExecutor.groovy:72)
	at com.kms.katalon.core.webui.keyword.WebUiBuiltInKeywords.setText(WebUiBuiltInKeywords.groovy:950)
	at com.kms.katalon.core.webui.keyword.WebUiBuiltInKeywords$setText$1.call(Unknown Source)
	at GoAML Report 1.run(GoAML Report 1:25)
	at com.kms.katalon.core.main.ScriptEngine.run(ScriptEngine.java:194)
	at com.kms.katalon.core.main.ScriptEngine.runScriptAsRawText(ScriptEngine.java:119)
	at com.kms.katalon.core.main.TestCaseExecutor.runScript(TestCaseExecutor.java:337)
	at com.kms.katalon.core.main.TestCaseExecutor.doExecute(TestCaseExecutor.java:328)
	at com.kms.katalon.core.main.TestCaseExecutor.processExecutionPhase(TestCaseExecutor.java:307)
	at com.kms.katalon.core.main.TestCaseExecutor.accessMainPhase(TestCaseExecutor.java:299)
	at com.kms.katalon.core.main.TestCaseExecutor.execute(TestCaseExecutor.java:233)
	at com.kms.katalon.core.main.TestSuiteExecutor.accessTestCaseMainPhase(TestSuiteExecutor.java:169)
	at com.kms.katalon.core.main.TestSuiteExecutor.accessTestSuiteMainPhase(TestSuiteExecutor.java:142)
	at com.kms.katalon.core.main.TestSuiteExecutor.execute(TestSuiteExecutor.java:91)
	at com.kms.katalon.core.main.TestCaseMain.startTestSuite(TestCaseMain.java:157)
	at com.kms.katalon.core.main.TestCaseMain$startTestSuite$0.call(Unknown Source)
	at TempTestSuite1599020994386.run(TempTestSuite1599020994386.groovy:36)
Caused by: com.kms.katalon.core.webui.exception.WebElementNotFoundException: Web element with id: 'Object Repository/All/UserName' located by 'By.xpath: //*[@id=&quot;txtUsername&quot;]' not found
	at com.kms.katalon.core.webui.common.WebUiCommonHelper.findWebElement(WebUiCommonHelper.java:1154)
	at com.kms.katalon.core.webui.keyword.internal.WebUIAbstractKeyword.findWebElement(WebUIAbstractKeyword.groovy:27)
	at com.kms.katalon.core.webui.keyword.internal.WebUIAbstractKeyword.findWebElement(WebUIAbstractKeyword.groovy:26)
	at com.kms.katalon.core.webui.keyword.builtin.SetTextKeyword$_setText_closure1.doCall(SetTextKeyword.groovy:51)
	at com.kms.katalon.core.webui.keyword.builtin.SetTextKeyword$_setText_closure1.call(SetTextKeyword.groovy)
	at com.kms.katalon.core.webui.keyword.internal.WebUIKeywordMain.runKeyword(WebUIKeywordMain.groovy:20)
	... 19 more
"/>
         <system-out><![CDATA[2020-09-02 13:27:36 - [TEST_CASE][FAILED] - Test Cases/GoAML Report 1: Test Cases/GoAML Report 1 FAILED.
Reason:
com.kms.katalon.core.exception.StepFailedException: Unable to set text 'anggi1' of object 'Object Repository/All/UserName'
	at com.kms.katalon.core.webui.keyword.internal.WebUIKeywordMain.stepFailed(WebUIKeywordMain.groovy:64)
	at com.kms.katalon.core.webui.keyword.internal.WebUIKeywordMain.runKeyword(WebUIKeywordMain.groovy:26)
	at com.kms.katalon.core.webui.keyword.builtin.SetTextKeyword.setText(SetTextKeyword.groovy:66)
	at com.kms.katalon.core.webui.keyword.builtin.SetTextKeyword.execute(SetTextKeyword.groovy:37)
	at com.kms.katalon.core.keyword.internal.KeywordExecutor.executeKeywordForPlatform(KeywordExecutor.groovy:72)
	at com.kms.katalon.core.webui.keyword.WebUiBuiltInKeywords.setText(WebUiBuiltInKeywords.groovy:950)
	at com.kms.katalon.core.webui.keyword.WebUiBuiltInKeywords$setText$1.call(Unknown Source)
	at GoAML Report 1.run(GoAML Report 1:25)
	at com.kms.katalon.core.main.ScriptEngine.run(ScriptEngine.java:194)
	at com.kms.katalon.core.main.ScriptEngine.runScriptAsRawText(ScriptEngine.java:119)
	at com.kms.katalon.core.main.TestCaseExecutor.runScript(TestCaseExecutor.java:337)
	at com.kms.katalon.core.main.TestCaseExecutor.doExecute(TestCaseExecutor.java:328)
	at com.kms.katalon.core.main.TestCaseExecutor.processExecutionPhase(TestCaseExecutor.java:307)
	at com.kms.katalon.core.main.TestCaseExecutor.accessMainPhase(TestCaseExecutor.java:299)
	at com.kms.katalon.core.main.TestCaseExecutor.execute(TestCaseExecutor.java:233)
	at com.kms.katalon.core.main.TestSuiteExecutor.accessTestCaseMainPhase(TestSuiteExecutor.java:169)
	at com.kms.katalon.core.main.TestSuiteExecutor.accessTestSuiteMainPhase(TestSuiteExecutor.java:142)
	at com.kms.katalon.core.main.TestSuiteExecutor.execute(TestSuiteExecutor.java:91)
	at com.kms.katalon.core.main.TestCaseMain.startTestSuite(TestCaseMain.java:157)
	at com.kms.katalon.core.main.TestCaseMain$startTestSuite$0.call(Unknown Source)
	at TempTestSuite1599020994386.run(TempTestSuite1599020994386.groovy:36)
Caused by: com.kms.katalon.core.webui.exception.WebElementNotFoundException: Web element with id: 'Object Repository/All/UserName' located by 'By.xpath: //*[@id="txtUsername"]' not found
	at com.kms.katalon.core.webui.common.WebUiCommonHelper.findWebElement(WebUiCommonHelper.java:1154)
	at com.kms.katalon.core.webui.keyword.internal.WebUIAbstractKeyword.findWebElement(WebUIAbstractKeyword.groovy:27)
	at com.kms.katalon.core.webui.keyword.internal.WebUIAbstractKeyword.findWebElement(WebUIAbstractKeyword.groovy:26)
	at com.kms.katalon.core.webui.keyword.builtin.SetTextKeyword$_setText_closure1.doCall(SetTextKeyword.groovy:51)
	at com.kms.katalon.core.webui.keyword.builtin.SetTextKeyword$_setText_closure1.call(SetTextKeyword.groovy)
	at com.kms.katalon.core.webui.keyword.internal.WebUIKeywordMain.runKeyword(WebUIKeywordMain.groovy:20)
	... 19 more


2020-09-02 13:27:36 - [TEST_STEP][PASSED] - openBrowser("http://goaml.southeastasia.cloudapp.azure.com/goaml/Default.aspx"): Browser is opened with url: 'http://goaml.southeastasia.cloudapp.azure.com/goaml/Default.aspx'

2020-09-02 13:27:36 - [MESSAGE][WARNING] - A browser is already opened. Closing browser and opening a new one

2020-09-02 13:27:37 - [MESSAGE][INFO] - Starting 'Chrome' driver

2020-09-02 13:27:37 - [MESSAGE][INFO] - User set preference: ['property', '']

2020-09-02 13:28:00 - [MESSAGE][PASSED] - Browser is opened with url: 'http://goaml.southeastasia.cloudapp.azure.com/goaml/Default.aspx'

2020-09-02 13:28:00 - [TEST_STEP][PASSED] - maximizeWindow(): Current window maximized

2020-09-02 13:28:02 - [MESSAGE][PASSED] - Current window maximized

2020-09-02 13:28:02 - [TEST_STEP][FAILED] - setText(findTestObject("All/UserName"), "anggi1"): Unable to set text 'anggi1' of object 'Object Repository/All/UserName' (Root cause: com.kms.katalon.core.exception.StepFailedException: Unable to set text 'anggi1' of object 'Object Repository/All/UserName'
	at com.kms.katalon.core.webui.keyword.internal.WebUIKeywordMain.stepFailed(WebUIKeywordMain.groovy:64)
	at com.kms.katalon.core.webui.keyword.internal.WebUIKeywordMain.runKeyword(WebUIKeywordMain.groovy:26)
	at com.kms.katalon.core.webui.keyword.builtin.SetTextKeyword.setText(SetTextKeyword.groovy:66)
	at com.kms.katalon.core.webui.keyword.builtin.SetTextKeyword.execute(SetTextKeyword.groovy:37)
	at com.kms.katalon.core.keyword.internal.KeywordExecutor.executeKeywordForPlatform(KeywordExecutor.groovy:72)
	at com.kms.katalon.core.webui.keyword.WebUiBuiltInKeywords.setText(WebUiBuiltInKeywords.groovy:950)
	at com.kms.katalon.core.webui.keyword.WebUiBuiltInKeywords$setText$1.call(Unknown Source)
	at GoAML Report 1.run(GoAML Report 1:25)
	at com.kms.katalon.core.main.ScriptEngine.run(ScriptEngine.java:194)
	at com.kms.katalon.core.main.ScriptEngine.runScriptAsRawText(ScriptEngine.java:119)
	at com.kms.katalon.core.main.TestCaseExecutor.runScript(TestCaseExecutor.java:337)
	at com.kms.katalon.core.main.TestCaseExecutor.doExecute(TestCaseExecutor.java:328)
	at com.kms.katalon.core.main.TestCaseExecutor.processExecutionPhase(TestCaseExecutor.java:307)
	at com.kms.katalon.core.main.TestCaseExecutor.accessMainPhase(TestCaseExecutor.java:299)
	at com.kms.katalon.core.main.TestCaseExecutor.execute(TestCaseExecutor.java:233)
	at com.kms.katalon.core.main.TestSuiteExecutor.accessTestCaseMainPhase(TestSuiteExecutor.java:169)
	at com.kms.katalon.core.main.TestSuiteExecutor.accessTestSuiteMainPhase(TestSuiteExecutor.java:142)
	at com.kms.katalon.core.main.TestSuiteExecutor.execute(TestSuiteExecutor.java:91)
	at com.kms.katalon.core.main.TestCaseMain.startTestSuite(TestCaseMain.java:157)
	at com.kms.katalon.core.main.TestCaseMain$startTestSuite$0.call(Unknown Source)
	at TempTestSuite1599020994386.run(TempTestSuite1599020994386.groovy:36)
Caused by: com.kms.katalon.core.webui.exception.WebElementNotFoundException: Web element with id: 'Object Repository/All/UserName' located by 'By.xpath: //*[@id="txtUsername"]' not found
	at com.kms.katalon.core.webui.common.WebUiCommonHelper.findWebElement(WebUiCommonHelper.java:1154)
	at com.kms.katalon.core.webui.keyword.internal.WebUIAbstractKeyword.findWebElement(WebUIAbstractKeyword.groovy:27)
	at com.kms.katalon.core.webui.keyword.internal.WebUIAbstractKeyword.findWebElement(WebUIAbstractKeyword.groovy:26)
	at com.kms.katalon.core.webui.keyword.builtin.SetTextKeyword$_setText_closure1.doCall(SetTextKeyword.groovy:51)
	at com.kms.katalon.core.webui.keyword.builtin.SetTextKeyword$_setText_closure1.call(SetTextKeyword.groovy)
	at com.kms.katalon.core.webui.keyword.internal.WebUIKeywordMain.runKeyword(WebUIKeywordMain.groovy:20)
	at com.kms.katalon.core.webui.keyword.builtin.SetTextKeyword.setText(SetTextKeyword.groovy:66)
	at com.kms.katalon.core.webui.keyword.builtin.SetTextKeyword.execute(SetTextKeyword.groovy:37)
	at com.kms.katalon.core.keyword.internal.KeywordExecutor.executeKeywordForPlatform(KeywordExecutor.groovy:72)
	at com.kms.katalon.core.webui.keyword.WebUiBuiltInKeywords.setText(WebUiBuiltInKeywords.groovy:950)
	at com.kms.katalon.core.webui.keyword.WebUiBuiltInKeywords$setText$1.call(Unknown Source)
	at Script1590734929315.run(Script1590734929315.groovy:25)
	... 13 more
)

2020-09-02 13:28:23 - [MESSAGE][INFO] - Unable to find the element located by 'By.xpath: //*[@id="txtUsername"]'. Please recheck the objects properties to make sure the desired element is located. 

2020-09-02 13:28:23 - [MESSAGE][FAILED] - Unable to set text 'anggi1' of object 'Object Repository/All/UserName' (Root cause: com.kms.katalon.core.exception.StepFailedException: Unable to set text 'anggi1' of object 'Object Repository/All/UserName'
	at com.kms.katalon.core.webui.keyword.internal.WebUIKeywordMain.stepFailed(WebUIKeywordMain.groovy:64)
	at com.kms.katalon.core.webui.keyword.internal.WebUIKeywordMain.runKeyword(WebUIKeywordMain.groovy:26)
	at com.kms.katalon.core.webui.keyword.builtin.SetTextKeyword.setText(SetTextKeyword.groovy:66)
	at com.kms.katalon.core.webui.keyword.builtin.SetTextKeyword.execute(SetTextKeyword.groovy:37)
	at com.kms.katalon.core.keyword.internal.KeywordExecutor.executeKeywordForPlatform(KeywordExecutor.groovy:72)
	at com.kms.katalon.core.webui.keyword.WebUiBuiltInKeywords.setText(WebUiBuiltInKeywords.groovy:950)
	at com.kms.katalon.core.webui.keyword.WebUiBuiltInKeywords$setText$1.call(Unknown Source)
	at GoAML Report 1.run(GoAML Report 1:25)
	at com.kms.katalon.core.main.ScriptEngine.run(ScriptEngine.java:194)
	at com.kms.katalon.core.main.ScriptEngine.runScriptAsRawText(ScriptEngine.java:119)
	at com.kms.katalon.core.main.TestCaseExecutor.runScript(TestCaseExecutor.java:337)
	at com.kms.katalon.core.main.TestCaseExecutor.doExecute(TestCaseExecutor.java:328)
	at com.kms.katalon.core.main.TestCaseExecutor.processExecutionPhase(TestCaseExecutor.java:307)
	at com.kms.katalon.core.main.TestCaseExecutor.accessMainPhase(TestCaseExecutor.java:299)
	at com.kms.katalon.core.main.TestCaseExecutor.execute(TestCaseExecutor.java:233)
	at com.kms.katalon.core.main.TestSuiteExecutor.accessTestCaseMainPhase(TestSuiteExecutor.java:169)
	at com.kms.katalon.core.main.TestSuiteExecutor.accessTestSuiteMainPhase(TestSuiteExecutor.java:142)
	at com.kms.katalon.core.main.TestSuiteExecutor.execute(TestSuiteExecutor.java:91)
	at com.kms.katalon.core.main.TestCaseMain.startTestSuite(TestCaseMain.java:157)
	at com.kms.katalon.core.main.TestCaseMain$startTestSuite$0.call(Unknown Source)
	at TempTestSuite1599020994386.run(TempTestSuite1599020994386.groovy:36)
Caused by: com.kms.katalon.core.webui.exception.WebElementNotFoundException: Web element with id: 'Object Repository/All/UserName' located by 'By.xpath: //*[@id="txtUsername"]' not found
	at com.kms.katalon.core.webui.common.WebUiCommonHelper.findWebElement(WebUiCommonHelper.java:1154)
	at com.kms.katalon.core.webui.keyword.internal.WebUIAbstractKeyword.findWebElement(WebUIAbstractKeyword.groovy:27)
	at com.kms.katalon.core.webui.keyword.internal.WebUIAbstractKeyword.findWebElement(WebUIAbstractKeyword.groovy:26)
	at com.kms.katalon.core.webui.keyword.builtin.SetTextKeyword$_setText_closure1.doCall(SetTextKeyword.groovy:51)
	at com.kms.katalon.core.webui.keyword.builtin.SetTextKeyword$_setText_closure1.call(SetTextKeyword.groovy)
	at com.kms.katalon.core.webui.keyword.internal.WebUIKeywordMain.runKeyword(WebUIKeywordMain.groovy:20)
	at com.kms.katalon.core.webui.keyword.builtin.SetTextKeyword.setText(SetTextKeyword.groovy:66)
	at com.kms.katalon.core.webui.keyword.builtin.SetTextKeyword.execute(SetTextKeyword.groovy:37)
	at com.kms.katalon.core.keyword.internal.KeywordExecutor.executeKeywordForPlatform(KeywordExecutor.groovy:72)
	at com.kms.katalon.core.webui.keyword.WebUiBuiltInKeywords.setText(WebUiBuiltInKeywords.groovy:950)
	at com.kms.katalon.core.webui.keyword.WebUiBuiltInKeywords$setText$1.call(Unknown Source)
	at Script1590734929315.run(Script1590734929315.groovy:25)
	... 13 more
)
[[ATTACHMENT|D:\\poject\\goaml2\\Katalon\\GoAML\\Reports\\20200902_112954\\New Test Suite (1)\\20200902_112954\\1599028103532.png]]]]></system-out>
         <system-err><![CDATA[2020-09-02 13:27:36 - [TEST_CASE][FAILED] - Test Cases/GoAML Report 1: Test Cases/GoAML Report 1 FAILED.
Reason:
com.kms.katalon.core.exception.StepFailedException: Unable to set text 'anggi1' of object 'Object Repository/All/UserName'
	at com.kms.katalon.core.webui.keyword.internal.WebUIKeywordMain.stepFailed(WebUIKeywordMain.groovy:64)
	at com.kms.katalon.core.webui.keyword.internal.WebUIKeywordMain.runKeyword(WebUIKeywordMain.groovy:26)
	at com.kms.katalon.core.webui.keyword.builtin.SetTextKeyword.setText(SetTextKeyword.groovy:66)
	at com.kms.katalon.core.webui.keyword.builtin.SetTextKeyword.execute(SetTextKeyword.groovy:37)
	at com.kms.katalon.core.keyword.internal.KeywordExecutor.executeKeywordForPlatform(KeywordExecutor.groovy:72)
	at com.kms.katalon.core.webui.keyword.WebUiBuiltInKeywords.setText(WebUiBuiltInKeywords.groovy:950)
	at com.kms.katalon.core.webui.keyword.WebUiBuiltInKeywords$setText$1.call(Unknown Source)
	at GoAML Report 1.run(GoAML Report 1:25)
	at com.kms.katalon.core.main.ScriptEngine.run(ScriptEngine.java:194)
	at com.kms.katalon.core.main.ScriptEngine.runScriptAsRawText(ScriptEngine.java:119)
	at com.kms.katalon.core.main.TestCaseExecutor.runScript(TestCaseExecutor.java:337)
	at com.kms.katalon.core.main.TestCaseExecutor.doExecute(TestCaseExecutor.java:328)
	at com.kms.katalon.core.main.TestCaseExecutor.processExecutionPhase(TestCaseExecutor.java:307)
	at com.kms.katalon.core.main.TestCaseExecutor.accessMainPhase(TestCaseExecutor.java:299)
	at com.kms.katalon.core.main.TestCaseExecutor.execute(TestCaseExecutor.java:233)
	at com.kms.katalon.core.main.TestSuiteExecutor.accessTestCaseMainPhase(TestSuiteExecutor.java:169)
	at com.kms.katalon.core.main.TestSuiteExecutor.accessTestSuiteMainPhase(TestSuiteExecutor.java:142)
	at com.kms.katalon.core.main.TestSuiteExecutor.execute(TestSuiteExecutor.java:91)
	at com.kms.katalon.core.main.TestCaseMain.startTestSuite(TestCaseMain.java:157)
	at com.kms.katalon.core.main.TestCaseMain$startTestSuite$0.call(Unknown Source)
	at TempTestSuite1599020994386.run(TempTestSuite1599020994386.groovy:36)
Caused by: com.kms.katalon.core.webui.exception.WebElementNotFoundException: Web element with id: 'Object Repository/All/UserName' located by 'By.xpath: //*[@id="txtUsername"]' not found
	at com.kms.katalon.core.webui.common.WebUiCommonHelper.findWebElement(WebUiCommonHelper.java:1154)
	at com.kms.katalon.core.webui.keyword.internal.WebUIAbstractKeyword.findWebElement(WebUIAbstractKeyword.groovy:27)
	at com.kms.katalon.core.webui.keyword.internal.WebUIAbstractKeyword.findWebElement(WebUIAbstractKeyword.groovy:26)
	at com.kms.katalon.core.webui.keyword.builtin.SetTextKeyword$_setText_closure1.doCall(SetTextKeyword.groovy:51)
	at com.kms.katalon.core.webui.keyword.builtin.SetTextKeyword$_setText_closure1.call(SetTextKeyword.groovy)
	at com.kms.katalon.core.webui.keyword.internal.WebUIKeywordMain.runKeyword(WebUIKeywordMain.groovy:20)
	... 19 more]]></system-err>
      </testcase>
      <testcase name="Test Cases/GoAML Report 1" time="49.33" classname="Test Cases/GoAML Report 1" status="FAILED">
         <failure type="FAILED" message="Test Cases/GoAML Report 1 FAILED.
Reason:
com.kms.katalon.core.exception.StepFailedException: Unable to set text 'anggi1' of object 'Object Repository/All/UserName'
	at com.kms.katalon.core.webui.keyword.internal.WebUIKeywordMain.stepFailed(WebUIKeywordMain.groovy:64)
	at com.kms.katalon.core.webui.keyword.internal.WebUIKeywordMain.runKeyword(WebUIKeywordMain.groovy:26)
	at com.kms.katalon.core.webui.keyword.builtin.SetTextKeyword.setText(SetTextKeyword.groovy:66)
	at com.kms.katalon.core.webui.keyword.builtin.SetTextKeyword.execute(SetTextKeyword.groovy:37)
	at com.kms.katalon.core.keyword.internal.KeywordExecutor.executeKeywordForPlatform(KeywordExecutor.groovy:72)
	at com.kms.katalon.core.webui.keyword.WebUiBuiltInKeywords.setText(WebUiBuiltInKeywords.groovy:950)
	at com.kms.katalon.core.webui.keyword.WebUiBuiltInKeywords$setText$1.call(Unknown Source)
	at GoAML Report 1.run(GoAML Report 1:25)
	at com.kms.katalon.core.main.ScriptEngine.run(ScriptEngine.java:194)
	at com.kms.katalon.core.main.ScriptEngine.runScriptAsRawText(ScriptEngine.java:119)
	at com.kms.katalon.core.main.TestCaseExecutor.runScript(TestCaseExecutor.java:337)
	at com.kms.katalon.core.main.TestCaseExecutor.doExecute(TestCaseExecutor.java:328)
	at com.kms.katalon.core.main.TestCaseExecutor.processExecutionPhase(TestCaseExecutor.java:307)
	at com.kms.katalon.core.main.TestCaseExecutor.accessMainPhase(TestCaseExecutor.java:299)
	at com.kms.katalon.core.main.TestCaseExecutor.execute(TestCaseExecutor.java:233)
	at com.kms.katalon.core.main.TestSuiteExecutor.accessTestCaseMainPhase(TestSuiteExecutor.java:169)
	at com.kms.katalon.core.main.TestSuiteExecutor.accessTestSuiteMainPhase(TestSuiteExecutor.java:142)
	at com.kms.katalon.core.main.TestSuiteExecutor.execute(TestSuiteExecutor.java:91)
	at com.kms.katalon.core.main.TestCaseMain.startTestSuite(TestCaseMain.java:157)
	at com.kms.katalon.core.main.TestCaseMain$startTestSuite$0.call(Unknown Source)
	at TempTestSuite1599020994386.run(TempTestSuite1599020994386.groovy:36)
Caused by: com.kms.katalon.core.webui.exception.WebElementNotFoundException: Web element with id: 'Object Repository/All/UserName' located by 'By.xpath: //*[@id=&quot;txtUsername&quot;]' not found
	at com.kms.katalon.core.webui.common.WebUiCommonHelper.findWebElement(WebUiCommonHelper.java:1154)
	at com.kms.katalon.core.webui.keyword.internal.WebUIAbstractKeyword.findWebElement(WebUIAbstractKeyword.groovy:27)
	at com.kms.katalon.core.webui.keyword.internal.WebUIAbstractKeyword.findWebElement(WebUIAbstractKeyword.groovy:26)
	at com.kms.katalon.core.webui.keyword.builtin.SetTextKeyword$_setText_closure1.doCall(SetTextKeyword.groovy:51)
	at com.kms.katalon.core.webui.keyword.builtin.SetTextKeyword$_setText_closure1.call(SetTextKeyword.groovy)
	at com.kms.katalon.core.webui.keyword.internal.WebUIKeywordMain.runKeyword(WebUIKeywordMain.groovy:20)
	... 19 more
"/>
         <system-out><![CDATA[2020-09-02 13:28:25 - [TEST_CASE][FAILED] - Test Cases/GoAML Report 1: Test Cases/GoAML Report 1 FAILED.
Reason:
com.kms.katalon.core.exception.StepFailedException: Unable to set text 'anggi1' of object 'Object Repository/All/UserName'
	at com.kms.katalon.core.webui.keyword.internal.WebUIKeywordMain.stepFailed(WebUIKeywordMain.groovy:64)
	at com.kms.katalon.core.webui.keyword.internal.WebUIKeywordMain.runKeyword(WebUIKeywordMain.groovy:26)
	at com.kms.katalon.core.webui.keyword.builtin.SetTextKeyword.setText(SetTextKeyword.groovy:66)
	at com.kms.katalon.core.webui.keyword.builtin.SetTextKeyword.execute(SetTextKeyword.groovy:37)
	at com.kms.katalon.core.keyword.internal.KeywordExecutor.executeKeywordForPlatform(KeywordExecutor.groovy:72)
	at com.kms.katalon.core.webui.keyword.WebUiBuiltInKeywords.setText(WebUiBuiltInKeywords.groovy:950)
	at com.kms.katalon.core.webui.keyword.WebUiBuiltInKeywords$setText$1.call(Unknown Source)
	at GoAML Report 1.run(GoAML Report 1:25)
	at com.kms.katalon.core.main.ScriptEngine.run(ScriptEngine.java:194)
	at com.kms.katalon.core.main.ScriptEngine.runScriptAsRawText(ScriptEngine.java:119)
	at com.kms.katalon.core.main.TestCaseExecutor.runScript(TestCaseExecutor.java:337)
	at com.kms.katalon.core.main.TestCaseExecutor.doExecute(TestCaseExecutor.java:328)
	at com.kms.katalon.core.main.TestCaseExecutor.processExecutionPhase(TestCaseExecutor.java:307)
	at com.kms.katalon.core.main.TestCaseExecutor.accessMainPhase(TestCaseExecutor.java:299)
	at com.kms.katalon.core.main.TestCaseExecutor.execute(TestCaseExecutor.java:233)
	at com.kms.katalon.core.main.TestSuiteExecutor.accessTestCaseMainPhase(TestSuiteExecutor.java:169)
	at com.kms.katalon.core.main.TestSuiteExecutor.accessTestSuiteMainPhase(TestSuiteExecutor.java:142)
	at com.kms.katalon.core.main.TestSuiteExecutor.execute(TestSuiteExecutor.java:91)
	at com.kms.katalon.core.main.TestCaseMain.startTestSuite(TestCaseMain.java:157)
	at com.kms.katalon.core.main.TestCaseMain$startTestSuite$0.call(Unknown Source)
	at TempTestSuite1599020994386.run(TempTestSuite1599020994386.groovy:36)
Caused by: com.kms.katalon.core.webui.exception.WebElementNotFoundException: Web element with id: 'Object Repository/All/UserName' located by 'By.xpath: //*[@id="txtUsername"]' not found
	at com.kms.katalon.core.webui.common.WebUiCommonHelper.findWebElement(WebUiCommonHelper.java:1154)
	at com.kms.katalon.core.webui.keyword.internal.WebUIAbstractKeyword.findWebElement(WebUIAbstractKeyword.groovy:27)
	at com.kms.katalon.core.webui.keyword.internal.WebUIAbstractKeyword.findWebElement(WebUIAbstractKeyword.groovy:26)
	at com.kms.katalon.core.webui.keyword.builtin.SetTextKeyword$_setText_closure1.doCall(SetTextKeyword.groovy:51)
	at com.kms.katalon.core.webui.keyword.builtin.SetTextKeyword$_setText_closure1.call(SetTextKeyword.groovy)
	at com.kms.katalon.core.webui.keyword.internal.WebUIKeywordMain.runKeyword(WebUIKeywordMain.groovy:20)
	... 19 more


2020-09-02 13:28:25 - [TEST_STEP][PASSED] - openBrowser("http://goaml.southeastasia.cloudapp.azure.com/goaml/Default.aspx"): Browser is opened with url: 'http://goaml.southeastasia.cloudapp.azure.com/goaml/Default.aspx'

2020-09-02 13:28:25 - [MESSAGE][WARNING] - A browser is already opened. Closing browser and opening a new one

2020-09-02 13:28:26 - [MESSAGE][INFO] - Starting 'Chrome' driver

2020-09-02 13:28:26 - [MESSAGE][INFO] - User set preference: ['property', '']

2020-09-02 13:28:49 - [MESSAGE][PASSED] - Browser is opened with url: 'http://goaml.southeastasia.cloudapp.azure.com/goaml/Default.aspx'

2020-09-02 13:28:49 - [TEST_STEP][PASSED] - maximizeWindow(): Current window maximized

2020-09-02 13:28:51 - [MESSAGE][PASSED] - Current window maximized

2020-09-02 13:28:51 - [TEST_STEP][FAILED] - setText(findTestObject("All/UserName"), "anggi1"): Unable to set text 'anggi1' of object 'Object Repository/All/UserName' (Root cause: com.kms.katalon.core.exception.StepFailedException: Unable to set text 'anggi1' of object 'Object Repository/All/UserName'
	at com.kms.katalon.core.webui.keyword.internal.WebUIKeywordMain.stepFailed(WebUIKeywordMain.groovy:64)
	at com.kms.katalon.core.webui.keyword.internal.WebUIKeywordMain.runKeyword(WebUIKeywordMain.groovy:26)
	at com.kms.katalon.core.webui.keyword.builtin.SetTextKeyword.setText(SetTextKeyword.groovy:66)
	at com.kms.katalon.core.webui.keyword.builtin.SetTextKeyword.execute(SetTextKeyword.groovy:37)
	at com.kms.katalon.core.keyword.internal.KeywordExecutor.executeKeywordForPlatform(KeywordExecutor.groovy:72)
	at com.kms.katalon.core.webui.keyword.WebUiBuiltInKeywords.setText(WebUiBuiltInKeywords.groovy:950)
	at com.kms.katalon.core.webui.keyword.WebUiBuiltInKeywords$setText$1.call(Unknown Source)
	at GoAML Report 1.run(GoAML Report 1:25)
	at com.kms.katalon.core.main.ScriptEngine.run(ScriptEngine.java:194)
	at com.kms.katalon.core.main.ScriptEngine.runScriptAsRawText(ScriptEngine.java:119)
	at com.kms.katalon.core.main.TestCaseExecutor.runScript(TestCaseExecutor.java:337)
	at com.kms.katalon.core.main.TestCaseExecutor.doExecute(TestCaseExecutor.java:328)
	at com.kms.katalon.core.main.TestCaseExecutor.processExecutionPhase(TestCaseExecutor.java:307)
	at com.kms.katalon.core.main.TestCaseExecutor.accessMainPhase(TestCaseExecutor.java:299)
	at com.kms.katalon.core.main.TestCaseExecutor.execute(TestCaseExecutor.java:233)
	at com.kms.katalon.core.main.TestSuiteExecutor.accessTestCaseMainPhase(TestSuiteExecutor.java:169)
	at com.kms.katalon.core.main.TestSuiteExecutor.accessTestSuiteMainPhase(TestSuiteExecutor.java:142)
	at com.kms.katalon.core.main.TestSuiteExecutor.execute(TestSuiteExecutor.java:91)
	at com.kms.katalon.core.main.TestCaseMain.startTestSuite(TestCaseMain.java:157)
	at com.kms.katalon.core.main.TestCaseMain$startTestSuite$0.call(Unknown Source)
	at TempTestSuite1599020994386.run(TempTestSuite1599020994386.groovy:36)
Caused by: com.kms.katalon.core.webui.exception.WebElementNotFoundException: Web element with id: 'Object Repository/All/UserName' located by 'By.xpath: //*[@id="txtUsername"]' not found
	at com.kms.katalon.core.webui.common.WebUiCommonHelper.findWebElement(WebUiCommonHelper.java:1154)
	at com.kms.katalon.core.webui.keyword.internal.WebUIAbstractKeyword.findWebElement(WebUIAbstractKeyword.groovy:27)
	at com.kms.katalon.core.webui.keyword.internal.WebUIAbstractKeyword.findWebElement(WebUIAbstractKeyword.groovy:26)
	at com.kms.katalon.core.webui.keyword.builtin.SetTextKeyword$_setText_closure1.doCall(SetTextKeyword.groovy:51)
	at com.kms.katalon.core.webui.keyword.builtin.SetTextKeyword$_setText_closure1.call(SetTextKeyword.groovy)
	at com.kms.katalon.core.webui.keyword.internal.WebUIKeywordMain.runKeyword(WebUIKeywordMain.groovy:20)
	at com.kms.katalon.core.webui.keyword.builtin.SetTextKeyword.setText(SetTextKeyword.groovy:66)
	at com.kms.katalon.core.webui.keyword.builtin.SetTextKeyword.execute(SetTextKeyword.groovy:37)
	at com.kms.katalon.core.keyword.internal.KeywordExecutor.executeKeywordForPlatform(KeywordExecutor.groovy:72)
	at com.kms.katalon.core.webui.keyword.WebUiBuiltInKeywords.setText(WebUiBuiltInKeywords.groovy:950)
	at com.kms.katalon.core.webui.keyword.WebUiBuiltInKeywords$setText$1.call(Unknown Source)
	at Script1590734929315.run(Script1590734929315.groovy:25)
	... 13 more
)

2020-09-02 13:29:12 - [MESSAGE][INFO] - Unable to find the element located by 'By.xpath: //*[@id="txtUsername"]'. Please recheck the objects properties to make sure the desired element is located. 

2020-09-02 13:29:13 - [MESSAGE][FAILED] - Unable to set text 'anggi1' of object 'Object Repository/All/UserName' (Root cause: com.kms.katalon.core.exception.StepFailedException: Unable to set text 'anggi1' of object 'Object Repository/All/UserName'
	at com.kms.katalon.core.webui.keyword.internal.WebUIKeywordMain.stepFailed(WebUIKeywordMain.groovy:64)
	at com.kms.katalon.core.webui.keyword.internal.WebUIKeywordMain.runKeyword(WebUIKeywordMain.groovy:26)
	at com.kms.katalon.core.webui.keyword.builtin.SetTextKeyword.setText(SetTextKeyword.groovy:66)
	at com.kms.katalon.core.webui.keyword.builtin.SetTextKeyword.execute(SetTextKeyword.groovy:37)
	at com.kms.katalon.core.keyword.internal.KeywordExecutor.executeKeywordForPlatform(KeywordExecutor.groovy:72)
	at com.kms.katalon.core.webui.keyword.WebUiBuiltInKeywords.setText(WebUiBuiltInKeywords.groovy:950)
	at com.kms.katalon.core.webui.keyword.WebUiBuiltInKeywords$setText$1.call(Unknown Source)
	at GoAML Report 1.run(GoAML Report 1:25)
	at com.kms.katalon.core.main.ScriptEngine.run(ScriptEngine.java:194)
	at com.kms.katalon.core.main.ScriptEngine.runScriptAsRawText(ScriptEngine.java:119)
	at com.kms.katalon.core.main.TestCaseExecutor.runScript(TestCaseExecutor.java:337)
	at com.kms.katalon.core.main.TestCaseExecutor.doExecute(TestCaseExecutor.java:328)
	at com.kms.katalon.core.main.TestCaseExecutor.processExecutionPhase(TestCaseExecutor.java:307)
	at com.kms.katalon.core.main.TestCaseExecutor.accessMainPhase(TestCaseExecutor.java:299)
	at com.kms.katalon.core.main.TestCaseExecutor.execute(TestCaseExecutor.java:233)
	at com.kms.katalon.core.main.TestSuiteExecutor.accessTestCaseMainPhase(TestSuiteExecutor.java:169)
	at com.kms.katalon.core.main.TestSuiteExecutor.accessTestSuiteMainPhase(TestSuiteExecutor.java:142)
	at com.kms.katalon.core.main.TestSuiteExecutor.execute(TestSuiteExecutor.java:91)
	at com.kms.katalon.core.main.TestCaseMain.startTestSuite(TestCaseMain.java:157)
	at com.kms.katalon.core.main.TestCaseMain$startTestSuite$0.call(Unknown Source)
	at TempTestSuite1599020994386.run(TempTestSuite1599020994386.groovy:36)
Caused by: com.kms.katalon.core.webui.exception.WebElementNotFoundException: Web element with id: 'Object Repository/All/UserName' located by 'By.xpath: //*[@id="txtUsername"]' not found
	at com.kms.katalon.core.webui.common.WebUiCommonHelper.findWebElement(WebUiCommonHelper.java:1154)
	at com.kms.katalon.core.webui.keyword.internal.WebUIAbstractKeyword.findWebElement(WebUIAbstractKeyword.groovy:27)
	at com.kms.katalon.core.webui.keyword.internal.WebUIAbstractKeyword.findWebElement(WebUIAbstractKeyword.groovy:26)
	at com.kms.katalon.core.webui.keyword.builtin.SetTextKeyword$_setText_closure1.doCall(SetTextKeyword.groovy:51)
	at com.kms.katalon.core.webui.keyword.builtin.SetTextKeyword$_setText_closure1.call(SetTextKeyword.groovy)
	at com.kms.katalon.core.webui.keyword.internal.WebUIKeywordMain.runKeyword(WebUIKeywordMain.groovy:20)
	at com.kms.katalon.core.webui.keyword.builtin.SetTextKeyword.setText(SetTextKeyword.groovy:66)
	at com.kms.katalon.core.webui.keyword.builtin.SetTextKeyword.execute(SetTextKeyword.groovy:37)
	at com.kms.katalon.core.keyword.internal.KeywordExecutor.executeKeywordForPlatform(KeywordExecutor.groovy:72)
	at com.kms.katalon.core.webui.keyword.WebUiBuiltInKeywords.setText(WebUiBuiltInKeywords.groovy:950)
	at com.kms.katalon.core.webui.keyword.WebUiBuiltInKeywords$setText$1.call(Unknown Source)
	at Script1590734929315.run(Script1590734929315.groovy:25)
	... 13 more
)
[[ATTACHMENT|D:\\poject\\goaml2\\Katalon\\GoAML\\Reports\\20200902_112954\\New Test Suite (1)\\20200902_112954\\1599028152907.png]]]]></system-out>
         <system-err><![CDATA[2020-09-02 13:28:25 - [TEST_CASE][FAILED] - Test Cases/GoAML Report 1: Test Cases/GoAML Report 1 FAILED.
Reason:
com.kms.katalon.core.exception.StepFailedException: Unable to set text 'anggi1' of object 'Object Repository/All/UserName'
	at com.kms.katalon.core.webui.keyword.internal.WebUIKeywordMain.stepFailed(WebUIKeywordMain.groovy:64)
	at com.kms.katalon.core.webui.keyword.internal.WebUIKeywordMain.runKeyword(WebUIKeywordMain.groovy:26)
	at com.kms.katalon.core.webui.keyword.builtin.SetTextKeyword.setText(SetTextKeyword.groovy:66)
	at com.kms.katalon.core.webui.keyword.builtin.SetTextKeyword.execute(SetTextKeyword.groovy:37)
	at com.kms.katalon.core.keyword.internal.KeywordExecutor.executeKeywordForPlatform(KeywordExecutor.groovy:72)
	at com.kms.katalon.core.webui.keyword.WebUiBuiltInKeywords.setText(WebUiBuiltInKeywords.groovy:950)
	at com.kms.katalon.core.webui.keyword.WebUiBuiltInKeywords$setText$1.call(Unknown Source)
	at GoAML Report 1.run(GoAML Report 1:25)
	at com.kms.katalon.core.main.ScriptEngine.run(ScriptEngine.java:194)
	at com.kms.katalon.core.main.ScriptEngine.runScriptAsRawText(ScriptEngine.java:119)
	at com.kms.katalon.core.main.TestCaseExecutor.runScript(TestCaseExecutor.java:337)
	at com.kms.katalon.core.main.TestCaseExecutor.doExecute(TestCaseExecutor.java:328)
	at com.kms.katalon.core.main.TestCaseExecutor.processExecutionPhase(TestCaseExecutor.java:307)
	at com.kms.katalon.core.main.TestCaseExecutor.accessMainPhase(TestCaseExecutor.java:299)
	at com.kms.katalon.core.main.TestCaseExecutor.execute(TestCaseExecutor.java:233)
	at com.kms.katalon.core.main.TestSuiteExecutor.accessTestCaseMainPhase(TestSuiteExecutor.java:169)
	at com.kms.katalon.core.main.TestSuiteExecutor.accessTestSuiteMainPhase(TestSuiteExecutor.java:142)
	at com.kms.katalon.core.main.TestSuiteExecutor.execute(TestSuiteExecutor.java:91)
	at com.kms.katalon.core.main.TestCaseMain.startTestSuite(TestCaseMain.java:157)
	at com.kms.katalon.core.main.TestCaseMain$startTestSuite$0.call(Unknown Source)
	at TempTestSuite1599020994386.run(TempTestSuite1599020994386.groovy:36)
Caused by: com.kms.katalon.core.webui.exception.WebElementNotFoundException: Web element with id: 'Object Repository/All/UserName' located by 'By.xpath: //*[@id="txtUsername"]' not found
	at com.kms.katalon.core.webui.common.WebUiCommonHelper.findWebElement(WebUiCommonHelper.java:1154)
	at com.kms.katalon.core.webui.keyword.internal.WebUIAbstractKeyword.findWebElement(WebUIAbstractKeyword.groovy:27)
	at com.kms.katalon.core.webui.keyword.internal.WebUIAbstractKeyword.findWebElement(WebUIAbstractKeyword.groovy:26)
	at com.kms.katalon.core.webui.keyword.builtin.SetTextKeyword$_setText_closure1.doCall(SetTextKeyword.groovy:51)
	at com.kms.katalon.core.webui.keyword.builtin.SetTextKeyword$_setText_closure1.call(SetTextKeyword.groovy)
	at com.kms.katalon.core.webui.keyword.internal.WebUIKeywordMain.runKeyword(WebUIKeywordMain.groovy:20)
	... 19 more]]></system-err>
      </testcase>
      <testcase name="Test Cases/GoAML Report 1" time="49.148" classname="Test Cases/GoAML Report 1" status="FAILED">
         <failure type="FAILED" message="Test Cases/GoAML Report 1 FAILED.
Reason:
com.kms.katalon.core.exception.StepFailedException: Unable to set text 'anggi1' of object 'Object Repository/All/UserName'
	at com.kms.katalon.core.webui.keyword.internal.WebUIKeywordMain.stepFailed(WebUIKeywordMain.groovy:64)
	at com.kms.katalon.core.webui.keyword.internal.WebUIKeywordMain.runKeyword(WebUIKeywordMain.groovy:26)
	at com.kms.katalon.core.webui.keyword.builtin.SetTextKeyword.setText(SetTextKeyword.groovy:66)
	at com.kms.katalon.core.webui.keyword.builtin.SetTextKeyword.execute(SetTextKeyword.groovy:37)
	at com.kms.katalon.core.keyword.internal.KeywordExecutor.executeKeywordForPlatform(KeywordExecutor.groovy:72)
	at com.kms.katalon.core.webui.keyword.WebUiBuiltInKeywords.setText(WebUiBuiltInKeywords.groovy:950)
	at com.kms.katalon.core.webui.keyword.WebUiBuiltInKeywords$setText$1.call(Unknown Source)
	at GoAML Report 1.run(GoAML Report 1:25)
	at com.kms.katalon.core.main.ScriptEngine.run(ScriptEngine.java:194)
	at com.kms.katalon.core.main.ScriptEngine.runScriptAsRawText(ScriptEngine.java:119)
	at com.kms.katalon.core.main.TestCaseExecutor.runScript(TestCaseExecutor.java:337)
	at com.kms.katalon.core.main.TestCaseExecutor.doExecute(TestCaseExecutor.java:328)
	at com.kms.katalon.core.main.TestCaseExecutor.processExecutionPhase(TestCaseExecutor.java:307)
	at com.kms.katalon.core.main.TestCaseExecutor.accessMainPhase(TestCaseExecutor.java:299)
	at com.kms.katalon.core.main.TestCaseExecutor.execute(TestCaseExecutor.java:233)
	at com.kms.katalon.core.main.TestSuiteExecutor.accessTestCaseMainPhase(TestSuiteExecutor.java:169)
	at com.kms.katalon.core.main.TestSuiteExecutor.accessTestSuiteMainPhase(TestSuiteExecutor.java:142)
	at com.kms.katalon.core.main.TestSuiteExecutor.execute(TestSuiteExecutor.java:91)
	at com.kms.katalon.core.main.TestCaseMain.startTestSuite(TestCaseMain.java:157)
	at com.kms.katalon.core.main.TestCaseMain$startTestSuite$0.call(Unknown Source)
	at TempTestSuite1599020994386.run(TempTestSuite1599020994386.groovy:36)
Caused by: com.kms.katalon.core.webui.exception.WebElementNotFoundException: Web element with id: 'Object Repository/All/UserName' located by 'By.xpath: //*[@id=&quot;txtUsername&quot;]' not found
	at com.kms.katalon.core.webui.common.WebUiCommonHelper.findWebElement(WebUiCommonHelper.java:1154)
	at com.kms.katalon.core.webui.keyword.internal.WebUIAbstractKeyword.findWebElement(WebUIAbstractKeyword.groovy:27)
	at com.kms.katalon.core.webui.keyword.internal.WebUIAbstractKeyword.findWebElement(WebUIAbstractKeyword.groovy:26)
	at com.kms.katalon.core.webui.keyword.builtin.SetTextKeyword$_setText_closure1.doCall(SetTextKeyword.groovy:51)
	at com.kms.katalon.core.webui.keyword.builtin.SetTextKeyword$_setText_closure1.call(SetTextKeyword.groovy)
	at com.kms.katalon.core.webui.keyword.internal.WebUIKeywordMain.runKeyword(WebUIKeywordMain.groovy:20)
	... 19 more
"/>
         <system-out><![CDATA[2020-09-02 13:29:15 - [TEST_CASE][FAILED] - Test Cases/GoAML Report 1: Test Cases/GoAML Report 1 FAILED.
Reason:
com.kms.katalon.core.exception.StepFailedException: Unable to set text 'anggi1' of object 'Object Repository/All/UserName'
	at com.kms.katalon.core.webui.keyword.internal.WebUIKeywordMain.stepFailed(WebUIKeywordMain.groovy:64)
	at com.kms.katalon.core.webui.keyword.internal.WebUIKeywordMain.runKeyword(WebUIKeywordMain.groovy:26)
	at com.kms.katalon.core.webui.keyword.builtin.SetTextKeyword.setText(SetTextKeyword.groovy:66)
	at com.kms.katalon.core.webui.keyword.builtin.SetTextKeyword.execute(SetTextKeyword.groovy:37)
	at com.kms.katalon.core.keyword.internal.KeywordExecutor.executeKeywordForPlatform(KeywordExecutor.groovy:72)
	at com.kms.katalon.core.webui.keyword.WebUiBuiltInKeywords.setText(WebUiBuiltInKeywords.groovy:950)
	at com.kms.katalon.core.webui.keyword.WebUiBuiltInKeywords$setText$1.call(Unknown Source)
	at GoAML Report 1.run(GoAML Report 1:25)
	at com.kms.katalon.core.main.ScriptEngine.run(ScriptEngine.java:194)
	at com.kms.katalon.core.main.ScriptEngine.runScriptAsRawText(ScriptEngine.java:119)
	at com.kms.katalon.core.main.TestCaseExecutor.runScript(TestCaseExecutor.java:337)
	at com.kms.katalon.core.main.TestCaseExecutor.doExecute(TestCaseExecutor.java:328)
	at com.kms.katalon.core.main.TestCaseExecutor.processExecutionPhase(TestCaseExecutor.java:307)
	at com.kms.katalon.core.main.TestCaseExecutor.accessMainPhase(TestCaseExecutor.java:299)
	at com.kms.katalon.core.main.TestCaseExecutor.execute(TestCaseExecutor.java:233)
	at com.kms.katalon.core.main.TestSuiteExecutor.accessTestCaseMainPhase(TestSuiteExecutor.java:169)
	at com.kms.katalon.core.main.TestSuiteExecutor.accessTestSuiteMainPhase(TestSuiteExecutor.java:142)
	at com.kms.katalon.core.main.TestSuiteExecutor.execute(TestSuiteExecutor.java:91)
	at com.kms.katalon.core.main.TestCaseMain.startTestSuite(TestCaseMain.java:157)
	at com.kms.katalon.core.main.TestCaseMain$startTestSuite$0.call(Unknown Source)
	at TempTestSuite1599020994386.run(TempTestSuite1599020994386.groovy:36)
Caused by: com.kms.katalon.core.webui.exception.WebElementNotFoundException: Web element with id: 'Object Repository/All/UserName' located by 'By.xpath: //*[@id="txtUsername"]' not found
	at com.kms.katalon.core.webui.common.WebUiCommonHelper.findWebElement(WebUiCommonHelper.java:1154)
	at com.kms.katalon.core.webui.keyword.internal.WebUIAbstractKeyword.findWebElement(WebUIAbstractKeyword.groovy:27)
	at com.kms.katalon.core.webui.keyword.internal.WebUIAbstractKeyword.findWebElement(WebUIAbstractKeyword.groovy:26)
	at com.kms.katalon.core.webui.keyword.builtin.SetTextKeyword$_setText_closure1.doCall(SetTextKeyword.groovy:51)
	at com.kms.katalon.core.webui.keyword.builtin.SetTextKeyword$_setText_closure1.call(SetTextKeyword.groovy)
	at com.kms.katalon.core.webui.keyword.internal.WebUIKeywordMain.runKeyword(WebUIKeywordMain.groovy:20)
	... 19 more


2020-09-02 13:29:15 - [TEST_STEP][PASSED] - openBrowser("http://goaml.southeastasia.cloudapp.azure.com/goaml/Default.aspx"): Browser is opened with url: 'http://goaml.southeastasia.cloudapp.azure.com/goaml/Default.aspx'

2020-09-02 13:29:15 - [MESSAGE][WARNING] - A browser is already opened. Closing browser and opening a new one

2020-09-02 13:29:15 - [MESSAGE][INFO] - Starting 'Chrome' driver

2020-09-02 13:29:15 - [MESSAGE][INFO] - User set preference: ['property', '']

2020-09-02 13:29:38 - [MESSAGE][PASSED] - Browser is opened with url: 'http://goaml.southeastasia.cloudapp.azure.com/goaml/Default.aspx'

2020-09-02 13:29:38 - [TEST_STEP][PASSED] - maximizeWindow(): Current window maximized

2020-09-02 13:29:41 - [MESSAGE][PASSED] - Current window maximized

2020-09-02 13:29:41 - [TEST_STEP][FAILED] - setText(findTestObject("All/UserName"), "anggi1"): Unable to set text 'anggi1' of object 'Object Repository/All/UserName' (Root cause: com.kms.katalon.core.exception.StepFailedException: Unable to set text 'anggi1' of object 'Object Repository/All/UserName'
	at com.kms.katalon.core.webui.keyword.internal.WebUIKeywordMain.stepFailed(WebUIKeywordMain.groovy:64)
	at com.kms.katalon.core.webui.keyword.internal.WebUIKeywordMain.runKeyword(WebUIKeywordMain.groovy:26)
	at com.kms.katalon.core.webui.keyword.builtin.SetTextKeyword.setText(SetTextKeyword.groovy:66)
	at com.kms.katalon.core.webui.keyword.builtin.SetTextKeyword.execute(SetTextKeyword.groovy:37)
	at com.kms.katalon.core.keyword.internal.KeywordExecutor.executeKeywordForPlatform(KeywordExecutor.groovy:72)
	at com.kms.katalon.core.webui.keyword.WebUiBuiltInKeywords.setText(WebUiBuiltInKeywords.groovy:950)
	at com.kms.katalon.core.webui.keyword.WebUiBuiltInKeywords$setText$1.call(Unknown Source)
	at GoAML Report 1.run(GoAML Report 1:25)
	at com.kms.katalon.core.main.ScriptEngine.run(ScriptEngine.java:194)
	at com.kms.katalon.core.main.ScriptEngine.runScriptAsRawText(ScriptEngine.java:119)
	at com.kms.katalon.core.main.TestCaseExecutor.runScript(TestCaseExecutor.java:337)
	at com.kms.katalon.core.main.TestCaseExecutor.doExecute(TestCaseExecutor.java:328)
	at com.kms.katalon.core.main.TestCaseExecutor.processExecutionPhase(TestCaseExecutor.java:307)
	at com.kms.katalon.core.main.TestCaseExecutor.accessMainPhase(TestCaseExecutor.java:299)
	at com.kms.katalon.core.main.TestCaseExecutor.execute(TestCaseExecutor.java:233)
	at com.kms.katalon.core.main.TestSuiteExecutor.accessTestCaseMainPhase(TestSuiteExecutor.java:169)
	at com.kms.katalon.core.main.TestSuiteExecutor.accessTestSuiteMainPhase(TestSuiteExecutor.java:142)
	at com.kms.katalon.core.main.TestSuiteExecutor.execute(TestSuiteExecutor.java:91)
	at com.kms.katalon.core.main.TestCaseMain.startTestSuite(TestCaseMain.java:157)
	at com.kms.katalon.core.main.TestCaseMain$startTestSuite$0.call(Unknown Source)
	at TempTestSuite1599020994386.run(TempTestSuite1599020994386.groovy:36)
Caused by: com.kms.katalon.core.webui.exception.WebElementNotFoundException: Web element with id: 'Object Repository/All/UserName' located by 'By.xpath: //*[@id="txtUsername"]' not found
	at com.kms.katalon.core.webui.common.WebUiCommonHelper.findWebElement(WebUiCommonHelper.java:1154)
	at com.kms.katalon.core.webui.keyword.internal.WebUIAbstractKeyword.findWebElement(WebUIAbstractKeyword.groovy:27)
	at com.kms.katalon.core.webui.keyword.internal.WebUIAbstractKeyword.findWebElement(WebUIAbstractKeyword.groovy:26)
	at com.kms.katalon.core.webui.keyword.builtin.SetTextKeyword$_setText_closure1.doCall(SetTextKeyword.groovy:51)
	at com.kms.katalon.core.webui.keyword.builtin.SetTextKeyword$_setText_closure1.call(SetTextKeyword.groovy)
	at com.kms.katalon.core.webui.keyword.internal.WebUIKeywordMain.runKeyword(WebUIKeywordMain.groovy:20)
	at com.kms.katalon.core.webui.keyword.builtin.SetTextKeyword.setText(SetTextKeyword.groovy:66)
	at com.kms.katalon.core.webui.keyword.builtin.SetTextKeyword.execute(SetTextKeyword.groovy:37)
	at com.kms.katalon.core.keyword.internal.KeywordExecutor.executeKeywordForPlatform(KeywordExecutor.groovy:72)
	at com.kms.katalon.core.webui.keyword.WebUiBuiltInKeywords.setText(WebUiBuiltInKeywords.groovy:950)
	at com.kms.katalon.core.webui.keyword.WebUiBuiltInKeywords$setText$1.call(Unknown Source)
	at Script1590734929315.run(Script1590734929315.groovy:25)
	... 13 more
)

2020-09-02 13:30:01 - [MESSAGE][INFO] - Unable to find the element located by 'By.xpath: //*[@id="txtUsername"]'. Please recheck the objects properties to make sure the desired element is located. 

2020-09-02 13:30:02 - [MESSAGE][FAILED] - Unable to set text 'anggi1' of object 'Object Repository/All/UserName' (Root cause: com.kms.katalon.core.exception.StepFailedException: Unable to set text 'anggi1' of object 'Object Repository/All/UserName'
	at com.kms.katalon.core.webui.keyword.internal.WebUIKeywordMain.stepFailed(WebUIKeywordMain.groovy:64)
	at com.kms.katalon.core.webui.keyword.internal.WebUIKeywordMain.runKeyword(WebUIKeywordMain.groovy:26)
	at com.kms.katalon.core.webui.keyword.builtin.SetTextKeyword.setText(SetTextKeyword.groovy:66)
	at com.kms.katalon.core.webui.keyword.builtin.SetTextKeyword.execute(SetTextKeyword.groovy:37)
	at com.kms.katalon.core.keyword.internal.KeywordExecutor.executeKeywordForPlatform(KeywordExecutor.groovy:72)
	at com.kms.katalon.core.webui.keyword.WebUiBuiltInKeywords.setText(WebUiBuiltInKeywords.groovy:950)
	at com.kms.katalon.core.webui.keyword.WebUiBuiltInKeywords$setText$1.call(Unknown Source)
	at GoAML Report 1.run(GoAML Report 1:25)
	at com.kms.katalon.core.main.ScriptEngine.run(ScriptEngine.java:194)
	at com.kms.katalon.core.main.ScriptEngine.runScriptAsRawText(ScriptEngine.java:119)
	at com.kms.katalon.core.main.TestCaseExecutor.runScript(TestCaseExecutor.java:337)
	at com.kms.katalon.core.main.TestCaseExecutor.doExecute(TestCaseExecutor.java:328)
	at com.kms.katalon.core.main.TestCaseExecutor.processExecutionPhase(TestCaseExecutor.java:307)
	at com.kms.katalon.core.main.TestCaseExecutor.accessMainPhase(TestCaseExecutor.java:299)
	at com.kms.katalon.core.main.TestCaseExecutor.execute(TestCaseExecutor.java:233)
	at com.kms.katalon.core.main.TestSuiteExecutor.accessTestCaseMainPhase(TestSuiteExecutor.java:169)
	at com.kms.katalon.core.main.TestSuiteExecutor.accessTestSuiteMainPhase(TestSuiteExecutor.java:142)
	at com.kms.katalon.core.main.TestSuiteExecutor.execute(TestSuiteExecutor.java:91)
	at com.kms.katalon.core.main.TestCaseMain.startTestSuite(TestCaseMain.java:157)
	at com.kms.katalon.core.main.TestCaseMain$startTestSuite$0.call(Unknown Source)
	at TempTestSuite1599020994386.run(TempTestSuite1599020994386.groovy:36)
Caused by: com.kms.katalon.core.webui.exception.WebElementNotFoundException: Web element with id: 'Object Repository/All/UserName' located by 'By.xpath: //*[@id="txtUsername"]' not found
	at com.kms.katalon.core.webui.common.WebUiCommonHelper.findWebElement(WebUiCommonHelper.java:1154)
	at com.kms.katalon.core.webui.keyword.internal.WebUIAbstractKeyword.findWebElement(WebUIAbstractKeyword.groovy:27)
	at com.kms.katalon.core.webui.keyword.internal.WebUIAbstractKeyword.findWebElement(WebUIAbstractKeyword.groovy:26)
	at com.kms.katalon.core.webui.keyword.builtin.SetTextKeyword$_setText_closure1.doCall(SetTextKeyword.groovy:51)
	at com.kms.katalon.core.webui.keyword.builtin.SetTextKeyword$_setText_closure1.call(SetTextKeyword.groovy)
	at com.kms.katalon.core.webui.keyword.internal.WebUIKeywordMain.runKeyword(WebUIKeywordMain.groovy:20)
	at com.kms.katalon.core.webui.keyword.builtin.SetTextKeyword.setText(SetTextKeyword.groovy:66)
	at com.kms.katalon.core.webui.keyword.builtin.SetTextKeyword.execute(SetTextKeyword.groovy:37)
	at com.kms.katalon.core.keyword.internal.KeywordExecutor.executeKeywordForPlatform(KeywordExecutor.groovy:72)
	at com.kms.katalon.core.webui.keyword.WebUiBuiltInKeywords.setText(WebUiBuiltInKeywords.groovy:950)
	at com.kms.katalon.core.webui.keyword.WebUiBuiltInKeywords$setText$1.call(Unknown Source)
	at Script1590734929315.run(Script1590734929315.groovy:25)
	... 13 more
)
[[ATTACHMENT|D:\\poject\\goaml2\\Katalon\\GoAML\\Reports\\20200902_112954\\New Test Suite (1)\\20200902_112954\\1599028201949.png]]]]></system-out>
         <system-err><![CDATA[2020-09-02 13:29:15 - [TEST_CASE][FAILED] - Test Cases/GoAML Report 1: Test Cases/GoAML Report 1 FAILED.
Reason:
com.kms.katalon.core.exception.StepFailedException: Unable to set text 'anggi1' of object 'Object Repository/All/UserName'
	at com.kms.katalon.core.webui.keyword.internal.WebUIKeywordMain.stepFailed(WebUIKeywordMain.groovy:64)
	at com.kms.katalon.core.webui.keyword.internal.WebUIKeywordMain.runKeyword(WebUIKeywordMain.groovy:26)
	at com.kms.katalon.core.webui.keyword.builtin.SetTextKeyword.setText(SetTextKeyword.groovy:66)
	at com.kms.katalon.core.webui.keyword.builtin.SetTextKeyword.execute(SetTextKeyword.groovy:37)
	at com.kms.katalon.core.keyword.internal.KeywordExecutor.executeKeywordForPlatform(KeywordExecutor.groovy:72)
	at com.kms.katalon.core.webui.keyword.WebUiBuiltInKeywords.setText(WebUiBuiltInKeywords.groovy:950)
	at com.kms.katalon.core.webui.keyword.WebUiBuiltInKeywords$setText$1.call(Unknown Source)
	at GoAML Report 1.run(GoAML Report 1:25)
	at com.kms.katalon.core.main.ScriptEngine.run(ScriptEngine.java:194)
	at com.kms.katalon.core.main.ScriptEngine.runScriptAsRawText(ScriptEngine.java:119)
	at com.kms.katalon.core.main.TestCaseExecutor.runScript(TestCaseExecutor.java:337)
	at com.kms.katalon.core.main.TestCaseExecutor.doExecute(TestCaseExecutor.java:328)
	at com.kms.katalon.core.main.TestCaseExecutor.processExecutionPhase(TestCaseExecutor.java:307)
	at com.kms.katalon.core.main.TestCaseExecutor.accessMainPhase(TestCaseExecutor.java:299)
	at com.kms.katalon.core.main.TestCaseExecutor.execute(TestCaseExecutor.java:233)
	at com.kms.katalon.core.main.TestSuiteExecutor.accessTestCaseMainPhase(TestSuiteExecutor.java:169)
	at com.kms.katalon.core.main.TestSuiteExecutor.accessTestSuiteMainPhase(TestSuiteExecutor.java:142)
	at com.kms.katalon.core.main.TestSuiteExecutor.execute(TestSuiteExecutor.java:91)
	at com.kms.katalon.core.main.TestCaseMain.startTestSuite(TestCaseMain.java:157)
	at com.kms.katalon.core.main.TestCaseMain$startTestSuite$0.call(Unknown Source)
	at TempTestSuite1599020994386.run(TempTestSuite1599020994386.groovy:36)
Caused by: com.kms.katalon.core.webui.exception.WebElementNotFoundException: Web element with id: 'Object Repository/All/UserName' located by 'By.xpath: //*[@id="txtUsername"]' not found
	at com.kms.katalon.core.webui.common.WebUiCommonHelper.findWebElement(WebUiCommonHelper.java:1154)
	at com.kms.katalon.core.webui.keyword.internal.WebUIAbstractKeyword.findWebElement(WebUIAbstractKeyword.groovy:27)
	at com.kms.katalon.core.webui.keyword.internal.WebUIAbstractKeyword.findWebElement(WebUIAbstractKeyword.groovy:26)
	at com.kms.katalon.core.webui.keyword.builtin.SetTextKeyword$_setText_closure1.doCall(SetTextKeyword.groovy:51)
	at com.kms.katalon.core.webui.keyword.builtin.SetTextKeyword$_setText_closure1.call(SetTextKeyword.groovy)
	at com.kms.katalon.core.webui.keyword.internal.WebUIKeywordMain.runKeyword(WebUIKeywordMain.groovy:20)
	... 19 more]]></system-err>
      </testcase>
      <testcase name="Test Cases/GoAML Report 1" time="49.067" classname="Test Cases/GoAML Report 1" status="FAILED">
         <failure type="FAILED" message="Test Cases/GoAML Report 1 FAILED.
Reason:
com.kms.katalon.core.exception.StepFailedException: Unable to set text 'anggi1' of object 'Object Repository/All/UserName'
	at com.kms.katalon.core.webui.keyword.internal.WebUIKeywordMain.stepFailed(WebUIKeywordMain.groovy:64)
	at com.kms.katalon.core.webui.keyword.internal.WebUIKeywordMain.runKeyword(WebUIKeywordMain.groovy:26)
	at com.kms.katalon.core.webui.keyword.builtin.SetTextKeyword.setText(SetTextKeyword.groovy:66)
	at com.kms.katalon.core.webui.keyword.builtin.SetTextKeyword.execute(SetTextKeyword.groovy:37)
	at com.kms.katalon.core.keyword.internal.KeywordExecutor.executeKeywordForPlatform(KeywordExecutor.groovy:72)
	at com.kms.katalon.core.webui.keyword.WebUiBuiltInKeywords.setText(WebUiBuiltInKeywords.groovy:950)
	at com.kms.katalon.core.webui.keyword.WebUiBuiltInKeywords$setText$1.call(Unknown Source)
	at GoAML Report 1.run(GoAML Report 1:25)
	at com.kms.katalon.core.main.ScriptEngine.run(ScriptEngine.java:194)
	at com.kms.katalon.core.main.ScriptEngine.runScriptAsRawText(ScriptEngine.java:119)
	at com.kms.katalon.core.main.TestCaseExecutor.runScript(TestCaseExecutor.java:337)
	at com.kms.katalon.core.main.TestCaseExecutor.doExecute(TestCaseExecutor.java:328)
	at com.kms.katalon.core.main.TestCaseExecutor.processExecutionPhase(TestCaseExecutor.java:307)
	at com.kms.katalon.core.main.TestCaseExecutor.accessMainPhase(TestCaseExecutor.java:299)
	at com.kms.katalon.core.main.TestCaseExecutor.execute(TestCaseExecutor.java:233)
	at com.kms.katalon.core.main.TestSuiteExecutor.accessTestCaseMainPhase(TestSuiteExecutor.java:169)
	at com.kms.katalon.core.main.TestSuiteExecutor.accessTestSuiteMainPhase(TestSuiteExecutor.java:142)
	at com.kms.katalon.core.main.TestSuiteExecutor.execute(TestSuiteExecutor.java:91)
	at com.kms.katalon.core.main.TestCaseMain.startTestSuite(TestCaseMain.java:157)
	at com.kms.katalon.core.main.TestCaseMain$startTestSuite$0.call(Unknown Source)
	at TempTestSuite1599020994386.run(TempTestSuite1599020994386.groovy:36)
Caused by: com.kms.katalon.core.webui.exception.WebElementNotFoundException: Web element with id: 'Object Repository/All/UserName' located by 'By.xpath: //*[@id=&quot;txtUsername&quot;]' not found
	at com.kms.katalon.core.webui.common.WebUiCommonHelper.findWebElement(WebUiCommonHelper.java:1154)
	at com.kms.katalon.core.webui.keyword.internal.WebUIAbstractKeyword.findWebElement(WebUIAbstractKeyword.groovy:27)
	at com.kms.katalon.core.webui.keyword.internal.WebUIAbstractKeyword.findWebElement(WebUIAbstractKeyword.groovy:26)
	at com.kms.katalon.core.webui.keyword.builtin.SetTextKeyword$_setText_closure1.doCall(SetTextKeyword.groovy:51)
	at com.kms.katalon.core.webui.keyword.builtin.SetTextKeyword$_setText_closure1.call(SetTextKeyword.groovy)
	at com.kms.katalon.core.webui.keyword.internal.WebUIKeywordMain.runKeyword(WebUIKeywordMain.groovy:20)
	... 19 more
"/>
         <system-out><![CDATA[2020-09-02 13:30:04 - [TEST_CASE][FAILED] - Test Cases/GoAML Report 1: Test Cases/GoAML Report 1 FAILED.
Reason:
com.kms.katalon.core.exception.StepFailedException: Unable to set text 'anggi1' of object 'Object Repository/All/UserName'
	at com.kms.katalon.core.webui.keyword.internal.WebUIKeywordMain.stepFailed(WebUIKeywordMain.groovy:64)
	at com.kms.katalon.core.webui.keyword.internal.WebUIKeywordMain.runKeyword(WebUIKeywordMain.groovy:26)
	at com.kms.katalon.core.webui.keyword.builtin.SetTextKeyword.setText(SetTextKeyword.groovy:66)
	at com.kms.katalon.core.webui.keyword.builtin.SetTextKeyword.execute(SetTextKeyword.groovy:37)
	at com.kms.katalon.core.keyword.internal.KeywordExecutor.executeKeywordForPlatform(KeywordExecutor.groovy:72)
	at com.kms.katalon.core.webui.keyword.WebUiBuiltInKeywords.setText(WebUiBuiltInKeywords.groovy:950)
	at com.kms.katalon.core.webui.keyword.WebUiBuiltInKeywords$setText$1.call(Unknown Source)
	at GoAML Report 1.run(GoAML Report 1:25)
	at com.kms.katalon.core.main.ScriptEngine.run(ScriptEngine.java:194)
	at com.kms.katalon.core.main.ScriptEngine.runScriptAsRawText(ScriptEngine.java:119)
	at com.kms.katalon.core.main.TestCaseExecutor.runScript(TestCaseExecutor.java:337)
	at com.kms.katalon.core.main.TestCaseExecutor.doExecute(TestCaseExecutor.java:328)
	at com.kms.katalon.core.main.TestCaseExecutor.processExecutionPhase(TestCaseExecutor.java:307)
	at com.kms.katalon.core.main.TestCaseExecutor.accessMainPhase(TestCaseExecutor.java:299)
	at com.kms.katalon.core.main.TestCaseExecutor.execute(TestCaseExecutor.java:233)
	at com.kms.katalon.core.main.TestSuiteExecutor.accessTestCaseMainPhase(TestSuiteExecutor.java:169)
	at com.kms.katalon.core.main.TestSuiteExecutor.accessTestSuiteMainPhase(TestSuiteExecutor.java:142)
	at com.kms.katalon.core.main.TestSuiteExecutor.execute(TestSuiteExecutor.java:91)
	at com.kms.katalon.core.main.TestCaseMain.startTestSuite(TestCaseMain.java:157)
	at com.kms.katalon.core.main.TestCaseMain$startTestSuite$0.call(Unknown Source)
	at TempTestSuite1599020994386.run(TempTestSuite1599020994386.groovy:36)
Caused by: com.kms.katalon.core.webui.exception.WebElementNotFoundException: Web element with id: 'Object Repository/All/UserName' located by 'By.xpath: //*[@id="txtUsername"]' not found
	at com.kms.katalon.core.webui.common.WebUiCommonHelper.findWebElement(WebUiCommonHelper.java:1154)
	at com.kms.katalon.core.webui.keyword.internal.WebUIAbstractKeyword.findWebElement(WebUIAbstractKeyword.groovy:27)
	at com.kms.katalon.core.webui.keyword.internal.WebUIAbstractKeyword.findWebElement(WebUIAbstractKeyword.groovy:26)
	at com.kms.katalon.core.webui.keyword.builtin.SetTextKeyword$_setText_closure1.doCall(SetTextKeyword.groovy:51)
	at com.kms.katalon.core.webui.keyword.builtin.SetTextKeyword$_setText_closure1.call(SetTextKeyword.groovy)
	at com.kms.katalon.core.webui.keyword.internal.WebUIKeywordMain.runKeyword(WebUIKeywordMain.groovy:20)
	... 19 more


2020-09-02 13:30:04 - [TEST_STEP][PASSED] - openBrowser("http://goaml.southeastasia.cloudapp.azure.com/goaml/Default.aspx"): Browser is opened with url: 'http://goaml.southeastasia.cloudapp.azure.com/goaml/Default.aspx'

2020-09-02 13:30:04 - [MESSAGE][WARNING] - A browser is already opened. Closing browser and opening a new one

2020-09-02 13:30:05 - [MESSAGE][INFO] - Starting 'Chrome' driver

2020-09-02 13:30:05 - [MESSAGE][INFO] - User set preference: ['property', '']

2020-09-02 13:30:28 - [MESSAGE][PASSED] - Browser is opened with url: 'http://goaml.southeastasia.cloudapp.azure.com/goaml/Default.aspx'

2020-09-02 13:30:28 - [TEST_STEP][PASSED] - maximizeWindow(): Current window maximized

2020-09-02 13:30:30 - [MESSAGE][PASSED] - Current window maximized

2020-09-02 13:30:30 - [TEST_STEP][FAILED] - setText(findTestObject("All/UserName"), "anggi1"): Unable to set text 'anggi1' of object 'Object Repository/All/UserName' (Root cause: com.kms.katalon.core.exception.StepFailedException: Unable to set text 'anggi1' of object 'Object Repository/All/UserName'
	at com.kms.katalon.core.webui.keyword.internal.WebUIKeywordMain.stepFailed(WebUIKeywordMain.groovy:64)
	at com.kms.katalon.core.webui.keyword.internal.WebUIKeywordMain.runKeyword(WebUIKeywordMain.groovy:26)
	at com.kms.katalon.core.webui.keyword.builtin.SetTextKeyword.setText(SetTextKeyword.groovy:66)
	at com.kms.katalon.core.webui.keyword.builtin.SetTextKeyword.execute(SetTextKeyword.groovy:37)
	at com.kms.katalon.core.keyword.internal.KeywordExecutor.executeKeywordForPlatform(KeywordExecutor.groovy:72)
	at com.kms.katalon.core.webui.keyword.WebUiBuiltInKeywords.setText(WebUiBuiltInKeywords.groovy:950)
	at com.kms.katalon.core.webui.keyword.WebUiBuiltInKeywords$setText$1.call(Unknown Source)
	at GoAML Report 1.run(GoAML Report 1:25)
	at com.kms.katalon.core.main.ScriptEngine.run(ScriptEngine.java:194)
	at com.kms.katalon.core.main.ScriptEngine.runScriptAsRawText(ScriptEngine.java:119)
	at com.kms.katalon.core.main.TestCaseExecutor.runScript(TestCaseExecutor.java:337)
	at com.kms.katalon.core.main.TestCaseExecutor.doExecute(TestCaseExecutor.java:328)
	at com.kms.katalon.core.main.TestCaseExecutor.processExecutionPhase(TestCaseExecutor.java:307)
	at com.kms.katalon.core.main.TestCaseExecutor.accessMainPhase(TestCaseExecutor.java:299)
	at com.kms.katalon.core.main.TestCaseExecutor.execute(TestCaseExecutor.java:233)
	at com.kms.katalon.core.main.TestSuiteExecutor.accessTestCaseMainPhase(TestSuiteExecutor.java:169)
	at com.kms.katalon.core.main.TestSuiteExecutor.accessTestSuiteMainPhase(TestSuiteExecutor.java:142)
	at com.kms.katalon.core.main.TestSuiteExecutor.execute(TestSuiteExecutor.java:91)
	at com.kms.katalon.core.main.TestCaseMain.startTestSuite(TestCaseMain.java:157)
	at com.kms.katalon.core.main.TestCaseMain$startTestSuite$0.call(Unknown Source)
	at TempTestSuite1599020994386.run(TempTestSuite1599020994386.groovy:36)
Caused by: com.kms.katalon.core.webui.exception.WebElementNotFoundException: Web element with id: 'Object Repository/All/UserName' located by 'By.xpath: //*[@id="txtUsername"]' not found
	at com.kms.katalon.core.webui.common.WebUiCommonHelper.findWebElement(WebUiCommonHelper.java:1154)
	at com.kms.katalon.core.webui.keyword.internal.WebUIAbstractKeyword.findWebElement(WebUIAbstractKeyword.groovy:27)
	at com.kms.katalon.core.webui.keyword.internal.WebUIAbstractKeyword.findWebElement(WebUIAbstractKeyword.groovy:26)
	at com.kms.katalon.core.webui.keyword.builtin.SetTextKeyword$_setText_closure1.doCall(SetTextKeyword.groovy:51)
	at com.kms.katalon.core.webui.keyword.builtin.SetTextKeyword$_setText_closure1.call(SetTextKeyword.groovy)
	at com.kms.katalon.core.webui.keyword.internal.WebUIKeywordMain.runKeyword(WebUIKeywordMain.groovy:20)
	at com.kms.katalon.core.webui.keyword.builtin.SetTextKeyword.setText(SetTextKeyword.groovy:66)
	at com.kms.katalon.core.webui.keyword.builtin.SetTextKeyword.execute(SetTextKeyword.groovy:37)
	at com.kms.katalon.core.keyword.internal.KeywordExecutor.executeKeywordForPlatform(KeywordExecutor.groovy:72)
	at com.kms.katalon.core.webui.keyword.WebUiBuiltInKeywords.setText(WebUiBuiltInKeywords.groovy:950)
	at com.kms.katalon.core.webui.keyword.WebUiBuiltInKeywords$setText$1.call(Unknown Source)
	at Script1590734929315.run(Script1590734929315.groovy:25)
	... 13 more
)

2020-09-02 13:30:51 - [MESSAGE][INFO] - Unable to find the element located by 'By.xpath: //*[@id="txtUsername"]'. Please recheck the objects properties to make sure the desired element is located. 

2020-09-02 13:30:51 - [MESSAGE][FAILED] - Unable to set text 'anggi1' of object 'Object Repository/All/UserName' (Root cause: com.kms.katalon.core.exception.StepFailedException: Unable to set text 'anggi1' of object 'Object Repository/All/UserName'
	at com.kms.katalon.core.webui.keyword.internal.WebUIKeywordMain.stepFailed(WebUIKeywordMain.groovy:64)
	at com.kms.katalon.core.webui.keyword.internal.WebUIKeywordMain.runKeyword(WebUIKeywordMain.groovy:26)
	at com.kms.katalon.core.webui.keyword.builtin.SetTextKeyword.setText(SetTextKeyword.groovy:66)
	at com.kms.katalon.core.webui.keyword.builtin.SetTextKeyword.execute(SetTextKeyword.groovy:37)
	at com.kms.katalon.core.keyword.internal.KeywordExecutor.executeKeywordForPlatform(KeywordExecutor.groovy:72)
	at com.kms.katalon.core.webui.keyword.WebUiBuiltInKeywords.setText(WebUiBuiltInKeywords.groovy:950)
	at com.kms.katalon.core.webui.keyword.WebUiBuiltInKeywords$setText$1.call(Unknown Source)
	at GoAML Report 1.run(GoAML Report 1:25)
	at com.kms.katalon.core.main.ScriptEngine.run(ScriptEngine.java:194)
	at com.kms.katalon.core.main.ScriptEngine.runScriptAsRawText(ScriptEngine.java:119)
	at com.kms.katalon.core.main.TestCaseExecutor.runScript(TestCaseExecutor.java:337)
	at com.kms.katalon.core.main.TestCaseExecutor.doExecute(TestCaseExecutor.java:328)
	at com.kms.katalon.core.main.TestCaseExecutor.processExecutionPhase(TestCaseExecutor.java:307)
	at com.kms.katalon.core.main.TestCaseExecutor.accessMainPhase(TestCaseExecutor.java:299)
	at com.kms.katalon.core.main.TestCaseExecutor.execute(TestCaseExecutor.java:233)
	at com.kms.katalon.core.main.TestSuiteExecutor.accessTestCaseMainPhase(TestSuiteExecutor.java:169)
	at com.kms.katalon.core.main.TestSuiteExecutor.accessTestSuiteMainPhase(TestSuiteExecutor.java:142)
	at com.kms.katalon.core.main.TestSuiteExecutor.execute(TestSuiteExecutor.java:91)
	at com.kms.katalon.core.main.TestCaseMain.startTestSuite(TestCaseMain.java:157)
	at com.kms.katalon.core.main.TestCaseMain$startTestSuite$0.call(Unknown Source)
	at TempTestSuite1599020994386.run(TempTestSuite1599020994386.groovy:36)
Caused by: com.kms.katalon.core.webui.exception.WebElementNotFoundException: Web element with id: 'Object Repository/All/UserName' located by 'By.xpath: //*[@id="txtUsername"]' not found
	at com.kms.katalon.core.webui.common.WebUiCommonHelper.findWebElement(WebUiCommonHelper.java:1154)
	at com.kms.katalon.core.webui.keyword.internal.WebUIAbstractKeyword.findWebElement(WebUIAbstractKeyword.groovy:27)
	at com.kms.katalon.core.webui.keyword.internal.WebUIAbstractKeyword.findWebElement(WebUIAbstractKeyword.groovy:26)
	at com.kms.katalon.core.webui.keyword.builtin.SetTextKeyword$_setText_closure1.doCall(SetTextKeyword.groovy:51)
	at com.kms.katalon.core.webui.keyword.builtin.SetTextKeyword$_setText_closure1.call(SetTextKeyword.groovy)
	at com.kms.katalon.core.webui.keyword.internal.WebUIKeywordMain.runKeyword(WebUIKeywordMain.groovy:20)
	at com.kms.katalon.core.webui.keyword.builtin.SetTextKeyword.setText(SetTextKeyword.groovy:66)
	at com.kms.katalon.core.webui.keyword.builtin.SetTextKeyword.execute(SetTextKeyword.groovy:37)
	at com.kms.katalon.core.keyword.internal.KeywordExecutor.executeKeywordForPlatform(KeywordExecutor.groovy:72)
	at com.kms.katalon.core.webui.keyword.WebUiBuiltInKeywords.setText(WebUiBuiltInKeywords.groovy:950)
	at com.kms.katalon.core.webui.keyword.WebUiBuiltInKeywords$setText$1.call(Unknown Source)
	at Script1590734929315.run(Script1590734929315.groovy:25)
	... 13 more
)
[[ATTACHMENT|D:\\poject\\goaml2\\Katalon\\GoAML\\Reports\\20200902_112954\\New Test Suite (1)\\20200902_112954\\1599028251121.png]]]]></system-out>
         <system-err><![CDATA[2020-09-02 13:30:04 - [TEST_CASE][FAILED] - Test Cases/GoAML Report 1: Test Cases/GoAML Report 1 FAILED.
Reason:
com.kms.katalon.core.exception.StepFailedException: Unable to set text 'anggi1' of object 'Object Repository/All/UserName'
	at com.kms.katalon.core.webui.keyword.internal.WebUIKeywordMain.stepFailed(WebUIKeywordMain.groovy:64)
	at com.kms.katalon.core.webui.keyword.internal.WebUIKeywordMain.runKeyword(WebUIKeywordMain.groovy:26)
	at com.kms.katalon.core.webui.keyword.builtin.SetTextKeyword.setText(SetTextKeyword.groovy:66)
	at com.kms.katalon.core.webui.keyword.builtin.SetTextKeyword.execute(SetTextKeyword.groovy:37)
	at com.kms.katalon.core.keyword.internal.KeywordExecutor.executeKeywordForPlatform(KeywordExecutor.groovy:72)
	at com.kms.katalon.core.webui.keyword.WebUiBuiltInKeywords.setText(WebUiBuiltInKeywords.groovy:950)
	at com.kms.katalon.core.webui.keyword.WebUiBuiltInKeywords$setText$1.call(Unknown Source)
	at GoAML Report 1.run(GoAML Report 1:25)
	at com.kms.katalon.core.main.ScriptEngine.run(ScriptEngine.java:194)
	at com.kms.katalon.core.main.ScriptEngine.runScriptAsRawText(ScriptEngine.java:119)
	at com.kms.katalon.core.main.TestCaseExecutor.runScript(TestCaseExecutor.java:337)
	at com.kms.katalon.core.main.TestCaseExecutor.doExecute(TestCaseExecutor.java:328)
	at com.kms.katalon.core.main.TestCaseExecutor.processExecutionPhase(TestCaseExecutor.java:307)
	at com.kms.katalon.core.main.TestCaseExecutor.accessMainPhase(TestCaseExecutor.java:299)
	at com.kms.katalon.core.main.TestCaseExecutor.execute(TestCaseExecutor.java:233)
	at com.kms.katalon.core.main.TestSuiteExecutor.accessTestCaseMainPhase(TestSuiteExecutor.java:169)
	at com.kms.katalon.core.main.TestSuiteExecutor.accessTestSuiteMainPhase(TestSuiteExecutor.java:142)
	at com.kms.katalon.core.main.TestSuiteExecutor.execute(TestSuiteExecutor.java:91)
	at com.kms.katalon.core.main.TestCaseMain.startTestSuite(TestCaseMain.java:157)
	at com.kms.katalon.core.main.TestCaseMain$startTestSuite$0.call(Unknown Source)
	at TempTestSuite1599020994386.run(TempTestSuite1599020994386.groovy:36)
Caused by: com.kms.katalon.core.webui.exception.WebElementNotFoundException: Web element with id: 'Object Repository/All/UserName' located by 'By.xpath: //*[@id="txtUsername"]' not found
	at com.kms.katalon.core.webui.common.WebUiCommonHelper.findWebElement(WebUiCommonHelper.java:1154)
	at com.kms.katalon.core.webui.keyword.internal.WebUIAbstractKeyword.findWebElement(WebUIAbstractKeyword.groovy:27)
	at com.kms.katalon.core.webui.keyword.internal.WebUIAbstractKeyword.findWebElement(WebUIAbstractKeyword.groovy:26)
	at com.kms.katalon.core.webui.keyword.builtin.SetTextKeyword$_setText_closure1.doCall(SetTextKeyword.groovy:51)
	at com.kms.katalon.core.webui.keyword.builtin.SetTextKeyword$_setText_closure1.call(SetTextKeyword.groovy)
	at com.kms.katalon.core.webui.keyword.internal.WebUIKeywordMain.runKeyword(WebUIKeywordMain.groovy:20)
	... 19 more]]></system-err>
      </testcase>
      <testcase name="Test Cases/GoAML Report 1" time="49.013" classname="Test Cases/GoAML Report 1" status="FAILED">
         <failure type="FAILED" message="Test Cases/GoAML Report 1 FAILED.
Reason:
com.kms.katalon.core.exception.StepFailedException: Unable to set text 'anggi1' of object 'Object Repository/All/UserName'
	at com.kms.katalon.core.webui.keyword.internal.WebUIKeywordMain.stepFailed(WebUIKeywordMain.groovy:64)
	at com.kms.katalon.core.webui.keyword.internal.WebUIKeywordMain.runKeyword(WebUIKeywordMain.groovy:26)
	at com.kms.katalon.core.webui.keyword.builtin.SetTextKeyword.setText(SetTextKeyword.groovy:66)
	at com.kms.katalon.core.webui.keyword.builtin.SetTextKeyword.execute(SetTextKeyword.groovy:37)
	at com.kms.katalon.core.keyword.internal.KeywordExecutor.executeKeywordForPlatform(KeywordExecutor.groovy:72)
	at com.kms.katalon.core.webui.keyword.WebUiBuiltInKeywords.setText(WebUiBuiltInKeywords.groovy:950)
	at com.kms.katalon.core.webui.keyword.WebUiBuiltInKeywords$setText$1.call(Unknown Source)
	at GoAML Report 1.run(GoAML Report 1:25)
	at com.kms.katalon.core.main.ScriptEngine.run(ScriptEngine.java:194)
	at com.kms.katalon.core.main.ScriptEngine.runScriptAsRawText(ScriptEngine.java:119)
	at com.kms.katalon.core.main.TestCaseExecutor.runScript(TestCaseExecutor.java:337)
	at com.kms.katalon.core.main.TestCaseExecutor.doExecute(TestCaseExecutor.java:328)
	at com.kms.katalon.core.main.TestCaseExecutor.processExecutionPhase(TestCaseExecutor.java:307)
	at com.kms.katalon.core.main.TestCaseExecutor.accessMainPhase(TestCaseExecutor.java:299)
	at com.kms.katalon.core.main.TestCaseExecutor.execute(TestCaseExecutor.java:233)
	at com.kms.katalon.core.main.TestSuiteExecutor.accessTestCaseMainPhase(TestSuiteExecutor.java:169)
	at com.kms.katalon.core.main.TestSuiteExecutor.accessTestSuiteMainPhase(TestSuiteExecutor.java:142)
	at com.kms.katalon.core.main.TestSuiteExecutor.execute(TestSuiteExecutor.java:91)
	at com.kms.katalon.core.main.TestCaseMain.startTestSuite(TestCaseMain.java:157)
	at com.kms.katalon.core.main.TestCaseMain$startTestSuite$0.call(Unknown Source)
	at TempTestSuite1599020994386.run(TempTestSuite1599020994386.groovy:36)
Caused by: com.kms.katalon.core.webui.exception.WebElementNotFoundException: Web element with id: 'Object Repository/All/UserName' located by 'By.xpath: //*[@id=&quot;txtUsername&quot;]' not found
	at com.kms.katalon.core.webui.common.WebUiCommonHelper.findWebElement(WebUiCommonHelper.java:1154)
	at com.kms.katalon.core.webui.keyword.internal.WebUIAbstractKeyword.findWebElement(WebUIAbstractKeyword.groovy:27)
	at com.kms.katalon.core.webui.keyword.internal.WebUIAbstractKeyword.findWebElement(WebUIAbstractKeyword.groovy:26)
	at com.kms.katalon.core.webui.keyword.builtin.SetTextKeyword$_setText_closure1.doCall(SetTextKeyword.groovy:51)
	at com.kms.katalon.core.webui.keyword.builtin.SetTextKeyword$_setText_closure1.call(SetTextKeyword.groovy)
	at com.kms.katalon.core.webui.keyword.internal.WebUIKeywordMain.runKeyword(WebUIKeywordMain.groovy:20)
	... 19 more
"/>
         <system-out><![CDATA[2020-09-02 13:30:53 - [TEST_CASE][FAILED] - Test Cases/GoAML Report 1: Test Cases/GoAML Report 1 FAILED.
Reason:
com.kms.katalon.core.exception.StepFailedException: Unable to set text 'anggi1' of object 'Object Repository/All/UserName'
	at com.kms.katalon.core.webui.keyword.internal.WebUIKeywordMain.stepFailed(WebUIKeywordMain.groovy:64)
	at com.kms.katalon.core.webui.keyword.internal.WebUIKeywordMain.runKeyword(WebUIKeywordMain.groovy:26)
	at com.kms.katalon.core.webui.keyword.builtin.SetTextKeyword.setText(SetTextKeyword.groovy:66)
	at com.kms.katalon.core.webui.keyword.builtin.SetTextKeyword.execute(SetTextKeyword.groovy:37)
	at com.kms.katalon.core.keyword.internal.KeywordExecutor.executeKeywordForPlatform(KeywordExecutor.groovy:72)
	at com.kms.katalon.core.webui.keyword.WebUiBuiltInKeywords.setText(WebUiBuiltInKeywords.groovy:950)
	at com.kms.katalon.core.webui.keyword.WebUiBuiltInKeywords$setText$1.call(Unknown Source)
	at GoAML Report 1.run(GoAML Report 1:25)
	at com.kms.katalon.core.main.ScriptEngine.run(ScriptEngine.java:194)
	at com.kms.katalon.core.main.ScriptEngine.runScriptAsRawText(ScriptEngine.java:119)
	at com.kms.katalon.core.main.TestCaseExecutor.runScript(TestCaseExecutor.java:337)
	at com.kms.katalon.core.main.TestCaseExecutor.doExecute(TestCaseExecutor.java:328)
	at com.kms.katalon.core.main.TestCaseExecutor.processExecutionPhase(TestCaseExecutor.java:307)
	at com.kms.katalon.core.main.TestCaseExecutor.accessMainPhase(TestCaseExecutor.java:299)
	at com.kms.katalon.core.main.TestCaseExecutor.execute(TestCaseExecutor.java:233)
	at com.kms.katalon.core.main.TestSuiteExecutor.accessTestCaseMainPhase(TestSuiteExecutor.java:169)
	at com.kms.katalon.core.main.TestSuiteExecutor.accessTestSuiteMainPhase(TestSuiteExecutor.java:142)
	at com.kms.katalon.core.main.TestSuiteExecutor.execute(TestSuiteExecutor.java:91)
	at com.kms.katalon.core.main.TestCaseMain.startTestSuite(TestCaseMain.java:157)
	at com.kms.katalon.core.main.TestCaseMain$startTestSuite$0.call(Unknown Source)
	at TempTestSuite1599020994386.run(TempTestSuite1599020994386.groovy:36)
Caused by: com.kms.katalon.core.webui.exception.WebElementNotFoundException: Web element with id: 'Object Repository/All/UserName' located by 'By.xpath: //*[@id="txtUsername"]' not found
	at com.kms.katalon.core.webui.common.WebUiCommonHelper.findWebElement(WebUiCommonHelper.java:1154)
	at com.kms.katalon.core.webui.keyword.internal.WebUIAbstractKeyword.findWebElement(WebUIAbstractKeyword.groovy:27)
	at com.kms.katalon.core.webui.keyword.internal.WebUIAbstractKeyword.findWebElement(WebUIAbstractKeyword.groovy:26)
	at com.kms.katalon.core.webui.keyword.builtin.SetTextKeyword$_setText_closure1.doCall(SetTextKeyword.groovy:51)
	at com.kms.katalon.core.webui.keyword.builtin.SetTextKeyword$_setText_closure1.call(SetTextKeyword.groovy)
	at com.kms.katalon.core.webui.keyword.internal.WebUIKeywordMain.runKeyword(WebUIKeywordMain.groovy:20)
	... 19 more


2020-09-02 13:30:53 - [TEST_STEP][PASSED] - openBrowser("http://goaml.southeastasia.cloudapp.azure.com/goaml/Default.aspx"): Browser is opened with url: 'http://goaml.southeastasia.cloudapp.azure.com/goaml/Default.aspx'

2020-09-02 13:30:53 - [MESSAGE][WARNING] - A browser is already opened. Closing browser and opening a new one

2020-09-02 13:30:54 - [MESSAGE][INFO] - Starting 'Chrome' driver

2020-09-02 13:30:54 - [MESSAGE][INFO] - User set preference: ['property', '']

2020-09-02 13:31:17 - [MESSAGE][PASSED] - Browser is opened with url: 'http://goaml.southeastasia.cloudapp.azure.com/goaml/Default.aspx'

2020-09-02 13:31:17 - [TEST_STEP][PASSED] - maximizeWindow(): Current window maximized

2020-09-02 13:31:19 - [MESSAGE][PASSED] - Current window maximized

2020-09-02 13:31:19 - [TEST_STEP][FAILED] - setText(findTestObject("All/UserName"), "anggi1"): Unable to set text 'anggi1' of object 'Object Repository/All/UserName' (Root cause: com.kms.katalon.core.exception.StepFailedException: Unable to set text 'anggi1' of object 'Object Repository/All/UserName'
	at com.kms.katalon.core.webui.keyword.internal.WebUIKeywordMain.stepFailed(WebUIKeywordMain.groovy:64)
	at com.kms.katalon.core.webui.keyword.internal.WebUIKeywordMain.runKeyword(WebUIKeywordMain.groovy:26)
	at com.kms.katalon.core.webui.keyword.builtin.SetTextKeyword.setText(SetTextKeyword.groovy:66)
	at com.kms.katalon.core.webui.keyword.builtin.SetTextKeyword.execute(SetTextKeyword.groovy:37)
	at com.kms.katalon.core.keyword.internal.KeywordExecutor.executeKeywordForPlatform(KeywordExecutor.groovy:72)
	at com.kms.katalon.core.webui.keyword.WebUiBuiltInKeywords.setText(WebUiBuiltInKeywords.groovy:950)
	at com.kms.katalon.core.webui.keyword.WebUiBuiltInKeywords$setText$1.call(Unknown Source)
	at GoAML Report 1.run(GoAML Report 1:25)
	at com.kms.katalon.core.main.ScriptEngine.run(ScriptEngine.java:194)
	at com.kms.katalon.core.main.ScriptEngine.runScriptAsRawText(ScriptEngine.java:119)
	at com.kms.katalon.core.main.TestCaseExecutor.runScript(TestCaseExecutor.java:337)
	at com.kms.katalon.core.main.TestCaseExecutor.doExecute(TestCaseExecutor.java:328)
	at com.kms.katalon.core.main.TestCaseExecutor.processExecutionPhase(TestCaseExecutor.java:307)
	at com.kms.katalon.core.main.TestCaseExecutor.accessMainPhase(TestCaseExecutor.java:299)
	at com.kms.katalon.core.main.TestCaseExecutor.execute(TestCaseExecutor.java:233)
	at com.kms.katalon.core.main.TestSuiteExecutor.accessTestCaseMainPhase(TestSuiteExecutor.java:169)
	at com.kms.katalon.core.main.TestSuiteExecutor.accessTestSuiteMainPhase(TestSuiteExecutor.java:142)
	at com.kms.katalon.core.main.TestSuiteExecutor.execute(TestSuiteExecutor.java:91)
	at com.kms.katalon.core.main.TestCaseMain.startTestSuite(TestCaseMain.java:157)
	at com.kms.katalon.core.main.TestCaseMain$startTestSuite$0.call(Unknown Source)
	at TempTestSuite1599020994386.run(TempTestSuite1599020994386.groovy:36)
Caused by: com.kms.katalon.core.webui.exception.WebElementNotFoundException: Web element with id: 'Object Repository/All/UserName' located by 'By.xpath: //*[@id="txtUsername"]' not found
	at com.kms.katalon.core.webui.common.WebUiCommonHelper.findWebElement(WebUiCommonHelper.java:1154)
	at com.kms.katalon.core.webui.keyword.internal.WebUIAbstractKeyword.findWebElement(WebUIAbstractKeyword.groovy:27)
	at com.kms.katalon.core.webui.keyword.internal.WebUIAbstractKeyword.findWebElement(WebUIAbstractKeyword.groovy:26)
	at com.kms.katalon.core.webui.keyword.builtin.SetTextKeyword$_setText_closure1.doCall(SetTextKeyword.groovy:51)
	at com.kms.katalon.core.webui.keyword.builtin.SetTextKeyword$_setText_closure1.call(SetTextKeyword.groovy)
	at com.kms.katalon.core.webui.keyword.internal.WebUIKeywordMain.runKeyword(WebUIKeywordMain.groovy:20)
	at com.kms.katalon.core.webui.keyword.builtin.SetTextKeyword.setText(SetTextKeyword.groovy:66)
	at com.kms.katalon.core.webui.keyword.builtin.SetTextKeyword.execute(SetTextKeyword.groovy:37)
	at com.kms.katalon.core.keyword.internal.KeywordExecutor.executeKeywordForPlatform(KeywordExecutor.groovy:72)
	at com.kms.katalon.core.webui.keyword.WebUiBuiltInKeywords.setText(WebUiBuiltInKeywords.groovy:950)
	at com.kms.katalon.core.webui.keyword.WebUiBuiltInKeywords$setText$1.call(Unknown Source)
	at Script1590734929315.run(Script1590734929315.groovy:25)
	... 13 more
)

2020-09-02 13:31:40 - [MESSAGE][INFO] - Unable to find the element located by 'By.xpath: //*[@id="txtUsername"]'. Please recheck the objects properties to make sure the desired element is located. 

2020-09-02 13:31:40 - [MESSAGE][FAILED] - Unable to set text 'anggi1' of object 'Object Repository/All/UserName' (Root cause: com.kms.katalon.core.exception.StepFailedException: Unable to set text 'anggi1' of object 'Object Repository/All/UserName'
	at com.kms.katalon.core.webui.keyword.internal.WebUIKeywordMain.stepFailed(WebUIKeywordMain.groovy:64)
	at com.kms.katalon.core.webui.keyword.internal.WebUIKeywordMain.runKeyword(WebUIKeywordMain.groovy:26)
	at com.kms.katalon.core.webui.keyword.builtin.SetTextKeyword.setText(SetTextKeyword.groovy:66)
	at com.kms.katalon.core.webui.keyword.builtin.SetTextKeyword.execute(SetTextKeyword.groovy:37)
	at com.kms.katalon.core.keyword.internal.KeywordExecutor.executeKeywordForPlatform(KeywordExecutor.groovy:72)
	at com.kms.katalon.core.webui.keyword.WebUiBuiltInKeywords.setText(WebUiBuiltInKeywords.groovy:950)
	at com.kms.katalon.core.webui.keyword.WebUiBuiltInKeywords$setText$1.call(Unknown Source)
	at GoAML Report 1.run(GoAML Report 1:25)
	at com.kms.katalon.core.main.ScriptEngine.run(ScriptEngine.java:194)
	at com.kms.katalon.core.main.ScriptEngine.runScriptAsRawText(ScriptEngine.java:119)
	at com.kms.katalon.core.main.TestCaseExecutor.runScript(TestCaseExecutor.java:337)
	at com.kms.katalon.core.main.TestCaseExecutor.doExecute(TestCaseExecutor.java:328)
	at com.kms.katalon.core.main.TestCaseExecutor.processExecutionPhase(TestCaseExecutor.java:307)
	at com.kms.katalon.core.main.TestCaseExecutor.accessMainPhase(TestCaseExecutor.java:299)
	at com.kms.katalon.core.main.TestCaseExecutor.execute(TestCaseExecutor.java:233)
	at com.kms.katalon.core.main.TestSuiteExecutor.accessTestCaseMainPhase(TestSuiteExecutor.java:169)
	at com.kms.katalon.core.main.TestSuiteExecutor.accessTestSuiteMainPhase(TestSuiteExecutor.java:142)
	at com.kms.katalon.core.main.TestSuiteExecutor.execute(TestSuiteExecutor.java:91)
	at com.kms.katalon.core.main.TestCaseMain.startTestSuite(TestCaseMain.java:157)
	at com.kms.katalon.core.main.TestCaseMain$startTestSuite$0.call(Unknown Source)
	at TempTestSuite1599020994386.run(TempTestSuite1599020994386.groovy:36)
Caused by: com.kms.katalon.core.webui.exception.WebElementNotFoundException: Web element with id: 'Object Repository/All/UserName' located by 'By.xpath: //*[@id="txtUsername"]' not found
	at com.kms.katalon.core.webui.common.WebUiCommonHelper.findWebElement(WebUiCommonHelper.java:1154)
	at com.kms.katalon.core.webui.keyword.internal.WebUIAbstractKeyword.findWebElement(WebUIAbstractKeyword.groovy:27)
	at com.kms.katalon.core.webui.keyword.internal.WebUIAbstractKeyword.findWebElement(WebUIAbstractKeyword.groovy:26)
	at com.kms.katalon.core.webui.keyword.builtin.SetTextKeyword$_setText_closure1.doCall(SetTextKeyword.groovy:51)
	at com.kms.katalon.core.webui.keyword.builtin.SetTextKeyword$_setText_closure1.call(SetTextKeyword.groovy)
	at com.kms.katalon.core.webui.keyword.internal.WebUIKeywordMain.runKeyword(WebUIKeywordMain.groovy:20)
	at com.kms.katalon.core.webui.keyword.builtin.SetTextKeyword.setText(SetTextKeyword.groovy:66)
	at com.kms.katalon.core.webui.keyword.builtin.SetTextKeyword.execute(SetTextKeyword.groovy:37)
	at com.kms.katalon.core.keyword.internal.KeywordExecutor.executeKeywordForPlatform(KeywordExecutor.groovy:72)
	at com.kms.katalon.core.webui.keyword.WebUiBuiltInKeywords.setText(WebUiBuiltInKeywords.groovy:950)
	at com.kms.katalon.core.webui.keyword.WebUiBuiltInKeywords$setText$1.call(Unknown Source)
	at Script1590734929315.run(Script1590734929315.groovy:25)
	... 13 more
)
[[ATTACHMENT|D:\\poject\\goaml2\\Katalon\\GoAML\\Reports\\20200902_112954\\New Test Suite (1)\\20200902_112954\\1599028300143.png]]]]></system-out>
         <system-err><![CDATA[2020-09-02 13:30:53 - [TEST_CASE][FAILED] - Test Cases/GoAML Report 1: Test Cases/GoAML Report 1 FAILED.
Reason:
com.kms.katalon.core.exception.StepFailedException: Unable to set text 'anggi1' of object 'Object Repository/All/UserName'
	at com.kms.katalon.core.webui.keyword.internal.WebUIKeywordMain.stepFailed(WebUIKeywordMain.groovy:64)
	at com.kms.katalon.core.webui.keyword.internal.WebUIKeywordMain.runKeyword(WebUIKeywordMain.groovy:26)
	at com.kms.katalon.core.webui.keyword.builtin.SetTextKeyword.setText(SetTextKeyword.groovy:66)
	at com.kms.katalon.core.webui.keyword.builtin.SetTextKeyword.execute(SetTextKeyword.groovy:37)
	at com.kms.katalon.core.keyword.internal.KeywordExecutor.executeKeywordForPlatform(KeywordExecutor.groovy:72)
	at com.kms.katalon.core.webui.keyword.WebUiBuiltInKeywords.setText(WebUiBuiltInKeywords.groovy:950)
	at com.kms.katalon.core.webui.keyword.WebUiBuiltInKeywords$setText$1.call(Unknown Source)
	at GoAML Report 1.run(GoAML Report 1:25)
	at com.kms.katalon.core.main.ScriptEngine.run(ScriptEngine.java:194)
	at com.kms.katalon.core.main.ScriptEngine.runScriptAsRawText(ScriptEngine.java:119)
	at com.kms.katalon.core.main.TestCaseExecutor.runScript(TestCaseExecutor.java:337)
	at com.kms.katalon.core.main.TestCaseExecutor.doExecute(TestCaseExecutor.java:328)
	at com.kms.katalon.core.main.TestCaseExecutor.processExecutionPhase(TestCaseExecutor.java:307)
	at com.kms.katalon.core.main.TestCaseExecutor.accessMainPhase(TestCaseExecutor.java:299)
	at com.kms.katalon.core.main.TestCaseExecutor.execute(TestCaseExecutor.java:233)
	at com.kms.katalon.core.main.TestSuiteExecutor.accessTestCaseMainPhase(TestSuiteExecutor.java:169)
	at com.kms.katalon.core.main.TestSuiteExecutor.accessTestSuiteMainPhase(TestSuiteExecutor.java:142)
	at com.kms.katalon.core.main.TestSuiteExecutor.execute(TestSuiteExecutor.java:91)
	at com.kms.katalon.core.main.TestCaseMain.startTestSuite(TestCaseMain.java:157)
	at com.kms.katalon.core.main.TestCaseMain$startTestSuite$0.call(Unknown Source)
	at TempTestSuite1599020994386.run(TempTestSuite1599020994386.groovy:36)
Caused by: com.kms.katalon.core.webui.exception.WebElementNotFoundException: Web element with id: 'Object Repository/All/UserName' located by 'By.xpath: //*[@id="txtUsername"]' not found
	at com.kms.katalon.core.webui.common.WebUiCommonHelper.findWebElement(WebUiCommonHelper.java:1154)
	at com.kms.katalon.core.webui.keyword.internal.WebUIAbstractKeyword.findWebElement(WebUIAbstractKeyword.groovy:27)
	at com.kms.katalon.core.webui.keyword.internal.WebUIAbstractKeyword.findWebElement(WebUIAbstractKeyword.groovy:26)
	at com.kms.katalon.core.webui.keyword.builtin.SetTextKeyword$_setText_closure1.doCall(SetTextKeyword.groovy:51)
	at com.kms.katalon.core.webui.keyword.builtin.SetTextKeyword$_setText_closure1.call(SetTextKeyword.groovy)
	at com.kms.katalon.core.webui.keyword.internal.WebUIKeywordMain.runKeyword(WebUIKeywordMain.groovy:20)
	... 19 more]]></system-err>
      </testcase>
      <testcase name="Test Cases/GoAML Report 1" time="49.051" classname="Test Cases/GoAML Report 1" status="FAILED">
         <failure type="FAILED" message="Test Cases/GoAML Report 1 FAILED.
Reason:
com.kms.katalon.core.exception.StepFailedException: Unable to set text 'anggi1' of object 'Object Repository/All/UserName'
	at com.kms.katalon.core.webui.keyword.internal.WebUIKeywordMain.stepFailed(WebUIKeywordMain.groovy:64)
	at com.kms.katalon.core.webui.keyword.internal.WebUIKeywordMain.runKeyword(WebUIKeywordMain.groovy:26)
	at com.kms.katalon.core.webui.keyword.builtin.SetTextKeyword.setText(SetTextKeyword.groovy:66)
	at com.kms.katalon.core.webui.keyword.builtin.SetTextKeyword.execute(SetTextKeyword.groovy:37)
	at com.kms.katalon.core.keyword.internal.KeywordExecutor.executeKeywordForPlatform(KeywordExecutor.groovy:72)
	at com.kms.katalon.core.webui.keyword.WebUiBuiltInKeywords.setText(WebUiBuiltInKeywords.groovy:950)
	at com.kms.katalon.core.webui.keyword.WebUiBuiltInKeywords$setText$1.call(Unknown Source)
	at GoAML Report 1.run(GoAML Report 1:25)
	at com.kms.katalon.core.main.ScriptEngine.run(ScriptEngine.java:194)
	at com.kms.katalon.core.main.ScriptEngine.runScriptAsRawText(ScriptEngine.java:119)
	at com.kms.katalon.core.main.TestCaseExecutor.runScript(TestCaseExecutor.java:337)
	at com.kms.katalon.core.main.TestCaseExecutor.doExecute(TestCaseExecutor.java:328)
	at com.kms.katalon.core.main.TestCaseExecutor.processExecutionPhase(TestCaseExecutor.java:307)
	at com.kms.katalon.core.main.TestCaseExecutor.accessMainPhase(TestCaseExecutor.java:299)
	at com.kms.katalon.core.main.TestCaseExecutor.execute(TestCaseExecutor.java:233)
	at com.kms.katalon.core.main.TestSuiteExecutor.accessTestCaseMainPhase(TestSuiteExecutor.java:169)
	at com.kms.katalon.core.main.TestSuiteExecutor.accessTestSuiteMainPhase(TestSuiteExecutor.java:142)
	at com.kms.katalon.core.main.TestSuiteExecutor.execute(TestSuiteExecutor.java:91)
	at com.kms.katalon.core.main.TestCaseMain.startTestSuite(TestCaseMain.java:157)
	at com.kms.katalon.core.main.TestCaseMain$startTestSuite$0.call(Unknown Source)
	at TempTestSuite1599020994386.run(TempTestSuite1599020994386.groovy:36)
Caused by: com.kms.katalon.core.webui.exception.WebElementNotFoundException: Web element with id: 'Object Repository/All/UserName' located by 'By.xpath: //*[@id=&quot;txtUsername&quot;]' not found
	at com.kms.katalon.core.webui.common.WebUiCommonHelper.findWebElement(WebUiCommonHelper.java:1154)
	at com.kms.katalon.core.webui.keyword.internal.WebUIAbstractKeyword.findWebElement(WebUIAbstractKeyword.groovy:27)
	at com.kms.katalon.core.webui.keyword.internal.WebUIAbstractKeyword.findWebElement(WebUIAbstractKeyword.groovy:26)
	at com.kms.katalon.core.webui.keyword.builtin.SetTextKeyword$_setText_closure1.doCall(SetTextKeyword.groovy:51)
	at com.kms.katalon.core.webui.keyword.builtin.SetTextKeyword$_setText_closure1.call(SetTextKeyword.groovy)
	at com.kms.katalon.core.webui.keyword.internal.WebUIKeywordMain.runKeyword(WebUIKeywordMain.groovy:20)
	... 19 more
"/>
         <system-out><![CDATA[2020-09-02 13:31:42 - [TEST_CASE][FAILED] - Test Cases/GoAML Report 1: Test Cases/GoAML Report 1 FAILED.
Reason:
com.kms.katalon.core.exception.StepFailedException: Unable to set text 'anggi1' of object 'Object Repository/All/UserName'
	at com.kms.katalon.core.webui.keyword.internal.WebUIKeywordMain.stepFailed(WebUIKeywordMain.groovy:64)
	at com.kms.katalon.core.webui.keyword.internal.WebUIKeywordMain.runKeyword(WebUIKeywordMain.groovy:26)
	at com.kms.katalon.core.webui.keyword.builtin.SetTextKeyword.setText(SetTextKeyword.groovy:66)
	at com.kms.katalon.core.webui.keyword.builtin.SetTextKeyword.execute(SetTextKeyword.groovy:37)
	at com.kms.katalon.core.keyword.internal.KeywordExecutor.executeKeywordForPlatform(KeywordExecutor.groovy:72)
	at com.kms.katalon.core.webui.keyword.WebUiBuiltInKeywords.setText(WebUiBuiltInKeywords.groovy:950)
	at com.kms.katalon.core.webui.keyword.WebUiBuiltInKeywords$setText$1.call(Unknown Source)
	at GoAML Report 1.run(GoAML Report 1:25)
	at com.kms.katalon.core.main.ScriptEngine.run(ScriptEngine.java:194)
	at com.kms.katalon.core.main.ScriptEngine.runScriptAsRawText(ScriptEngine.java:119)
	at com.kms.katalon.core.main.TestCaseExecutor.runScript(TestCaseExecutor.java:337)
	at com.kms.katalon.core.main.TestCaseExecutor.doExecute(TestCaseExecutor.java:328)
	at com.kms.katalon.core.main.TestCaseExecutor.processExecutionPhase(TestCaseExecutor.java:307)
	at com.kms.katalon.core.main.TestCaseExecutor.accessMainPhase(TestCaseExecutor.java:299)
	at com.kms.katalon.core.main.TestCaseExecutor.execute(TestCaseExecutor.java:233)
	at com.kms.katalon.core.main.TestSuiteExecutor.accessTestCaseMainPhase(TestSuiteExecutor.java:169)
	at com.kms.katalon.core.main.TestSuiteExecutor.accessTestSuiteMainPhase(TestSuiteExecutor.java:142)
	at com.kms.katalon.core.main.TestSuiteExecutor.execute(TestSuiteExecutor.java:91)
	at com.kms.katalon.core.main.TestCaseMain.startTestSuite(TestCaseMain.java:157)
	at com.kms.katalon.core.main.TestCaseMain$startTestSuite$0.call(Unknown Source)
	at TempTestSuite1599020994386.run(TempTestSuite1599020994386.groovy:36)
Caused by: com.kms.katalon.core.webui.exception.WebElementNotFoundException: Web element with id: 'Object Repository/All/UserName' located by 'By.xpath: //*[@id="txtUsername"]' not found
	at com.kms.katalon.core.webui.common.WebUiCommonHelper.findWebElement(WebUiCommonHelper.java:1154)
	at com.kms.katalon.core.webui.keyword.internal.WebUIAbstractKeyword.findWebElement(WebUIAbstractKeyword.groovy:27)
	at com.kms.katalon.core.webui.keyword.internal.WebUIAbstractKeyword.findWebElement(WebUIAbstractKeyword.groovy:26)
	at com.kms.katalon.core.webui.keyword.builtin.SetTextKeyword$_setText_closure1.doCall(SetTextKeyword.groovy:51)
	at com.kms.katalon.core.webui.keyword.builtin.SetTextKeyword$_setText_closure1.call(SetTextKeyword.groovy)
	at com.kms.katalon.core.webui.keyword.internal.WebUIKeywordMain.runKeyword(WebUIKeywordMain.groovy:20)
	... 19 more


2020-09-02 13:31:42 - [TEST_STEP][PASSED] - openBrowser("http://goaml.southeastasia.cloudapp.azure.com/goaml/Default.aspx"): Browser is opened with url: 'http://goaml.southeastasia.cloudapp.azure.com/goaml/Default.aspx'

2020-09-02 13:31:42 - [MESSAGE][WARNING] - A browser is already opened. Closing browser and opening a new one

2020-09-02 13:31:43 - [MESSAGE][INFO] - Starting 'Chrome' driver

2020-09-02 13:31:43 - [MESSAGE][INFO] - User set preference: ['property', '']

2020-09-02 13:32:06 - [MESSAGE][PASSED] - Browser is opened with url: 'http://goaml.southeastasia.cloudapp.azure.com/goaml/Default.aspx'

2020-09-02 13:32:06 - [TEST_STEP][PASSED] - maximizeWindow(): Current window maximized

2020-09-02 13:32:08 - [MESSAGE][PASSED] - Current window maximized

2020-09-02 13:32:08 - [TEST_STEP][FAILED] - setText(findTestObject("All/UserName"), "anggi1"): Unable to set text 'anggi1' of object 'Object Repository/All/UserName' (Root cause: com.kms.katalon.core.exception.StepFailedException: Unable to set text 'anggi1' of object 'Object Repository/All/UserName'
	at com.kms.katalon.core.webui.keyword.internal.WebUIKeywordMain.stepFailed(WebUIKeywordMain.groovy:64)
	at com.kms.katalon.core.webui.keyword.internal.WebUIKeywordMain.runKeyword(WebUIKeywordMain.groovy:26)
	at com.kms.katalon.core.webui.keyword.builtin.SetTextKeyword.setText(SetTextKeyword.groovy:66)
	at com.kms.katalon.core.webui.keyword.builtin.SetTextKeyword.execute(SetTextKeyword.groovy:37)
	at com.kms.katalon.core.keyword.internal.KeywordExecutor.executeKeywordForPlatform(KeywordExecutor.groovy:72)
	at com.kms.katalon.core.webui.keyword.WebUiBuiltInKeywords.setText(WebUiBuiltInKeywords.groovy:950)
	at com.kms.katalon.core.webui.keyword.WebUiBuiltInKeywords$setText$1.call(Unknown Source)
	at GoAML Report 1.run(GoAML Report 1:25)
	at com.kms.katalon.core.main.ScriptEngine.run(ScriptEngine.java:194)
	at com.kms.katalon.core.main.ScriptEngine.runScriptAsRawText(ScriptEngine.java:119)
	at com.kms.katalon.core.main.TestCaseExecutor.runScript(TestCaseExecutor.java:337)
	at com.kms.katalon.core.main.TestCaseExecutor.doExecute(TestCaseExecutor.java:328)
	at com.kms.katalon.core.main.TestCaseExecutor.processExecutionPhase(TestCaseExecutor.java:307)
	at com.kms.katalon.core.main.TestCaseExecutor.accessMainPhase(TestCaseExecutor.java:299)
	at com.kms.katalon.core.main.TestCaseExecutor.execute(TestCaseExecutor.java:233)
	at com.kms.katalon.core.main.TestSuiteExecutor.accessTestCaseMainPhase(TestSuiteExecutor.java:169)
	at com.kms.katalon.core.main.TestSuiteExecutor.accessTestSuiteMainPhase(TestSuiteExecutor.java:142)
	at com.kms.katalon.core.main.TestSuiteExecutor.execute(TestSuiteExecutor.java:91)
	at com.kms.katalon.core.main.TestCaseMain.startTestSuite(TestCaseMain.java:157)
	at com.kms.katalon.core.main.TestCaseMain$startTestSuite$0.call(Unknown Source)
	at TempTestSuite1599020994386.run(TempTestSuite1599020994386.groovy:36)
Caused by: com.kms.katalon.core.webui.exception.WebElementNotFoundException: Web element with id: 'Object Repository/All/UserName' located by 'By.xpath: //*[@id="txtUsername"]' not found
	at com.kms.katalon.core.webui.common.WebUiCommonHelper.findWebElement(WebUiCommonHelper.java:1154)
	at com.kms.katalon.core.webui.keyword.internal.WebUIAbstractKeyword.findWebElement(WebUIAbstractKeyword.groovy:27)
	at com.kms.katalon.core.webui.keyword.internal.WebUIAbstractKeyword.findWebElement(WebUIAbstractKeyword.groovy:26)
	at com.kms.katalon.core.webui.keyword.builtin.SetTextKeyword$_setText_closure1.doCall(SetTextKeyword.groovy:51)
	at com.kms.katalon.core.webui.keyword.builtin.SetTextKeyword$_setText_closure1.call(SetTextKeyword.groovy)
	at com.kms.katalon.core.webui.keyword.internal.WebUIKeywordMain.runKeyword(WebUIKeywordMain.groovy:20)
	at com.kms.katalon.core.webui.keyword.builtin.SetTextKeyword.setText(SetTextKeyword.groovy:66)
	at com.kms.katalon.core.webui.keyword.builtin.SetTextKeyword.execute(SetTextKeyword.groovy:37)
	at com.kms.katalon.core.keyword.internal.KeywordExecutor.executeKeywordForPlatform(KeywordExecutor.groovy:72)
	at com.kms.katalon.core.webui.keyword.WebUiBuiltInKeywords.setText(WebUiBuiltInKeywords.groovy:950)
	at com.kms.katalon.core.webui.keyword.WebUiBuiltInKeywords$setText$1.call(Unknown Source)
	at Script1590734929315.run(Script1590734929315.groovy:25)
	... 13 more
)

2020-09-02 13:32:29 - [MESSAGE][INFO] - Unable to find the element located by 'By.xpath: //*[@id="txtUsername"]'. Please recheck the objects properties to make sure the desired element is located. 

2020-09-02 13:32:29 - [MESSAGE][FAILED] - Unable to set text 'anggi1' of object 'Object Repository/All/UserName' (Root cause: com.kms.katalon.core.exception.StepFailedException: Unable to set text 'anggi1' of object 'Object Repository/All/UserName'
	at com.kms.katalon.core.webui.keyword.internal.WebUIKeywordMain.stepFailed(WebUIKeywordMain.groovy:64)
	at com.kms.katalon.core.webui.keyword.internal.WebUIKeywordMain.runKeyword(WebUIKeywordMain.groovy:26)
	at com.kms.katalon.core.webui.keyword.builtin.SetTextKeyword.setText(SetTextKeyword.groovy:66)
	at com.kms.katalon.core.webui.keyword.builtin.SetTextKeyword.execute(SetTextKeyword.groovy:37)
	at com.kms.katalon.core.keyword.internal.KeywordExecutor.executeKeywordForPlatform(KeywordExecutor.groovy:72)
	at com.kms.katalon.core.webui.keyword.WebUiBuiltInKeywords.setText(WebUiBuiltInKeywords.groovy:950)
	at com.kms.katalon.core.webui.keyword.WebUiBuiltInKeywords$setText$1.call(Unknown Source)
	at GoAML Report 1.run(GoAML Report 1:25)
	at com.kms.katalon.core.main.ScriptEngine.run(ScriptEngine.java:194)
	at com.kms.katalon.core.main.ScriptEngine.runScriptAsRawText(ScriptEngine.java:119)
	at com.kms.katalon.core.main.TestCaseExecutor.runScript(TestCaseExecutor.java:337)
	at com.kms.katalon.core.main.TestCaseExecutor.doExecute(TestCaseExecutor.java:328)
	at com.kms.katalon.core.main.TestCaseExecutor.processExecutionPhase(TestCaseExecutor.java:307)
	at com.kms.katalon.core.main.TestCaseExecutor.accessMainPhase(TestCaseExecutor.java:299)
	at com.kms.katalon.core.main.TestCaseExecutor.execute(TestCaseExecutor.java:233)
	at com.kms.katalon.core.main.TestSuiteExecutor.accessTestCaseMainPhase(TestSuiteExecutor.java:169)
	at com.kms.katalon.core.main.TestSuiteExecutor.accessTestSuiteMainPhase(TestSuiteExecutor.java:142)
	at com.kms.katalon.core.main.TestSuiteExecutor.execute(TestSuiteExecutor.java:91)
	at com.kms.katalon.core.main.TestCaseMain.startTestSuite(TestCaseMain.java:157)
	at com.kms.katalon.core.main.TestCaseMain$startTestSuite$0.call(Unknown Source)
	at TempTestSuite1599020994386.run(TempTestSuite1599020994386.groovy:36)
Caused by: com.kms.katalon.core.webui.exception.WebElementNotFoundException: Web element with id: 'Object Repository/All/UserName' located by 'By.xpath: //*[@id="txtUsername"]' not found
	at com.kms.katalon.core.webui.common.WebUiCommonHelper.findWebElement(WebUiCommonHelper.java:1154)
	at com.kms.katalon.core.webui.keyword.internal.WebUIAbstractKeyword.findWebElement(WebUIAbstractKeyword.groovy:27)
	at com.kms.katalon.core.webui.keyword.internal.WebUIAbstractKeyword.findWebElement(WebUIAbstractKeyword.groovy:26)
	at com.kms.katalon.core.webui.keyword.builtin.SetTextKeyword$_setText_closure1.doCall(SetTextKeyword.groovy:51)
	at com.kms.katalon.core.webui.keyword.builtin.SetTextKeyword$_setText_closure1.call(SetTextKeyword.groovy)
	at com.kms.katalon.core.webui.keyword.internal.WebUIKeywordMain.runKeyword(WebUIKeywordMain.groovy:20)
	at com.kms.katalon.core.webui.keyword.builtin.SetTextKeyword.setText(SetTextKeyword.groovy:66)
	at com.kms.katalon.core.webui.keyword.builtin.SetTextKeyword.execute(SetTextKeyword.groovy:37)
	at com.kms.katalon.core.keyword.internal.KeywordExecutor.executeKeywordForPlatform(KeywordExecutor.groovy:72)
	at com.kms.katalon.core.webui.keyword.WebUiBuiltInKeywords.setText(WebUiBuiltInKeywords.groovy:950)
	at com.kms.katalon.core.webui.keyword.WebUiBuiltInKeywords$setText$1.call(Unknown Source)
	at Script1590734929315.run(Script1590734929315.groovy:25)
	... 13 more
)
[[ATTACHMENT|D:\\poject\\goaml2\\Katalon\\GoAML\\Reports\\20200902_112954\\New Test Suite (1)\\20200902_112954\\1599028349191.png]]]]></system-out>
         <system-err><![CDATA[2020-09-02 13:31:42 - [TEST_CASE][FAILED] - Test Cases/GoAML Report 1: Test Cases/GoAML Report 1 FAILED.
Reason:
com.kms.katalon.core.exception.StepFailedException: Unable to set text 'anggi1' of object 'Object Repository/All/UserName'
	at com.kms.katalon.core.webui.keyword.internal.WebUIKeywordMain.stepFailed(WebUIKeywordMain.groovy:64)
	at com.kms.katalon.core.webui.keyword.internal.WebUIKeywordMain.runKeyword(WebUIKeywordMain.groovy:26)
	at com.kms.katalon.core.webui.keyword.builtin.SetTextKeyword.setText(SetTextKeyword.groovy:66)
	at com.kms.katalon.core.webui.keyword.builtin.SetTextKeyword.execute(SetTextKeyword.groovy:37)
	at com.kms.katalon.core.keyword.internal.KeywordExecutor.executeKeywordForPlatform(KeywordExecutor.groovy:72)
	at com.kms.katalon.core.webui.keyword.WebUiBuiltInKeywords.setText(WebUiBuiltInKeywords.groovy:950)
	at com.kms.katalon.core.webui.keyword.WebUiBuiltInKeywords$setText$1.call(Unknown Source)
	at GoAML Report 1.run(GoAML Report 1:25)
	at com.kms.katalon.core.main.ScriptEngine.run(ScriptEngine.java:194)
	at com.kms.katalon.core.main.ScriptEngine.runScriptAsRawText(ScriptEngine.java:119)
	at com.kms.katalon.core.main.TestCaseExecutor.runScript(TestCaseExecutor.java:337)
	at com.kms.katalon.core.main.TestCaseExecutor.doExecute(TestCaseExecutor.java:328)
	at com.kms.katalon.core.main.TestCaseExecutor.processExecutionPhase(TestCaseExecutor.java:307)
	at com.kms.katalon.core.main.TestCaseExecutor.accessMainPhase(TestCaseExecutor.java:299)
	at com.kms.katalon.core.main.TestCaseExecutor.execute(TestCaseExecutor.java:233)
	at com.kms.katalon.core.main.TestSuiteExecutor.accessTestCaseMainPhase(TestSuiteExecutor.java:169)
	at com.kms.katalon.core.main.TestSuiteExecutor.accessTestSuiteMainPhase(TestSuiteExecutor.java:142)
	at com.kms.katalon.core.main.TestSuiteExecutor.execute(TestSuiteExecutor.java:91)
	at com.kms.katalon.core.main.TestCaseMain.startTestSuite(TestCaseMain.java:157)
	at com.kms.katalon.core.main.TestCaseMain$startTestSuite$0.call(Unknown Source)
	at TempTestSuite1599020994386.run(TempTestSuite1599020994386.groovy:36)
Caused by: com.kms.katalon.core.webui.exception.WebElementNotFoundException: Web element with id: 'Object Repository/All/UserName' located by 'By.xpath: //*[@id="txtUsername"]' not found
	at com.kms.katalon.core.webui.common.WebUiCommonHelper.findWebElement(WebUiCommonHelper.java:1154)
	at com.kms.katalon.core.webui.keyword.internal.WebUIAbstractKeyword.findWebElement(WebUIAbstractKeyword.groovy:27)
	at com.kms.katalon.core.webui.keyword.internal.WebUIAbstractKeyword.findWebElement(WebUIAbstractKeyword.groovy:26)
	at com.kms.katalon.core.webui.keyword.builtin.SetTextKeyword$_setText_closure1.doCall(SetTextKeyword.groovy:51)
	at com.kms.katalon.core.webui.keyword.builtin.SetTextKeyword$_setText_closure1.call(SetTextKeyword.groovy)
	at com.kms.katalon.core.webui.keyword.internal.WebUIKeywordMain.runKeyword(WebUIKeywordMain.groovy:20)
	... 19 more]]></system-err>
      </testcase>
      <testcase name="Test Cases/GoAML Report 1" time="49.086" classname="Test Cases/GoAML Report 1" status="FAILED">
         <failure type="FAILED" message="Test Cases/GoAML Report 1 FAILED.
Reason:
com.kms.katalon.core.exception.StepFailedException: Unable to set text 'anggi1' of object 'Object Repository/All/UserName'
	at com.kms.katalon.core.webui.keyword.internal.WebUIKeywordMain.stepFailed(WebUIKeywordMain.groovy:64)
	at com.kms.katalon.core.webui.keyword.internal.WebUIKeywordMain.runKeyword(WebUIKeywordMain.groovy:26)
	at com.kms.katalon.core.webui.keyword.builtin.SetTextKeyword.setText(SetTextKeyword.groovy:66)
	at com.kms.katalon.core.webui.keyword.builtin.SetTextKeyword.execute(SetTextKeyword.groovy:37)
	at com.kms.katalon.core.keyword.internal.KeywordExecutor.executeKeywordForPlatform(KeywordExecutor.groovy:72)
	at com.kms.katalon.core.webui.keyword.WebUiBuiltInKeywords.setText(WebUiBuiltInKeywords.groovy:950)
	at com.kms.katalon.core.webui.keyword.WebUiBuiltInKeywords$setText$1.call(Unknown Source)
	at GoAML Report 1.run(GoAML Report 1:25)
	at com.kms.katalon.core.main.ScriptEngine.run(ScriptEngine.java:194)
	at com.kms.katalon.core.main.ScriptEngine.runScriptAsRawText(ScriptEngine.java:119)
	at com.kms.katalon.core.main.TestCaseExecutor.runScript(TestCaseExecutor.java:337)
	at com.kms.katalon.core.main.TestCaseExecutor.doExecute(TestCaseExecutor.java:328)
	at com.kms.katalon.core.main.TestCaseExecutor.processExecutionPhase(TestCaseExecutor.java:307)
	at com.kms.katalon.core.main.TestCaseExecutor.accessMainPhase(TestCaseExecutor.java:299)
	at com.kms.katalon.core.main.TestCaseExecutor.execute(TestCaseExecutor.java:233)
	at com.kms.katalon.core.main.TestSuiteExecutor.accessTestCaseMainPhase(TestSuiteExecutor.java:169)
	at com.kms.katalon.core.main.TestSuiteExecutor.accessTestSuiteMainPhase(TestSuiteExecutor.java:142)
	at com.kms.katalon.core.main.TestSuiteExecutor.execute(TestSuiteExecutor.java:91)
	at com.kms.katalon.core.main.TestCaseMain.startTestSuite(TestCaseMain.java:157)
	at com.kms.katalon.core.main.TestCaseMain$startTestSuite$0.call(Unknown Source)
	at TempTestSuite1599020994386.run(TempTestSuite1599020994386.groovy:36)
Caused by: com.kms.katalon.core.webui.exception.WebElementNotFoundException: Web element with id: 'Object Repository/All/UserName' located by 'By.xpath: //*[@id=&quot;txtUsername&quot;]' not found
	at com.kms.katalon.core.webui.common.WebUiCommonHelper.findWebElement(WebUiCommonHelper.java:1154)
	at com.kms.katalon.core.webui.keyword.internal.WebUIAbstractKeyword.findWebElement(WebUIAbstractKeyword.groovy:27)
	at com.kms.katalon.core.webui.keyword.internal.WebUIAbstractKeyword.findWebElement(WebUIAbstractKeyword.groovy:26)
	at com.kms.katalon.core.webui.keyword.builtin.SetTextKeyword$_setText_closure1.doCall(SetTextKeyword.groovy:51)
	at com.kms.katalon.core.webui.keyword.builtin.SetTextKeyword$_setText_closure1.call(SetTextKeyword.groovy)
	at com.kms.katalon.core.webui.keyword.internal.WebUIKeywordMain.runKeyword(WebUIKeywordMain.groovy:20)
	... 19 more
"/>
         <system-out><![CDATA[2020-09-02 13:32:31 - [TEST_CASE][FAILED] - Test Cases/GoAML Report 1: Test Cases/GoAML Report 1 FAILED.
Reason:
com.kms.katalon.core.exception.StepFailedException: Unable to set text 'anggi1' of object 'Object Repository/All/UserName'
	at com.kms.katalon.core.webui.keyword.internal.WebUIKeywordMain.stepFailed(WebUIKeywordMain.groovy:64)
	at com.kms.katalon.core.webui.keyword.internal.WebUIKeywordMain.runKeyword(WebUIKeywordMain.groovy:26)
	at com.kms.katalon.core.webui.keyword.builtin.SetTextKeyword.setText(SetTextKeyword.groovy:66)
	at com.kms.katalon.core.webui.keyword.builtin.SetTextKeyword.execute(SetTextKeyword.groovy:37)
	at com.kms.katalon.core.keyword.internal.KeywordExecutor.executeKeywordForPlatform(KeywordExecutor.groovy:72)
	at com.kms.katalon.core.webui.keyword.WebUiBuiltInKeywords.setText(WebUiBuiltInKeywords.groovy:950)
	at com.kms.katalon.core.webui.keyword.WebUiBuiltInKeywords$setText$1.call(Unknown Source)
	at GoAML Report 1.run(GoAML Report 1:25)
	at com.kms.katalon.core.main.ScriptEngine.run(ScriptEngine.java:194)
	at com.kms.katalon.core.main.ScriptEngine.runScriptAsRawText(ScriptEngine.java:119)
	at com.kms.katalon.core.main.TestCaseExecutor.runScript(TestCaseExecutor.java:337)
	at com.kms.katalon.core.main.TestCaseExecutor.doExecute(TestCaseExecutor.java:328)
	at com.kms.katalon.core.main.TestCaseExecutor.processExecutionPhase(TestCaseExecutor.java:307)
	at com.kms.katalon.core.main.TestCaseExecutor.accessMainPhase(TestCaseExecutor.java:299)
	at com.kms.katalon.core.main.TestCaseExecutor.execute(TestCaseExecutor.java:233)
	at com.kms.katalon.core.main.TestSuiteExecutor.accessTestCaseMainPhase(TestSuiteExecutor.java:169)
	at com.kms.katalon.core.main.TestSuiteExecutor.accessTestSuiteMainPhase(TestSuiteExecutor.java:142)
	at com.kms.katalon.core.main.TestSuiteExecutor.execute(TestSuiteExecutor.java:91)
	at com.kms.katalon.core.main.TestCaseMain.startTestSuite(TestCaseMain.java:157)
	at com.kms.katalon.core.main.TestCaseMain$startTestSuite$0.call(Unknown Source)
	at TempTestSuite1599020994386.run(TempTestSuite1599020994386.groovy:36)
Caused by: com.kms.katalon.core.webui.exception.WebElementNotFoundException: Web element with id: 'Object Repository/All/UserName' located by 'By.xpath: //*[@id="txtUsername"]' not found
	at com.kms.katalon.core.webui.common.WebUiCommonHelper.findWebElement(WebUiCommonHelper.java:1154)
	at com.kms.katalon.core.webui.keyword.internal.WebUIAbstractKeyword.findWebElement(WebUIAbstractKeyword.groovy:27)
	at com.kms.katalon.core.webui.keyword.internal.WebUIAbstractKeyword.findWebElement(WebUIAbstractKeyword.groovy:26)
	at com.kms.katalon.core.webui.keyword.builtin.SetTextKeyword$_setText_closure1.doCall(SetTextKeyword.groovy:51)
	at com.kms.katalon.core.webui.keyword.builtin.SetTextKeyword$_setText_closure1.call(SetTextKeyword.groovy)
	at com.kms.katalon.core.webui.keyword.internal.WebUIKeywordMain.runKeyword(WebUIKeywordMain.groovy:20)
	... 19 more


2020-09-02 13:32:31 - [TEST_STEP][PASSED] - openBrowser("http://goaml.southeastasia.cloudapp.azure.com/goaml/Default.aspx"): Browser is opened with url: 'http://goaml.southeastasia.cloudapp.azure.com/goaml/Default.aspx'

2020-09-02 13:32:31 - [MESSAGE][WARNING] - A browser is already opened. Closing browser and opening a new one

2020-09-02 13:32:32 - [MESSAGE][INFO] - Starting 'Chrome' driver

2020-09-02 13:32:32 - [MESSAGE][INFO] - User set preference: ['property', '']

2020-09-02 13:32:55 - [MESSAGE][PASSED] - Browser is opened with url: 'http://goaml.southeastasia.cloudapp.azure.com/goaml/Default.aspx'

2020-09-02 13:32:55 - [TEST_STEP][PASSED] - maximizeWindow(): Current window maximized

2020-09-02 13:32:57 - [MESSAGE][PASSED] - Current window maximized

2020-09-02 13:32:57 - [TEST_STEP][FAILED] - setText(findTestObject("All/UserName"), "anggi1"): Unable to set text 'anggi1' of object 'Object Repository/All/UserName' (Root cause: com.kms.katalon.core.exception.StepFailedException: Unable to set text 'anggi1' of object 'Object Repository/All/UserName'
	at com.kms.katalon.core.webui.keyword.internal.WebUIKeywordMain.stepFailed(WebUIKeywordMain.groovy:64)
	at com.kms.katalon.core.webui.keyword.internal.WebUIKeywordMain.runKeyword(WebUIKeywordMain.groovy:26)
	at com.kms.katalon.core.webui.keyword.builtin.SetTextKeyword.setText(SetTextKeyword.groovy:66)
	at com.kms.katalon.core.webui.keyword.builtin.SetTextKeyword.execute(SetTextKeyword.groovy:37)
	at com.kms.katalon.core.keyword.internal.KeywordExecutor.executeKeywordForPlatform(KeywordExecutor.groovy:72)
	at com.kms.katalon.core.webui.keyword.WebUiBuiltInKeywords.setText(WebUiBuiltInKeywords.groovy:950)
	at com.kms.katalon.core.webui.keyword.WebUiBuiltInKeywords$setText$1.call(Unknown Source)
	at GoAML Report 1.run(GoAML Report 1:25)
	at com.kms.katalon.core.main.ScriptEngine.run(ScriptEngine.java:194)
	at com.kms.katalon.core.main.ScriptEngine.runScriptAsRawText(ScriptEngine.java:119)
	at com.kms.katalon.core.main.TestCaseExecutor.runScript(TestCaseExecutor.java:337)
	at com.kms.katalon.core.main.TestCaseExecutor.doExecute(TestCaseExecutor.java:328)
	at com.kms.katalon.core.main.TestCaseExecutor.processExecutionPhase(TestCaseExecutor.java:307)
	at com.kms.katalon.core.main.TestCaseExecutor.accessMainPhase(TestCaseExecutor.java:299)
	at com.kms.katalon.core.main.TestCaseExecutor.execute(TestCaseExecutor.java:233)
	at com.kms.katalon.core.main.TestSuiteExecutor.accessTestCaseMainPhase(TestSuiteExecutor.java:169)
	at com.kms.katalon.core.main.TestSuiteExecutor.accessTestSuiteMainPhase(TestSuiteExecutor.java:142)
	at com.kms.katalon.core.main.TestSuiteExecutor.execute(TestSuiteExecutor.java:91)
	at com.kms.katalon.core.main.TestCaseMain.startTestSuite(TestCaseMain.java:157)
	at com.kms.katalon.core.main.TestCaseMain$startTestSuite$0.call(Unknown Source)
	at TempTestSuite1599020994386.run(TempTestSuite1599020994386.groovy:36)
Caused by: com.kms.katalon.core.webui.exception.WebElementNotFoundException: Web element with id: 'Object Repository/All/UserName' located by 'By.xpath: //*[@id="txtUsername"]' not found
	at com.kms.katalon.core.webui.common.WebUiCommonHelper.findWebElement(WebUiCommonHelper.java:1154)
	at com.kms.katalon.core.webui.keyword.internal.WebUIAbstractKeyword.findWebElement(WebUIAbstractKeyword.groovy:27)
	at com.kms.katalon.core.webui.keyword.internal.WebUIAbstractKeyword.findWebElement(WebUIAbstractKeyword.groovy:26)
	at com.kms.katalon.core.webui.keyword.builtin.SetTextKeyword$_setText_closure1.doCall(SetTextKeyword.groovy:51)
	at com.kms.katalon.core.webui.keyword.builtin.SetTextKeyword$_setText_closure1.call(SetTextKeyword.groovy)
	at com.kms.katalon.core.webui.keyword.internal.WebUIKeywordMain.runKeyword(WebUIKeywordMain.groovy:20)
	at com.kms.katalon.core.webui.keyword.builtin.SetTextKeyword.setText(SetTextKeyword.groovy:66)
	at com.kms.katalon.core.webui.keyword.builtin.SetTextKeyword.execute(SetTextKeyword.groovy:37)
	at com.kms.katalon.core.keyword.internal.KeywordExecutor.executeKeywordForPlatform(KeywordExecutor.groovy:72)
	at com.kms.katalon.core.webui.keyword.WebUiBuiltInKeywords.setText(WebUiBuiltInKeywords.groovy:950)
	at com.kms.katalon.core.webui.keyword.WebUiBuiltInKeywords$setText$1.call(Unknown Source)
	at Script1590734929315.run(Script1590734929315.groovy:25)
	... 13 more
)

2020-09-02 13:33:18 - [MESSAGE][INFO] - Unable to find the element located by 'By.xpath: //*[@id="txtUsername"]'. Please recheck the objects properties to make sure the desired element is located. 

2020-09-02 13:33:18 - [MESSAGE][FAILED] - Unable to set text 'anggi1' of object 'Object Repository/All/UserName' (Root cause: com.kms.katalon.core.exception.StepFailedException: Unable to set text 'anggi1' of object 'Object Repository/All/UserName'
	at com.kms.katalon.core.webui.keyword.internal.WebUIKeywordMain.stepFailed(WebUIKeywordMain.groovy:64)
	at com.kms.katalon.core.webui.keyword.internal.WebUIKeywordMain.runKeyword(WebUIKeywordMain.groovy:26)
	at com.kms.katalon.core.webui.keyword.builtin.SetTextKeyword.setText(SetTextKeyword.groovy:66)
	at com.kms.katalon.core.webui.keyword.builtin.SetTextKeyword.execute(SetTextKeyword.groovy:37)
	at com.kms.katalon.core.keyword.internal.KeywordExecutor.executeKeywordForPlatform(KeywordExecutor.groovy:72)
	at com.kms.katalon.core.webui.keyword.WebUiBuiltInKeywords.setText(WebUiBuiltInKeywords.groovy:950)
	at com.kms.katalon.core.webui.keyword.WebUiBuiltInKeywords$setText$1.call(Unknown Source)
	at GoAML Report 1.run(GoAML Report 1:25)
	at com.kms.katalon.core.main.ScriptEngine.run(ScriptEngine.java:194)
	at com.kms.katalon.core.main.ScriptEngine.runScriptAsRawText(ScriptEngine.java:119)
	at com.kms.katalon.core.main.TestCaseExecutor.runScript(TestCaseExecutor.java:337)
	at com.kms.katalon.core.main.TestCaseExecutor.doExecute(TestCaseExecutor.java:328)
	at com.kms.katalon.core.main.TestCaseExecutor.processExecutionPhase(TestCaseExecutor.java:307)
	at com.kms.katalon.core.main.TestCaseExecutor.accessMainPhase(TestCaseExecutor.java:299)
	at com.kms.katalon.core.main.TestCaseExecutor.execute(TestCaseExecutor.java:233)
	at com.kms.katalon.core.main.TestSuiteExecutor.accessTestCaseMainPhase(TestSuiteExecutor.java:169)
	at com.kms.katalon.core.main.TestSuiteExecutor.accessTestSuiteMainPhase(TestSuiteExecutor.java:142)
	at com.kms.katalon.core.main.TestSuiteExecutor.execute(TestSuiteExecutor.java:91)
	at com.kms.katalon.core.main.TestCaseMain.startTestSuite(TestCaseMain.java:157)
	at com.kms.katalon.core.main.TestCaseMain$startTestSuite$0.call(Unknown Source)
	at TempTestSuite1599020994386.run(TempTestSuite1599020994386.groovy:36)
Caused by: com.kms.katalon.core.webui.exception.WebElementNotFoundException: Web element with id: 'Object Repository/All/UserName' located by 'By.xpath: //*[@id="txtUsername"]' not found
	at com.kms.katalon.core.webui.common.WebUiCommonHelper.findWebElement(WebUiCommonHelper.java:1154)
	at com.kms.katalon.core.webui.keyword.internal.WebUIAbstractKeyword.findWebElement(WebUIAbstractKeyword.groovy:27)
	at com.kms.katalon.core.webui.keyword.internal.WebUIAbstractKeyword.findWebElement(WebUIAbstractKeyword.groovy:26)
	at com.kms.katalon.core.webui.keyword.builtin.SetTextKeyword$_setText_closure1.doCall(SetTextKeyword.groovy:51)
	at com.kms.katalon.core.webui.keyword.builtin.SetTextKeyword$_setText_closure1.call(SetTextKeyword.groovy)
	at com.kms.katalon.core.webui.keyword.internal.WebUIKeywordMain.runKeyword(WebUIKeywordMain.groovy:20)
	at com.kms.katalon.core.webui.keyword.builtin.SetTextKeyword.setText(SetTextKeyword.groovy:66)
	at com.kms.katalon.core.webui.keyword.builtin.SetTextKeyword.execute(SetTextKeyword.groovy:37)
	at com.kms.katalon.core.keyword.internal.KeywordExecutor.executeKeywordForPlatform(KeywordExecutor.groovy:72)
	at com.kms.katalon.core.webui.keyword.WebUiBuiltInKeywords.setText(WebUiBuiltInKeywords.groovy:950)
	at com.kms.katalon.core.webui.keyword.WebUiBuiltInKeywords$setText$1.call(Unknown Source)
	at Script1590734929315.run(Script1590734929315.groovy:25)
	... 13 more
)
[[ATTACHMENT|D:\\poject\\goaml2\\Katalon\\GoAML\\Reports\\20200902_112954\\New Test Suite (1)\\20200902_112954\\1599028398235.png]]]]></system-out>
         <system-err><![CDATA[2020-09-02 13:32:31 - [TEST_CASE][FAILED] - Test Cases/GoAML Report 1: Test Cases/GoAML Report 1 FAILED.
Reason:
com.kms.katalon.core.exception.StepFailedException: Unable to set text 'anggi1' of object 'Object Repository/All/UserName'
	at com.kms.katalon.core.webui.keyword.internal.WebUIKeywordMain.stepFailed(WebUIKeywordMain.groovy:64)
	at com.kms.katalon.core.webui.keyword.internal.WebUIKeywordMain.runKeyword(WebUIKeywordMain.groovy:26)
	at com.kms.katalon.core.webui.keyword.builtin.SetTextKeyword.setText(SetTextKeyword.groovy:66)
	at com.kms.katalon.core.webui.keyword.builtin.SetTextKeyword.execute(SetTextKeyword.groovy:37)
	at com.kms.katalon.core.keyword.internal.KeywordExecutor.executeKeywordForPlatform(KeywordExecutor.groovy:72)
	at com.kms.katalon.core.webui.keyword.WebUiBuiltInKeywords.setText(WebUiBuiltInKeywords.groovy:950)
	at com.kms.katalon.core.webui.keyword.WebUiBuiltInKeywords$setText$1.call(Unknown Source)
	at GoAML Report 1.run(GoAML Report 1:25)
	at com.kms.katalon.core.main.ScriptEngine.run(ScriptEngine.java:194)
	at com.kms.katalon.core.main.ScriptEngine.runScriptAsRawText(ScriptEngine.java:119)
	at com.kms.katalon.core.main.TestCaseExecutor.runScript(TestCaseExecutor.java:337)
	at com.kms.katalon.core.main.TestCaseExecutor.doExecute(TestCaseExecutor.java:328)
	at com.kms.katalon.core.main.TestCaseExecutor.processExecutionPhase(TestCaseExecutor.java:307)
	at com.kms.katalon.core.main.TestCaseExecutor.accessMainPhase(TestCaseExecutor.java:299)
	at com.kms.katalon.core.main.TestCaseExecutor.execute(TestCaseExecutor.java:233)
	at com.kms.katalon.core.main.TestSuiteExecutor.accessTestCaseMainPhase(TestSuiteExecutor.java:169)
	at com.kms.katalon.core.main.TestSuiteExecutor.accessTestSuiteMainPhase(TestSuiteExecutor.java:142)
	at com.kms.katalon.core.main.TestSuiteExecutor.execute(TestSuiteExecutor.java:91)
	at com.kms.katalon.core.main.TestCaseMain.startTestSuite(TestCaseMain.java:157)
	at com.kms.katalon.core.main.TestCaseMain$startTestSuite$0.call(Unknown Source)
	at TempTestSuite1599020994386.run(TempTestSuite1599020994386.groovy:36)
Caused by: com.kms.katalon.core.webui.exception.WebElementNotFoundException: Web element with id: 'Object Repository/All/UserName' located by 'By.xpath: //*[@id="txtUsername"]' not found
	at com.kms.katalon.core.webui.common.WebUiCommonHelper.findWebElement(WebUiCommonHelper.java:1154)
	at com.kms.katalon.core.webui.keyword.internal.WebUIAbstractKeyword.findWebElement(WebUIAbstractKeyword.groovy:27)
	at com.kms.katalon.core.webui.keyword.internal.WebUIAbstractKeyword.findWebElement(WebUIAbstractKeyword.groovy:26)
	at com.kms.katalon.core.webui.keyword.builtin.SetTextKeyword$_setText_closure1.doCall(SetTextKeyword.groovy:51)
	at com.kms.katalon.core.webui.keyword.builtin.SetTextKeyword$_setText_closure1.call(SetTextKeyword.groovy)
	at com.kms.katalon.core.webui.keyword.internal.WebUIKeywordMain.runKeyword(WebUIKeywordMain.groovy:20)
	... 19 more]]></system-err>
      </testcase>
      <testcase name="Test Cases/GoAML Report 1" time="48.955" classname="Test Cases/GoAML Report 1" status="FAILED">
         <failure type="FAILED" message="Test Cases/GoAML Report 1 FAILED.
Reason:
com.kms.katalon.core.exception.StepFailedException: Unable to set text 'anggi1' of object 'Object Repository/All/UserName'
	at com.kms.katalon.core.webui.keyword.internal.WebUIKeywordMain.stepFailed(WebUIKeywordMain.groovy:64)
	at com.kms.katalon.core.webui.keyword.internal.WebUIKeywordMain.runKeyword(WebUIKeywordMain.groovy:26)
	at com.kms.katalon.core.webui.keyword.builtin.SetTextKeyword.setText(SetTextKeyword.groovy:66)
	at com.kms.katalon.core.webui.keyword.builtin.SetTextKeyword.execute(SetTextKeyword.groovy:37)
	at com.kms.katalon.core.keyword.internal.KeywordExecutor.executeKeywordForPlatform(KeywordExecutor.groovy:72)
	at com.kms.katalon.core.webui.keyword.WebUiBuiltInKeywords.setText(WebUiBuiltInKeywords.groovy:950)
	at com.kms.katalon.core.webui.keyword.WebUiBuiltInKeywords$setText$1.call(Unknown Source)
	at GoAML Report 1.run(GoAML Report 1:25)
	at com.kms.katalon.core.main.ScriptEngine.run(ScriptEngine.java:194)
	at com.kms.katalon.core.main.ScriptEngine.runScriptAsRawText(ScriptEngine.java:119)
	at com.kms.katalon.core.main.TestCaseExecutor.runScript(TestCaseExecutor.java:337)
	at com.kms.katalon.core.main.TestCaseExecutor.doExecute(TestCaseExecutor.java:328)
	at com.kms.katalon.core.main.TestCaseExecutor.processExecutionPhase(TestCaseExecutor.java:307)
	at com.kms.katalon.core.main.TestCaseExecutor.accessMainPhase(TestCaseExecutor.java:299)
	at com.kms.katalon.core.main.TestCaseExecutor.execute(TestCaseExecutor.java:233)
	at com.kms.katalon.core.main.TestSuiteExecutor.accessTestCaseMainPhase(TestSuiteExecutor.java:169)
	at com.kms.katalon.core.main.TestSuiteExecutor.accessTestSuiteMainPhase(TestSuiteExecutor.java:142)
	at com.kms.katalon.core.main.TestSuiteExecutor.execute(TestSuiteExecutor.java:91)
	at com.kms.katalon.core.main.TestCaseMain.startTestSuite(TestCaseMain.java:157)
	at com.kms.katalon.core.main.TestCaseMain$startTestSuite$0.call(Unknown Source)
	at TempTestSuite1599020994386.run(TempTestSuite1599020994386.groovy:36)
Caused by: com.kms.katalon.core.webui.exception.WebElementNotFoundException: Web element with id: 'Object Repository/All/UserName' located by 'By.xpath: //*[@id=&quot;txtUsername&quot;]' not found
	at com.kms.katalon.core.webui.common.WebUiCommonHelper.findWebElement(WebUiCommonHelper.java:1154)
	at com.kms.katalon.core.webui.keyword.internal.WebUIAbstractKeyword.findWebElement(WebUIAbstractKeyword.groovy:27)
	at com.kms.katalon.core.webui.keyword.internal.WebUIAbstractKeyword.findWebElement(WebUIAbstractKeyword.groovy:26)
	at com.kms.katalon.core.webui.keyword.builtin.SetTextKeyword$_setText_closure1.doCall(SetTextKeyword.groovy:51)
	at com.kms.katalon.core.webui.keyword.builtin.SetTextKeyword$_setText_closure1.call(SetTextKeyword.groovy)
	at com.kms.katalon.core.webui.keyword.internal.WebUIKeywordMain.runKeyword(WebUIKeywordMain.groovy:20)
	... 19 more
"/>
         <system-out><![CDATA[2020-09-02 13:33:20 - [TEST_CASE][FAILED] - Test Cases/GoAML Report 1: Test Cases/GoAML Report 1 FAILED.
Reason:
com.kms.katalon.core.exception.StepFailedException: Unable to set text 'anggi1' of object 'Object Repository/All/UserName'
	at com.kms.katalon.core.webui.keyword.internal.WebUIKeywordMain.stepFailed(WebUIKeywordMain.groovy:64)
	at com.kms.katalon.core.webui.keyword.internal.WebUIKeywordMain.runKeyword(WebUIKeywordMain.groovy:26)
	at com.kms.katalon.core.webui.keyword.builtin.SetTextKeyword.setText(SetTextKeyword.groovy:66)
	at com.kms.katalon.core.webui.keyword.builtin.SetTextKeyword.execute(SetTextKeyword.groovy:37)
	at com.kms.katalon.core.keyword.internal.KeywordExecutor.executeKeywordForPlatform(KeywordExecutor.groovy:72)
	at com.kms.katalon.core.webui.keyword.WebUiBuiltInKeywords.setText(WebUiBuiltInKeywords.groovy:950)
	at com.kms.katalon.core.webui.keyword.WebUiBuiltInKeywords$setText$1.call(Unknown Source)
	at GoAML Report 1.run(GoAML Report 1:25)
	at com.kms.katalon.core.main.ScriptEngine.run(ScriptEngine.java:194)
	at com.kms.katalon.core.main.ScriptEngine.runScriptAsRawText(ScriptEngine.java:119)
	at com.kms.katalon.core.main.TestCaseExecutor.runScript(TestCaseExecutor.java:337)
	at com.kms.katalon.core.main.TestCaseExecutor.doExecute(TestCaseExecutor.java:328)
	at com.kms.katalon.core.main.TestCaseExecutor.processExecutionPhase(TestCaseExecutor.java:307)
	at com.kms.katalon.core.main.TestCaseExecutor.accessMainPhase(TestCaseExecutor.java:299)
	at com.kms.katalon.core.main.TestCaseExecutor.execute(TestCaseExecutor.java:233)
	at com.kms.katalon.core.main.TestSuiteExecutor.accessTestCaseMainPhase(TestSuiteExecutor.java:169)
	at com.kms.katalon.core.main.TestSuiteExecutor.accessTestSuiteMainPhase(TestSuiteExecutor.java:142)
	at com.kms.katalon.core.main.TestSuiteExecutor.execute(TestSuiteExecutor.java:91)
	at com.kms.katalon.core.main.TestCaseMain.startTestSuite(TestCaseMain.java:157)
	at com.kms.katalon.core.main.TestCaseMain$startTestSuite$0.call(Unknown Source)
	at TempTestSuite1599020994386.run(TempTestSuite1599020994386.groovy:36)
Caused by: com.kms.katalon.core.webui.exception.WebElementNotFoundException: Web element with id: 'Object Repository/All/UserName' located by 'By.xpath: //*[@id="txtUsername"]' not found
	at com.kms.katalon.core.webui.common.WebUiCommonHelper.findWebElement(WebUiCommonHelper.java:1154)
	at com.kms.katalon.core.webui.keyword.internal.WebUIAbstractKeyword.findWebElement(WebUIAbstractKeyword.groovy:27)
	at com.kms.katalon.core.webui.keyword.internal.WebUIAbstractKeyword.findWebElement(WebUIAbstractKeyword.groovy:26)
	at com.kms.katalon.core.webui.keyword.builtin.SetTextKeyword$_setText_closure1.doCall(SetTextKeyword.groovy:51)
	at com.kms.katalon.core.webui.keyword.builtin.SetTextKeyword$_setText_closure1.call(SetTextKeyword.groovy)
	at com.kms.katalon.core.webui.keyword.internal.WebUIKeywordMain.runKeyword(WebUIKeywordMain.groovy:20)
	... 19 more


2020-09-02 13:33:20 - [TEST_STEP][PASSED] - openBrowser("http://goaml.southeastasia.cloudapp.azure.com/goaml/Default.aspx"): Browser is opened with url: 'http://goaml.southeastasia.cloudapp.azure.com/goaml/Default.aspx'

2020-09-02 13:33:20 - [MESSAGE][WARNING] - A browser is already opened. Closing browser and opening a new one

2020-09-02 13:33:21 - [MESSAGE][INFO] - Starting 'Chrome' driver

2020-09-02 13:33:21 - [MESSAGE][INFO] - User set preference: ['property', '']

2020-09-02 13:33:44 - [MESSAGE][PASSED] - Browser is opened with url: 'http://goaml.southeastasia.cloudapp.azure.com/goaml/Default.aspx'

2020-09-02 13:33:44 - [TEST_STEP][PASSED] - maximizeWindow(): Current window maximized

2020-09-02 13:33:46 - [MESSAGE][PASSED] - Current window maximized

2020-09-02 13:33:46 - [TEST_STEP][FAILED] - setText(findTestObject("All/UserName"), "anggi1"): Unable to set text 'anggi1' of object 'Object Repository/All/UserName' (Root cause: com.kms.katalon.core.exception.StepFailedException: Unable to set text 'anggi1' of object 'Object Repository/All/UserName'
	at com.kms.katalon.core.webui.keyword.internal.WebUIKeywordMain.stepFailed(WebUIKeywordMain.groovy:64)
	at com.kms.katalon.core.webui.keyword.internal.WebUIKeywordMain.runKeyword(WebUIKeywordMain.groovy:26)
	at com.kms.katalon.core.webui.keyword.builtin.SetTextKeyword.setText(SetTextKeyword.groovy:66)
	at com.kms.katalon.core.webui.keyword.builtin.SetTextKeyword.execute(SetTextKeyword.groovy:37)
	at com.kms.katalon.core.keyword.internal.KeywordExecutor.executeKeywordForPlatform(KeywordExecutor.groovy:72)
	at com.kms.katalon.core.webui.keyword.WebUiBuiltInKeywords.setText(WebUiBuiltInKeywords.groovy:950)
	at com.kms.katalon.core.webui.keyword.WebUiBuiltInKeywords$setText$1.call(Unknown Source)
	at GoAML Report 1.run(GoAML Report 1:25)
	at com.kms.katalon.core.main.ScriptEngine.run(ScriptEngine.java:194)
	at com.kms.katalon.core.main.ScriptEngine.runScriptAsRawText(ScriptEngine.java:119)
	at com.kms.katalon.core.main.TestCaseExecutor.runScript(TestCaseExecutor.java:337)
	at com.kms.katalon.core.main.TestCaseExecutor.doExecute(TestCaseExecutor.java:328)
	at com.kms.katalon.core.main.TestCaseExecutor.processExecutionPhase(TestCaseExecutor.java:307)
	at com.kms.katalon.core.main.TestCaseExecutor.accessMainPhase(TestCaseExecutor.java:299)
	at com.kms.katalon.core.main.TestCaseExecutor.execute(TestCaseExecutor.java:233)
	at com.kms.katalon.core.main.TestSuiteExecutor.accessTestCaseMainPhase(TestSuiteExecutor.java:169)
	at com.kms.katalon.core.main.TestSuiteExecutor.accessTestSuiteMainPhase(TestSuiteExecutor.java:142)
	at com.kms.katalon.core.main.TestSuiteExecutor.execute(TestSuiteExecutor.java:91)
	at com.kms.katalon.core.main.TestCaseMain.startTestSuite(TestCaseMain.java:157)
	at com.kms.katalon.core.main.TestCaseMain$startTestSuite$0.call(Unknown Source)
	at TempTestSuite1599020994386.run(TempTestSuite1599020994386.groovy:36)
Caused by: com.kms.katalon.core.webui.exception.WebElementNotFoundException: Web element with id: 'Object Repository/All/UserName' located by 'By.xpath: //*[@id="txtUsername"]' not found
	at com.kms.katalon.core.webui.common.WebUiCommonHelper.findWebElement(WebUiCommonHelper.java:1154)
	at com.kms.katalon.core.webui.keyword.internal.WebUIAbstractKeyword.findWebElement(WebUIAbstractKeyword.groovy:27)
	at com.kms.katalon.core.webui.keyword.internal.WebUIAbstractKeyword.findWebElement(WebUIAbstractKeyword.groovy:26)
	at com.kms.katalon.core.webui.keyword.builtin.SetTextKeyword$_setText_closure1.doCall(SetTextKeyword.groovy:51)
	at com.kms.katalon.core.webui.keyword.builtin.SetTextKeyword$_setText_closure1.call(SetTextKeyword.groovy)
	at com.kms.katalon.core.webui.keyword.internal.WebUIKeywordMain.runKeyword(WebUIKeywordMain.groovy:20)
	at com.kms.katalon.core.webui.keyword.builtin.SetTextKeyword.setText(SetTextKeyword.groovy:66)
	at com.kms.katalon.core.webui.keyword.builtin.SetTextKeyword.execute(SetTextKeyword.groovy:37)
	at com.kms.katalon.core.keyword.internal.KeywordExecutor.executeKeywordForPlatform(KeywordExecutor.groovy:72)
	at com.kms.katalon.core.webui.keyword.WebUiBuiltInKeywords.setText(WebUiBuiltInKeywords.groovy:950)
	at com.kms.katalon.core.webui.keyword.WebUiBuiltInKeywords$setText$1.call(Unknown Source)
	at Script1590734929315.run(Script1590734929315.groovy:25)
	... 13 more
)

2020-09-02 13:34:07 - [MESSAGE][INFO] - Unable to find the element located by 'By.xpath: //*[@id="txtUsername"]'. Please recheck the objects properties to make sure the desired element is located. 

2020-09-02 13:34:07 - [MESSAGE][FAILED] - Unable to set text 'anggi1' of object 'Object Repository/All/UserName' (Root cause: com.kms.katalon.core.exception.StepFailedException: Unable to set text 'anggi1' of object 'Object Repository/All/UserName'
	at com.kms.katalon.core.webui.keyword.internal.WebUIKeywordMain.stepFailed(WebUIKeywordMain.groovy:64)
	at com.kms.katalon.core.webui.keyword.internal.WebUIKeywordMain.runKeyword(WebUIKeywordMain.groovy:26)
	at com.kms.katalon.core.webui.keyword.builtin.SetTextKeyword.setText(SetTextKeyword.groovy:66)
	at com.kms.katalon.core.webui.keyword.builtin.SetTextKeyword.execute(SetTextKeyword.groovy:37)
	at com.kms.katalon.core.keyword.internal.KeywordExecutor.executeKeywordForPlatform(KeywordExecutor.groovy:72)
	at com.kms.katalon.core.webui.keyword.WebUiBuiltInKeywords.setText(WebUiBuiltInKeywords.groovy:950)
	at com.kms.katalon.core.webui.keyword.WebUiBuiltInKeywords$setText$1.call(Unknown Source)
	at GoAML Report 1.run(GoAML Report 1:25)
	at com.kms.katalon.core.main.ScriptEngine.run(ScriptEngine.java:194)
	at com.kms.katalon.core.main.ScriptEngine.runScriptAsRawText(ScriptEngine.java:119)
	at com.kms.katalon.core.main.TestCaseExecutor.runScript(TestCaseExecutor.java:337)
	at com.kms.katalon.core.main.TestCaseExecutor.doExecute(TestCaseExecutor.java:328)
	at com.kms.katalon.core.main.TestCaseExecutor.processExecutionPhase(TestCaseExecutor.java:307)
	at com.kms.katalon.core.main.TestCaseExecutor.accessMainPhase(TestCaseExecutor.java:299)
	at com.kms.katalon.core.main.TestCaseExecutor.execute(TestCaseExecutor.java:233)
	at com.kms.katalon.core.main.TestSuiteExecutor.accessTestCaseMainPhase(TestSuiteExecutor.java:169)
	at com.kms.katalon.core.main.TestSuiteExecutor.accessTestSuiteMainPhase(TestSuiteExecutor.java:142)
	at com.kms.katalon.core.main.TestSuiteExecutor.execute(TestSuiteExecutor.java:91)
	at com.kms.katalon.core.main.TestCaseMain.startTestSuite(TestCaseMain.java:157)
	at com.kms.katalon.core.main.TestCaseMain$startTestSuite$0.call(Unknown Source)
	at TempTestSuite1599020994386.run(TempTestSuite1599020994386.groovy:36)
Caused by: com.kms.katalon.core.webui.exception.WebElementNotFoundException: Web element with id: 'Object Repository/All/UserName' located by 'By.xpath: //*[@id="txtUsername"]' not found
	at com.kms.katalon.core.webui.common.WebUiCommonHelper.findWebElement(WebUiCommonHelper.java:1154)
	at com.kms.katalon.core.webui.keyword.internal.WebUIAbstractKeyword.findWebElement(WebUIAbstractKeyword.groovy:27)
	at com.kms.katalon.core.webui.keyword.internal.WebUIAbstractKeyword.findWebElement(WebUIAbstractKeyword.groovy:26)
	at com.kms.katalon.core.webui.keyword.builtin.SetTextKeyword$_setText_closure1.doCall(SetTextKeyword.groovy:51)
	at com.kms.katalon.core.webui.keyword.builtin.SetTextKeyword$_setText_closure1.call(SetTextKeyword.groovy)
	at com.kms.katalon.core.webui.keyword.internal.WebUIKeywordMain.runKeyword(WebUIKeywordMain.groovy:20)
	at com.kms.katalon.core.webui.keyword.builtin.SetTextKeyword.setText(SetTextKeyword.groovy:66)
	at com.kms.katalon.core.webui.keyword.builtin.SetTextKeyword.execute(SetTextKeyword.groovy:37)
	at com.kms.katalon.core.keyword.internal.KeywordExecutor.executeKeywordForPlatform(KeywordExecutor.groovy:72)
	at com.kms.katalon.core.webui.keyword.WebUiBuiltInKeywords.setText(WebUiBuiltInKeywords.groovy:950)
	at com.kms.katalon.core.webui.keyword.WebUiBuiltInKeywords$setText$1.call(Unknown Source)
	at Script1590734929315.run(Script1590734929315.groovy:25)
	... 13 more
)
[[ATTACHMENT|D:\\poject\\goaml2\\Katalon\\GoAML\\Reports\\20200902_112954\\New Test Suite (1)\\20200902_112954\\1599028447237.png]]]]></system-out>
         <system-err><![CDATA[2020-09-02 13:33:20 - [TEST_CASE][FAILED] - Test Cases/GoAML Report 1: Test Cases/GoAML Report 1 FAILED.
Reason:
com.kms.katalon.core.exception.StepFailedException: Unable to set text 'anggi1' of object 'Object Repository/All/UserName'
	at com.kms.katalon.core.webui.keyword.internal.WebUIKeywordMain.stepFailed(WebUIKeywordMain.groovy:64)
	at com.kms.katalon.core.webui.keyword.internal.WebUIKeywordMain.runKeyword(WebUIKeywordMain.groovy:26)
	at com.kms.katalon.core.webui.keyword.builtin.SetTextKeyword.setText(SetTextKeyword.groovy:66)
	at com.kms.katalon.core.webui.keyword.builtin.SetTextKeyword.execute(SetTextKeyword.groovy:37)
	at com.kms.katalon.core.keyword.internal.KeywordExecutor.executeKeywordForPlatform(KeywordExecutor.groovy:72)
	at com.kms.katalon.core.webui.keyword.WebUiBuiltInKeywords.setText(WebUiBuiltInKeywords.groovy:950)
	at com.kms.katalon.core.webui.keyword.WebUiBuiltInKeywords$setText$1.call(Unknown Source)
	at GoAML Report 1.run(GoAML Report 1:25)
	at com.kms.katalon.core.main.ScriptEngine.run(ScriptEngine.java:194)
	at com.kms.katalon.core.main.ScriptEngine.runScriptAsRawText(ScriptEngine.java:119)
	at com.kms.katalon.core.main.TestCaseExecutor.runScript(TestCaseExecutor.java:337)
	at com.kms.katalon.core.main.TestCaseExecutor.doExecute(TestCaseExecutor.java:328)
	at com.kms.katalon.core.main.TestCaseExecutor.processExecutionPhase(TestCaseExecutor.java:307)
	at com.kms.katalon.core.main.TestCaseExecutor.accessMainPhase(TestCaseExecutor.java:299)
	at com.kms.katalon.core.main.TestCaseExecutor.execute(TestCaseExecutor.java:233)
	at com.kms.katalon.core.main.TestSuiteExecutor.accessTestCaseMainPhase(TestSuiteExecutor.java:169)
	at com.kms.katalon.core.main.TestSuiteExecutor.accessTestSuiteMainPhase(TestSuiteExecutor.java:142)
	at com.kms.katalon.core.main.TestSuiteExecutor.execute(TestSuiteExecutor.java:91)
	at com.kms.katalon.core.main.TestCaseMain.startTestSuite(TestCaseMain.java:157)
	at com.kms.katalon.core.main.TestCaseMain$startTestSuite$0.call(Unknown Source)
	at TempTestSuite1599020994386.run(TempTestSuite1599020994386.groovy:36)
Caused by: com.kms.katalon.core.webui.exception.WebElementNotFoundException: Web element with id: 'Object Repository/All/UserName' located by 'By.xpath: //*[@id="txtUsername"]' not found
	at com.kms.katalon.core.webui.common.WebUiCommonHelper.findWebElement(WebUiCommonHelper.java:1154)
	at com.kms.katalon.core.webui.keyword.internal.WebUIAbstractKeyword.findWebElement(WebUIAbstractKeyword.groovy:27)
	at com.kms.katalon.core.webui.keyword.internal.WebUIAbstractKeyword.findWebElement(WebUIAbstractKeyword.groovy:26)
	at com.kms.katalon.core.webui.keyword.builtin.SetTextKeyword$_setText_closure1.doCall(SetTextKeyword.groovy:51)
	at com.kms.katalon.core.webui.keyword.builtin.SetTextKeyword$_setText_closure1.call(SetTextKeyword.groovy)
	at com.kms.katalon.core.webui.keyword.internal.WebUIKeywordMain.runKeyword(WebUIKeywordMain.groovy:20)
	... 19 more]]></system-err>
      </testcase>
      <testcase name="Test Cases/GoAML Report 1" time="49.11" classname="Test Cases/GoAML Report 1" status="FAILED">
         <failure type="FAILED" message="Test Cases/GoAML Report 1 FAILED.
Reason:
com.kms.katalon.core.exception.StepFailedException: Unable to set text 'anggi1' of object 'Object Repository/All/UserName'
	at com.kms.katalon.core.webui.keyword.internal.WebUIKeywordMain.stepFailed(WebUIKeywordMain.groovy:64)
	at com.kms.katalon.core.webui.keyword.internal.WebUIKeywordMain.runKeyword(WebUIKeywordMain.groovy:26)
	at com.kms.katalon.core.webui.keyword.builtin.SetTextKeyword.setText(SetTextKeyword.groovy:66)
	at com.kms.katalon.core.webui.keyword.builtin.SetTextKeyword.execute(SetTextKeyword.groovy:37)
	at com.kms.katalon.core.keyword.internal.KeywordExecutor.executeKeywordForPlatform(KeywordExecutor.groovy:72)
	at com.kms.katalon.core.webui.keyword.WebUiBuiltInKeywords.setText(WebUiBuiltInKeywords.groovy:950)
	at com.kms.katalon.core.webui.keyword.WebUiBuiltInKeywords$setText$1.call(Unknown Source)
	at GoAML Report 1.run(GoAML Report 1:25)
	at com.kms.katalon.core.main.ScriptEngine.run(ScriptEngine.java:194)
	at com.kms.katalon.core.main.ScriptEngine.runScriptAsRawText(ScriptEngine.java:119)
	at com.kms.katalon.core.main.TestCaseExecutor.runScript(TestCaseExecutor.java:337)
	at com.kms.katalon.core.main.TestCaseExecutor.doExecute(TestCaseExecutor.java:328)
	at com.kms.katalon.core.main.TestCaseExecutor.processExecutionPhase(TestCaseExecutor.java:307)
	at com.kms.katalon.core.main.TestCaseExecutor.accessMainPhase(TestCaseExecutor.java:299)
	at com.kms.katalon.core.main.TestCaseExecutor.execute(TestCaseExecutor.java:233)
	at com.kms.katalon.core.main.TestSuiteExecutor.accessTestCaseMainPhase(TestSuiteExecutor.java:169)
	at com.kms.katalon.core.main.TestSuiteExecutor.accessTestSuiteMainPhase(TestSuiteExecutor.java:142)
	at com.kms.katalon.core.main.TestSuiteExecutor.execute(TestSuiteExecutor.java:91)
	at com.kms.katalon.core.main.TestCaseMain.startTestSuite(TestCaseMain.java:157)
	at com.kms.katalon.core.main.TestCaseMain$startTestSuite$0.call(Unknown Source)
	at TempTestSuite1599020994386.run(TempTestSuite1599020994386.groovy:36)
Caused by: com.kms.katalon.core.webui.exception.WebElementNotFoundException: Web element with id: 'Object Repository/All/UserName' located by 'By.xpath: //*[@id=&quot;txtUsername&quot;]' not found
	at com.kms.katalon.core.webui.common.WebUiCommonHelper.findWebElement(WebUiCommonHelper.java:1154)
	at com.kms.katalon.core.webui.keyword.internal.WebUIAbstractKeyword.findWebElement(WebUIAbstractKeyword.groovy:27)
	at com.kms.katalon.core.webui.keyword.internal.WebUIAbstractKeyword.findWebElement(WebUIAbstractKeyword.groovy:26)
	at com.kms.katalon.core.webui.keyword.builtin.SetTextKeyword$_setText_closure1.doCall(SetTextKeyword.groovy:51)
	at com.kms.katalon.core.webui.keyword.builtin.SetTextKeyword$_setText_closure1.call(SetTextKeyword.groovy)
	at com.kms.katalon.core.webui.keyword.internal.WebUIKeywordMain.runKeyword(WebUIKeywordMain.groovy:20)
	... 19 more
"/>
         <system-out><![CDATA[2020-09-02 13:34:09 - [TEST_CASE][FAILED] - Test Cases/GoAML Report 1: Test Cases/GoAML Report 1 FAILED.
Reason:
com.kms.katalon.core.exception.StepFailedException: Unable to set text 'anggi1' of object 'Object Repository/All/UserName'
	at com.kms.katalon.core.webui.keyword.internal.WebUIKeywordMain.stepFailed(WebUIKeywordMain.groovy:64)
	at com.kms.katalon.core.webui.keyword.internal.WebUIKeywordMain.runKeyword(WebUIKeywordMain.groovy:26)
	at com.kms.katalon.core.webui.keyword.builtin.SetTextKeyword.setText(SetTextKeyword.groovy:66)
	at com.kms.katalon.core.webui.keyword.builtin.SetTextKeyword.execute(SetTextKeyword.groovy:37)
	at com.kms.katalon.core.keyword.internal.KeywordExecutor.executeKeywordForPlatform(KeywordExecutor.groovy:72)
	at com.kms.katalon.core.webui.keyword.WebUiBuiltInKeywords.setText(WebUiBuiltInKeywords.groovy:950)
	at com.kms.katalon.core.webui.keyword.WebUiBuiltInKeywords$setText$1.call(Unknown Source)
	at GoAML Report 1.run(GoAML Report 1:25)
	at com.kms.katalon.core.main.ScriptEngine.run(ScriptEngine.java:194)
	at com.kms.katalon.core.main.ScriptEngine.runScriptAsRawText(ScriptEngine.java:119)
	at com.kms.katalon.core.main.TestCaseExecutor.runScript(TestCaseExecutor.java:337)
	at com.kms.katalon.core.main.TestCaseExecutor.doExecute(TestCaseExecutor.java:328)
	at com.kms.katalon.core.main.TestCaseExecutor.processExecutionPhase(TestCaseExecutor.java:307)
	at com.kms.katalon.core.main.TestCaseExecutor.accessMainPhase(TestCaseExecutor.java:299)
	at com.kms.katalon.core.main.TestCaseExecutor.execute(TestCaseExecutor.java:233)
	at com.kms.katalon.core.main.TestSuiteExecutor.accessTestCaseMainPhase(TestSuiteExecutor.java:169)
	at com.kms.katalon.core.main.TestSuiteExecutor.accessTestSuiteMainPhase(TestSuiteExecutor.java:142)
	at com.kms.katalon.core.main.TestSuiteExecutor.execute(TestSuiteExecutor.java:91)
	at com.kms.katalon.core.main.TestCaseMain.startTestSuite(TestCaseMain.java:157)
	at com.kms.katalon.core.main.TestCaseMain$startTestSuite$0.call(Unknown Source)
	at TempTestSuite1599020994386.run(TempTestSuite1599020994386.groovy:36)
Caused by: com.kms.katalon.core.webui.exception.WebElementNotFoundException: Web element with id: 'Object Repository/All/UserName' located by 'By.xpath: //*[@id="txtUsername"]' not found
	at com.kms.katalon.core.webui.common.WebUiCommonHelper.findWebElement(WebUiCommonHelper.java:1154)
	at com.kms.katalon.core.webui.keyword.internal.WebUIAbstractKeyword.findWebElement(WebUIAbstractKeyword.groovy:27)
	at com.kms.katalon.core.webui.keyword.internal.WebUIAbstractKeyword.findWebElement(WebUIAbstractKeyword.groovy:26)
	at com.kms.katalon.core.webui.keyword.builtin.SetTextKeyword$_setText_closure1.doCall(SetTextKeyword.groovy:51)
	at com.kms.katalon.core.webui.keyword.builtin.SetTextKeyword$_setText_closure1.call(SetTextKeyword.groovy)
	at com.kms.katalon.core.webui.keyword.internal.WebUIKeywordMain.runKeyword(WebUIKeywordMain.groovy:20)
	... 19 more


2020-09-02 13:34:09 - [TEST_STEP][PASSED] - openBrowser("http://goaml.southeastasia.cloudapp.azure.com/goaml/Default.aspx"): Browser is opened with url: 'http://goaml.southeastasia.cloudapp.azure.com/goaml/Default.aspx'

2020-09-02 13:34:09 - [MESSAGE][WARNING] - A browser is already opened. Closing browser and opening a new one

2020-09-02 13:34:10 - [MESSAGE][INFO] - Starting 'Chrome' driver

2020-09-02 13:34:10 - [MESSAGE][INFO] - User set preference: ['property', '']

2020-09-02 13:34:33 - [MESSAGE][PASSED] - Browser is opened with url: 'http://goaml.southeastasia.cloudapp.azure.com/goaml/Default.aspx'

2020-09-02 13:34:33 - [TEST_STEP][PASSED] - maximizeWindow(): Current window maximized

2020-09-02 13:34:35 - [MESSAGE][PASSED] - Current window maximized

2020-09-02 13:34:35 - [TEST_STEP][FAILED] - setText(findTestObject("All/UserName"), "anggi1"): Unable to set text 'anggi1' of object 'Object Repository/All/UserName' (Root cause: com.kms.katalon.core.exception.StepFailedException: Unable to set text 'anggi1' of object 'Object Repository/All/UserName'
	at com.kms.katalon.core.webui.keyword.internal.WebUIKeywordMain.stepFailed(WebUIKeywordMain.groovy:64)
	at com.kms.katalon.core.webui.keyword.internal.WebUIKeywordMain.runKeyword(WebUIKeywordMain.groovy:26)
	at com.kms.katalon.core.webui.keyword.builtin.SetTextKeyword.setText(SetTextKeyword.groovy:66)
	at com.kms.katalon.core.webui.keyword.builtin.SetTextKeyword.execute(SetTextKeyword.groovy:37)
	at com.kms.katalon.core.keyword.internal.KeywordExecutor.executeKeywordForPlatform(KeywordExecutor.groovy:72)
	at com.kms.katalon.core.webui.keyword.WebUiBuiltInKeywords.setText(WebUiBuiltInKeywords.groovy:950)
	at com.kms.katalon.core.webui.keyword.WebUiBuiltInKeywords$setText$1.call(Unknown Source)
	at GoAML Report 1.run(GoAML Report 1:25)
	at com.kms.katalon.core.main.ScriptEngine.run(ScriptEngine.java:194)
	at com.kms.katalon.core.main.ScriptEngine.runScriptAsRawText(ScriptEngine.java:119)
	at com.kms.katalon.core.main.TestCaseExecutor.runScript(TestCaseExecutor.java:337)
	at com.kms.katalon.core.main.TestCaseExecutor.doExecute(TestCaseExecutor.java:328)
	at com.kms.katalon.core.main.TestCaseExecutor.processExecutionPhase(TestCaseExecutor.java:307)
	at com.kms.katalon.core.main.TestCaseExecutor.accessMainPhase(TestCaseExecutor.java:299)
	at com.kms.katalon.core.main.TestCaseExecutor.execute(TestCaseExecutor.java:233)
	at com.kms.katalon.core.main.TestSuiteExecutor.accessTestCaseMainPhase(TestSuiteExecutor.java:169)
	at com.kms.katalon.core.main.TestSuiteExecutor.accessTestSuiteMainPhase(TestSuiteExecutor.java:142)
	at com.kms.katalon.core.main.TestSuiteExecutor.execute(TestSuiteExecutor.java:91)
	at com.kms.katalon.core.main.TestCaseMain.startTestSuite(TestCaseMain.java:157)
	at com.kms.katalon.core.main.TestCaseMain$startTestSuite$0.call(Unknown Source)
	at TempTestSuite1599020994386.run(TempTestSuite1599020994386.groovy:36)
Caused by: com.kms.katalon.core.webui.exception.WebElementNotFoundException: Web element with id: 'Object Repository/All/UserName' located by 'By.xpath: //*[@id="txtUsername"]' not found
	at com.kms.katalon.core.webui.common.WebUiCommonHelper.findWebElement(WebUiCommonHelper.java:1154)
	at com.kms.katalon.core.webui.keyword.internal.WebUIAbstractKeyword.findWebElement(WebUIAbstractKeyword.groovy:27)
	at com.kms.katalon.core.webui.keyword.internal.WebUIAbstractKeyword.findWebElement(WebUIAbstractKeyword.groovy:26)
	at com.kms.katalon.core.webui.keyword.builtin.SetTextKeyword$_setText_closure1.doCall(SetTextKeyword.groovy:51)
	at com.kms.katalon.core.webui.keyword.builtin.SetTextKeyword$_setText_closure1.call(SetTextKeyword.groovy)
	at com.kms.katalon.core.webui.keyword.internal.WebUIKeywordMain.runKeyword(WebUIKeywordMain.groovy:20)
	at com.kms.katalon.core.webui.keyword.builtin.SetTextKeyword.setText(SetTextKeyword.groovy:66)
	at com.kms.katalon.core.webui.keyword.builtin.SetTextKeyword.execute(SetTextKeyword.groovy:37)
	at com.kms.katalon.core.keyword.internal.KeywordExecutor.executeKeywordForPlatform(KeywordExecutor.groovy:72)
	at com.kms.katalon.core.webui.keyword.WebUiBuiltInKeywords.setText(WebUiBuiltInKeywords.groovy:950)
	at com.kms.katalon.core.webui.keyword.WebUiBuiltInKeywords$setText$1.call(Unknown Source)
	at Script1590734929315.run(Script1590734929315.groovy:25)
	... 13 more
)

2020-09-02 13:34:56 - [MESSAGE][INFO] - Unable to find the element located by 'By.xpath: //*[@id="txtUsername"]'. Please recheck the objects properties to make sure the desired element is located. 

2020-09-02 13:34:56 - [MESSAGE][FAILED] - Unable to set text 'anggi1' of object 'Object Repository/All/UserName' (Root cause: com.kms.katalon.core.exception.StepFailedException: Unable to set text 'anggi1' of object 'Object Repository/All/UserName'
	at com.kms.katalon.core.webui.keyword.internal.WebUIKeywordMain.stepFailed(WebUIKeywordMain.groovy:64)
	at com.kms.katalon.core.webui.keyword.internal.WebUIKeywordMain.runKeyword(WebUIKeywordMain.groovy:26)
	at com.kms.katalon.core.webui.keyword.builtin.SetTextKeyword.setText(SetTextKeyword.groovy:66)
	at com.kms.katalon.core.webui.keyword.builtin.SetTextKeyword.execute(SetTextKeyword.groovy:37)
	at com.kms.katalon.core.keyword.internal.KeywordExecutor.executeKeywordForPlatform(KeywordExecutor.groovy:72)
	at com.kms.katalon.core.webui.keyword.WebUiBuiltInKeywords.setText(WebUiBuiltInKeywords.groovy:950)
	at com.kms.katalon.core.webui.keyword.WebUiBuiltInKeywords$setText$1.call(Unknown Source)
	at GoAML Report 1.run(GoAML Report 1:25)
	at com.kms.katalon.core.main.ScriptEngine.run(ScriptEngine.java:194)
	at com.kms.katalon.core.main.ScriptEngine.runScriptAsRawText(ScriptEngine.java:119)
	at com.kms.katalon.core.main.TestCaseExecutor.runScript(TestCaseExecutor.java:337)
	at com.kms.katalon.core.main.TestCaseExecutor.doExecute(TestCaseExecutor.java:328)
	at com.kms.katalon.core.main.TestCaseExecutor.processExecutionPhase(TestCaseExecutor.java:307)
	at com.kms.katalon.core.main.TestCaseExecutor.accessMainPhase(TestCaseExecutor.java:299)
	at com.kms.katalon.core.main.TestCaseExecutor.execute(TestCaseExecutor.java:233)
	at com.kms.katalon.core.main.TestSuiteExecutor.accessTestCaseMainPhase(TestSuiteExecutor.java:169)
	at com.kms.katalon.core.main.TestSuiteExecutor.accessTestSuiteMainPhase(TestSuiteExecutor.java:142)
	at com.kms.katalon.core.main.TestSuiteExecutor.execute(TestSuiteExecutor.java:91)
	at com.kms.katalon.core.main.TestCaseMain.startTestSuite(TestCaseMain.java:157)
	at com.kms.katalon.core.main.TestCaseMain$startTestSuite$0.call(Unknown Source)
	at TempTestSuite1599020994386.run(TempTestSuite1599020994386.groovy:36)
Caused by: com.kms.katalon.core.webui.exception.WebElementNotFoundException: Web element with id: 'Object Repository/All/UserName' located by 'By.xpath: //*[@id="txtUsername"]' not found
	at com.kms.katalon.core.webui.common.WebUiCommonHelper.findWebElement(WebUiCommonHelper.java:1154)
	at com.kms.katalon.core.webui.keyword.internal.WebUIAbstractKeyword.findWebElement(WebUIAbstractKeyword.groovy:27)
	at com.kms.katalon.core.webui.keyword.internal.WebUIAbstractKeyword.findWebElement(WebUIAbstractKeyword.groovy:26)
	at com.kms.katalon.core.webui.keyword.builtin.SetTextKeyword$_setText_closure1.doCall(SetTextKeyword.groovy:51)
	at com.kms.katalon.core.webui.keyword.builtin.SetTextKeyword$_setText_closure1.call(SetTextKeyword.groovy)
	at com.kms.katalon.core.webui.keyword.internal.WebUIKeywordMain.runKeyword(WebUIKeywordMain.groovy:20)
	at com.kms.katalon.core.webui.keyword.builtin.SetTextKeyword.setText(SetTextKeyword.groovy:66)
	at com.kms.katalon.core.webui.keyword.builtin.SetTextKeyword.execute(SetTextKeyword.groovy:37)
	at com.kms.katalon.core.keyword.internal.KeywordExecutor.executeKeywordForPlatform(KeywordExecutor.groovy:72)
	at com.kms.katalon.core.webui.keyword.WebUiBuiltInKeywords.setText(WebUiBuiltInKeywords.groovy:950)
	at com.kms.katalon.core.webui.keyword.WebUiBuiltInKeywords$setText$1.call(Unknown Source)
	at Script1590734929315.run(Script1590734929315.groovy:25)
	... 13 more
)
[[ATTACHMENT|D:\\poject\\goaml2\\Katalon\\GoAML\\Reports\\20200902_112954\\New Test Suite (1)\\20200902_112954\\1599028496343.png]]]]></system-out>
         <system-err><![CDATA[2020-09-02 13:34:09 - [TEST_CASE][FAILED] - Test Cases/GoAML Report 1: Test Cases/GoAML Report 1 FAILED.
Reason:
com.kms.katalon.core.exception.StepFailedException: Unable to set text 'anggi1' of object 'Object Repository/All/UserName'
	at com.kms.katalon.core.webui.keyword.internal.WebUIKeywordMain.stepFailed(WebUIKeywordMain.groovy:64)
	at com.kms.katalon.core.webui.keyword.internal.WebUIKeywordMain.runKeyword(WebUIKeywordMain.groovy:26)
	at com.kms.katalon.core.webui.keyword.builtin.SetTextKeyword.setText(SetTextKeyword.groovy:66)
	at com.kms.katalon.core.webui.keyword.builtin.SetTextKeyword.execute(SetTextKeyword.groovy:37)
	at com.kms.katalon.core.keyword.internal.KeywordExecutor.executeKeywordForPlatform(KeywordExecutor.groovy:72)
	at com.kms.katalon.core.webui.keyword.WebUiBuiltInKeywords.setText(WebUiBuiltInKeywords.groovy:950)
	at com.kms.katalon.core.webui.keyword.WebUiBuiltInKeywords$setText$1.call(Unknown Source)
	at GoAML Report 1.run(GoAML Report 1:25)
	at com.kms.katalon.core.main.ScriptEngine.run(ScriptEngine.java:194)
	at com.kms.katalon.core.main.ScriptEngine.runScriptAsRawText(ScriptEngine.java:119)
	at com.kms.katalon.core.main.TestCaseExecutor.runScript(TestCaseExecutor.java:337)
	at com.kms.katalon.core.main.TestCaseExecutor.doExecute(TestCaseExecutor.java:328)
	at com.kms.katalon.core.main.TestCaseExecutor.processExecutionPhase(TestCaseExecutor.java:307)
	at com.kms.katalon.core.main.TestCaseExecutor.accessMainPhase(TestCaseExecutor.java:299)
	at com.kms.katalon.core.main.TestCaseExecutor.execute(TestCaseExecutor.java:233)
	at com.kms.katalon.core.main.TestSuiteExecutor.accessTestCaseMainPhase(TestSuiteExecutor.java:169)
	at com.kms.katalon.core.main.TestSuiteExecutor.accessTestSuiteMainPhase(TestSuiteExecutor.java:142)
	at com.kms.katalon.core.main.TestSuiteExecutor.execute(TestSuiteExecutor.java:91)
	at com.kms.katalon.core.main.TestCaseMain.startTestSuite(TestCaseMain.java:157)
	at com.kms.katalon.core.main.TestCaseMain$startTestSuite$0.call(Unknown Source)
	at TempTestSuite1599020994386.run(TempTestSuite1599020994386.groovy:36)
Caused by: com.kms.katalon.core.webui.exception.WebElementNotFoundException: Web element with id: 'Object Repository/All/UserName' located by 'By.xpath: //*[@id="txtUsername"]' not found
	at com.kms.katalon.core.webui.common.WebUiCommonHelper.findWebElement(WebUiCommonHelper.java:1154)
	at com.kms.katalon.core.webui.keyword.internal.WebUIAbstractKeyword.findWebElement(WebUIAbstractKeyword.groovy:27)
	at com.kms.katalon.core.webui.keyword.internal.WebUIAbstractKeyword.findWebElement(WebUIAbstractKeyword.groovy:26)
	at com.kms.katalon.core.webui.keyword.builtin.SetTextKeyword$_setText_closure1.doCall(SetTextKeyword.groovy:51)
	at com.kms.katalon.core.webui.keyword.builtin.SetTextKeyword$_setText_closure1.call(SetTextKeyword.groovy)
	at com.kms.katalon.core.webui.keyword.internal.WebUIKeywordMain.runKeyword(WebUIKeywordMain.groovy:20)
	... 19 more]]></system-err>
      </testcase>
      <system-out><![CDATA[2020-09-02 11:31:59 - [TEST_SUITE][FAILED] - New Test Suite (1): Test Cases/GoAML Report 1 FAILED.
Reason:
com.kms.katalon.core.exception.StepFailedException: Call Test Case 'Test Cases/GoAML Report 3' failed
	at com.kms.katalon.core.keyword.builtin.CallTestCaseKeyword$_callTestCase_closure1.doCall(CallTestCaseKeyword.groovy:63)
	at com.kms.katalon.core.keyword.builtin.CallTestCaseKeyword$_callTestCase_closure1.call(CallTestCaseKeyword.groovy)
	at com.kms.katalon.core.keyword.internal.KeywordMain.runKeyword(KeywordMain.groovy:68)
	at com.kms.katalon.core.keyword.builtin.CallTestCaseKeyword.callTestCase(CallTestCaseKeyword.groovy:81)
	at com.kms.katalon.core.keyword.builtin.CallTestCaseKeyword.execute(CallTestCaseKeyword.groovy:44)
	at com.kms.katalon.core.keyword.internal.KeywordExecutor.executeKeywordForPlatform(KeywordExecutor.groovy:72)
	at com.kms.katalon.core.keyword.BuiltinKeywords.callTestCase(BuiltinKeywords.groovy:334)
	at GoAML Report 1.run(GoAML Report 1:47)
	at com.kms.katalon.core.main.ScriptEngine.run(ScriptEngine.java:194)
	at com.kms.katalon.core.main.ScriptEngine.runScriptAsRawText(ScriptEngine.java:119)
	at com.kms.katalon.core.main.TestCaseExecutor.runScript(TestCaseExecutor.java:337)
	at com.kms.katalon.core.main.TestCaseExecutor.doExecute(TestCaseExecutor.java:328)
	at com.kms.katalon.core.main.TestCaseExecutor.processExecutionPhase(TestCaseExecutor.java:307)
	at com.kms.katalon.core.main.TestCaseExecutor.accessMainPhase(TestCaseExecutor.java:299)
	at com.kms.katalon.core.main.TestCaseExecutor.execute(TestCaseExecutor.java:233)
	at com.kms.katalon.core.main.TestSuiteExecutor.accessTestCaseMainPhase(TestSuiteExecutor.java:169)
	at com.kms.katalon.core.main.TestSuiteExecutor.accessTestSuiteMainPhase(TestSuiteExecutor.java:142)
	at com.kms.katalon.core.main.TestSuiteExecutor.execute(TestSuiteExecutor.java:91)
	at com.kms.katalon.core.main.TestCaseMain.startTestSuite(TestCaseMain.java:157)
	at com.kms.katalon.core.main.TestCaseMain$startTestSuite$0.call(Unknown Source)
	at TempTestSuite1599020994386.run(TempTestSuite1599020994386.groovy:36)
Caused by: com.kms.katalon.core.exception.StepFailedException: Unable to set text '999' of object 'Object Repository/GoAmlReport/Nomor Transaksi'
	at com.kms.katalon.core.webui.keyword.internal.WebUIKeywordMain.stepFailed(WebUIKeywordMain.groovy:64)
	at com.kms.katalon.core.webui.keyword.internal.WebUIKeywordMain.runKeyword(WebUIKeywordMain.groovy:26)
	at com.kms.katalon.core.webui.keyword.builtin.SetTextKeyword.setText(SetTextKeyword.groovy:66)
	at com.kms.katalon.core.webui.keyword.builtin.SetTextKeyword.execute(SetTextKeyword.groovy:37)
	at com.kms.katalon.core.keyword.internal.KeywordExecutor.executeKeywordForPlatform(KeywordExecutor.groovy:72)
	at com.kms.katalon.core.webui.keyword.WebUiBuiltInKeywords.setText(WebUiBuiltInKeywords.groovy:950)
	at com.kms.katalon.core.webui.keyword.WebUiBuiltInKeywords$setText$1.call(Unknown Source)
	at GoAML Report 3.run(GoAML Report 3:27)
	at com.kms.katalon.core.main.ScriptEngine.run(ScriptEngine.java:194)
	at com.kms.katalon.core.main.ScriptEngine.runScriptAsRawText(ScriptEngine.java:119)
	at com.kms.katalon.core.main.TestCaseExecutor.runScript(TestCaseExecutor.java:337)
	at com.kms.katalon.core.main.TestCaseExecutor.doExecute(TestCaseExecutor.java:328)
	at com.kms.katalon.core.main.TestCaseExecutor.processExecutionPhase(TestCaseExecutor.java:307)
	at com.kms.katalon.core.main.TestCaseExecutor.accessMainPhase(TestCaseExecutor.java:299)
	at com.kms.katalon.core.main.TestCaseExecutor.execute(TestCaseExecutor.java:233)
	at com.kms.katalon.core.main.TestCaseMain.runTestCase(TestCaseMain.java:114)
	at com.kms.katalon.core.keyword.builtin.CallTestCaseKeyword$_callTestCase_closure1.doCall(CallTestCaseKeyword.groovy:59)
	... 20 more
Caused by: org.openqa.selenium.ElementNotInteractableException: element not interactable
  (Session info: chrome=84.0.4147.135)
Build info: version: '3.141.59', revision: 'e82be7d358', time: '2018-11-14T08:25:53'
System info: host: 'NDS-LPT-0080', ip: '192.168.43.228', os.name: 'Windows 10', os.arch: 'amd64', os.version: '10.0', java.version: '1.8.0_181'
Driver info: com.kms.katalon.selenium.driver.CChromeDriver
Capabilities {acceptInsecureCerts: false, browserName: chrome, browserVersion: 84.0.4147.135, chrome: {chromedriverVersion: 83.0.4103.39 (ccbf011cb2d2b..., userDataDir: C:\Users\user\AppData\Local...}, goog:chromeOptions: {debuggerAddress: localhost:58383}, javascriptEnabled: true, networkConnectionEnabled: false, pageLoadStrategy: normal, platform: WINDOWS, platformName: WINDOWS, proxy: Proxy(), setWindowRect: true, strictFileInteractability: false, timeouts: {implicit: 0, pageLoad: 300000, script: 30000}, unhandledPromptBehavior: dismiss and notify, webauthn:virtualAuthenticators: true}
Session ID: 976f4b0e02415cf71a8f63c499f4fcd3
	at org.openqa.selenium.remote.http.W3CHttpResponseCodec.createException(W3CHttpResponseCodec.java:187)
	at org.openqa.selenium.remote.http.W3CHttpResponseCodec.decode(W3CHttpResponseCodec.java:122)
	at org.openqa.selenium.remote.http.W3CHttpResponseCodec.decode(W3CHttpResponseCodec.java:49)
	at org.openqa.selenium.remote.HttpCommandExecutor.execute(HttpCommandExecutor.java:158)
	at org.openqa.selenium.remote.service.DriverCommandExecutor.execute(DriverCommandExecutor.java:83)
	at org.openqa.selenium.remote.RemoteWebDriver.execute(RemoteWebDriver.java:552)
	at com.kms.katalon.selenium.driver.CChromeDriver.execute(CChromeDriver.java:19)
	at org.openqa.selenium.remote.RemoteWebElement.execute(RemoteWebElement.java:285)
	at org.openqa.selenium.remote.RemoteWebElement.clear(RemoteWebElement.java:124)
	at org.openqa.selenium.support.events.EventFiringWebDriver$EventFiringWebElement.lambda$new$0(EventFiringWebDriver.java:404)
	at com.sun.proxy.$Proxy9.clear(Unknown Source)
	at org.openqa.selenium.support.events.EventFiringWebDriver$EventFiringWebElement.clear(EventFiringWebDriver.java:436)
	at com.kms.katalon.core.webui.keyword.builtin.SetTextKeyword$_setText_closure1.doCall(SetTextKeyword.groovy:53)
	at com.kms.katalon.core.webui.keyword.builtin.SetTextKeyword$_setText_closure1.call(SetTextKeyword.groovy)
	at com.kms.katalon.core.webui.keyword.internal.WebUIKeywordMain.runKeyword(WebUIKeywordMain.groovy:20)
	... 35 more]]></system-out>
      <system-err><![CDATA[2020-09-02 11:31:59 - [TEST_SUITE][FAILED] - New Test Suite (1): Test Cases/GoAML Report 1 FAILED.
Reason:
com.kms.katalon.core.exception.StepFailedException: Call Test Case 'Test Cases/GoAML Report 3' failed
	at com.kms.katalon.core.keyword.builtin.CallTestCaseKeyword$_callTestCase_closure1.doCall(CallTestCaseKeyword.groovy:63)
	at com.kms.katalon.core.keyword.builtin.CallTestCaseKeyword$_callTestCase_closure1.call(CallTestCaseKeyword.groovy)
	at com.kms.katalon.core.keyword.internal.KeywordMain.runKeyword(KeywordMain.groovy:68)
	at com.kms.katalon.core.keyword.builtin.CallTestCaseKeyword.callTestCase(CallTestCaseKeyword.groovy:81)
	at com.kms.katalon.core.keyword.builtin.CallTestCaseKeyword.execute(CallTestCaseKeyword.groovy:44)
	at com.kms.katalon.core.keyword.internal.KeywordExecutor.executeKeywordForPlatform(KeywordExecutor.groovy:72)
	at com.kms.katalon.core.keyword.BuiltinKeywords.callTestCase(BuiltinKeywords.groovy:334)
	at GoAML Report 1.run(GoAML Report 1:47)
	at com.kms.katalon.core.main.ScriptEngine.run(ScriptEngine.java:194)
	at com.kms.katalon.core.main.ScriptEngine.runScriptAsRawText(ScriptEngine.java:119)
	at com.kms.katalon.core.main.TestCaseExecutor.runScript(TestCaseExecutor.java:337)
	at com.kms.katalon.core.main.TestCaseExecutor.doExecute(TestCaseExecutor.java:328)
	at com.kms.katalon.core.main.TestCaseExecutor.processExecutionPhase(TestCaseExecutor.java:307)
	at com.kms.katalon.core.main.TestCaseExecutor.accessMainPhase(TestCaseExecutor.java:299)
	at com.kms.katalon.core.main.TestCaseExecutor.execute(TestCaseExecutor.java:233)
	at com.kms.katalon.core.main.TestSuiteExecutor.accessTestCaseMainPhase(TestSuiteExecutor.java:169)
	at com.kms.katalon.core.main.TestSuiteExecutor.accessTestSuiteMainPhase(TestSuiteExecutor.java:142)
	at com.kms.katalon.core.main.TestSuiteExecutor.execute(TestSuiteExecutor.java:91)
	at com.kms.katalon.core.main.TestCaseMain.startTestSuite(TestCaseMain.java:157)
	at com.kms.katalon.core.main.TestCaseMain$startTestSuite$0.call(Unknown Source)
	at TempTestSuite1599020994386.run(TempTestSuite1599020994386.groovy:36)
Caused by: com.kms.katalon.core.exception.StepFailedException: Unable to set text '999' of object 'Object Repository/GoAmlReport/Nomor Transaksi'
	at com.kms.katalon.core.webui.keyword.internal.WebUIKeywordMain.stepFailed(WebUIKeywordMain.groovy:64)
	at com.kms.katalon.core.webui.keyword.internal.WebUIKeywordMain.runKeyword(WebUIKeywordMain.groovy:26)
	at com.kms.katalon.core.webui.keyword.builtin.SetTextKeyword.setText(SetTextKeyword.groovy:66)
	at com.kms.katalon.core.webui.keyword.builtin.SetTextKeyword.execute(SetTextKeyword.groovy:37)
	at com.kms.katalon.core.keyword.internal.KeywordExecutor.executeKeywordForPlatform(KeywordExecutor.groovy:72)
	at com.kms.katalon.core.webui.keyword.WebUiBuiltInKeywords.setText(WebUiBuiltInKeywords.groovy:950)
	at com.kms.katalon.core.webui.keyword.WebUiBuiltInKeywords$setText$1.call(Unknown Source)
	at GoAML Report 3.run(GoAML Report 3:27)
	at com.kms.katalon.core.main.ScriptEngine.run(ScriptEngine.java:194)
	at com.kms.katalon.core.main.ScriptEngine.runScriptAsRawText(ScriptEngine.java:119)
	at com.kms.katalon.core.main.TestCaseExecutor.runScript(TestCaseExecutor.java:337)
	at com.kms.katalon.core.main.TestCaseExecutor.doExecute(TestCaseExecutor.java:328)
	at com.kms.katalon.core.main.TestCaseExecutor.processExecutionPhase(TestCaseExecutor.java:307)
	at com.kms.katalon.core.main.TestCaseExecutor.accessMainPhase(TestCaseExecutor.java:299)
	at com.kms.katalon.core.main.TestCaseExecutor.execute(TestCaseExecutor.java:233)
	at com.kms.katalon.core.main.TestCaseMain.runTestCase(TestCaseMain.java:114)
	at com.kms.katalon.core.keyword.builtin.CallTestCaseKeyword$_callTestCase_closure1.doCall(CallTestCaseKeyword.groovy:59)
	... 20 more
Caused by: org.openqa.selenium.ElementNotInteractableException: element not interactable
  (Session info: chrome=84.0.4147.135)
Build info: version: '3.141.59', revision: 'e82be7d358', time: '2018-11-14T08:25:53'
System info: host: 'NDS-LPT-0080', ip: '192.168.43.228', os.name: 'Windows 10', os.arch: 'amd64', os.version: '10.0', java.version: '1.8.0_181'
Driver info: com.kms.katalon.selenium.driver.CChromeDriver
Capabilities {acceptInsecureCerts: false, browserName: chrome, browserVersion: 84.0.4147.135, chrome: {chromedriverVersion: 83.0.4103.39 (ccbf011cb2d2b..., userDataDir: C:\Users\user\AppData\Local...}, goog:chromeOptions: {debuggerAddress: localhost:58383}, javascriptEnabled: true, networkConnectionEnabled: false, pageLoadStrategy: normal, platform: WINDOWS, platformName: WINDOWS, proxy: Proxy(), setWindowRect: true, strictFileInteractability: false, timeouts: {implicit: 0, pageLoad: 300000, script: 30000}, unhandledPromptBehavior: dismiss and notify, webauthn:virtualAuthenticators: true}
Session ID: 976f4b0e02415cf71a8f63c499f4fcd3
	at org.openqa.selenium.remote.http.W3CHttpResponseCodec.createException(W3CHttpResponseCodec.java:187)
	at org.openqa.selenium.remote.http.W3CHttpResponseCodec.decode(W3CHttpResponseCodec.java:122)
	at org.openqa.selenium.remote.http.W3CHttpResponseCodec.decode(W3CHttpResponseCodec.java:49)
	at org.openqa.selenium.remote.HttpCommandExecutor.execute(HttpCommandExecutor.java:158)
	at org.openqa.selenium.remote.service.DriverCommandExecutor.execute(DriverCommandExecutor.java:83)
	at org.openqa.selenium.remote.RemoteWebDriver.execute(RemoteWebDriver.java:552)
	at com.kms.katalon.selenium.driver.CChromeDriver.execute(CChromeDriver.java:19)
	at org.openqa.selenium.remote.RemoteWebElement.execute(RemoteWebElement.java:285)
	at org.openqa.selenium.remote.RemoteWebElement.clear(RemoteWebElement.java:124)
	at org.openqa.selenium.support.events.EventFiringWebDriver$EventFiringWebElement.lambda$new$0(EventFiringWebDriver.java:404)
	at com.sun.proxy.$Proxy9.clear(Unknown Source)
	at org.openqa.selenium.support.events.EventFiringWebDriver$EventFiringWebElement.clear(EventFiringWebDriver.java:436)
	at com.kms.katalon.core.webui.keyword.builtin.SetTextKeyword$_setText_closure1.doCall(SetTextKeyword.groovy:53)
	at com.kms.katalon.core.webui.keyword.builtin.SetTextKeyword$_setText_closure1.call(SetTextKeyword.groovy)
	at com.kms.katalon.core.webui.keyword.internal.WebUIKeywordMain.runKeyword(WebUIKeywordMain.groovy:20)
	... 35 more]]></system-err>
   </testsuite>
</testsuites>
